[2024-11-27T02:36:31.641+0000] {local_task_job_runner.py:120} INFO - ::group::Pre task execution logs
[2024-11-27T02:36:31.660+0000] {taskinstance.py:2076} INFO - Dependencies all met for dep_context=non-requeueable deps ti=<TaskInstance: amazon_recommendation_pipeline.transform_data manual__2024-11-27T02:36:24.894432+00:00 [queued]>
[2024-11-27T02:36:31.665+0000] {taskinstance.py:2076} INFO - Dependencies all met for dep_context=requeueable deps ti=<TaskInstance: amazon_recommendation_pipeline.transform_data manual__2024-11-27T02:36:24.894432+00:00 [queued]>
[2024-11-27T02:36:31.665+0000] {taskinstance.py:2306} INFO - Starting attempt 1 of 4
[2024-11-27T02:36:31.673+0000] {taskinstance.py:2330} INFO - Executing <Task(PythonOperator): transform_data> on 2024-11-27 02:36:24.894432+00:00
[2024-11-27T02:36:31.680+0000] {standard_task_runner.py:90} INFO - Running: ['***', 'tasks', 'run', 'amazon_recommendation_pipeline', 'transform_data', 'manual__2024-11-27T02:36:24.894432+00:00', '--job-id', '71', '--raw', '--subdir', 'DAGS_FOLDER/amazon_recommendation_dag.py', '--cfg-path', '/tmp/tmp42q3nn41']
[2024-11-27T02:36:31.682+0000] {standard_task_runner.py:91} INFO - Job 71: Subtask transform_data
[2024-11-27T02:36:31.682+0000] {logging_mixin.py:188} WARNING - /home/***/.local/lib/python3.12/site-packages/***/task/task_runner/standard_task_runner.py:61 DeprecationWarning: This process (pid=18476) is multi-threaded, use of fork() may lead to deadlocks in the child.
[2024-11-27T02:36:31.683+0000] {standard_task_runner.py:63} INFO - Started process 18488 to run task
[2024-11-27T02:36:31.715+0000] {task_command.py:426} INFO - Running <TaskInstance: amazon_recommendation_pipeline.transform_data manual__2024-11-27T02:36:24.894432+00:00 [running]> on host 0db19616cf8d
[2024-11-27T02:36:31.777+0000] {taskinstance.py:2648} INFO - Exporting env vars: AIRFLOW_CTX_DAG_OWNER='***' AIRFLOW_CTX_DAG_ID='amazon_recommendation_pipeline' AIRFLOW_CTX_TASK_ID='transform_data' AIRFLOW_CTX_EXECUTION_DATE='2024-11-27T02:36:24.894432+00:00' AIRFLOW_CTX_TRY_NUMBER='1' AIRFLOW_CTX_DAG_RUN_ID='manual__2024-11-27T02:36:24.894432+00:00'
[2024-11-27T02:36:31.778+0000] {taskinstance.py:430} INFO - ::endgroup::
[2024-11-27T02:36:31.778+0000] {spark_transform_task.py:27} INFO - Using RAW_DATA_PATH: /opt/***/dags/tasks/raw_data_20241127_023630.json
[2024-11-27T02:36:31.779+0000] {spark_transform_task.py:28} INFO - Using PROCESSED_DATA_PATH: /opt/***/dags/tasks
[2024-11-27T02:36:31.780+0000] {spark_transform_task.py:32} INFO - Ensured processed data path exists: /opt/***/dags/tasks
[2024-11-27T02:36:31.780+0000] {spark_transform_task.py:35} INFO - Initializing Spark session...
[2024-11-27T02:36:31.897+0000] {spark_transform_task.py:71} ERROR - An error occurred: [JAVA_GATEWAY_EXITED] Java gateway process exited before sending its port number.
[2024-11-27T02:36:31.898+0000] {taskinstance.py:441} INFO - ::group::Post task execution logs
[2024-11-27T02:36:31.898+0000] {taskinstance.py:2905} ERROR - Task failed with exception
Traceback (most recent call last):
  File "/home/airflow/.local/lib/python3.12/site-packages/airflow/models/taskinstance.py", line 465, in _execute_task
    result = _execute_callable(context=context, **execute_callable_kwargs)
             ^^^^^^^^^^^^^^^^^^^^^^^^^^^^^^^^^^^^^^^^^^^^^^^^^^^^^^^^^^^^^
  File "/home/airflow/.local/lib/python3.12/site-packages/airflow/models/taskinstance.py", line 432, in _execute_callable
    return execute_callable(context=context, **execute_callable_kwargs)
           ^^^^^^^^^^^^^^^^^^^^^^^^^^^^^^^^^^^^^^^^^^^^^^^^^^^^^^^^^^^^
  File "/home/airflow/.local/lib/python3.12/site-packages/airflow/models/baseoperator.py", line 401, in wrapper
    return func(self, *args, **kwargs)
           ^^^^^^^^^^^^^^^^^^^^^^^^^^^
  File "/home/airflow/.local/lib/python3.12/site-packages/airflow/operators/python.py", line 235, in execute
    return_value = self.execute_callable()
                   ^^^^^^^^^^^^^^^^^^^^^^^
  File "/home/airflow/.local/lib/python3.12/site-packages/airflow/operators/python.py", line 252, in execute_callable
    return self.python_callable(*self.op_args, **self.op_kwargs)
           ^^^^^^^^^^^^^^^^^^^^^^^^^^^^^^^^^^^^^^^^^^^^^^^^^^^^^
  File "/opt/airflow/dags/tasks/spark_transform_task.py", line 40, in transform_data
    .getOrCreate()
     ^^^^^^^^^^^^^
  File "/home/airflow/.local/lib/python3.12/site-packages/pyspark/sql/session.py", line 497, in getOrCreate
    sc = SparkContext.getOrCreate(sparkConf)
         ^^^^^^^^^^^^^^^^^^^^^^^^^^^^^^^^^^^
  File "/home/airflow/.local/lib/python3.12/site-packages/pyspark/context.py", line 515, in getOrCreate
    SparkContext(conf=conf or SparkConf())
  File "/home/airflow/.local/lib/python3.12/site-packages/pyspark/context.py", line 201, in __init__
    SparkContext._ensure_initialized(self, gateway=gateway, conf=conf)
  File "/home/airflow/.local/lib/python3.12/site-packages/pyspark/context.py", line 436, in _ensure_initialized
    SparkContext._gateway = gateway or launch_gateway(conf)
                                       ^^^^^^^^^^^^^^^^^^^^
  File "/home/airflow/.local/lib/python3.12/site-packages/pyspark/java_gateway.py", line 107, in launch_gateway
    raise PySparkRuntimeError(
pyspark.errors.exceptions.base.PySparkRuntimeError: [JAVA_GATEWAY_EXITED] Java gateway process exited before sending its port number.
[2024-11-27T02:36:31.906+0000] {taskinstance.py:1206} INFO - Marking task as UP_FOR_RETRY. dag_id=amazon_recommendation_pipeline, task_id=transform_data, run_id=manual__2024-11-27T02:36:24.894432+00:00, execution_date=20241127T023624, start_date=20241127T023631, end_date=20241127T023631
[2024-11-27T02:36:31.914+0000] {standard_task_runner.py:110} ERROR - Failed to execute job 71 for task transform_data ([JAVA_GATEWAY_EXITED] Java gateway process exited before sending its port number.; 18488)
[2024-11-27T02:36:31.937+0000] {local_task_job_runner.py:240} INFO - Task exited with return code 1
[2024-11-27T02:36:31.954+0000] {taskinstance.py:3503} INFO - 0 downstream tasks scheduled from follow-on schedule check
[2024-11-27T02:36:31.956+0000] {local_task_job_runner.py:222} INFO - ::endgroup::
