[2024-11-27T04:14:23.207+0000] {local_task_job_runner.py:120} INFO - ::group::Pre task execution logs
[2024-11-27T04:14:23.232+0000] {taskinstance.py:2076} INFO - Dependencies all met for dep_context=non-requeueable deps ti=<TaskInstance: amazon_recommendation_pipeline_elt.extract_data scheduled__2024-11-26T00:00:00+00:00 [queued]>
[2024-11-27T04:14:23.238+0000] {taskinstance.py:2076} INFO - Dependencies all met for dep_context=requeueable deps ti=<TaskInstance: amazon_recommendation_pipeline_elt.extract_data scheduled__2024-11-26T00:00:00+00:00 [queued]>
[2024-11-27T04:14:23.238+0000] {taskinstance.py:2306} INFO - Starting attempt 1 of 4
[2024-11-27T04:14:23.250+0000] {taskinstance.py:2330} INFO - Executing <Task(PythonOperator): extract_data> on 2024-11-26 00:00:00+00:00
[2024-11-27T04:14:23.257+0000] {standard_task_runner.py:90} INFO - Running: ['***', 'tasks', 'run', 'amazon_recommendation_pipeline_elt', 'extract_data', 'scheduled__2024-11-26T00:00:00+00:00', '--job-id', '93', '--raw', '--subdir', 'DAGS_FOLDER/amazon_recommendation_dag.py', '--cfg-path', '/tmp/tmpb_tg5f79']
[2024-11-27T04:14:23.259+0000] {standard_task_runner.py:91} INFO - Job 93: Subtask extract_data
[2024-11-27T04:14:23.260+0000] {logging_mixin.py:188} WARNING - /home/***/.local/lib/python3.12/site-packages/***/task/task_runner/standard_task_runner.py:61 DeprecationWarning: This process (pid=9105) is multi-threaded, use of fork() may lead to deadlocks in the child.
[2024-11-27T04:14:23.261+0000] {standard_task_runner.py:63} INFO - Started process 9115 to run task
[2024-11-27T04:14:23.298+0000] {task_command.py:426} INFO - Running <TaskInstance: amazon_recommendation_pipeline_elt.extract_data scheduled__2024-11-26T00:00:00+00:00 [running]> on host bece637e0b85
[2024-11-27T04:14:23.361+0000] {taskinstance.py:2648} INFO - Exporting env vars: AIRFLOW_CTX_DAG_OWNER='***' AIRFLOW_CTX_DAG_ID='amazon_recommendation_pipeline_elt' AIRFLOW_CTX_TASK_ID='extract_data' AIRFLOW_CTX_EXECUTION_DATE='2024-11-26T00:00:00+00:00' AIRFLOW_CTX_TRY_NUMBER='1' AIRFLOW_CTX_DAG_RUN_ID='scheduled__2024-11-26T00:00:00+00:00'
[2024-11-27T04:14:23.362+0000] {taskinstance.py:430} INFO - ::endgroup::
[2024-11-27T04:14:23.364+0000] {scraper_task.py:25} INFO - Attempt 1: Fetching URL https://www.amazon.com/s?k=laptops
[2024-11-27T04:14:27.328+0000] {scraper_task.py:92} INFO - Scraped 28 products. Data saved to /opt/***/dags/tasks/raw_data_20241127_041427.json.
[2024-11-27T04:14:27.329+0000] {python.py:237} INFO - Done. Returned value was: /opt/***/dags/tasks/raw_data_20241127_041427.json
[2024-11-27T04:14:27.331+0000] {taskinstance.py:441} INFO - ::group::Post task execution logs
[2024-11-27T04:14:27.348+0000] {taskinstance.py:1206} INFO - Marking task as SUCCESS. dag_id=amazon_recommendation_pipeline_elt, task_id=extract_data, run_id=scheduled__2024-11-26T00:00:00+00:00, execution_date=20241126T000000, start_date=20241127T041423, end_date=20241127T041427
[2024-11-27T04:14:27.407+0000] {local_task_job_runner.py:240} INFO - Task exited with return code 0
[2024-11-27T04:14:27.426+0000] {taskinstance.py:3503} INFO - 1 downstream tasks scheduled from follow-on schedule check
[2024-11-27T04:14:27.428+0000] {local_task_job_runner.py:222} INFO - ::endgroup::
