[2024-11-26T09:50:42.809+0000] {local_task_job_runner.py:120} INFO - ::group::Pre task execution logs
[2024-11-26T09:50:42.847+0000] {taskinstance.py:2076} INFO - Dependencies all met for dep_context=non-requeueable deps ti=<TaskInstance: amazon_pipeline.extract_data manual__2024-11-26T09:50:35.158583+00:00 [queued]>
[2024-11-26T09:50:42.855+0000] {taskinstance.py:2076} INFO - Dependencies all met for dep_context=requeueable deps ti=<TaskInstance: amazon_pipeline.extract_data manual__2024-11-26T09:50:35.158583+00:00 [queued]>
[2024-11-26T09:50:42.855+0000] {taskinstance.py:2306} INFO - Starting attempt 1 of 4
[2024-11-26T09:50:42.866+0000] {taskinstance.py:2330} INFO - Executing <Task(PythonOperator): extract_data> on 2024-11-26 09:50:35.158583+00:00
[2024-11-26T09:50:42.881+0000] {standard_task_runner.py:90} INFO - Running: ['***', 'tasks', 'run', 'amazon_pipeline', 'extract_data', 'manual__2024-11-26T09:50:35.158583+00:00', '--job-id', '50', '--raw', '--subdir', 'DAGS_FOLDER/amazon_pipeline_dag.py', '--cfg-path', '/tmp/tmpu6dozfu4']
[2024-11-26T09:50:42.882+0000] {standard_task_runner.py:91} INFO - Job 50: Subtask extract_data
[2024-11-26T09:50:42.883+0000] {logging_mixin.py:188} WARNING - /home/***/.local/lib/python3.12/site-packages/***/task/task_runner/standard_task_runner.py:61 DeprecationWarning: This process (pid=24853) is multi-threaded, use of fork() may lead to deadlocks in the child.
[2024-11-26T09:50:42.883+0000] {standard_task_runner.py:63} INFO - Started process 24959 to run task
[2024-11-26T09:50:42.925+0000] {task_command.py:426} INFO - Running <TaskInstance: amazon_pipeline.extract_data manual__2024-11-26T09:50:35.158583+00:00 [running]> on host d62e07581dba
[2024-11-26T09:50:43.001+0000] {taskinstance.py:2648} INFO - Exporting env vars: AIRFLOW_CTX_DAG_OWNER='***' AIRFLOW_CTX_DAG_ID='amazon_pipeline' AIRFLOW_CTX_TASK_ID='extract_data' AIRFLOW_CTX_EXECUTION_DATE='2024-11-26T09:50:35.158583+00:00' AIRFLOW_CTX_TRY_NUMBER='1' AIRFLOW_CTX_DAG_RUN_ID='manual__2024-11-26T09:50:35.158583+00:00'
[2024-11-26T09:50:43.004+0000] {taskinstance.py:430} INFO - ::endgroup::
[2024-11-26T09:50:43.005+0000] {scraper_task.py:43} INFO - Attempt 1: Fetching URL https://www.amazon.com/s?k=laptops
[2024-11-26T09:50:46.301+0000] {scraper_task.py:87} INFO - Scraped 23 products. Data saved to ./data/raw/raw_data_20241126_095046.json.
[2024-11-26T09:50:46.303+0000] {python.py:237} INFO - Done. Returned value was: ./data/raw/raw_data_20241126_095046.json
[2024-11-26T09:50:46.303+0000] {taskinstance.py:441} INFO - ::group::Post task execution logs
[2024-11-26T09:50:46.320+0000] {taskinstance.py:1206} INFO - Marking task as SUCCESS. dag_id=amazon_pipeline, task_id=extract_data, run_id=manual__2024-11-26T09:50:35.158583+00:00, execution_date=20241126T095035, start_date=20241126T095042, end_date=20241126T095046
[2024-11-26T09:50:46.346+0000] {local_task_job_runner.py:240} INFO - Task exited with return code 0
[2024-11-26T09:50:46.360+0000] {taskinstance.py:3503} INFO - 1 downstream tasks scheduled from follow-on schedule check
[2024-11-26T09:50:46.362+0000] {local_task_job_runner.py:222} INFO - ::endgroup::
