[2024-11-27T04:26:12.614+0000] {local_task_job_runner.py:120} INFO - ::group::Pre task execution logs
[2024-11-27T04:26:12.635+0000] {taskinstance.py:2076} INFO - Dependencies all met for dep_context=non-requeueable deps ti=<TaskInstance: amazon_recommendation_pipeline_elt.load_data manual__2024-11-27T04:26:07.113321+00:00 [queued]>
[2024-11-27T04:26:12.640+0000] {taskinstance.py:2076} INFO - Dependencies all met for dep_context=requeueable deps ti=<TaskInstance: amazon_recommendation_pipeline_elt.load_data manual__2024-11-27T04:26:07.113321+00:00 [queued]>
[2024-11-27T04:26:12.641+0000] {taskinstance.py:2306} INFO - Starting attempt 1 of 4
[2024-11-27T04:26:12.649+0000] {taskinstance.py:2330} INFO - Executing <Task(PythonOperator): load_data> on 2024-11-27 04:26:07.113321+00:00
[2024-11-27T04:26:12.657+0000] {standard_task_runner.py:90} INFO - Running: ['***', 'tasks', 'run', 'amazon_recommendation_pipeline_elt', 'load_data', 'manual__2024-11-27T04:26:07.113321+00:00', '--job-id', '112', '--raw', '--subdir', 'DAGS_FOLDER/amazon_recommendation_dag.py', '--cfg-path', '/tmp/tmpsqe78_zj']
[2024-11-27T04:26:12.658+0000] {logging_mixin.py:188} WARNING - /home/***/.local/lib/python3.12/site-packages/***/task/task_runner/standard_task_runner.py:61 DeprecationWarning: This process (pid=15769) is multi-threaded, use of fork() may lead to deadlocks in the child.
[2024-11-27T04:26:12.659+0000] {standard_task_runner.py:91} INFO - Job 112: Subtask load_data
[2024-11-27T04:26:12.659+0000] {standard_task_runner.py:63} INFO - Started process 15783 to run task
[2024-11-27T04:26:12.689+0000] {task_command.py:426} INFO - Running <TaskInstance: amazon_recommendation_pipeline_elt.load_data manual__2024-11-27T04:26:07.113321+00:00 [running]> on host bece637e0b85
[2024-11-27T04:26:12.752+0000] {taskinstance.py:2648} INFO - Exporting env vars: AIRFLOW_CTX_DAG_OWNER='***' AIRFLOW_CTX_DAG_ID='amazon_recommendation_pipeline_elt' AIRFLOW_CTX_TASK_ID='load_data' AIRFLOW_CTX_EXECUTION_DATE='2024-11-27T04:26:07.113321+00:00' AIRFLOW_CTX_TRY_NUMBER='1' AIRFLOW_CTX_DAG_RUN_ID='manual__2024-11-27T04:26:07.113321+00:00'
[2024-11-27T04:26:12.754+0000] {taskinstance.py:430} INFO - ::endgroup::
[2024-11-27T04:26:12.755+0000] {milvus_load_task.py:24} INFO - Connecting to Milvus...
[2024-11-27T04:26:22.768+0000] {milvus_load_task.py:28} ERROR - Error connecting to Milvus: <MilvusException: (code=2, message=Fail connecting to server on localhost:19530, illegal connection params or server unavailable)>
[2024-11-27T04:26:22.769+0000] {python.py:237} INFO - Done. Returned value was: None
[2024-11-27T04:26:22.769+0000] {taskinstance.py:441} INFO - ::group::Post task execution logs
[2024-11-27T04:26:22.777+0000] {taskinstance.py:1206} INFO - Marking task as SUCCESS. dag_id=amazon_recommendation_pipeline_elt, task_id=load_data, run_id=manual__2024-11-27T04:26:07.113321+00:00, execution_date=20241127T042607, start_date=20241127T042612, end_date=20241127T042622
[2024-11-27T04:26:22.820+0000] {local_task_job_runner.py:240} INFO - Task exited with return code 0
[2024-11-27T04:26:22.834+0000] {taskinstance.py:3503} INFO - 1 downstream tasks scheduled from follow-on schedule check
[2024-11-27T04:26:22.836+0000] {local_task_job_runner.py:222} INFO - ::endgroup::
