[2024-11-26T15:49:39.722+0000] {local_task_job_runner.py:120} INFO - ::group::Pre task execution logs
[2024-11-26T15:49:39.753+0000] {taskinstance.py:2076} INFO - Dependencies all met for dep_context=non-requeueable deps ti=<TaskInstance: amazon_recommendation_pipeline.extract_data manual__2024-11-26T15:49:37.501877+00:00 [queued]>
[2024-11-26T15:49:39.760+0000] {taskinstance.py:2076} INFO - Dependencies all met for dep_context=requeueable deps ti=<TaskInstance: amazon_recommendation_pipeline.extract_data manual__2024-11-26T15:49:37.501877+00:00 [queued]>
[2024-11-26T15:49:39.760+0000] {taskinstance.py:2306} INFO - Starting attempt 1 of 4
[2024-11-26T15:49:39.771+0000] {taskinstance.py:2330} INFO - Executing <Task(PythonOperator): extract_data> on 2024-11-26 15:49:37.501877+00:00
[2024-11-26T15:49:39.788+0000] {standard_task_runner.py:90} INFO - Running: ['***', 'tasks', 'run', 'amazon_recommendation_pipeline', 'extract_data', 'manual__2024-11-26T15:49:37.501877+00:00', '--job-id', '54', '--raw', '--subdir', 'DAGS_FOLDER/amazon_recommendation_dag.py', '--cfg-path', '/tmp/tmpzt5ni5om']
[2024-11-26T15:49:39.792+0000] {standard_task_runner.py:91} INFO - Job 54: Subtask extract_data
[2024-11-26T15:49:39.795+0000] {logging_mixin.py:188} WARNING - /home/***/.local/lib/python3.12/site-packages/***/task/task_runner/standard_task_runner.py:61 DeprecationWarning: This process (pid=7689) is multi-threaded, use of fork() may lead to deadlocks in the child.
[2024-11-26T15:49:39.796+0000] {standard_task_runner.py:63} INFO - Started process 7693 to run task
[2024-11-26T15:49:39.856+0000] {task_command.py:426} INFO - Running <TaskInstance: amazon_recommendation_pipeline.extract_data manual__2024-11-26T15:49:37.501877+00:00 [running]> on host 0db19616cf8d
[2024-11-26T15:49:39.943+0000] {taskinstance.py:2648} INFO - Exporting env vars: AIRFLOW_CTX_DAG_OWNER='***' AIRFLOW_CTX_DAG_ID='amazon_recommendation_pipeline' AIRFLOW_CTX_TASK_ID='extract_data' AIRFLOW_CTX_EXECUTION_DATE='2024-11-26T15:49:37.501877+00:00' AIRFLOW_CTX_TRY_NUMBER='1' AIRFLOW_CTX_DAG_RUN_ID='manual__2024-11-26T15:49:37.501877+00:00'
[2024-11-26T15:49:39.945+0000] {taskinstance.py:430} INFO - ::endgroup::
[2024-11-26T15:49:39.947+0000] {scraper_task.py:43} INFO - Attempt 1: Fetching URL https://www.amazon.com/s?k=laptops
[2024-11-26T15:49:46.411+0000] {scraper_task.py:87} INFO - Scraped 22 products. Data saved to ./data/raw/raw_data_20241126_154946.json.
[2024-11-26T15:49:46.415+0000] {python.py:237} INFO - Done. Returned value was: ./data/raw/raw_data_20241126_154946.json
[2024-11-26T15:49:46.416+0000] {taskinstance.py:441} INFO - ::group::Post task execution logs
[2024-11-26T15:49:46.471+0000] {taskinstance.py:1206} INFO - Marking task as SUCCESS. dag_id=amazon_recommendation_pipeline, task_id=extract_data, run_id=manual__2024-11-26T15:49:37.501877+00:00, execution_date=20241126T154937, start_date=20241126T154939, end_date=20241126T154946
[2024-11-26T15:49:46.531+0000] {local_task_job_runner.py:240} INFO - Task exited with return code 0
[2024-11-26T15:49:46.557+0000] {taskinstance.py:3503} INFO - 1 downstream tasks scheduled from follow-on schedule check
[2024-11-26T15:49:46.559+0000] {local_task_job_runner.py:222} INFO - ::endgroup::
