[2024-11-27T02:07:08.384+0000] {local_task_job_runner.py:120} INFO - ::group::Pre task execution logs
[2024-11-27T02:07:08.403+0000] {taskinstance.py:2076} INFO - Dependencies all met for dep_context=non-requeueable deps ti=<TaskInstance: amazon_recommendation_pipeline.transform_data scheduled__2024-11-26T00:00:00+00:00 [queued]>
[2024-11-27T02:07:08.408+0000] {taskinstance.py:2076} INFO - Dependencies all met for dep_context=requeueable deps ti=<TaskInstance: amazon_recommendation_pipeline.transform_data scheduled__2024-11-26T00:00:00+00:00 [queued]>
[2024-11-27T02:07:08.409+0000] {taskinstance.py:2306} INFO - Starting attempt 2 of 4
[2024-11-27T02:07:08.418+0000] {taskinstance.py:2330} INFO - Executing <Task(PythonOperator): transform_data> on 2024-11-26 00:00:00+00:00
[2024-11-27T02:07:08.425+0000] {standard_task_runner.py:90} INFO - Running: ['***', 'tasks', 'run', 'amazon_recommendation_pipeline', 'transform_data', 'scheduled__2024-11-26T00:00:00+00:00', '--job-id', '67', '--raw', '--subdir', 'DAGS_FOLDER/amazon_recommendation_dag.py', '--cfg-path', '/tmp/tmp1rq0avy_']
[2024-11-27T02:07:08.426+0000] {standard_task_runner.py:91} INFO - Job 67: Subtask transform_data
[2024-11-27T02:07:08.427+0000] {logging_mixin.py:188} WARNING - /home/***/.local/lib/python3.12/site-packages/***/task/task_runner/standard_task_runner.py:61 DeprecationWarning: This process (pid=2918) is multi-threaded, use of fork() may lead to deadlocks in the child.
[2024-11-27T02:07:08.428+0000] {standard_task_runner.py:63} INFO - Started process 2974 to run task
[2024-11-27T02:07:08.464+0000] {task_command.py:426} INFO - Running <TaskInstance: amazon_recommendation_pipeline.transform_data scheduled__2024-11-26T00:00:00+00:00 [running]> on host 0db19616cf8d
[2024-11-27T02:07:08.527+0000] {taskinstance.py:2648} INFO - Exporting env vars: AIRFLOW_CTX_DAG_OWNER='***' AIRFLOW_CTX_DAG_ID='amazon_recommendation_pipeline' AIRFLOW_CTX_TASK_ID='transform_data' AIRFLOW_CTX_EXECUTION_DATE='2024-11-26T00:00:00+00:00' AIRFLOW_CTX_TRY_NUMBER='2' AIRFLOW_CTX_DAG_RUN_ID='scheduled__2024-11-26T00:00:00+00:00'
[2024-11-27T02:07:08.529+0000] {taskinstance.py:430} INFO - ::endgroup::
[2024-11-27T02:07:08.646+0000] {taskinstance.py:441} INFO - ::group::Post task execution logs
[2024-11-27T02:07:08.647+0000] {taskinstance.py:2905} ERROR - Task failed with exception
Traceback (most recent call last):
  File "/home/airflow/.local/lib/python3.12/site-packages/airflow/models/taskinstance.py", line 465, in _execute_task
    result = _execute_callable(context=context, **execute_callable_kwargs)
             ^^^^^^^^^^^^^^^^^^^^^^^^^^^^^^^^^^^^^^^^^^^^^^^^^^^^^^^^^^^^^
  File "/home/airflow/.local/lib/python3.12/site-packages/airflow/models/taskinstance.py", line 432, in _execute_callable
    return execute_callable(context=context, **execute_callable_kwargs)
           ^^^^^^^^^^^^^^^^^^^^^^^^^^^^^^^^^^^^^^^^^^^^^^^^^^^^^^^^^^^^
  File "/home/airflow/.local/lib/python3.12/site-packages/airflow/models/baseoperator.py", line 401, in wrapper
    return func(self, *args, **kwargs)
           ^^^^^^^^^^^^^^^^^^^^^^^^^^^
  File "/home/airflow/.local/lib/python3.12/site-packages/airflow/operators/python.py", line 235, in execute
    return_value = self.execute_callable()
                   ^^^^^^^^^^^^^^^^^^^^^^^
  File "/home/airflow/.local/lib/python3.12/site-packages/airflow/operators/python.py", line 252, in execute_callable
    return self.python_callable(*self.op_args, **self.op_kwargs)
           ^^^^^^^^^^^^^^^^^^^^^^^^^^^^^^^^^^^^^^^^^^^^^^^^^^^^^
  File "/opt/airflow/dags/tasks/spark_transform_task.py", line 23, in transform_data
    spark = SparkSession.builder.appName("DataTransformation").getOrCreate()
            ^^^^^^^^^^^^^^^^^^^^^^^^^^^^^^^^^^^^^^^^^^^^^^^^^^^^^^^^^^^^^^^^
  File "/home/airflow/.local/lib/python3.12/site-packages/pyspark/sql/session.py", line 497, in getOrCreate
    sc = SparkContext.getOrCreate(sparkConf)
         ^^^^^^^^^^^^^^^^^^^^^^^^^^^^^^^^^^^
  File "/home/airflow/.local/lib/python3.12/site-packages/pyspark/context.py", line 515, in getOrCreate
    SparkContext(conf=conf or SparkConf())
  File "/home/airflow/.local/lib/python3.12/site-packages/pyspark/context.py", line 201, in __init__
    SparkContext._ensure_initialized(self, gateway=gateway, conf=conf)
  File "/home/airflow/.local/lib/python3.12/site-packages/pyspark/context.py", line 436, in _ensure_initialized
    SparkContext._gateway = gateway or launch_gateway(conf)
                                       ^^^^^^^^^^^^^^^^^^^^
  File "/home/airflow/.local/lib/python3.12/site-packages/pyspark/java_gateway.py", line 107, in launch_gateway
    raise PySparkRuntimeError(
pyspark.errors.exceptions.base.PySparkRuntimeError: [JAVA_GATEWAY_EXITED] Java gateway process exited before sending its port number.
[2024-11-27T02:07:08.655+0000] {taskinstance.py:1206} INFO - Marking task as UP_FOR_RETRY. dag_id=amazon_recommendation_pipeline, task_id=transform_data, run_id=scheduled__2024-11-26T00:00:00+00:00, execution_date=20241126T000000, start_date=20241127T020708, end_date=20241127T020708
[2024-11-27T02:07:08.664+0000] {standard_task_runner.py:110} ERROR - Failed to execute job 67 for task transform_data ([JAVA_GATEWAY_EXITED] Java gateway process exited before sending its port number.; 2974)
[2024-11-27T02:07:08.682+0000] {local_task_job_runner.py:240} INFO - Task exited with return code 1
[2024-11-27T02:07:08.700+0000] {taskinstance.py:3503} INFO - 0 downstream tasks scheduled from follow-on schedule check
[2024-11-27T02:07:08.702+0000] {local_task_job_runner.py:222} INFO - ::endgroup::
