[2024-11-27T04:14:36.095+0000] {local_task_job_runner.py:120} INFO - ::group::Pre task execution logs
[2024-11-27T04:14:36.115+0000] {taskinstance.py:2076} INFO - Dependencies all met for dep_context=non-requeueable deps ti=<TaskInstance: amazon_recommendation_pipeline_elt.load_data manual__2024-11-27T04:14:30.175252+00:00 [queued]>
[2024-11-27T04:14:36.121+0000] {taskinstance.py:2076} INFO - Dependencies all met for dep_context=requeueable deps ti=<TaskInstance: amazon_recommendation_pipeline_elt.load_data manual__2024-11-27T04:14:30.175252+00:00 [queued]>
[2024-11-27T04:14:36.122+0000] {taskinstance.py:2306} INFO - Starting attempt 1 of 4
[2024-11-27T04:14:36.131+0000] {taskinstance.py:2330} INFO - Executing <Task(PythonOperator): load_data> on 2024-11-27 04:14:30.175252+00:00
[2024-11-27T04:14:36.137+0000] {standard_task_runner.py:90} INFO - Running: ['***', 'tasks', 'run', 'amazon_recommendation_pipeline_elt', 'load_data', 'manual__2024-11-27T04:14:30.175252+00:00', '--job-id', '96', '--raw', '--subdir', 'DAGS_FOLDER/amazon_recommendation_dag.py', '--cfg-path', '/tmp/tmpfobhdtan']
[2024-11-27T04:14:36.138+0000] {standard_task_runner.py:91} INFO - Job 96: Subtask load_data
[2024-11-27T04:14:36.140+0000] {logging_mixin.py:188} WARNING - /home/***/.local/lib/python3.12/site-packages/***/task/task_runner/standard_task_runner.py:61 DeprecationWarning: This process (pid=9385) is multi-threaded, use of fork() may lead to deadlocks in the child.
[2024-11-27T04:14:36.140+0000] {standard_task_runner.py:63} INFO - Started process 9387 to run task
[2024-11-27T04:14:36.175+0000] {task_command.py:426} INFO - Running <TaskInstance: amazon_recommendation_pipeline_elt.load_data manual__2024-11-27T04:14:30.175252+00:00 [running]> on host bece637e0b85
[2024-11-27T04:14:36.244+0000] {taskinstance.py:2648} INFO - Exporting env vars: AIRFLOW_CTX_DAG_OWNER='***' AIRFLOW_CTX_DAG_ID='amazon_recommendation_pipeline_elt' AIRFLOW_CTX_TASK_ID='load_data' AIRFLOW_CTX_EXECUTION_DATE='2024-11-27T04:14:30.175252+00:00' AIRFLOW_CTX_TRY_NUMBER='1' AIRFLOW_CTX_DAG_RUN_ID='manual__2024-11-27T04:14:30.175252+00:00'
[2024-11-27T04:14:36.245+0000] {taskinstance.py:430} INFO - ::endgroup::
[2024-11-27T04:14:46.262+0000] {taskinstance.py:441} INFO - ::group::Post task execution logs
[2024-11-27T04:14:46.262+0000] {taskinstance.py:2905} ERROR - Task failed with exception
Traceback (most recent call last):
  File "/home/airflow/.local/lib/python3.12/site-packages/pymilvus/client/grpc_handler.py", line 149, in _wait_for_channel_ready
    grpc.channel_ready_future(self._channel).result(timeout=timeout)
  File "/home/airflow/.local/lib/python3.12/site-packages/grpc/_utilities.py", line 162, in result
    self._block(timeout)
  File "/home/airflow/.local/lib/python3.12/site-packages/grpc/_utilities.py", line 106, in _block
    raise grpc.FutureTimeoutError()
grpc.FutureTimeoutError

The above exception was the direct cause of the following exception:

Traceback (most recent call last):
  File "/home/airflow/.local/lib/python3.12/site-packages/airflow/models/taskinstance.py", line 465, in _execute_task
    result = _execute_callable(context=context, **execute_callable_kwargs)
             ^^^^^^^^^^^^^^^^^^^^^^^^^^^^^^^^^^^^^^^^^^^^^^^^^^^^^^^^^^^^^
  File "/home/airflow/.local/lib/python3.12/site-packages/airflow/models/taskinstance.py", line 432, in _execute_callable
    return execute_callable(context=context, **execute_callable_kwargs)
           ^^^^^^^^^^^^^^^^^^^^^^^^^^^^^^^^^^^^^^^^^^^^^^^^^^^^^^^^^^^^
  File "/home/airflow/.local/lib/python3.12/site-packages/airflow/models/baseoperator.py", line 401, in wrapper
    return func(self, *args, **kwargs)
           ^^^^^^^^^^^^^^^^^^^^^^^^^^^
  File "/home/airflow/.local/lib/python3.12/site-packages/airflow/operators/python.py", line 235, in execute
    return_value = self.execute_callable()
                   ^^^^^^^^^^^^^^^^^^^^^^^
  File "/home/airflow/.local/lib/python3.12/site-packages/airflow/operators/python.py", line 252, in execute_callable
    return self.python_callable(*self.op_args, **self.op_kwargs)
           ^^^^^^^^^^^^^^^^^^^^^^^^^^^^^^^^^^^^^^^^^^^^^^^^^^^^^
  File "/opt/airflow/dags/tasks/milvus_load_task.py", line 21, in load_to_milvus
    connections.connect(host=MILVUS_HOST, port=MILVUS_PORT)
  File "/home/airflow/.local/lib/python3.12/site-packages/pymilvus/orm/connections.py", line 451, in connect
    connect_milvus(**kwargs, user=user, password=password, token=token, db_name=db_name)
  File "/home/airflow/.local/lib/python3.12/site-packages/pymilvus/orm/connections.py", line 402, in connect_milvus
    gh._wait_for_channel_ready(timeout=timeout)
  File "/home/airflow/.local/lib/python3.12/site-packages/pymilvus/client/grpc_handler.py", line 152, in _wait_for_channel_ready
    raise MilvusException(
pymilvus.exceptions.MilvusException: <MilvusException: (code=2, message=Fail connecting to server on localhost:19530, illegal connection params or server unavailable)>
[2024-11-27T04:14:46.274+0000] {taskinstance.py:1206} INFO - Marking task as UP_FOR_RETRY. dag_id=amazon_recommendation_pipeline_elt, task_id=load_data, run_id=manual__2024-11-27T04:14:30.175252+00:00, execution_date=20241127T041430, start_date=20241127T041436, end_date=20241127T041446
[2024-11-27T04:14:46.285+0000] {standard_task_runner.py:110} ERROR - Failed to execute job 96 for task load_data (<MilvusException: (code=2, message=Fail connecting to server on localhost:19530, illegal connection params or server unavailable)>; 9387)
[2024-11-27T04:14:46.297+0000] {local_task_job_runner.py:240} INFO - Task exited with return code 1
[2024-11-27T04:14:46.315+0000] {taskinstance.py:3503} INFO - 0 downstream tasks scheduled from follow-on schedule check
[2024-11-27T04:14:46.317+0000] {local_task_job_runner.py:222} INFO - ::endgroup::
