[2024-11-18T08:34:59.233+0000] {processor.py:161} INFO - Started process (PID=387) to work on /home/airflow/.local/lib/python3.12/site-packages/airflow/example_dags/example_task_group_decorator.py
[2024-11-18T08:34:59.235+0000] {processor.py:830} INFO - Processing file /home/airflow/.local/lib/python3.12/site-packages/airflow/example_dags/example_task_group_decorator.py for tasks to queue
[2024-11-18T08:34:59.238+0000] {logging_mixin.py:188} INFO - [2024-11-18T08:34:59.237+0000] {dagbag.py:545} INFO - Filling up the DagBag from /home/airflow/.local/lib/python3.12/site-packages/airflow/example_dags/example_task_group_decorator.py
[2024-11-18T08:34:59.258+0000] {processor.py:840} INFO - DAG(s) 'example_task_group_decorator' retrieved from /home/airflow/.local/lib/python3.12/site-packages/airflow/example_dags/example_task_group_decorator.py
[2024-11-18T08:34:59.275+0000] {logging_mixin.py:188} INFO - [2024-11-18T08:34:59.275+0000] {dag.py:3096} INFO - Sync 1 DAGs
[2024-11-18T08:34:59.298+0000] {logging_mixin.py:188} INFO - [2024-11-18T08:34:59.298+0000] {dag.py:3118} INFO - Creating ORM DAG for example_task_group_decorator
[2024-11-18T08:34:59.322+0000] {logging_mixin.py:188} INFO - [2024-11-18T08:34:59.321+0000] {dag.py:3954} INFO - Setting next_dagrun for example_task_group_decorator to 2024-11-17 00:00:00+00:00, run_after=2024-11-18 00:00:00+00:00
[2024-11-18T08:34:59.377+0000] {processor.py:183} INFO - Processing /home/airflow/.local/lib/python3.12/site-packages/airflow/example_dags/example_task_group_decorator.py took 0.151 seconds
[2024-11-18T08:35:29.863+0000] {processor.py:161} INFO - Started process (PID=647) to work on /home/airflow/.local/lib/python3.12/site-packages/airflow/example_dags/example_task_group_decorator.py
[2024-11-18T08:35:29.864+0000] {processor.py:830} INFO - Processing file /home/airflow/.local/lib/python3.12/site-packages/airflow/example_dags/example_task_group_decorator.py for tasks to queue
[2024-11-18T08:35:29.866+0000] {logging_mixin.py:188} INFO - [2024-11-18T08:35:29.866+0000] {dagbag.py:545} INFO - Filling up the DagBag from /home/airflow/.local/lib/python3.12/site-packages/airflow/example_dags/example_task_group_decorator.py
[2024-11-18T08:35:29.879+0000] {processor.py:840} INFO - DAG(s) 'example_task_group_decorator' retrieved from /home/airflow/.local/lib/python3.12/site-packages/airflow/example_dags/example_task_group_decorator.py
[2024-11-18T08:35:29.982+0000] {logging_mixin.py:188} INFO - [2024-11-18T08:35:29.982+0000] {dag.py:3096} INFO - Sync 1 DAGs
[2024-11-18T08:35:30.003+0000] {logging_mixin.py:188} INFO - [2024-11-18T08:35:30.003+0000] {dag.py:3954} INFO - Setting next_dagrun for example_task_group_decorator to 2024-11-17 00:00:00+00:00, run_after=2024-11-18 00:00:00+00:00
[2024-11-18T08:35:30.034+0000] {processor.py:183} INFO - Processing /home/airflow/.local/lib/python3.12/site-packages/airflow/example_dags/example_task_group_decorator.py took 0.176 seconds
[2024-11-18T08:36:00.618+0000] {processor.py:161} INFO - Started process (PID=909) to work on /home/airflow/.local/lib/python3.12/site-packages/airflow/example_dags/example_task_group_decorator.py
[2024-11-18T08:36:00.619+0000] {processor.py:830} INFO - Processing file /home/airflow/.local/lib/python3.12/site-packages/airflow/example_dags/example_task_group_decorator.py for tasks to queue
[2024-11-18T08:36:00.621+0000] {logging_mixin.py:188} INFO - [2024-11-18T08:36:00.621+0000] {dagbag.py:545} INFO - Filling up the DagBag from /home/airflow/.local/lib/python3.12/site-packages/airflow/example_dags/example_task_group_decorator.py
[2024-11-18T08:36:00.634+0000] {processor.py:840} INFO - DAG(s) 'example_task_group_decorator' retrieved from /home/airflow/.local/lib/python3.12/site-packages/airflow/example_dags/example_task_group_decorator.py
[2024-11-18T08:36:00.659+0000] {logging_mixin.py:188} INFO - [2024-11-18T08:36:00.659+0000] {dag.py:3096} INFO - Sync 1 DAGs
[2024-11-18T08:36:00.680+0000] {logging_mixin.py:188} INFO - [2024-11-18T08:36:00.680+0000] {dag.py:3954} INFO - Setting next_dagrun for example_task_group_decorator to 2024-11-17 00:00:00+00:00, run_after=2024-11-18 00:00:00+00:00
[2024-11-18T08:36:00.701+0000] {processor.py:183} INFO - Processing /home/airflow/.local/lib/python3.12/site-packages/airflow/example_dags/example_task_group_decorator.py took 0.088 seconds
[2024-11-18T08:36:31.218+0000] {processor.py:161} INFO - Started process (PID=1173) to work on /home/airflow/.local/lib/python3.12/site-packages/airflow/example_dags/example_task_group_decorator.py
[2024-11-18T08:36:31.219+0000] {processor.py:830} INFO - Processing file /home/airflow/.local/lib/python3.12/site-packages/airflow/example_dags/example_task_group_decorator.py for tasks to queue
[2024-11-18T08:36:31.221+0000] {logging_mixin.py:188} INFO - [2024-11-18T08:36:31.220+0000] {dagbag.py:545} INFO - Filling up the DagBag from /home/airflow/.local/lib/python3.12/site-packages/airflow/example_dags/example_task_group_decorator.py
[2024-11-18T08:36:31.232+0000] {processor.py:840} INFO - DAG(s) 'example_task_group_decorator' retrieved from /home/airflow/.local/lib/python3.12/site-packages/airflow/example_dags/example_task_group_decorator.py
[2024-11-18T08:36:31.257+0000] {logging_mixin.py:188} INFO - [2024-11-18T08:36:31.256+0000] {dag.py:3096} INFO - Sync 1 DAGs
[2024-11-18T08:36:31.282+0000] {logging_mixin.py:188} INFO - [2024-11-18T08:36:31.282+0000] {dag.py:3954} INFO - Setting next_dagrun for example_task_group_decorator to 2024-11-17 00:00:00+00:00, run_after=2024-11-18 00:00:00+00:00
[2024-11-18T08:36:31.330+0000] {processor.py:183} INFO - Processing /home/airflow/.local/lib/python3.12/site-packages/airflow/example_dags/example_task_group_decorator.py took 0.118 seconds
[2024-11-18T08:37:01.371+0000] {processor.py:161} INFO - Started process (PID=1435) to work on /home/airflow/.local/lib/python3.12/site-packages/airflow/example_dags/example_task_group_decorator.py
[2024-11-18T08:37:01.372+0000] {processor.py:830} INFO - Processing file /home/airflow/.local/lib/python3.12/site-packages/airflow/example_dags/example_task_group_decorator.py for tasks to queue
[2024-11-18T08:37:01.374+0000] {logging_mixin.py:188} INFO - [2024-11-18T08:37:01.373+0000] {dagbag.py:545} INFO - Filling up the DagBag from /home/airflow/.local/lib/python3.12/site-packages/airflow/example_dags/example_task_group_decorator.py
[2024-11-18T08:37:01.385+0000] {processor.py:840} INFO - DAG(s) 'example_task_group_decorator' retrieved from /home/airflow/.local/lib/python3.12/site-packages/airflow/example_dags/example_task_group_decorator.py
[2024-11-18T08:37:01.407+0000] {logging_mixin.py:188} INFO - [2024-11-18T08:37:01.407+0000] {dag.py:3096} INFO - Sync 1 DAGs
[2024-11-18T08:37:01.426+0000] {logging_mixin.py:188} INFO - [2024-11-18T08:37:01.426+0000] {dag.py:3954} INFO - Setting next_dagrun for example_task_group_decorator to 2024-11-17 00:00:00+00:00, run_after=2024-11-18 00:00:00+00:00
[2024-11-18T08:37:01.444+0000] {processor.py:183} INFO - Processing /home/airflow/.local/lib/python3.12/site-packages/airflow/example_dags/example_task_group_decorator.py took 0.078 seconds
[2024-11-18T08:37:31.906+0000] {processor.py:161} INFO - Started process (PID=1695) to work on /home/airflow/.local/lib/python3.12/site-packages/airflow/example_dags/example_task_group_decorator.py
[2024-11-18T08:37:31.907+0000] {processor.py:830} INFO - Processing file /home/airflow/.local/lib/python3.12/site-packages/airflow/example_dags/example_task_group_decorator.py for tasks to queue
[2024-11-18T08:37:31.909+0000] {logging_mixin.py:188} INFO - [2024-11-18T08:37:31.909+0000] {dagbag.py:545} INFO - Filling up the DagBag from /home/airflow/.local/lib/python3.12/site-packages/airflow/example_dags/example_task_group_decorator.py
[2024-11-18T08:37:31.922+0000] {processor.py:840} INFO - DAG(s) 'example_task_group_decorator' retrieved from /home/airflow/.local/lib/python3.12/site-packages/airflow/example_dags/example_task_group_decorator.py
[2024-11-18T08:37:31.944+0000] {logging_mixin.py:188} INFO - [2024-11-18T08:37:31.943+0000] {dag.py:3096} INFO - Sync 1 DAGs
[2024-11-18T08:37:31.969+0000] {logging_mixin.py:188} INFO - [2024-11-18T08:37:31.968+0000] {dag.py:3954} INFO - Setting next_dagrun for example_task_group_decorator to 2024-11-17 00:00:00+00:00, run_after=2024-11-18 00:00:00+00:00
[2024-11-18T08:37:31.990+0000] {processor.py:183} INFO - Processing /home/airflow/.local/lib/python3.12/site-packages/airflow/example_dags/example_task_group_decorator.py took 0.090 seconds
[2024-11-18T08:38:02.955+0000] {processor.py:161} INFO - Started process (PID=1959) to work on /home/airflow/.local/lib/python3.12/site-packages/airflow/example_dags/example_task_group_decorator.py
[2024-11-18T08:38:02.956+0000] {processor.py:830} INFO - Processing file /home/airflow/.local/lib/python3.12/site-packages/airflow/example_dags/example_task_group_decorator.py for tasks to queue
[2024-11-18T08:38:02.958+0000] {logging_mixin.py:188} INFO - [2024-11-18T08:38:02.957+0000] {dagbag.py:545} INFO - Filling up the DagBag from /home/airflow/.local/lib/python3.12/site-packages/airflow/example_dags/example_task_group_decorator.py
[2024-11-18T08:38:02.969+0000] {processor.py:840} INFO - DAG(s) 'example_task_group_decorator' retrieved from /home/airflow/.local/lib/python3.12/site-packages/airflow/example_dags/example_task_group_decorator.py
[2024-11-18T08:38:02.994+0000] {logging_mixin.py:188} INFO - [2024-11-18T08:38:02.994+0000] {dag.py:3096} INFO - Sync 1 DAGs
[2024-11-18T08:38:03.014+0000] {logging_mixin.py:188} INFO - [2024-11-18T08:38:03.013+0000] {dag.py:3954} INFO - Setting next_dagrun for example_task_group_decorator to 2024-11-17 00:00:00+00:00, run_after=2024-11-18 00:00:00+00:00
[2024-11-18T08:38:03.042+0000] {processor.py:183} INFO - Processing /home/airflow/.local/lib/python3.12/site-packages/airflow/example_dags/example_task_group_decorator.py took 0.092 seconds
[2024-11-18T08:38:33.345+0000] {processor.py:161} INFO - Started process (PID=2219) to work on /home/airflow/.local/lib/python3.12/site-packages/airflow/example_dags/example_task_group_decorator.py
[2024-11-18T08:38:33.346+0000] {processor.py:830} INFO - Processing file /home/airflow/.local/lib/python3.12/site-packages/airflow/example_dags/example_task_group_decorator.py for tasks to queue
[2024-11-18T08:38:33.348+0000] {logging_mixin.py:188} INFO - [2024-11-18T08:38:33.347+0000] {dagbag.py:545} INFO - Filling up the DagBag from /home/airflow/.local/lib/python3.12/site-packages/airflow/example_dags/example_task_group_decorator.py
[2024-11-18T08:38:33.360+0000] {processor.py:840} INFO - DAG(s) 'example_task_group_decorator' retrieved from /home/airflow/.local/lib/python3.12/site-packages/airflow/example_dags/example_task_group_decorator.py
[2024-11-18T08:38:33.383+0000] {logging_mixin.py:188} INFO - [2024-11-18T08:38:33.383+0000] {dag.py:3096} INFO - Sync 1 DAGs
[2024-11-18T08:38:33.403+0000] {logging_mixin.py:188} INFO - [2024-11-18T08:38:33.402+0000] {dag.py:3954} INFO - Setting next_dagrun for example_task_group_decorator to 2024-11-17 00:00:00+00:00, run_after=2024-11-18 00:00:00+00:00
[2024-11-18T08:38:33.422+0000] {processor.py:183} INFO - Processing /home/airflow/.local/lib/python3.12/site-packages/airflow/example_dags/example_task_group_decorator.py took 0.082 seconds
[2024-11-18T08:39:03.513+0000] {processor.py:161} INFO - Started process (PID=2481) to work on /home/airflow/.local/lib/python3.12/site-packages/airflow/example_dags/example_task_group_decorator.py
[2024-11-18T08:39:03.514+0000] {processor.py:830} INFO - Processing file /home/airflow/.local/lib/python3.12/site-packages/airflow/example_dags/example_task_group_decorator.py for tasks to queue
[2024-11-18T08:39:03.516+0000] {logging_mixin.py:188} INFO - [2024-11-18T08:39:03.515+0000] {dagbag.py:545} INFO - Filling up the DagBag from /home/airflow/.local/lib/python3.12/site-packages/airflow/example_dags/example_task_group_decorator.py
[2024-11-18T08:39:03.527+0000] {processor.py:840} INFO - DAG(s) 'example_task_group_decorator' retrieved from /home/airflow/.local/lib/python3.12/site-packages/airflow/example_dags/example_task_group_decorator.py
[2024-11-18T08:39:03.550+0000] {logging_mixin.py:188} INFO - [2024-11-18T08:39:03.550+0000] {dag.py:3096} INFO - Sync 1 DAGs
[2024-11-18T08:39:03.569+0000] {logging_mixin.py:188} INFO - [2024-11-18T08:39:03.569+0000] {dag.py:3954} INFO - Setting next_dagrun for example_task_group_decorator to 2024-11-17 00:00:00+00:00, run_after=2024-11-18 00:00:00+00:00
[2024-11-18T08:39:03.587+0000] {processor.py:183} INFO - Processing /home/airflow/.local/lib/python3.12/site-packages/airflow/example_dags/example_task_group_decorator.py took 0.079 seconds
[2024-11-18T08:39:34.009+0000] {processor.py:161} INFO - Started process (PID=2745) to work on /home/airflow/.local/lib/python3.12/site-packages/airflow/example_dags/example_task_group_decorator.py
[2024-11-18T08:39:34.010+0000] {processor.py:830} INFO - Processing file /home/airflow/.local/lib/python3.12/site-packages/airflow/example_dags/example_task_group_decorator.py for tasks to queue
[2024-11-18T08:39:34.011+0000] {logging_mixin.py:188} INFO - [2024-11-18T08:39:34.011+0000] {dagbag.py:545} INFO - Filling up the DagBag from /home/airflow/.local/lib/python3.12/site-packages/airflow/example_dags/example_task_group_decorator.py
[2024-11-18T08:39:34.023+0000] {processor.py:840} INFO - DAG(s) 'example_task_group_decorator' retrieved from /home/airflow/.local/lib/python3.12/site-packages/airflow/example_dags/example_task_group_decorator.py
[2024-11-18T08:39:34.051+0000] {logging_mixin.py:188} INFO - [2024-11-18T08:39:34.050+0000] {dag.py:3096} INFO - Sync 1 DAGs
[2024-11-18T08:39:34.077+0000] {logging_mixin.py:188} INFO - [2024-11-18T08:39:34.076+0000] {dag.py:3954} INFO - Setting next_dagrun for example_task_group_decorator to 2024-11-17 00:00:00+00:00, run_after=2024-11-18 00:00:00+00:00
[2024-11-18T08:39:34.110+0000] {processor.py:183} INFO - Processing /home/airflow/.local/lib/python3.12/site-packages/airflow/example_dags/example_task_group_decorator.py took 0.106 seconds
[2024-11-18T08:40:04.334+0000] {processor.py:161} INFO - Started process (PID=3007) to work on /home/airflow/.local/lib/python3.12/site-packages/airflow/example_dags/example_task_group_decorator.py
[2024-11-18T08:40:04.335+0000] {processor.py:830} INFO - Processing file /home/airflow/.local/lib/python3.12/site-packages/airflow/example_dags/example_task_group_decorator.py for tasks to queue
[2024-11-18T08:40:04.336+0000] {logging_mixin.py:188} INFO - [2024-11-18T08:40:04.336+0000] {dagbag.py:545} INFO - Filling up the DagBag from /home/airflow/.local/lib/python3.12/site-packages/airflow/example_dags/example_task_group_decorator.py
[2024-11-18T08:40:04.347+0000] {processor.py:840} INFO - DAG(s) 'example_task_group_decorator' retrieved from /home/airflow/.local/lib/python3.12/site-packages/airflow/example_dags/example_task_group_decorator.py
[2024-11-18T08:40:04.372+0000] {logging_mixin.py:188} INFO - [2024-11-18T08:40:04.371+0000] {dag.py:3096} INFO - Sync 1 DAGs
[2024-11-18T08:40:04.390+0000] {logging_mixin.py:188} INFO - [2024-11-18T08:40:04.389+0000] {dag.py:3954} INFO - Setting next_dagrun for example_task_group_decorator to 2024-11-17 00:00:00+00:00, run_after=2024-11-18 00:00:00+00:00
[2024-11-18T08:40:04.417+0000] {processor.py:183} INFO - Processing /home/airflow/.local/lib/python3.12/site-packages/airflow/example_dags/example_task_group_decorator.py took 0.089 seconds
[2024-11-18T08:40:34.684+0000] {processor.py:161} INFO - Started process (PID=3269) to work on /home/airflow/.local/lib/python3.12/site-packages/airflow/example_dags/example_task_group_decorator.py
[2024-11-18T08:40:34.685+0000] {processor.py:830} INFO - Processing file /home/airflow/.local/lib/python3.12/site-packages/airflow/example_dags/example_task_group_decorator.py for tasks to queue
[2024-11-18T08:40:34.686+0000] {logging_mixin.py:188} INFO - [2024-11-18T08:40:34.686+0000] {dagbag.py:545} INFO - Filling up the DagBag from /home/airflow/.local/lib/python3.12/site-packages/airflow/example_dags/example_task_group_decorator.py
[2024-11-18T08:40:34.698+0000] {processor.py:840} INFO - DAG(s) 'example_task_group_decorator' retrieved from /home/airflow/.local/lib/python3.12/site-packages/airflow/example_dags/example_task_group_decorator.py
[2024-11-18T08:40:34.722+0000] {logging_mixin.py:188} INFO - [2024-11-18T08:40:34.721+0000] {dag.py:3096} INFO - Sync 1 DAGs
[2024-11-18T08:40:34.740+0000] {logging_mixin.py:188} INFO - [2024-11-18T08:40:34.740+0000] {dag.py:3954} INFO - Setting next_dagrun for example_task_group_decorator to 2024-11-17 00:00:00+00:00, run_after=2024-11-18 00:00:00+00:00
[2024-11-18T08:40:34.769+0000] {processor.py:183} INFO - Processing /home/airflow/.local/lib/python3.12/site-packages/airflow/example_dags/example_task_group_decorator.py took 0.091 seconds
[2024-11-18T08:41:05.157+0000] {processor.py:161} INFO - Started process (PID=3529) to work on /home/airflow/.local/lib/python3.12/site-packages/airflow/example_dags/example_task_group_decorator.py
[2024-11-18T08:41:05.158+0000] {processor.py:830} INFO - Processing file /home/airflow/.local/lib/python3.12/site-packages/airflow/example_dags/example_task_group_decorator.py for tasks to queue
[2024-11-18T08:41:05.159+0000] {logging_mixin.py:188} INFO - [2024-11-18T08:41:05.159+0000] {dagbag.py:545} INFO - Filling up the DagBag from /home/airflow/.local/lib/python3.12/site-packages/airflow/example_dags/example_task_group_decorator.py
[2024-11-18T08:41:05.171+0000] {processor.py:840} INFO - DAG(s) 'example_task_group_decorator' retrieved from /home/airflow/.local/lib/python3.12/site-packages/airflow/example_dags/example_task_group_decorator.py
[2024-11-18T08:41:05.195+0000] {logging_mixin.py:188} INFO - [2024-11-18T08:41:05.195+0000] {dag.py:3096} INFO - Sync 1 DAGs
[2024-11-18T08:41:05.214+0000] {logging_mixin.py:188} INFO - [2024-11-18T08:41:05.213+0000] {dag.py:3954} INFO - Setting next_dagrun for example_task_group_decorator to 2024-11-17 00:00:00+00:00, run_after=2024-11-18 00:00:00+00:00
[2024-11-18T08:41:05.235+0000] {processor.py:183} INFO - Processing /home/airflow/.local/lib/python3.12/site-packages/airflow/example_dags/example_task_group_decorator.py took 0.083 seconds
[2024-11-18T08:41:35.578+0000] {processor.py:161} INFO - Started process (PID=3791) to work on /home/airflow/.local/lib/python3.12/site-packages/airflow/example_dags/example_task_group_decorator.py
[2024-11-18T08:41:35.579+0000] {processor.py:830} INFO - Processing file /home/airflow/.local/lib/python3.12/site-packages/airflow/example_dags/example_task_group_decorator.py for tasks to queue
[2024-11-18T08:41:35.581+0000] {logging_mixin.py:188} INFO - [2024-11-18T08:41:35.581+0000] {dagbag.py:545} INFO - Filling up the DagBag from /home/airflow/.local/lib/python3.12/site-packages/airflow/example_dags/example_task_group_decorator.py
[2024-11-18T08:41:35.604+0000] {processor.py:840} INFO - DAG(s) 'example_task_group_decorator' retrieved from /home/airflow/.local/lib/python3.12/site-packages/airflow/example_dags/example_task_group_decorator.py
[2024-11-18T08:41:35.645+0000] {logging_mixin.py:188} INFO - [2024-11-18T08:41:35.645+0000] {dag.py:3096} INFO - Sync 1 DAGs
[2024-11-18T08:41:35.680+0000] {logging_mixin.py:188} INFO - [2024-11-18T08:41:35.679+0000] {dag.py:3954} INFO - Setting next_dagrun for example_task_group_decorator to 2024-11-17 00:00:00+00:00, run_after=2024-11-18 00:00:00+00:00
[2024-11-18T08:41:35.709+0000] {processor.py:183} INFO - Processing /home/airflow/.local/lib/python3.12/site-packages/airflow/example_dags/example_task_group_decorator.py took 0.140 seconds
[2024-11-18T08:42:06.241+0000] {processor.py:161} INFO - Started process (PID=4055) to work on /home/airflow/.local/lib/python3.12/site-packages/airflow/example_dags/example_task_group_decorator.py
[2024-11-18T08:42:06.242+0000] {processor.py:830} INFO - Processing file /home/airflow/.local/lib/python3.12/site-packages/airflow/example_dags/example_task_group_decorator.py for tasks to queue
[2024-11-18T08:42:06.243+0000] {logging_mixin.py:188} INFO - [2024-11-18T08:42:06.243+0000] {dagbag.py:545} INFO - Filling up the DagBag from /home/airflow/.local/lib/python3.12/site-packages/airflow/example_dags/example_task_group_decorator.py
[2024-11-18T08:42:06.256+0000] {processor.py:840} INFO - DAG(s) 'example_task_group_decorator' retrieved from /home/airflow/.local/lib/python3.12/site-packages/airflow/example_dags/example_task_group_decorator.py
[2024-11-18T08:42:06.281+0000] {logging_mixin.py:188} INFO - [2024-11-18T08:42:06.281+0000] {dag.py:3096} INFO - Sync 1 DAGs
[2024-11-18T08:42:06.305+0000] {logging_mixin.py:188} INFO - [2024-11-18T08:42:06.305+0000] {dag.py:3954} INFO - Setting next_dagrun for example_task_group_decorator to 2024-11-17 00:00:00+00:00, run_after=2024-11-18 00:00:00+00:00
[2024-11-18T08:42:06.325+0000] {processor.py:183} INFO - Processing /home/airflow/.local/lib/python3.12/site-packages/airflow/example_dags/example_task_group_decorator.py took 0.089 seconds
[2024-11-18T08:42:37.130+0000] {processor.py:161} INFO - Started process (PID=4315) to work on /home/airflow/.local/lib/python3.12/site-packages/airflow/example_dags/example_task_group_decorator.py
[2024-11-18T08:42:37.132+0000] {processor.py:830} INFO - Processing file /home/airflow/.local/lib/python3.12/site-packages/airflow/example_dags/example_task_group_decorator.py for tasks to queue
[2024-11-18T08:42:37.135+0000] {logging_mixin.py:188} INFO - [2024-11-18T08:42:37.134+0000] {dagbag.py:545} INFO - Filling up the DagBag from /home/airflow/.local/lib/python3.12/site-packages/airflow/example_dags/example_task_group_decorator.py
[2024-11-18T08:42:37.162+0000] {processor.py:840} INFO - DAG(s) 'example_task_group_decorator' retrieved from /home/airflow/.local/lib/python3.12/site-packages/airflow/example_dags/example_task_group_decorator.py
[2024-11-18T08:42:37.249+0000] {logging_mixin.py:188} INFO - [2024-11-18T08:42:37.249+0000] {dag.py:3096} INFO - Sync 1 DAGs
[2024-11-18T08:42:37.321+0000] {logging_mixin.py:188} INFO - [2024-11-18T08:42:37.320+0000] {dag.py:3954} INFO - Setting next_dagrun for example_task_group_decorator to 2024-11-17 00:00:00+00:00, run_after=2024-11-18 00:00:00+00:00
[2024-11-18T08:42:37.357+0000] {processor.py:183} INFO - Processing /home/airflow/.local/lib/python3.12/site-packages/airflow/example_dags/example_task_group_decorator.py took 0.237 seconds
[2024-11-18T08:43:07.976+0000] {processor.py:161} INFO - Started process (PID=4579) to work on /home/airflow/.local/lib/python3.12/site-packages/airflow/example_dags/example_task_group_decorator.py
[2024-11-18T08:43:07.981+0000] {processor.py:830} INFO - Processing file /home/airflow/.local/lib/python3.12/site-packages/airflow/example_dags/example_task_group_decorator.py for tasks to queue
[2024-11-18T08:43:07.985+0000] {logging_mixin.py:188} INFO - [2024-11-18T08:43:07.984+0000] {dagbag.py:545} INFO - Filling up the DagBag from /home/airflow/.local/lib/python3.12/site-packages/airflow/example_dags/example_task_group_decorator.py
[2024-11-18T08:43:08.020+0000] {processor.py:840} INFO - DAG(s) 'example_task_group_decorator' retrieved from /home/airflow/.local/lib/python3.12/site-packages/airflow/example_dags/example_task_group_decorator.py
[2024-11-18T08:43:08.080+0000] {logging_mixin.py:188} INFO - [2024-11-18T08:43:08.079+0000] {dag.py:3096} INFO - Sync 1 DAGs
[2024-11-18T08:43:08.121+0000] {logging_mixin.py:188} INFO - [2024-11-18T08:43:08.121+0000] {dag.py:3954} INFO - Setting next_dagrun for example_task_group_decorator to 2024-11-17 00:00:00+00:00, run_after=2024-11-18 00:00:00+00:00
[2024-11-18T08:43:08.164+0000] {processor.py:183} INFO - Processing /home/airflow/.local/lib/python3.12/site-packages/airflow/example_dags/example_task_group_decorator.py took 0.204 seconds
[2024-11-18T08:43:38.864+0000] {processor.py:161} INFO - Started process (PID=4841) to work on /home/airflow/.local/lib/python3.12/site-packages/airflow/example_dags/example_task_group_decorator.py
[2024-11-18T08:43:38.865+0000] {processor.py:830} INFO - Processing file /home/airflow/.local/lib/python3.12/site-packages/airflow/example_dags/example_task_group_decorator.py for tasks to queue
[2024-11-18T08:43:38.866+0000] {logging_mixin.py:188} INFO - [2024-11-18T08:43:38.866+0000] {dagbag.py:545} INFO - Filling up the DagBag from /home/airflow/.local/lib/python3.12/site-packages/airflow/example_dags/example_task_group_decorator.py
[2024-11-18T08:43:38.878+0000] {processor.py:840} INFO - DAG(s) 'example_task_group_decorator' retrieved from /home/airflow/.local/lib/python3.12/site-packages/airflow/example_dags/example_task_group_decorator.py
[2024-11-18T08:43:38.901+0000] {logging_mixin.py:188} INFO - [2024-11-18T08:43:38.901+0000] {dag.py:3096} INFO - Sync 1 DAGs
[2024-11-18T08:43:38.921+0000] {logging_mixin.py:188} INFO - [2024-11-18T08:43:38.921+0000] {dag.py:3954} INFO - Setting next_dagrun for example_task_group_decorator to 2024-11-17 00:00:00+00:00, run_after=2024-11-18 00:00:00+00:00
[2024-11-18T08:43:38.950+0000] {processor.py:183} INFO - Processing /home/airflow/.local/lib/python3.12/site-packages/airflow/example_dags/example_task_group_decorator.py took 0.091 seconds
[2024-11-18T08:44:09.116+0000] {processor.py:161} INFO - Started process (PID=5103) to work on /home/airflow/.local/lib/python3.12/site-packages/airflow/example_dags/example_task_group_decorator.py
[2024-11-18T08:44:09.117+0000] {processor.py:830} INFO - Processing file /home/airflow/.local/lib/python3.12/site-packages/airflow/example_dags/example_task_group_decorator.py for tasks to queue
[2024-11-18T08:44:09.119+0000] {logging_mixin.py:188} INFO - [2024-11-18T08:44:09.119+0000] {dagbag.py:545} INFO - Filling up the DagBag from /home/airflow/.local/lib/python3.12/site-packages/airflow/example_dags/example_task_group_decorator.py
[2024-11-18T08:44:09.130+0000] {processor.py:840} INFO - DAG(s) 'example_task_group_decorator' retrieved from /home/airflow/.local/lib/python3.12/site-packages/airflow/example_dags/example_task_group_decorator.py
[2024-11-18T08:44:09.153+0000] {logging_mixin.py:188} INFO - [2024-11-18T08:44:09.153+0000] {dag.py:3096} INFO - Sync 1 DAGs
[2024-11-18T08:44:09.171+0000] {logging_mixin.py:188} INFO - [2024-11-18T08:44:09.170+0000] {dag.py:3954} INFO - Setting next_dagrun for example_task_group_decorator to 2024-11-17 00:00:00+00:00, run_after=2024-11-18 00:00:00+00:00
[2024-11-18T08:44:09.200+0000] {processor.py:183} INFO - Processing /home/airflow/.local/lib/python3.12/site-packages/airflow/example_dags/example_task_group_decorator.py took 0.089 seconds
[2024-11-18T08:44:39.377+0000] {processor.py:161} INFO - Started process (PID=5365) to work on /home/airflow/.local/lib/python3.12/site-packages/airflow/example_dags/example_task_group_decorator.py
[2024-11-18T08:44:39.378+0000] {processor.py:830} INFO - Processing file /home/airflow/.local/lib/python3.12/site-packages/airflow/example_dags/example_task_group_decorator.py for tasks to queue
[2024-11-18T08:44:39.379+0000] {logging_mixin.py:188} INFO - [2024-11-18T08:44:39.379+0000] {dagbag.py:545} INFO - Filling up the DagBag from /home/airflow/.local/lib/python3.12/site-packages/airflow/example_dags/example_task_group_decorator.py
[2024-11-18T08:44:39.391+0000] {processor.py:840} INFO - DAG(s) 'example_task_group_decorator' retrieved from /home/airflow/.local/lib/python3.12/site-packages/airflow/example_dags/example_task_group_decorator.py
[2024-11-18T08:44:39.417+0000] {logging_mixin.py:188} INFO - [2024-11-18T08:44:39.417+0000] {dag.py:3096} INFO - Sync 1 DAGs
[2024-11-18T08:44:39.436+0000] {logging_mixin.py:188} INFO - [2024-11-18T08:44:39.436+0000] {dag.py:3954} INFO - Setting next_dagrun for example_task_group_decorator to 2024-11-17 00:00:00+00:00, run_after=2024-11-18 00:00:00+00:00
[2024-11-18T08:44:39.464+0000] {processor.py:183} INFO - Processing /home/airflow/.local/lib/python3.12/site-packages/airflow/example_dags/example_task_group_decorator.py took 0.093 seconds
[2024-11-18T08:45:09.641+0000] {processor.py:161} INFO - Started process (PID=5627) to work on /home/airflow/.local/lib/python3.12/site-packages/airflow/example_dags/example_task_group_decorator.py
[2024-11-18T08:45:09.642+0000] {processor.py:830} INFO - Processing file /home/airflow/.local/lib/python3.12/site-packages/airflow/example_dags/example_task_group_decorator.py for tasks to queue
[2024-11-18T08:45:09.643+0000] {logging_mixin.py:188} INFO - [2024-11-18T08:45:09.643+0000] {dagbag.py:545} INFO - Filling up the DagBag from /home/airflow/.local/lib/python3.12/site-packages/airflow/example_dags/example_task_group_decorator.py
[2024-11-18T08:45:09.658+0000] {processor.py:840} INFO - DAG(s) 'example_task_group_decorator' retrieved from /home/airflow/.local/lib/python3.12/site-packages/airflow/example_dags/example_task_group_decorator.py
[2024-11-18T08:45:09.685+0000] {logging_mixin.py:188} INFO - [2024-11-18T08:45:09.685+0000] {dag.py:3096} INFO - Sync 1 DAGs
[2024-11-18T08:45:09.705+0000] {logging_mixin.py:188} INFO - [2024-11-18T08:45:09.705+0000] {dag.py:3954} INFO - Setting next_dagrun for example_task_group_decorator to 2024-11-17 00:00:00+00:00, run_after=2024-11-18 00:00:00+00:00
[2024-11-18T08:45:09.729+0000] {processor.py:183} INFO - Processing /home/airflow/.local/lib/python3.12/site-packages/airflow/example_dags/example_task_group_decorator.py took 0.094 seconds
[2024-11-18T08:45:39.807+0000] {processor.py:161} INFO - Started process (PID=5889) to work on /home/airflow/.local/lib/python3.12/site-packages/airflow/example_dags/example_task_group_decorator.py
[2024-11-18T08:45:39.808+0000] {processor.py:830} INFO - Processing file /home/airflow/.local/lib/python3.12/site-packages/airflow/example_dags/example_task_group_decorator.py for tasks to queue
[2024-11-18T08:45:39.810+0000] {logging_mixin.py:188} INFO - [2024-11-18T08:45:39.809+0000] {dagbag.py:545} INFO - Filling up the DagBag from /home/airflow/.local/lib/python3.12/site-packages/airflow/example_dags/example_task_group_decorator.py
[2024-11-18T08:45:39.822+0000] {processor.py:840} INFO - DAG(s) 'example_task_group_decorator' retrieved from /home/airflow/.local/lib/python3.12/site-packages/airflow/example_dags/example_task_group_decorator.py
[2024-11-18T08:45:39.849+0000] {logging_mixin.py:188} INFO - [2024-11-18T08:45:39.849+0000] {dag.py:3096} INFO - Sync 1 DAGs
[2024-11-18T08:45:39.868+0000] {logging_mixin.py:188} INFO - [2024-11-18T08:45:39.868+0000] {dag.py:3954} INFO - Setting next_dagrun for example_task_group_decorator to 2024-11-17 00:00:00+00:00, run_after=2024-11-18 00:00:00+00:00
[2024-11-18T08:45:39.894+0000] {processor.py:183} INFO - Processing /home/airflow/.local/lib/python3.12/site-packages/airflow/example_dags/example_task_group_decorator.py took 0.092 seconds
[2024-11-18T08:46:10.038+0000] {processor.py:161} INFO - Started process (PID=6151) to work on /home/airflow/.local/lib/python3.12/site-packages/airflow/example_dags/example_task_group_decorator.py
[2024-11-18T08:46:10.039+0000] {processor.py:830} INFO - Processing file /home/airflow/.local/lib/python3.12/site-packages/airflow/example_dags/example_task_group_decorator.py for tasks to queue
[2024-11-18T08:46:10.040+0000] {logging_mixin.py:188} INFO - [2024-11-18T08:46:10.040+0000] {dagbag.py:545} INFO - Filling up the DagBag from /home/airflow/.local/lib/python3.12/site-packages/airflow/example_dags/example_task_group_decorator.py
[2024-11-18T08:46:10.052+0000] {processor.py:840} INFO - DAG(s) 'example_task_group_decorator' retrieved from /home/airflow/.local/lib/python3.12/site-packages/airflow/example_dags/example_task_group_decorator.py
[2024-11-18T08:46:10.076+0000] {logging_mixin.py:188} INFO - [2024-11-18T08:46:10.075+0000] {dag.py:3096} INFO - Sync 1 DAGs
[2024-11-18T08:46:10.094+0000] {logging_mixin.py:188} INFO - [2024-11-18T08:46:10.094+0000] {dag.py:3954} INFO - Setting next_dagrun for example_task_group_decorator to 2024-11-17 00:00:00+00:00, run_after=2024-11-18 00:00:00+00:00
[2024-11-18T08:46:10.117+0000] {processor.py:183} INFO - Processing /home/airflow/.local/lib/python3.12/site-packages/airflow/example_dags/example_task_group_decorator.py took 0.084 seconds
[2024-11-18T08:46:40.370+0000] {processor.py:161} INFO - Started process (PID=6413) to work on /home/airflow/.local/lib/python3.12/site-packages/airflow/example_dags/example_task_group_decorator.py
[2024-11-18T08:46:40.371+0000] {processor.py:830} INFO - Processing file /home/airflow/.local/lib/python3.12/site-packages/airflow/example_dags/example_task_group_decorator.py for tasks to queue
[2024-11-18T08:46:40.373+0000] {logging_mixin.py:188} INFO - [2024-11-18T08:46:40.373+0000] {dagbag.py:545} INFO - Filling up the DagBag from /home/airflow/.local/lib/python3.12/site-packages/airflow/example_dags/example_task_group_decorator.py
[2024-11-18T08:46:40.384+0000] {processor.py:840} INFO - DAG(s) 'example_task_group_decorator' retrieved from /home/airflow/.local/lib/python3.12/site-packages/airflow/example_dags/example_task_group_decorator.py
[2024-11-18T08:46:40.410+0000] {logging_mixin.py:188} INFO - [2024-11-18T08:46:40.410+0000] {dag.py:3096} INFO - Sync 1 DAGs
[2024-11-18T08:46:40.430+0000] {logging_mixin.py:188} INFO - [2024-11-18T08:46:40.430+0000] {dag.py:3954} INFO - Setting next_dagrun for example_task_group_decorator to 2024-11-17 00:00:00+00:00, run_after=2024-11-18 00:00:00+00:00
[2024-11-18T08:46:40.461+0000] {processor.py:183} INFO - Processing /home/airflow/.local/lib/python3.12/site-packages/airflow/example_dags/example_task_group_decorator.py took 0.095 seconds
[2024-11-18T08:47:10.686+0000] {processor.py:161} INFO - Started process (PID=6675) to work on /home/airflow/.local/lib/python3.12/site-packages/airflow/example_dags/example_task_group_decorator.py
[2024-11-18T08:47:10.687+0000] {processor.py:830} INFO - Processing file /home/airflow/.local/lib/python3.12/site-packages/airflow/example_dags/example_task_group_decorator.py for tasks to queue
[2024-11-18T08:47:10.689+0000] {logging_mixin.py:188} INFO - [2024-11-18T08:47:10.689+0000] {dagbag.py:545} INFO - Filling up the DagBag from /home/airflow/.local/lib/python3.12/site-packages/airflow/example_dags/example_task_group_decorator.py
[2024-11-18T08:47:10.701+0000] {processor.py:840} INFO - DAG(s) 'example_task_group_decorator' retrieved from /home/airflow/.local/lib/python3.12/site-packages/airflow/example_dags/example_task_group_decorator.py
[2024-11-18T08:47:10.723+0000] {logging_mixin.py:188} INFO - [2024-11-18T08:47:10.723+0000] {dag.py:3096} INFO - Sync 1 DAGs
[2024-11-18T08:47:10.744+0000] {logging_mixin.py:188} INFO - [2024-11-18T08:47:10.744+0000] {dag.py:3954} INFO - Setting next_dagrun for example_task_group_decorator to 2024-11-17 00:00:00+00:00, run_after=2024-11-18 00:00:00+00:00
[2024-11-18T08:47:10.768+0000] {processor.py:183} INFO - Processing /home/airflow/.local/lib/python3.12/site-packages/airflow/example_dags/example_task_group_decorator.py took 0.086 seconds
[2024-11-18T08:47:40.993+0000] {processor.py:161} INFO - Started process (PID=6935) to work on /home/airflow/.local/lib/python3.12/site-packages/airflow/example_dags/example_task_group_decorator.py
[2024-11-18T08:47:40.994+0000] {processor.py:830} INFO - Processing file /home/airflow/.local/lib/python3.12/site-packages/airflow/example_dags/example_task_group_decorator.py for tasks to queue
[2024-11-18T08:47:40.996+0000] {logging_mixin.py:188} INFO - [2024-11-18T08:47:40.995+0000] {dagbag.py:545} INFO - Filling up the DagBag from /home/airflow/.local/lib/python3.12/site-packages/airflow/example_dags/example_task_group_decorator.py
[2024-11-18T08:47:41.008+0000] {processor.py:840} INFO - DAG(s) 'example_task_group_decorator' retrieved from /home/airflow/.local/lib/python3.12/site-packages/airflow/example_dags/example_task_group_decorator.py
[2024-11-18T08:47:41.035+0000] {logging_mixin.py:188} INFO - [2024-11-18T08:47:41.035+0000] {dag.py:3096} INFO - Sync 1 DAGs
[2024-11-18T08:47:41.058+0000] {logging_mixin.py:188} INFO - [2024-11-18T08:47:41.058+0000] {dag.py:3954} INFO - Setting next_dagrun for example_task_group_decorator to 2024-11-17 00:00:00+00:00, run_after=2024-11-18 00:00:00+00:00
[2024-11-18T08:47:41.078+0000] {processor.py:183} INFO - Processing /home/airflow/.local/lib/python3.12/site-packages/airflow/example_dags/example_task_group_decorator.py took 0.091 seconds
[2024-11-18T08:48:11.181+0000] {processor.py:161} INFO - Started process (PID=7197) to work on /home/airflow/.local/lib/python3.12/site-packages/airflow/example_dags/example_task_group_decorator.py
[2024-11-18T08:48:11.182+0000] {processor.py:830} INFO - Processing file /home/airflow/.local/lib/python3.12/site-packages/airflow/example_dags/example_task_group_decorator.py for tasks to queue
[2024-11-18T08:48:11.184+0000] {logging_mixin.py:188} INFO - [2024-11-18T08:48:11.183+0000] {dagbag.py:545} INFO - Filling up the DagBag from /home/airflow/.local/lib/python3.12/site-packages/airflow/example_dags/example_task_group_decorator.py
[2024-11-18T08:48:11.196+0000] {processor.py:840} INFO - DAG(s) 'example_task_group_decorator' retrieved from /home/airflow/.local/lib/python3.12/site-packages/airflow/example_dags/example_task_group_decorator.py
[2024-11-18T08:48:11.222+0000] {logging_mixin.py:188} INFO - [2024-11-18T08:48:11.222+0000] {dag.py:3096} INFO - Sync 1 DAGs
[2024-11-18T08:48:11.242+0000] {logging_mixin.py:188} INFO - [2024-11-18T08:48:11.242+0000] {dag.py:3954} INFO - Setting next_dagrun for example_task_group_decorator to 2024-11-17 00:00:00+00:00, run_after=2024-11-18 00:00:00+00:00
[2024-11-18T08:48:11.273+0000] {processor.py:183} INFO - Processing /home/airflow/.local/lib/python3.12/site-packages/airflow/example_dags/example_task_group_decorator.py took 0.097 seconds
[2024-11-18T08:48:41.928+0000] {processor.py:161} INFO - Started process (PID=7459) to work on /home/airflow/.local/lib/python3.12/site-packages/airflow/example_dags/example_task_group_decorator.py
[2024-11-18T08:48:41.929+0000] {processor.py:830} INFO - Processing file /home/airflow/.local/lib/python3.12/site-packages/airflow/example_dags/example_task_group_decorator.py for tasks to queue
[2024-11-18T08:48:41.931+0000] {logging_mixin.py:188} INFO - [2024-11-18T08:48:41.931+0000] {dagbag.py:545} INFO - Filling up the DagBag from /home/airflow/.local/lib/python3.12/site-packages/airflow/example_dags/example_task_group_decorator.py
[2024-11-18T08:48:41.945+0000] {processor.py:840} INFO - DAG(s) 'example_task_group_decorator' retrieved from /home/airflow/.local/lib/python3.12/site-packages/airflow/example_dags/example_task_group_decorator.py
[2024-11-18T08:48:41.971+0000] {logging_mixin.py:188} INFO - [2024-11-18T08:48:41.971+0000] {dag.py:3096} INFO - Sync 1 DAGs
[2024-11-18T08:48:41.994+0000] {logging_mixin.py:188} INFO - [2024-11-18T08:48:41.994+0000] {dag.py:3954} INFO - Setting next_dagrun for example_task_group_decorator to 2024-11-17 00:00:00+00:00, run_after=2024-11-18 00:00:00+00:00
[2024-11-18T08:48:42.023+0000] {processor.py:183} INFO - Processing /home/airflow/.local/lib/python3.12/site-packages/airflow/example_dags/example_task_group_decorator.py took 0.102 seconds
[2024-11-18T08:49:12.114+0000] {processor.py:161} INFO - Started process (PID=7718) to work on /home/airflow/.local/lib/python3.12/site-packages/airflow/example_dags/example_task_group_decorator.py
[2024-11-18T08:49:12.115+0000] {processor.py:830} INFO - Processing file /home/airflow/.local/lib/python3.12/site-packages/airflow/example_dags/example_task_group_decorator.py for tasks to queue
[2024-11-18T08:49:12.117+0000] {logging_mixin.py:188} INFO - [2024-11-18T08:49:12.117+0000] {dagbag.py:545} INFO - Filling up the DagBag from /home/airflow/.local/lib/python3.12/site-packages/airflow/example_dags/example_task_group_decorator.py
[2024-11-18T08:49:12.132+0000] {processor.py:840} INFO - DAG(s) 'example_task_group_decorator' retrieved from /home/airflow/.local/lib/python3.12/site-packages/airflow/example_dags/example_task_group_decorator.py
[2024-11-18T08:49:12.157+0000] {logging_mixin.py:188} INFO - [2024-11-18T08:49:12.156+0000] {dag.py:3096} INFO - Sync 1 DAGs
[2024-11-18T08:49:12.176+0000] {logging_mixin.py:188} INFO - [2024-11-18T08:49:12.176+0000] {dag.py:3954} INFO - Setting next_dagrun for example_task_group_decorator to 2024-11-17 00:00:00+00:00, run_after=2024-11-18 00:00:00+00:00
[2024-11-18T08:49:12.205+0000] {processor.py:183} INFO - Processing /home/airflow/.local/lib/python3.12/site-packages/airflow/example_dags/example_task_group_decorator.py took 0.097 seconds
[2024-11-18T08:49:42.415+0000] {processor.py:161} INFO - Started process (PID=7980) to work on /home/airflow/.local/lib/python3.12/site-packages/airflow/example_dags/example_task_group_decorator.py
[2024-11-18T08:49:42.416+0000] {processor.py:830} INFO - Processing file /home/airflow/.local/lib/python3.12/site-packages/airflow/example_dags/example_task_group_decorator.py for tasks to queue
[2024-11-18T08:49:42.418+0000] {logging_mixin.py:188} INFO - [2024-11-18T08:49:42.417+0000] {dagbag.py:545} INFO - Filling up the DagBag from /home/airflow/.local/lib/python3.12/site-packages/airflow/example_dags/example_task_group_decorator.py
[2024-11-18T08:49:42.434+0000] {processor.py:840} INFO - DAG(s) 'example_task_group_decorator' retrieved from /home/airflow/.local/lib/python3.12/site-packages/airflow/example_dags/example_task_group_decorator.py
[2024-11-18T08:49:42.460+0000] {logging_mixin.py:188} INFO - [2024-11-18T08:49:42.459+0000] {dag.py:3096} INFO - Sync 1 DAGs
[2024-11-18T08:49:42.482+0000] {logging_mixin.py:188} INFO - [2024-11-18T08:49:42.482+0000] {dag.py:3954} INFO - Setting next_dagrun for example_task_group_decorator to 2024-11-17 00:00:00+00:00, run_after=2024-11-18 00:00:00+00:00
[2024-11-18T08:49:42.506+0000] {processor.py:183} INFO - Processing /home/airflow/.local/lib/python3.12/site-packages/airflow/example_dags/example_task_group_decorator.py took 0.096 seconds
[2024-11-18T08:50:12.573+0000] {processor.py:161} INFO - Started process (PID=8242) to work on /home/airflow/.local/lib/python3.12/site-packages/airflow/example_dags/example_task_group_decorator.py
[2024-11-18T08:50:12.574+0000] {processor.py:830} INFO - Processing file /home/airflow/.local/lib/python3.12/site-packages/airflow/example_dags/example_task_group_decorator.py for tasks to queue
[2024-11-18T08:50:12.576+0000] {logging_mixin.py:188} INFO - [2024-11-18T08:50:12.576+0000] {dagbag.py:545} INFO - Filling up the DagBag from /home/airflow/.local/lib/python3.12/site-packages/airflow/example_dags/example_task_group_decorator.py
[2024-11-18T08:50:12.588+0000] {processor.py:840} INFO - DAG(s) 'example_task_group_decorator' retrieved from /home/airflow/.local/lib/python3.12/site-packages/airflow/example_dags/example_task_group_decorator.py
[2024-11-18T08:50:12.610+0000] {logging_mixin.py:188} INFO - [2024-11-18T08:50:12.609+0000] {dag.py:3096} INFO - Sync 1 DAGs
[2024-11-18T08:50:12.628+0000] {logging_mixin.py:188} INFO - [2024-11-18T08:50:12.627+0000] {dag.py:3954} INFO - Setting next_dagrun for example_task_group_decorator to 2024-11-17 00:00:00+00:00, run_after=2024-11-18 00:00:00+00:00
[2024-11-18T08:50:12.656+0000] {processor.py:183} INFO - Processing /home/airflow/.local/lib/python3.12/site-packages/airflow/example_dags/example_task_group_decorator.py took 0.089 seconds
[2024-11-18T08:50:43.104+0000] {processor.py:161} INFO - Started process (PID=8504) to work on /home/airflow/.local/lib/python3.12/site-packages/airflow/example_dags/example_task_group_decorator.py
[2024-11-18T08:50:43.105+0000] {processor.py:830} INFO - Processing file /home/airflow/.local/lib/python3.12/site-packages/airflow/example_dags/example_task_group_decorator.py for tasks to queue
[2024-11-18T08:50:43.108+0000] {logging_mixin.py:188} INFO - [2024-11-18T08:50:43.107+0000] {dagbag.py:545} INFO - Filling up the DagBag from /home/airflow/.local/lib/python3.12/site-packages/airflow/example_dags/example_task_group_decorator.py
[2024-11-18T08:50:43.121+0000] {processor.py:840} INFO - DAG(s) 'example_task_group_decorator' retrieved from /home/airflow/.local/lib/python3.12/site-packages/airflow/example_dags/example_task_group_decorator.py
[2024-11-18T08:50:43.152+0000] {logging_mixin.py:188} INFO - [2024-11-18T08:50:43.152+0000] {dag.py:3096} INFO - Sync 1 DAGs
[2024-11-18T08:50:43.185+0000] {logging_mixin.py:188} INFO - [2024-11-18T08:50:43.185+0000] {dag.py:3954} INFO - Setting next_dagrun for example_task_group_decorator to 2024-11-17 00:00:00+00:00, run_after=2024-11-18 00:00:00+00:00
[2024-11-18T08:50:43.208+0000] {processor.py:183} INFO - Processing /home/airflow/.local/lib/python3.12/site-packages/airflow/example_dags/example_task_group_decorator.py took 0.110 seconds
[2024-11-18T08:51:13.437+0000] {processor.py:161} INFO - Started process (PID=8767) to work on /home/airflow/.local/lib/python3.12/site-packages/airflow/example_dags/example_task_group_decorator.py
[2024-11-18T08:51:13.438+0000] {processor.py:830} INFO - Processing file /home/airflow/.local/lib/python3.12/site-packages/airflow/example_dags/example_task_group_decorator.py for tasks to queue
[2024-11-18T08:51:13.439+0000] {logging_mixin.py:188} INFO - [2024-11-18T08:51:13.439+0000] {dagbag.py:545} INFO - Filling up the DagBag from /home/airflow/.local/lib/python3.12/site-packages/airflow/example_dags/example_task_group_decorator.py
[2024-11-18T08:51:13.451+0000] {processor.py:840} INFO - DAG(s) 'example_task_group_decorator' retrieved from /home/airflow/.local/lib/python3.12/site-packages/airflow/example_dags/example_task_group_decorator.py
[2024-11-18T08:51:13.476+0000] {logging_mixin.py:188} INFO - [2024-11-18T08:51:13.476+0000] {dag.py:3096} INFO - Sync 1 DAGs
[2024-11-18T08:51:13.500+0000] {logging_mixin.py:188} INFO - [2024-11-18T08:51:13.500+0000] {dag.py:3954} INFO - Setting next_dagrun for example_task_group_decorator to 2024-11-17 00:00:00+00:00, run_after=2024-11-18 00:00:00+00:00
[2024-11-18T08:51:13.529+0000] {processor.py:183} INFO - Processing /home/airflow/.local/lib/python3.12/site-packages/airflow/example_dags/example_task_group_decorator.py took 0.098 seconds
[2024-11-18T08:51:43.745+0000] {processor.py:161} INFO - Started process (PID=9029) to work on /home/airflow/.local/lib/python3.12/site-packages/airflow/example_dags/example_task_group_decorator.py
[2024-11-18T08:51:43.745+0000] {processor.py:830} INFO - Processing file /home/airflow/.local/lib/python3.12/site-packages/airflow/example_dags/example_task_group_decorator.py for tasks to queue
[2024-11-18T08:51:43.747+0000] {logging_mixin.py:188} INFO - [2024-11-18T08:51:43.747+0000] {dagbag.py:545} INFO - Filling up the DagBag from /home/airflow/.local/lib/python3.12/site-packages/airflow/example_dags/example_task_group_decorator.py
[2024-11-18T08:51:43.759+0000] {processor.py:840} INFO - DAG(s) 'example_task_group_decorator' retrieved from /home/airflow/.local/lib/python3.12/site-packages/airflow/example_dags/example_task_group_decorator.py
[2024-11-18T08:51:43.785+0000] {logging_mixin.py:188} INFO - [2024-11-18T08:51:43.785+0000] {dag.py:3096} INFO - Sync 1 DAGs
[2024-11-18T08:51:43.803+0000] {logging_mixin.py:188} INFO - [2024-11-18T08:51:43.803+0000] {dag.py:3954} INFO - Setting next_dagrun for example_task_group_decorator to 2024-11-17 00:00:00+00:00, run_after=2024-11-18 00:00:00+00:00
[2024-11-18T08:51:43.833+0000] {processor.py:183} INFO - Processing /home/airflow/.local/lib/python3.12/site-packages/airflow/example_dags/example_task_group_decorator.py took 0.093 seconds
[2024-11-18T08:52:14.421+0000] {processor.py:161} INFO - Started process (PID=9291) to work on /home/airflow/.local/lib/python3.12/site-packages/airflow/example_dags/example_task_group_decorator.py
[2024-11-18T08:52:14.422+0000] {processor.py:830} INFO - Processing file /home/airflow/.local/lib/python3.12/site-packages/airflow/example_dags/example_task_group_decorator.py for tasks to queue
[2024-11-18T08:52:14.425+0000] {logging_mixin.py:188} INFO - [2024-11-18T08:52:14.424+0000] {dagbag.py:545} INFO - Filling up the DagBag from /home/airflow/.local/lib/python3.12/site-packages/airflow/example_dags/example_task_group_decorator.py
[2024-11-18T08:52:14.442+0000] {processor.py:840} INFO - DAG(s) 'example_task_group_decorator' retrieved from /home/airflow/.local/lib/python3.12/site-packages/airflow/example_dags/example_task_group_decorator.py
[2024-11-18T08:52:14.472+0000] {logging_mixin.py:188} INFO - [2024-11-18T08:52:14.472+0000] {dag.py:3096} INFO - Sync 1 DAGs
[2024-11-18T08:52:14.495+0000] {logging_mixin.py:188} INFO - [2024-11-18T08:52:14.495+0000] {dag.py:3954} INFO - Setting next_dagrun for example_task_group_decorator to 2024-11-17 00:00:00+00:00, run_after=2024-11-18 00:00:00+00:00
[2024-11-18T08:52:14.527+0000] {processor.py:183} INFO - Processing /home/airflow/.local/lib/python3.12/site-packages/airflow/example_dags/example_task_group_decorator.py took 0.112 seconds
[2024-11-18T08:52:45.949+0000] {processor.py:161} INFO - Started process (PID=9559) to work on /home/airflow/.local/lib/python3.12/site-packages/airflow/example_dags/example_task_group_decorator.py
[2024-11-18T08:52:45.950+0000] {processor.py:830} INFO - Processing file /home/airflow/.local/lib/python3.12/site-packages/airflow/example_dags/example_task_group_decorator.py for tasks to queue
[2024-11-18T08:52:45.952+0000] {logging_mixin.py:188} INFO - [2024-11-18T08:52:45.952+0000] {dagbag.py:545} INFO - Filling up the DagBag from /home/airflow/.local/lib/python3.12/site-packages/airflow/example_dags/example_task_group_decorator.py
[2024-11-18T08:52:45.964+0000] {processor.py:840} INFO - DAG(s) 'example_task_group_decorator' retrieved from /home/airflow/.local/lib/python3.12/site-packages/airflow/example_dags/example_task_group_decorator.py
[2024-11-18T08:52:45.988+0000] {logging_mixin.py:188} INFO - [2024-11-18T08:52:45.987+0000] {dag.py:3096} INFO - Sync 1 DAGs
[2024-11-18T08:52:46.008+0000] {logging_mixin.py:188} INFO - [2024-11-18T08:52:46.007+0000] {dag.py:3954} INFO - Setting next_dagrun for example_task_group_decorator to 2024-11-17 00:00:00+00:00, run_after=2024-11-18 00:00:00+00:00
[2024-11-18T08:52:46.027+0000] {processor.py:183} INFO - Processing /home/airflow/.local/lib/python3.12/site-packages/airflow/example_dags/example_task_group_decorator.py took 0.082 seconds
