[2024-11-18T08:34:55.689+0000] {processor.py:161} INFO - Started process (PID=245) to work on /home/airflow/.local/lib/python3.12/site-packages/airflow/example_dags/example_setup_teardown.py
[2024-11-18T08:34:55.691+0000] {processor.py:830} INFO - Processing file /home/airflow/.local/lib/python3.12/site-packages/airflow/example_dags/example_setup_teardown.py for tasks to queue
[2024-11-18T08:34:55.693+0000] {logging_mixin.py:188} INFO - [2024-11-18T08:34:55.693+0000] {dagbag.py:545} INFO - Filling up the DagBag from /home/airflow/.local/lib/python3.12/site-packages/airflow/example_dags/example_setup_teardown.py
[2024-11-18T08:34:55.712+0000] {processor.py:840} INFO - DAG(s) 'example_setup_teardown' retrieved from /home/airflow/.local/lib/python3.12/site-packages/airflow/example_dags/example_setup_teardown.py
[2024-11-18T08:34:55.729+0000] {logging_mixin.py:188} INFO - [2024-11-18T08:34:55.729+0000] {dag.py:3096} INFO - Sync 1 DAGs
[2024-11-18T08:34:55.752+0000] {logging_mixin.py:188} INFO - [2024-11-18T08:34:55.752+0000] {dag.py:3118} INFO - Creating ORM DAG for example_setup_teardown
[2024-11-18T08:34:55.768+0000] {logging_mixin.py:188} INFO - [2024-11-18T08:34:55.767+0000] {dag.py:3954} INFO - Setting next_dagrun for example_setup_teardown to 2024-11-17 00:00:00+00:00, run_after=2024-11-18 00:00:00+00:00
[2024-11-18T08:34:55.795+0000] {processor.py:183} INFO - Processing /home/airflow/.local/lib/python3.12/site-packages/airflow/example_dags/example_setup_teardown.py took 0.114 seconds
[2024-11-18T08:35:26.335+0000] {processor.py:161} INFO - Started process (PID=507) to work on /home/airflow/.local/lib/python3.12/site-packages/airflow/example_dags/example_setup_teardown.py
[2024-11-18T08:35:26.337+0000] {processor.py:830} INFO - Processing file /home/airflow/.local/lib/python3.12/site-packages/airflow/example_dags/example_setup_teardown.py for tasks to queue
[2024-11-18T08:35:26.339+0000] {logging_mixin.py:188} INFO - [2024-11-18T08:35:26.339+0000] {dagbag.py:545} INFO - Filling up the DagBag from /home/airflow/.local/lib/python3.12/site-packages/airflow/example_dags/example_setup_teardown.py
[2024-11-18T08:35:26.346+0000] {processor.py:840} INFO - DAG(s) 'example_setup_teardown' retrieved from /home/airflow/.local/lib/python3.12/site-packages/airflow/example_dags/example_setup_teardown.py
[2024-11-18T08:35:26.467+0000] {logging_mixin.py:188} INFO - [2024-11-18T08:35:26.467+0000] {dag.py:3096} INFO - Sync 1 DAGs
[2024-11-18T08:35:26.487+0000] {logging_mixin.py:188} INFO - [2024-11-18T08:35:26.487+0000] {dag.py:3954} INFO - Setting next_dagrun for example_setup_teardown to 2024-11-17 00:00:00+00:00, run_after=2024-11-18 00:00:00+00:00
[2024-11-18T08:35:26.516+0000] {processor.py:183} INFO - Processing /home/airflow/.local/lib/python3.12/site-packages/airflow/example_dags/example_setup_teardown.py took 0.188 seconds
[2024-11-18T08:35:56.701+0000] {processor.py:161} INFO - Started process (PID=769) to work on /home/airflow/.local/lib/python3.12/site-packages/airflow/example_dags/example_setup_teardown.py
[2024-11-18T08:35:56.702+0000] {processor.py:830} INFO - Processing file /home/airflow/.local/lib/python3.12/site-packages/airflow/example_dags/example_setup_teardown.py for tasks to queue
[2024-11-18T08:35:56.704+0000] {logging_mixin.py:188} INFO - [2024-11-18T08:35:56.704+0000] {dagbag.py:545} INFO - Filling up the DagBag from /home/airflow/.local/lib/python3.12/site-packages/airflow/example_dags/example_setup_teardown.py
[2024-11-18T08:35:56.710+0000] {processor.py:840} INFO - DAG(s) 'example_setup_teardown' retrieved from /home/airflow/.local/lib/python3.12/site-packages/airflow/example_dags/example_setup_teardown.py
[2024-11-18T08:35:56.729+0000] {logging_mixin.py:188} INFO - [2024-11-18T08:35:56.728+0000] {dag.py:3096} INFO - Sync 1 DAGs
[2024-11-18T08:35:56.748+0000] {logging_mixin.py:188} INFO - [2024-11-18T08:35:56.747+0000] {dag.py:3954} INFO - Setting next_dagrun for example_setup_teardown to 2024-11-17 00:00:00+00:00, run_after=2024-11-18 00:00:00+00:00
[2024-11-18T08:35:56.778+0000] {processor.py:183} INFO - Processing /home/airflow/.local/lib/python3.12/site-packages/airflow/example_dags/example_setup_teardown.py took 0.082 seconds
[2024-11-18T08:36:27.256+0000] {processor.py:161} INFO - Started process (PID=1033) to work on /home/airflow/.local/lib/python3.12/site-packages/airflow/example_dags/example_setup_teardown.py
[2024-11-18T08:36:27.257+0000] {processor.py:830} INFO - Processing file /home/airflow/.local/lib/python3.12/site-packages/airflow/example_dags/example_setup_teardown.py for tasks to queue
[2024-11-18T08:36:27.259+0000] {logging_mixin.py:188} INFO - [2024-11-18T08:36:27.258+0000] {dagbag.py:545} INFO - Filling up the DagBag from /home/airflow/.local/lib/python3.12/site-packages/airflow/example_dags/example_setup_teardown.py
[2024-11-18T08:36:27.266+0000] {processor.py:840} INFO - DAG(s) 'example_setup_teardown' retrieved from /home/airflow/.local/lib/python3.12/site-packages/airflow/example_dags/example_setup_teardown.py
[2024-11-18T08:36:27.288+0000] {logging_mixin.py:188} INFO - [2024-11-18T08:36:27.288+0000] {dag.py:3096} INFO - Sync 1 DAGs
[2024-11-18T08:36:27.309+0000] {logging_mixin.py:188} INFO - [2024-11-18T08:36:27.309+0000] {dag.py:3954} INFO - Setting next_dagrun for example_setup_teardown to 2024-11-17 00:00:00+00:00, run_after=2024-11-18 00:00:00+00:00
[2024-11-18T08:36:27.343+0000] {processor.py:183} INFO - Processing /home/airflow/.local/lib/python3.12/site-packages/airflow/example_dags/example_setup_teardown.py took 0.092 seconds
[2024-11-18T08:36:57.437+0000] {processor.py:161} INFO - Started process (PID=1295) to work on /home/airflow/.local/lib/python3.12/site-packages/airflow/example_dags/example_setup_teardown.py
[2024-11-18T08:36:57.438+0000] {processor.py:830} INFO - Processing file /home/airflow/.local/lib/python3.12/site-packages/airflow/example_dags/example_setup_teardown.py for tasks to queue
[2024-11-18T08:36:57.440+0000] {logging_mixin.py:188} INFO - [2024-11-18T08:36:57.440+0000] {dagbag.py:545} INFO - Filling up the DagBag from /home/airflow/.local/lib/python3.12/site-packages/airflow/example_dags/example_setup_teardown.py
[2024-11-18T08:36:57.447+0000] {processor.py:840} INFO - DAG(s) 'example_setup_teardown' retrieved from /home/airflow/.local/lib/python3.12/site-packages/airflow/example_dags/example_setup_teardown.py
[2024-11-18T08:36:57.468+0000] {logging_mixin.py:188} INFO - [2024-11-18T08:36:57.467+0000] {dag.py:3096} INFO - Sync 1 DAGs
[2024-11-18T08:36:57.490+0000] {logging_mixin.py:188} INFO - [2024-11-18T08:36:57.490+0000] {dag.py:3954} INFO - Setting next_dagrun for example_setup_teardown to 2024-11-17 00:00:00+00:00, run_after=2024-11-18 00:00:00+00:00
[2024-11-18T08:36:57.519+0000] {processor.py:183} INFO - Processing /home/airflow/.local/lib/python3.12/site-packages/airflow/example_dags/example_setup_teardown.py took 0.088 seconds
[2024-11-18T08:37:27.674+0000] {processor.py:161} INFO - Started process (PID=1557) to work on /home/airflow/.local/lib/python3.12/site-packages/airflow/example_dags/example_setup_teardown.py
[2024-11-18T08:37:27.675+0000] {processor.py:830} INFO - Processing file /home/airflow/.local/lib/python3.12/site-packages/airflow/example_dags/example_setup_teardown.py for tasks to queue
[2024-11-18T08:37:27.677+0000] {logging_mixin.py:188} INFO - [2024-11-18T08:37:27.677+0000] {dagbag.py:545} INFO - Filling up the DagBag from /home/airflow/.local/lib/python3.12/site-packages/airflow/example_dags/example_setup_teardown.py
[2024-11-18T08:37:27.682+0000] {processor.py:840} INFO - DAG(s) 'example_setup_teardown' retrieved from /home/airflow/.local/lib/python3.12/site-packages/airflow/example_dags/example_setup_teardown.py
[2024-11-18T08:37:27.702+0000] {logging_mixin.py:188} INFO - [2024-11-18T08:37:27.702+0000] {dag.py:3096} INFO - Sync 1 DAGs
[2024-11-18T08:37:27.722+0000] {logging_mixin.py:188} INFO - [2024-11-18T08:37:27.722+0000] {dag.py:3954} INFO - Setting next_dagrun for example_setup_teardown to 2024-11-17 00:00:00+00:00, run_after=2024-11-18 00:00:00+00:00
[2024-11-18T08:37:27.760+0000] {processor.py:183} INFO - Processing /home/airflow/.local/lib/python3.12/site-packages/airflow/example_dags/example_setup_teardown.py took 0.091 seconds
[2024-11-18T08:37:57.907+0000] {processor.py:161} INFO - Started process (PID=1819) to work on /home/airflow/.local/lib/python3.12/site-packages/airflow/example_dags/example_setup_teardown.py
[2024-11-18T08:37:57.908+0000] {processor.py:830} INFO - Processing file /home/airflow/.local/lib/python3.12/site-packages/airflow/example_dags/example_setup_teardown.py for tasks to queue
[2024-11-18T08:37:57.910+0000] {logging_mixin.py:188} INFO - [2024-11-18T08:37:57.910+0000] {dagbag.py:545} INFO - Filling up the DagBag from /home/airflow/.local/lib/python3.12/site-packages/airflow/example_dags/example_setup_teardown.py
[2024-11-18T08:37:57.916+0000] {processor.py:840} INFO - DAG(s) 'example_setup_teardown' retrieved from /home/airflow/.local/lib/python3.12/site-packages/airflow/example_dags/example_setup_teardown.py
[2024-11-18T08:37:57.935+0000] {logging_mixin.py:188} INFO - [2024-11-18T08:37:57.935+0000] {dag.py:3096} INFO - Sync 1 DAGs
[2024-11-18T08:37:57.957+0000] {logging_mixin.py:188} INFO - [2024-11-18T08:37:57.957+0000] {dag.py:3954} INFO - Setting next_dagrun for example_setup_teardown to 2024-11-17 00:00:00+00:00, run_after=2024-11-18 00:00:00+00:00
[2024-11-18T08:37:57.977+0000] {processor.py:183} INFO - Processing /home/airflow/.local/lib/python3.12/site-packages/airflow/example_dags/example_setup_teardown.py took 0.075 seconds
[2024-11-18T08:38:28.473+0000] {processor.py:161} INFO - Started process (PID=2079) to work on /home/airflow/.local/lib/python3.12/site-packages/airflow/example_dags/example_setup_teardown.py
[2024-11-18T08:38:28.475+0000] {processor.py:830} INFO - Processing file /home/airflow/.local/lib/python3.12/site-packages/airflow/example_dags/example_setup_teardown.py for tasks to queue
[2024-11-18T08:38:28.477+0000] {logging_mixin.py:188} INFO - [2024-11-18T08:38:28.477+0000] {dagbag.py:545} INFO - Filling up the DagBag from /home/airflow/.local/lib/python3.12/site-packages/airflow/example_dags/example_setup_teardown.py
[2024-11-18T08:38:28.483+0000] {processor.py:840} INFO - DAG(s) 'example_setup_teardown' retrieved from /home/airflow/.local/lib/python3.12/site-packages/airflow/example_dags/example_setup_teardown.py
[2024-11-18T08:38:28.503+0000] {logging_mixin.py:188} INFO - [2024-11-18T08:38:28.502+0000] {dag.py:3096} INFO - Sync 1 DAGs
[2024-11-18T08:38:28.522+0000] {logging_mixin.py:188} INFO - [2024-11-18T08:38:28.522+0000] {dag.py:3954} INFO - Setting next_dagrun for example_setup_teardown to 2024-11-17 00:00:00+00:00, run_after=2024-11-18 00:00:00+00:00
[2024-11-18T08:38:28.540+0000] {processor.py:183} INFO - Processing /home/airflow/.local/lib/python3.12/site-packages/airflow/example_dags/example_setup_teardown.py took 0.074 seconds
[2024-11-18T08:38:58.869+0000] {processor.py:161} INFO - Started process (PID=2343) to work on /home/airflow/.local/lib/python3.12/site-packages/airflow/example_dags/example_setup_teardown.py
[2024-11-18T08:38:58.870+0000] {processor.py:830} INFO - Processing file /home/airflow/.local/lib/python3.12/site-packages/airflow/example_dags/example_setup_teardown.py for tasks to queue
[2024-11-18T08:38:58.872+0000] {logging_mixin.py:188} INFO - [2024-11-18T08:38:58.872+0000] {dagbag.py:545} INFO - Filling up the DagBag from /home/airflow/.local/lib/python3.12/site-packages/airflow/example_dags/example_setup_teardown.py
[2024-11-18T08:38:58.878+0000] {processor.py:840} INFO - DAG(s) 'example_setup_teardown' retrieved from /home/airflow/.local/lib/python3.12/site-packages/airflow/example_dags/example_setup_teardown.py
[2024-11-18T08:38:58.897+0000] {logging_mixin.py:188} INFO - [2024-11-18T08:38:58.897+0000] {dag.py:3096} INFO - Sync 1 DAGs
[2024-11-18T08:38:58.916+0000] {logging_mixin.py:188} INFO - [2024-11-18T08:38:58.915+0000] {dag.py:3954} INFO - Setting next_dagrun for example_setup_teardown to 2024-11-17 00:00:00+00:00, run_after=2024-11-18 00:00:00+00:00
[2024-11-18T08:38:58.944+0000] {processor.py:183} INFO - Processing /home/airflow/.local/lib/python3.12/site-packages/airflow/example_dags/example_setup_teardown.py took 0.081 seconds
[2024-11-18T08:39:29.183+0000] {processor.py:161} INFO - Started process (PID=2605) to work on /home/airflow/.local/lib/python3.12/site-packages/airflow/example_dags/example_setup_teardown.py
[2024-11-18T08:39:29.184+0000] {processor.py:830} INFO - Processing file /home/airflow/.local/lib/python3.12/site-packages/airflow/example_dags/example_setup_teardown.py for tasks to queue
[2024-11-18T08:39:29.185+0000] {logging_mixin.py:188} INFO - [2024-11-18T08:39:29.185+0000] {dagbag.py:545} INFO - Filling up the DagBag from /home/airflow/.local/lib/python3.12/site-packages/airflow/example_dags/example_setup_teardown.py
[2024-11-18T08:39:29.191+0000] {processor.py:840} INFO - DAG(s) 'example_setup_teardown' retrieved from /home/airflow/.local/lib/python3.12/site-packages/airflow/example_dags/example_setup_teardown.py
[2024-11-18T08:39:29.212+0000] {logging_mixin.py:188} INFO - [2024-11-18T08:39:29.211+0000] {dag.py:3096} INFO - Sync 1 DAGs
[2024-11-18T08:39:29.233+0000] {logging_mixin.py:188} INFO - [2024-11-18T08:39:29.232+0000] {dag.py:3954} INFO - Setting next_dagrun for example_setup_teardown to 2024-11-17 00:00:00+00:00, run_after=2024-11-18 00:00:00+00:00
[2024-11-18T08:39:29.258+0000] {processor.py:183} INFO - Processing /home/airflow/.local/lib/python3.12/site-packages/airflow/example_dags/example_setup_teardown.py took 0.081 seconds
[2024-11-18T08:39:59.500+0000] {processor.py:161} INFO - Started process (PID=2867) to work on /home/airflow/.local/lib/python3.12/site-packages/airflow/example_dags/example_setup_teardown.py
[2024-11-18T08:39:59.501+0000] {processor.py:830} INFO - Processing file /home/airflow/.local/lib/python3.12/site-packages/airflow/example_dags/example_setup_teardown.py for tasks to queue
[2024-11-18T08:39:59.502+0000] {logging_mixin.py:188} INFO - [2024-11-18T08:39:59.502+0000] {dagbag.py:545} INFO - Filling up the DagBag from /home/airflow/.local/lib/python3.12/site-packages/airflow/example_dags/example_setup_teardown.py
[2024-11-18T08:39:59.508+0000] {processor.py:840} INFO - DAG(s) 'example_setup_teardown' retrieved from /home/airflow/.local/lib/python3.12/site-packages/airflow/example_dags/example_setup_teardown.py
[2024-11-18T08:39:59.529+0000] {logging_mixin.py:188} INFO - [2024-11-18T08:39:59.529+0000] {dag.py:3096} INFO - Sync 1 DAGs
[2024-11-18T08:39:59.548+0000] {logging_mixin.py:188} INFO - [2024-11-18T08:39:59.548+0000] {dag.py:3954} INFO - Setting next_dagrun for example_setup_teardown to 2024-11-17 00:00:00+00:00, run_after=2024-11-18 00:00:00+00:00
[2024-11-18T08:39:59.568+0000] {processor.py:183} INFO - Processing /home/airflow/.local/lib/python3.12/site-packages/airflow/example_dags/example_setup_teardown.py took 0.074 seconds
[2024-11-18T08:40:29.931+0000] {processor.py:161} INFO - Started process (PID=3129) to work on /home/airflow/.local/lib/python3.12/site-packages/airflow/example_dags/example_setup_teardown.py
[2024-11-18T08:40:29.932+0000] {processor.py:830} INFO - Processing file /home/airflow/.local/lib/python3.12/site-packages/airflow/example_dags/example_setup_teardown.py for tasks to queue
[2024-11-18T08:40:29.934+0000] {logging_mixin.py:188} INFO - [2024-11-18T08:40:29.934+0000] {dagbag.py:545} INFO - Filling up the DagBag from /home/airflow/.local/lib/python3.12/site-packages/airflow/example_dags/example_setup_teardown.py
[2024-11-18T08:40:29.941+0000] {processor.py:840} INFO - DAG(s) 'example_setup_teardown' retrieved from /home/airflow/.local/lib/python3.12/site-packages/airflow/example_dags/example_setup_teardown.py
[2024-11-18T08:40:29.961+0000] {logging_mixin.py:188} INFO - [2024-11-18T08:40:29.960+0000] {dag.py:3096} INFO - Sync 1 DAGs
[2024-11-18T08:40:29.980+0000] {logging_mixin.py:188} INFO - [2024-11-18T08:40:29.980+0000] {dag.py:3954} INFO - Setting next_dagrun for example_setup_teardown to 2024-11-17 00:00:00+00:00, run_after=2024-11-18 00:00:00+00:00
[2024-11-18T08:40:30.015+0000] {processor.py:183} INFO - Processing /home/airflow/.local/lib/python3.12/site-packages/airflow/example_dags/example_setup_teardown.py took 0.089 seconds
[2024-11-18T08:41:00.068+0000] {processor.py:161} INFO - Started process (PID=3391) to work on /home/airflow/.local/lib/python3.12/site-packages/airflow/example_dags/example_setup_teardown.py
[2024-11-18T08:41:00.069+0000] {processor.py:830} INFO - Processing file /home/airflow/.local/lib/python3.12/site-packages/airflow/example_dags/example_setup_teardown.py for tasks to queue
[2024-11-18T08:41:00.071+0000] {logging_mixin.py:188} INFO - [2024-11-18T08:41:00.071+0000] {dagbag.py:545} INFO - Filling up the DagBag from /home/airflow/.local/lib/python3.12/site-packages/airflow/example_dags/example_setup_teardown.py
[2024-11-18T08:41:00.079+0000] {processor.py:840} INFO - DAG(s) 'example_setup_teardown' retrieved from /home/airflow/.local/lib/python3.12/site-packages/airflow/example_dags/example_setup_teardown.py
[2024-11-18T08:41:00.099+0000] {logging_mixin.py:188} INFO - [2024-11-18T08:41:00.098+0000] {dag.py:3096} INFO - Sync 1 DAGs
[2024-11-18T08:41:00.118+0000] {logging_mixin.py:188} INFO - [2024-11-18T08:41:00.118+0000] {dag.py:3954} INFO - Setting next_dagrun for example_setup_teardown to 2024-11-17 00:00:00+00:00, run_after=2024-11-18 00:00:00+00:00
[2024-11-18T08:41:00.137+0000] {processor.py:183} INFO - Processing /home/airflow/.local/lib/python3.12/site-packages/airflow/example_dags/example_setup_teardown.py took 0.075 seconds
[2024-11-18T08:41:30.636+0000] {processor.py:161} INFO - Started process (PID=3651) to work on /home/airflow/.local/lib/python3.12/site-packages/airflow/example_dags/example_setup_teardown.py
[2024-11-18T08:41:30.637+0000] {processor.py:830} INFO - Processing file /home/airflow/.local/lib/python3.12/site-packages/airflow/example_dags/example_setup_teardown.py for tasks to queue
[2024-11-18T08:41:30.639+0000] {logging_mixin.py:188} INFO - [2024-11-18T08:41:30.639+0000] {dagbag.py:545} INFO - Filling up the DagBag from /home/airflow/.local/lib/python3.12/site-packages/airflow/example_dags/example_setup_teardown.py
[2024-11-18T08:41:30.650+0000] {processor.py:840} INFO - DAG(s) 'example_setup_teardown' retrieved from /home/airflow/.local/lib/python3.12/site-packages/airflow/example_dags/example_setup_teardown.py
[2024-11-18T08:41:30.679+0000] {logging_mixin.py:188} INFO - [2024-11-18T08:41:30.679+0000] {dag.py:3096} INFO - Sync 1 DAGs
[2024-11-18T08:41:30.708+0000] {logging_mixin.py:188} INFO - [2024-11-18T08:41:30.707+0000] {dag.py:3954} INFO - Setting next_dagrun for example_setup_teardown to 2024-11-17 00:00:00+00:00, run_after=2024-11-18 00:00:00+00:00
[2024-11-18T08:41:30.753+0000] {processor.py:183} INFO - Processing /home/airflow/.local/lib/python3.12/site-packages/airflow/example_dags/example_setup_teardown.py took 0.124 seconds
[2024-11-18T08:42:01.126+0000] {processor.py:161} INFO - Started process (PID=3913) to work on /home/airflow/.local/lib/python3.12/site-packages/airflow/example_dags/example_setup_teardown.py
[2024-11-18T08:42:01.127+0000] {processor.py:830} INFO - Processing file /home/airflow/.local/lib/python3.12/site-packages/airflow/example_dags/example_setup_teardown.py for tasks to queue
[2024-11-18T08:42:01.130+0000] {logging_mixin.py:188} INFO - [2024-11-18T08:42:01.130+0000] {dagbag.py:545} INFO - Filling up the DagBag from /home/airflow/.local/lib/python3.12/site-packages/airflow/example_dags/example_setup_teardown.py
[2024-11-18T08:42:01.142+0000] {processor.py:840} INFO - DAG(s) 'example_setup_teardown' retrieved from /home/airflow/.local/lib/python3.12/site-packages/airflow/example_dags/example_setup_teardown.py
[2024-11-18T08:42:01.168+0000] {logging_mixin.py:188} INFO - [2024-11-18T08:42:01.167+0000] {dag.py:3096} INFO - Sync 1 DAGs
[2024-11-18T08:42:01.212+0000] {logging_mixin.py:188} INFO - [2024-11-18T08:42:01.211+0000] {dag.py:3954} INFO - Setting next_dagrun for example_setup_teardown to 2024-11-17 00:00:00+00:00, run_after=2024-11-18 00:00:00+00:00
[2024-11-18T08:42:01.234+0000] {processor.py:183} INFO - Processing /home/airflow/.local/lib/python3.12/site-packages/airflow/example_dags/example_setup_teardown.py took 0.114 seconds
[2024-11-18T08:42:32.415+0000] {processor.py:161} INFO - Started process (PID=4177) to work on /home/airflow/.local/lib/python3.12/site-packages/airflow/example_dags/example_setup_teardown.py
[2024-11-18T08:42:32.417+0000] {processor.py:830} INFO - Processing file /home/airflow/.local/lib/python3.12/site-packages/airflow/example_dags/example_setup_teardown.py for tasks to queue
[2024-11-18T08:42:32.420+0000] {logging_mixin.py:188} INFO - [2024-11-18T08:42:32.420+0000] {dagbag.py:545} INFO - Filling up the DagBag from /home/airflow/.local/lib/python3.12/site-packages/airflow/example_dags/example_setup_teardown.py
[2024-11-18T08:42:32.437+0000] {processor.py:840} INFO - DAG(s) 'example_setup_teardown' retrieved from /home/airflow/.local/lib/python3.12/site-packages/airflow/example_dags/example_setup_teardown.py
[2024-11-18T08:42:32.483+0000] {logging_mixin.py:188} INFO - [2024-11-18T08:42:32.482+0000] {dag.py:3096} INFO - Sync 1 DAGs
[2024-11-18T08:42:32.531+0000] {logging_mixin.py:188} INFO - [2024-11-18T08:42:32.531+0000] {dag.py:3954} INFO - Setting next_dagrun for example_setup_teardown to 2024-11-17 00:00:00+00:00, run_after=2024-11-18 00:00:00+00:00
[2024-11-18T08:42:32.584+0000] {processor.py:183} INFO - Processing /home/airflow/.local/lib/python3.12/site-packages/airflow/example_dags/example_setup_teardown.py took 0.182 seconds
[2024-11-18T08:43:02.732+0000] {processor.py:161} INFO - Started process (PID=4437) to work on /home/airflow/.local/lib/python3.12/site-packages/airflow/example_dags/example_setup_teardown.py
[2024-11-18T08:43:02.734+0000] {processor.py:830} INFO - Processing file /home/airflow/.local/lib/python3.12/site-packages/airflow/example_dags/example_setup_teardown.py for tasks to queue
[2024-11-18T08:43:02.736+0000] {logging_mixin.py:188} INFO - [2024-11-18T08:43:02.736+0000] {dagbag.py:545} INFO - Filling up the DagBag from /home/airflow/.local/lib/python3.12/site-packages/airflow/example_dags/example_setup_teardown.py
[2024-11-18T08:43:02.750+0000] {processor.py:840} INFO - DAG(s) 'example_setup_teardown' retrieved from /home/airflow/.local/lib/python3.12/site-packages/airflow/example_dags/example_setup_teardown.py
[2024-11-18T08:43:02.790+0000] {logging_mixin.py:188} INFO - [2024-11-18T08:43:02.790+0000] {dag.py:3096} INFO - Sync 1 DAGs
[2024-11-18T08:43:02.829+0000] {logging_mixin.py:188} INFO - [2024-11-18T08:43:02.829+0000] {dag.py:3954} INFO - Setting next_dagrun for example_setup_teardown to 2024-11-17 00:00:00+00:00, run_after=2024-11-18 00:00:00+00:00
[2024-11-18T08:43:02.869+0000] {processor.py:183} INFO - Processing /home/airflow/.local/lib/python3.12/site-packages/airflow/example_dags/example_setup_teardown.py took 0.149 seconds
[2024-11-18T08:43:33.061+0000] {processor.py:161} INFO - Started process (PID=4701) to work on /home/airflow/.local/lib/python3.12/site-packages/airflow/example_dags/example_setup_teardown.py
[2024-11-18T08:43:33.061+0000] {processor.py:830} INFO - Processing file /home/airflow/.local/lib/python3.12/site-packages/airflow/example_dags/example_setup_teardown.py for tasks to queue
[2024-11-18T08:43:33.063+0000] {logging_mixin.py:188} INFO - [2024-11-18T08:43:33.063+0000] {dagbag.py:545} INFO - Filling up the DagBag from /home/airflow/.local/lib/python3.12/site-packages/airflow/example_dags/example_setup_teardown.py
[2024-11-18T08:43:33.069+0000] {processor.py:840} INFO - DAG(s) 'example_setup_teardown' retrieved from /home/airflow/.local/lib/python3.12/site-packages/airflow/example_dags/example_setup_teardown.py
[2024-11-18T08:43:33.089+0000] {logging_mixin.py:188} INFO - [2024-11-18T08:43:33.088+0000] {dag.py:3096} INFO - Sync 1 DAGs
[2024-11-18T08:43:33.109+0000] {logging_mixin.py:188} INFO - [2024-11-18T08:43:33.109+0000] {dag.py:3954} INFO - Setting next_dagrun for example_setup_teardown to 2024-11-17 00:00:00+00:00, run_after=2024-11-18 00:00:00+00:00
[2024-11-18T08:43:33.132+0000] {processor.py:183} INFO - Processing /home/airflow/.local/lib/python3.12/site-packages/airflow/example_dags/example_setup_teardown.py took 0.077 seconds
[2024-11-18T08:44:03.307+0000] {processor.py:161} INFO - Started process (PID=4963) to work on /home/airflow/.local/lib/python3.12/site-packages/airflow/example_dags/example_setup_teardown.py
[2024-11-18T08:44:03.308+0000] {processor.py:830} INFO - Processing file /home/airflow/.local/lib/python3.12/site-packages/airflow/example_dags/example_setup_teardown.py for tasks to queue
[2024-11-18T08:44:03.310+0000] {logging_mixin.py:188} INFO - [2024-11-18T08:44:03.310+0000] {dagbag.py:545} INFO - Filling up the DagBag from /home/airflow/.local/lib/python3.12/site-packages/airflow/example_dags/example_setup_teardown.py
[2024-11-18T08:44:03.315+0000] {processor.py:840} INFO - DAG(s) 'example_setup_teardown' retrieved from /home/airflow/.local/lib/python3.12/site-packages/airflow/example_dags/example_setup_teardown.py
[2024-11-18T08:44:03.335+0000] {logging_mixin.py:188} INFO - [2024-11-18T08:44:03.335+0000] {dag.py:3096} INFO - Sync 1 DAGs
[2024-11-18T08:44:03.354+0000] {logging_mixin.py:188} INFO - [2024-11-18T08:44:03.354+0000] {dag.py:3954} INFO - Setting next_dagrun for example_setup_teardown to 2024-11-17 00:00:00+00:00, run_after=2024-11-18 00:00:00+00:00
[2024-11-18T08:44:03.372+0000] {processor.py:183} INFO - Processing /home/airflow/.local/lib/python3.12/site-packages/airflow/example_dags/example_setup_teardown.py took 0.070 seconds
[2024-11-18T08:44:33.483+0000] {processor.py:161} INFO - Started process (PID=5225) to work on /home/airflow/.local/lib/python3.12/site-packages/airflow/example_dags/example_setup_teardown.py
[2024-11-18T08:44:33.485+0000] {processor.py:830} INFO - Processing file /home/airflow/.local/lib/python3.12/site-packages/airflow/example_dags/example_setup_teardown.py for tasks to queue
[2024-11-18T08:44:33.486+0000] {logging_mixin.py:188} INFO - [2024-11-18T08:44:33.486+0000] {dagbag.py:545} INFO - Filling up the DagBag from /home/airflow/.local/lib/python3.12/site-packages/airflow/example_dags/example_setup_teardown.py
[2024-11-18T08:44:33.492+0000] {processor.py:840} INFO - DAG(s) 'example_setup_teardown' retrieved from /home/airflow/.local/lib/python3.12/site-packages/airflow/example_dags/example_setup_teardown.py
[2024-11-18T08:44:33.511+0000] {logging_mixin.py:188} INFO - [2024-11-18T08:44:33.510+0000] {dag.py:3096} INFO - Sync 1 DAGs
[2024-11-18T08:44:33.529+0000] {logging_mixin.py:188} INFO - [2024-11-18T08:44:33.528+0000] {dag.py:3954} INFO - Setting next_dagrun for example_setup_teardown to 2024-11-17 00:00:00+00:00, run_after=2024-11-18 00:00:00+00:00
[2024-11-18T08:44:33.547+0000] {processor.py:183} INFO - Processing /home/airflow/.local/lib/python3.12/site-packages/airflow/example_dags/example_setup_teardown.py took 0.068 seconds
[2024-11-18T08:45:03.889+0000] {processor.py:161} INFO - Started process (PID=5487) to work on /home/airflow/.local/lib/python3.12/site-packages/airflow/example_dags/example_setup_teardown.py
[2024-11-18T08:45:03.890+0000] {processor.py:830} INFO - Processing file /home/airflow/.local/lib/python3.12/site-packages/airflow/example_dags/example_setup_teardown.py for tasks to queue
[2024-11-18T08:45:03.892+0000] {logging_mixin.py:188} INFO - [2024-11-18T08:45:03.891+0000] {dagbag.py:545} INFO - Filling up the DagBag from /home/airflow/.local/lib/python3.12/site-packages/airflow/example_dags/example_setup_teardown.py
[2024-11-18T08:45:03.897+0000] {processor.py:840} INFO - DAG(s) 'example_setup_teardown' retrieved from /home/airflow/.local/lib/python3.12/site-packages/airflow/example_dags/example_setup_teardown.py
[2024-11-18T08:45:03.919+0000] {logging_mixin.py:188} INFO - [2024-11-18T08:45:03.919+0000] {dag.py:3096} INFO - Sync 1 DAGs
[2024-11-18T08:45:03.939+0000] {logging_mixin.py:188} INFO - [2024-11-18T08:45:03.939+0000] {dag.py:3954} INFO - Setting next_dagrun for example_setup_teardown to 2024-11-17 00:00:00+00:00, run_after=2024-11-18 00:00:00+00:00
[2024-11-18T08:45:03.970+0000] {processor.py:183} INFO - Processing /home/airflow/.local/lib/python3.12/site-packages/airflow/example_dags/example_setup_teardown.py took 0.086 seconds
[2024-11-18T08:45:34.150+0000] {processor.py:161} INFO - Started process (PID=5749) to work on /home/airflow/.local/lib/python3.12/site-packages/airflow/example_dags/example_setup_teardown.py
[2024-11-18T08:45:34.151+0000] {processor.py:830} INFO - Processing file /home/airflow/.local/lib/python3.12/site-packages/airflow/example_dags/example_setup_teardown.py for tasks to queue
[2024-11-18T08:45:34.152+0000] {logging_mixin.py:188} INFO - [2024-11-18T08:45:34.152+0000] {dagbag.py:545} INFO - Filling up the DagBag from /home/airflow/.local/lib/python3.12/site-packages/airflow/example_dags/example_setup_teardown.py
[2024-11-18T08:45:34.158+0000] {processor.py:840} INFO - DAG(s) 'example_setup_teardown' retrieved from /home/airflow/.local/lib/python3.12/site-packages/airflow/example_dags/example_setup_teardown.py
[2024-11-18T08:45:34.183+0000] {logging_mixin.py:188} INFO - [2024-11-18T08:45:34.182+0000] {dag.py:3096} INFO - Sync 1 DAGs
[2024-11-18T08:45:34.211+0000] {logging_mixin.py:188} INFO - [2024-11-18T08:45:34.211+0000] {dag.py:3954} INFO - Setting next_dagrun for example_setup_teardown to 2024-11-17 00:00:00+00:00, run_after=2024-11-18 00:00:00+00:00
[2024-11-18T08:45:34.238+0000] {processor.py:183} INFO - Processing /home/airflow/.local/lib/python3.12/site-packages/airflow/example_dags/example_setup_teardown.py took 0.094 seconds
[2024-11-18T08:46:04.297+0000] {processor.py:161} INFO - Started process (PID=6009) to work on /home/airflow/.local/lib/python3.12/site-packages/airflow/example_dags/example_setup_teardown.py
[2024-11-18T08:46:04.298+0000] {processor.py:830} INFO - Processing file /home/airflow/.local/lib/python3.12/site-packages/airflow/example_dags/example_setup_teardown.py for tasks to queue
[2024-11-18T08:46:04.300+0000] {logging_mixin.py:188} INFO - [2024-11-18T08:46:04.299+0000] {dagbag.py:545} INFO - Filling up the DagBag from /home/airflow/.local/lib/python3.12/site-packages/airflow/example_dags/example_setup_teardown.py
[2024-11-18T08:46:04.306+0000] {processor.py:840} INFO - DAG(s) 'example_setup_teardown' retrieved from /home/airflow/.local/lib/python3.12/site-packages/airflow/example_dags/example_setup_teardown.py
[2024-11-18T08:46:04.333+0000] {logging_mixin.py:188} INFO - [2024-11-18T08:46:04.333+0000] {dag.py:3096} INFO - Sync 1 DAGs
[2024-11-18T08:46:04.359+0000] {logging_mixin.py:188} INFO - [2024-11-18T08:46:04.359+0000] {dag.py:3954} INFO - Setting next_dagrun for example_setup_teardown to 2024-11-17 00:00:00+00:00, run_after=2024-11-18 00:00:00+00:00
[2024-11-18T08:46:04.389+0000] {processor.py:183} INFO - Processing /home/airflow/.local/lib/python3.12/site-packages/airflow/example_dags/example_setup_teardown.py took 0.097 seconds
[2024-11-18T08:46:34.494+0000] {processor.py:161} INFO - Started process (PID=6271) to work on /home/airflow/.local/lib/python3.12/site-packages/airflow/example_dags/example_setup_teardown.py
[2024-11-18T08:46:34.495+0000] {processor.py:830} INFO - Processing file /home/airflow/.local/lib/python3.12/site-packages/airflow/example_dags/example_setup_teardown.py for tasks to queue
[2024-11-18T08:46:34.496+0000] {logging_mixin.py:188} INFO - [2024-11-18T08:46:34.496+0000] {dagbag.py:545} INFO - Filling up the DagBag from /home/airflow/.local/lib/python3.12/site-packages/airflow/example_dags/example_setup_teardown.py
[2024-11-18T08:46:34.502+0000] {processor.py:840} INFO - DAG(s) 'example_setup_teardown' retrieved from /home/airflow/.local/lib/python3.12/site-packages/airflow/example_dags/example_setup_teardown.py
[2024-11-18T08:46:34.521+0000] {logging_mixin.py:188} INFO - [2024-11-18T08:46:34.521+0000] {dag.py:3096} INFO - Sync 1 DAGs
[2024-11-18T08:46:34.543+0000] {logging_mixin.py:188} INFO - [2024-11-18T08:46:34.543+0000] {dag.py:3954} INFO - Setting next_dagrun for example_setup_teardown to 2024-11-17 00:00:00+00:00, run_after=2024-11-18 00:00:00+00:00
[2024-11-18T08:46:34.564+0000] {processor.py:183} INFO - Processing /home/airflow/.local/lib/python3.12/site-packages/airflow/example_dags/example_setup_teardown.py took 0.075 seconds
[2024-11-18T08:47:04.738+0000] {processor.py:161} INFO - Started process (PID=6533) to work on /home/airflow/.local/lib/python3.12/site-packages/airflow/example_dags/example_setup_teardown.py
[2024-11-18T08:47:04.739+0000] {processor.py:830} INFO - Processing file /home/airflow/.local/lib/python3.12/site-packages/airflow/example_dags/example_setup_teardown.py for tasks to queue
[2024-11-18T08:47:04.741+0000] {logging_mixin.py:188} INFO - [2024-11-18T08:47:04.740+0000] {dagbag.py:545} INFO - Filling up the DagBag from /home/airflow/.local/lib/python3.12/site-packages/airflow/example_dags/example_setup_teardown.py
[2024-11-18T08:47:04.746+0000] {processor.py:840} INFO - DAG(s) 'example_setup_teardown' retrieved from /home/airflow/.local/lib/python3.12/site-packages/airflow/example_dags/example_setup_teardown.py
[2024-11-18T08:47:04.765+0000] {logging_mixin.py:188} INFO - [2024-11-18T08:47:04.765+0000] {dag.py:3096} INFO - Sync 1 DAGs
[2024-11-18T08:47:04.787+0000] {logging_mixin.py:188} INFO - [2024-11-18T08:47:04.787+0000] {dag.py:3954} INFO - Setting next_dagrun for example_setup_teardown to 2024-11-17 00:00:00+00:00, run_after=2024-11-18 00:00:00+00:00
[2024-11-18T08:47:04.818+0000] {processor.py:183} INFO - Processing /home/airflow/.local/lib/python3.12/site-packages/airflow/example_dags/example_setup_teardown.py took 0.085 seconds
[2024-11-18T08:47:35.100+0000] {processor.py:161} INFO - Started process (PID=6795) to work on /home/airflow/.local/lib/python3.12/site-packages/airflow/example_dags/example_setup_teardown.py
[2024-11-18T08:47:35.100+0000] {processor.py:830} INFO - Processing file /home/airflow/.local/lib/python3.12/site-packages/airflow/example_dags/example_setup_teardown.py for tasks to queue
[2024-11-18T08:47:35.102+0000] {logging_mixin.py:188} INFO - [2024-11-18T08:47:35.102+0000] {dagbag.py:545} INFO - Filling up the DagBag from /home/airflow/.local/lib/python3.12/site-packages/airflow/example_dags/example_setup_teardown.py
[2024-11-18T08:47:35.108+0000] {processor.py:840} INFO - DAG(s) 'example_setup_teardown' retrieved from /home/airflow/.local/lib/python3.12/site-packages/airflow/example_dags/example_setup_teardown.py
[2024-11-18T08:47:35.129+0000] {logging_mixin.py:188} INFO - [2024-11-18T08:47:35.128+0000] {dag.py:3096} INFO - Sync 1 DAGs
[2024-11-18T08:47:35.150+0000] {logging_mixin.py:188} INFO - [2024-11-18T08:47:35.150+0000] {dag.py:3954} INFO - Setting next_dagrun for example_setup_teardown to 2024-11-17 00:00:00+00:00, run_after=2024-11-18 00:00:00+00:00
[2024-11-18T08:47:35.169+0000] {processor.py:183} INFO - Processing /home/airflow/.local/lib/python3.12/site-packages/airflow/example_dags/example_setup_teardown.py took 0.075 seconds
[2024-11-18T08:48:05.561+0000] {processor.py:161} INFO - Started process (PID=7059) to work on /home/airflow/.local/lib/python3.12/site-packages/airflow/example_dags/example_setup_teardown.py
[2024-11-18T08:48:05.562+0000] {processor.py:830} INFO - Processing file /home/airflow/.local/lib/python3.12/site-packages/airflow/example_dags/example_setup_teardown.py for tasks to queue
[2024-11-18T08:48:05.564+0000] {logging_mixin.py:188} INFO - [2024-11-18T08:48:05.564+0000] {dagbag.py:545} INFO - Filling up the DagBag from /home/airflow/.local/lib/python3.12/site-packages/airflow/example_dags/example_setup_teardown.py
[2024-11-18T08:48:05.570+0000] {processor.py:840} INFO - DAG(s) 'example_setup_teardown' retrieved from /home/airflow/.local/lib/python3.12/site-packages/airflow/example_dags/example_setup_teardown.py
[2024-11-18T08:48:05.589+0000] {logging_mixin.py:188} INFO - [2024-11-18T08:48:05.589+0000] {dag.py:3096} INFO - Sync 1 DAGs
[2024-11-18T08:48:05.610+0000] {logging_mixin.py:188} INFO - [2024-11-18T08:48:05.609+0000] {dag.py:3954} INFO - Setting next_dagrun for example_setup_teardown to 2024-11-17 00:00:00+00:00, run_after=2024-11-18 00:00:00+00:00
[2024-11-18T08:48:05.638+0000] {processor.py:183} INFO - Processing /home/airflow/.local/lib/python3.12/site-packages/airflow/example_dags/example_setup_teardown.py took 0.082 seconds
[2024-11-18T08:48:35.932+0000] {processor.py:161} INFO - Started process (PID=7319) to work on /home/airflow/.local/lib/python3.12/site-packages/airflow/example_dags/example_setup_teardown.py
[2024-11-18T08:48:35.933+0000] {processor.py:830} INFO - Processing file /home/airflow/.local/lib/python3.12/site-packages/airflow/example_dags/example_setup_teardown.py for tasks to queue
[2024-11-18T08:48:35.935+0000] {logging_mixin.py:188} INFO - [2024-11-18T08:48:35.935+0000] {dagbag.py:545} INFO - Filling up the DagBag from /home/airflow/.local/lib/python3.12/site-packages/airflow/example_dags/example_setup_teardown.py
[2024-11-18T08:48:35.942+0000] {processor.py:840} INFO - DAG(s) 'example_setup_teardown' retrieved from /home/airflow/.local/lib/python3.12/site-packages/airflow/example_dags/example_setup_teardown.py
[2024-11-18T08:48:35.965+0000] {logging_mixin.py:188} INFO - [2024-11-18T08:48:35.964+0000] {dag.py:3096} INFO - Sync 1 DAGs
[2024-11-18T08:48:35.985+0000] {logging_mixin.py:188} INFO - [2024-11-18T08:48:35.985+0000] {dag.py:3954} INFO - Setting next_dagrun for example_setup_teardown to 2024-11-17 00:00:00+00:00, run_after=2024-11-18 00:00:00+00:00
[2024-11-18T08:48:36.008+0000] {processor.py:183} INFO - Processing /home/airflow/.local/lib/python3.12/site-packages/airflow/example_dags/example_setup_teardown.py took 0.080 seconds
[2024-11-18T08:49:06.473+0000] {processor.py:161} INFO - Started process (PID=7583) to work on /home/airflow/.local/lib/python3.12/site-packages/airflow/example_dags/example_setup_teardown.py
[2024-11-18T08:49:06.474+0000] {processor.py:830} INFO - Processing file /home/airflow/.local/lib/python3.12/site-packages/airflow/example_dags/example_setup_teardown.py for tasks to queue
[2024-11-18T08:49:06.477+0000] {logging_mixin.py:188} INFO - [2024-11-18T08:49:06.476+0000] {dagbag.py:545} INFO - Filling up the DagBag from /home/airflow/.local/lib/python3.12/site-packages/airflow/example_dags/example_setup_teardown.py
[2024-11-18T08:49:06.483+0000] {processor.py:840} INFO - DAG(s) 'example_setup_teardown' retrieved from /home/airflow/.local/lib/python3.12/site-packages/airflow/example_dags/example_setup_teardown.py
[2024-11-18T08:49:06.504+0000] {logging_mixin.py:188} INFO - [2024-11-18T08:49:06.504+0000] {dag.py:3096} INFO - Sync 1 DAGs
[2024-11-18T08:49:06.524+0000] {logging_mixin.py:188} INFO - [2024-11-18T08:49:06.523+0000] {dag.py:3954} INFO - Setting next_dagrun for example_setup_teardown to 2024-11-17 00:00:00+00:00, run_after=2024-11-18 00:00:00+00:00
[2024-11-18T08:49:06.553+0000] {processor.py:183} INFO - Processing /home/airflow/.local/lib/python3.12/site-packages/airflow/example_dags/example_setup_teardown.py took 0.085 seconds
[2024-11-18T08:49:36.695+0000] {processor.py:161} INFO - Started process (PID=7843) to work on /home/airflow/.local/lib/python3.12/site-packages/airflow/example_dags/example_setup_teardown.py
[2024-11-18T08:49:36.697+0000] {processor.py:830} INFO - Processing file /home/airflow/.local/lib/python3.12/site-packages/airflow/example_dags/example_setup_teardown.py for tasks to queue
[2024-11-18T08:49:36.700+0000] {logging_mixin.py:188} INFO - [2024-11-18T08:49:36.699+0000] {dagbag.py:545} INFO - Filling up the DagBag from /home/airflow/.local/lib/python3.12/site-packages/airflow/example_dags/example_setup_teardown.py
[2024-11-18T08:49:36.707+0000] {processor.py:840} INFO - DAG(s) 'example_setup_teardown' retrieved from /home/airflow/.local/lib/python3.12/site-packages/airflow/example_dags/example_setup_teardown.py
[2024-11-18T08:49:36.731+0000] {logging_mixin.py:188} INFO - [2024-11-18T08:49:36.731+0000] {dag.py:3096} INFO - Sync 1 DAGs
[2024-11-18T08:49:36.754+0000] {logging_mixin.py:188} INFO - [2024-11-18T08:49:36.754+0000] {dag.py:3954} INFO - Setting next_dagrun for example_setup_teardown to 2024-11-17 00:00:00+00:00, run_after=2024-11-18 00:00:00+00:00
[2024-11-18T08:49:36.791+0000] {processor.py:183} INFO - Processing /home/airflow/.local/lib/python3.12/site-packages/airflow/example_dags/example_setup_teardown.py took 0.102 seconds
[2024-11-18T08:50:06.985+0000] {processor.py:161} INFO - Started process (PID=8107) to work on /home/airflow/.local/lib/python3.12/site-packages/airflow/example_dags/example_setup_teardown.py
[2024-11-18T08:50:06.987+0000] {processor.py:830} INFO - Processing file /home/airflow/.local/lib/python3.12/site-packages/airflow/example_dags/example_setup_teardown.py for tasks to queue
[2024-11-18T08:50:06.988+0000] {logging_mixin.py:188} INFO - [2024-11-18T08:50:06.988+0000] {dagbag.py:545} INFO - Filling up the DagBag from /home/airflow/.local/lib/python3.12/site-packages/airflow/example_dags/example_setup_teardown.py
[2024-11-18T08:50:06.994+0000] {processor.py:840} INFO - DAG(s) 'example_setup_teardown' retrieved from /home/airflow/.local/lib/python3.12/site-packages/airflow/example_dags/example_setup_teardown.py
[2024-11-18T08:50:07.013+0000] {logging_mixin.py:188} INFO - [2024-11-18T08:50:07.013+0000] {dag.py:3096} INFO - Sync 1 DAGs
[2024-11-18T08:50:07.032+0000] {logging_mixin.py:188} INFO - [2024-11-18T08:50:07.032+0000] {dag.py:3954} INFO - Setting next_dagrun for example_setup_teardown to 2024-11-17 00:00:00+00:00, run_after=2024-11-18 00:00:00+00:00
[2024-11-18T08:50:07.060+0000] {processor.py:183} INFO - Processing /home/airflow/.local/lib/python3.12/site-packages/airflow/example_dags/example_setup_teardown.py took 0.080 seconds
[2024-11-18T08:50:37.343+0000] {processor.py:161} INFO - Started process (PID=8369) to work on /home/airflow/.local/lib/python3.12/site-packages/airflow/example_dags/example_setup_teardown.py
[2024-11-18T08:50:37.344+0000] {processor.py:830} INFO - Processing file /home/airflow/.local/lib/python3.12/site-packages/airflow/example_dags/example_setup_teardown.py for tasks to queue
[2024-11-18T08:50:37.346+0000] {logging_mixin.py:188} INFO - [2024-11-18T08:50:37.346+0000] {dagbag.py:545} INFO - Filling up the DagBag from /home/airflow/.local/lib/python3.12/site-packages/airflow/example_dags/example_setup_teardown.py
[2024-11-18T08:50:37.352+0000] {processor.py:840} INFO - DAG(s) 'example_setup_teardown' retrieved from /home/airflow/.local/lib/python3.12/site-packages/airflow/example_dags/example_setup_teardown.py
[2024-11-18T08:50:37.371+0000] {logging_mixin.py:188} INFO - [2024-11-18T08:50:37.370+0000] {dag.py:3096} INFO - Sync 1 DAGs
[2024-11-18T08:50:37.389+0000] {logging_mixin.py:188} INFO - [2024-11-18T08:50:37.389+0000] {dag.py:3954} INFO - Setting next_dagrun for example_setup_teardown to 2024-11-17 00:00:00+00:00, run_after=2024-11-18 00:00:00+00:00
[2024-11-18T08:50:37.418+0000] {processor.py:183} INFO - Processing /home/airflow/.local/lib/python3.12/site-packages/airflow/example_dags/example_setup_teardown.py took 0.080 seconds
[2024-11-18T08:51:07.740+0000] {processor.py:161} INFO - Started process (PID=8632) to work on /home/airflow/.local/lib/python3.12/site-packages/airflow/example_dags/example_setup_teardown.py
[2024-11-18T08:51:07.741+0000] {processor.py:830} INFO - Processing file /home/airflow/.local/lib/python3.12/site-packages/airflow/example_dags/example_setup_teardown.py for tasks to queue
[2024-11-18T08:51:07.742+0000] {logging_mixin.py:188} INFO - [2024-11-18T08:51:07.742+0000] {dagbag.py:545} INFO - Filling up the DagBag from /home/airflow/.local/lib/python3.12/site-packages/airflow/example_dags/example_setup_teardown.py
[2024-11-18T08:51:07.749+0000] {processor.py:840} INFO - DAG(s) 'example_setup_teardown' retrieved from /home/airflow/.local/lib/python3.12/site-packages/airflow/example_dags/example_setup_teardown.py
[2024-11-18T08:51:07.770+0000] {logging_mixin.py:188} INFO - [2024-11-18T08:51:07.769+0000] {dag.py:3096} INFO - Sync 1 DAGs
[2024-11-18T08:51:07.795+0000] {logging_mixin.py:188} INFO - [2024-11-18T08:51:07.795+0000] {dag.py:3954} INFO - Setting next_dagrun for example_setup_teardown to 2024-11-17 00:00:00+00:00, run_after=2024-11-18 00:00:00+00:00
[2024-11-18T08:51:07.825+0000] {processor.py:183} INFO - Processing /home/airflow/.local/lib/python3.12/site-packages/airflow/example_dags/example_setup_teardown.py took 0.092 seconds
[2024-11-18T08:51:38.192+0000] {processor.py:161} INFO - Started process (PID=8894) to work on /home/airflow/.local/lib/python3.12/site-packages/airflow/example_dags/example_setup_teardown.py
[2024-11-18T08:51:38.193+0000] {processor.py:830} INFO - Processing file /home/airflow/.local/lib/python3.12/site-packages/airflow/example_dags/example_setup_teardown.py for tasks to queue
[2024-11-18T08:51:38.195+0000] {logging_mixin.py:188} INFO - [2024-11-18T08:51:38.194+0000] {dagbag.py:545} INFO - Filling up the DagBag from /home/airflow/.local/lib/python3.12/site-packages/airflow/example_dags/example_setup_teardown.py
[2024-11-18T08:51:38.200+0000] {processor.py:840} INFO - DAG(s) 'example_setup_teardown' retrieved from /home/airflow/.local/lib/python3.12/site-packages/airflow/example_dags/example_setup_teardown.py
[2024-11-18T08:51:38.220+0000] {logging_mixin.py:188} INFO - [2024-11-18T08:51:38.220+0000] {dag.py:3096} INFO - Sync 1 DAGs
[2024-11-18T08:51:38.241+0000] {logging_mixin.py:188} INFO - [2024-11-18T08:51:38.241+0000] {dag.py:3954} INFO - Setting next_dagrun for example_setup_teardown to 2024-11-17 00:00:00+00:00, run_after=2024-11-18 00:00:00+00:00
[2024-11-18T08:51:38.272+0000] {processor.py:183} INFO - Processing /home/airflow/.local/lib/python3.12/site-packages/airflow/example_dags/example_setup_teardown.py took 0.085 seconds
[2024-11-18T08:52:08.638+0000] {processor.py:161} INFO - Started process (PID=9156) to work on /home/airflow/.local/lib/python3.12/site-packages/airflow/example_dags/example_setup_teardown.py
[2024-11-18T08:52:08.639+0000] {processor.py:830} INFO - Processing file /home/airflow/.local/lib/python3.12/site-packages/airflow/example_dags/example_setup_teardown.py for tasks to queue
[2024-11-18T08:52:08.641+0000] {logging_mixin.py:188} INFO - [2024-11-18T08:52:08.641+0000] {dagbag.py:545} INFO - Filling up the DagBag from /home/airflow/.local/lib/python3.12/site-packages/airflow/example_dags/example_setup_teardown.py
[2024-11-18T08:52:08.647+0000] {processor.py:840} INFO - DAG(s) 'example_setup_teardown' retrieved from /home/airflow/.local/lib/python3.12/site-packages/airflow/example_dags/example_setup_teardown.py
[2024-11-18T08:52:08.669+0000] {logging_mixin.py:188} INFO - [2024-11-18T08:52:08.669+0000] {dag.py:3096} INFO - Sync 1 DAGs
[2024-11-18T08:52:08.689+0000] {logging_mixin.py:188} INFO - [2024-11-18T08:52:08.689+0000] {dag.py:3954} INFO - Setting next_dagrun for example_setup_teardown to 2024-11-17 00:00:00+00:00, run_after=2024-11-18 00:00:00+00:00
[2024-11-18T08:52:08.723+0000] {processor.py:183} INFO - Processing /home/airflow/.local/lib/python3.12/site-packages/airflow/example_dags/example_setup_teardown.py took 0.090 seconds
[2024-11-18T08:52:39.304+0000] {processor.py:161} INFO - Started process (PID=9418) to work on /home/airflow/.local/lib/python3.12/site-packages/airflow/example_dags/example_setup_teardown.py
[2024-11-18T08:52:39.305+0000] {processor.py:830} INFO - Processing file /home/airflow/.local/lib/python3.12/site-packages/airflow/example_dags/example_setup_teardown.py for tasks to queue
[2024-11-18T08:52:39.307+0000] {logging_mixin.py:188} INFO - [2024-11-18T08:52:39.306+0000] {dagbag.py:545} INFO - Filling up the DagBag from /home/airflow/.local/lib/python3.12/site-packages/airflow/example_dags/example_setup_teardown.py
[2024-11-18T08:52:39.313+0000] {processor.py:840} INFO - DAG(s) 'example_setup_teardown' retrieved from /home/airflow/.local/lib/python3.12/site-packages/airflow/example_dags/example_setup_teardown.py
[2024-11-18T08:52:39.333+0000] {logging_mixin.py:188} INFO - [2024-11-18T08:52:39.333+0000] {dag.py:3096} INFO - Sync 1 DAGs
[2024-11-18T08:52:39.353+0000] {logging_mixin.py:188} INFO - [2024-11-18T08:52:39.353+0000] {dag.py:3954} INFO - Setting next_dagrun for example_setup_teardown to 2024-11-17 00:00:00+00:00, run_after=2024-11-18 00:00:00+00:00
[2024-11-18T08:52:39.382+0000] {processor.py:183} INFO - Processing /home/airflow/.local/lib/python3.12/site-packages/airflow/example_dags/example_setup_teardown.py took 0.083 seconds
[2024-11-18T08:53:09.633+0000] {processor.py:161} INFO - Started process (PID=9678) to work on /home/airflow/.local/lib/python3.12/site-packages/airflow/example_dags/example_setup_teardown.py
[2024-11-18T08:53:09.634+0000] {processor.py:830} INFO - Processing file /home/airflow/.local/lib/python3.12/site-packages/airflow/example_dags/example_setup_teardown.py for tasks to queue
[2024-11-18T08:53:09.636+0000] {logging_mixin.py:188} INFO - [2024-11-18T08:53:09.636+0000] {dagbag.py:545} INFO - Filling up the DagBag from /home/airflow/.local/lib/python3.12/site-packages/airflow/example_dags/example_setup_teardown.py
[2024-11-18T08:53:09.642+0000] {processor.py:840} INFO - DAG(s) 'example_setup_teardown' retrieved from /home/airflow/.local/lib/python3.12/site-packages/airflow/example_dags/example_setup_teardown.py
[2024-11-18T08:53:09.664+0000] {logging_mixin.py:188} INFO - [2024-11-18T08:53:09.664+0000] {dag.py:3096} INFO - Sync 1 DAGs
[2024-11-18T08:53:09.685+0000] {logging_mixin.py:188} INFO - [2024-11-18T08:53:09.685+0000] {dag.py:3954} INFO - Setting next_dagrun for example_setup_teardown to 2024-11-17 00:00:00+00:00, run_after=2024-11-18 00:00:00+00:00
[2024-11-18T08:53:09.717+0000] {processor.py:183} INFO - Processing /home/airflow/.local/lib/python3.12/site-packages/airflow/example_dags/example_setup_teardown.py took 0.089 seconds
