[2024-11-18T08:34:55.396+0000] {processor.py:161} INFO - Started process (PID=240) to work on /home/airflow/.local/lib/python3.12/site-packages/airflow/example_dags/example_short_circuit_decorator.py
[2024-11-18T08:34:55.398+0000] {processor.py:830} INFO - Processing file /home/airflow/.local/lib/python3.12/site-packages/airflow/example_dags/example_short_circuit_decorator.py for tasks to queue
[2024-11-18T08:34:55.401+0000] {logging_mixin.py:188} INFO - [2024-11-18T08:34:55.400+0000] {dagbag.py:545} INFO - Filling up the DagBag from /home/airflow/.local/lib/python3.12/site-packages/airflow/example_dags/example_short_circuit_decorator.py
[2024-11-18T08:34:55.422+0000] {processor.py:840} INFO - DAG(s) 'example_short_circuit_decorator' retrieved from /home/airflow/.local/lib/python3.12/site-packages/airflow/example_dags/example_short_circuit_decorator.py
[2024-11-18T08:34:55.605+0000] {logging_mixin.py:188} INFO - [2024-11-18T08:34:55.604+0000] {override.py:1829} INFO - Created Permission View: can delete on DAG:example_short_circuit_decorator
[2024-11-18T08:34:55.620+0000] {logging_mixin.py:188} INFO - [2024-11-18T08:34:55.620+0000] {override.py:1829} INFO - Created Permission View: can edit on DAG:example_short_circuit_decorator
[2024-11-18T08:34:55.630+0000] {logging_mixin.py:188} INFO - [2024-11-18T08:34:55.629+0000] {override.py:1829} INFO - Created Permission View: can read on DAG:example_short_circuit_decorator
[2024-11-18T08:34:55.630+0000] {logging_mixin.py:188} INFO - [2024-11-18T08:34:55.630+0000] {dag.py:3096} INFO - Sync 1 DAGs
[2024-11-18T08:34:55.646+0000] {logging_mixin.py:188} INFO - [2024-11-18T08:34:55.646+0000] {dag.py:3118} INFO - Creating ORM DAG for example_short_circuit_decorator
[2024-11-18T08:34:55.661+0000] {logging_mixin.py:188} INFO - [2024-11-18T08:34:55.660+0000] {dag.py:3954} INFO - Setting next_dagrun for example_short_circuit_decorator to 2024-11-17 00:00:00+00:00, run_after=2024-11-18 00:00:00+00:00
[2024-11-18T08:34:55.688+0000] {processor.py:183} INFO - Processing /home/airflow/.local/lib/python3.12/site-packages/airflow/example_dags/example_short_circuit_decorator.py took 0.299 seconds
[2024-11-18T08:35:26.236+0000] {processor.py:161} INFO - Started process (PID=502) to work on /home/airflow/.local/lib/python3.12/site-packages/airflow/example_dags/example_short_circuit_decorator.py
[2024-11-18T08:35:26.238+0000] {processor.py:830} INFO - Processing file /home/airflow/.local/lib/python3.12/site-packages/airflow/example_dags/example_short_circuit_decorator.py for tasks to queue
[2024-11-18T08:35:26.240+0000] {logging_mixin.py:188} INFO - [2024-11-18T08:35:26.239+0000] {dagbag.py:545} INFO - Filling up the DagBag from /home/airflow/.local/lib/python3.12/site-packages/airflow/example_dags/example_short_circuit_decorator.py
[2024-11-18T08:35:26.249+0000] {processor.py:840} INFO - DAG(s) 'example_short_circuit_decorator' retrieved from /home/airflow/.local/lib/python3.12/site-packages/airflow/example_dags/example_short_circuit_decorator.py
[2024-11-18T08:35:26.273+0000] {logging_mixin.py:188} INFO - [2024-11-18T08:35:26.273+0000] {dag.py:3096} INFO - Sync 1 DAGs
[2024-11-18T08:35:26.299+0000] {logging_mixin.py:188} INFO - [2024-11-18T08:35:26.298+0000] {dag.py:3954} INFO - Setting next_dagrun for example_short_circuit_decorator to 2024-11-17 00:00:00+00:00, run_after=2024-11-18 00:00:00+00:00
[2024-11-18T08:35:26.322+0000] {processor.py:183} INFO - Processing /home/airflow/.local/lib/python3.12/site-packages/airflow/example_dags/example_short_circuit_decorator.py took 0.091 seconds
[2024-11-18T08:35:56.608+0000] {processor.py:161} INFO - Started process (PID=764) to work on /home/airflow/.local/lib/python3.12/site-packages/airflow/example_dags/example_short_circuit_decorator.py
[2024-11-18T08:35:56.609+0000] {processor.py:830} INFO - Processing file /home/airflow/.local/lib/python3.12/site-packages/airflow/example_dags/example_short_circuit_decorator.py for tasks to queue
[2024-11-18T08:35:56.611+0000] {logging_mixin.py:188} INFO - [2024-11-18T08:35:56.610+0000] {dagbag.py:545} INFO - Filling up the DagBag from /home/airflow/.local/lib/python3.12/site-packages/airflow/example_dags/example_short_circuit_decorator.py
[2024-11-18T08:35:56.620+0000] {processor.py:840} INFO - DAG(s) 'example_short_circuit_decorator' retrieved from /home/airflow/.local/lib/python3.12/site-packages/airflow/example_dags/example_short_circuit_decorator.py
[2024-11-18T08:35:56.642+0000] {logging_mixin.py:188} INFO - [2024-11-18T08:35:56.642+0000] {dag.py:3096} INFO - Sync 1 DAGs
[2024-11-18T08:35:56.662+0000] {logging_mixin.py:188} INFO - [2024-11-18T08:35:56.662+0000] {dag.py:3954} INFO - Setting next_dagrun for example_short_circuit_decorator to 2024-11-17 00:00:00+00:00, run_after=2024-11-18 00:00:00+00:00
[2024-11-18T08:35:56.684+0000] {processor.py:183} INFO - Processing /home/airflow/.local/lib/python3.12/site-packages/airflow/example_dags/example_short_circuit_decorator.py took 0.083 seconds
[2024-11-18T08:36:27.142+0000] {processor.py:161} INFO - Started process (PID=1026) to work on /home/airflow/.local/lib/python3.12/site-packages/airflow/example_dags/example_short_circuit_decorator.py
[2024-11-18T08:36:27.144+0000] {processor.py:830} INFO - Processing file /home/airflow/.local/lib/python3.12/site-packages/airflow/example_dags/example_short_circuit_decorator.py for tasks to queue
[2024-11-18T08:36:27.146+0000] {logging_mixin.py:188} INFO - [2024-11-18T08:36:27.146+0000] {dagbag.py:545} INFO - Filling up the DagBag from /home/airflow/.local/lib/python3.12/site-packages/airflow/example_dags/example_short_circuit_decorator.py
[2024-11-18T08:36:27.161+0000] {processor.py:840} INFO - DAG(s) 'example_short_circuit_decorator' retrieved from /home/airflow/.local/lib/python3.12/site-packages/airflow/example_dags/example_short_circuit_decorator.py
[2024-11-18T08:36:27.188+0000] {logging_mixin.py:188} INFO - [2024-11-18T08:36:27.188+0000] {dag.py:3096} INFO - Sync 1 DAGs
[2024-11-18T08:36:27.210+0000] {logging_mixin.py:188} INFO - [2024-11-18T08:36:27.210+0000] {dag.py:3954} INFO - Setting next_dagrun for example_short_circuit_decorator to 2024-11-17 00:00:00+00:00, run_after=2024-11-18 00:00:00+00:00
[2024-11-18T08:36:27.229+0000] {processor.py:183} INFO - Processing /home/airflow/.local/lib/python3.12/site-packages/airflow/example_dags/example_short_circuit_decorator.py took 0.099 seconds
[2024-11-18T08:36:57.307+0000] {processor.py:161} INFO - Started process (PID=1288) to work on /home/airflow/.local/lib/python3.12/site-packages/airflow/example_dags/example_short_circuit_decorator.py
[2024-11-18T08:36:57.308+0000] {processor.py:830} INFO - Processing file /home/airflow/.local/lib/python3.12/site-packages/airflow/example_dags/example_short_circuit_decorator.py for tasks to queue
[2024-11-18T08:36:57.311+0000] {logging_mixin.py:188} INFO - [2024-11-18T08:36:57.310+0000] {dagbag.py:545} INFO - Filling up the DagBag from /home/airflow/.local/lib/python3.12/site-packages/airflow/example_dags/example_short_circuit_decorator.py
[2024-11-18T08:36:57.322+0000] {processor.py:840} INFO - DAG(s) 'example_short_circuit_decorator' retrieved from /home/airflow/.local/lib/python3.12/site-packages/airflow/example_dags/example_short_circuit_decorator.py
[2024-11-18T08:36:57.349+0000] {logging_mixin.py:188} INFO - [2024-11-18T08:36:57.349+0000] {dag.py:3096} INFO - Sync 1 DAGs
[2024-11-18T08:36:57.379+0000] {logging_mixin.py:188} INFO - [2024-11-18T08:36:57.379+0000] {dag.py:3954} INFO - Setting next_dagrun for example_short_circuit_decorator to 2024-11-17 00:00:00+00:00, run_after=2024-11-18 00:00:00+00:00
[2024-11-18T08:36:57.403+0000] {processor.py:183} INFO - Processing /home/airflow/.local/lib/python3.12/site-packages/airflow/example_dags/example_short_circuit_decorator.py took 0.104 seconds
[2024-11-18T08:37:27.565+0000] {processor.py:161} INFO - Started process (PID=1550) to work on /home/airflow/.local/lib/python3.12/site-packages/airflow/example_dags/example_short_circuit_decorator.py
[2024-11-18T08:37:27.566+0000] {processor.py:830} INFO - Processing file /home/airflow/.local/lib/python3.12/site-packages/airflow/example_dags/example_short_circuit_decorator.py for tasks to queue
[2024-11-18T08:37:27.568+0000] {logging_mixin.py:188} INFO - [2024-11-18T08:37:27.568+0000] {dagbag.py:545} INFO - Filling up the DagBag from /home/airflow/.local/lib/python3.12/site-packages/airflow/example_dags/example_short_circuit_decorator.py
[2024-11-18T08:37:27.579+0000] {processor.py:840} INFO - DAG(s) 'example_short_circuit_decorator' retrieved from /home/airflow/.local/lib/python3.12/site-packages/airflow/example_dags/example_short_circuit_decorator.py
[2024-11-18T08:37:27.601+0000] {logging_mixin.py:188} INFO - [2024-11-18T08:37:27.600+0000] {dag.py:3096} INFO - Sync 1 DAGs
[2024-11-18T08:37:27.620+0000] {logging_mixin.py:188} INFO - [2024-11-18T08:37:27.620+0000] {dag.py:3954} INFO - Setting next_dagrun for example_short_circuit_decorator to 2024-11-17 00:00:00+00:00, run_after=2024-11-18 00:00:00+00:00
[2024-11-18T08:37:27.637+0000] {processor.py:183} INFO - Processing /home/airflow/.local/lib/python3.12/site-packages/airflow/example_dags/example_short_circuit_decorator.py took 0.077 seconds
[2024-11-18T08:37:57.811+0000] {processor.py:161} INFO - Started process (PID=1812) to work on /home/airflow/.local/lib/python3.12/site-packages/airflow/example_dags/example_short_circuit_decorator.py
[2024-11-18T08:37:57.811+0000] {processor.py:830} INFO - Processing file /home/airflow/.local/lib/python3.12/site-packages/airflow/example_dags/example_short_circuit_decorator.py for tasks to queue
[2024-11-18T08:37:57.813+0000] {logging_mixin.py:188} INFO - [2024-11-18T08:37:57.813+0000] {dagbag.py:545} INFO - Filling up the DagBag from /home/airflow/.local/lib/python3.12/site-packages/airflow/example_dags/example_short_circuit_decorator.py
[2024-11-18T08:37:57.821+0000] {processor.py:840} INFO - DAG(s) 'example_short_circuit_decorator' retrieved from /home/airflow/.local/lib/python3.12/site-packages/airflow/example_dags/example_short_circuit_decorator.py
[2024-11-18T08:37:57.843+0000] {logging_mixin.py:188} INFO - [2024-11-18T08:37:57.843+0000] {dag.py:3096} INFO - Sync 1 DAGs
[2024-11-18T08:37:57.863+0000] {logging_mixin.py:188} INFO - [2024-11-18T08:37:57.863+0000] {dag.py:3954} INFO - Setting next_dagrun for example_short_circuit_decorator to 2024-11-17 00:00:00+00:00, run_after=2024-11-18 00:00:00+00:00
[2024-11-18T08:37:57.884+0000] {processor.py:183} INFO - Processing /home/airflow/.local/lib/python3.12/site-packages/airflow/example_dags/example_short_circuit_decorator.py took 0.079 seconds
[2024-11-18T08:38:28.469+0000] {processor.py:161} INFO - Started process (PID=2076) to work on /home/airflow/.local/lib/python3.12/site-packages/airflow/example_dags/example_short_circuit_decorator.py
[2024-11-18T08:38:28.470+0000] {processor.py:830} INFO - Processing file /home/airflow/.local/lib/python3.12/site-packages/airflow/example_dags/example_short_circuit_decorator.py for tasks to queue
[2024-11-18T08:38:28.475+0000] {logging_mixin.py:188} INFO - [2024-11-18T08:38:28.472+0000] {dagbag.py:545} INFO - Filling up the DagBag from /home/airflow/.local/lib/python3.12/site-packages/airflow/example_dags/example_short_circuit_decorator.py
[2024-11-18T08:38:28.485+0000] {processor.py:840} INFO - DAG(s) 'example_short_circuit_decorator' retrieved from /home/airflow/.local/lib/python3.12/site-packages/airflow/example_dags/example_short_circuit_decorator.py
[2024-11-18T08:38:28.506+0000] {logging_mixin.py:188} INFO - [2024-11-18T08:38:28.505+0000] {dag.py:3096} INFO - Sync 1 DAGs
[2024-11-18T08:38:28.525+0000] {logging_mixin.py:188} INFO - [2024-11-18T08:38:28.525+0000] {dag.py:3954} INFO - Setting next_dagrun for example_short_circuit_decorator to 2024-11-17 00:00:00+00:00, run_after=2024-11-18 00:00:00+00:00
[2024-11-18T08:38:28.543+0000] {processor.py:183} INFO - Processing /home/airflow/.local/lib/python3.12/site-packages/airflow/example_dags/example_short_circuit_decorator.py took 0.081 seconds
[2024-11-18T08:38:58.754+0000] {processor.py:161} INFO - Started process (PID=2336) to work on /home/airflow/.local/lib/python3.12/site-packages/airflow/example_dags/example_short_circuit_decorator.py
[2024-11-18T08:38:58.754+0000] {processor.py:830} INFO - Processing file /home/airflow/.local/lib/python3.12/site-packages/airflow/example_dags/example_short_circuit_decorator.py for tasks to queue
[2024-11-18T08:38:58.756+0000] {logging_mixin.py:188} INFO - [2024-11-18T08:38:58.756+0000] {dagbag.py:545} INFO - Filling up the DagBag from /home/airflow/.local/lib/python3.12/site-packages/airflow/example_dags/example_short_circuit_decorator.py
[2024-11-18T08:38:58.763+0000] {processor.py:840} INFO - DAG(s) 'example_short_circuit_decorator' retrieved from /home/airflow/.local/lib/python3.12/site-packages/airflow/example_dags/example_short_circuit_decorator.py
[2024-11-18T08:38:58.787+0000] {logging_mixin.py:188} INFO - [2024-11-18T08:38:58.786+0000] {dag.py:3096} INFO - Sync 1 DAGs
[2024-11-18T08:38:58.808+0000] {logging_mixin.py:188} INFO - [2024-11-18T08:38:58.808+0000] {dag.py:3954} INFO - Setting next_dagrun for example_short_circuit_decorator to 2024-11-17 00:00:00+00:00, run_after=2024-11-18 00:00:00+00:00
[2024-11-18T08:38:58.834+0000] {processor.py:183} INFO - Processing /home/airflow/.local/lib/python3.12/site-packages/airflow/example_dags/example_short_circuit_decorator.py took 0.085 seconds
[2024-11-18T08:39:29.069+0000] {processor.py:161} INFO - Started process (PID=2600) to work on /home/airflow/.local/lib/python3.12/site-packages/airflow/example_dags/example_short_circuit_decorator.py
[2024-11-18T08:39:29.070+0000] {processor.py:830} INFO - Processing file /home/airflow/.local/lib/python3.12/site-packages/airflow/example_dags/example_short_circuit_decorator.py for tasks to queue
[2024-11-18T08:39:29.071+0000] {logging_mixin.py:188} INFO - [2024-11-18T08:39:29.071+0000] {dagbag.py:545} INFO - Filling up the DagBag from /home/airflow/.local/lib/python3.12/site-packages/airflow/example_dags/example_short_circuit_decorator.py
[2024-11-18T08:39:29.078+0000] {processor.py:840} INFO - DAG(s) 'example_short_circuit_decorator' retrieved from /home/airflow/.local/lib/python3.12/site-packages/airflow/example_dags/example_short_circuit_decorator.py
[2024-11-18T08:39:29.098+0000] {logging_mixin.py:188} INFO - [2024-11-18T08:39:29.097+0000] {dag.py:3096} INFO - Sync 1 DAGs
[2024-11-18T08:39:29.116+0000] {logging_mixin.py:188} INFO - [2024-11-18T08:39:29.115+0000] {dag.py:3954} INFO - Setting next_dagrun for example_short_circuit_decorator to 2024-11-17 00:00:00+00:00, run_after=2024-11-18 00:00:00+00:00
[2024-11-18T08:39:29.145+0000] {processor.py:183} INFO - Processing /home/airflow/.local/lib/python3.12/site-packages/airflow/example_dags/example_short_circuit_decorator.py took 0.081 seconds
[2024-11-18T08:39:59.389+0000] {processor.py:161} INFO - Started process (PID=2860) to work on /home/airflow/.local/lib/python3.12/site-packages/airflow/example_dags/example_short_circuit_decorator.py
[2024-11-18T08:39:59.390+0000] {processor.py:830} INFO - Processing file /home/airflow/.local/lib/python3.12/site-packages/airflow/example_dags/example_short_circuit_decorator.py for tasks to queue
[2024-11-18T08:39:59.391+0000] {logging_mixin.py:188} INFO - [2024-11-18T08:39:59.391+0000] {dagbag.py:545} INFO - Filling up the DagBag from /home/airflow/.local/lib/python3.12/site-packages/airflow/example_dags/example_short_circuit_decorator.py
[2024-11-18T08:39:59.399+0000] {processor.py:840} INFO - DAG(s) 'example_short_circuit_decorator' retrieved from /home/airflow/.local/lib/python3.12/site-packages/airflow/example_dags/example_short_circuit_decorator.py
[2024-11-18T08:39:59.421+0000] {logging_mixin.py:188} INFO - [2024-11-18T08:39:59.421+0000] {dag.py:3096} INFO - Sync 1 DAGs
[2024-11-18T08:39:59.440+0000] {logging_mixin.py:188} INFO - [2024-11-18T08:39:59.440+0000] {dag.py:3954} INFO - Setting next_dagrun for example_short_circuit_decorator to 2024-11-17 00:00:00+00:00, run_after=2024-11-18 00:00:00+00:00
[2024-11-18T08:39:59.460+0000] {processor.py:183} INFO - Processing /home/airflow/.local/lib/python3.12/site-packages/airflow/example_dags/example_short_circuit_decorator.py took 0.076 seconds
[2024-11-18T08:40:29.836+0000] {processor.py:161} INFO - Started process (PID=3122) to work on /home/airflow/.local/lib/python3.12/site-packages/airflow/example_dags/example_short_circuit_decorator.py
[2024-11-18T08:40:29.837+0000] {processor.py:830} INFO - Processing file /home/airflow/.local/lib/python3.12/site-packages/airflow/example_dags/example_short_circuit_decorator.py for tasks to queue
[2024-11-18T08:40:29.839+0000] {logging_mixin.py:188} INFO - [2024-11-18T08:40:29.838+0000] {dagbag.py:545} INFO - Filling up the DagBag from /home/airflow/.local/lib/python3.12/site-packages/airflow/example_dags/example_short_circuit_decorator.py
[2024-11-18T08:40:29.846+0000] {processor.py:840} INFO - DAG(s) 'example_short_circuit_decorator' retrieved from /home/airflow/.local/lib/python3.12/site-packages/airflow/example_dags/example_short_circuit_decorator.py
[2024-11-18T08:40:29.868+0000] {logging_mixin.py:188} INFO - [2024-11-18T08:40:29.867+0000] {dag.py:3096} INFO - Sync 1 DAGs
[2024-11-18T08:40:29.887+0000] {logging_mixin.py:188} INFO - [2024-11-18T08:40:29.886+0000] {dag.py:3954} INFO - Setting next_dagrun for example_short_circuit_decorator to 2024-11-17 00:00:00+00:00, run_after=2024-11-18 00:00:00+00:00
[2024-11-18T08:40:29.907+0000] {processor.py:183} INFO - Processing /home/airflow/.local/lib/python3.12/site-packages/airflow/example_dags/example_short_circuit_decorator.py took 0.077 seconds
[2024-11-18T08:40:59.954+0000] {processor.py:161} INFO - Started process (PID=3384) to work on /home/airflow/.local/lib/python3.12/site-packages/airflow/example_dags/example_short_circuit_decorator.py
[2024-11-18T08:40:59.955+0000] {processor.py:830} INFO - Processing file /home/airflow/.local/lib/python3.12/site-packages/airflow/example_dags/example_short_circuit_decorator.py for tasks to queue
[2024-11-18T08:40:59.956+0000] {logging_mixin.py:188} INFO - [2024-11-18T08:40:59.956+0000] {dagbag.py:545} INFO - Filling up the DagBag from /home/airflow/.local/lib/python3.12/site-packages/airflow/example_dags/example_short_circuit_decorator.py
[2024-11-18T08:40:59.964+0000] {processor.py:840} INFO - DAG(s) 'example_short_circuit_decorator' retrieved from /home/airflow/.local/lib/python3.12/site-packages/airflow/example_dags/example_short_circuit_decorator.py
[2024-11-18T08:40:59.985+0000] {logging_mixin.py:188} INFO - [2024-11-18T08:40:59.985+0000] {dag.py:3096} INFO - Sync 1 DAGs
[2024-11-18T08:41:00.004+0000] {logging_mixin.py:188} INFO - [2024-11-18T08:41:00.003+0000] {dag.py:3954} INFO - Setting next_dagrun for example_short_circuit_decorator to 2024-11-17 00:00:00+00:00, run_after=2024-11-18 00:00:00+00:00
[2024-11-18T08:41:00.028+0000] {processor.py:183} INFO - Processing /home/airflow/.local/lib/python3.12/site-packages/airflow/example_dags/example_short_circuit_decorator.py took 0.080 seconds
[2024-11-18T08:41:30.632+0000] {processor.py:161} INFO - Started process (PID=3648) to work on /home/airflow/.local/lib/python3.12/site-packages/airflow/example_dags/example_short_circuit_decorator.py
[2024-11-18T08:41:30.634+0000] {processor.py:830} INFO - Processing file /home/airflow/.local/lib/python3.12/site-packages/airflow/example_dags/example_short_circuit_decorator.py for tasks to queue
[2024-11-18T08:41:30.636+0000] {logging_mixin.py:188} INFO - [2024-11-18T08:41:30.636+0000] {dagbag.py:545} INFO - Filling up the DagBag from /home/airflow/.local/lib/python3.12/site-packages/airflow/example_dags/example_short_circuit_decorator.py
[2024-11-18T08:41:30.648+0000] {processor.py:840} INFO - DAG(s) 'example_short_circuit_decorator' retrieved from /home/airflow/.local/lib/python3.12/site-packages/airflow/example_dags/example_short_circuit_decorator.py
[2024-11-18T08:41:30.684+0000] {logging_mixin.py:188} INFO - [2024-11-18T08:41:30.684+0000] {dag.py:3096} INFO - Sync 1 DAGs
[2024-11-18T08:41:30.718+0000] {logging_mixin.py:188} INFO - [2024-11-18T08:41:30.717+0000] {dag.py:3954} INFO - Setting next_dagrun for example_short_circuit_decorator to 2024-11-17 00:00:00+00:00, run_after=2024-11-18 00:00:00+00:00
[2024-11-18T08:41:30.753+0000] {processor.py:183} INFO - Processing /home/airflow/.local/lib/python3.12/site-packages/airflow/example_dags/example_short_circuit_decorator.py took 0.130 seconds
[2024-11-18T08:42:01.126+0000] {processor.py:161} INFO - Started process (PID=3910) to work on /home/airflow/.local/lib/python3.12/site-packages/airflow/example_dags/example_short_circuit_decorator.py
[2024-11-18T08:42:01.127+0000] {processor.py:830} INFO - Processing file /home/airflow/.local/lib/python3.12/site-packages/airflow/example_dags/example_short_circuit_decorator.py for tasks to queue
[2024-11-18T08:42:01.134+0000] {logging_mixin.py:188} INFO - [2024-11-18T08:42:01.133+0000] {dagbag.py:545} INFO - Filling up the DagBag from /home/airflow/.local/lib/python3.12/site-packages/airflow/example_dags/example_short_circuit_decorator.py
[2024-11-18T08:42:01.147+0000] {processor.py:840} INFO - DAG(s) 'example_short_circuit_decorator' retrieved from /home/airflow/.local/lib/python3.12/site-packages/airflow/example_dags/example_short_circuit_decorator.py
[2024-11-18T08:42:01.180+0000] {logging_mixin.py:188} INFO - [2024-11-18T08:42:01.179+0000] {dag.py:3096} INFO - Sync 1 DAGs
[2024-11-18T08:42:01.214+0000] {logging_mixin.py:188} INFO - [2024-11-18T08:42:01.214+0000] {dag.py:3954} INFO - Setting next_dagrun for example_short_circuit_decorator to 2024-11-17 00:00:00+00:00, run_after=2024-11-18 00:00:00+00:00
[2024-11-18T08:42:01.237+0000] {processor.py:183} INFO - Processing /home/airflow/.local/lib/python3.12/site-packages/airflow/example_dags/example_short_circuit_decorator.py took 0.117 seconds
[2024-11-18T08:42:32.184+0000] {processor.py:161} INFO - Started process (PID=4172) to work on /home/airflow/.local/lib/python3.12/site-packages/airflow/example_dags/example_short_circuit_decorator.py
[2024-11-18T08:42:32.186+0000] {processor.py:830} INFO - Processing file /home/airflow/.local/lib/python3.12/site-packages/airflow/example_dags/example_short_circuit_decorator.py for tasks to queue
[2024-11-18T08:42:32.189+0000] {logging_mixin.py:188} INFO - [2024-11-18T08:42:32.188+0000] {dagbag.py:545} INFO - Filling up the DagBag from /home/airflow/.local/lib/python3.12/site-packages/airflow/example_dags/example_short_circuit_decorator.py
[2024-11-18T08:42:32.203+0000] {processor.py:840} INFO - DAG(s) 'example_short_circuit_decorator' retrieved from /home/airflow/.local/lib/python3.12/site-packages/airflow/example_dags/example_short_circuit_decorator.py
[2024-11-18T08:42:32.240+0000] {logging_mixin.py:188} INFO - [2024-11-18T08:42:32.239+0000] {dag.py:3096} INFO - Sync 1 DAGs
[2024-11-18T08:42:32.280+0000] {logging_mixin.py:188} INFO - [2024-11-18T08:42:32.280+0000] {dag.py:3954} INFO - Setting next_dagrun for example_short_circuit_decorator to 2024-11-17 00:00:00+00:00, run_after=2024-11-18 00:00:00+00:00
[2024-11-18T08:42:32.317+0000] {processor.py:183} INFO - Processing /home/airflow/.local/lib/python3.12/site-packages/airflow/example_dags/example_short_circuit_decorator.py took 0.147 seconds
[2024-11-18T08:43:02.680+0000] {processor.py:161} INFO - Started process (PID=4432) to work on /home/airflow/.local/lib/python3.12/site-packages/airflow/example_dags/example_short_circuit_decorator.py
[2024-11-18T08:43:02.682+0000] {processor.py:830} INFO - Processing file /home/airflow/.local/lib/python3.12/site-packages/airflow/example_dags/example_short_circuit_decorator.py for tasks to queue
[2024-11-18T08:43:02.686+0000] {logging_mixin.py:188} INFO - [2024-11-18T08:43:02.685+0000] {dagbag.py:545} INFO - Filling up the DagBag from /home/airflow/.local/lib/python3.12/site-packages/airflow/example_dags/example_short_circuit_decorator.py
[2024-11-18T08:43:02.706+0000] {processor.py:840} INFO - DAG(s) 'example_short_circuit_decorator' retrieved from /home/airflow/.local/lib/python3.12/site-packages/airflow/example_dags/example_short_circuit_decorator.py
[2024-11-18T08:43:02.750+0000] {logging_mixin.py:188} INFO - [2024-11-18T08:43:02.750+0000] {dag.py:3096} INFO - Sync 1 DAGs
[2024-11-18T08:43:02.791+0000] {logging_mixin.py:188} INFO - [2024-11-18T08:43:02.791+0000] {dag.py:3954} INFO - Setting next_dagrun for example_short_circuit_decorator to 2024-11-17 00:00:00+00:00, run_after=2024-11-18 00:00:00+00:00
[2024-11-18T08:43:02.825+0000] {processor.py:183} INFO - Processing /home/airflow/.local/lib/python3.12/site-packages/airflow/example_dags/example_short_circuit_decorator.py took 0.157 seconds
[2024-11-18T08:43:32.948+0000] {processor.py:161} INFO - Started process (PID=4694) to work on /home/airflow/.local/lib/python3.12/site-packages/airflow/example_dags/example_short_circuit_decorator.py
[2024-11-18T08:43:32.949+0000] {processor.py:830} INFO - Processing file /home/airflow/.local/lib/python3.12/site-packages/airflow/example_dags/example_short_circuit_decorator.py for tasks to queue
[2024-11-18T08:43:32.950+0000] {logging_mixin.py:188} INFO - [2024-11-18T08:43:32.950+0000] {dagbag.py:545} INFO - Filling up the DagBag from /home/airflow/.local/lib/python3.12/site-packages/airflow/example_dags/example_short_circuit_decorator.py
[2024-11-18T08:43:32.958+0000] {processor.py:840} INFO - DAG(s) 'example_short_circuit_decorator' retrieved from /home/airflow/.local/lib/python3.12/site-packages/airflow/example_dags/example_short_circuit_decorator.py
[2024-11-18T08:43:32.983+0000] {logging_mixin.py:188} INFO - [2024-11-18T08:43:32.983+0000] {dag.py:3096} INFO - Sync 1 DAGs
[2024-11-18T08:43:33.004+0000] {logging_mixin.py:188} INFO - [2024-11-18T08:43:33.003+0000] {dag.py:3954} INFO - Setting next_dagrun for example_short_circuit_decorator to 2024-11-17 00:00:00+00:00, run_after=2024-11-18 00:00:00+00:00
[2024-11-18T08:43:33.023+0000] {processor.py:183} INFO - Processing /home/airflow/.local/lib/python3.12/site-packages/airflow/example_dags/example_short_circuit_decorator.py took 0.081 seconds
[2024-11-18T08:44:03.190+0000] {processor.py:161} INFO - Started process (PID=4956) to work on /home/airflow/.local/lib/python3.12/site-packages/airflow/example_dags/example_short_circuit_decorator.py
[2024-11-18T08:44:03.191+0000] {processor.py:830} INFO - Processing file /home/airflow/.local/lib/python3.12/site-packages/airflow/example_dags/example_short_circuit_decorator.py for tasks to queue
[2024-11-18T08:44:03.193+0000] {logging_mixin.py:188} INFO - [2024-11-18T08:44:03.192+0000] {dagbag.py:545} INFO - Filling up the DagBag from /home/airflow/.local/lib/python3.12/site-packages/airflow/example_dags/example_short_circuit_decorator.py
[2024-11-18T08:44:03.200+0000] {processor.py:840} INFO - DAG(s) 'example_short_circuit_decorator' retrieved from /home/airflow/.local/lib/python3.12/site-packages/airflow/example_dags/example_short_circuit_decorator.py
[2024-11-18T08:44:03.227+0000] {logging_mixin.py:188} INFO - [2024-11-18T08:44:03.227+0000] {dag.py:3096} INFO - Sync 1 DAGs
[2024-11-18T08:44:03.245+0000] {logging_mixin.py:188} INFO - [2024-11-18T08:44:03.245+0000] {dag.py:3954} INFO - Setting next_dagrun for example_short_circuit_decorator to 2024-11-17 00:00:00+00:00, run_after=2024-11-18 00:00:00+00:00
[2024-11-18T08:44:03.272+0000] {processor.py:183} INFO - Processing /home/airflow/.local/lib/python3.12/site-packages/airflow/example_dags/example_short_circuit_decorator.py took 0.087 seconds
[2024-11-18T08:44:33.365+0000] {processor.py:161} INFO - Started process (PID=5218) to work on /home/airflow/.local/lib/python3.12/site-packages/airflow/example_dags/example_short_circuit_decorator.py
[2024-11-18T08:44:33.366+0000] {processor.py:830} INFO - Processing file /home/airflow/.local/lib/python3.12/site-packages/airflow/example_dags/example_short_circuit_decorator.py for tasks to queue
[2024-11-18T08:44:33.369+0000] {logging_mixin.py:188} INFO - [2024-11-18T08:44:33.368+0000] {dagbag.py:545} INFO - Filling up the DagBag from /home/airflow/.local/lib/python3.12/site-packages/airflow/example_dags/example_short_circuit_decorator.py
[2024-11-18T08:44:33.377+0000] {processor.py:840} INFO - DAG(s) 'example_short_circuit_decorator' retrieved from /home/airflow/.local/lib/python3.12/site-packages/airflow/example_dags/example_short_circuit_decorator.py
[2024-11-18T08:44:33.401+0000] {logging_mixin.py:188} INFO - [2024-11-18T08:44:33.400+0000] {dag.py:3096} INFO - Sync 1 DAGs
[2024-11-18T08:44:33.419+0000] {logging_mixin.py:188} INFO - [2024-11-18T08:44:33.419+0000] {dag.py:3954} INFO - Setting next_dagrun for example_short_circuit_decorator to 2024-11-17 00:00:00+00:00, run_after=2024-11-18 00:00:00+00:00
[2024-11-18T08:44:33.447+0000] {processor.py:183} INFO - Processing /home/airflow/.local/lib/python3.12/site-packages/airflow/example_dags/example_short_circuit_decorator.py took 0.089 seconds
[2024-11-18T08:45:03.781+0000] {processor.py:161} INFO - Started process (PID=5482) to work on /home/airflow/.local/lib/python3.12/site-packages/airflow/example_dags/example_short_circuit_decorator.py
[2024-11-18T08:45:03.782+0000] {processor.py:830} INFO - Processing file /home/airflow/.local/lib/python3.12/site-packages/airflow/example_dags/example_short_circuit_decorator.py for tasks to queue
[2024-11-18T08:45:03.783+0000] {logging_mixin.py:188} INFO - [2024-11-18T08:45:03.783+0000] {dagbag.py:545} INFO - Filling up the DagBag from /home/airflow/.local/lib/python3.12/site-packages/airflow/example_dags/example_short_circuit_decorator.py
[2024-11-18T08:45:03.791+0000] {processor.py:840} INFO - DAG(s) 'example_short_circuit_decorator' retrieved from /home/airflow/.local/lib/python3.12/site-packages/airflow/example_dags/example_short_circuit_decorator.py
[2024-11-18T08:45:03.812+0000] {logging_mixin.py:188} INFO - [2024-11-18T08:45:03.812+0000] {dag.py:3096} INFO - Sync 1 DAGs
[2024-11-18T08:45:03.832+0000] {logging_mixin.py:188} INFO - [2024-11-18T08:45:03.832+0000] {dag.py:3954} INFO - Setting next_dagrun for example_short_circuit_decorator to 2024-11-17 00:00:00+00:00, run_after=2024-11-18 00:00:00+00:00
[2024-11-18T08:45:03.851+0000] {processor.py:183} INFO - Processing /home/airflow/.local/lib/python3.12/site-packages/airflow/example_dags/example_short_circuit_decorator.py took 0.075 seconds
[2024-11-18T08:45:34.031+0000] {processor.py:161} INFO - Started process (PID=5744) to work on /home/airflow/.local/lib/python3.12/site-packages/airflow/example_dags/example_short_circuit_decorator.py
[2024-11-18T08:45:34.032+0000] {processor.py:830} INFO - Processing file /home/airflow/.local/lib/python3.12/site-packages/airflow/example_dags/example_short_circuit_decorator.py for tasks to queue
[2024-11-18T08:45:34.034+0000] {logging_mixin.py:188} INFO - [2024-11-18T08:45:34.034+0000] {dagbag.py:545} INFO - Filling up the DagBag from /home/airflow/.local/lib/python3.12/site-packages/airflow/example_dags/example_short_circuit_decorator.py
[2024-11-18T08:45:34.042+0000] {processor.py:840} INFO - DAG(s) 'example_short_circuit_decorator' retrieved from /home/airflow/.local/lib/python3.12/site-packages/airflow/example_dags/example_short_circuit_decorator.py
[2024-11-18T08:45:34.063+0000] {logging_mixin.py:188} INFO - [2024-11-18T08:45:34.063+0000] {dag.py:3096} INFO - Sync 1 DAGs
[2024-11-18T08:45:34.084+0000] {logging_mixin.py:188} INFO - [2024-11-18T08:45:34.084+0000] {dag.py:3954} INFO - Setting next_dagrun for example_short_circuit_decorator to 2024-11-17 00:00:00+00:00, run_after=2024-11-18 00:00:00+00:00
[2024-11-18T08:45:34.113+0000] {processor.py:183} INFO - Processing /home/airflow/.local/lib/python3.12/site-packages/airflow/example_dags/example_short_circuit_decorator.py took 0.087 seconds
[2024-11-18T08:46:04.297+0000] {processor.py:161} INFO - Started process (PID=6006) to work on /home/airflow/.local/lib/python3.12/site-packages/airflow/example_dags/example_short_circuit_decorator.py
[2024-11-18T08:46:04.298+0000] {processor.py:830} INFO - Processing file /home/airflow/.local/lib/python3.12/site-packages/airflow/example_dags/example_short_circuit_decorator.py for tasks to queue
[2024-11-18T08:46:04.300+0000] {logging_mixin.py:188} INFO - [2024-11-18T08:46:04.299+0000] {dagbag.py:545} INFO - Filling up the DagBag from /home/airflow/.local/lib/python3.12/site-packages/airflow/example_dags/example_short_circuit_decorator.py
[2024-11-18T08:46:04.307+0000] {processor.py:840} INFO - DAG(s) 'example_short_circuit_decorator' retrieved from /home/airflow/.local/lib/python3.12/site-packages/airflow/example_dags/example_short_circuit_decorator.py
[2024-11-18T08:46:04.335+0000] {logging_mixin.py:188} INFO - [2024-11-18T08:46:04.334+0000] {dag.py:3096} INFO - Sync 1 DAGs
[2024-11-18T08:46:04.361+0000] {logging_mixin.py:188} INFO - [2024-11-18T08:46:04.360+0000] {dag.py:3954} INFO - Setting next_dagrun for example_short_circuit_decorator to 2024-11-17 00:00:00+00:00, run_after=2024-11-18 00:00:00+00:00
[2024-11-18T08:46:04.390+0000] {processor.py:183} INFO - Processing /home/airflow/.local/lib/python3.12/site-packages/airflow/example_dags/example_short_circuit_decorator.py took 0.098 seconds
[2024-11-18T08:46:34.493+0000] {processor.py:161} INFO - Started process (PID=6268) to work on /home/airflow/.local/lib/python3.12/site-packages/airflow/example_dags/example_short_circuit_decorator.py
[2024-11-18T08:46:34.494+0000] {processor.py:830} INFO - Processing file /home/airflow/.local/lib/python3.12/site-packages/airflow/example_dags/example_short_circuit_decorator.py for tasks to queue
[2024-11-18T08:46:34.496+0000] {logging_mixin.py:188} INFO - [2024-11-18T08:46:34.496+0000] {dagbag.py:545} INFO - Filling up the DagBag from /home/airflow/.local/lib/python3.12/site-packages/airflow/example_dags/example_short_circuit_decorator.py
[2024-11-18T08:46:34.504+0000] {processor.py:840} INFO - DAG(s) 'example_short_circuit_decorator' retrieved from /home/airflow/.local/lib/python3.12/site-packages/airflow/example_dags/example_short_circuit_decorator.py
[2024-11-18T08:46:34.524+0000] {logging_mixin.py:188} INFO - [2024-11-18T08:46:34.524+0000] {dag.py:3096} INFO - Sync 1 DAGs
[2024-11-18T08:46:34.545+0000] {logging_mixin.py:188} INFO - [2024-11-18T08:46:34.545+0000] {dag.py:3954} INFO - Setting next_dagrun for example_short_circuit_decorator to 2024-11-17 00:00:00+00:00, run_after=2024-11-18 00:00:00+00:00
[2024-11-18T08:46:34.566+0000] {processor.py:183} INFO - Processing /home/airflow/.local/lib/python3.12/site-packages/airflow/example_dags/example_short_circuit_decorator.py took 0.078 seconds
[2024-11-18T08:47:04.734+0000] {processor.py:161} INFO - Started process (PID=6530) to work on /home/airflow/.local/lib/python3.12/site-packages/airflow/example_dags/example_short_circuit_decorator.py
[2024-11-18T08:47:04.735+0000] {processor.py:830} INFO - Processing file /home/airflow/.local/lib/python3.12/site-packages/airflow/example_dags/example_short_circuit_decorator.py for tasks to queue
[2024-11-18T08:47:04.737+0000] {logging_mixin.py:188} INFO - [2024-11-18T08:47:04.737+0000] {dagbag.py:545} INFO - Filling up the DagBag from /home/airflow/.local/lib/python3.12/site-packages/airflow/example_dags/example_short_circuit_decorator.py
[2024-11-18T08:47:04.745+0000] {processor.py:840} INFO - DAG(s) 'example_short_circuit_decorator' retrieved from /home/airflow/.local/lib/python3.12/site-packages/airflow/example_dags/example_short_circuit_decorator.py
[2024-11-18T08:47:04.766+0000] {logging_mixin.py:188} INFO - [2024-11-18T08:47:04.765+0000] {dag.py:3096} INFO - Sync 1 DAGs
[2024-11-18T08:47:04.787+0000] {logging_mixin.py:188} INFO - [2024-11-18T08:47:04.787+0000] {dag.py:3954} INFO - Setting next_dagrun for example_short_circuit_decorator to 2024-11-17 00:00:00+00:00, run_after=2024-11-18 00:00:00+00:00
[2024-11-18T08:47:04.819+0000] {processor.py:183} INFO - Processing /home/airflow/.local/lib/python3.12/site-packages/airflow/example_dags/example_short_circuit_decorator.py took 0.090 seconds
[2024-11-18T08:47:35.098+0000] {processor.py:161} INFO - Started process (PID=6792) to work on /home/airflow/.local/lib/python3.12/site-packages/airflow/example_dags/example_short_circuit_decorator.py
[2024-11-18T08:47:35.099+0000] {processor.py:830} INFO - Processing file /home/airflow/.local/lib/python3.12/site-packages/airflow/example_dags/example_short_circuit_decorator.py for tasks to queue
[2024-11-18T08:47:35.101+0000] {logging_mixin.py:188} INFO - [2024-11-18T08:47:35.101+0000] {dagbag.py:545} INFO - Filling up the DagBag from /home/airflow/.local/lib/python3.12/site-packages/airflow/example_dags/example_short_circuit_decorator.py
[2024-11-18T08:47:35.109+0000] {processor.py:840} INFO - DAG(s) 'example_short_circuit_decorator' retrieved from /home/airflow/.local/lib/python3.12/site-packages/airflow/example_dags/example_short_circuit_decorator.py
[2024-11-18T08:47:35.132+0000] {logging_mixin.py:188} INFO - [2024-11-18T08:47:35.132+0000] {dag.py:3096} INFO - Sync 1 DAGs
[2024-11-18T08:47:35.155+0000] {logging_mixin.py:188} INFO - [2024-11-18T08:47:35.155+0000] {dag.py:3954} INFO - Setting next_dagrun for example_short_circuit_decorator to 2024-11-17 00:00:00+00:00, run_after=2024-11-18 00:00:00+00:00
[2024-11-18T08:47:35.175+0000] {processor.py:183} INFO - Processing /home/airflow/.local/lib/python3.12/site-packages/airflow/example_dags/example_short_circuit_decorator.py took 0.083 seconds
[2024-11-18T08:48:05.443+0000] {processor.py:161} INFO - Started process (PID=7054) to work on /home/airflow/.local/lib/python3.12/site-packages/airflow/example_dags/example_short_circuit_decorator.py
[2024-11-18T08:48:05.444+0000] {processor.py:830} INFO - Processing file /home/airflow/.local/lib/python3.12/site-packages/airflow/example_dags/example_short_circuit_decorator.py for tasks to queue
[2024-11-18T08:48:05.445+0000] {logging_mixin.py:188} INFO - [2024-11-18T08:48:05.445+0000] {dagbag.py:545} INFO - Filling up the DagBag from /home/airflow/.local/lib/python3.12/site-packages/airflow/example_dags/example_short_circuit_decorator.py
[2024-11-18T08:48:05.453+0000] {processor.py:840} INFO - DAG(s) 'example_short_circuit_decorator' retrieved from /home/airflow/.local/lib/python3.12/site-packages/airflow/example_dags/example_short_circuit_decorator.py
[2024-11-18T08:48:05.474+0000] {logging_mixin.py:188} INFO - [2024-11-18T08:48:05.473+0000] {dag.py:3096} INFO - Sync 1 DAGs
[2024-11-18T08:48:05.492+0000] {logging_mixin.py:188} INFO - [2024-11-18T08:48:05.492+0000] {dag.py:3954} INFO - Setting next_dagrun for example_short_circuit_decorator to 2024-11-17 00:00:00+00:00, run_after=2024-11-18 00:00:00+00:00
[2024-11-18T08:48:05.521+0000] {processor.py:183} INFO - Processing /home/airflow/.local/lib/python3.12/site-packages/airflow/example_dags/example_short_circuit_decorator.py took 0.083 seconds
[2024-11-18T08:48:35.932+0000] {processor.py:161} INFO - Started process (PID=7316) to work on /home/airflow/.local/lib/python3.12/site-packages/airflow/example_dags/example_short_circuit_decorator.py
[2024-11-18T08:48:35.933+0000] {processor.py:830} INFO - Processing file /home/airflow/.local/lib/python3.12/site-packages/airflow/example_dags/example_short_circuit_decorator.py for tasks to queue
[2024-11-18T08:48:35.935+0000] {logging_mixin.py:188} INFO - [2024-11-18T08:48:35.934+0000] {dagbag.py:545} INFO - Filling up the DagBag from /home/airflow/.local/lib/python3.12/site-packages/airflow/example_dags/example_short_circuit_decorator.py
[2024-11-18T08:48:35.943+0000] {processor.py:840} INFO - DAG(s) 'example_short_circuit_decorator' retrieved from /home/airflow/.local/lib/python3.12/site-packages/airflow/example_dags/example_short_circuit_decorator.py
[2024-11-18T08:48:35.967+0000] {logging_mixin.py:188} INFO - [2024-11-18T08:48:35.966+0000] {dag.py:3096} INFO - Sync 1 DAGs
[2024-11-18T08:48:35.988+0000] {logging_mixin.py:188} INFO - [2024-11-18T08:48:35.988+0000] {dag.py:3954} INFO - Setting next_dagrun for example_short_circuit_decorator to 2024-11-17 00:00:00+00:00, run_after=2024-11-18 00:00:00+00:00
[2024-11-18T08:48:36.013+0000] {processor.py:183} INFO - Processing /home/airflow/.local/lib/python3.12/site-packages/airflow/example_dags/example_short_circuit_decorator.py took 0.087 seconds
[2024-11-18T08:49:06.365+0000] {processor.py:161} INFO - Started process (PID=7578) to work on /home/airflow/.local/lib/python3.12/site-packages/airflow/example_dags/example_short_circuit_decorator.py
[2024-11-18T08:49:06.366+0000] {processor.py:830} INFO - Processing file /home/airflow/.local/lib/python3.12/site-packages/airflow/example_dags/example_short_circuit_decorator.py for tasks to queue
[2024-11-18T08:49:06.367+0000] {logging_mixin.py:188} INFO - [2024-11-18T08:49:06.367+0000] {dagbag.py:545} INFO - Filling up the DagBag from /home/airflow/.local/lib/python3.12/site-packages/airflow/example_dags/example_short_circuit_decorator.py
[2024-11-18T08:49:06.376+0000] {processor.py:840} INFO - DAG(s) 'example_short_circuit_decorator' retrieved from /home/airflow/.local/lib/python3.12/site-packages/airflow/example_dags/example_short_circuit_decorator.py
[2024-11-18T08:49:06.399+0000] {logging_mixin.py:188} INFO - [2024-11-18T08:49:06.399+0000] {dag.py:3096} INFO - Sync 1 DAGs
[2024-11-18T08:49:06.420+0000] {logging_mixin.py:188} INFO - [2024-11-18T08:49:06.420+0000] {dag.py:3954} INFO - Setting next_dagrun for example_short_circuit_decorator to 2024-11-17 00:00:00+00:00, run_after=2024-11-18 00:00:00+00:00
[2024-11-18T08:49:06.436+0000] {processor.py:183} INFO - Processing /home/airflow/.local/lib/python3.12/site-packages/airflow/example_dags/example_short_circuit_decorator.py took 0.077 seconds
[2024-11-18T08:49:36.695+0000] {processor.py:161} INFO - Started process (PID=7840) to work on /home/airflow/.local/lib/python3.12/site-packages/airflow/example_dags/example_short_circuit_decorator.py
[2024-11-18T08:49:36.696+0000] {processor.py:830} INFO - Processing file /home/airflow/.local/lib/python3.12/site-packages/airflow/example_dags/example_short_circuit_decorator.py for tasks to queue
[2024-11-18T08:49:36.700+0000] {logging_mixin.py:188} INFO - [2024-11-18T08:49:36.699+0000] {dagbag.py:545} INFO - Filling up the DagBag from /home/airflow/.local/lib/python3.12/site-packages/airflow/example_dags/example_short_circuit_decorator.py
[2024-11-18T08:49:36.710+0000] {processor.py:840} INFO - DAG(s) 'example_short_circuit_decorator' retrieved from /home/airflow/.local/lib/python3.12/site-packages/airflow/example_dags/example_short_circuit_decorator.py
[2024-11-18T08:49:36.735+0000] {logging_mixin.py:188} INFO - [2024-11-18T08:49:36.735+0000] {dag.py:3096} INFO - Sync 1 DAGs
[2024-11-18T08:49:36.759+0000] {logging_mixin.py:188} INFO - [2024-11-18T08:49:36.759+0000] {dag.py:3954} INFO - Setting next_dagrun for example_short_circuit_decorator to 2024-11-17 00:00:00+00:00, run_after=2024-11-18 00:00:00+00:00
[2024-11-18T08:49:36.791+0000] {processor.py:183} INFO - Processing /home/airflow/.local/lib/python3.12/site-packages/airflow/example_dags/example_short_circuit_decorator.py took 0.103 seconds
[2024-11-18T08:50:06.876+0000] {processor.py:161} INFO - Started process (PID=8100) to work on /home/airflow/.local/lib/python3.12/site-packages/airflow/example_dags/example_short_circuit_decorator.py
[2024-11-18T08:50:06.877+0000] {processor.py:830} INFO - Processing file /home/airflow/.local/lib/python3.12/site-packages/airflow/example_dags/example_short_circuit_decorator.py for tasks to queue
[2024-11-18T08:50:06.878+0000] {logging_mixin.py:188} INFO - [2024-11-18T08:50:06.878+0000] {dagbag.py:545} INFO - Filling up the DagBag from /home/airflow/.local/lib/python3.12/site-packages/airflow/example_dags/example_short_circuit_decorator.py
[2024-11-18T08:50:06.886+0000] {processor.py:840} INFO - DAG(s) 'example_short_circuit_decorator' retrieved from /home/airflow/.local/lib/python3.12/site-packages/airflow/example_dags/example_short_circuit_decorator.py
[2024-11-18T08:50:06.907+0000] {logging_mixin.py:188} INFO - [2024-11-18T08:50:06.907+0000] {dag.py:3096} INFO - Sync 1 DAGs
[2024-11-18T08:50:06.926+0000] {logging_mixin.py:188} INFO - [2024-11-18T08:50:06.925+0000] {dag.py:3954} INFO - Setting next_dagrun for example_short_circuit_decorator to 2024-11-17 00:00:00+00:00, run_after=2024-11-18 00:00:00+00:00
[2024-11-18T08:50:06.945+0000] {processor.py:183} INFO - Processing /home/airflow/.local/lib/python3.12/site-packages/airflow/example_dags/example_short_circuit_decorator.py took 0.074 seconds
[2024-11-18T08:50:37.230+0000] {processor.py:161} INFO - Started process (PID=8362) to work on /home/airflow/.local/lib/python3.12/site-packages/airflow/example_dags/example_short_circuit_decorator.py
[2024-11-18T08:50:37.231+0000] {processor.py:830} INFO - Processing file /home/airflow/.local/lib/python3.12/site-packages/airflow/example_dags/example_short_circuit_decorator.py for tasks to queue
[2024-11-18T08:50:37.233+0000] {logging_mixin.py:188} INFO - [2024-11-18T08:50:37.232+0000] {dagbag.py:545} INFO - Filling up the DagBag from /home/airflow/.local/lib/python3.12/site-packages/airflow/example_dags/example_short_circuit_decorator.py
[2024-11-18T08:50:37.240+0000] {processor.py:840} INFO - DAG(s) 'example_short_circuit_decorator' retrieved from /home/airflow/.local/lib/python3.12/site-packages/airflow/example_dags/example_short_circuit_decorator.py
[2024-11-18T08:50:37.264+0000] {logging_mixin.py:188} INFO - [2024-11-18T08:50:37.264+0000] {dag.py:3096} INFO - Sync 1 DAGs
[2024-11-18T08:50:37.285+0000] {logging_mixin.py:188} INFO - [2024-11-18T08:50:37.285+0000] {dag.py:3954} INFO - Setting next_dagrun for example_short_circuit_decorator to 2024-11-17 00:00:00+00:00, run_after=2024-11-18 00:00:00+00:00
[2024-11-18T08:50:37.305+0000] {processor.py:183} INFO - Processing /home/airflow/.local/lib/python3.12/site-packages/airflow/example_dags/example_short_circuit_decorator.py took 0.081 seconds
[2024-11-18T08:51:07.616+0000] {processor.py:161} INFO - Started process (PID=8627) to work on /home/airflow/.local/lib/python3.12/site-packages/airflow/example_dags/example_short_circuit_decorator.py
[2024-11-18T08:51:07.617+0000] {processor.py:830} INFO - Processing file /home/airflow/.local/lib/python3.12/site-packages/airflow/example_dags/example_short_circuit_decorator.py for tasks to queue
[2024-11-18T08:51:07.619+0000] {logging_mixin.py:188} INFO - [2024-11-18T08:51:07.619+0000] {dagbag.py:545} INFO - Filling up the DagBag from /home/airflow/.local/lib/python3.12/site-packages/airflow/example_dags/example_short_circuit_decorator.py
[2024-11-18T08:51:07.626+0000] {processor.py:840} INFO - DAG(s) 'example_short_circuit_decorator' retrieved from /home/airflow/.local/lib/python3.12/site-packages/airflow/example_dags/example_short_circuit_decorator.py
[2024-11-18T08:51:07.649+0000] {logging_mixin.py:188} INFO - [2024-11-18T08:51:07.649+0000] {dag.py:3096} INFO - Sync 1 DAGs
[2024-11-18T08:51:07.672+0000] {logging_mixin.py:188} INFO - [2024-11-18T08:51:07.672+0000] {dag.py:3954} INFO - Setting next_dagrun for example_short_circuit_decorator to 2024-11-17 00:00:00+00:00, run_after=2024-11-18 00:00:00+00:00
[2024-11-18T08:51:07.693+0000] {processor.py:183} INFO - Processing /home/airflow/.local/lib/python3.12/site-packages/airflow/example_dags/example_short_circuit_decorator.py took 0.081 seconds
[2024-11-18T08:51:38.080+0000] {processor.py:161} INFO - Started process (PID=8887) to work on /home/airflow/.local/lib/python3.12/site-packages/airflow/example_dags/example_short_circuit_decorator.py
[2024-11-18T08:51:38.081+0000] {processor.py:830} INFO - Processing file /home/airflow/.local/lib/python3.12/site-packages/airflow/example_dags/example_short_circuit_decorator.py for tasks to queue
[2024-11-18T08:51:38.082+0000] {logging_mixin.py:188} INFO - [2024-11-18T08:51:38.082+0000] {dagbag.py:545} INFO - Filling up the DagBag from /home/airflow/.local/lib/python3.12/site-packages/airflow/example_dags/example_short_circuit_decorator.py
[2024-11-18T08:51:38.090+0000] {processor.py:840} INFO - DAG(s) 'example_short_circuit_decorator' retrieved from /home/airflow/.local/lib/python3.12/site-packages/airflow/example_dags/example_short_circuit_decorator.py
[2024-11-18T08:51:38.112+0000] {logging_mixin.py:188} INFO - [2024-11-18T08:51:38.112+0000] {dag.py:3096} INFO - Sync 1 DAGs
[2024-11-18T08:51:38.132+0000] {logging_mixin.py:188} INFO - [2024-11-18T08:51:38.132+0000] {dag.py:3954} INFO - Setting next_dagrun for example_short_circuit_decorator to 2024-11-17 00:00:00+00:00, run_after=2024-11-18 00:00:00+00:00
[2024-11-18T08:51:38.151+0000] {processor.py:183} INFO - Processing /home/airflow/.local/lib/python3.12/site-packages/airflow/example_dags/example_short_circuit_decorator.py took 0.076 seconds
[2024-11-18T08:52:08.524+0000] {processor.py:161} INFO - Started process (PID=9151) to work on /home/airflow/.local/lib/python3.12/site-packages/airflow/example_dags/example_short_circuit_decorator.py
[2024-11-18T08:52:08.525+0000] {processor.py:830} INFO - Processing file /home/airflow/.local/lib/python3.12/site-packages/airflow/example_dags/example_short_circuit_decorator.py for tasks to queue
[2024-11-18T08:52:08.527+0000] {logging_mixin.py:188} INFO - [2024-11-18T08:52:08.526+0000] {dagbag.py:545} INFO - Filling up the DagBag from /home/airflow/.local/lib/python3.12/site-packages/airflow/example_dags/example_short_circuit_decorator.py
[2024-11-18T08:52:08.534+0000] {processor.py:840} INFO - DAG(s) 'example_short_circuit_decorator' retrieved from /home/airflow/.local/lib/python3.12/site-packages/airflow/example_dags/example_short_circuit_decorator.py
[2024-11-18T08:52:08.556+0000] {logging_mixin.py:188} INFO - [2024-11-18T08:52:08.556+0000] {dag.py:3096} INFO - Sync 1 DAGs
[2024-11-18T08:52:08.577+0000] {logging_mixin.py:188} INFO - [2024-11-18T08:52:08.576+0000] {dag.py:3954} INFO - Setting next_dagrun for example_short_circuit_decorator to 2024-11-17 00:00:00+00:00, run_after=2024-11-18 00:00:00+00:00
[2024-11-18T08:52:08.598+0000] {processor.py:183} INFO - Processing /home/airflow/.local/lib/python3.12/site-packages/airflow/example_dags/example_short_circuit_decorator.py took 0.079 seconds
[2024-11-18T08:52:39.179+0000] {processor.py:161} INFO - Started process (PID=9413) to work on /home/airflow/.local/lib/python3.12/site-packages/airflow/example_dags/example_short_circuit_decorator.py
[2024-11-18T08:52:39.180+0000] {processor.py:830} INFO - Processing file /home/airflow/.local/lib/python3.12/site-packages/airflow/example_dags/example_short_circuit_decorator.py for tasks to queue
[2024-11-18T08:52:39.182+0000] {logging_mixin.py:188} INFO - [2024-11-18T08:52:39.182+0000] {dagbag.py:545} INFO - Filling up the DagBag from /home/airflow/.local/lib/python3.12/site-packages/airflow/example_dags/example_short_circuit_decorator.py
[2024-11-18T08:52:39.192+0000] {processor.py:840} INFO - DAG(s) 'example_short_circuit_decorator' retrieved from /home/airflow/.local/lib/python3.12/site-packages/airflow/example_dags/example_short_circuit_decorator.py
[2024-11-18T08:52:39.216+0000] {logging_mixin.py:188} INFO - [2024-11-18T08:52:39.216+0000] {dag.py:3096} INFO - Sync 1 DAGs
[2024-11-18T08:52:39.235+0000] {logging_mixin.py:188} INFO - [2024-11-18T08:52:39.235+0000] {dag.py:3954} INFO - Setting next_dagrun for example_short_circuit_decorator to 2024-11-17 00:00:00+00:00, run_after=2024-11-18 00:00:00+00:00
[2024-11-18T08:52:39.263+0000] {processor.py:183} INFO - Processing /home/airflow/.local/lib/python3.12/site-packages/airflow/example_dags/example_short_circuit_decorator.py took 0.090 seconds
[2024-11-18T08:53:09.633+0000] {processor.py:161} INFO - Started process (PID=9675) to work on /home/airflow/.local/lib/python3.12/site-packages/airflow/example_dags/example_short_circuit_decorator.py
[2024-11-18T08:53:09.634+0000] {processor.py:830} INFO - Processing file /home/airflow/.local/lib/python3.12/site-packages/airflow/example_dags/example_short_circuit_decorator.py for tasks to queue
[2024-11-18T08:53:09.637+0000] {logging_mixin.py:188} INFO - [2024-11-18T08:53:09.636+0000] {dagbag.py:545} INFO - Filling up the DagBag from /home/airflow/.local/lib/python3.12/site-packages/airflow/example_dags/example_short_circuit_decorator.py
[2024-11-18T08:53:09.644+0000] {processor.py:840} INFO - DAG(s) 'example_short_circuit_decorator' retrieved from /home/airflow/.local/lib/python3.12/site-packages/airflow/example_dags/example_short_circuit_decorator.py
[2024-11-18T08:53:09.665+0000] {logging_mixin.py:188} INFO - [2024-11-18T08:53:09.665+0000] {dag.py:3096} INFO - Sync 1 DAGs
[2024-11-18T08:53:09.685+0000] {logging_mixin.py:188} INFO - [2024-11-18T08:53:09.685+0000] {dag.py:3954} INFO - Setting next_dagrun for example_short_circuit_decorator to 2024-11-17 00:00:00+00:00, run_after=2024-11-18 00:00:00+00:00
[2024-11-18T08:53:09.716+0000] {processor.py:183} INFO - Processing /home/airflow/.local/lib/python3.12/site-packages/airflow/example_dags/example_short_circuit_decorator.py took 0.088 seconds
