[2024-11-18T08:34:56.700+0000] {processor.py:161} INFO - Started process (PID=287) to work on /home/airflow/.local/lib/python3.12/site-packages/airflow/example_dags/example_bash_decorator.py
[2024-11-18T08:34:56.702+0000] {processor.py:830} INFO - Processing file /home/airflow/.local/lib/python3.12/site-packages/airflow/example_dags/example_bash_decorator.py for tasks to queue
[2024-11-18T08:34:56.705+0000] {logging_mixin.py:188} INFO - [2024-11-18T08:34:56.704+0000] {dagbag.py:545} INFO - Filling up the DagBag from /home/airflow/.local/lib/python3.12/site-packages/airflow/example_dags/example_bash_decorator.py
[2024-11-18T08:34:56.729+0000] {processor.py:840} INFO - DAG(s) 'example_bash_decorator' retrieved from /home/airflow/.local/lib/python3.12/site-packages/airflow/example_dags/example_bash_decorator.py
[2024-11-18T08:34:56.746+0000] {logging_mixin.py:188} INFO - [2024-11-18T08:34:56.746+0000] {dag.py:3096} INFO - Sync 1 DAGs
[2024-11-18T08:34:56.775+0000] {logging_mixin.py:188} INFO - [2024-11-18T08:34:56.774+0000] {dag.py:3118} INFO - Creating ORM DAG for example_bash_decorator
[2024-11-18T08:34:56.777+0000] {logging_mixin.py:188} INFO - [2024-11-18T08:34:56.776+0000] {dag.py:3954} INFO - Setting next_dagrun for example_bash_decorator to None, run_after=None
[2024-11-18T08:34:56.814+0000] {processor.py:183} INFO - Processing /home/airflow/.local/lib/python3.12/site-packages/airflow/example_dags/example_bash_decorator.py took 0.123 seconds
[2024-11-18T08:35:27.064+0000] {processor.py:161} INFO - Started process (PID=547) to work on /home/airflow/.local/lib/python3.12/site-packages/airflow/example_dags/example_bash_decorator.py
[2024-11-18T08:35:27.066+0000] {processor.py:830} INFO - Processing file /home/airflow/.local/lib/python3.12/site-packages/airflow/example_dags/example_bash_decorator.py for tasks to queue
[2024-11-18T08:35:27.068+0000] {logging_mixin.py:188} INFO - [2024-11-18T08:35:27.068+0000] {dagbag.py:545} INFO - Filling up the DagBag from /home/airflow/.local/lib/python3.12/site-packages/airflow/example_dags/example_bash_decorator.py
[2024-11-18T08:35:27.086+0000] {processor.py:840} INFO - DAG(s) 'example_bash_decorator' retrieved from /home/airflow/.local/lib/python3.12/site-packages/airflow/example_dags/example_bash_decorator.py
[2024-11-18T08:35:27.228+0000] {logging_mixin.py:188} INFO - [2024-11-18T08:35:27.222+0000] {dag.py:3096} INFO - Sync 1 DAGs
[2024-11-18T08:35:27.284+0000] {logging_mixin.py:188} INFO - [2024-11-18T08:35:27.283+0000] {dag.py:3954} INFO - Setting next_dagrun for example_bash_decorator to None, run_after=None
[2024-11-18T08:35:27.329+0000] {processor.py:183} INFO - Processing /home/airflow/.local/lib/python3.12/site-packages/airflow/example_dags/example_bash_decorator.py took 0.273 seconds
[2024-11-18T08:35:58.191+0000] {processor.py:161} INFO - Started process (PID=809) to work on /home/airflow/.local/lib/python3.12/site-packages/airflow/example_dags/example_bash_decorator.py
[2024-11-18T08:35:58.191+0000] {processor.py:830} INFO - Processing file /home/airflow/.local/lib/python3.12/site-packages/airflow/example_dags/example_bash_decorator.py for tasks to queue
[2024-11-18T08:35:58.193+0000] {logging_mixin.py:188} INFO - [2024-11-18T08:35:58.193+0000] {dagbag.py:545} INFO - Filling up the DagBag from /home/airflow/.local/lib/python3.12/site-packages/airflow/example_dags/example_bash_decorator.py
[2024-11-18T08:35:58.206+0000] {processor.py:840} INFO - DAG(s) 'example_bash_decorator' retrieved from /home/airflow/.local/lib/python3.12/site-packages/airflow/example_dags/example_bash_decorator.py
[2024-11-18T08:35:58.231+0000] {logging_mixin.py:188} INFO - [2024-11-18T08:35:58.231+0000] {dag.py:3096} INFO - Sync 1 DAGs
[2024-11-18T08:35:58.243+0000] {logging_mixin.py:188} INFO - [2024-11-18T08:35:58.242+0000] {dag.py:3954} INFO - Setting next_dagrun for example_bash_decorator to None, run_after=None
[2024-11-18T08:35:58.264+0000] {processor.py:183} INFO - Processing /home/airflow/.local/lib/python3.12/site-packages/airflow/example_dags/example_bash_decorator.py took 0.079 seconds
[2024-11-18T08:36:28.643+0000] {processor.py:161} INFO - Started process (PID=1071) to work on /home/airflow/.local/lib/python3.12/site-packages/airflow/example_dags/example_bash_decorator.py
[2024-11-18T08:36:28.644+0000] {processor.py:830} INFO - Processing file /home/airflow/.local/lib/python3.12/site-packages/airflow/example_dags/example_bash_decorator.py for tasks to queue
[2024-11-18T08:36:28.646+0000] {logging_mixin.py:188} INFO - [2024-11-18T08:36:28.646+0000] {dagbag.py:545} INFO - Filling up the DagBag from /home/airflow/.local/lib/python3.12/site-packages/airflow/example_dags/example_bash_decorator.py
[2024-11-18T08:36:28.659+0000] {processor.py:840} INFO - DAG(s) 'example_bash_decorator' retrieved from /home/airflow/.local/lib/python3.12/site-packages/airflow/example_dags/example_bash_decorator.py
[2024-11-18T08:36:28.686+0000] {logging_mixin.py:188} INFO - [2024-11-18T08:36:28.686+0000] {dag.py:3096} INFO - Sync 1 DAGs
[2024-11-18T08:36:28.700+0000] {logging_mixin.py:188} INFO - [2024-11-18T08:36:28.700+0000] {dag.py:3954} INFO - Setting next_dagrun for example_bash_decorator to None, run_after=None
[2024-11-18T08:36:28.751+0000] {processor.py:183} INFO - Processing /home/airflow/.local/lib/python3.12/site-packages/airflow/example_dags/example_bash_decorator.py took 0.114 seconds
[2024-11-18T08:36:59.040+0000] {processor.py:161} INFO - Started process (PID=1333) to work on /home/airflow/.local/lib/python3.12/site-packages/airflow/example_dags/example_bash_decorator.py
[2024-11-18T08:36:59.041+0000] {processor.py:830} INFO - Processing file /home/airflow/.local/lib/python3.12/site-packages/airflow/example_dags/example_bash_decorator.py for tasks to queue
[2024-11-18T08:36:59.043+0000] {logging_mixin.py:188} INFO - [2024-11-18T08:36:59.042+0000] {dagbag.py:545} INFO - Filling up the DagBag from /home/airflow/.local/lib/python3.12/site-packages/airflow/example_dags/example_bash_decorator.py
[2024-11-18T08:36:59.055+0000] {processor.py:840} INFO - DAG(s) 'example_bash_decorator' retrieved from /home/airflow/.local/lib/python3.12/site-packages/airflow/example_dags/example_bash_decorator.py
[2024-11-18T08:36:59.078+0000] {logging_mixin.py:188} INFO - [2024-11-18T08:36:59.078+0000] {dag.py:3096} INFO - Sync 1 DAGs
[2024-11-18T08:36:59.089+0000] {logging_mixin.py:188} INFO - [2024-11-18T08:36:59.089+0000] {dag.py:3954} INFO - Setting next_dagrun for example_bash_decorator to None, run_after=None
[2024-11-18T08:36:59.121+0000] {processor.py:183} INFO - Processing /home/airflow/.local/lib/python3.12/site-packages/airflow/example_dags/example_bash_decorator.py took 0.087 seconds
[2024-11-18T08:37:29.238+0000] {processor.py:161} INFO - Started process (PID=1595) to work on /home/airflow/.local/lib/python3.12/site-packages/airflow/example_dags/example_bash_decorator.py
[2024-11-18T08:37:29.240+0000] {processor.py:830} INFO - Processing file /home/airflow/.local/lib/python3.12/site-packages/airflow/example_dags/example_bash_decorator.py for tasks to queue
[2024-11-18T08:37:29.243+0000] {logging_mixin.py:188} INFO - [2024-11-18T08:37:29.242+0000] {dagbag.py:545} INFO - Filling up the DagBag from /home/airflow/.local/lib/python3.12/site-packages/airflow/example_dags/example_bash_decorator.py
[2024-11-18T08:37:29.272+0000] {processor.py:840} INFO - DAG(s) 'example_bash_decorator' retrieved from /home/airflow/.local/lib/python3.12/site-packages/airflow/example_dags/example_bash_decorator.py
[2024-11-18T08:37:29.331+0000] {logging_mixin.py:188} INFO - [2024-11-18T08:37:29.329+0000] {dag.py:3096} INFO - Sync 1 DAGs
[2024-11-18T08:37:29.358+0000] {logging_mixin.py:188} INFO - [2024-11-18T08:37:29.357+0000] {dag.py:3954} INFO - Setting next_dagrun for example_bash_decorator to None, run_after=None
[2024-11-18T08:37:29.398+0000] {processor.py:183} INFO - Processing /home/airflow/.local/lib/python3.12/site-packages/airflow/example_dags/example_bash_decorator.py took 0.168 seconds
[2024-11-18T08:38:00.277+0000] {processor.py:161} INFO - Started process (PID=1857) to work on /home/airflow/.local/lib/python3.12/site-packages/airflow/example_dags/example_bash_decorator.py
[2024-11-18T08:38:00.278+0000] {processor.py:830} INFO - Processing file /home/airflow/.local/lib/python3.12/site-packages/airflow/example_dags/example_bash_decorator.py for tasks to queue
[2024-11-18T08:38:00.280+0000] {logging_mixin.py:188} INFO - [2024-11-18T08:38:00.280+0000] {dagbag.py:545} INFO - Filling up the DagBag from /home/airflow/.local/lib/python3.12/site-packages/airflow/example_dags/example_bash_decorator.py
[2024-11-18T08:38:00.292+0000] {processor.py:840} INFO - DAG(s) 'example_bash_decorator' retrieved from /home/airflow/.local/lib/python3.12/site-packages/airflow/example_dags/example_bash_decorator.py
[2024-11-18T08:38:00.323+0000] {logging_mixin.py:188} INFO - [2024-11-18T08:38:00.322+0000] {dag.py:3096} INFO - Sync 1 DAGs
[2024-11-18T08:38:00.344+0000] {logging_mixin.py:188} INFO - [2024-11-18T08:38:00.343+0000] {dag.py:3954} INFO - Setting next_dagrun for example_bash_decorator to None, run_after=None
[2024-11-18T08:38:00.372+0000] {processor.py:183} INFO - Processing /home/airflow/.local/lib/python3.12/site-packages/airflow/example_dags/example_bash_decorator.py took 0.101 seconds
[2024-11-18T08:38:30.941+0000] {processor.py:161} INFO - Started process (PID=2119) to work on /home/airflow/.local/lib/python3.12/site-packages/airflow/example_dags/example_bash_decorator.py
[2024-11-18T08:38:30.942+0000] {processor.py:830} INFO - Processing file /home/airflow/.local/lib/python3.12/site-packages/airflow/example_dags/example_bash_decorator.py for tasks to queue
[2024-11-18T08:38:30.944+0000] {logging_mixin.py:188} INFO - [2024-11-18T08:38:30.943+0000] {dagbag.py:545} INFO - Filling up the DagBag from /home/airflow/.local/lib/python3.12/site-packages/airflow/example_dags/example_bash_decorator.py
[2024-11-18T08:38:30.955+0000] {processor.py:840} INFO - DAG(s) 'example_bash_decorator' retrieved from /home/airflow/.local/lib/python3.12/site-packages/airflow/example_dags/example_bash_decorator.py
[2024-11-18T08:38:30.980+0000] {logging_mixin.py:188} INFO - [2024-11-18T08:38:30.980+0000] {dag.py:3096} INFO - Sync 1 DAGs
[2024-11-18T08:38:30.995+0000] {logging_mixin.py:188} INFO - [2024-11-18T08:38:30.995+0000] {dag.py:3954} INFO - Setting next_dagrun for example_bash_decorator to None, run_after=None
[2024-11-18T08:38:31.032+0000] {processor.py:183} INFO - Processing /home/airflow/.local/lib/python3.12/site-packages/airflow/example_dags/example_bash_decorator.py took 0.096 seconds
[2024-11-18T08:39:01.225+0000] {processor.py:161} INFO - Started process (PID=2381) to work on /home/airflow/.local/lib/python3.12/site-packages/airflow/example_dags/example_bash_decorator.py
[2024-11-18T08:39:01.226+0000] {processor.py:830} INFO - Processing file /home/airflow/.local/lib/python3.12/site-packages/airflow/example_dags/example_bash_decorator.py for tasks to queue
[2024-11-18T08:39:01.228+0000] {logging_mixin.py:188} INFO - [2024-11-18T08:39:01.227+0000] {dagbag.py:545} INFO - Filling up the DagBag from /home/airflow/.local/lib/python3.12/site-packages/airflow/example_dags/example_bash_decorator.py
[2024-11-18T08:39:01.240+0000] {processor.py:840} INFO - DAG(s) 'example_bash_decorator' retrieved from /home/airflow/.local/lib/python3.12/site-packages/airflow/example_dags/example_bash_decorator.py
[2024-11-18T08:39:01.262+0000] {logging_mixin.py:188} INFO - [2024-11-18T08:39:01.262+0000] {dag.py:3096} INFO - Sync 1 DAGs
[2024-11-18T08:39:01.273+0000] {logging_mixin.py:188} INFO - [2024-11-18T08:39:01.273+0000] {dag.py:3954} INFO - Setting next_dagrun for example_bash_decorator to None, run_after=None
[2024-11-18T08:39:01.303+0000] {processor.py:183} INFO - Processing /home/airflow/.local/lib/python3.12/site-packages/airflow/example_dags/example_bash_decorator.py took 0.084 seconds
[2024-11-18T08:39:31.557+0000] {processor.py:161} INFO - Started process (PID=2643) to work on /home/airflow/.local/lib/python3.12/site-packages/airflow/example_dags/example_bash_decorator.py
[2024-11-18T08:39:31.558+0000] {processor.py:830} INFO - Processing file /home/airflow/.local/lib/python3.12/site-packages/airflow/example_dags/example_bash_decorator.py for tasks to queue
[2024-11-18T08:39:31.560+0000] {logging_mixin.py:188} INFO - [2024-11-18T08:39:31.560+0000] {dagbag.py:545} INFO - Filling up the DagBag from /home/airflow/.local/lib/python3.12/site-packages/airflow/example_dags/example_bash_decorator.py
[2024-11-18T08:39:31.572+0000] {processor.py:840} INFO - DAG(s) 'example_bash_decorator' retrieved from /home/airflow/.local/lib/python3.12/site-packages/airflow/example_dags/example_bash_decorator.py
[2024-11-18T08:39:31.594+0000] {logging_mixin.py:188} INFO - [2024-11-18T08:39:31.594+0000] {dag.py:3096} INFO - Sync 1 DAGs
[2024-11-18T08:39:31.605+0000] {logging_mixin.py:188} INFO - [2024-11-18T08:39:31.605+0000] {dag.py:3954} INFO - Setting next_dagrun for example_bash_decorator to None, run_after=None
[2024-11-18T08:39:31.634+0000] {processor.py:183} INFO - Processing /home/airflow/.local/lib/python3.12/site-packages/airflow/example_dags/example_bash_decorator.py took 0.082 seconds
[2024-11-18T08:40:01.953+0000] {processor.py:161} INFO - Started process (PID=2905) to work on /home/airflow/.local/lib/python3.12/site-packages/airflow/example_dags/example_bash_decorator.py
[2024-11-18T08:40:01.954+0000] {processor.py:830} INFO - Processing file /home/airflow/.local/lib/python3.12/site-packages/airflow/example_dags/example_bash_decorator.py for tasks to queue
[2024-11-18T08:40:01.956+0000] {logging_mixin.py:188} INFO - [2024-11-18T08:40:01.956+0000] {dagbag.py:545} INFO - Filling up the DagBag from /home/airflow/.local/lib/python3.12/site-packages/airflow/example_dags/example_bash_decorator.py
[2024-11-18T08:40:01.968+0000] {processor.py:840} INFO - DAG(s) 'example_bash_decorator' retrieved from /home/airflow/.local/lib/python3.12/site-packages/airflow/example_dags/example_bash_decorator.py
[2024-11-18T08:40:01.989+0000] {logging_mixin.py:188} INFO - [2024-11-18T08:40:01.988+0000] {dag.py:3096} INFO - Sync 1 DAGs
[2024-11-18T08:40:02.000+0000] {logging_mixin.py:188} INFO - [2024-11-18T08:40:01.999+0000] {dag.py:3954} INFO - Setting next_dagrun for example_bash_decorator to None, run_after=None
[2024-11-18T08:40:02.028+0000] {processor.py:183} INFO - Processing /home/airflow/.local/lib/python3.12/site-packages/airflow/example_dags/example_bash_decorator.py took 0.080 seconds
[2024-11-18T08:40:32.408+0000] {processor.py:161} INFO - Started process (PID=3167) to work on /home/airflow/.local/lib/python3.12/site-packages/airflow/example_dags/example_bash_decorator.py
[2024-11-18T08:40:32.409+0000] {processor.py:830} INFO - Processing file /home/airflow/.local/lib/python3.12/site-packages/airflow/example_dags/example_bash_decorator.py for tasks to queue
[2024-11-18T08:40:32.411+0000] {logging_mixin.py:188} INFO - [2024-11-18T08:40:32.411+0000] {dagbag.py:545} INFO - Filling up the DagBag from /home/airflow/.local/lib/python3.12/site-packages/airflow/example_dags/example_bash_decorator.py
[2024-11-18T08:40:32.423+0000] {processor.py:840} INFO - DAG(s) 'example_bash_decorator' retrieved from /home/airflow/.local/lib/python3.12/site-packages/airflow/example_dags/example_bash_decorator.py
[2024-11-18T08:40:32.445+0000] {logging_mixin.py:188} INFO - [2024-11-18T08:40:32.444+0000] {dag.py:3096} INFO - Sync 1 DAGs
[2024-11-18T08:40:32.456+0000] {logging_mixin.py:188} INFO - [2024-11-18T08:40:32.455+0000] {dag.py:3954} INFO - Setting next_dagrun for example_bash_decorator to None, run_after=None
[2024-11-18T08:40:32.475+0000] {processor.py:183} INFO - Processing /home/airflow/.local/lib/python3.12/site-packages/airflow/example_dags/example_bash_decorator.py took 0.071 seconds
[2024-11-18T08:41:02.513+0000] {processor.py:161} INFO - Started process (PID=3426) to work on /home/airflow/.local/lib/python3.12/site-packages/airflow/example_dags/example_bash_decorator.py
[2024-11-18T08:41:02.514+0000] {processor.py:830} INFO - Processing file /home/airflow/.local/lib/python3.12/site-packages/airflow/example_dags/example_bash_decorator.py for tasks to queue
[2024-11-18T08:41:02.516+0000] {logging_mixin.py:188} INFO - [2024-11-18T08:41:02.515+0000] {dagbag.py:545} INFO - Filling up the DagBag from /home/airflow/.local/lib/python3.12/site-packages/airflow/example_dags/example_bash_decorator.py
[2024-11-18T08:41:02.529+0000] {processor.py:840} INFO - DAG(s) 'example_bash_decorator' retrieved from /home/airflow/.local/lib/python3.12/site-packages/airflow/example_dags/example_bash_decorator.py
[2024-11-18T08:41:02.550+0000] {logging_mixin.py:188} INFO - [2024-11-18T08:41:02.550+0000] {dag.py:3096} INFO - Sync 1 DAGs
[2024-11-18T08:41:02.561+0000] {logging_mixin.py:188} INFO - [2024-11-18T08:41:02.560+0000] {dag.py:3954} INFO - Setting next_dagrun for example_bash_decorator to None, run_after=None
[2024-11-18T08:41:02.578+0000] {processor.py:183} INFO - Processing /home/airflow/.local/lib/python3.12/site-packages/airflow/example_dags/example_bash_decorator.py took 0.071 seconds
[2024-11-18T08:41:32.803+0000] {processor.py:161} INFO - Started process (PID=3691) to work on /home/airflow/.local/lib/python3.12/site-packages/airflow/example_dags/example_bash_decorator.py
[2024-11-18T08:41:32.805+0000] {processor.py:830} INFO - Processing file /home/airflow/.local/lib/python3.12/site-packages/airflow/example_dags/example_bash_decorator.py for tasks to queue
[2024-11-18T08:41:32.808+0000] {logging_mixin.py:188} INFO - [2024-11-18T08:41:32.808+0000] {dagbag.py:545} INFO - Filling up the DagBag from /home/airflow/.local/lib/python3.12/site-packages/airflow/example_dags/example_bash_decorator.py
[2024-11-18T08:41:32.833+0000] {processor.py:840} INFO - DAG(s) 'example_bash_decorator' retrieved from /home/airflow/.local/lib/python3.12/site-packages/airflow/example_dags/example_bash_decorator.py
[2024-11-18T08:41:32.876+0000] {logging_mixin.py:188} INFO - [2024-11-18T08:41:32.876+0000] {dag.py:3096} INFO - Sync 1 DAGs
[2024-11-18T08:41:32.900+0000] {logging_mixin.py:188} INFO - [2024-11-18T08:41:32.899+0000] {dag.py:3954} INFO - Setting next_dagrun for example_bash_decorator to None, run_after=None
[2024-11-18T08:41:32.940+0000] {processor.py:183} INFO - Processing /home/airflow/.local/lib/python3.12/site-packages/airflow/example_dags/example_bash_decorator.py took 0.153 seconds
[2024-11-18T08:42:03.668+0000] {processor.py:161} INFO - Started process (PID=3953) to work on /home/airflow/.local/lib/python3.12/site-packages/airflow/example_dags/example_bash_decorator.py
[2024-11-18T08:42:03.669+0000] {processor.py:830} INFO - Processing file /home/airflow/.local/lib/python3.12/site-packages/airflow/example_dags/example_bash_decorator.py for tasks to queue
[2024-11-18T08:42:03.672+0000] {logging_mixin.py:188} INFO - [2024-11-18T08:42:03.671+0000] {dagbag.py:545} INFO - Filling up the DagBag from /home/airflow/.local/lib/python3.12/site-packages/airflow/example_dags/example_bash_decorator.py
[2024-11-18T08:42:03.683+0000] {processor.py:840} INFO - DAG(s) 'example_bash_decorator' retrieved from /home/airflow/.local/lib/python3.12/site-packages/airflow/example_dags/example_bash_decorator.py
[2024-11-18T08:42:03.707+0000] {logging_mixin.py:188} INFO - [2024-11-18T08:42:03.707+0000] {dag.py:3096} INFO - Sync 1 DAGs
[2024-11-18T08:42:03.719+0000] {logging_mixin.py:188} INFO - [2024-11-18T08:42:03.719+0000] {dag.py:3954} INFO - Setting next_dagrun for example_bash_decorator to None, run_after=None
[2024-11-18T08:42:03.750+0000] {processor.py:183} INFO - Processing /home/airflow/.local/lib/python3.12/site-packages/airflow/example_dags/example_bash_decorator.py took 0.087 seconds
[2024-11-18T08:42:34.231+0000] {processor.py:161} INFO - Started process (PID=4215) to work on /home/airflow/.local/lib/python3.12/site-packages/airflow/example_dags/example_bash_decorator.py
[2024-11-18T08:42:34.234+0000] {processor.py:830} INFO - Processing file /home/airflow/.local/lib/python3.12/site-packages/airflow/example_dags/example_bash_decorator.py for tasks to queue
[2024-11-18T08:42:34.238+0000] {logging_mixin.py:188} INFO - [2024-11-18T08:42:34.238+0000] {dagbag.py:545} INFO - Filling up the DagBag from /home/airflow/.local/lib/python3.12/site-packages/airflow/example_dags/example_bash_decorator.py
[2024-11-18T08:42:34.280+0000] {processor.py:840} INFO - DAG(s) 'example_bash_decorator' retrieved from /home/airflow/.local/lib/python3.12/site-packages/airflow/example_dags/example_bash_decorator.py
[2024-11-18T08:42:34.355+0000] {logging_mixin.py:188} INFO - [2024-11-18T08:42:34.354+0000] {dag.py:3096} INFO - Sync 1 DAGs
[2024-11-18T08:42:34.402+0000] {logging_mixin.py:188} INFO - [2024-11-18T08:42:34.401+0000] {dag.py:3954} INFO - Setting next_dagrun for example_bash_decorator to None, run_after=None
[2024-11-18T08:42:34.438+0000] {processor.py:183} INFO - Processing /home/airflow/.local/lib/python3.12/site-packages/airflow/example_dags/example_bash_decorator.py took 0.224 seconds
[2024-11-18T08:43:04.554+0000] {processor.py:161} INFO - Started process (PID=4477) to work on /home/airflow/.local/lib/python3.12/site-packages/airflow/example_dags/example_bash_decorator.py
[2024-11-18T08:43:04.555+0000] {processor.py:830} INFO - Processing file /home/airflow/.local/lib/python3.12/site-packages/airflow/example_dags/example_bash_decorator.py for tasks to queue
[2024-11-18T08:43:04.558+0000] {logging_mixin.py:188} INFO - [2024-11-18T08:43:04.558+0000] {dagbag.py:545} INFO - Filling up the DagBag from /home/airflow/.local/lib/python3.12/site-packages/airflow/example_dags/example_bash_decorator.py
[2024-11-18T08:43:04.578+0000] {processor.py:840} INFO - DAG(s) 'example_bash_decorator' retrieved from /home/airflow/.local/lib/python3.12/site-packages/airflow/example_dags/example_bash_decorator.py
[2024-11-18T08:43:04.610+0000] {logging_mixin.py:188} INFO - [2024-11-18T08:43:04.609+0000] {dag.py:3096} INFO - Sync 1 DAGs
[2024-11-18T08:43:04.628+0000] {logging_mixin.py:188} INFO - [2024-11-18T08:43:04.628+0000] {dag.py:3954} INFO - Setting next_dagrun for example_bash_decorator to None, run_after=None
[2024-11-18T08:43:04.664+0000] {processor.py:183} INFO - Processing /home/airflow/.local/lib/python3.12/site-packages/airflow/example_dags/example_bash_decorator.py took 0.117 seconds
[2024-11-18T08:43:35.430+0000] {processor.py:161} INFO - Started process (PID=4739) to work on /home/airflow/.local/lib/python3.12/site-packages/airflow/example_dags/example_bash_decorator.py
[2024-11-18T08:43:35.431+0000] {processor.py:830} INFO - Processing file /home/airflow/.local/lib/python3.12/site-packages/airflow/example_dags/example_bash_decorator.py for tasks to queue
[2024-11-18T08:43:35.432+0000] {logging_mixin.py:188} INFO - [2024-11-18T08:43:35.432+0000] {dagbag.py:545} INFO - Filling up the DagBag from /home/airflow/.local/lib/python3.12/site-packages/airflow/example_dags/example_bash_decorator.py
[2024-11-18T08:43:35.443+0000] {processor.py:840} INFO - DAG(s) 'example_bash_decorator' retrieved from /home/airflow/.local/lib/python3.12/site-packages/airflow/example_dags/example_bash_decorator.py
[2024-11-18T08:43:35.465+0000] {logging_mixin.py:188} INFO - [2024-11-18T08:43:35.465+0000] {dag.py:3096} INFO - Sync 1 DAGs
[2024-11-18T08:43:35.476+0000] {logging_mixin.py:188} INFO - [2024-11-18T08:43:35.476+0000] {dag.py:3954} INFO - Setting next_dagrun for example_bash_decorator to None, run_after=None
[2024-11-18T08:43:35.505+0000] {processor.py:183} INFO - Processing /home/airflow/.local/lib/python3.12/site-packages/airflow/example_dags/example_bash_decorator.py took 0.080 seconds
[2024-11-18T08:44:05.570+0000] {processor.py:161} INFO - Started process (PID=5001) to work on /home/airflow/.local/lib/python3.12/site-packages/airflow/example_dags/example_bash_decorator.py
[2024-11-18T08:44:05.570+0000] {processor.py:830} INFO - Processing file /home/airflow/.local/lib/python3.12/site-packages/airflow/example_dags/example_bash_decorator.py for tasks to queue
[2024-11-18T08:44:05.572+0000] {logging_mixin.py:188} INFO - [2024-11-18T08:44:05.571+0000] {dagbag.py:545} INFO - Filling up the DagBag from /home/airflow/.local/lib/python3.12/site-packages/airflow/example_dags/example_bash_decorator.py
[2024-11-18T08:44:05.583+0000] {processor.py:840} INFO - DAG(s) 'example_bash_decorator' retrieved from /home/airflow/.local/lib/python3.12/site-packages/airflow/example_dags/example_bash_decorator.py
[2024-11-18T08:44:05.605+0000] {logging_mixin.py:188} INFO - [2024-11-18T08:44:05.605+0000] {dag.py:3096} INFO - Sync 1 DAGs
[2024-11-18T08:44:05.616+0000] {logging_mixin.py:188} INFO - [2024-11-18T08:44:05.616+0000] {dag.py:3954} INFO - Setting next_dagrun for example_bash_decorator to None, run_after=None
[2024-11-18T08:44:05.645+0000] {processor.py:183} INFO - Processing /home/airflow/.local/lib/python3.12/site-packages/airflow/example_dags/example_bash_decorator.py took 0.081 seconds
[2024-11-18T08:44:35.851+0000] {processor.py:161} INFO - Started process (PID=5263) to work on /home/airflow/.local/lib/python3.12/site-packages/airflow/example_dags/example_bash_decorator.py
[2024-11-18T08:44:35.852+0000] {processor.py:830} INFO - Processing file /home/airflow/.local/lib/python3.12/site-packages/airflow/example_dags/example_bash_decorator.py for tasks to queue
[2024-11-18T08:44:35.854+0000] {logging_mixin.py:188} INFO - [2024-11-18T08:44:35.854+0000] {dagbag.py:545} INFO - Filling up the DagBag from /home/airflow/.local/lib/python3.12/site-packages/airflow/example_dags/example_bash_decorator.py
[2024-11-18T08:44:35.865+0000] {processor.py:840} INFO - DAG(s) 'example_bash_decorator' retrieved from /home/airflow/.local/lib/python3.12/site-packages/airflow/example_dags/example_bash_decorator.py
[2024-11-18T08:44:35.887+0000] {logging_mixin.py:188} INFO - [2024-11-18T08:44:35.887+0000] {dag.py:3096} INFO - Sync 1 DAGs
[2024-11-18T08:44:35.898+0000] {logging_mixin.py:188} INFO - [2024-11-18T08:44:35.898+0000] {dag.py:3954} INFO - Setting next_dagrun for example_bash_decorator to None, run_after=None
[2024-11-18T08:44:35.927+0000] {processor.py:183} INFO - Processing /home/airflow/.local/lib/python3.12/site-packages/airflow/example_dags/example_bash_decorator.py took 0.081 seconds
[2024-11-18T08:45:06.281+0000] {processor.py:161} INFO - Started process (PID=5525) to work on /home/airflow/.local/lib/python3.12/site-packages/airflow/example_dags/example_bash_decorator.py
[2024-11-18T08:45:06.283+0000] {processor.py:830} INFO - Processing file /home/airflow/.local/lib/python3.12/site-packages/airflow/example_dags/example_bash_decorator.py for tasks to queue
[2024-11-18T08:45:06.285+0000] {logging_mixin.py:188} INFO - [2024-11-18T08:45:06.285+0000] {dagbag.py:545} INFO - Filling up the DagBag from /home/airflow/.local/lib/python3.12/site-packages/airflow/example_dags/example_bash_decorator.py
[2024-11-18T08:45:06.299+0000] {processor.py:840} INFO - DAG(s) 'example_bash_decorator' retrieved from /home/airflow/.local/lib/python3.12/site-packages/airflow/example_dags/example_bash_decorator.py
[2024-11-18T08:45:06.325+0000] {logging_mixin.py:188} INFO - [2024-11-18T08:45:06.325+0000] {dag.py:3096} INFO - Sync 1 DAGs
[2024-11-18T08:45:06.337+0000] {logging_mixin.py:188} INFO - [2024-11-18T08:45:06.337+0000] {dag.py:3954} INFO - Setting next_dagrun for example_bash_decorator to None, run_after=None
[2024-11-18T08:45:06.357+0000] {processor.py:183} INFO - Processing /home/airflow/.local/lib/python3.12/site-packages/airflow/example_dags/example_bash_decorator.py took 0.082 seconds
[2024-11-18T08:45:36.532+0000] {processor.py:161} INFO - Started process (PID=5787) to work on /home/airflow/.local/lib/python3.12/site-packages/airflow/example_dags/example_bash_decorator.py
[2024-11-18T08:45:36.533+0000] {processor.py:830} INFO - Processing file /home/airflow/.local/lib/python3.12/site-packages/airflow/example_dags/example_bash_decorator.py for tasks to queue
[2024-11-18T08:45:36.535+0000] {logging_mixin.py:188} INFO - [2024-11-18T08:45:36.535+0000] {dagbag.py:545} INFO - Filling up the DagBag from /home/airflow/.local/lib/python3.12/site-packages/airflow/example_dags/example_bash_decorator.py
[2024-11-18T08:45:36.547+0000] {processor.py:840} INFO - DAG(s) 'example_bash_decorator' retrieved from /home/airflow/.local/lib/python3.12/site-packages/airflow/example_dags/example_bash_decorator.py
[2024-11-18T08:45:36.572+0000] {logging_mixin.py:188} INFO - [2024-11-18T08:45:36.572+0000] {dag.py:3096} INFO - Sync 1 DAGs
[2024-11-18T08:45:36.587+0000] {logging_mixin.py:188} INFO - [2024-11-18T08:45:36.587+0000] {dag.py:3954} INFO - Setting next_dagrun for example_bash_decorator to None, run_after=None
[2024-11-18T08:45:36.626+0000] {processor.py:183} INFO - Processing /home/airflow/.local/lib/python3.12/site-packages/airflow/example_dags/example_bash_decorator.py took 0.100 seconds
[2024-11-18T08:46:06.694+0000] {processor.py:161} INFO - Started process (PID=6046) to work on /home/airflow/.local/lib/python3.12/site-packages/airflow/example_dags/example_bash_decorator.py
[2024-11-18T08:46:06.695+0000] {processor.py:830} INFO - Processing file /home/airflow/.local/lib/python3.12/site-packages/airflow/example_dags/example_bash_decorator.py for tasks to queue
[2024-11-18T08:46:06.696+0000] {logging_mixin.py:188} INFO - [2024-11-18T08:46:06.696+0000] {dagbag.py:545} INFO - Filling up the DagBag from /home/airflow/.local/lib/python3.12/site-packages/airflow/example_dags/example_bash_decorator.py
[2024-11-18T08:46:06.707+0000] {processor.py:840} INFO - DAG(s) 'example_bash_decorator' retrieved from /home/airflow/.local/lib/python3.12/site-packages/airflow/example_dags/example_bash_decorator.py
[2024-11-18T08:46:06.730+0000] {logging_mixin.py:188} INFO - [2024-11-18T08:46:06.730+0000] {dag.py:3096} INFO - Sync 1 DAGs
[2024-11-18T08:46:06.745+0000] {logging_mixin.py:188} INFO - [2024-11-18T08:46:06.744+0000] {dag.py:3954} INFO - Setting next_dagrun for example_bash_decorator to None, run_after=None
[2024-11-18T08:46:06.775+0000] {processor.py:183} INFO - Processing /home/airflow/.local/lib/python3.12/site-packages/airflow/example_dags/example_bash_decorator.py took 0.087 seconds
[2024-11-18T08:46:36.977+0000] {processor.py:161} INFO - Started process (PID=6311) to work on /home/airflow/.local/lib/python3.12/site-packages/airflow/example_dags/example_bash_decorator.py
[2024-11-18T08:46:36.977+0000] {processor.py:830} INFO - Processing file /home/airflow/.local/lib/python3.12/site-packages/airflow/example_dags/example_bash_decorator.py for tasks to queue
[2024-11-18T08:46:36.979+0000] {logging_mixin.py:188} INFO - [2024-11-18T08:46:36.979+0000] {dagbag.py:545} INFO - Filling up the DagBag from /home/airflow/.local/lib/python3.12/site-packages/airflow/example_dags/example_bash_decorator.py
[2024-11-18T08:46:36.991+0000] {processor.py:840} INFO - DAG(s) 'example_bash_decorator' retrieved from /home/airflow/.local/lib/python3.12/site-packages/airflow/example_dags/example_bash_decorator.py
[2024-11-18T08:46:37.014+0000] {logging_mixin.py:188} INFO - [2024-11-18T08:46:37.014+0000] {dag.py:3096} INFO - Sync 1 DAGs
[2024-11-18T08:46:37.025+0000] {logging_mixin.py:188} INFO - [2024-11-18T08:46:37.025+0000] {dag.py:3954} INFO - Setting next_dagrun for example_bash_decorator to None, run_after=None
[2024-11-18T08:46:37.057+0000] {processor.py:183} INFO - Processing /home/airflow/.local/lib/python3.12/site-packages/airflow/example_dags/example_bash_decorator.py took 0.086 seconds
[2024-11-18T08:47:07.132+0000] {processor.py:161} INFO - Started process (PID=6573) to work on /home/airflow/.local/lib/python3.12/site-packages/airflow/example_dags/example_bash_decorator.py
[2024-11-18T08:47:07.134+0000] {processor.py:830} INFO - Processing file /home/airflow/.local/lib/python3.12/site-packages/airflow/example_dags/example_bash_decorator.py for tasks to queue
[2024-11-18T08:47:07.136+0000] {logging_mixin.py:188} INFO - [2024-11-18T08:47:07.135+0000] {dagbag.py:545} INFO - Filling up the DagBag from /home/airflow/.local/lib/python3.12/site-packages/airflow/example_dags/example_bash_decorator.py
[2024-11-18T08:47:07.154+0000] {processor.py:840} INFO - DAG(s) 'example_bash_decorator' retrieved from /home/airflow/.local/lib/python3.12/site-packages/airflow/example_dags/example_bash_decorator.py
[2024-11-18T08:47:07.178+0000] {logging_mixin.py:188} INFO - [2024-11-18T08:47:07.178+0000] {dag.py:3096} INFO - Sync 1 DAGs
[2024-11-18T08:47:07.191+0000] {logging_mixin.py:188} INFO - [2024-11-18T08:47:07.190+0000] {dag.py:3954} INFO - Setting next_dagrun for example_bash_decorator to None, run_after=None
[2024-11-18T08:47:07.219+0000] {processor.py:183} INFO - Processing /home/airflow/.local/lib/python3.12/site-packages/airflow/example_dags/example_bash_decorator.py took 0.095 seconds
[2024-11-18T08:47:37.580+0000] {processor.py:161} INFO - Started process (PID=6835) to work on /home/airflow/.local/lib/python3.12/site-packages/airflow/example_dags/example_bash_decorator.py
[2024-11-18T08:47:37.581+0000] {processor.py:830} INFO - Processing file /home/airflow/.local/lib/python3.12/site-packages/airflow/example_dags/example_bash_decorator.py for tasks to queue
[2024-11-18T08:47:37.583+0000] {logging_mixin.py:188} INFO - [2024-11-18T08:47:37.583+0000] {dagbag.py:545} INFO - Filling up the DagBag from /home/airflow/.local/lib/python3.12/site-packages/airflow/example_dags/example_bash_decorator.py
[2024-11-18T08:47:37.596+0000] {processor.py:840} INFO - DAG(s) 'example_bash_decorator' retrieved from /home/airflow/.local/lib/python3.12/site-packages/airflow/example_dags/example_bash_decorator.py
[2024-11-18T08:47:37.618+0000] {logging_mixin.py:188} INFO - [2024-11-18T08:47:37.617+0000] {dag.py:3096} INFO - Sync 1 DAGs
[2024-11-18T08:47:37.634+0000] {logging_mixin.py:188} INFO - [2024-11-18T08:47:37.634+0000] {dag.py:3954} INFO - Setting next_dagrun for example_bash_decorator to None, run_after=None
[2024-11-18T08:47:37.663+0000] {processor.py:183} INFO - Processing /home/airflow/.local/lib/python3.12/site-packages/airflow/example_dags/example_bash_decorator.py took 0.088 seconds
[2024-11-18T08:48:07.947+0000] {processor.py:161} INFO - Started process (PID=7097) to work on /home/airflow/.local/lib/python3.12/site-packages/airflow/example_dags/example_bash_decorator.py
[2024-11-18T08:48:07.948+0000] {processor.py:830} INFO - Processing file /home/airflow/.local/lib/python3.12/site-packages/airflow/example_dags/example_bash_decorator.py for tasks to queue
[2024-11-18T08:48:07.950+0000] {logging_mixin.py:188} INFO - [2024-11-18T08:48:07.950+0000] {dagbag.py:545} INFO - Filling up the DagBag from /home/airflow/.local/lib/python3.12/site-packages/airflow/example_dags/example_bash_decorator.py
[2024-11-18T08:48:07.961+0000] {processor.py:840} INFO - DAG(s) 'example_bash_decorator' retrieved from /home/airflow/.local/lib/python3.12/site-packages/airflow/example_dags/example_bash_decorator.py
[2024-11-18T08:48:07.986+0000] {logging_mixin.py:188} INFO - [2024-11-18T08:48:07.986+0000] {dag.py:3096} INFO - Sync 1 DAGs
[2024-11-18T08:48:07.997+0000] {logging_mixin.py:188} INFO - [2024-11-18T08:48:07.997+0000] {dag.py:3954} INFO - Setting next_dagrun for example_bash_decorator to None, run_after=None
[2024-11-18T08:48:08.016+0000] {processor.py:183} INFO - Processing /home/airflow/.local/lib/python3.12/site-packages/airflow/example_dags/example_bash_decorator.py took 0.074 seconds
[2024-11-18T08:48:38.432+0000] {processor.py:161} INFO - Started process (PID=7359) to work on /home/airflow/.local/lib/python3.12/site-packages/airflow/example_dags/example_bash_decorator.py
[2024-11-18T08:48:38.433+0000] {processor.py:830} INFO - Processing file /home/airflow/.local/lib/python3.12/site-packages/airflow/example_dags/example_bash_decorator.py for tasks to queue
[2024-11-18T08:48:38.435+0000] {logging_mixin.py:188} INFO - [2024-11-18T08:48:38.435+0000] {dagbag.py:545} INFO - Filling up the DagBag from /home/airflow/.local/lib/python3.12/site-packages/airflow/example_dags/example_bash_decorator.py
[2024-11-18T08:48:38.451+0000] {processor.py:840} INFO - DAG(s) 'example_bash_decorator' retrieved from /home/airflow/.local/lib/python3.12/site-packages/airflow/example_dags/example_bash_decorator.py
[2024-11-18T08:48:38.480+0000] {logging_mixin.py:188} INFO - [2024-11-18T08:48:38.480+0000] {dag.py:3096} INFO - Sync 1 DAGs
[2024-11-18T08:48:38.493+0000] {logging_mixin.py:188} INFO - [2024-11-18T08:48:38.493+0000] {dag.py:3954} INFO - Setting next_dagrun for example_bash_decorator to None, run_after=None
[2024-11-18T08:48:38.525+0000] {processor.py:183} INFO - Processing /home/airflow/.local/lib/python3.12/site-packages/airflow/example_dags/example_bash_decorator.py took 0.099 seconds
[2024-11-18T08:49:08.975+0000] {processor.py:161} INFO - Started process (PID=7621) to work on /home/airflow/.local/lib/python3.12/site-packages/airflow/example_dags/example_bash_decorator.py
[2024-11-18T08:49:08.977+0000] {processor.py:830} INFO - Processing file /home/airflow/.local/lib/python3.12/site-packages/airflow/example_dags/example_bash_decorator.py for tasks to queue
[2024-11-18T08:49:08.980+0000] {logging_mixin.py:188} INFO - [2024-11-18T08:49:08.980+0000] {dagbag.py:545} INFO - Filling up the DagBag from /home/airflow/.local/lib/python3.12/site-packages/airflow/example_dags/example_bash_decorator.py
[2024-11-18T08:49:09.001+0000] {processor.py:840} INFO - DAG(s) 'example_bash_decorator' retrieved from /home/airflow/.local/lib/python3.12/site-packages/airflow/example_dags/example_bash_decorator.py
[2024-11-18T08:49:09.035+0000] {logging_mixin.py:188} INFO - [2024-11-18T08:49:09.035+0000] {dag.py:3096} INFO - Sync 1 DAGs
[2024-11-18T08:49:09.062+0000] {logging_mixin.py:188} INFO - [2024-11-18T08:49:09.062+0000] {dag.py:3954} INFO - Setting next_dagrun for example_bash_decorator to None, run_after=None
[2024-11-18T08:49:09.084+0000] {processor.py:183} INFO - Processing /home/airflow/.local/lib/python3.12/site-packages/airflow/example_dags/example_bash_decorator.py took 0.117 seconds
[2024-11-18T08:49:39.168+0000] {processor.py:161} INFO - Started process (PID=7883) to work on /home/airflow/.local/lib/python3.12/site-packages/airflow/example_dags/example_bash_decorator.py
[2024-11-18T08:49:39.168+0000] {processor.py:830} INFO - Processing file /home/airflow/.local/lib/python3.12/site-packages/airflow/example_dags/example_bash_decorator.py for tasks to queue
[2024-11-18T08:49:39.170+0000] {logging_mixin.py:188} INFO - [2024-11-18T08:49:39.170+0000] {dagbag.py:545} INFO - Filling up the DagBag from /home/airflow/.local/lib/python3.12/site-packages/airflow/example_dags/example_bash_decorator.py
[2024-11-18T08:49:39.183+0000] {processor.py:840} INFO - DAG(s) 'example_bash_decorator' retrieved from /home/airflow/.local/lib/python3.12/site-packages/airflow/example_dags/example_bash_decorator.py
[2024-11-18T08:49:39.205+0000] {logging_mixin.py:188} INFO - [2024-11-18T08:49:39.205+0000] {dag.py:3096} INFO - Sync 1 DAGs
[2024-11-18T08:49:39.218+0000] {logging_mixin.py:188} INFO - [2024-11-18T08:49:39.218+0000] {dag.py:3954} INFO - Setting next_dagrun for example_bash_decorator to None, run_after=None
[2024-11-18T08:49:39.251+0000] {processor.py:183} INFO - Processing /home/airflow/.local/lib/python3.12/site-packages/airflow/example_dags/example_bash_decorator.py took 0.089 seconds
[2024-11-18T08:50:09.432+0000] {processor.py:161} INFO - Started process (PID=8145) to work on /home/airflow/.local/lib/python3.12/site-packages/airflow/example_dags/example_bash_decorator.py
[2024-11-18T08:50:09.433+0000] {processor.py:830} INFO - Processing file /home/airflow/.local/lib/python3.12/site-packages/airflow/example_dags/example_bash_decorator.py for tasks to queue
[2024-11-18T08:50:09.434+0000] {logging_mixin.py:188} INFO - [2024-11-18T08:50:09.434+0000] {dagbag.py:545} INFO - Filling up the DagBag from /home/airflow/.local/lib/python3.12/site-packages/airflow/example_dags/example_bash_decorator.py
[2024-11-18T08:50:09.446+0000] {processor.py:840} INFO - DAG(s) 'example_bash_decorator' retrieved from /home/airflow/.local/lib/python3.12/site-packages/airflow/example_dags/example_bash_decorator.py
[2024-11-18T08:50:09.469+0000] {logging_mixin.py:188} INFO - [2024-11-18T08:50:09.468+0000] {dag.py:3096} INFO - Sync 1 DAGs
[2024-11-18T08:50:09.481+0000] {logging_mixin.py:188} INFO - [2024-11-18T08:50:09.480+0000] {dag.py:3954} INFO - Setting next_dagrun for example_bash_decorator to None, run_after=None
[2024-11-18T08:50:09.511+0000] {processor.py:183} INFO - Processing /home/airflow/.local/lib/python3.12/site-packages/airflow/example_dags/example_bash_decorator.py took 0.085 seconds
[2024-11-18T08:50:39.826+0000] {processor.py:161} INFO - Started process (PID=8407) to work on /home/airflow/.local/lib/python3.12/site-packages/airflow/example_dags/example_bash_decorator.py
[2024-11-18T08:50:39.828+0000] {processor.py:830} INFO - Processing file /home/airflow/.local/lib/python3.12/site-packages/airflow/example_dags/example_bash_decorator.py for tasks to queue
[2024-11-18T08:50:39.830+0000] {logging_mixin.py:188} INFO - [2024-11-18T08:50:39.830+0000] {dagbag.py:545} INFO - Filling up the DagBag from /home/airflow/.local/lib/python3.12/site-packages/airflow/example_dags/example_bash_decorator.py
[2024-11-18T08:50:39.848+0000] {processor.py:840} INFO - DAG(s) 'example_bash_decorator' retrieved from /home/airflow/.local/lib/python3.12/site-packages/airflow/example_dags/example_bash_decorator.py
[2024-11-18T08:50:39.874+0000] {logging_mixin.py:188} INFO - [2024-11-18T08:50:39.874+0000] {dag.py:3096} INFO - Sync 1 DAGs
[2024-11-18T08:50:39.888+0000] {logging_mixin.py:188} INFO - [2024-11-18T08:50:39.888+0000] {dag.py:3954} INFO - Setting next_dagrun for example_bash_decorator to None, run_after=None
[2024-11-18T08:50:39.921+0000] {processor.py:183} INFO - Processing /home/airflow/.local/lib/python3.12/site-packages/airflow/example_dags/example_bash_decorator.py took 0.103 seconds
[2024-11-18T08:51:10.056+0000] {processor.py:161} INFO - Started process (PID=8670) to work on /home/airflow/.local/lib/python3.12/site-packages/airflow/example_dags/example_bash_decorator.py
[2024-11-18T08:51:10.057+0000] {processor.py:830} INFO - Processing file /home/airflow/.local/lib/python3.12/site-packages/airflow/example_dags/example_bash_decorator.py for tasks to queue
[2024-11-18T08:51:10.059+0000] {logging_mixin.py:188} INFO - [2024-11-18T08:51:10.058+0000] {dagbag.py:545} INFO - Filling up the DagBag from /home/airflow/.local/lib/python3.12/site-packages/airflow/example_dags/example_bash_decorator.py
[2024-11-18T08:51:10.073+0000] {processor.py:840} INFO - DAG(s) 'example_bash_decorator' retrieved from /home/airflow/.local/lib/python3.12/site-packages/airflow/example_dags/example_bash_decorator.py
[2024-11-18T08:51:10.106+0000] {logging_mixin.py:188} INFO - [2024-11-18T08:51:10.106+0000] {dag.py:3096} INFO - Sync 1 DAGs
[2024-11-18T08:51:10.140+0000] {logging_mixin.py:188} INFO - [2024-11-18T08:51:10.140+0000] {dag.py:3954} INFO - Setting next_dagrun for example_bash_decorator to None, run_after=None
[2024-11-18T08:51:10.175+0000] {processor.py:183} INFO - Processing /home/airflow/.local/lib/python3.12/site-packages/airflow/example_dags/example_bash_decorator.py took 0.127 seconds
[2024-11-18T08:51:40.462+0000] {processor.py:161} INFO - Started process (PID=8932) to work on /home/airflow/.local/lib/python3.12/site-packages/airflow/example_dags/example_bash_decorator.py
[2024-11-18T08:51:40.463+0000] {processor.py:830} INFO - Processing file /home/airflow/.local/lib/python3.12/site-packages/airflow/example_dags/example_bash_decorator.py for tasks to queue
[2024-11-18T08:51:40.464+0000] {logging_mixin.py:188} INFO - [2024-11-18T08:51:40.464+0000] {dagbag.py:545} INFO - Filling up the DagBag from /home/airflow/.local/lib/python3.12/site-packages/airflow/example_dags/example_bash_decorator.py
[2024-11-18T08:51:40.476+0000] {processor.py:840} INFO - DAG(s) 'example_bash_decorator' retrieved from /home/airflow/.local/lib/python3.12/site-packages/airflow/example_dags/example_bash_decorator.py
[2024-11-18T08:51:40.500+0000] {logging_mixin.py:188} INFO - [2024-11-18T08:51:40.500+0000] {dag.py:3096} INFO - Sync 1 DAGs
[2024-11-18T08:51:40.511+0000] {logging_mixin.py:188} INFO - [2024-11-18T08:51:40.511+0000] {dag.py:3954} INFO - Setting next_dagrun for example_bash_decorator to None, run_after=None
[2024-11-18T08:51:40.540+0000] {processor.py:183} INFO - Processing /home/airflow/.local/lib/python3.12/site-packages/airflow/example_dags/example_bash_decorator.py took 0.083 seconds
[2024-11-18T08:52:11.077+0000] {processor.py:161} INFO - Started process (PID=9194) to work on /home/airflow/.local/lib/python3.12/site-packages/airflow/example_dags/example_bash_decorator.py
[2024-11-18T08:52:11.078+0000] {processor.py:830} INFO - Processing file /home/airflow/.local/lib/python3.12/site-packages/airflow/example_dags/example_bash_decorator.py for tasks to queue
[2024-11-18T08:52:11.080+0000] {logging_mixin.py:188} INFO - [2024-11-18T08:52:11.080+0000] {dagbag.py:545} INFO - Filling up the DagBag from /home/airflow/.local/lib/python3.12/site-packages/airflow/example_dags/example_bash_decorator.py
[2024-11-18T08:52:11.093+0000] {processor.py:840} INFO - DAG(s) 'example_bash_decorator' retrieved from /home/airflow/.local/lib/python3.12/site-packages/airflow/example_dags/example_bash_decorator.py
[2024-11-18T08:52:11.116+0000] {logging_mixin.py:188} INFO - [2024-11-18T08:52:11.116+0000] {dag.py:3096} INFO - Sync 1 DAGs
[2024-11-18T08:52:11.129+0000] {logging_mixin.py:188} INFO - [2024-11-18T08:52:11.129+0000] {dag.py:3954} INFO - Setting next_dagrun for example_bash_decorator to None, run_after=None
[2024-11-18T08:52:11.154+0000] {processor.py:183} INFO - Processing /home/airflow/.local/lib/python3.12/site-packages/airflow/example_dags/example_bash_decorator.py took 0.086 seconds
[2024-11-18T08:52:41.692+0000] {processor.py:161} INFO - Started process (PID=9456) to work on /home/airflow/.local/lib/python3.12/site-packages/airflow/example_dags/example_bash_decorator.py
[2024-11-18T08:52:41.693+0000] {processor.py:830} INFO - Processing file /home/airflow/.local/lib/python3.12/site-packages/airflow/example_dags/example_bash_decorator.py for tasks to queue
[2024-11-18T08:52:41.695+0000] {logging_mixin.py:188} INFO - [2024-11-18T08:52:41.695+0000] {dagbag.py:545} INFO - Filling up the DagBag from /home/airflow/.local/lib/python3.12/site-packages/airflow/example_dags/example_bash_decorator.py
[2024-11-18T08:52:41.709+0000] {processor.py:840} INFO - DAG(s) 'example_bash_decorator' retrieved from /home/airflow/.local/lib/python3.12/site-packages/airflow/example_dags/example_bash_decorator.py
[2024-11-18T08:52:41.734+0000] {logging_mixin.py:188} INFO - [2024-11-18T08:52:41.734+0000] {dag.py:3096} INFO - Sync 1 DAGs
[2024-11-18T08:52:41.746+0000] {logging_mixin.py:188} INFO - [2024-11-18T08:52:41.746+0000] {dag.py:3954} INFO - Setting next_dagrun for example_bash_decorator to None, run_after=None
[2024-11-18T08:52:41.778+0000] {processor.py:183} INFO - Processing /home/airflow/.local/lib/python3.12/site-packages/airflow/example_dags/example_bash_decorator.py took 0.092 seconds
[2024-11-18T08:53:12.026+0000] {processor.py:161} INFO - Started process (PID=9718) to work on /home/airflow/.local/lib/python3.12/site-packages/airflow/example_dags/example_bash_decorator.py
[2024-11-18T08:53:12.027+0000] {processor.py:830} INFO - Processing file /home/airflow/.local/lib/python3.12/site-packages/airflow/example_dags/example_bash_decorator.py for tasks to queue
[2024-11-18T08:53:12.029+0000] {logging_mixin.py:188} INFO - [2024-11-18T08:53:12.029+0000] {dagbag.py:545} INFO - Filling up the DagBag from /home/airflow/.local/lib/python3.12/site-packages/airflow/example_dags/example_bash_decorator.py
[2024-11-18T08:53:12.045+0000] {processor.py:840} INFO - DAG(s) 'example_bash_decorator' retrieved from /home/airflow/.local/lib/python3.12/site-packages/airflow/example_dags/example_bash_decorator.py
[2024-11-18T08:53:12.074+0000] {logging_mixin.py:188} INFO - [2024-11-18T08:53:12.074+0000] {dag.py:3096} INFO - Sync 1 DAGs
[2024-11-18T08:53:12.086+0000] {logging_mixin.py:188} INFO - [2024-11-18T08:53:12.086+0000] {dag.py:3954} INFO - Setting next_dagrun for example_bash_decorator to None, run_after=None
[2024-11-18T08:53:12.118+0000] {processor.py:183} INFO - Processing /home/airflow/.local/lib/python3.12/site-packages/airflow/example_dags/example_bash_decorator.py took 0.097 seconds
