[2024-11-18T08:34:58.504+0000] {processor.py:161} INFO - Started process (PID=357) to work on /home/airflow/.local/lib/python3.12/site-packages/airflow/example_dags/example_external_task_marker_dag.py
[2024-11-18T08:34:58.505+0000] {processor.py:830} INFO - Processing file /home/airflow/.local/lib/python3.12/site-packages/airflow/example_dags/example_external_task_marker_dag.py for tasks to queue
[2024-11-18T08:34:58.507+0000] {logging_mixin.py:188} INFO - [2024-11-18T08:34:58.507+0000] {dagbag.py:545} INFO - Filling up the DagBag from /home/airflow/.local/lib/python3.12/site-packages/airflow/example_dags/example_external_task_marker_dag.py
[2024-11-18T08:34:58.515+0000] {processor.py:840} INFO - DAG(s) 'example_external_task_marker_child', 'example_external_task_marker_parent' retrieved from /home/airflow/.local/lib/python3.12/site-packages/airflow/example_dags/example_external_task_marker_dag.py
[2024-11-18T08:34:58.530+0000] {logging_mixin.py:188} INFO - [2024-11-18T08:34:58.530+0000] {dag.py:3096} INFO - Sync 2 DAGs
[2024-11-18T08:34:58.551+0000] {logging_mixin.py:188} INFO - [2024-11-18T08:34:58.551+0000] {dag.py:3118} INFO - Creating ORM DAG for example_external_task_marker_parent
[2024-11-18T08:34:58.553+0000] {logging_mixin.py:188} INFO - [2024-11-18T08:34:58.553+0000] {dag.py:3118} INFO - Creating ORM DAG for example_external_task_marker_child
[2024-11-18T08:34:58.555+0000] {logging_mixin.py:188} INFO - [2024-11-18T08:34:58.554+0000] {dag.py:3954} INFO - Setting next_dagrun for example_external_task_marker_child to None, run_after=None
[2024-11-18T08:34:58.556+0000] {logging_mixin.py:188} INFO - [2024-11-18T08:34:58.556+0000] {dag.py:3954} INFO - Setting next_dagrun for example_external_task_marker_parent to None, run_after=None
[2024-11-18T08:34:58.614+0000] {processor.py:183} INFO - Processing /home/airflow/.local/lib/python3.12/site-packages/airflow/example_dags/example_external_task_marker_dag.py took 0.117 seconds
[2024-11-18T08:35:28.886+0000] {processor.py:161} INFO - Started process (PID=617) to work on /home/airflow/.local/lib/python3.12/site-packages/airflow/example_dags/example_external_task_marker_dag.py
[2024-11-18T08:35:28.888+0000] {processor.py:830} INFO - Processing file /home/airflow/.local/lib/python3.12/site-packages/airflow/example_dags/example_external_task_marker_dag.py for tasks to queue
[2024-11-18T08:35:28.890+0000] {logging_mixin.py:188} INFO - [2024-11-18T08:35:28.890+0000] {dagbag.py:545} INFO - Filling up the DagBag from /home/airflow/.local/lib/python3.12/site-packages/airflow/example_dags/example_external_task_marker_dag.py
[2024-11-18T08:35:28.896+0000] {processor.py:840} INFO - DAG(s) 'example_external_task_marker_child', 'example_external_task_marker_parent' retrieved from /home/airflow/.local/lib/python3.12/site-packages/airflow/example_dags/example_external_task_marker_dag.py
[2024-11-18T08:35:29.016+0000] {logging_mixin.py:188} INFO - [2024-11-18T08:35:29.016+0000] {dag.py:3096} INFO - Sync 2 DAGs
[2024-11-18T08:35:29.027+0000] {logging_mixin.py:188} INFO - [2024-11-18T08:35:29.027+0000] {dag.py:3954} INFO - Setting next_dagrun for example_external_task_marker_child to None, run_after=None
[2024-11-18T08:35:29.031+0000] {logging_mixin.py:188} INFO - [2024-11-18T08:35:29.030+0000] {dag.py:3954} INFO - Setting next_dagrun for example_external_task_marker_parent to None, run_after=None
[2024-11-18T08:35:29.052+0000] {processor.py:183} INFO - Processing /home/airflow/.local/lib/python3.12/site-packages/airflow/example_dags/example_external_task_marker_dag.py took 0.173 seconds
[2024-11-18T08:35:59.276+0000] {processor.py:161} INFO - Started process (PID=881) to work on /home/airflow/.local/lib/python3.12/site-packages/airflow/example_dags/example_external_task_marker_dag.py
[2024-11-18T08:35:59.277+0000] {processor.py:830} INFO - Processing file /home/airflow/.local/lib/python3.12/site-packages/airflow/example_dags/example_external_task_marker_dag.py for tasks to queue
[2024-11-18T08:35:59.279+0000] {logging_mixin.py:188} INFO - [2024-11-18T08:35:59.279+0000] {dagbag.py:545} INFO - Filling up the DagBag from /home/airflow/.local/lib/python3.12/site-packages/airflow/example_dags/example_external_task_marker_dag.py
[2024-11-18T08:35:59.286+0000] {processor.py:840} INFO - DAG(s) 'example_external_task_marker_child', 'example_external_task_marker_parent' retrieved from /home/airflow/.local/lib/python3.12/site-packages/airflow/example_dags/example_external_task_marker_dag.py
[2024-11-18T08:35:59.313+0000] {logging_mixin.py:188} INFO - [2024-11-18T08:35:59.313+0000] {dag.py:3096} INFO - Sync 2 DAGs
[2024-11-18T08:35:59.327+0000] {logging_mixin.py:188} INFO - [2024-11-18T08:35:59.326+0000] {dag.py:3954} INFO - Setting next_dagrun for example_external_task_marker_child to None, run_after=None
[2024-11-18T08:35:59.332+0000] {logging_mixin.py:188} INFO - [2024-11-18T08:35:59.331+0000] {dag.py:3954} INFO - Setting next_dagrun for example_external_task_marker_parent to None, run_after=None
[2024-11-18T08:35:59.348+0000] {processor.py:183} INFO - Processing /home/airflow/.local/lib/python3.12/site-packages/airflow/example_dags/example_external_task_marker_dag.py took 0.077 seconds
[2024-11-18T08:36:29.843+0000] {processor.py:161} INFO - Started process (PID=1141) to work on /home/airflow/.local/lib/python3.12/site-packages/airflow/example_dags/example_external_task_marker_dag.py
[2024-11-18T08:36:29.844+0000] {processor.py:830} INFO - Processing file /home/airflow/.local/lib/python3.12/site-packages/airflow/example_dags/example_external_task_marker_dag.py for tasks to queue
[2024-11-18T08:36:29.846+0000] {logging_mixin.py:188} INFO - [2024-11-18T08:36:29.846+0000] {dagbag.py:545} INFO - Filling up the DagBag from /home/airflow/.local/lib/python3.12/site-packages/airflow/example_dags/example_external_task_marker_dag.py
[2024-11-18T08:36:29.852+0000] {processor.py:840} INFO - DAG(s) 'example_external_task_marker_child', 'example_external_task_marker_parent' retrieved from /home/airflow/.local/lib/python3.12/site-packages/airflow/example_dags/example_external_task_marker_dag.py
[2024-11-18T08:36:29.875+0000] {logging_mixin.py:188} INFO - [2024-11-18T08:36:29.875+0000] {dag.py:3096} INFO - Sync 2 DAGs
[2024-11-18T08:36:29.888+0000] {logging_mixin.py:188} INFO - [2024-11-18T08:36:29.888+0000] {dag.py:3954} INFO - Setting next_dagrun for example_external_task_marker_child to None, run_after=None
[2024-11-18T08:36:29.892+0000] {logging_mixin.py:188} INFO - [2024-11-18T08:36:29.892+0000] {dag.py:3954} INFO - Setting next_dagrun for example_external_task_marker_parent to None, run_after=None
[2024-11-18T08:36:29.922+0000] {processor.py:183} INFO - Processing /home/airflow/.local/lib/python3.12/site-packages/airflow/example_dags/example_external_task_marker_dag.py took 0.084 seconds
[2024-11-18T08:37:00.041+0000] {processor.py:161} INFO - Started process (PID=1403) to work on /home/airflow/.local/lib/python3.12/site-packages/airflow/example_dags/example_external_task_marker_dag.py
[2024-11-18T08:37:00.042+0000] {processor.py:830} INFO - Processing file /home/airflow/.local/lib/python3.12/site-packages/airflow/example_dags/example_external_task_marker_dag.py for tasks to queue
[2024-11-18T08:37:00.044+0000] {logging_mixin.py:188} INFO - [2024-11-18T08:37:00.044+0000] {dagbag.py:545} INFO - Filling up the DagBag from /home/airflow/.local/lib/python3.12/site-packages/airflow/example_dags/example_external_task_marker_dag.py
[2024-11-18T08:37:00.050+0000] {processor.py:840} INFO - DAG(s) 'example_external_task_marker_parent', 'example_external_task_marker_child' retrieved from /home/airflow/.local/lib/python3.12/site-packages/airflow/example_dags/example_external_task_marker_dag.py
[2024-11-18T08:37:00.073+0000] {logging_mixin.py:188} INFO - [2024-11-18T08:37:00.073+0000] {dag.py:3096} INFO - Sync 2 DAGs
[2024-11-18T08:37:00.087+0000] {logging_mixin.py:188} INFO - [2024-11-18T08:37:00.087+0000] {dag.py:3954} INFO - Setting next_dagrun for example_external_task_marker_child to None, run_after=None
[2024-11-18T08:37:00.092+0000] {logging_mixin.py:188} INFO - [2024-11-18T08:37:00.091+0000] {dag.py:3954} INFO - Setting next_dagrun for example_external_task_marker_parent to None, run_after=None
[2024-11-18T08:37:00.112+0000] {processor.py:183} INFO - Processing /home/airflow/.local/lib/python3.12/site-packages/airflow/example_dags/example_external_task_marker_dag.py took 0.076 seconds
[2024-11-18T08:37:30.496+0000] {processor.py:161} INFO - Started process (PID=1665) to work on /home/airflow/.local/lib/python3.12/site-packages/airflow/example_dags/example_external_task_marker_dag.py
[2024-11-18T08:37:30.498+0000] {processor.py:830} INFO - Processing file /home/airflow/.local/lib/python3.12/site-packages/airflow/example_dags/example_external_task_marker_dag.py for tasks to queue
[2024-11-18T08:37:30.500+0000] {logging_mixin.py:188} INFO - [2024-11-18T08:37:30.500+0000] {dagbag.py:545} INFO - Filling up the DagBag from /home/airflow/.local/lib/python3.12/site-packages/airflow/example_dags/example_external_task_marker_dag.py
[2024-11-18T08:37:30.508+0000] {processor.py:840} INFO - DAG(s) 'example_external_task_marker_child', 'example_external_task_marker_parent' retrieved from /home/airflow/.local/lib/python3.12/site-packages/airflow/example_dags/example_external_task_marker_dag.py
[2024-11-18T08:37:30.538+0000] {logging_mixin.py:188} INFO - [2024-11-18T08:37:30.538+0000] {dag.py:3096} INFO - Sync 2 DAGs
[2024-11-18T08:37:30.553+0000] {logging_mixin.py:188} INFO - [2024-11-18T08:37:30.553+0000] {dag.py:3954} INFO - Setting next_dagrun for example_external_task_marker_child to None, run_after=None
[2024-11-18T08:37:30.558+0000] {logging_mixin.py:188} INFO - [2024-11-18T08:37:30.558+0000] {dag.py:3954} INFO - Setting next_dagrun for example_external_task_marker_parent to None, run_after=None
[2024-11-18T08:37:30.578+0000] {processor.py:183} INFO - Processing /home/airflow/.local/lib/python3.12/site-packages/airflow/example_dags/example_external_task_marker_dag.py took 0.089 seconds
[2024-11-18T08:38:01.488+0000] {processor.py:161} INFO - Started process (PID=1929) to work on /home/airflow/.local/lib/python3.12/site-packages/airflow/example_dags/example_external_task_marker_dag.py
[2024-11-18T08:38:01.490+0000] {processor.py:830} INFO - Processing file /home/airflow/.local/lib/python3.12/site-packages/airflow/example_dags/example_external_task_marker_dag.py for tasks to queue
[2024-11-18T08:38:01.494+0000] {logging_mixin.py:188} INFO - [2024-11-18T08:38:01.493+0000] {dagbag.py:545} INFO - Filling up the DagBag from /home/airflow/.local/lib/python3.12/site-packages/airflow/example_dags/example_external_task_marker_dag.py
[2024-11-18T08:38:01.504+0000] {processor.py:840} INFO - DAG(s) 'example_external_task_marker_child', 'example_external_task_marker_parent' retrieved from /home/airflow/.local/lib/python3.12/site-packages/airflow/example_dags/example_external_task_marker_dag.py
[2024-11-18T08:38:01.551+0000] {logging_mixin.py:188} INFO - [2024-11-18T08:38:01.550+0000] {dag.py:3096} INFO - Sync 2 DAGs
[2024-11-18T08:38:01.572+0000] {logging_mixin.py:188} INFO - [2024-11-18T08:38:01.571+0000] {dag.py:3954} INFO - Setting next_dagrun for example_external_task_marker_child to None, run_after=None
[2024-11-18T08:38:01.582+0000] {logging_mixin.py:188} INFO - [2024-11-18T08:38:01.581+0000] {dag.py:3954} INFO - Setting next_dagrun for example_external_task_marker_parent to None, run_after=None
[2024-11-18T08:38:01.617+0000] {processor.py:183} INFO - Processing /home/airflow/.local/lib/python3.12/site-packages/airflow/example_dags/example_external_task_marker_dag.py took 0.136 seconds
[2024-11-18T08:38:31.969+0000] {processor.py:161} INFO - Started process (PID=2189) to work on /home/airflow/.local/lib/python3.12/site-packages/airflow/example_dags/example_external_task_marker_dag.py
[2024-11-18T08:38:31.970+0000] {processor.py:830} INFO - Processing file /home/airflow/.local/lib/python3.12/site-packages/airflow/example_dags/example_external_task_marker_dag.py for tasks to queue
[2024-11-18T08:38:31.972+0000] {logging_mixin.py:188} INFO - [2024-11-18T08:38:31.972+0000] {dagbag.py:545} INFO - Filling up the DagBag from /home/airflow/.local/lib/python3.12/site-packages/airflow/example_dags/example_external_task_marker_dag.py
[2024-11-18T08:38:31.977+0000] {processor.py:840} INFO - DAG(s) 'example_external_task_marker_child', 'example_external_task_marker_parent' retrieved from /home/airflow/.local/lib/python3.12/site-packages/airflow/example_dags/example_external_task_marker_dag.py
[2024-11-18T08:38:32.002+0000] {logging_mixin.py:188} INFO - [2024-11-18T08:38:32.002+0000] {dag.py:3096} INFO - Sync 2 DAGs
[2024-11-18T08:38:32.015+0000] {logging_mixin.py:188} INFO - [2024-11-18T08:38:32.015+0000] {dag.py:3954} INFO - Setting next_dagrun for example_external_task_marker_child to None, run_after=None
[2024-11-18T08:38:32.019+0000] {logging_mixin.py:188} INFO - [2024-11-18T08:38:32.019+0000] {dag.py:3954} INFO - Setting next_dagrun for example_external_task_marker_parent to None, run_after=None
[2024-11-18T08:38:32.037+0000] {processor.py:183} INFO - Processing /home/airflow/.local/lib/python3.12/site-packages/airflow/example_dags/example_external_task_marker_dag.py took 0.074 seconds
[2024-11-18T08:39:02.178+0000] {processor.py:161} INFO - Started process (PID=2451) to work on /home/airflow/.local/lib/python3.12/site-packages/airflow/example_dags/example_external_task_marker_dag.py
[2024-11-18T08:39:02.179+0000] {processor.py:830} INFO - Processing file /home/airflow/.local/lib/python3.12/site-packages/airflow/example_dags/example_external_task_marker_dag.py for tasks to queue
[2024-11-18T08:39:02.181+0000] {logging_mixin.py:188} INFO - [2024-11-18T08:39:02.180+0000] {dagbag.py:545} INFO - Filling up the DagBag from /home/airflow/.local/lib/python3.12/site-packages/airflow/example_dags/example_external_task_marker_dag.py
[2024-11-18T08:39:02.186+0000] {processor.py:840} INFO - DAG(s) 'example_external_task_marker_parent', 'example_external_task_marker_child' retrieved from /home/airflow/.local/lib/python3.12/site-packages/airflow/example_dags/example_external_task_marker_dag.py
[2024-11-18T08:39:02.208+0000] {logging_mixin.py:188} INFO - [2024-11-18T08:39:02.208+0000] {dag.py:3096} INFO - Sync 2 DAGs
[2024-11-18T08:39:02.220+0000] {logging_mixin.py:188} INFO - [2024-11-18T08:39:02.220+0000] {dag.py:3954} INFO - Setting next_dagrun for example_external_task_marker_child to None, run_after=None
[2024-11-18T08:39:02.225+0000] {logging_mixin.py:188} INFO - [2024-11-18T08:39:02.225+0000] {dag.py:3954} INFO - Setting next_dagrun for example_external_task_marker_parent to None, run_after=None
[2024-11-18T08:39:02.244+0000] {processor.py:183} INFO - Processing /home/airflow/.local/lib/python3.12/site-packages/airflow/example_dags/example_external_task_marker_dag.py took 0.071 seconds
[2024-11-18T08:39:32.661+0000] {processor.py:161} INFO - Started process (PID=2715) to work on /home/airflow/.local/lib/python3.12/site-packages/airflow/example_dags/example_external_task_marker_dag.py
[2024-11-18T08:39:32.662+0000] {processor.py:830} INFO - Processing file /home/airflow/.local/lib/python3.12/site-packages/airflow/example_dags/example_external_task_marker_dag.py for tasks to queue
[2024-11-18T08:39:32.663+0000] {logging_mixin.py:188} INFO - [2024-11-18T08:39:32.663+0000] {dagbag.py:545} INFO - Filling up the DagBag from /home/airflow/.local/lib/python3.12/site-packages/airflow/example_dags/example_external_task_marker_dag.py
[2024-11-18T08:39:32.669+0000] {processor.py:840} INFO - DAG(s) 'example_external_task_marker_parent', 'example_external_task_marker_child' retrieved from /home/airflow/.local/lib/python3.12/site-packages/airflow/example_dags/example_external_task_marker_dag.py
[2024-11-18T08:39:32.690+0000] {logging_mixin.py:188} INFO - [2024-11-18T08:39:32.690+0000] {dag.py:3096} INFO - Sync 2 DAGs
[2024-11-18T08:39:32.702+0000] {logging_mixin.py:188} INFO - [2024-11-18T08:39:32.701+0000] {dag.py:3954} INFO - Setting next_dagrun for example_external_task_marker_child to None, run_after=None
[2024-11-18T08:39:32.705+0000] {logging_mixin.py:188} INFO - [2024-11-18T08:39:32.705+0000] {dag.py:3954} INFO - Setting next_dagrun for example_external_task_marker_parent to None, run_after=None
[2024-11-18T08:39:32.725+0000] {processor.py:183} INFO - Processing /home/airflow/.local/lib/python3.12/site-packages/airflow/example_dags/example_external_task_marker_dag.py took 0.070 seconds
[2024-11-18T08:40:02.984+0000] {processor.py:161} INFO - Started process (PID=2975) to work on /home/airflow/.local/lib/python3.12/site-packages/airflow/example_dags/example_external_task_marker_dag.py
[2024-11-18T08:40:02.986+0000] {processor.py:830} INFO - Processing file /home/airflow/.local/lib/python3.12/site-packages/airflow/example_dags/example_external_task_marker_dag.py for tasks to queue
[2024-11-18T08:40:02.988+0000] {logging_mixin.py:188} INFO - [2024-11-18T08:40:02.987+0000] {dagbag.py:545} INFO - Filling up the DagBag from /home/airflow/.local/lib/python3.12/site-packages/airflow/example_dags/example_external_task_marker_dag.py
[2024-11-18T08:40:02.993+0000] {processor.py:840} INFO - DAG(s) 'example_external_task_marker_child', 'example_external_task_marker_parent' retrieved from /home/airflow/.local/lib/python3.12/site-packages/airflow/example_dags/example_external_task_marker_dag.py
[2024-11-18T08:40:03.019+0000] {logging_mixin.py:188} INFO - [2024-11-18T08:40:03.018+0000] {dag.py:3096} INFO - Sync 2 DAGs
[2024-11-18T08:40:03.033+0000] {logging_mixin.py:188} INFO - [2024-11-18T08:40:03.033+0000] {dag.py:3954} INFO - Setting next_dagrun for example_external_task_marker_child to None, run_after=None
[2024-11-18T08:40:03.039+0000] {logging_mixin.py:188} INFO - [2024-11-18T08:40:03.039+0000] {dag.py:3954} INFO - Setting next_dagrun for example_external_task_marker_parent to None, run_after=None
[2024-11-18T08:40:03.061+0000] {processor.py:183} INFO - Processing /home/airflow/.local/lib/python3.12/site-packages/airflow/example_dags/example_external_task_marker_dag.py took 0.082 seconds
[2024-11-18T08:40:33.336+0000] {processor.py:161} INFO - Started process (PID=3239) to work on /home/airflow/.local/lib/python3.12/site-packages/airflow/example_dags/example_external_task_marker_dag.py
[2024-11-18T08:40:33.337+0000] {processor.py:830} INFO - Processing file /home/airflow/.local/lib/python3.12/site-packages/airflow/example_dags/example_external_task_marker_dag.py for tasks to queue
[2024-11-18T08:40:33.339+0000] {logging_mixin.py:188} INFO - [2024-11-18T08:40:33.339+0000] {dagbag.py:545} INFO - Filling up the DagBag from /home/airflow/.local/lib/python3.12/site-packages/airflow/example_dags/example_external_task_marker_dag.py
[2024-11-18T08:40:33.344+0000] {processor.py:840} INFO - DAG(s) 'example_external_task_marker_child', 'example_external_task_marker_parent' retrieved from /home/airflow/.local/lib/python3.12/site-packages/airflow/example_dags/example_external_task_marker_dag.py
[2024-11-18T08:40:33.366+0000] {logging_mixin.py:188} INFO - [2024-11-18T08:40:33.366+0000] {dag.py:3096} INFO - Sync 2 DAGs
[2024-11-18T08:40:33.378+0000] {logging_mixin.py:188} INFO - [2024-11-18T08:40:33.377+0000] {dag.py:3954} INFO - Setting next_dagrun for example_external_task_marker_child to None, run_after=None
[2024-11-18T08:40:33.382+0000] {logging_mixin.py:188} INFO - [2024-11-18T08:40:33.381+0000] {dag.py:3954} INFO - Setting next_dagrun for example_external_task_marker_parent to None, run_after=None
[2024-11-18T08:40:33.401+0000] {processor.py:183} INFO - Processing /home/airflow/.local/lib/python3.12/site-packages/airflow/example_dags/example_external_task_marker_dag.py took 0.070 seconds
[2024-11-18T08:41:03.809+0000] {processor.py:161} INFO - Started process (PID=3499) to work on /home/airflow/.local/lib/python3.12/site-packages/airflow/example_dags/example_external_task_marker_dag.py
[2024-11-18T08:41:03.810+0000] {processor.py:830} INFO - Processing file /home/airflow/.local/lib/python3.12/site-packages/airflow/example_dags/example_external_task_marker_dag.py for tasks to queue
[2024-11-18T08:41:03.813+0000] {logging_mixin.py:188} INFO - [2024-11-18T08:41:03.812+0000] {dagbag.py:545} INFO - Filling up the DagBag from /home/airflow/.local/lib/python3.12/site-packages/airflow/example_dags/example_external_task_marker_dag.py
[2024-11-18T08:41:03.818+0000] {processor.py:840} INFO - DAG(s) 'example_external_task_marker_child', 'example_external_task_marker_parent' retrieved from /home/airflow/.local/lib/python3.12/site-packages/airflow/example_dags/example_external_task_marker_dag.py
[2024-11-18T08:41:03.841+0000] {logging_mixin.py:188} INFO - [2024-11-18T08:41:03.841+0000] {dag.py:3096} INFO - Sync 2 DAGs
[2024-11-18T08:41:03.855+0000] {logging_mixin.py:188} INFO - [2024-11-18T08:41:03.855+0000] {dag.py:3954} INFO - Setting next_dagrun for example_external_task_marker_child to None, run_after=None
[2024-11-18T08:41:03.860+0000] {logging_mixin.py:188} INFO - [2024-11-18T08:41:03.860+0000] {dag.py:3954} INFO - Setting next_dagrun for example_external_task_marker_parent to None, run_after=None
[2024-11-18T08:41:03.877+0000] {processor.py:183} INFO - Processing /home/airflow/.local/lib/python3.12/site-packages/airflow/example_dags/example_external_task_marker_dag.py took 0.073 seconds
[2024-11-18T08:41:35.100+0000] {processor.py:161} INFO - Started process (PID=3763) to work on /home/airflow/.local/lib/python3.12/site-packages/airflow/example_dags/example_external_task_marker_dag.py
[2024-11-18T08:41:35.101+0000] {processor.py:830} INFO - Processing file /home/airflow/.local/lib/python3.12/site-packages/airflow/example_dags/example_external_task_marker_dag.py for tasks to queue
[2024-11-18T08:41:35.103+0000] {logging_mixin.py:188} INFO - [2024-11-18T08:41:35.103+0000] {dagbag.py:545} INFO - Filling up the DagBag from /home/airflow/.local/lib/python3.12/site-packages/airflow/example_dags/example_external_task_marker_dag.py
[2024-11-18T08:41:35.111+0000] {processor.py:840} INFO - DAG(s) 'example_external_task_marker_child', 'example_external_task_marker_parent' retrieved from /home/airflow/.local/lib/python3.12/site-packages/airflow/example_dags/example_external_task_marker_dag.py
[2024-11-18T08:41:35.147+0000] {logging_mixin.py:188} INFO - [2024-11-18T08:41:35.147+0000] {dag.py:3096} INFO - Sync 2 DAGs
[2024-11-18T08:41:35.170+0000] {logging_mixin.py:188} INFO - [2024-11-18T08:41:35.170+0000] {dag.py:3954} INFO - Setting next_dagrun for example_external_task_marker_child to None, run_after=None
[2024-11-18T08:41:35.179+0000] {logging_mixin.py:188} INFO - [2024-11-18T08:41:35.179+0000] {dag.py:3954} INFO - Setting next_dagrun for example_external_task_marker_parent to None, run_after=None
[2024-11-18T08:41:35.203+0000] {processor.py:183} INFO - Processing /home/airflow/.local/lib/python3.12/site-packages/airflow/example_dags/example_external_task_marker_dag.py took 0.113 seconds
[2024-11-18T08:42:05.741+0000] {processor.py:161} INFO - Started process (PID=4023) to work on /home/airflow/.local/lib/python3.12/site-packages/airflow/example_dags/example_external_task_marker_dag.py
[2024-11-18T08:42:05.742+0000] {processor.py:830} INFO - Processing file /home/airflow/.local/lib/python3.12/site-packages/airflow/example_dags/example_external_task_marker_dag.py for tasks to queue
[2024-11-18T08:42:05.746+0000] {logging_mixin.py:188} INFO - [2024-11-18T08:42:05.746+0000] {dagbag.py:545} INFO - Filling up the DagBag from /home/airflow/.local/lib/python3.12/site-packages/airflow/example_dags/example_external_task_marker_dag.py
[2024-11-18T08:42:05.752+0000] {processor.py:840} INFO - DAG(s) 'example_external_task_marker_parent', 'example_external_task_marker_child' retrieved from /home/airflow/.local/lib/python3.12/site-packages/airflow/example_dags/example_external_task_marker_dag.py
[2024-11-18T08:42:05.777+0000] {logging_mixin.py:188} INFO - [2024-11-18T08:42:05.776+0000] {dag.py:3096} INFO - Sync 2 DAGs
[2024-11-18T08:42:05.789+0000] {logging_mixin.py:188} INFO - [2024-11-18T08:42:05.789+0000] {dag.py:3954} INFO - Setting next_dagrun for example_external_task_marker_child to None, run_after=None
[2024-11-18T08:42:05.794+0000] {logging_mixin.py:188} INFO - [2024-11-18T08:42:05.793+0000] {dag.py:3954} INFO - Setting next_dagrun for example_external_task_marker_parent to None, run_after=None
[2024-11-18T08:42:05.815+0000] {processor.py:183} INFO - Processing /home/airflow/.local/lib/python3.12/site-packages/airflow/example_dags/example_external_task_marker_dag.py took 0.081 seconds
[2024-11-18T08:42:36.462+0000] {processor.py:161} INFO - Started process (PID=4285) to work on /home/airflow/.local/lib/python3.12/site-packages/airflow/example_dags/example_external_task_marker_dag.py
[2024-11-18T08:42:36.467+0000] {processor.py:830} INFO - Processing file /home/airflow/.local/lib/python3.12/site-packages/airflow/example_dags/example_external_task_marker_dag.py for tasks to queue
[2024-11-18T08:42:36.473+0000] {logging_mixin.py:188} INFO - [2024-11-18T08:42:36.471+0000] {dagbag.py:545} INFO - Filling up the DagBag from /home/airflow/.local/lib/python3.12/site-packages/airflow/example_dags/example_external_task_marker_dag.py
[2024-11-18T08:42:36.488+0000] {processor.py:840} INFO - DAG(s) 'example_external_task_marker_parent', 'example_external_task_marker_child' retrieved from /home/airflow/.local/lib/python3.12/site-packages/airflow/example_dags/example_external_task_marker_dag.py
[2024-11-18T08:42:36.536+0000] {logging_mixin.py:188} INFO - [2024-11-18T08:42:36.535+0000] {dag.py:3096} INFO - Sync 2 DAGs
[2024-11-18T08:42:36.561+0000] {logging_mixin.py:188} INFO - [2024-11-18T08:42:36.560+0000] {dag.py:3954} INFO - Setting next_dagrun for example_external_task_marker_child to None, run_after=None
[2024-11-18T08:42:36.570+0000] {logging_mixin.py:188} INFO - [2024-11-18T08:42:36.570+0000] {dag.py:3954} INFO - Setting next_dagrun for example_external_task_marker_parent to None, run_after=None
[2024-11-18T08:42:36.606+0000] {processor.py:183} INFO - Processing /home/airflow/.local/lib/python3.12/site-packages/airflow/example_dags/example_external_task_marker_dag.py took 0.157 seconds
[2024-11-18T08:43:07.194+0000] {processor.py:161} INFO - Started process (PID=4547) to work on /home/airflow/.local/lib/python3.12/site-packages/airflow/example_dags/example_external_task_marker_dag.py
[2024-11-18T08:43:07.195+0000] {processor.py:830} INFO - Processing file /home/airflow/.local/lib/python3.12/site-packages/airflow/example_dags/example_external_task_marker_dag.py for tasks to queue
[2024-11-18T08:43:07.199+0000] {logging_mixin.py:188} INFO - [2024-11-18T08:43:07.198+0000] {dagbag.py:545} INFO - Filling up the DagBag from /home/airflow/.local/lib/python3.12/site-packages/airflow/example_dags/example_external_task_marker_dag.py
[2024-11-18T08:43:07.208+0000] {processor.py:840} INFO - DAG(s) 'example_external_task_marker_child', 'example_external_task_marker_parent' retrieved from /home/airflow/.local/lib/python3.12/site-packages/airflow/example_dags/example_external_task_marker_dag.py
[2024-11-18T08:43:07.249+0000] {logging_mixin.py:188} INFO - [2024-11-18T08:43:07.248+0000] {dag.py:3096} INFO - Sync 2 DAGs
[2024-11-18T08:43:07.274+0000] {logging_mixin.py:188} INFO - [2024-11-18T08:43:07.274+0000] {dag.py:3954} INFO - Setting next_dagrun for example_external_task_marker_child to None, run_after=None
[2024-11-18T08:43:07.283+0000] {logging_mixin.py:188} INFO - [2024-11-18T08:43:07.282+0000] {dag.py:3954} INFO - Setting next_dagrun for example_external_task_marker_parent to None, run_after=None
[2024-11-18T08:43:07.317+0000] {processor.py:183} INFO - Processing /home/airflow/.local/lib/python3.12/site-packages/airflow/example_dags/example_external_task_marker_dag.py took 0.132 seconds
[2024-11-18T08:43:37.506+0000] {processor.py:161} INFO - Started process (PID=4811) to work on /home/airflow/.local/lib/python3.12/site-packages/airflow/example_dags/example_external_task_marker_dag.py
[2024-11-18T08:43:37.507+0000] {processor.py:830} INFO - Processing file /home/airflow/.local/lib/python3.12/site-packages/airflow/example_dags/example_external_task_marker_dag.py for tasks to queue
[2024-11-18T08:43:37.509+0000] {logging_mixin.py:188} INFO - [2024-11-18T08:43:37.509+0000] {dagbag.py:545} INFO - Filling up the DagBag from /home/airflow/.local/lib/python3.12/site-packages/airflow/example_dags/example_external_task_marker_dag.py
[2024-11-18T08:43:37.514+0000] {processor.py:840} INFO - DAG(s) 'example_external_task_marker_parent', 'example_external_task_marker_child' retrieved from /home/airflow/.local/lib/python3.12/site-packages/airflow/example_dags/example_external_task_marker_dag.py
[2024-11-18T08:43:37.535+0000] {logging_mixin.py:188} INFO - [2024-11-18T08:43:37.535+0000] {dag.py:3096} INFO - Sync 2 DAGs
[2024-11-18T08:43:37.547+0000] {logging_mixin.py:188} INFO - [2024-11-18T08:43:37.546+0000] {dag.py:3954} INFO - Setting next_dagrun for example_external_task_marker_child to None, run_after=None
[2024-11-18T08:43:37.550+0000] {logging_mixin.py:188} INFO - [2024-11-18T08:43:37.550+0000] {dag.py:3954} INFO - Setting next_dagrun for example_external_task_marker_parent to None, run_after=None
[2024-11-18T08:43:37.588+0000] {processor.py:183} INFO - Processing /home/airflow/.local/lib/python3.12/site-packages/airflow/example_dags/example_external_task_marker_dag.py took 0.087 seconds
[2024-11-18T08:44:07.761+0000] {processor.py:161} INFO - Started process (PID=5071) to work on /home/airflow/.local/lib/python3.12/site-packages/airflow/example_dags/example_external_task_marker_dag.py
[2024-11-18T08:44:07.762+0000] {processor.py:830} INFO - Processing file /home/airflow/.local/lib/python3.12/site-packages/airflow/example_dags/example_external_task_marker_dag.py for tasks to queue
[2024-11-18T08:44:07.764+0000] {logging_mixin.py:188} INFO - [2024-11-18T08:44:07.764+0000] {dagbag.py:545} INFO - Filling up the DagBag from /home/airflow/.local/lib/python3.12/site-packages/airflow/example_dags/example_external_task_marker_dag.py
[2024-11-18T08:44:07.770+0000] {processor.py:840} INFO - DAG(s) 'example_external_task_marker_parent', 'example_external_task_marker_child' retrieved from /home/airflow/.local/lib/python3.12/site-packages/airflow/example_dags/example_external_task_marker_dag.py
[2024-11-18T08:44:07.793+0000] {logging_mixin.py:188} INFO - [2024-11-18T08:44:07.793+0000] {dag.py:3096} INFO - Sync 2 DAGs
[2024-11-18T08:44:07.806+0000] {logging_mixin.py:188} INFO - [2024-11-18T08:44:07.805+0000] {dag.py:3954} INFO - Setting next_dagrun for example_external_task_marker_child to None, run_after=None
[2024-11-18T08:44:07.810+0000] {logging_mixin.py:188} INFO - [2024-11-18T08:44:07.810+0000] {dag.py:3954} INFO - Setting next_dagrun for example_external_task_marker_parent to None, run_after=None
[2024-11-18T08:44:07.839+0000] {processor.py:183} INFO - Processing /home/airflow/.local/lib/python3.12/site-packages/airflow/example_dags/example_external_task_marker_dag.py took 0.084 seconds
[2024-11-18T08:44:37.881+0000] {processor.py:161} INFO - Started process (PID=5330) to work on /home/airflow/.local/lib/python3.12/site-packages/airflow/example_dags/example_external_task_marker_dag.py
[2024-11-18T08:44:37.882+0000] {processor.py:830} INFO - Processing file /home/airflow/.local/lib/python3.12/site-packages/airflow/example_dags/example_external_task_marker_dag.py for tasks to queue
[2024-11-18T08:44:37.884+0000] {logging_mixin.py:188} INFO - [2024-11-18T08:44:37.884+0000] {dagbag.py:545} INFO - Filling up the DagBag from /home/airflow/.local/lib/python3.12/site-packages/airflow/example_dags/example_external_task_marker_dag.py
[2024-11-18T08:44:37.889+0000] {processor.py:840} INFO - DAG(s) 'example_external_task_marker_child', 'example_external_task_marker_parent' retrieved from /home/airflow/.local/lib/python3.12/site-packages/airflow/example_dags/example_external_task_marker_dag.py
[2024-11-18T08:44:37.911+0000] {logging_mixin.py:188} INFO - [2024-11-18T08:44:37.911+0000] {dag.py:3096} INFO - Sync 2 DAGs
[2024-11-18T08:44:37.923+0000] {logging_mixin.py:188} INFO - [2024-11-18T08:44:37.923+0000] {dag.py:3954} INFO - Setting next_dagrun for example_external_task_marker_child to None, run_after=None
[2024-11-18T08:44:37.927+0000] {logging_mixin.py:188} INFO - [2024-11-18T08:44:37.927+0000] {dag.py:3954} INFO - Setting next_dagrun for example_external_task_marker_parent to None, run_after=None
[2024-11-18T08:44:37.954+0000] {processor.py:183} INFO - Processing /home/airflow/.local/lib/python3.12/site-packages/airflow/example_dags/example_external_task_marker_dag.py took 0.078 seconds
[2024-11-18T08:45:08.082+0000] {processor.py:161} INFO - Started process (PID=5590) to work on /home/airflow/.local/lib/python3.12/site-packages/airflow/example_dags/example_external_task_marker_dag.py
[2024-11-18T08:45:08.084+0000] {processor.py:830} INFO - Processing file /home/airflow/.local/lib/python3.12/site-packages/airflow/example_dags/example_external_task_marker_dag.py for tasks to queue
[2024-11-18T08:45:08.085+0000] {logging_mixin.py:188} INFO - [2024-11-18T08:45:08.085+0000] {dagbag.py:545} INFO - Filling up the DagBag from /home/airflow/.local/lib/python3.12/site-packages/airflow/example_dags/example_external_task_marker_dag.py
[2024-11-18T08:45:08.091+0000] {processor.py:840} INFO - DAG(s) 'example_external_task_marker_child', 'example_external_task_marker_parent' retrieved from /home/airflow/.local/lib/python3.12/site-packages/airflow/example_dags/example_external_task_marker_dag.py
[2024-11-18T08:45:08.119+0000] {logging_mixin.py:188} INFO - [2024-11-18T08:45:08.118+0000] {dag.py:3096} INFO - Sync 2 DAGs
[2024-11-18T08:45:08.135+0000] {logging_mixin.py:188} INFO - [2024-11-18T08:45:08.134+0000] {dag.py:3954} INFO - Setting next_dagrun for example_external_task_marker_child to None, run_after=None
[2024-11-18T08:45:08.138+0000] {logging_mixin.py:188} INFO - [2024-11-18T08:45:08.138+0000] {dag.py:3954} INFO - Setting next_dagrun for example_external_task_marker_parent to None, run_after=None
[2024-11-18T08:45:08.160+0000] {processor.py:183} INFO - Processing /home/airflow/.local/lib/python3.12/site-packages/airflow/example_dags/example_external_task_marker_dag.py took 0.083 seconds
[2024-11-18T08:45:38.358+0000] {processor.py:161} INFO - Started process (PID=5852) to work on /home/airflow/.local/lib/python3.12/site-packages/airflow/example_dags/example_external_task_marker_dag.py
[2024-11-18T08:45:38.359+0000] {processor.py:830} INFO - Processing file /home/airflow/.local/lib/python3.12/site-packages/airflow/example_dags/example_external_task_marker_dag.py for tasks to queue
[2024-11-18T08:45:38.361+0000] {logging_mixin.py:188} INFO - [2024-11-18T08:45:38.361+0000] {dagbag.py:545} INFO - Filling up the DagBag from /home/airflow/.local/lib/python3.12/site-packages/airflow/example_dags/example_external_task_marker_dag.py
[2024-11-18T08:45:38.368+0000] {processor.py:840} INFO - DAG(s) 'example_external_task_marker_child', 'example_external_task_marker_parent' retrieved from /home/airflow/.local/lib/python3.12/site-packages/airflow/example_dags/example_external_task_marker_dag.py
[2024-11-18T08:45:38.392+0000] {logging_mixin.py:188} INFO - [2024-11-18T08:45:38.392+0000] {dag.py:3096} INFO - Sync 2 DAGs
[2024-11-18T08:45:38.404+0000] {logging_mixin.py:188} INFO - [2024-11-18T08:45:38.404+0000] {dag.py:3954} INFO - Setting next_dagrun for example_external_task_marker_child to None, run_after=None
[2024-11-18T08:45:38.408+0000] {logging_mixin.py:188} INFO - [2024-11-18T08:45:38.407+0000] {dag.py:3954} INFO - Setting next_dagrun for example_external_task_marker_parent to None, run_after=None
[2024-11-18T08:45:38.426+0000] {processor.py:183} INFO - Processing /home/airflow/.local/lib/python3.12/site-packages/airflow/example_dags/example_external_task_marker_dag.py took 0.073 seconds
[2024-11-18T08:46:08.575+0000] {processor.py:161} INFO - Started process (PID=6114) to work on /home/airflow/.local/lib/python3.12/site-packages/airflow/example_dags/example_external_task_marker_dag.py
[2024-11-18T08:46:08.576+0000] {processor.py:830} INFO - Processing file /home/airflow/.local/lib/python3.12/site-packages/airflow/example_dags/example_external_task_marker_dag.py for tasks to queue
[2024-11-18T08:46:08.578+0000] {logging_mixin.py:188} INFO - [2024-11-18T08:46:08.578+0000] {dagbag.py:545} INFO - Filling up the DagBag from /home/airflow/.local/lib/python3.12/site-packages/airflow/example_dags/example_external_task_marker_dag.py
[2024-11-18T08:46:08.584+0000] {processor.py:840} INFO - DAG(s) 'example_external_task_marker_child', 'example_external_task_marker_parent' retrieved from /home/airflow/.local/lib/python3.12/site-packages/airflow/example_dags/example_external_task_marker_dag.py
[2024-11-18T08:46:08.609+0000] {logging_mixin.py:188} INFO - [2024-11-18T08:46:08.609+0000] {dag.py:3096} INFO - Sync 2 DAGs
[2024-11-18T08:46:08.621+0000] {logging_mixin.py:188} INFO - [2024-11-18T08:46:08.621+0000] {dag.py:3954} INFO - Setting next_dagrun for example_external_task_marker_child to None, run_after=None
[2024-11-18T08:46:08.625+0000] {logging_mixin.py:188} INFO - [2024-11-18T08:46:08.625+0000] {dag.py:3954} INFO - Setting next_dagrun for example_external_task_marker_parent to None, run_after=None
[2024-11-18T08:46:08.643+0000] {processor.py:183} INFO - Processing /home/airflow/.local/lib/python3.12/site-packages/airflow/example_dags/example_external_task_marker_dag.py took 0.073 seconds
[2024-11-18T08:46:38.872+0000] {processor.py:161} INFO - Started process (PID=6376) to work on /home/airflow/.local/lib/python3.12/site-packages/airflow/example_dags/example_external_task_marker_dag.py
[2024-11-18T08:46:38.873+0000] {processor.py:830} INFO - Processing file /home/airflow/.local/lib/python3.12/site-packages/airflow/example_dags/example_external_task_marker_dag.py for tasks to queue
[2024-11-18T08:46:38.875+0000] {logging_mixin.py:188} INFO - [2024-11-18T08:46:38.875+0000] {dagbag.py:545} INFO - Filling up the DagBag from /home/airflow/.local/lib/python3.12/site-packages/airflow/example_dags/example_external_task_marker_dag.py
[2024-11-18T08:46:38.884+0000] {processor.py:840} INFO - DAG(s) 'example_external_task_marker_child', 'example_external_task_marker_parent' retrieved from /home/airflow/.local/lib/python3.12/site-packages/airflow/example_dags/example_external_task_marker_dag.py
[2024-11-18T08:46:38.916+0000] {logging_mixin.py:188} INFO - [2024-11-18T08:46:38.915+0000] {dag.py:3096} INFO - Sync 2 DAGs
[2024-11-18T08:46:38.934+0000] {logging_mixin.py:188} INFO - [2024-11-18T08:46:38.933+0000] {dag.py:3954} INFO - Setting next_dagrun for example_external_task_marker_child to None, run_after=None
[2024-11-18T08:46:38.939+0000] {logging_mixin.py:188} INFO - [2024-11-18T08:46:38.939+0000] {dag.py:3954} INFO - Setting next_dagrun for example_external_task_marker_parent to None, run_after=None
[2024-11-18T08:46:38.962+0000] {processor.py:183} INFO - Processing /home/airflow/.local/lib/python3.12/site-packages/airflow/example_dags/example_external_task_marker_dag.py took 0.101 seconds
[2024-11-18T08:47:09.222+0000] {processor.py:161} INFO - Started process (PID=6640) to work on /home/airflow/.local/lib/python3.12/site-packages/airflow/example_dags/example_external_task_marker_dag.py
[2024-11-18T08:47:09.223+0000] {processor.py:830} INFO - Processing file /home/airflow/.local/lib/python3.12/site-packages/airflow/example_dags/example_external_task_marker_dag.py for tasks to queue
[2024-11-18T08:47:09.225+0000] {logging_mixin.py:188} INFO - [2024-11-18T08:47:09.224+0000] {dagbag.py:545} INFO - Filling up the DagBag from /home/airflow/.local/lib/python3.12/site-packages/airflow/example_dags/example_external_task_marker_dag.py
[2024-11-18T08:47:09.230+0000] {processor.py:840} INFO - DAG(s) 'example_external_task_marker_child', 'example_external_task_marker_parent' retrieved from /home/airflow/.local/lib/python3.12/site-packages/airflow/example_dags/example_external_task_marker_dag.py
[2024-11-18T08:47:09.250+0000] {logging_mixin.py:188} INFO - [2024-11-18T08:47:09.249+0000] {dag.py:3096} INFO - Sync 2 DAGs
[2024-11-18T08:47:09.260+0000] {logging_mixin.py:188} INFO - [2024-11-18T08:47:09.260+0000] {dag.py:3954} INFO - Setting next_dagrun for example_external_task_marker_child to None, run_after=None
[2024-11-18T08:47:09.264+0000] {logging_mixin.py:188} INFO - [2024-11-18T08:47:09.264+0000] {dag.py:3954} INFO - Setting next_dagrun for example_external_task_marker_parent to None, run_after=None
[2024-11-18T08:47:09.280+0000] {processor.py:183} INFO - Processing /home/airflow/.local/lib/python3.12/site-packages/airflow/example_dags/example_external_task_marker_dag.py took 0.064 seconds
[2024-11-18T08:47:39.464+0000] {processor.py:161} INFO - Started process (PID=6900) to work on /home/airflow/.local/lib/python3.12/site-packages/airflow/example_dags/example_external_task_marker_dag.py
[2024-11-18T08:47:39.465+0000] {processor.py:830} INFO - Processing file /home/airflow/.local/lib/python3.12/site-packages/airflow/example_dags/example_external_task_marker_dag.py for tasks to queue
[2024-11-18T08:47:39.467+0000] {logging_mixin.py:188} INFO - [2024-11-18T08:47:39.467+0000] {dagbag.py:545} INFO - Filling up the DagBag from /home/airflow/.local/lib/python3.12/site-packages/airflow/example_dags/example_external_task_marker_dag.py
[2024-11-18T08:47:39.473+0000] {processor.py:840} INFO - DAG(s) 'example_external_task_marker_parent', 'example_external_task_marker_child' retrieved from /home/airflow/.local/lib/python3.12/site-packages/airflow/example_dags/example_external_task_marker_dag.py
[2024-11-18T08:47:39.499+0000] {logging_mixin.py:188} INFO - [2024-11-18T08:47:39.499+0000] {dag.py:3096} INFO - Sync 2 DAGs
[2024-11-18T08:47:39.512+0000] {logging_mixin.py:188} INFO - [2024-11-18T08:47:39.512+0000] {dag.py:3954} INFO - Setting next_dagrun for example_external_task_marker_child to None, run_after=None
[2024-11-18T08:47:39.517+0000] {logging_mixin.py:188} INFO - [2024-11-18T08:47:39.516+0000] {dag.py:3954} INFO - Setting next_dagrun for example_external_task_marker_parent to None, run_after=None
[2024-11-18T08:47:39.534+0000] {processor.py:183} INFO - Processing /home/airflow/.local/lib/python3.12/site-packages/airflow/example_dags/example_external_task_marker_dag.py took 0.076 seconds
[2024-11-18T08:48:09.845+0000] {processor.py:161} INFO - Started process (PID=7162) to work on /home/airflow/.local/lib/python3.12/site-packages/airflow/example_dags/example_external_task_marker_dag.py
[2024-11-18T08:48:09.846+0000] {processor.py:830} INFO - Processing file /home/airflow/.local/lib/python3.12/site-packages/airflow/example_dags/example_external_task_marker_dag.py for tasks to queue
[2024-11-18T08:48:09.848+0000] {logging_mixin.py:188} INFO - [2024-11-18T08:48:09.847+0000] {dagbag.py:545} INFO - Filling up the DagBag from /home/airflow/.local/lib/python3.12/site-packages/airflow/example_dags/example_external_task_marker_dag.py
[2024-11-18T08:48:09.854+0000] {processor.py:840} INFO - DAG(s) 'example_external_task_marker_child', 'example_external_task_marker_parent' retrieved from /home/airflow/.local/lib/python3.12/site-packages/airflow/example_dags/example_external_task_marker_dag.py
[2024-11-18T08:48:09.879+0000] {logging_mixin.py:188} INFO - [2024-11-18T08:48:09.879+0000] {dag.py:3096} INFO - Sync 2 DAGs
[2024-11-18T08:48:09.892+0000] {logging_mixin.py:188} INFO - [2024-11-18T08:48:09.891+0000] {dag.py:3954} INFO - Setting next_dagrun for example_external_task_marker_child to None, run_after=None
[2024-11-18T08:48:09.895+0000] {logging_mixin.py:188} INFO - [2024-11-18T08:48:09.895+0000] {dag.py:3954} INFO - Setting next_dagrun for example_external_task_marker_parent to None, run_after=None
[2024-11-18T08:48:09.922+0000] {processor.py:183} INFO - Processing /home/airflow/.local/lib/python3.12/site-packages/airflow/example_dags/example_external_task_marker_dag.py took 0.084 seconds
[2024-11-18T08:48:40.458+0000] {processor.py:161} INFO - Started process (PID=7424) to work on /home/airflow/.local/lib/python3.12/site-packages/airflow/example_dags/example_external_task_marker_dag.py
[2024-11-18T08:48:40.459+0000] {processor.py:830} INFO - Processing file /home/airflow/.local/lib/python3.12/site-packages/airflow/example_dags/example_external_task_marker_dag.py for tasks to queue
[2024-11-18T08:48:40.461+0000] {logging_mixin.py:188} INFO - [2024-11-18T08:48:40.461+0000] {dagbag.py:545} INFO - Filling up the DagBag from /home/airflow/.local/lib/python3.12/site-packages/airflow/example_dags/example_external_task_marker_dag.py
[2024-11-18T08:48:40.467+0000] {processor.py:840} INFO - DAG(s) 'example_external_task_marker_child', 'example_external_task_marker_parent' retrieved from /home/airflow/.local/lib/python3.12/site-packages/airflow/example_dags/example_external_task_marker_dag.py
[2024-11-18T08:48:40.497+0000] {logging_mixin.py:188} INFO - [2024-11-18T08:48:40.497+0000] {dag.py:3096} INFO - Sync 2 DAGs
[2024-11-18T08:48:40.516+0000] {logging_mixin.py:188} INFO - [2024-11-18T08:48:40.516+0000] {dag.py:3954} INFO - Setting next_dagrun for example_external_task_marker_child to None, run_after=None
[2024-11-18T08:48:40.521+0000] {logging_mixin.py:188} INFO - [2024-11-18T08:48:40.521+0000] {dag.py:3954} INFO - Setting next_dagrun for example_external_task_marker_parent to None, run_after=None
[2024-11-18T08:48:40.544+0000] {processor.py:183} INFO - Processing /home/airflow/.local/lib/python3.12/site-packages/airflow/example_dags/example_external_task_marker_dag.py took 0.094 seconds
[2024-11-18T08:49:10.759+0000] {processor.py:161} INFO - Started process (PID=7686) to work on /home/airflow/.local/lib/python3.12/site-packages/airflow/example_dags/example_external_task_marker_dag.py
[2024-11-18T08:49:10.761+0000] {processor.py:830} INFO - Processing file /home/airflow/.local/lib/python3.12/site-packages/airflow/example_dags/example_external_task_marker_dag.py for tasks to queue
[2024-11-18T08:49:10.763+0000] {logging_mixin.py:188} INFO - [2024-11-18T08:49:10.763+0000] {dagbag.py:545} INFO - Filling up the DagBag from /home/airflow/.local/lib/python3.12/site-packages/airflow/example_dags/example_external_task_marker_dag.py
[2024-11-18T08:49:10.769+0000] {processor.py:840} INFO - DAG(s) 'example_external_task_marker_child', 'example_external_task_marker_parent' retrieved from /home/airflow/.local/lib/python3.12/site-packages/airflow/example_dags/example_external_task_marker_dag.py
[2024-11-18T08:49:10.796+0000] {logging_mixin.py:188} INFO - [2024-11-18T08:49:10.795+0000] {dag.py:3096} INFO - Sync 2 DAGs
[2024-11-18T08:49:10.811+0000] {logging_mixin.py:188} INFO - [2024-11-18T08:49:10.811+0000] {dag.py:3954} INFO - Setting next_dagrun for example_external_task_marker_child to None, run_after=None
[2024-11-18T08:49:10.815+0000] {logging_mixin.py:188} INFO - [2024-11-18T08:49:10.815+0000] {dag.py:3954} INFO - Setting next_dagrun for example_external_task_marker_parent to None, run_after=None
[2024-11-18T08:49:10.834+0000] {processor.py:183} INFO - Processing /home/airflow/.local/lib/python3.12/site-packages/airflow/example_dags/example_external_task_marker_dag.py took 0.081 seconds
[2024-11-18T08:49:41.027+0000] {processor.py:161} INFO - Started process (PID=7948) to work on /home/airflow/.local/lib/python3.12/site-packages/airflow/example_dags/example_external_task_marker_dag.py
[2024-11-18T08:49:41.028+0000] {processor.py:830} INFO - Processing file /home/airflow/.local/lib/python3.12/site-packages/airflow/example_dags/example_external_task_marker_dag.py for tasks to queue
[2024-11-18T08:49:41.030+0000] {logging_mixin.py:188} INFO - [2024-11-18T08:49:41.030+0000] {dagbag.py:545} INFO - Filling up the DagBag from /home/airflow/.local/lib/python3.12/site-packages/airflow/example_dags/example_external_task_marker_dag.py
[2024-11-18T08:49:41.036+0000] {processor.py:840} INFO - DAG(s) 'example_external_task_marker_child', 'example_external_task_marker_parent' retrieved from /home/airflow/.local/lib/python3.12/site-packages/airflow/example_dags/example_external_task_marker_dag.py
[2024-11-18T08:49:41.062+0000] {logging_mixin.py:188} INFO - [2024-11-18T08:49:41.062+0000] {dag.py:3096} INFO - Sync 2 DAGs
[2024-11-18T08:49:41.083+0000] {logging_mixin.py:188} INFO - [2024-11-18T08:49:41.082+0000] {dag.py:3954} INFO - Setting next_dagrun for example_external_task_marker_child to None, run_after=None
[2024-11-18T08:49:41.088+0000] {logging_mixin.py:188} INFO - [2024-11-18T08:49:41.088+0000] {dag.py:3954} INFO - Setting next_dagrun for example_external_task_marker_parent to None, run_after=None
[2024-11-18T08:49:41.113+0000] {processor.py:183} INFO - Processing /home/airflow/.local/lib/python3.12/site-packages/airflow/example_dags/example_external_task_marker_dag.py took 0.092 seconds
[2024-11-18T08:50:11.242+0000] {processor.py:161} INFO - Started process (PID=8210) to work on /home/airflow/.local/lib/python3.12/site-packages/airflow/example_dags/example_external_task_marker_dag.py
[2024-11-18T08:50:11.244+0000] {processor.py:830} INFO - Processing file /home/airflow/.local/lib/python3.12/site-packages/airflow/example_dags/example_external_task_marker_dag.py for tasks to queue
[2024-11-18T08:50:11.245+0000] {logging_mixin.py:188} INFO - [2024-11-18T08:50:11.245+0000] {dagbag.py:545} INFO - Filling up the DagBag from /home/airflow/.local/lib/python3.12/site-packages/airflow/example_dags/example_external_task_marker_dag.py
[2024-11-18T08:50:11.251+0000] {processor.py:840} INFO - DAG(s) 'example_external_task_marker_child', 'example_external_task_marker_parent' retrieved from /home/airflow/.local/lib/python3.12/site-packages/airflow/example_dags/example_external_task_marker_dag.py
[2024-11-18T08:50:11.276+0000] {logging_mixin.py:188} INFO - [2024-11-18T08:50:11.275+0000] {dag.py:3096} INFO - Sync 2 DAGs
[2024-11-18T08:50:11.288+0000] {logging_mixin.py:188} INFO - [2024-11-18T08:50:11.287+0000] {dag.py:3954} INFO - Setting next_dagrun for example_external_task_marker_child to None, run_after=None
[2024-11-18T08:50:11.292+0000] {logging_mixin.py:188} INFO - [2024-11-18T08:50:11.292+0000] {dag.py:3954} INFO - Setting next_dagrun for example_external_task_marker_parent to None, run_after=None
[2024-11-18T08:50:11.310+0000] {processor.py:183} INFO - Processing /home/airflow/.local/lib/python3.12/site-packages/airflow/example_dags/example_external_task_marker_dag.py took 0.073 seconds
[2024-11-18T08:50:41.748+0000] {processor.py:161} INFO - Started process (PID=8472) to work on /home/airflow/.local/lib/python3.12/site-packages/airflow/example_dags/example_external_task_marker_dag.py
[2024-11-18T08:50:41.749+0000] {processor.py:830} INFO - Processing file /home/airflow/.local/lib/python3.12/site-packages/airflow/example_dags/example_external_task_marker_dag.py for tasks to queue
[2024-11-18T08:50:41.751+0000] {logging_mixin.py:188} INFO - [2024-11-18T08:50:41.751+0000] {dagbag.py:545} INFO - Filling up the DagBag from /home/airflow/.local/lib/python3.12/site-packages/airflow/example_dags/example_external_task_marker_dag.py
[2024-11-18T08:50:41.757+0000] {processor.py:840} INFO - DAG(s) 'example_external_task_marker_parent', 'example_external_task_marker_child' retrieved from /home/airflow/.local/lib/python3.12/site-packages/airflow/example_dags/example_external_task_marker_dag.py
[2024-11-18T08:50:41.781+0000] {logging_mixin.py:188} INFO - [2024-11-18T08:50:41.780+0000] {dag.py:3096} INFO - Sync 2 DAGs
[2024-11-18T08:50:41.793+0000] {logging_mixin.py:188} INFO - [2024-11-18T08:50:41.793+0000] {dag.py:3954} INFO - Setting next_dagrun for example_external_task_marker_child to None, run_after=None
[2024-11-18T08:50:41.797+0000] {logging_mixin.py:188} INFO - [2024-11-18T08:50:41.797+0000] {dag.py:3954} INFO - Setting next_dagrun for example_external_task_marker_parent to None, run_after=None
[2024-11-18T08:50:41.814+0000] {processor.py:183} INFO - Processing /home/airflow/.local/lib/python3.12/site-packages/airflow/example_dags/example_external_task_marker_dag.py took 0.071 seconds
[2024-11-18T08:51:12.040+0000] {processor.py:161} INFO - Started process (PID=8735) to work on /home/airflow/.local/lib/python3.12/site-packages/airflow/example_dags/example_external_task_marker_dag.py
[2024-11-18T08:51:12.042+0000] {processor.py:830} INFO - Processing file /home/airflow/.local/lib/python3.12/site-packages/airflow/example_dags/example_external_task_marker_dag.py for tasks to queue
[2024-11-18T08:51:12.044+0000] {logging_mixin.py:188} INFO - [2024-11-18T08:51:12.043+0000] {dagbag.py:545} INFO - Filling up the DagBag from /home/airflow/.local/lib/python3.12/site-packages/airflow/example_dags/example_external_task_marker_dag.py
[2024-11-18T08:51:12.052+0000] {processor.py:840} INFO - DAG(s) 'example_external_task_marker_child', 'example_external_task_marker_parent' retrieved from /home/airflow/.local/lib/python3.12/site-packages/airflow/example_dags/example_external_task_marker_dag.py
[2024-11-18T08:51:12.080+0000] {logging_mixin.py:188} INFO - [2024-11-18T08:51:12.080+0000] {dag.py:3096} INFO - Sync 2 DAGs
[2024-11-18T08:51:12.097+0000] {logging_mixin.py:188} INFO - [2024-11-18T08:51:12.097+0000] {dag.py:3954} INFO - Setting next_dagrun for example_external_task_marker_child to None, run_after=None
[2024-11-18T08:51:12.102+0000] {logging_mixin.py:188} INFO - [2024-11-18T08:51:12.102+0000] {dag.py:3954} INFO - Setting next_dagrun for example_external_task_marker_parent to None, run_after=None
[2024-11-18T08:51:12.132+0000] {processor.py:183} INFO - Processing /home/airflow/.local/lib/python3.12/site-packages/airflow/example_dags/example_external_task_marker_dag.py took 0.098 seconds
[2024-11-18T08:51:42.392+0000] {processor.py:161} INFO - Started process (PID=8997) to work on /home/airflow/.local/lib/python3.12/site-packages/airflow/example_dags/example_external_task_marker_dag.py
[2024-11-18T08:51:42.393+0000] {processor.py:830} INFO - Processing file /home/airflow/.local/lib/python3.12/site-packages/airflow/example_dags/example_external_task_marker_dag.py for tasks to queue
[2024-11-18T08:51:42.396+0000] {logging_mixin.py:188} INFO - [2024-11-18T08:51:42.395+0000] {dagbag.py:545} INFO - Filling up the DagBag from /home/airflow/.local/lib/python3.12/site-packages/airflow/example_dags/example_external_task_marker_dag.py
[2024-11-18T08:51:42.405+0000] {processor.py:840} INFO - DAG(s) 'example_external_task_marker_parent', 'example_external_task_marker_child' retrieved from /home/airflow/.local/lib/python3.12/site-packages/airflow/example_dags/example_external_task_marker_dag.py
[2024-11-18T08:51:42.438+0000] {logging_mixin.py:188} INFO - [2024-11-18T08:51:42.438+0000] {dag.py:3096} INFO - Sync 2 DAGs
[2024-11-18T08:51:42.452+0000] {logging_mixin.py:188} INFO - [2024-11-18T08:51:42.452+0000] {dag.py:3954} INFO - Setting next_dagrun for example_external_task_marker_child to None, run_after=None
[2024-11-18T08:51:42.457+0000] {logging_mixin.py:188} INFO - [2024-11-18T08:51:42.456+0000] {dag.py:3954} INFO - Setting next_dagrun for example_external_task_marker_parent to None, run_after=None
[2024-11-18T08:51:42.485+0000] {processor.py:183} INFO - Processing /home/airflow/.local/lib/python3.12/site-packages/airflow/example_dags/example_external_task_marker_dag.py took 0.101 seconds
[2024-11-18T08:52:13.051+0000] {processor.py:161} INFO - Started process (PID=9259) to work on /home/airflow/.local/lib/python3.12/site-packages/airflow/example_dags/example_external_task_marker_dag.py
[2024-11-18T08:52:13.053+0000] {processor.py:830} INFO - Processing file /home/airflow/.local/lib/python3.12/site-packages/airflow/example_dags/example_external_task_marker_dag.py for tasks to queue
[2024-11-18T08:52:13.055+0000] {logging_mixin.py:188} INFO - [2024-11-18T08:52:13.054+0000] {dagbag.py:545} INFO - Filling up the DagBag from /home/airflow/.local/lib/python3.12/site-packages/airflow/example_dags/example_external_task_marker_dag.py
[2024-11-18T08:52:13.061+0000] {processor.py:840} INFO - DAG(s) 'example_external_task_marker_parent', 'example_external_task_marker_child' retrieved from /home/airflow/.local/lib/python3.12/site-packages/airflow/example_dags/example_external_task_marker_dag.py
[2024-11-18T08:52:13.086+0000] {logging_mixin.py:188} INFO - [2024-11-18T08:52:13.086+0000] {dag.py:3096} INFO - Sync 2 DAGs
[2024-11-18T08:52:13.099+0000] {logging_mixin.py:188} INFO - [2024-11-18T08:52:13.099+0000] {dag.py:3954} INFO - Setting next_dagrun for example_external_task_marker_child to None, run_after=None
[2024-11-18T08:52:13.103+0000] {logging_mixin.py:188} INFO - [2024-11-18T08:52:13.102+0000] {dag.py:3954} INFO - Setting next_dagrun for example_external_task_marker_parent to None, run_after=None
[2024-11-18T08:52:13.133+0000] {processor.py:183} INFO - Processing /home/airflow/.local/lib/python3.12/site-packages/airflow/example_dags/example_external_task_marker_dag.py took 0.087 seconds
[2024-11-18T08:52:43.701+0000] {processor.py:161} INFO - Started process (PID=9521) to work on /home/airflow/.local/lib/python3.12/site-packages/airflow/example_dags/example_external_task_marker_dag.py
[2024-11-18T08:52:43.702+0000] {processor.py:830} INFO - Processing file /home/airflow/.local/lib/python3.12/site-packages/airflow/example_dags/example_external_task_marker_dag.py for tasks to queue
[2024-11-18T08:52:43.704+0000] {logging_mixin.py:188} INFO - [2024-11-18T08:52:43.704+0000] {dagbag.py:545} INFO - Filling up the DagBag from /home/airflow/.local/lib/python3.12/site-packages/airflow/example_dags/example_external_task_marker_dag.py
[2024-11-18T08:52:43.709+0000] {processor.py:840} INFO - DAG(s) 'example_external_task_marker_parent', 'example_external_task_marker_child' retrieved from /home/airflow/.local/lib/python3.12/site-packages/airflow/example_dags/example_external_task_marker_dag.py
[2024-11-18T08:52:43.732+0000] {logging_mixin.py:188} INFO - [2024-11-18T08:52:43.731+0000] {dag.py:3096} INFO - Sync 2 DAGs
[2024-11-18T08:52:43.743+0000] {logging_mixin.py:188} INFO - [2024-11-18T08:52:43.743+0000] {dag.py:3954} INFO - Setting next_dagrun for example_external_task_marker_child to None, run_after=None
[2024-11-18T08:52:43.747+0000] {logging_mixin.py:188} INFO - [2024-11-18T08:52:43.747+0000] {dag.py:3954} INFO - Setting next_dagrun for example_external_task_marker_parent to None, run_after=None
[2024-11-18T08:52:43.767+0000] {processor.py:183} INFO - Processing /home/airflow/.local/lib/python3.12/site-packages/airflow/example_dags/example_external_task_marker_dag.py took 0.071 seconds
[2024-11-18T08:53:14.042+0000] {processor.py:161} INFO - Started process (PID=9783) to work on /home/airflow/.local/lib/python3.12/site-packages/airflow/example_dags/example_external_task_marker_dag.py
[2024-11-18T08:53:14.043+0000] {processor.py:830} INFO - Processing file /home/airflow/.local/lib/python3.12/site-packages/airflow/example_dags/example_external_task_marker_dag.py for tasks to queue
[2024-11-18T08:53:14.045+0000] {logging_mixin.py:188} INFO - [2024-11-18T08:53:14.045+0000] {dagbag.py:545} INFO - Filling up the DagBag from /home/airflow/.local/lib/python3.12/site-packages/airflow/example_dags/example_external_task_marker_dag.py
[2024-11-18T08:53:14.051+0000] {processor.py:840} INFO - DAG(s) 'example_external_task_marker_parent', 'example_external_task_marker_child' retrieved from /home/airflow/.local/lib/python3.12/site-packages/airflow/example_dags/example_external_task_marker_dag.py
[2024-11-18T08:53:14.076+0000] {logging_mixin.py:188} INFO - [2024-11-18T08:53:14.076+0000] {dag.py:3096} INFO - Sync 2 DAGs
[2024-11-18T08:53:14.089+0000] {logging_mixin.py:188} INFO - [2024-11-18T08:53:14.089+0000] {dag.py:3954} INFO - Setting next_dagrun for example_external_task_marker_child to None, run_after=None
[2024-11-18T08:53:14.094+0000] {logging_mixin.py:188} INFO - [2024-11-18T08:53:14.093+0000] {dag.py:3954} INFO - Setting next_dagrun for example_external_task_marker_parent to None, run_after=None
[2024-11-18T08:53:14.123+0000] {processor.py:183} INFO - Processing /home/airflow/.local/lib/python3.12/site-packages/airflow/example_dags/example_external_task_marker_dag.py took 0.088 seconds
