[2024-11-18T08:35:00.019+0000] {processor.py:161} INFO - Started process (PID=415) to work on /home/airflow/.local/lib/python3.12/site-packages/airflow/example_dags/example_latest_only.py
[2024-11-18T08:35:00.021+0000] {processor.py:830} INFO - Processing file /home/airflow/.local/lib/python3.12/site-packages/airflow/example_dags/example_latest_only.py for tasks to queue
[2024-11-18T08:35:00.024+0000] {logging_mixin.py:188} INFO - [2024-11-18T08:35:00.024+0000] {dagbag.py:545} INFO - Filling up the DagBag from /home/airflow/.local/lib/python3.12/site-packages/airflow/example_dags/example_latest_only.py
[2024-11-18T08:35:00.033+0000] {processor.py:840} INFO - DAG(s) 'latest_only' retrieved from /home/airflow/.local/lib/python3.12/site-packages/airflow/example_dags/example_latest_only.py
[2024-11-18T08:35:00.051+0000] {logging_mixin.py:188} INFO - [2024-11-18T08:35:00.051+0000] {dag.py:3096} INFO - Sync 1 DAGs
[2024-11-18T08:35:00.073+0000] {logging_mixin.py:188} INFO - [2024-11-18T08:35:00.073+0000] {dag.py:3118} INFO - Creating ORM DAG for latest_only
[2024-11-18T08:35:00.095+0000] {logging_mixin.py:188} INFO - [2024-11-18T08:35:00.095+0000] {dag.py:3954} INFO - Setting next_dagrun for latest_only to 2024-11-18 04:00:00+00:00, run_after=2024-11-18 08:00:00+00:00
[2024-11-18T08:35:00.130+0000] {processor.py:183} INFO - Processing /home/airflow/.local/lib/python3.12/site-packages/airflow/example_dags/example_latest_only.py took 0.127 seconds
[2024-11-18T08:35:30.485+0000] {processor.py:161} INFO - Started process (PID=679) to work on /home/airflow/.local/lib/python3.12/site-packages/airflow/example_dags/example_latest_only.py
[2024-11-18T08:35:30.486+0000] {processor.py:830} INFO - Processing file /home/airflow/.local/lib/python3.12/site-packages/airflow/example_dags/example_latest_only.py for tasks to queue
[2024-11-18T08:35:30.488+0000] {logging_mixin.py:188} INFO - [2024-11-18T08:35:30.487+0000] {dagbag.py:545} INFO - Filling up the DagBag from /home/airflow/.local/lib/python3.12/site-packages/airflow/example_dags/example_latest_only.py
[2024-11-18T08:35:30.492+0000] {processor.py:840} INFO - DAG(s) 'latest_only' retrieved from /home/airflow/.local/lib/python3.12/site-packages/airflow/example_dags/example_latest_only.py
[2024-11-18T08:35:30.584+0000] {logging_mixin.py:188} INFO - [2024-11-18T08:35:30.584+0000] {dag.py:3096} INFO - Sync 1 DAGs
[2024-11-18T08:35:30.607+0000] {logging_mixin.py:188} INFO - [2024-11-18T08:35:30.607+0000] {dag.py:3954} INFO - Setting next_dagrun for latest_only to 2024-11-18 04:00:00+00:00, run_after=2024-11-18 08:00:00+00:00
[2024-11-18T08:35:30.633+0000] {processor.py:183} INFO - Processing /home/airflow/.local/lib/python3.12/site-packages/airflow/example_dags/example_latest_only.py took 0.154 seconds
[2024-11-18T08:36:01.079+0000] {processor.py:161} INFO - Started process (PID=941) to work on /home/airflow/.local/lib/python3.12/site-packages/airflow/example_dags/example_latest_only.py
[2024-11-18T08:36:01.080+0000] {processor.py:830} INFO - Processing file /home/airflow/.local/lib/python3.12/site-packages/airflow/example_dags/example_latest_only.py for tasks to queue
[2024-11-18T08:36:01.082+0000] {logging_mixin.py:188} INFO - [2024-11-18T08:36:01.082+0000] {dagbag.py:545} INFO - Filling up the DagBag from /home/airflow/.local/lib/python3.12/site-packages/airflow/example_dags/example_latest_only.py
[2024-11-18T08:36:01.086+0000] {processor.py:840} INFO - DAG(s) 'latest_only' retrieved from /home/airflow/.local/lib/python3.12/site-packages/airflow/example_dags/example_latest_only.py
[2024-11-18T08:36:01.105+0000] {logging_mixin.py:188} INFO - [2024-11-18T08:36:01.105+0000] {dag.py:3096} INFO - Sync 1 DAGs
[2024-11-18T08:36:01.126+0000] {logging_mixin.py:188} INFO - [2024-11-18T08:36:01.125+0000] {dag.py:3954} INFO - Setting next_dagrun for latest_only to 2024-11-18 04:00:00+00:00, run_after=2024-11-18 08:00:00+00:00
[2024-11-18T08:36:01.149+0000] {processor.py:183} INFO - Processing /home/airflow/.local/lib/python3.12/site-packages/airflow/example_dags/example_latest_only.py took 0.075 seconds
[2024-11-18T08:36:31.775+0000] {processor.py:161} INFO - Started process (PID=1203) to work on /home/airflow/.local/lib/python3.12/site-packages/airflow/example_dags/example_latest_only.py
[2024-11-18T08:36:31.776+0000] {processor.py:830} INFO - Processing file /home/airflow/.local/lib/python3.12/site-packages/airflow/example_dags/example_latest_only.py for tasks to queue
[2024-11-18T08:36:31.777+0000] {logging_mixin.py:188} INFO - [2024-11-18T08:36:31.777+0000] {dagbag.py:545} INFO - Filling up the DagBag from /home/airflow/.local/lib/python3.12/site-packages/airflow/example_dags/example_latest_only.py
[2024-11-18T08:36:31.781+0000] {processor.py:840} INFO - DAG(s) 'latest_only' retrieved from /home/airflow/.local/lib/python3.12/site-packages/airflow/example_dags/example_latest_only.py
[2024-11-18T08:36:31.800+0000] {logging_mixin.py:188} INFO - [2024-11-18T08:36:31.800+0000] {dag.py:3096} INFO - Sync 1 DAGs
[2024-11-18T08:36:31.819+0000] {logging_mixin.py:188} INFO - [2024-11-18T08:36:31.819+0000] {dag.py:3954} INFO - Setting next_dagrun for latest_only to 2024-11-18 04:00:00+00:00, run_after=2024-11-18 08:00:00+00:00
[2024-11-18T08:36:31.851+0000] {processor.py:183} INFO - Processing /home/airflow/.local/lib/python3.12/site-packages/airflow/example_dags/example_latest_only.py took 0.082 seconds
[2024-11-18T08:37:02.715+0000] {processor.py:161} INFO - Started process (PID=1463) to work on /home/airflow/.local/lib/python3.12/site-packages/airflow/example_dags/example_latest_only.py
[2024-11-18T08:37:02.716+0000] {processor.py:830} INFO - Processing file /home/airflow/.local/lib/python3.12/site-packages/airflow/example_dags/example_latest_only.py for tasks to queue
[2024-11-18T08:37:02.718+0000] {logging_mixin.py:188} INFO - [2024-11-18T08:37:02.718+0000] {dagbag.py:545} INFO - Filling up the DagBag from /home/airflow/.local/lib/python3.12/site-packages/airflow/example_dags/example_latest_only.py
[2024-11-18T08:37:02.724+0000] {processor.py:840} INFO - DAG(s) 'latest_only' retrieved from /home/airflow/.local/lib/python3.12/site-packages/airflow/example_dags/example_latest_only.py
[2024-11-18T08:37:02.743+0000] {logging_mixin.py:188} INFO - [2024-11-18T08:37:02.743+0000] {dag.py:3096} INFO - Sync 1 DAGs
[2024-11-18T08:37:02.763+0000] {logging_mixin.py:188} INFO - [2024-11-18T08:37:02.763+0000] {dag.py:3954} INFO - Setting next_dagrun for latest_only to 2024-11-18 04:00:00+00:00, run_after=2024-11-18 08:00:00+00:00
[2024-11-18T08:37:02.783+0000] {processor.py:183} INFO - Processing /home/airflow/.local/lib/python3.12/site-packages/airflow/example_dags/example_latest_only.py took 0.073 seconds
[2024-11-18T08:37:33.299+0000] {processor.py:161} INFO - Started process (PID=1727) to work on /home/airflow/.local/lib/python3.12/site-packages/airflow/example_dags/example_latest_only.py
[2024-11-18T08:37:33.300+0000] {processor.py:830} INFO - Processing file /home/airflow/.local/lib/python3.12/site-packages/airflow/example_dags/example_latest_only.py for tasks to queue
[2024-11-18T08:37:33.301+0000] {logging_mixin.py:188} INFO - [2024-11-18T08:37:33.301+0000] {dagbag.py:545} INFO - Filling up the DagBag from /home/airflow/.local/lib/python3.12/site-packages/airflow/example_dags/example_latest_only.py
[2024-11-18T08:37:33.306+0000] {processor.py:840} INFO - DAG(s) 'latest_only' retrieved from /home/airflow/.local/lib/python3.12/site-packages/airflow/example_dags/example_latest_only.py
[2024-11-18T08:37:33.324+0000] {logging_mixin.py:188} INFO - [2024-11-18T08:37:33.324+0000] {dag.py:3096} INFO - Sync 1 DAGs
[2024-11-18T08:37:33.344+0000] {logging_mixin.py:188} INFO - [2024-11-18T08:37:33.344+0000] {dag.py:3954} INFO - Setting next_dagrun for latest_only to 2024-11-18 04:00:00+00:00, run_after=2024-11-18 08:00:00+00:00
[2024-11-18T08:37:33.374+0000] {processor.py:183} INFO - Processing /home/airflow/.local/lib/python3.12/site-packages/airflow/example_dags/example_latest_only.py took 0.080 seconds
[2024-11-18T08:38:03.457+0000] {processor.py:161} INFO - Started process (PID=1988) to work on /home/airflow/.local/lib/python3.12/site-packages/airflow/example_dags/example_latest_only.py
[2024-11-18T08:38:03.458+0000] {processor.py:830} INFO - Processing file /home/airflow/.local/lib/python3.12/site-packages/airflow/example_dags/example_latest_only.py for tasks to queue
[2024-11-18T08:38:03.460+0000] {logging_mixin.py:188} INFO - [2024-11-18T08:38:03.460+0000] {dagbag.py:545} INFO - Filling up the DagBag from /home/airflow/.local/lib/python3.12/site-packages/airflow/example_dags/example_latest_only.py
[2024-11-18T08:38:03.464+0000] {processor.py:840} INFO - DAG(s) 'latest_only' retrieved from /home/airflow/.local/lib/python3.12/site-packages/airflow/example_dags/example_latest_only.py
[2024-11-18T08:38:03.481+0000] {logging_mixin.py:188} INFO - [2024-11-18T08:38:03.481+0000] {dag.py:3096} INFO - Sync 1 DAGs
[2024-11-18T08:38:03.502+0000] {logging_mixin.py:188} INFO - [2024-11-18T08:38:03.501+0000] {dag.py:3954} INFO - Setting next_dagrun for latest_only to 2024-11-18 04:00:00+00:00, run_after=2024-11-18 08:00:00+00:00
[2024-11-18T08:38:03.533+0000] {processor.py:183} INFO - Processing /home/airflow/.local/lib/python3.12/site-packages/airflow/example_dags/example_latest_only.py took 0.081 seconds
[2024-11-18T08:38:33.783+0000] {processor.py:161} INFO - Started process (PID=2251) to work on /home/airflow/.local/lib/python3.12/site-packages/airflow/example_dags/example_latest_only.py
[2024-11-18T08:38:33.784+0000] {processor.py:830} INFO - Processing file /home/airflow/.local/lib/python3.12/site-packages/airflow/example_dags/example_latest_only.py for tasks to queue
[2024-11-18T08:38:33.786+0000] {logging_mixin.py:188} INFO - [2024-11-18T08:38:33.786+0000] {dagbag.py:545} INFO - Filling up the DagBag from /home/airflow/.local/lib/python3.12/site-packages/airflow/example_dags/example_latest_only.py
[2024-11-18T08:38:33.789+0000] {processor.py:840} INFO - DAG(s) 'latest_only' retrieved from /home/airflow/.local/lib/python3.12/site-packages/airflow/example_dags/example_latest_only.py
[2024-11-18T08:38:33.808+0000] {logging_mixin.py:188} INFO - [2024-11-18T08:38:33.807+0000] {dag.py:3096} INFO - Sync 1 DAGs
[2024-11-18T08:38:33.827+0000] {logging_mixin.py:188} INFO - [2024-11-18T08:38:33.827+0000] {dag.py:3954} INFO - Setting next_dagrun for latest_only to 2024-11-18 04:00:00+00:00, run_after=2024-11-18 08:00:00+00:00
[2024-11-18T08:38:33.857+0000] {processor.py:183} INFO - Processing /home/airflow/.local/lib/python3.12/site-packages/airflow/example_dags/example_latest_only.py took 0.079 seconds
[2024-11-18T08:39:04.102+0000] {processor.py:161} INFO - Started process (PID=2513) to work on /home/airflow/.local/lib/python3.12/site-packages/airflow/example_dags/example_latest_only.py
[2024-11-18T08:39:04.103+0000] {processor.py:830} INFO - Processing file /home/airflow/.local/lib/python3.12/site-packages/airflow/example_dags/example_latest_only.py for tasks to queue
[2024-11-18T08:39:04.105+0000] {logging_mixin.py:188} INFO - [2024-11-18T08:39:04.104+0000] {dagbag.py:545} INFO - Filling up the DagBag from /home/airflow/.local/lib/python3.12/site-packages/airflow/example_dags/example_latest_only.py
[2024-11-18T08:39:04.109+0000] {processor.py:840} INFO - DAG(s) 'latest_only' retrieved from /home/airflow/.local/lib/python3.12/site-packages/airflow/example_dags/example_latest_only.py
[2024-11-18T08:39:04.128+0000] {logging_mixin.py:188} INFO - [2024-11-18T08:39:04.127+0000] {dag.py:3096} INFO - Sync 1 DAGs
[2024-11-18T08:39:04.147+0000] {logging_mixin.py:188} INFO - [2024-11-18T08:39:04.147+0000] {dag.py:3954} INFO - Setting next_dagrun for latest_only to 2024-11-18 04:00:00+00:00, run_after=2024-11-18 08:00:00+00:00
[2024-11-18T08:39:04.177+0000] {processor.py:183} INFO - Processing /home/airflow/.local/lib/python3.12/site-packages/airflow/example_dags/example_latest_only.py took 0.080 seconds
[2024-11-18T08:39:34.497+0000] {processor.py:161} INFO - Started process (PID=2775) to work on /home/airflow/.local/lib/python3.12/site-packages/airflow/example_dags/example_latest_only.py
[2024-11-18T08:39:34.498+0000] {processor.py:830} INFO - Processing file /home/airflow/.local/lib/python3.12/site-packages/airflow/example_dags/example_latest_only.py for tasks to queue
[2024-11-18T08:39:34.500+0000] {logging_mixin.py:188} INFO - [2024-11-18T08:39:34.499+0000] {dagbag.py:545} INFO - Filling up the DagBag from /home/airflow/.local/lib/python3.12/site-packages/airflow/example_dags/example_latest_only.py
[2024-11-18T08:39:34.504+0000] {processor.py:840} INFO - DAG(s) 'latest_only' retrieved from /home/airflow/.local/lib/python3.12/site-packages/airflow/example_dags/example_latest_only.py
[2024-11-18T08:39:34.523+0000] {logging_mixin.py:188} INFO - [2024-11-18T08:39:34.523+0000] {dag.py:3096} INFO - Sync 1 DAGs
[2024-11-18T08:39:34.542+0000] {logging_mixin.py:188} INFO - [2024-11-18T08:39:34.542+0000] {dag.py:3954} INFO - Setting next_dagrun for latest_only to 2024-11-18 04:00:00+00:00, run_after=2024-11-18 08:00:00+00:00
[2024-11-18T08:39:34.571+0000] {processor.py:183} INFO - Processing /home/airflow/.local/lib/python3.12/site-packages/airflow/example_dags/example_latest_only.py took 0.080 seconds
[2024-11-18T08:40:04.802+0000] {processor.py:161} INFO - Started process (PID=3037) to work on /home/airflow/.local/lib/python3.12/site-packages/airflow/example_dags/example_latest_only.py
[2024-11-18T08:40:04.803+0000] {processor.py:830} INFO - Processing file /home/airflow/.local/lib/python3.12/site-packages/airflow/example_dags/example_latest_only.py for tasks to queue
[2024-11-18T08:40:04.805+0000] {logging_mixin.py:188} INFO - [2024-11-18T08:40:04.804+0000] {dagbag.py:545} INFO - Filling up the DagBag from /home/airflow/.local/lib/python3.12/site-packages/airflow/example_dags/example_latest_only.py
[2024-11-18T08:40:04.809+0000] {processor.py:840} INFO - DAG(s) 'latest_only' retrieved from /home/airflow/.local/lib/python3.12/site-packages/airflow/example_dags/example_latest_only.py
[2024-11-18T08:40:04.829+0000] {logging_mixin.py:188} INFO - [2024-11-18T08:40:04.829+0000] {dag.py:3096} INFO - Sync 1 DAGs
[2024-11-18T08:40:04.848+0000] {logging_mixin.py:188} INFO - [2024-11-18T08:40:04.847+0000] {dag.py:3954} INFO - Setting next_dagrun for latest_only to 2024-11-18 04:00:00+00:00, run_after=2024-11-18 08:00:00+00:00
[2024-11-18T08:40:04.878+0000] {processor.py:183} INFO - Processing /home/airflow/.local/lib/python3.12/site-packages/airflow/example_dags/example_latest_only.py took 0.081 seconds
[2024-11-18T08:40:35.136+0000] {processor.py:161} INFO - Started process (PID=3299) to work on /home/airflow/.local/lib/python3.12/site-packages/airflow/example_dags/example_latest_only.py
[2024-11-18T08:40:35.137+0000] {processor.py:830} INFO - Processing file /home/airflow/.local/lib/python3.12/site-packages/airflow/example_dags/example_latest_only.py for tasks to queue
[2024-11-18T08:40:35.139+0000] {logging_mixin.py:188} INFO - [2024-11-18T08:40:35.139+0000] {dagbag.py:545} INFO - Filling up the DagBag from /home/airflow/.local/lib/python3.12/site-packages/airflow/example_dags/example_latest_only.py
[2024-11-18T08:40:35.143+0000] {processor.py:840} INFO - DAG(s) 'latest_only' retrieved from /home/airflow/.local/lib/python3.12/site-packages/airflow/example_dags/example_latest_only.py
[2024-11-18T08:40:35.165+0000] {logging_mixin.py:188} INFO - [2024-11-18T08:40:35.164+0000] {dag.py:3096} INFO - Sync 1 DAGs
[2024-11-18T08:40:35.184+0000] {logging_mixin.py:188} INFO - [2024-11-18T08:40:35.184+0000] {dag.py:3954} INFO - Setting next_dagrun for latest_only to 2024-11-18 04:00:00+00:00, run_after=2024-11-18 08:00:00+00:00
[2024-11-18T08:40:35.205+0000] {processor.py:183} INFO - Processing /home/airflow/.local/lib/python3.12/site-packages/airflow/example_dags/example_latest_only.py took 0.075 seconds
[2024-11-18T08:41:05.514+0000] {processor.py:161} INFO - Started process (PID=3559) to work on /home/airflow/.local/lib/python3.12/site-packages/airflow/example_dags/example_latest_only.py
[2024-11-18T08:41:05.515+0000] {processor.py:830} INFO - Processing file /home/airflow/.local/lib/python3.12/site-packages/airflow/example_dags/example_latest_only.py for tasks to queue
[2024-11-18T08:41:05.516+0000] {logging_mixin.py:188} INFO - [2024-11-18T08:41:05.516+0000] {dagbag.py:545} INFO - Filling up the DagBag from /home/airflow/.local/lib/python3.12/site-packages/airflow/example_dags/example_latest_only.py
[2024-11-18T08:41:05.521+0000] {processor.py:840} INFO - DAG(s) 'latest_only' retrieved from /home/airflow/.local/lib/python3.12/site-packages/airflow/example_dags/example_latest_only.py
[2024-11-18T08:41:05.539+0000] {logging_mixin.py:188} INFO - [2024-11-18T08:41:05.539+0000] {dag.py:3096} INFO - Sync 1 DAGs
[2024-11-18T08:41:05.559+0000] {logging_mixin.py:188} INFO - [2024-11-18T08:41:05.558+0000] {dag.py:3954} INFO - Setting next_dagrun for latest_only to 2024-11-18 04:00:00+00:00, run_after=2024-11-18 08:00:00+00:00
[2024-11-18T08:41:05.591+0000] {processor.py:183} INFO - Processing /home/airflow/.local/lib/python3.12/site-packages/airflow/example_dags/example_latest_only.py took 0.082 seconds
[2024-11-18T08:41:36.027+0000] {processor.py:161} INFO - Started process (PID=3821) to work on /home/airflow/.local/lib/python3.12/site-packages/airflow/example_dags/example_latest_only.py
[2024-11-18T08:41:36.036+0000] {processor.py:830} INFO - Processing file /home/airflow/.local/lib/python3.12/site-packages/airflow/example_dags/example_latest_only.py for tasks to queue
[2024-11-18T08:41:36.041+0000] {logging_mixin.py:188} INFO - [2024-11-18T08:41:36.040+0000] {dagbag.py:545} INFO - Filling up the DagBag from /home/airflow/.local/lib/python3.12/site-packages/airflow/example_dags/example_latest_only.py
[2024-11-18T08:41:36.050+0000] {processor.py:840} INFO - DAG(s) 'latest_only' retrieved from /home/airflow/.local/lib/python3.12/site-packages/airflow/example_dags/example_latest_only.py
[2024-11-18T08:41:36.081+0000] {logging_mixin.py:188} INFO - [2024-11-18T08:41:36.081+0000] {dag.py:3096} INFO - Sync 1 DAGs
[2024-11-18T08:41:36.110+0000] {logging_mixin.py:188} INFO - [2024-11-18T08:41:36.110+0000] {dag.py:3954} INFO - Setting next_dagrun for latest_only to 2024-11-18 04:00:00+00:00, run_after=2024-11-18 08:00:00+00:00
[2024-11-18T08:41:36.135+0000] {processor.py:183} INFO - Processing /home/airflow/.local/lib/python3.12/site-packages/airflow/example_dags/example_latest_only.py took 0.119 seconds
[2024-11-18T08:42:06.633+0000] {processor.py:161} INFO - Started process (PID=4083) to work on /home/airflow/.local/lib/python3.12/site-packages/airflow/example_dags/example_latest_only.py
[2024-11-18T08:42:06.634+0000] {processor.py:830} INFO - Processing file /home/airflow/.local/lib/python3.12/site-packages/airflow/example_dags/example_latest_only.py for tasks to queue
[2024-11-18T08:42:06.636+0000] {logging_mixin.py:188} INFO - [2024-11-18T08:42:06.636+0000] {dagbag.py:545} INFO - Filling up the DagBag from /home/airflow/.local/lib/python3.12/site-packages/airflow/example_dags/example_latest_only.py
[2024-11-18T08:42:06.642+0000] {processor.py:840} INFO - DAG(s) 'latest_only' retrieved from /home/airflow/.local/lib/python3.12/site-packages/airflow/example_dags/example_latest_only.py
[2024-11-18T08:42:06.663+0000] {logging_mixin.py:188} INFO - [2024-11-18T08:42:06.663+0000] {dag.py:3096} INFO - Sync 1 DAGs
[2024-11-18T08:42:06.685+0000] {logging_mixin.py:188} INFO - [2024-11-18T08:42:06.685+0000] {dag.py:3954} INFO - Setting next_dagrun for latest_only to 2024-11-18 04:00:00+00:00, run_after=2024-11-18 08:00:00+00:00
[2024-11-18T08:42:06.705+0000] {processor.py:183} INFO - Processing /home/airflow/.local/lib/python3.12/site-packages/airflow/example_dags/example_latest_only.py took 0.081 seconds
[2024-11-18T08:42:37.899+0000] {processor.py:161} INFO - Started process (PID=4345) to work on /home/airflow/.local/lib/python3.12/site-packages/airflow/example_dags/example_latest_only.py
[2024-11-18T08:42:37.901+0000] {processor.py:830} INFO - Processing file /home/airflow/.local/lib/python3.12/site-packages/airflow/example_dags/example_latest_only.py for tasks to queue
[2024-11-18T08:42:37.904+0000] {logging_mixin.py:188} INFO - [2024-11-18T08:42:37.904+0000] {dagbag.py:545} INFO - Filling up the DagBag from /home/airflow/.local/lib/python3.12/site-packages/airflow/example_dags/example_latest_only.py
[2024-11-18T08:42:37.915+0000] {processor.py:840} INFO - DAG(s) 'latest_only' retrieved from /home/airflow/.local/lib/python3.12/site-packages/airflow/example_dags/example_latest_only.py
[2024-11-18T08:42:37.977+0000] {logging_mixin.py:188} INFO - [2024-11-18T08:42:37.976+0000] {dag.py:3096} INFO - Sync 1 DAGs
[2024-11-18T08:42:38.071+0000] {logging_mixin.py:188} INFO - [2024-11-18T08:42:38.070+0000] {dag.py:3954} INFO - Setting next_dagrun for latest_only to 2024-11-18 04:00:00+00:00, run_after=2024-11-18 08:00:00+00:00
[2024-11-18T08:42:38.169+0000] {processor.py:183} INFO - Processing /home/airflow/.local/lib/python3.12/site-packages/airflow/example_dags/example_latest_only.py took 0.283 seconds
[2024-11-18T08:43:08.762+0000] {processor.py:161} INFO - Started process (PID=4607) to work on /home/airflow/.local/lib/python3.12/site-packages/airflow/example_dags/example_latest_only.py
[2024-11-18T08:43:08.764+0000] {processor.py:830} INFO - Processing file /home/airflow/.local/lib/python3.12/site-packages/airflow/example_dags/example_latest_only.py for tasks to queue
[2024-11-18T08:43:08.768+0000] {logging_mixin.py:188} INFO - [2024-11-18T08:43:08.768+0000] {dagbag.py:545} INFO - Filling up the DagBag from /home/airflow/.local/lib/python3.12/site-packages/airflow/example_dags/example_latest_only.py
[2024-11-18T08:43:08.780+0000] {processor.py:840} INFO - DAG(s) 'latest_only' retrieved from /home/airflow/.local/lib/python3.12/site-packages/airflow/example_dags/example_latest_only.py
[2024-11-18T08:43:08.835+0000] {logging_mixin.py:188} INFO - [2024-11-18T08:43:08.835+0000] {dag.py:3096} INFO - Sync 1 DAGs
[2024-11-18T08:43:08.898+0000] {logging_mixin.py:188} INFO - [2024-11-18T08:43:08.898+0000] {dag.py:3954} INFO - Setting next_dagrun for latest_only to 2024-11-18 04:00:00+00:00, run_after=2024-11-18 08:00:00+00:00
[2024-11-18T08:43:08.938+0000] {processor.py:183} INFO - Processing /home/airflow/.local/lib/python3.12/site-packages/airflow/example_dags/example_latest_only.py took 0.190 seconds
[2024-11-18T08:43:39.327+0000] {processor.py:161} INFO - Started process (PID=4871) to work on /home/airflow/.local/lib/python3.12/site-packages/airflow/example_dags/example_latest_only.py
[2024-11-18T08:43:39.328+0000] {processor.py:830} INFO - Processing file /home/airflow/.local/lib/python3.12/site-packages/airflow/example_dags/example_latest_only.py for tasks to queue
[2024-11-18T08:43:39.329+0000] {logging_mixin.py:188} INFO - [2024-11-18T08:43:39.329+0000] {dagbag.py:545} INFO - Filling up the DagBag from /home/airflow/.local/lib/python3.12/site-packages/airflow/example_dags/example_latest_only.py
[2024-11-18T08:43:39.333+0000] {processor.py:840} INFO - DAG(s) 'latest_only' retrieved from /home/airflow/.local/lib/python3.12/site-packages/airflow/example_dags/example_latest_only.py
[2024-11-18T08:43:39.354+0000] {logging_mixin.py:188} INFO - [2024-11-18T08:43:39.353+0000] {dag.py:3096} INFO - Sync 1 DAGs
[2024-11-18T08:43:39.380+0000] {logging_mixin.py:188} INFO - [2024-11-18T08:43:39.380+0000] {dag.py:3954} INFO - Setting next_dagrun for latest_only to 2024-11-18 04:00:00+00:00, run_after=2024-11-18 08:00:00+00:00
[2024-11-18T08:43:39.413+0000] {processor.py:183} INFO - Processing /home/airflow/.local/lib/python3.12/site-packages/airflow/example_dags/example_latest_only.py took 0.092 seconds
[2024-11-18T08:44:09.471+0000] {processor.py:161} INFO - Started process (PID=5131) to work on /home/airflow/.local/lib/python3.12/site-packages/airflow/example_dags/example_latest_only.py
[2024-11-18T08:44:09.472+0000] {processor.py:830} INFO - Processing file /home/airflow/.local/lib/python3.12/site-packages/airflow/example_dags/example_latest_only.py for tasks to queue
[2024-11-18T08:44:09.474+0000] {logging_mixin.py:188} INFO - [2024-11-18T08:44:09.474+0000] {dagbag.py:545} INFO - Filling up the DagBag from /home/airflow/.local/lib/python3.12/site-packages/airflow/example_dags/example_latest_only.py
[2024-11-18T08:44:09.478+0000] {processor.py:840} INFO - DAG(s) 'latest_only' retrieved from /home/airflow/.local/lib/python3.12/site-packages/airflow/example_dags/example_latest_only.py
[2024-11-18T08:44:09.497+0000] {logging_mixin.py:188} INFO - [2024-11-18T08:44:09.497+0000] {dag.py:3096} INFO - Sync 1 DAGs
[2024-11-18T08:44:09.518+0000] {logging_mixin.py:188} INFO - [2024-11-18T08:44:09.518+0000] {dag.py:3954} INFO - Setting next_dagrun for latest_only to 2024-11-18 04:00:00+00:00, run_after=2024-11-18 08:00:00+00:00
[2024-11-18T08:44:09.538+0000] {processor.py:183} INFO - Processing /home/airflow/.local/lib/python3.12/site-packages/airflow/example_dags/example_latest_only.py took 0.074 seconds
[2024-11-18T08:44:39.751+0000] {processor.py:161} INFO - Started process (PID=5393) to work on /home/airflow/.local/lib/python3.12/site-packages/airflow/example_dags/example_latest_only.py
[2024-11-18T08:44:39.753+0000] {processor.py:830} INFO - Processing file /home/airflow/.local/lib/python3.12/site-packages/airflow/example_dags/example_latest_only.py for tasks to queue
[2024-11-18T08:44:39.754+0000] {logging_mixin.py:188} INFO - [2024-11-18T08:44:39.754+0000] {dagbag.py:545} INFO - Filling up the DagBag from /home/airflow/.local/lib/python3.12/site-packages/airflow/example_dags/example_latest_only.py
[2024-11-18T08:44:39.758+0000] {processor.py:840} INFO - DAG(s) 'latest_only' retrieved from /home/airflow/.local/lib/python3.12/site-packages/airflow/example_dags/example_latest_only.py
[2024-11-18T08:44:39.778+0000] {logging_mixin.py:188} INFO - [2024-11-18T08:44:39.777+0000] {dag.py:3096} INFO - Sync 1 DAGs
[2024-11-18T08:44:39.796+0000] {logging_mixin.py:188} INFO - [2024-11-18T08:44:39.796+0000] {dag.py:3954} INFO - Setting next_dagrun for latest_only to 2024-11-18 04:00:00+00:00, run_after=2024-11-18 08:00:00+00:00
[2024-11-18T08:44:39.815+0000] {processor.py:183} INFO - Processing /home/airflow/.local/lib/python3.12/site-packages/airflow/example_dags/example_latest_only.py took 0.070 seconds
[2024-11-18T08:45:10.059+0000] {processor.py:161} INFO - Started process (PID=5655) to work on /home/airflow/.local/lib/python3.12/site-packages/airflow/example_dags/example_latest_only.py
[2024-11-18T08:45:10.060+0000] {processor.py:830} INFO - Processing file /home/airflow/.local/lib/python3.12/site-packages/airflow/example_dags/example_latest_only.py for tasks to queue
[2024-11-18T08:45:10.062+0000] {logging_mixin.py:188} INFO - [2024-11-18T08:45:10.062+0000] {dagbag.py:545} INFO - Filling up the DagBag from /home/airflow/.local/lib/python3.12/site-packages/airflow/example_dags/example_latest_only.py
[2024-11-18T08:45:10.066+0000] {processor.py:840} INFO - DAG(s) 'latest_only' retrieved from /home/airflow/.local/lib/python3.12/site-packages/airflow/example_dags/example_latest_only.py
[2024-11-18T08:45:10.087+0000] {logging_mixin.py:188} INFO - [2024-11-18T08:45:10.087+0000] {dag.py:3096} INFO - Sync 1 DAGs
[2024-11-18T08:45:10.106+0000] {logging_mixin.py:188} INFO - [2024-11-18T08:45:10.106+0000] {dag.py:3954} INFO - Setting next_dagrun for latest_only to 2024-11-18 04:00:00+00:00, run_after=2024-11-18 08:00:00+00:00
[2024-11-18T08:45:10.128+0000] {processor.py:183} INFO - Processing /home/airflow/.local/lib/python3.12/site-packages/airflow/example_dags/example_latest_only.py took 0.074 seconds
[2024-11-18T08:45:40.196+0000] {processor.py:161} INFO - Started process (PID=5917) to work on /home/airflow/.local/lib/python3.12/site-packages/airflow/example_dags/example_latest_only.py
[2024-11-18T08:45:40.197+0000] {processor.py:830} INFO - Processing file /home/airflow/.local/lib/python3.12/site-packages/airflow/example_dags/example_latest_only.py for tasks to queue
[2024-11-18T08:45:40.199+0000] {logging_mixin.py:188} INFO - [2024-11-18T08:45:40.199+0000] {dagbag.py:545} INFO - Filling up the DagBag from /home/airflow/.local/lib/python3.12/site-packages/airflow/example_dags/example_latest_only.py
[2024-11-18T08:45:40.203+0000] {processor.py:840} INFO - DAG(s) 'latest_only' retrieved from /home/airflow/.local/lib/python3.12/site-packages/airflow/example_dags/example_latest_only.py
[2024-11-18T08:45:40.226+0000] {logging_mixin.py:188} INFO - [2024-11-18T08:45:40.226+0000] {dag.py:3096} INFO - Sync 1 DAGs
[2024-11-18T08:45:40.248+0000] {logging_mixin.py:188} INFO - [2024-11-18T08:45:40.248+0000] {dag.py:3954} INFO - Setting next_dagrun for latest_only to 2024-11-18 04:00:00+00:00, run_after=2024-11-18 08:00:00+00:00
[2024-11-18T08:45:40.269+0000] {processor.py:183} INFO - Processing /home/airflow/.local/lib/python3.12/site-packages/airflow/example_dags/example_latest_only.py took 0.078 seconds
[2024-11-18T08:46:10.403+0000] {processor.py:161} INFO - Started process (PID=6179) to work on /home/airflow/.local/lib/python3.12/site-packages/airflow/example_dags/example_latest_only.py
[2024-11-18T08:46:10.404+0000] {processor.py:830} INFO - Processing file /home/airflow/.local/lib/python3.12/site-packages/airflow/example_dags/example_latest_only.py for tasks to queue
[2024-11-18T08:46:10.407+0000] {logging_mixin.py:188} INFO - [2024-11-18T08:46:10.406+0000] {dagbag.py:545} INFO - Filling up the DagBag from /home/airflow/.local/lib/python3.12/site-packages/airflow/example_dags/example_latest_only.py
[2024-11-18T08:46:10.412+0000] {processor.py:840} INFO - DAG(s) 'latest_only' retrieved from /home/airflow/.local/lib/python3.12/site-packages/airflow/example_dags/example_latest_only.py
[2024-11-18T08:46:10.431+0000] {logging_mixin.py:188} INFO - [2024-11-18T08:46:10.431+0000] {dag.py:3096} INFO - Sync 1 DAGs
[2024-11-18T08:46:10.451+0000] {logging_mixin.py:188} INFO - [2024-11-18T08:46:10.450+0000] {dag.py:3954} INFO - Setting next_dagrun for latest_only to 2024-11-18 04:00:00+00:00, run_after=2024-11-18 08:00:00+00:00
[2024-11-18T08:46:10.472+0000] {processor.py:183} INFO - Processing /home/airflow/.local/lib/python3.12/site-packages/airflow/example_dags/example_latest_only.py took 0.075 seconds
[2024-11-18T08:46:40.765+0000] {processor.py:161} INFO - Started process (PID=6441) to work on /home/airflow/.local/lib/python3.12/site-packages/airflow/example_dags/example_latest_only.py
[2024-11-18T08:46:40.766+0000] {processor.py:830} INFO - Processing file /home/airflow/.local/lib/python3.12/site-packages/airflow/example_dags/example_latest_only.py for tasks to queue
[2024-11-18T08:46:40.768+0000] {logging_mixin.py:188} INFO - [2024-11-18T08:46:40.768+0000] {dagbag.py:545} INFO - Filling up the DagBag from /home/airflow/.local/lib/python3.12/site-packages/airflow/example_dags/example_latest_only.py
[2024-11-18T08:46:40.773+0000] {processor.py:840} INFO - DAG(s) 'latest_only' retrieved from /home/airflow/.local/lib/python3.12/site-packages/airflow/example_dags/example_latest_only.py
[2024-11-18T08:46:40.791+0000] {logging_mixin.py:188} INFO - [2024-11-18T08:46:40.791+0000] {dag.py:3096} INFO - Sync 1 DAGs
[2024-11-18T08:46:40.810+0000] {logging_mixin.py:188} INFO - [2024-11-18T08:46:40.810+0000] {dag.py:3954} INFO - Setting next_dagrun for latest_only to 2024-11-18 04:00:00+00:00, run_after=2024-11-18 08:00:00+00:00
[2024-11-18T08:46:40.835+0000] {processor.py:183} INFO - Processing /home/airflow/.local/lib/python3.12/site-packages/airflow/example_dags/example_latest_only.py took 0.075 seconds
[2024-11-18T08:47:11.153+0000] {processor.py:161} INFO - Started process (PID=6705) to work on /home/airflow/.local/lib/python3.12/site-packages/airflow/example_dags/example_latest_only.py
[2024-11-18T08:47:11.155+0000] {processor.py:830} INFO - Processing file /home/airflow/.local/lib/python3.12/site-packages/airflow/example_dags/example_latest_only.py for tasks to queue
[2024-11-18T08:47:11.157+0000] {logging_mixin.py:188} INFO - [2024-11-18T08:47:11.156+0000] {dagbag.py:545} INFO - Filling up the DagBag from /home/airflow/.local/lib/python3.12/site-packages/airflow/example_dags/example_latest_only.py
[2024-11-18T08:47:11.162+0000] {processor.py:840} INFO - DAG(s) 'latest_only' retrieved from /home/airflow/.local/lib/python3.12/site-packages/airflow/example_dags/example_latest_only.py
[2024-11-18T08:47:11.185+0000] {logging_mixin.py:188} INFO - [2024-11-18T08:47:11.185+0000] {dag.py:3096} INFO - Sync 1 DAGs
[2024-11-18T08:47:11.204+0000] {logging_mixin.py:188} INFO - [2024-11-18T08:47:11.204+0000] {dag.py:3954} INFO - Setting next_dagrun for latest_only to 2024-11-18 04:00:00+00:00, run_after=2024-11-18 08:00:00+00:00
[2024-11-18T08:47:11.235+0000] {processor.py:183} INFO - Processing /home/airflow/.local/lib/python3.12/site-packages/airflow/example_dags/example_latest_only.py took 0.087 seconds
[2024-11-18T08:47:41.478+0000] {processor.py:161} INFO - Started process (PID=6967) to work on /home/airflow/.local/lib/python3.12/site-packages/airflow/example_dags/example_latest_only.py
[2024-11-18T08:47:41.479+0000] {processor.py:830} INFO - Processing file /home/airflow/.local/lib/python3.12/site-packages/airflow/example_dags/example_latest_only.py for tasks to queue
[2024-11-18T08:47:41.481+0000] {logging_mixin.py:188} INFO - [2024-11-18T08:47:41.481+0000] {dagbag.py:545} INFO - Filling up the DagBag from /home/airflow/.local/lib/python3.12/site-packages/airflow/example_dags/example_latest_only.py
[2024-11-18T08:47:41.485+0000] {processor.py:840} INFO - DAG(s) 'latest_only' retrieved from /home/airflow/.local/lib/python3.12/site-packages/airflow/example_dags/example_latest_only.py
[2024-11-18T08:47:41.508+0000] {logging_mixin.py:188} INFO - [2024-11-18T08:47:41.507+0000] {dag.py:3096} INFO - Sync 1 DAGs
[2024-11-18T08:47:41.540+0000] {logging_mixin.py:188} INFO - [2024-11-18T08:47:41.539+0000] {dag.py:3954} INFO - Setting next_dagrun for latest_only to 2024-11-18 04:00:00+00:00, run_after=2024-11-18 08:00:00+00:00
[2024-11-18T08:47:41.576+0000] {processor.py:183} INFO - Processing /home/airflow/.local/lib/python3.12/site-packages/airflow/example_dags/example_latest_only.py took 0.104 seconds
[2024-11-18T08:48:11.848+0000] {processor.py:161} INFO - Started process (PID=7229) to work on /home/airflow/.local/lib/python3.12/site-packages/airflow/example_dags/example_latest_only.py
[2024-11-18T08:48:11.849+0000] {processor.py:830} INFO - Processing file /home/airflow/.local/lib/python3.12/site-packages/airflow/example_dags/example_latest_only.py for tasks to queue
[2024-11-18T08:48:11.851+0000] {logging_mixin.py:188} INFO - [2024-11-18T08:48:11.851+0000] {dagbag.py:545} INFO - Filling up the DagBag from /home/airflow/.local/lib/python3.12/site-packages/airflow/example_dags/example_latest_only.py
[2024-11-18T08:48:11.855+0000] {processor.py:840} INFO - DAG(s) 'latest_only' retrieved from /home/airflow/.local/lib/python3.12/site-packages/airflow/example_dags/example_latest_only.py
[2024-11-18T08:48:11.875+0000] {logging_mixin.py:188} INFO - [2024-11-18T08:48:11.875+0000] {dag.py:3096} INFO - Sync 1 DAGs
[2024-11-18T08:48:11.898+0000] {logging_mixin.py:188} INFO - [2024-11-18T08:48:11.898+0000] {dag.py:3954} INFO - Setting next_dagrun for latest_only to 2024-11-18 04:00:00+00:00, run_after=2024-11-18 08:00:00+00:00
[2024-11-18T08:48:11.933+0000] {processor.py:183} INFO - Processing /home/airflow/.local/lib/python3.12/site-packages/airflow/example_dags/example_latest_only.py took 0.090 seconds
[2024-11-18T08:48:42.355+0000] {processor.py:161} INFO - Started process (PID=7489) to work on /home/airflow/.local/lib/python3.12/site-packages/airflow/example_dags/example_latest_only.py
[2024-11-18T08:48:42.357+0000] {processor.py:830} INFO - Processing file /home/airflow/.local/lib/python3.12/site-packages/airflow/example_dags/example_latest_only.py for tasks to queue
[2024-11-18T08:48:42.359+0000] {logging_mixin.py:188} INFO - [2024-11-18T08:48:42.358+0000] {dagbag.py:545} INFO - Filling up the DagBag from /home/airflow/.local/lib/python3.12/site-packages/airflow/example_dags/example_latest_only.py
[2024-11-18T08:48:42.363+0000] {processor.py:840} INFO - DAG(s) 'latest_only' retrieved from /home/airflow/.local/lib/python3.12/site-packages/airflow/example_dags/example_latest_only.py
[2024-11-18T08:48:42.383+0000] {logging_mixin.py:188} INFO - [2024-11-18T08:48:42.383+0000] {dag.py:3096} INFO - Sync 1 DAGs
[2024-11-18T08:48:42.410+0000] {logging_mixin.py:188} INFO - [2024-11-18T08:48:42.410+0000] {dag.py:3954} INFO - Setting next_dagrun for latest_only to 2024-11-18 04:00:00+00:00, run_after=2024-11-18 08:00:00+00:00
[2024-11-18T08:48:42.438+0000] {processor.py:183} INFO - Processing /home/airflow/.local/lib/python3.12/site-packages/airflow/example_dags/example_latest_only.py took 0.087 seconds
[2024-11-18T08:49:12.728+0000] {processor.py:161} INFO - Started process (PID=7751) to work on /home/airflow/.local/lib/python3.12/site-packages/airflow/example_dags/example_latest_only.py
[2024-11-18T08:49:12.729+0000] {processor.py:830} INFO - Processing file /home/airflow/.local/lib/python3.12/site-packages/airflow/example_dags/example_latest_only.py for tasks to queue
[2024-11-18T08:49:12.731+0000] {logging_mixin.py:188} INFO - [2024-11-18T08:49:12.731+0000] {dagbag.py:545} INFO - Filling up the DagBag from /home/airflow/.local/lib/python3.12/site-packages/airflow/example_dags/example_latest_only.py
[2024-11-18T08:49:12.736+0000] {processor.py:840} INFO - DAG(s) 'latest_only' retrieved from /home/airflow/.local/lib/python3.12/site-packages/airflow/example_dags/example_latest_only.py
[2024-11-18T08:49:12.755+0000] {logging_mixin.py:188} INFO - [2024-11-18T08:49:12.755+0000] {dag.py:3096} INFO - Sync 1 DAGs
[2024-11-18T08:49:12.775+0000] {logging_mixin.py:188} INFO - [2024-11-18T08:49:12.774+0000] {dag.py:3954} INFO - Setting next_dagrun for latest_only to 2024-11-18 04:00:00+00:00, run_after=2024-11-18 08:00:00+00:00
[2024-11-18T08:49:12.795+0000] {processor.py:183} INFO - Processing /home/airflow/.local/lib/python3.12/site-packages/airflow/example_dags/example_latest_only.py took 0.073 seconds
[2024-11-18T08:49:43.017+0000] {processor.py:161} INFO - Started process (PID=8013) to work on /home/airflow/.local/lib/python3.12/site-packages/airflow/example_dags/example_latest_only.py
[2024-11-18T08:49:43.018+0000] {processor.py:830} INFO - Processing file /home/airflow/.local/lib/python3.12/site-packages/airflow/example_dags/example_latest_only.py for tasks to queue
[2024-11-18T08:49:43.020+0000] {logging_mixin.py:188} INFO - [2024-11-18T08:49:43.020+0000] {dagbag.py:545} INFO - Filling up the DagBag from /home/airflow/.local/lib/python3.12/site-packages/airflow/example_dags/example_latest_only.py
[2024-11-18T08:49:43.025+0000] {processor.py:840} INFO - DAG(s) 'latest_only' retrieved from /home/airflow/.local/lib/python3.12/site-packages/airflow/example_dags/example_latest_only.py
[2024-11-18T08:49:43.045+0000] {logging_mixin.py:188} INFO - [2024-11-18T08:49:43.045+0000] {dag.py:3096} INFO - Sync 1 DAGs
[2024-11-18T08:49:43.066+0000] {logging_mixin.py:188} INFO - [2024-11-18T08:49:43.065+0000] {dag.py:3954} INFO - Setting next_dagrun for latest_only to 2024-11-18 04:00:00+00:00, run_after=2024-11-18 08:00:00+00:00
[2024-11-18T08:49:43.087+0000] {processor.py:183} INFO - Processing /home/airflow/.local/lib/python3.12/site-packages/airflow/example_dags/example_latest_only.py took 0.076 seconds
[2024-11-18T08:50:13.281+0000] {processor.py:161} INFO - Started process (PID=8275) to work on /home/airflow/.local/lib/python3.12/site-packages/airflow/example_dags/example_latest_only.py
[2024-11-18T08:50:13.282+0000] {processor.py:830} INFO - Processing file /home/airflow/.local/lib/python3.12/site-packages/airflow/example_dags/example_latest_only.py for tasks to queue
[2024-11-18T08:50:13.284+0000] {logging_mixin.py:188} INFO - [2024-11-18T08:50:13.284+0000] {dagbag.py:545} INFO - Filling up the DagBag from /home/airflow/.local/lib/python3.12/site-packages/airflow/example_dags/example_latest_only.py
[2024-11-18T08:50:13.288+0000] {processor.py:840} INFO - DAG(s) 'latest_only' retrieved from /home/airflow/.local/lib/python3.12/site-packages/airflow/example_dags/example_latest_only.py
[2024-11-18T08:50:13.308+0000] {logging_mixin.py:188} INFO - [2024-11-18T08:50:13.307+0000] {dag.py:3096} INFO - Sync 1 DAGs
[2024-11-18T08:50:13.327+0000] {logging_mixin.py:188} INFO - [2024-11-18T08:50:13.327+0000] {dag.py:3954} INFO - Setting next_dagrun for latest_only to 2024-11-18 04:00:00+00:00, run_after=2024-11-18 08:00:00+00:00
[2024-11-18T08:50:13.356+0000] {processor.py:183} INFO - Processing /home/airflow/.local/lib/python3.12/site-packages/airflow/example_dags/example_latest_only.py took 0.081 seconds
[2024-11-18T08:50:43.648+0000] {processor.py:161} INFO - Started process (PID=8537) to work on /home/airflow/.local/lib/python3.12/site-packages/airflow/example_dags/example_latest_only.py
[2024-11-18T08:50:43.650+0000] {processor.py:830} INFO - Processing file /home/airflow/.local/lib/python3.12/site-packages/airflow/example_dags/example_latest_only.py for tasks to queue
[2024-11-18T08:50:43.652+0000] {logging_mixin.py:188} INFO - [2024-11-18T08:50:43.651+0000] {dagbag.py:545} INFO - Filling up the DagBag from /home/airflow/.local/lib/python3.12/site-packages/airflow/example_dags/example_latest_only.py
[2024-11-18T08:50:43.657+0000] {processor.py:840} INFO - DAG(s) 'latest_only' retrieved from /home/airflow/.local/lib/python3.12/site-packages/airflow/example_dags/example_latest_only.py
[2024-11-18T08:50:43.677+0000] {logging_mixin.py:188} INFO - [2024-11-18T08:50:43.676+0000] {dag.py:3096} INFO - Sync 1 DAGs
[2024-11-18T08:50:43.696+0000] {logging_mixin.py:188} INFO - [2024-11-18T08:50:43.696+0000] {dag.py:3954} INFO - Setting next_dagrun for latest_only to 2024-11-18 04:00:00+00:00, run_after=2024-11-18 08:00:00+00:00
[2024-11-18T08:50:43.717+0000] {processor.py:183} INFO - Processing /home/airflow/.local/lib/python3.12/site-packages/airflow/example_dags/example_latest_only.py took 0.074 seconds
[2024-11-18T08:51:13.973+0000] {processor.py:161} INFO - Started process (PID=8800) to work on /home/airflow/.local/lib/python3.12/site-packages/airflow/example_dags/example_latest_only.py
[2024-11-18T08:51:13.974+0000] {processor.py:830} INFO - Processing file /home/airflow/.local/lib/python3.12/site-packages/airflow/example_dags/example_latest_only.py for tasks to queue
[2024-11-18T08:51:13.975+0000] {logging_mixin.py:188} INFO - [2024-11-18T08:51:13.975+0000] {dagbag.py:545} INFO - Filling up the DagBag from /home/airflow/.local/lib/python3.12/site-packages/airflow/example_dags/example_latest_only.py
[2024-11-18T08:51:13.979+0000] {processor.py:840} INFO - DAG(s) 'latest_only' retrieved from /home/airflow/.local/lib/python3.12/site-packages/airflow/example_dags/example_latest_only.py
[2024-11-18T08:51:13.999+0000] {logging_mixin.py:188} INFO - [2024-11-18T08:51:13.999+0000] {dag.py:3096} INFO - Sync 1 DAGs
[2024-11-18T08:51:14.018+0000] {logging_mixin.py:188} INFO - [2024-11-18T08:51:14.018+0000] {dag.py:3954} INFO - Setting next_dagrun for latest_only to 2024-11-18 04:00:00+00:00, run_after=2024-11-18 08:00:00+00:00
[2024-11-18T08:51:14.050+0000] {processor.py:183} INFO - Processing /home/airflow/.local/lib/python3.12/site-packages/airflow/example_dags/example_latest_only.py took 0.082 seconds
[2024-11-18T08:51:44.205+0000] {processor.py:161} INFO - Started process (PID=9059) to work on /home/airflow/.local/lib/python3.12/site-packages/airflow/example_dags/example_latest_only.py
[2024-11-18T08:51:44.205+0000] {processor.py:830} INFO - Processing file /home/airflow/.local/lib/python3.12/site-packages/airflow/example_dags/example_latest_only.py for tasks to queue
[2024-11-18T08:51:44.207+0000] {logging_mixin.py:188} INFO - [2024-11-18T08:51:44.207+0000] {dagbag.py:545} INFO - Filling up the DagBag from /home/airflow/.local/lib/python3.12/site-packages/airflow/example_dags/example_latest_only.py
[2024-11-18T08:51:44.211+0000] {processor.py:840} INFO - DAG(s) 'latest_only' retrieved from /home/airflow/.local/lib/python3.12/site-packages/airflow/example_dags/example_latest_only.py
[2024-11-18T08:51:44.229+0000] {logging_mixin.py:188} INFO - [2024-11-18T08:51:44.229+0000] {dag.py:3096} INFO - Sync 1 DAGs
[2024-11-18T08:51:44.251+0000] {logging_mixin.py:188} INFO - [2024-11-18T08:51:44.250+0000] {dag.py:3954} INFO - Setting next_dagrun for latest_only to 2024-11-18 04:00:00+00:00, run_after=2024-11-18 08:00:00+00:00
[2024-11-18T08:51:44.279+0000] {processor.py:183} INFO - Processing /home/airflow/.local/lib/python3.12/site-packages/airflow/example_dags/example_latest_only.py took 0.079 seconds
[2024-11-18T08:52:14.965+0000] {processor.py:161} INFO - Started process (PID=9324) to work on /home/airflow/.local/lib/python3.12/site-packages/airflow/example_dags/example_latest_only.py
[2024-11-18T08:52:14.966+0000] {processor.py:830} INFO - Processing file /home/airflow/.local/lib/python3.12/site-packages/airflow/example_dags/example_latest_only.py for tasks to queue
[2024-11-18T08:52:14.968+0000] {logging_mixin.py:188} INFO - [2024-11-18T08:52:14.968+0000] {dagbag.py:545} INFO - Filling up the DagBag from /home/airflow/.local/lib/python3.12/site-packages/airflow/example_dags/example_latest_only.py
[2024-11-18T08:52:14.975+0000] {processor.py:840} INFO - DAG(s) 'latest_only' retrieved from /home/airflow/.local/lib/python3.12/site-packages/airflow/example_dags/example_latest_only.py
[2024-11-18T08:52:14.995+0000] {logging_mixin.py:188} INFO - [2024-11-18T08:52:14.995+0000] {dag.py:3096} INFO - Sync 1 DAGs
[2024-11-18T08:52:15.020+0000] {logging_mixin.py:188} INFO - [2024-11-18T08:52:15.020+0000] {dag.py:3954} INFO - Setting next_dagrun for latest_only to 2024-11-18 04:00:00+00:00, run_after=2024-11-18 08:00:00+00:00
[2024-11-18T08:52:15.052+0000] {processor.py:183} INFO - Processing /home/airflow/.local/lib/python3.12/site-packages/airflow/example_dags/example_latest_only.py took 0.095 seconds
[2024-11-18T08:52:46.411+0000] {processor.py:161} INFO - Started process (PID=9592) to work on /home/airflow/.local/lib/python3.12/site-packages/airflow/example_dags/example_latest_only.py
[2024-11-18T08:52:46.413+0000] {processor.py:830} INFO - Processing file /home/airflow/.local/lib/python3.12/site-packages/airflow/example_dags/example_latest_only.py for tasks to queue
[2024-11-18T08:52:46.414+0000] {logging_mixin.py:188} INFO - [2024-11-18T08:52:46.414+0000] {dagbag.py:545} INFO - Filling up the DagBag from /home/airflow/.local/lib/python3.12/site-packages/airflow/example_dags/example_latest_only.py
[2024-11-18T08:52:46.419+0000] {processor.py:840} INFO - DAG(s) 'latest_only' retrieved from /home/airflow/.local/lib/python3.12/site-packages/airflow/example_dags/example_latest_only.py
[2024-11-18T08:52:46.438+0000] {logging_mixin.py:188} INFO - [2024-11-18T08:52:46.438+0000] {dag.py:3096} INFO - Sync 1 DAGs
[2024-11-18T08:52:46.462+0000] {logging_mixin.py:188} INFO - [2024-11-18T08:52:46.461+0000] {dag.py:3954} INFO - Setting next_dagrun for latest_only to 2024-11-18 04:00:00+00:00, run_after=2024-11-18 08:00:00+00:00
[2024-11-18T08:52:46.487+0000] {processor.py:183} INFO - Processing /home/airflow/.local/lib/python3.12/site-packages/airflow/example_dags/example_latest_only.py took 0.081 seconds
