[2024-11-18T08:34:58.360+0000] {processor.py:161} INFO - Started process (PID=347) to work on /home/airflow/.local/lib/python3.12/site-packages/airflow/example_dags/example_xcomargs.py
[2024-11-18T08:34:58.362+0000] {processor.py:830} INFO - Processing file /home/airflow/.local/lib/python3.12/site-packages/airflow/example_dags/example_xcomargs.py for tasks to queue
[2024-11-18T08:34:58.365+0000] {logging_mixin.py:188} INFO - [2024-11-18T08:34:58.365+0000] {dagbag.py:545} INFO - Filling up the DagBag from /home/airflow/.local/lib/python3.12/site-packages/airflow/example_dags/example_xcomargs.py
[2024-11-18T08:34:58.379+0000] {processor.py:840} INFO - DAG(s) 'example_xcom_args', 'example_xcom_args_with_operators' retrieved from /home/airflow/.local/lib/python3.12/site-packages/airflow/example_dags/example_xcomargs.py
[2024-11-18T08:34:58.399+0000] {logging_mixin.py:188} INFO - [2024-11-18T08:34:58.399+0000] {dag.py:3096} INFO - Sync 2 DAGs
[2024-11-18T08:34:58.416+0000] {logging_mixin.py:188} INFO - [2024-11-18T08:34:58.416+0000] {dag.py:3118} INFO - Creating ORM DAG for example_xcom_args_with_operators
[2024-11-18T08:34:58.417+0000] {logging_mixin.py:188} INFO - [2024-11-18T08:34:58.417+0000] {dag.py:3118} INFO - Creating ORM DAG for example_xcom_args
[2024-11-18T08:34:58.418+0000] {logging_mixin.py:188} INFO - [2024-11-18T08:34:58.418+0000] {dag.py:3954} INFO - Setting next_dagrun for example_xcom_args to None, run_after=None
[2024-11-18T08:34:58.419+0000] {logging_mixin.py:188} INFO - [2024-11-18T08:34:58.419+0000] {dag.py:3954} INFO - Setting next_dagrun for example_xcom_args_with_operators to None, run_after=None
[2024-11-18T08:34:58.447+0000] {processor.py:183} INFO - Processing /home/airflow/.local/lib/python3.12/site-packages/airflow/example_dags/example_xcomargs.py took 0.096 seconds
[2024-11-18T08:35:28.645+0000] {processor.py:161} INFO - Started process (PID=607) to work on /home/airflow/.local/lib/python3.12/site-packages/airflow/example_dags/example_xcomargs.py
[2024-11-18T08:35:28.646+0000] {processor.py:830} INFO - Processing file /home/airflow/.local/lib/python3.12/site-packages/airflow/example_dags/example_xcomargs.py for tasks to queue
[2024-11-18T08:35:28.648+0000] {logging_mixin.py:188} INFO - [2024-11-18T08:35:28.648+0000] {dagbag.py:545} INFO - Filling up the DagBag from /home/airflow/.local/lib/python3.12/site-packages/airflow/example_dags/example_xcomargs.py
[2024-11-18T08:35:28.656+0000] {processor.py:840} INFO - DAG(s) 'example_xcom_args', 'example_xcom_args_with_operators' retrieved from /home/airflow/.local/lib/python3.12/site-packages/airflow/example_dags/example_xcomargs.py
[2024-11-18T08:35:28.766+0000] {logging_mixin.py:188} INFO - [2024-11-18T08:35:28.766+0000] {dag.py:3096} INFO - Sync 2 DAGs
[2024-11-18T08:35:28.778+0000] {logging_mixin.py:188} INFO - [2024-11-18T08:35:28.778+0000] {dag.py:3954} INFO - Setting next_dagrun for example_xcom_args to None, run_after=None
[2024-11-18T08:35:28.781+0000] {logging_mixin.py:188} INFO - [2024-11-18T08:35:28.781+0000] {dag.py:3954} INFO - Setting next_dagrun for example_xcom_args_with_operators to None, run_after=None
[2024-11-18T08:35:28.801+0000] {processor.py:183} INFO - Processing /home/airflow/.local/lib/python3.12/site-packages/airflow/example_dags/example_xcomargs.py took 0.161 seconds
[2024-11-18T08:35:59.047+0000] {processor.py:161} INFO - Started process (PID=869) to work on /home/airflow/.local/lib/python3.12/site-packages/airflow/example_dags/example_xcomargs.py
[2024-11-18T08:35:59.048+0000] {processor.py:830} INFO - Processing file /home/airflow/.local/lib/python3.12/site-packages/airflow/example_dags/example_xcomargs.py for tasks to queue
[2024-11-18T08:35:59.051+0000] {logging_mixin.py:188} INFO - [2024-11-18T08:35:59.050+0000] {dagbag.py:545} INFO - Filling up the DagBag from /home/airflow/.local/lib/python3.12/site-packages/airflow/example_dags/example_xcomargs.py
[2024-11-18T08:35:59.060+0000] {processor.py:840} INFO - DAG(s) 'example_xcom_args_with_operators', 'example_xcom_args' retrieved from /home/airflow/.local/lib/python3.12/site-packages/airflow/example_dags/example_xcomargs.py
[2024-11-18T08:35:59.089+0000] {logging_mixin.py:188} INFO - [2024-11-18T08:35:59.088+0000] {dag.py:3096} INFO - Sync 2 DAGs
[2024-11-18T08:35:59.105+0000] {logging_mixin.py:188} INFO - [2024-11-18T08:35:59.105+0000] {dag.py:3954} INFO - Setting next_dagrun for example_xcom_args to None, run_after=None
[2024-11-18T08:35:59.110+0000] {logging_mixin.py:188} INFO - [2024-11-18T08:35:59.109+0000] {dag.py:3954} INFO - Setting next_dagrun for example_xcom_args_with_operators to None, run_after=None
[2024-11-18T08:35:59.128+0000] {processor.py:183} INFO - Processing /home/airflow/.local/lib/python3.12/site-packages/airflow/example_dags/example_xcomargs.py took 0.091 seconds
[2024-11-18T08:36:29.704+0000] {processor.py:161} INFO - Started process (PID=1131) to work on /home/airflow/.local/lib/python3.12/site-packages/airflow/example_dags/example_xcomargs.py
[2024-11-18T08:36:29.705+0000] {processor.py:830} INFO - Processing file /home/airflow/.local/lib/python3.12/site-packages/airflow/example_dags/example_xcomargs.py for tasks to queue
[2024-11-18T08:36:29.707+0000] {logging_mixin.py:188} INFO - [2024-11-18T08:36:29.707+0000] {dagbag.py:545} INFO - Filling up the DagBag from /home/airflow/.local/lib/python3.12/site-packages/airflow/example_dags/example_xcomargs.py
[2024-11-18T08:36:29.715+0000] {processor.py:840} INFO - DAG(s) 'example_xcom_args_with_operators', 'example_xcom_args' retrieved from /home/airflow/.local/lib/python3.12/site-packages/airflow/example_dags/example_xcomargs.py
[2024-11-18T08:36:29.742+0000] {logging_mixin.py:188} INFO - [2024-11-18T08:36:29.742+0000] {dag.py:3096} INFO - Sync 2 DAGs
[2024-11-18T08:36:29.756+0000] {logging_mixin.py:188} INFO - [2024-11-18T08:36:29.756+0000] {dag.py:3954} INFO - Setting next_dagrun for example_xcom_args to None, run_after=None
[2024-11-18T08:36:29.760+0000] {logging_mixin.py:188} INFO - [2024-11-18T08:36:29.760+0000] {dag.py:3954} INFO - Setting next_dagrun for example_xcom_args_with_operators to None, run_after=None
[2024-11-18T08:36:29.805+0000] {processor.py:183} INFO - Processing /home/airflow/.local/lib/python3.12/site-packages/airflow/example_dags/example_xcomargs.py took 0.107 seconds
[2024-11-18T08:36:59.896+0000] {processor.py:161} INFO - Started process (PID=1393) to work on /home/airflow/.local/lib/python3.12/site-packages/airflow/example_dags/example_xcomargs.py
[2024-11-18T08:36:59.897+0000] {processor.py:830} INFO - Processing file /home/airflow/.local/lib/python3.12/site-packages/airflow/example_dags/example_xcomargs.py for tasks to queue
[2024-11-18T08:36:59.899+0000] {logging_mixin.py:188} INFO - [2024-11-18T08:36:59.899+0000] {dagbag.py:545} INFO - Filling up the DagBag from /home/airflow/.local/lib/python3.12/site-packages/airflow/example_dags/example_xcomargs.py
[2024-11-18T08:36:59.906+0000] {processor.py:840} INFO - DAG(s) 'example_xcom_args', 'example_xcom_args_with_operators' retrieved from /home/airflow/.local/lib/python3.12/site-packages/airflow/example_dags/example_xcomargs.py
[2024-11-18T08:36:59.931+0000] {logging_mixin.py:188} INFO - [2024-11-18T08:36:59.930+0000] {dag.py:3096} INFO - Sync 2 DAGs
[2024-11-18T08:36:59.942+0000] {logging_mixin.py:188} INFO - [2024-11-18T08:36:59.942+0000] {dag.py:3954} INFO - Setting next_dagrun for example_xcom_args to None, run_after=None
[2024-11-18T08:36:59.946+0000] {logging_mixin.py:188} INFO - [2024-11-18T08:36:59.946+0000] {dag.py:3954} INFO - Setting next_dagrun for example_xcom_args_with_operators to None, run_after=None
[2024-11-18T08:36:59.974+0000] {processor.py:183} INFO - Processing /home/airflow/.local/lib/python3.12/site-packages/airflow/example_dags/example_xcomargs.py took 0.084 seconds
[2024-11-18T08:37:30.335+0000] {processor.py:161} INFO - Started process (PID=1655) to work on /home/airflow/.local/lib/python3.12/site-packages/airflow/example_dags/example_xcomargs.py
[2024-11-18T08:37:30.336+0000] {processor.py:830} INFO - Processing file /home/airflow/.local/lib/python3.12/site-packages/airflow/example_dags/example_xcomargs.py for tasks to queue
[2024-11-18T08:37:30.338+0000] {logging_mixin.py:188} INFO - [2024-11-18T08:37:30.338+0000] {dagbag.py:545} INFO - Filling up the DagBag from /home/airflow/.local/lib/python3.12/site-packages/airflow/example_dags/example_xcomargs.py
[2024-11-18T08:37:30.346+0000] {processor.py:840} INFO - DAG(s) 'example_xcom_args_with_operators', 'example_xcom_args' retrieved from /home/airflow/.local/lib/python3.12/site-packages/airflow/example_dags/example_xcomargs.py
[2024-11-18T08:37:30.374+0000] {logging_mixin.py:188} INFO - [2024-11-18T08:37:30.373+0000] {dag.py:3096} INFO - Sync 2 DAGs
[2024-11-18T08:37:30.389+0000] {logging_mixin.py:188} INFO - [2024-11-18T08:37:30.389+0000] {dag.py:3954} INFO - Setting next_dagrun for example_xcom_args to None, run_after=None
[2024-11-18T08:37:30.393+0000] {logging_mixin.py:188} INFO - [2024-11-18T08:37:30.393+0000] {dag.py:3954} INFO - Setting next_dagrun for example_xcom_args_with_operators to None, run_after=None
[2024-11-18T08:37:30.413+0000] {processor.py:183} INFO - Processing /home/airflow/.local/lib/python3.12/site-packages/airflow/example_dags/example_xcomargs.py took 0.084 seconds
[2024-11-18T08:38:01.268+0000] {processor.py:161} INFO - Started process (PID=1917) to work on /home/airflow/.local/lib/python3.12/site-packages/airflow/example_dags/example_xcomargs.py
[2024-11-18T08:38:01.269+0000] {processor.py:830} INFO - Processing file /home/airflow/.local/lib/python3.12/site-packages/airflow/example_dags/example_xcomargs.py for tasks to queue
[2024-11-18T08:38:01.272+0000] {logging_mixin.py:188} INFO - [2024-11-18T08:38:01.271+0000] {dagbag.py:545} INFO - Filling up the DagBag from /home/airflow/.local/lib/python3.12/site-packages/airflow/example_dags/example_xcomargs.py
[2024-11-18T08:38:01.279+0000] {processor.py:840} INFO - DAG(s) 'example_xcom_args_with_operators', 'example_xcom_args' retrieved from /home/airflow/.local/lib/python3.12/site-packages/airflow/example_dags/example_xcomargs.py
[2024-11-18T08:38:01.303+0000] {logging_mixin.py:188} INFO - [2024-11-18T08:38:01.302+0000] {dag.py:3096} INFO - Sync 2 DAGs
[2024-11-18T08:38:01.315+0000] {logging_mixin.py:188} INFO - [2024-11-18T08:38:01.314+0000] {dag.py:3954} INFO - Setting next_dagrun for example_xcom_args to None, run_after=None
[2024-11-18T08:38:01.319+0000] {logging_mixin.py:188} INFO - [2024-11-18T08:38:01.319+0000] {dag.py:3954} INFO - Setting next_dagrun for example_xcom_args_with_operators to None, run_after=None
[2024-11-18T08:38:01.340+0000] {processor.py:183} INFO - Processing /home/airflow/.local/lib/python3.12/site-packages/airflow/example_dags/example_xcomargs.py took 0.077 seconds
[2024-11-18T08:38:31.789+0000] {processor.py:161} INFO - Started process (PID=2179) to work on /home/airflow/.local/lib/python3.12/site-packages/airflow/example_dags/example_xcomargs.py
[2024-11-18T08:38:31.790+0000] {processor.py:830} INFO - Processing file /home/airflow/.local/lib/python3.12/site-packages/airflow/example_dags/example_xcomargs.py for tasks to queue
[2024-11-18T08:38:31.792+0000] {logging_mixin.py:188} INFO - [2024-11-18T08:38:31.792+0000] {dagbag.py:545} INFO - Filling up the DagBag from /home/airflow/.local/lib/python3.12/site-packages/airflow/example_dags/example_xcomargs.py
[2024-11-18T08:38:31.801+0000] {processor.py:840} INFO - DAG(s) 'example_xcom_args_with_operators', 'example_xcom_args' retrieved from /home/airflow/.local/lib/python3.12/site-packages/airflow/example_dags/example_xcomargs.py
[2024-11-18T08:38:31.831+0000] {logging_mixin.py:188} INFO - [2024-11-18T08:38:31.831+0000] {dag.py:3096} INFO - Sync 2 DAGs
[2024-11-18T08:38:31.843+0000] {logging_mixin.py:188} INFO - [2024-11-18T08:38:31.842+0000] {dag.py:3954} INFO - Setting next_dagrun for example_xcom_args to None, run_after=None
[2024-11-18T08:38:31.847+0000] {logging_mixin.py:188} INFO - [2024-11-18T08:38:31.846+0000] {dag.py:3954} INFO - Setting next_dagrun for example_xcom_args_with_operators to None, run_after=None
[2024-11-18T08:38:31.874+0000] {processor.py:183} INFO - Processing /home/airflow/.local/lib/python3.12/site-packages/airflow/example_dags/example_xcomargs.py took 0.092 seconds
[2024-11-18T08:39:02.033+0000] {processor.py:161} INFO - Started process (PID=2441) to work on /home/airflow/.local/lib/python3.12/site-packages/airflow/example_dags/example_xcomargs.py
[2024-11-18T08:39:02.034+0000] {processor.py:830} INFO - Processing file /home/airflow/.local/lib/python3.12/site-packages/airflow/example_dags/example_xcomargs.py for tasks to queue
[2024-11-18T08:39:02.036+0000] {logging_mixin.py:188} INFO - [2024-11-18T08:39:02.036+0000] {dagbag.py:545} INFO - Filling up the DagBag from /home/airflow/.local/lib/python3.12/site-packages/airflow/example_dags/example_xcomargs.py
[2024-11-18T08:39:02.043+0000] {processor.py:840} INFO - DAG(s) 'example_xcom_args_with_operators', 'example_xcom_args' retrieved from /home/airflow/.local/lib/python3.12/site-packages/airflow/example_dags/example_xcomargs.py
[2024-11-18T08:39:02.065+0000] {logging_mixin.py:188} INFO - [2024-11-18T08:39:02.064+0000] {dag.py:3096} INFO - Sync 2 DAGs
[2024-11-18T08:39:02.077+0000] {logging_mixin.py:188} INFO - [2024-11-18T08:39:02.076+0000] {dag.py:3954} INFO - Setting next_dagrun for example_xcom_args to None, run_after=None
[2024-11-18T08:39:02.080+0000] {logging_mixin.py:188} INFO - [2024-11-18T08:39:02.080+0000] {dag.py:3954} INFO - Setting next_dagrun for example_xcom_args_with_operators to None, run_after=None
[2024-11-18T08:39:02.109+0000] {processor.py:183} INFO - Processing /home/airflow/.local/lib/python3.12/site-packages/airflow/example_dags/example_xcomargs.py took 0.081 seconds
[2024-11-18T08:39:32.544+0000] {processor.py:161} INFO - Started process (PID=2705) to work on /home/airflow/.local/lib/python3.12/site-packages/airflow/example_dags/example_xcomargs.py
[2024-11-18T08:39:32.545+0000] {processor.py:830} INFO - Processing file /home/airflow/.local/lib/python3.12/site-packages/airflow/example_dags/example_xcomargs.py for tasks to queue
[2024-11-18T08:39:32.547+0000] {logging_mixin.py:188} INFO - [2024-11-18T08:39:32.546+0000] {dagbag.py:545} INFO - Filling up the DagBag from /home/airflow/.local/lib/python3.12/site-packages/airflow/example_dags/example_xcomargs.py
[2024-11-18T08:39:32.555+0000] {processor.py:840} INFO - DAG(s) 'example_xcom_args', 'example_xcom_args_with_operators' retrieved from /home/airflow/.local/lib/python3.12/site-packages/airflow/example_dags/example_xcomargs.py
[2024-11-18T08:39:32.581+0000] {logging_mixin.py:188} INFO - [2024-11-18T08:39:32.581+0000] {dag.py:3096} INFO - Sync 2 DAGs
[2024-11-18T08:39:32.594+0000] {logging_mixin.py:188} INFO - [2024-11-18T08:39:32.594+0000] {dag.py:3954} INFO - Setting next_dagrun for example_xcom_args to None, run_after=None
[2024-11-18T08:39:32.598+0000] {logging_mixin.py:188} INFO - [2024-11-18T08:39:32.598+0000] {dag.py:3954} INFO - Setting next_dagrun for example_xcom_args_with_operators to None, run_after=None
[2024-11-18T08:39:32.619+0000] {processor.py:183} INFO - Processing /home/airflow/.local/lib/python3.12/site-packages/airflow/example_dags/example_xcomargs.py took 0.081 seconds
[2024-11-18T08:40:02.880+0000] {processor.py:161} INFO - Started process (PID=2965) to work on /home/airflow/.local/lib/python3.12/site-packages/airflow/example_dags/example_xcomargs.py
[2024-11-18T08:40:02.881+0000] {processor.py:830} INFO - Processing file /home/airflow/.local/lib/python3.12/site-packages/airflow/example_dags/example_xcomargs.py for tasks to queue
[2024-11-18T08:40:02.883+0000] {logging_mixin.py:188} INFO - [2024-11-18T08:40:02.883+0000] {dagbag.py:545} INFO - Filling up the DagBag from /home/airflow/.local/lib/python3.12/site-packages/airflow/example_dags/example_xcomargs.py
[2024-11-18T08:40:02.891+0000] {processor.py:840} INFO - DAG(s) 'example_xcom_args_with_operators', 'example_xcom_args' retrieved from /home/airflow/.local/lib/python3.12/site-packages/airflow/example_dags/example_xcomargs.py
[2024-11-18T08:40:02.915+0000] {logging_mixin.py:188} INFO - [2024-11-18T08:40:02.915+0000] {dag.py:3096} INFO - Sync 2 DAGs
[2024-11-18T08:40:02.929+0000] {logging_mixin.py:188} INFO - [2024-11-18T08:40:02.929+0000] {dag.py:3954} INFO - Setting next_dagrun for example_xcom_args to None, run_after=None
[2024-11-18T08:40:02.933+0000] {logging_mixin.py:188} INFO - [2024-11-18T08:40:02.933+0000] {dag.py:3954} INFO - Setting next_dagrun for example_xcom_args_with_operators to None, run_after=None
[2024-11-18T08:40:02.951+0000] {processor.py:183} INFO - Processing /home/airflow/.local/lib/python3.12/site-packages/airflow/example_dags/example_xcomargs.py took 0.076 seconds
[2024-11-18T08:40:33.227+0000] {processor.py:161} INFO - Started process (PID=3228) to work on /home/airflow/.local/lib/python3.12/site-packages/airflow/example_dags/example_xcomargs.py
[2024-11-18T08:40:33.228+0000] {processor.py:830} INFO - Processing file /home/airflow/.local/lib/python3.12/site-packages/airflow/example_dags/example_xcomargs.py for tasks to queue
[2024-11-18T08:40:33.230+0000] {logging_mixin.py:188} INFO - [2024-11-18T08:40:33.230+0000] {dagbag.py:545} INFO - Filling up the DagBag from /home/airflow/.local/lib/python3.12/site-packages/airflow/example_dags/example_xcomargs.py
[2024-11-18T08:40:33.238+0000] {processor.py:840} INFO - DAG(s) 'example_xcom_args', 'example_xcom_args_with_operators' retrieved from /home/airflow/.local/lib/python3.12/site-packages/airflow/example_dags/example_xcomargs.py
[2024-11-18T08:40:33.260+0000] {logging_mixin.py:188} INFO - [2024-11-18T08:40:33.260+0000] {dag.py:3096} INFO - Sync 2 DAGs
[2024-11-18T08:40:33.272+0000] {logging_mixin.py:188} INFO - [2024-11-18T08:40:33.272+0000] {dag.py:3954} INFO - Setting next_dagrun for example_xcom_args to None, run_after=None
[2024-11-18T08:40:33.276+0000] {logging_mixin.py:188} INFO - [2024-11-18T08:40:33.276+0000] {dag.py:3954} INFO - Setting next_dagrun for example_xcom_args_with_operators to None, run_after=None
[2024-11-18T08:40:33.297+0000] {processor.py:183} INFO - Processing /home/airflow/.local/lib/python3.12/site-packages/airflow/example_dags/example_xcomargs.py took 0.075 seconds
[2024-11-18T08:41:03.701+0000] {processor.py:161} INFO - Started process (PID=3489) to work on /home/airflow/.local/lib/python3.12/site-packages/airflow/example_dags/example_xcomargs.py
[2024-11-18T08:41:03.703+0000] {processor.py:830} INFO - Processing file /home/airflow/.local/lib/python3.12/site-packages/airflow/example_dags/example_xcomargs.py for tasks to queue
[2024-11-18T08:41:03.704+0000] {logging_mixin.py:188} INFO - [2024-11-18T08:41:03.704+0000] {dagbag.py:545} INFO - Filling up the DagBag from /home/airflow/.local/lib/python3.12/site-packages/airflow/example_dags/example_xcomargs.py
[2024-11-18T08:41:03.712+0000] {processor.py:840} INFO - DAG(s) 'example_xcom_args', 'example_xcom_args_with_operators' retrieved from /home/airflow/.local/lib/python3.12/site-packages/airflow/example_dags/example_xcomargs.py
[2024-11-18T08:41:03.736+0000] {logging_mixin.py:188} INFO - [2024-11-18T08:41:03.735+0000] {dag.py:3096} INFO - Sync 2 DAGs
[2024-11-18T08:41:03.749+0000] {logging_mixin.py:188} INFO - [2024-11-18T08:41:03.748+0000] {dag.py:3954} INFO - Setting next_dagrun for example_xcom_args to None, run_after=None
[2024-11-18T08:41:03.753+0000] {logging_mixin.py:188} INFO - [2024-11-18T08:41:03.753+0000] {dag.py:3954} INFO - Setting next_dagrun for example_xcom_args_with_operators to None, run_after=None
[2024-11-18T08:41:03.772+0000] {processor.py:183} INFO - Processing /home/airflow/.local/lib/python3.12/site-packages/airflow/example_dags/example_xcomargs.py took 0.076 seconds
[2024-11-18T08:41:34.866+0000] {processor.py:161} INFO - Started process (PID=3751) to work on /home/airflow/.local/lib/python3.12/site-packages/airflow/example_dags/example_xcomargs.py
[2024-11-18T08:41:34.868+0000] {processor.py:830} INFO - Processing file /home/airflow/.local/lib/python3.12/site-packages/airflow/example_dags/example_xcomargs.py for tasks to queue
[2024-11-18T08:41:34.869+0000] {logging_mixin.py:188} INFO - [2024-11-18T08:41:34.869+0000] {dagbag.py:545} INFO - Filling up the DagBag from /home/airflow/.local/lib/python3.12/site-packages/airflow/example_dags/example_xcomargs.py
[2024-11-18T08:41:34.878+0000] {processor.py:840} INFO - DAG(s) 'example_xcom_args', 'example_xcom_args_with_operators' retrieved from /home/airflow/.local/lib/python3.12/site-packages/airflow/example_dags/example_xcomargs.py
[2024-11-18T08:41:34.902+0000] {logging_mixin.py:188} INFO - [2024-11-18T08:41:34.902+0000] {dag.py:3096} INFO - Sync 2 DAGs
[2024-11-18T08:41:34.917+0000] {logging_mixin.py:188} INFO - [2024-11-18T08:41:34.916+0000] {dag.py:3954} INFO - Setting next_dagrun for example_xcom_args to None, run_after=None
[2024-11-18T08:41:34.922+0000] {logging_mixin.py:188} INFO - [2024-11-18T08:41:34.922+0000] {dag.py:3954} INFO - Setting next_dagrun for example_xcom_args_with_operators to None, run_after=None
[2024-11-18T08:41:34.943+0000] {processor.py:183} INFO - Processing /home/airflow/.local/lib/python3.12/site-packages/airflow/example_dags/example_xcomargs.py took 0.083 seconds
[2024-11-18T08:42:05.628+0000] {processor.py:161} INFO - Started process (PID=4013) to work on /home/airflow/.local/lib/python3.12/site-packages/airflow/example_dags/example_xcomargs.py
[2024-11-18T08:42:05.629+0000] {processor.py:830} INFO - Processing file /home/airflow/.local/lib/python3.12/site-packages/airflow/example_dags/example_xcomargs.py for tasks to queue
[2024-11-18T08:42:05.631+0000] {logging_mixin.py:188} INFO - [2024-11-18T08:42:05.631+0000] {dagbag.py:545} INFO - Filling up the DagBag from /home/airflow/.local/lib/python3.12/site-packages/airflow/example_dags/example_xcomargs.py
[2024-11-18T08:42:05.640+0000] {processor.py:840} INFO - DAG(s) 'example_xcom_args_with_operators', 'example_xcom_args' retrieved from /home/airflow/.local/lib/python3.12/site-packages/airflow/example_dags/example_xcomargs.py
[2024-11-18T08:42:05.664+0000] {logging_mixin.py:188} INFO - [2024-11-18T08:42:05.664+0000] {dag.py:3096} INFO - Sync 2 DAGs
[2024-11-18T08:42:05.677+0000] {logging_mixin.py:188} INFO - [2024-11-18T08:42:05.677+0000] {dag.py:3954} INFO - Setting next_dagrun for example_xcom_args to None, run_after=None
[2024-11-18T08:42:05.681+0000] {logging_mixin.py:188} INFO - [2024-11-18T08:42:05.681+0000] {dag.py:3954} INFO - Setting next_dagrun for example_xcom_args_with_operators to None, run_after=None
[2024-11-18T08:42:05.701+0000] {processor.py:183} INFO - Processing /home/airflow/.local/lib/python3.12/site-packages/airflow/example_dags/example_xcomargs.py took 0.080 seconds
[2024-11-18T08:42:35.982+0000] {processor.py:161} INFO - Started process (PID=4275) to work on /home/airflow/.local/lib/python3.12/site-packages/airflow/example_dags/example_xcomargs.py
[2024-11-18T08:42:35.984+0000] {processor.py:830} INFO - Processing file /home/airflow/.local/lib/python3.12/site-packages/airflow/example_dags/example_xcomargs.py for tasks to queue
[2024-11-18T08:42:35.987+0000] {logging_mixin.py:188} INFO - [2024-11-18T08:42:35.987+0000] {dagbag.py:545} INFO - Filling up the DagBag from /home/airflow/.local/lib/python3.12/site-packages/airflow/example_dags/example_xcomargs.py
[2024-11-18T08:42:36.002+0000] {processor.py:840} INFO - DAG(s) 'example_xcom_args', 'example_xcom_args_with_operators' retrieved from /home/airflow/.local/lib/python3.12/site-packages/airflow/example_dags/example_xcomargs.py
[2024-11-18T08:42:36.073+0000] {logging_mixin.py:188} INFO - [2024-11-18T08:42:36.072+0000] {dag.py:3096} INFO - Sync 2 DAGs
[2024-11-18T08:42:36.108+0000] {logging_mixin.py:188} INFO - [2024-11-18T08:42:36.108+0000] {dag.py:3954} INFO - Setting next_dagrun for example_xcom_args to None, run_after=None
[2024-11-18T08:42:36.116+0000] {logging_mixin.py:188} INFO - [2024-11-18T08:42:36.116+0000] {dag.py:3954} INFO - Setting next_dagrun for example_xcom_args_with_operators to None, run_after=None
[2024-11-18T08:42:36.151+0000] {processor.py:183} INFO - Processing /home/airflow/.local/lib/python3.12/site-packages/airflow/example_dags/example_xcomargs.py took 0.177 seconds
[2024-11-18T08:43:07.007+0000] {processor.py:161} INFO - Started process (PID=4537) to work on /home/airflow/.local/lib/python3.12/site-packages/airflow/example_dags/example_xcomargs.py
[2024-11-18T08:43:07.008+0000] {processor.py:830} INFO - Processing file /home/airflow/.local/lib/python3.12/site-packages/airflow/example_dags/example_xcomargs.py for tasks to queue
[2024-11-18T08:43:07.012+0000] {logging_mixin.py:188} INFO - [2024-11-18T08:43:07.011+0000] {dagbag.py:545} INFO - Filling up the DagBag from /home/airflow/.local/lib/python3.12/site-packages/airflow/example_dags/example_xcomargs.py
[2024-11-18T08:43:07.025+0000] {processor.py:840} INFO - DAG(s) 'example_xcom_args', 'example_xcom_args_with_operators' retrieved from /home/airflow/.local/lib/python3.12/site-packages/airflow/example_dags/example_xcomargs.py
[2024-11-18T08:43:07.075+0000] {logging_mixin.py:188} INFO - [2024-11-18T08:43:07.075+0000] {dag.py:3096} INFO - Sync 2 DAGs
[2024-11-18T08:43:07.099+0000] {logging_mixin.py:188} INFO - [2024-11-18T08:43:07.099+0000] {dag.py:3954} INFO - Setting next_dagrun for example_xcom_args to None, run_after=None
[2024-11-18T08:43:07.105+0000] {logging_mixin.py:188} INFO - [2024-11-18T08:43:07.105+0000] {dag.py:3954} INFO - Setting next_dagrun for example_xcom_args_with_operators to None, run_after=None
[2024-11-18T08:43:07.139+0000] {processor.py:183} INFO - Processing /home/airflow/.local/lib/python3.12/site-packages/airflow/example_dags/example_xcomargs.py took 0.145 seconds
[2024-11-18T08:43:37.292+0000] {processor.py:161} INFO - Started process (PID=4799) to work on /home/airflow/.local/lib/python3.12/site-packages/airflow/example_dags/example_xcomargs.py
[2024-11-18T08:43:37.293+0000] {processor.py:830} INFO - Processing file /home/airflow/.local/lib/python3.12/site-packages/airflow/example_dags/example_xcomargs.py for tasks to queue
[2024-11-18T08:43:37.296+0000] {logging_mixin.py:188} INFO - [2024-11-18T08:43:37.295+0000] {dagbag.py:545} INFO - Filling up the DagBag from /home/airflow/.local/lib/python3.12/site-packages/airflow/example_dags/example_xcomargs.py
[2024-11-18T08:43:37.305+0000] {processor.py:840} INFO - DAG(s) 'example_xcom_args', 'example_xcom_args_with_operators' retrieved from /home/airflow/.local/lib/python3.12/site-packages/airflow/example_dags/example_xcomargs.py
[2024-11-18T08:43:37.333+0000] {logging_mixin.py:188} INFO - [2024-11-18T08:43:37.333+0000] {dag.py:3096} INFO - Sync 2 DAGs
[2024-11-18T08:43:37.347+0000] {logging_mixin.py:188} INFO - [2024-11-18T08:43:37.347+0000] {dag.py:3954} INFO - Setting next_dagrun for example_xcom_args to None, run_after=None
[2024-11-18T08:43:37.351+0000] {logging_mixin.py:188} INFO - [2024-11-18T08:43:37.351+0000] {dag.py:3954} INFO - Setting next_dagrun for example_xcom_args_with_operators to None, run_after=None
[2024-11-18T08:43:37.369+0000] {processor.py:183} INFO - Processing /home/airflow/.local/lib/python3.12/site-packages/airflow/example_dags/example_xcomargs.py took 0.085 seconds
[2024-11-18T08:44:07.538+0000] {processor.py:161} INFO - Started process (PID=5061) to work on /home/airflow/.local/lib/python3.12/site-packages/airflow/example_dags/example_xcomargs.py
[2024-11-18T08:44:07.539+0000] {processor.py:830} INFO - Processing file /home/airflow/.local/lib/python3.12/site-packages/airflow/example_dags/example_xcomargs.py for tasks to queue
[2024-11-18T08:44:07.541+0000] {logging_mixin.py:188} INFO - [2024-11-18T08:44:07.541+0000] {dagbag.py:545} INFO - Filling up the DagBag from /home/airflow/.local/lib/python3.12/site-packages/airflow/example_dags/example_xcomargs.py
[2024-11-18T08:44:07.548+0000] {processor.py:840} INFO - DAG(s) 'example_xcom_args_with_operators', 'example_xcom_args' retrieved from /home/airflow/.local/lib/python3.12/site-packages/airflow/example_dags/example_xcomargs.py
[2024-11-18T08:44:07.570+0000] {logging_mixin.py:188} INFO - [2024-11-18T08:44:07.570+0000] {dag.py:3096} INFO - Sync 2 DAGs
[2024-11-18T08:44:07.581+0000] {logging_mixin.py:188} INFO - [2024-11-18T08:44:07.581+0000] {dag.py:3954} INFO - Setting next_dagrun for example_xcom_args to None, run_after=None
[2024-11-18T08:44:07.585+0000] {logging_mixin.py:188} INFO - [2024-11-18T08:44:07.584+0000] {dag.py:3954} INFO - Setting next_dagrun for example_xcom_args_with_operators to None, run_after=None
[2024-11-18T08:44:07.613+0000] {processor.py:183} INFO - Processing /home/airflow/.local/lib/python3.12/site-packages/airflow/example_dags/example_xcomargs.py took 0.079 seconds
[2024-11-18T08:44:37.664+0000] {processor.py:161} INFO - Started process (PID=5318) to work on /home/airflow/.local/lib/python3.12/site-packages/airflow/example_dags/example_xcomargs.py
[2024-11-18T08:44:37.665+0000] {processor.py:830} INFO - Processing file /home/airflow/.local/lib/python3.12/site-packages/airflow/example_dags/example_xcomargs.py for tasks to queue
[2024-11-18T08:44:37.666+0000] {logging_mixin.py:188} INFO - [2024-11-18T08:44:37.666+0000] {dagbag.py:545} INFO - Filling up the DagBag from /home/airflow/.local/lib/python3.12/site-packages/airflow/example_dags/example_xcomargs.py
[2024-11-18T08:44:37.673+0000] {processor.py:840} INFO - DAG(s) 'example_xcom_args', 'example_xcom_args_with_operators' retrieved from /home/airflow/.local/lib/python3.12/site-packages/airflow/example_dags/example_xcomargs.py
[2024-11-18T08:44:37.696+0000] {logging_mixin.py:188} INFO - [2024-11-18T08:44:37.696+0000] {dag.py:3096} INFO - Sync 2 DAGs
[2024-11-18T08:44:37.707+0000] {logging_mixin.py:188} INFO - [2024-11-18T08:44:37.707+0000] {dag.py:3954} INFO - Setting next_dagrun for example_xcom_args to None, run_after=None
[2024-11-18T08:44:37.711+0000] {logging_mixin.py:188} INFO - [2024-11-18T08:44:37.711+0000] {dag.py:3954} INFO - Setting next_dagrun for example_xcom_args_with_operators to None, run_after=None
[2024-11-18T08:44:37.738+0000] {processor.py:183} INFO - Processing /home/airflow/.local/lib/python3.12/site-packages/airflow/example_dags/example_xcomargs.py took 0.080 seconds
[2024-11-18T08:45:07.899+0000] {processor.py:161} INFO - Started process (PID=5580) to work on /home/airflow/.local/lib/python3.12/site-packages/airflow/example_dags/example_xcomargs.py
[2024-11-18T08:45:07.900+0000] {processor.py:830} INFO - Processing file /home/airflow/.local/lib/python3.12/site-packages/airflow/example_dags/example_xcomargs.py for tasks to queue
[2024-11-18T08:45:07.902+0000] {logging_mixin.py:188} INFO - [2024-11-18T08:45:07.901+0000] {dagbag.py:545} INFO - Filling up the DagBag from /home/airflow/.local/lib/python3.12/site-packages/airflow/example_dags/example_xcomargs.py
[2024-11-18T08:45:07.909+0000] {processor.py:840} INFO - DAG(s) 'example_xcom_args', 'example_xcom_args_with_operators' retrieved from /home/airflow/.local/lib/python3.12/site-packages/airflow/example_dags/example_xcomargs.py
[2024-11-18T08:45:07.932+0000] {logging_mixin.py:188} INFO - [2024-11-18T08:45:07.932+0000] {dag.py:3096} INFO - Sync 2 DAGs
[2024-11-18T08:45:07.944+0000] {logging_mixin.py:188} INFO - [2024-11-18T08:45:07.944+0000] {dag.py:3954} INFO - Setting next_dagrun for example_xcom_args to None, run_after=None
[2024-11-18T08:45:07.948+0000] {logging_mixin.py:188} INFO - [2024-11-18T08:45:07.947+0000] {dag.py:3954} INFO - Setting next_dagrun for example_xcom_args_with_operators to None, run_after=None
[2024-11-18T08:45:07.977+0000] {processor.py:183} INFO - Processing /home/airflow/.local/lib/python3.12/site-packages/airflow/example_dags/example_xcomargs.py took 0.084 seconds
[2024-11-18T08:45:38.177+0000] {processor.py:161} INFO - Started process (PID=5842) to work on /home/airflow/.local/lib/python3.12/site-packages/airflow/example_dags/example_xcomargs.py
[2024-11-18T08:45:38.178+0000] {processor.py:830} INFO - Processing file /home/airflow/.local/lib/python3.12/site-packages/airflow/example_dags/example_xcomargs.py for tasks to queue
[2024-11-18T08:45:38.180+0000] {logging_mixin.py:188} INFO - [2024-11-18T08:45:38.179+0000] {dagbag.py:545} INFO - Filling up the DagBag from /home/airflow/.local/lib/python3.12/site-packages/airflow/example_dags/example_xcomargs.py
[2024-11-18T08:45:38.187+0000] {processor.py:840} INFO - DAG(s) 'example_xcom_args_with_operators', 'example_xcom_args' retrieved from /home/airflow/.local/lib/python3.12/site-packages/airflow/example_dags/example_xcomargs.py
[2024-11-18T08:45:38.212+0000] {logging_mixin.py:188} INFO - [2024-11-18T08:45:38.211+0000] {dag.py:3096} INFO - Sync 2 DAGs
[2024-11-18T08:45:38.224+0000] {logging_mixin.py:188} INFO - [2024-11-18T08:45:38.224+0000] {dag.py:3954} INFO - Setting next_dagrun for example_xcom_args to None, run_after=None
[2024-11-18T08:45:38.228+0000] {logging_mixin.py:188} INFO - [2024-11-18T08:45:38.227+0000] {dag.py:3954} INFO - Setting next_dagrun for example_xcom_args_with_operators to None, run_after=None
[2024-11-18T08:45:38.256+0000] {processor.py:183} INFO - Processing /home/airflow/.local/lib/python3.12/site-packages/airflow/example_dags/example_xcomargs.py took 0.084 seconds
[2024-11-18T08:46:08.400+0000] {processor.py:161} INFO - Started process (PID=6104) to work on /home/airflow/.local/lib/python3.12/site-packages/airflow/example_dags/example_xcomargs.py
[2024-11-18T08:46:08.401+0000] {processor.py:830} INFO - Processing file /home/airflow/.local/lib/python3.12/site-packages/airflow/example_dags/example_xcomargs.py for tasks to queue
[2024-11-18T08:46:08.402+0000] {logging_mixin.py:188} INFO - [2024-11-18T08:46:08.402+0000] {dagbag.py:545} INFO - Filling up the DagBag from /home/airflow/.local/lib/python3.12/site-packages/airflow/example_dags/example_xcomargs.py
[2024-11-18T08:46:08.409+0000] {processor.py:840} INFO - DAG(s) 'example_xcom_args', 'example_xcom_args_with_operators' retrieved from /home/airflow/.local/lib/python3.12/site-packages/airflow/example_dags/example_xcomargs.py
[2024-11-18T08:46:08.432+0000] {logging_mixin.py:188} INFO - [2024-11-18T08:46:08.432+0000] {dag.py:3096} INFO - Sync 2 DAGs
[2024-11-18T08:46:08.444+0000] {logging_mixin.py:188} INFO - [2024-11-18T08:46:08.444+0000] {dag.py:3954} INFO - Setting next_dagrun for example_xcom_args to None, run_after=None
[2024-11-18T08:46:08.448+0000] {logging_mixin.py:188} INFO - [2024-11-18T08:46:08.448+0000] {dag.py:3954} INFO - Setting next_dagrun for example_xcom_args_with_operators to None, run_after=None
[2024-11-18T08:46:08.476+0000] {processor.py:183} INFO - Processing /home/airflow/.local/lib/python3.12/site-packages/airflow/example_dags/example_xcomargs.py took 0.081 seconds
[2024-11-18T08:46:38.561+0000] {processor.py:161} INFO - Started process (PID=6363) to work on /home/airflow/.local/lib/python3.12/site-packages/airflow/example_dags/example_xcomargs.py
[2024-11-18T08:46:38.562+0000] {processor.py:830} INFO - Processing file /home/airflow/.local/lib/python3.12/site-packages/airflow/example_dags/example_xcomargs.py for tasks to queue
[2024-11-18T08:46:38.563+0000] {logging_mixin.py:188} INFO - [2024-11-18T08:46:38.563+0000] {dagbag.py:545} INFO - Filling up the DagBag from /home/airflow/.local/lib/python3.12/site-packages/airflow/example_dags/example_xcomargs.py
[2024-11-18T08:46:38.572+0000] {processor.py:840} INFO - DAG(s) 'example_xcom_args_with_operators', 'example_xcom_args' retrieved from /home/airflow/.local/lib/python3.12/site-packages/airflow/example_dags/example_xcomargs.py
[2024-11-18T08:46:38.593+0000] {logging_mixin.py:188} INFO - [2024-11-18T08:46:38.593+0000] {dag.py:3096} INFO - Sync 2 DAGs
[2024-11-18T08:46:38.609+0000] {logging_mixin.py:188} INFO - [2024-11-18T08:46:38.609+0000] {dag.py:3954} INFO - Setting next_dagrun for example_xcom_args to None, run_after=None
[2024-11-18T08:46:38.614+0000] {logging_mixin.py:188} INFO - [2024-11-18T08:46:38.614+0000] {dag.py:3954} INFO - Setting next_dagrun for example_xcom_args_with_operators to None, run_after=None
[2024-11-18T08:46:38.636+0000] {processor.py:183} INFO - Processing /home/airflow/.local/lib/python3.12/site-packages/airflow/example_dags/example_xcomargs.py took 0.080 seconds
[2024-11-18T08:47:08.883+0000] {processor.py:161} INFO - Started process (PID=6625) to work on /home/airflow/.local/lib/python3.12/site-packages/airflow/example_dags/example_xcomargs.py
[2024-11-18T08:47:08.884+0000] {processor.py:830} INFO - Processing file /home/airflow/.local/lib/python3.12/site-packages/airflow/example_dags/example_xcomargs.py for tasks to queue
[2024-11-18T08:47:08.887+0000] {logging_mixin.py:188} INFO - [2024-11-18T08:47:08.886+0000] {dagbag.py:545} INFO - Filling up the DagBag from /home/airflow/.local/lib/python3.12/site-packages/airflow/example_dags/example_xcomargs.py
[2024-11-18T08:47:08.895+0000] {processor.py:840} INFO - DAG(s) 'example_xcom_args_with_operators', 'example_xcom_args' retrieved from /home/airflow/.local/lib/python3.12/site-packages/airflow/example_dags/example_xcomargs.py
[2024-11-18T08:47:08.922+0000] {logging_mixin.py:188} INFO - [2024-11-18T08:47:08.922+0000] {dag.py:3096} INFO - Sync 2 DAGs
[2024-11-18T08:47:08.939+0000] {logging_mixin.py:188} INFO - [2024-11-18T08:47:08.939+0000] {dag.py:3954} INFO - Setting next_dagrun for example_xcom_args to None, run_after=None
[2024-11-18T08:47:08.946+0000] {logging_mixin.py:188} INFO - [2024-11-18T08:47:08.946+0000] {dag.py:3954} INFO - Setting next_dagrun for example_xcom_args_with_operators to None, run_after=None
[2024-11-18T08:47:08.980+0000] {processor.py:183} INFO - Processing /home/airflow/.local/lib/python3.12/site-packages/airflow/example_dags/example_xcomargs.py took 0.104 seconds
[2024-11-18T08:47:39.288+0000] {processor.py:161} INFO - Started process (PID=6890) to work on /home/airflow/.local/lib/python3.12/site-packages/airflow/example_dags/example_xcomargs.py
[2024-11-18T08:47:39.289+0000] {processor.py:830} INFO - Processing file /home/airflow/.local/lib/python3.12/site-packages/airflow/example_dags/example_xcomargs.py for tasks to queue
[2024-11-18T08:47:39.290+0000] {logging_mixin.py:188} INFO - [2024-11-18T08:47:39.290+0000] {dagbag.py:545} INFO - Filling up the DagBag from /home/airflow/.local/lib/python3.12/site-packages/airflow/example_dags/example_xcomargs.py
[2024-11-18T08:47:39.297+0000] {processor.py:840} INFO - DAG(s) 'example_xcom_args', 'example_xcom_args_with_operators' retrieved from /home/airflow/.local/lib/python3.12/site-packages/airflow/example_dags/example_xcomargs.py
[2024-11-18T08:47:39.322+0000] {logging_mixin.py:188} INFO - [2024-11-18T08:47:39.321+0000] {dag.py:3096} INFO - Sync 2 DAGs
[2024-11-18T08:47:39.335+0000] {logging_mixin.py:188} INFO - [2024-11-18T08:47:39.335+0000] {dag.py:3954} INFO - Setting next_dagrun for example_xcom_args to None, run_after=None
[2024-11-18T08:47:39.339+0000] {logging_mixin.py:188} INFO - [2024-11-18T08:47:39.338+0000] {dag.py:3954} INFO - Setting next_dagrun for example_xcom_args_with_operators to None, run_after=None
[2024-11-18T08:47:39.367+0000] {processor.py:183} INFO - Processing /home/airflow/.local/lib/python3.12/site-packages/airflow/example_dags/example_xcomargs.py took 0.084 seconds
[2024-11-18T08:48:09.632+0000] {processor.py:161} INFO - Started process (PID=7152) to work on /home/airflow/.local/lib/python3.12/site-packages/airflow/example_dags/example_xcomargs.py
[2024-11-18T08:48:09.633+0000] {processor.py:830} INFO - Processing file /home/airflow/.local/lib/python3.12/site-packages/airflow/example_dags/example_xcomargs.py for tasks to queue
[2024-11-18T08:48:09.635+0000] {logging_mixin.py:188} INFO - [2024-11-18T08:48:09.635+0000] {dagbag.py:545} INFO - Filling up the DagBag from /home/airflow/.local/lib/python3.12/site-packages/airflow/example_dags/example_xcomargs.py
[2024-11-18T08:48:09.642+0000] {processor.py:840} INFO - DAG(s) 'example_xcom_args_with_operators', 'example_xcom_args' retrieved from /home/airflow/.local/lib/python3.12/site-packages/airflow/example_dags/example_xcomargs.py
[2024-11-18T08:48:09.668+0000] {logging_mixin.py:188} INFO - [2024-11-18T08:48:09.668+0000] {dag.py:3096} INFO - Sync 2 DAGs
[2024-11-18T08:48:09.682+0000] {logging_mixin.py:188} INFO - [2024-11-18T08:48:09.682+0000] {dag.py:3954} INFO - Setting next_dagrun for example_xcom_args to None, run_after=None
[2024-11-18T08:48:09.687+0000] {logging_mixin.py:188} INFO - [2024-11-18T08:48:09.686+0000] {dag.py:3954} INFO - Setting next_dagrun for example_xcom_args_with_operators to None, run_after=None
[2024-11-18T08:48:09.704+0000] {processor.py:183} INFO - Processing /home/airflow/.local/lib/python3.12/site-packages/airflow/example_dags/example_xcomargs.py took 0.077 seconds
[2024-11-18T08:48:40.252+0000] {processor.py:161} INFO - Started process (PID=7414) to work on /home/airflow/.local/lib/python3.12/site-packages/airflow/example_dags/example_xcomargs.py
[2024-11-18T08:48:40.255+0000] {processor.py:830} INFO - Processing file /home/airflow/.local/lib/python3.12/site-packages/airflow/example_dags/example_xcomargs.py for tasks to queue
[2024-11-18T08:48:40.258+0000] {logging_mixin.py:188} INFO - [2024-11-18T08:48:40.258+0000] {dagbag.py:545} INFO - Filling up the DagBag from /home/airflow/.local/lib/python3.12/site-packages/airflow/example_dags/example_xcomargs.py
[2024-11-18T08:48:40.267+0000] {processor.py:840} INFO - DAG(s) 'example_xcom_args_with_operators', 'example_xcom_args' retrieved from /home/airflow/.local/lib/python3.12/site-packages/airflow/example_dags/example_xcomargs.py
[2024-11-18T08:48:40.298+0000] {logging_mixin.py:188} INFO - [2024-11-18T08:48:40.297+0000] {dag.py:3096} INFO - Sync 2 DAGs
[2024-11-18T08:48:40.313+0000] {logging_mixin.py:188} INFO - [2024-11-18T08:48:40.313+0000] {dag.py:3954} INFO - Setting next_dagrun for example_xcom_args to None, run_after=None
[2024-11-18T08:48:40.317+0000] {logging_mixin.py:188} INFO - [2024-11-18T08:48:40.317+0000] {dag.py:3954} INFO - Setting next_dagrun for example_xcom_args_with_operators to None, run_after=None
[2024-11-18T08:48:40.350+0000] {processor.py:183} INFO - Processing /home/airflow/.local/lib/python3.12/site-packages/airflow/example_dags/example_xcomargs.py took 0.105 seconds
[2024-11-18T08:49:10.571+0000] {processor.py:161} INFO - Started process (PID=7676) to work on /home/airflow/.local/lib/python3.12/site-packages/airflow/example_dags/example_xcomargs.py
[2024-11-18T08:49:10.572+0000] {processor.py:830} INFO - Processing file /home/airflow/.local/lib/python3.12/site-packages/airflow/example_dags/example_xcomargs.py for tasks to queue
[2024-11-18T08:49:10.574+0000] {logging_mixin.py:188} INFO - [2024-11-18T08:49:10.574+0000] {dagbag.py:545} INFO - Filling up the DagBag from /home/airflow/.local/lib/python3.12/site-packages/airflow/example_dags/example_xcomargs.py
[2024-11-18T08:49:10.582+0000] {processor.py:840} INFO - DAG(s) 'example_xcom_args', 'example_xcom_args_with_operators' retrieved from /home/airflow/.local/lib/python3.12/site-packages/airflow/example_dags/example_xcomargs.py
[2024-11-18T08:49:10.616+0000] {logging_mixin.py:188} INFO - [2024-11-18T08:49:10.616+0000] {dag.py:3096} INFO - Sync 2 DAGs
[2024-11-18T08:49:10.628+0000] {logging_mixin.py:188} INFO - [2024-11-18T08:49:10.628+0000] {dag.py:3954} INFO - Setting next_dagrun for example_xcom_args to None, run_after=None
[2024-11-18T08:49:10.632+0000] {logging_mixin.py:188} INFO - [2024-11-18T08:49:10.632+0000] {dag.py:3954} INFO - Setting next_dagrun for example_xcom_args_with_operators to None, run_after=None
[2024-11-18T08:49:10.650+0000] {processor.py:183} INFO - Processing /home/airflow/.local/lib/python3.12/site-packages/airflow/example_dags/example_xcomargs.py took 0.084 seconds
[2024-11-18T08:49:40.757+0000] {processor.py:161} INFO - Started process (PID=7935) to work on /home/airflow/.local/lib/python3.12/site-packages/airflow/example_dags/example_xcomargs.py
[2024-11-18T08:49:40.758+0000] {processor.py:830} INFO - Processing file /home/airflow/.local/lib/python3.12/site-packages/airflow/example_dags/example_xcomargs.py for tasks to queue
[2024-11-18T08:49:40.760+0000] {logging_mixin.py:188} INFO - [2024-11-18T08:49:40.760+0000] {dagbag.py:545} INFO - Filling up the DagBag from /home/airflow/.local/lib/python3.12/site-packages/airflow/example_dags/example_xcomargs.py
[2024-11-18T08:49:40.767+0000] {processor.py:840} INFO - DAG(s) 'example_xcom_args_with_operators', 'example_xcom_args' retrieved from /home/airflow/.local/lib/python3.12/site-packages/airflow/example_dags/example_xcomargs.py
[2024-11-18T08:49:40.792+0000] {logging_mixin.py:188} INFO - [2024-11-18T08:49:40.792+0000] {dag.py:3096} INFO - Sync 2 DAGs
[2024-11-18T08:49:40.808+0000] {logging_mixin.py:188} INFO - [2024-11-18T08:49:40.807+0000] {dag.py:3954} INFO - Setting next_dagrun for example_xcom_args to None, run_after=None
[2024-11-18T08:49:40.813+0000] {logging_mixin.py:188} INFO - [2024-11-18T08:49:40.813+0000] {dag.py:3954} INFO - Setting next_dagrun for example_xcom_args_with_operators to None, run_after=None
[2024-11-18T08:49:40.847+0000] {processor.py:183} INFO - Processing /home/airflow/.local/lib/python3.12/site-packages/airflow/example_dags/example_xcomargs.py took 0.095 seconds
[2024-11-18T08:50:11.027+0000] {processor.py:161} INFO - Started process (PID=8197) to work on /home/airflow/.local/lib/python3.12/site-packages/airflow/example_dags/example_xcomargs.py
[2024-11-18T08:50:11.028+0000] {processor.py:830} INFO - Processing file /home/airflow/.local/lib/python3.12/site-packages/airflow/example_dags/example_xcomargs.py for tasks to queue
[2024-11-18T08:50:11.030+0000] {logging_mixin.py:188} INFO - [2024-11-18T08:50:11.030+0000] {dagbag.py:545} INFO - Filling up the DagBag from /home/airflow/.local/lib/python3.12/site-packages/airflow/example_dags/example_xcomargs.py
[2024-11-18T08:50:11.037+0000] {processor.py:840} INFO - DAG(s) 'example_xcom_args', 'example_xcom_args_with_operators' retrieved from /home/airflow/.local/lib/python3.12/site-packages/airflow/example_dags/example_xcomargs.py
[2024-11-18T08:50:11.061+0000] {logging_mixin.py:188} INFO - [2024-11-18T08:50:11.061+0000] {dag.py:3096} INFO - Sync 2 DAGs
[2024-11-18T08:50:11.074+0000] {logging_mixin.py:188} INFO - [2024-11-18T08:50:11.074+0000] {dag.py:3954} INFO - Setting next_dagrun for example_xcom_args to None, run_after=None
[2024-11-18T08:50:11.078+0000] {logging_mixin.py:188} INFO - [2024-11-18T08:50:11.078+0000] {dag.py:3954} INFO - Setting next_dagrun for example_xcom_args_with_operators to None, run_after=None
[2024-11-18T08:50:11.094+0000] {processor.py:183} INFO - Processing /home/airflow/.local/lib/python3.12/site-packages/airflow/example_dags/example_xcomargs.py took 0.072 seconds
[2024-11-18T08:50:41.525+0000] {processor.py:161} INFO - Started process (PID=8462) to work on /home/airflow/.local/lib/python3.12/site-packages/airflow/example_dags/example_xcomargs.py
[2024-11-18T08:50:41.525+0000] {processor.py:830} INFO - Processing file /home/airflow/.local/lib/python3.12/site-packages/airflow/example_dags/example_xcomargs.py for tasks to queue
[2024-11-18T08:50:41.528+0000] {logging_mixin.py:188} INFO - [2024-11-18T08:50:41.527+0000] {dagbag.py:545} INFO - Filling up the DagBag from /home/airflow/.local/lib/python3.12/site-packages/airflow/example_dags/example_xcomargs.py
[2024-11-18T08:50:41.538+0000] {processor.py:840} INFO - DAG(s) 'example_xcom_args', 'example_xcom_args_with_operators' retrieved from /home/airflow/.local/lib/python3.12/site-packages/airflow/example_dags/example_xcomargs.py
[2024-11-18T08:50:41.567+0000] {logging_mixin.py:188} INFO - [2024-11-18T08:50:41.566+0000] {dag.py:3096} INFO - Sync 2 DAGs
[2024-11-18T08:50:41.581+0000] {logging_mixin.py:188} INFO - [2024-11-18T08:50:41.580+0000] {dag.py:3954} INFO - Setting next_dagrun for example_xcom_args to None, run_after=None
[2024-11-18T08:50:41.585+0000] {logging_mixin.py:188} INFO - [2024-11-18T08:50:41.585+0000] {dag.py:3954} INFO - Setting next_dagrun for example_xcom_args_with_operators to None, run_after=None
[2024-11-18T08:50:41.614+0000] {processor.py:183} INFO - Processing /home/airflow/.local/lib/python3.12/site-packages/airflow/example_dags/example_xcomargs.py took 0.096 seconds
[2024-11-18T08:51:11.832+0000] {processor.py:161} INFO - Started process (PID=8725) to work on /home/airflow/.local/lib/python3.12/site-packages/airflow/example_dags/example_xcomargs.py
[2024-11-18T08:51:11.834+0000] {processor.py:830} INFO - Processing file /home/airflow/.local/lib/python3.12/site-packages/airflow/example_dags/example_xcomargs.py for tasks to queue
[2024-11-18T08:51:11.837+0000] {logging_mixin.py:188} INFO - [2024-11-18T08:51:11.836+0000] {dagbag.py:545} INFO - Filling up the DagBag from /home/airflow/.local/lib/python3.12/site-packages/airflow/example_dags/example_xcomargs.py
[2024-11-18T08:51:11.848+0000] {processor.py:840} INFO - DAG(s) 'example_xcom_args', 'example_xcom_args_with_operators' retrieved from /home/airflow/.local/lib/python3.12/site-packages/airflow/example_dags/example_xcomargs.py
[2024-11-18T08:51:11.874+0000] {logging_mixin.py:188} INFO - [2024-11-18T08:51:11.874+0000] {dag.py:3096} INFO - Sync 2 DAGs
[2024-11-18T08:51:11.888+0000] {logging_mixin.py:188} INFO - [2024-11-18T08:51:11.887+0000] {dag.py:3954} INFO - Setting next_dagrun for example_xcom_args to None, run_after=None
[2024-11-18T08:51:11.894+0000] {logging_mixin.py:188} INFO - [2024-11-18T08:51:11.894+0000] {dag.py:3954} INFO - Setting next_dagrun for example_xcom_args_with_operators to None, run_after=None
[2024-11-18T08:51:11.927+0000] {processor.py:183} INFO - Processing /home/airflow/.local/lib/python3.12/site-packages/airflow/example_dags/example_xcomargs.py took 0.102 seconds
[2024-11-18T08:51:42.176+0000] {processor.py:161} INFO - Started process (PID=8987) to work on /home/airflow/.local/lib/python3.12/site-packages/airflow/example_dags/example_xcomargs.py
[2024-11-18T08:51:42.177+0000] {processor.py:830} INFO - Processing file /home/airflow/.local/lib/python3.12/site-packages/airflow/example_dags/example_xcomargs.py for tasks to queue
[2024-11-18T08:51:42.180+0000] {logging_mixin.py:188} INFO - [2024-11-18T08:51:42.179+0000] {dagbag.py:545} INFO - Filling up the DagBag from /home/airflow/.local/lib/python3.12/site-packages/airflow/example_dags/example_xcomargs.py
[2024-11-18T08:51:42.189+0000] {processor.py:840} INFO - DAG(s) 'example_xcom_args', 'example_xcom_args_with_operators' retrieved from /home/airflow/.local/lib/python3.12/site-packages/airflow/example_dags/example_xcomargs.py
[2024-11-18T08:51:42.219+0000] {logging_mixin.py:188} INFO - [2024-11-18T08:51:42.219+0000] {dag.py:3096} INFO - Sync 2 DAGs
[2024-11-18T08:51:42.236+0000] {logging_mixin.py:188} INFO - [2024-11-18T08:51:42.236+0000] {dag.py:3954} INFO - Setting next_dagrun for example_xcom_args to None, run_after=None
[2024-11-18T08:51:42.242+0000] {logging_mixin.py:188} INFO - [2024-11-18T08:51:42.242+0000] {dag.py:3954} INFO - Setting next_dagrun for example_xcom_args_with_operators to None, run_after=None
[2024-11-18T08:51:42.275+0000] {processor.py:183} INFO - Processing /home/airflow/.local/lib/python3.12/site-packages/airflow/example_dags/example_xcomargs.py took 0.106 seconds
[2024-11-18T08:52:12.840+0000] {processor.py:161} INFO - Started process (PID=9249) to work on /home/airflow/.local/lib/python3.12/site-packages/airflow/example_dags/example_xcomargs.py
[2024-11-18T08:52:12.842+0000] {processor.py:830} INFO - Processing file /home/airflow/.local/lib/python3.12/site-packages/airflow/example_dags/example_xcomargs.py for tasks to queue
[2024-11-18T08:52:12.844+0000] {logging_mixin.py:188} INFO - [2024-11-18T08:52:12.843+0000] {dagbag.py:545} INFO - Filling up the DagBag from /home/airflow/.local/lib/python3.12/site-packages/airflow/example_dags/example_xcomargs.py
[2024-11-18T08:52:12.854+0000] {processor.py:840} INFO - DAG(s) 'example_xcom_args', 'example_xcom_args_with_operators' retrieved from /home/airflow/.local/lib/python3.12/site-packages/airflow/example_dags/example_xcomargs.py
[2024-11-18T08:52:12.884+0000] {logging_mixin.py:188} INFO - [2024-11-18T08:52:12.884+0000] {dag.py:3096} INFO - Sync 2 DAGs
[2024-11-18T08:52:12.897+0000] {logging_mixin.py:188} INFO - [2024-11-18T08:52:12.897+0000] {dag.py:3954} INFO - Setting next_dagrun for example_xcom_args to None, run_after=None
[2024-11-18T08:52:12.902+0000] {logging_mixin.py:188} INFO - [2024-11-18T08:52:12.902+0000] {dag.py:3954} INFO - Setting next_dagrun for example_xcom_args_with_operators to None, run_after=None
[2024-11-18T08:52:12.930+0000] {processor.py:183} INFO - Processing /home/airflow/.local/lib/python3.12/site-packages/airflow/example_dags/example_xcomargs.py took 0.096 seconds
[2024-11-18T08:52:43.481+0000] {processor.py:161} INFO - Started process (PID=9511) to work on /home/airflow/.local/lib/python3.12/site-packages/airflow/example_dags/example_xcomargs.py
[2024-11-18T08:52:43.482+0000] {processor.py:830} INFO - Processing file /home/airflow/.local/lib/python3.12/site-packages/airflow/example_dags/example_xcomargs.py for tasks to queue
[2024-11-18T08:52:43.483+0000] {logging_mixin.py:188} INFO - [2024-11-18T08:52:43.483+0000] {dagbag.py:545} INFO - Filling up the DagBag from /home/airflow/.local/lib/python3.12/site-packages/airflow/example_dags/example_xcomargs.py
[2024-11-18T08:52:43.490+0000] {processor.py:840} INFO - DAG(s) 'example_xcom_args_with_operators', 'example_xcom_args' retrieved from /home/airflow/.local/lib/python3.12/site-packages/airflow/example_dags/example_xcomargs.py
[2024-11-18T08:52:43.513+0000] {logging_mixin.py:188} INFO - [2024-11-18T08:52:43.512+0000] {dag.py:3096} INFO - Sync 2 DAGs
[2024-11-18T08:52:43.524+0000] {logging_mixin.py:188} INFO - [2024-11-18T08:52:43.524+0000] {dag.py:3954} INFO - Setting next_dagrun for example_xcom_args to None, run_after=None
[2024-11-18T08:52:43.528+0000] {logging_mixin.py:188} INFO - [2024-11-18T08:52:43.528+0000] {dag.py:3954} INFO - Setting next_dagrun for example_xcom_args_with_operators to None, run_after=None
[2024-11-18T08:52:43.545+0000] {processor.py:183} INFO - Processing /home/airflow/.local/lib/python3.12/site-packages/airflow/example_dags/example_xcomargs.py took 0.069 seconds
[2024-11-18T08:53:13.841+0000] {processor.py:161} INFO - Started process (PID=9773) to work on /home/airflow/.local/lib/python3.12/site-packages/airflow/example_dags/example_xcomargs.py
[2024-11-18T08:53:13.842+0000] {processor.py:830} INFO - Processing file /home/airflow/.local/lib/python3.12/site-packages/airflow/example_dags/example_xcomargs.py for tasks to queue
[2024-11-18T08:53:13.844+0000] {logging_mixin.py:188} INFO - [2024-11-18T08:53:13.843+0000] {dagbag.py:545} INFO - Filling up the DagBag from /home/airflow/.local/lib/python3.12/site-packages/airflow/example_dags/example_xcomargs.py
[2024-11-18T08:53:13.852+0000] {processor.py:840} INFO - DAG(s) 'example_xcom_args_with_operators', 'example_xcom_args' retrieved from /home/airflow/.local/lib/python3.12/site-packages/airflow/example_dags/example_xcomargs.py
[2024-11-18T08:53:13.877+0000] {logging_mixin.py:188} INFO - [2024-11-18T08:53:13.877+0000] {dag.py:3096} INFO - Sync 2 DAGs
[2024-11-18T08:53:13.890+0000] {logging_mixin.py:188} INFO - [2024-11-18T08:53:13.889+0000] {dag.py:3954} INFO - Setting next_dagrun for example_xcom_args to None, run_after=None
[2024-11-18T08:53:13.894+0000] {logging_mixin.py:188} INFO - [2024-11-18T08:53:13.893+0000] {dag.py:3954} INFO - Setting next_dagrun for example_xcom_args_with_operators to None, run_after=None
[2024-11-18T08:53:13.923+0000] {processor.py:183} INFO - Processing /home/airflow/.local/lib/python3.12/site-packages/airflow/example_dags/example_xcomargs.py took 0.087 seconds
