[2024-11-18T08:34:52.880+0000] {processor.py:161} INFO - Started process (PID=205) to work on /home/airflow/.local/lib/python3.12/site-packages/airflow/example_dags/example_branch_operator.py
[2024-11-18T08:34:52.890+0000] {processor.py:830} INFO - Processing file /home/airflow/.local/lib/python3.12/site-packages/airflow/example_dags/example_branch_operator.py for tasks to queue
[2024-11-18T08:34:52.899+0000] {logging_mixin.py:188} INFO - [2024-11-18T08:34:52.898+0000] {dagbag.py:545} INFO - Filling up the DagBag from /home/airflow/.local/lib/python3.12/site-packages/airflow/example_dags/example_branch_operator.py
[2024-11-18T08:34:53.029+0000] {processor.py:840} INFO - DAG(s) 'example_branch_operator' retrieved from /home/airflow/.local/lib/python3.12/site-packages/airflow/example_dags/example_branch_operator.py
[2024-11-18T08:34:53.746+0000] {logging_mixin.py:188} INFO - [2024-11-18T08:34:53.745+0000] {override.py:1829} INFO - Created Permission View: can delete on DAG:example_branch_operator
[2024-11-18T08:34:53.766+0000] {logging_mixin.py:188} INFO - [2024-11-18T08:34:53.765+0000] {override.py:1829} INFO - Created Permission View: can edit on DAG:example_branch_operator
[2024-11-18T08:34:53.778+0000] {logging_mixin.py:188} INFO - [2024-11-18T08:34:53.777+0000] {override.py:1829} INFO - Created Permission View: can read on DAG:example_branch_operator
[2024-11-18T08:34:53.779+0000] {logging_mixin.py:188} INFO - [2024-11-18T08:34:53.779+0000] {dag.py:3096} INFO - Sync 1 DAGs
[2024-11-18T08:34:53.801+0000] {logging_mixin.py:188} INFO - [2024-11-18T08:34:53.800+0000] {dag.py:3118} INFO - Creating ORM DAG for example_branch_operator
[2024-11-18T08:34:53.825+0000] {logging_mixin.py:188} INFO - [2024-11-18T08:34:53.824+0000] {dag.py:3954} INFO - Setting next_dagrun for example_branch_operator to 2024-11-17 00:00:00+00:00, run_after=2024-11-18 00:00:00+00:00
[2024-11-18T08:34:53.862+0000] {processor.py:183} INFO - Processing /home/airflow/.local/lib/python3.12/site-packages/airflow/example_dags/example_branch_operator.py took 1.024 seconds
[2024-11-18T08:35:24.670+0000] {processor.py:161} INFO - Started process (PID=467) to work on /home/airflow/.local/lib/python3.12/site-packages/airflow/example_dags/example_branch_operator.py
[2024-11-18T08:35:24.672+0000] {processor.py:830} INFO - Processing file /home/airflow/.local/lib/python3.12/site-packages/airflow/example_dags/example_branch_operator.py for tasks to queue
[2024-11-18T08:35:24.678+0000] {logging_mixin.py:188} INFO - [2024-11-18T08:35:24.676+0000] {dagbag.py:545} INFO - Filling up the DagBag from /home/airflow/.local/lib/python3.12/site-packages/airflow/example_dags/example_branch_operator.py
[2024-11-18T08:35:24.737+0000] {processor.py:840} INFO - DAG(s) 'example_branch_operator' retrieved from /home/airflow/.local/lib/python3.12/site-packages/airflow/example_dags/example_branch_operator.py
[2024-11-18T08:35:24.799+0000] {logging_mixin.py:188} INFO - [2024-11-18T08:35:24.799+0000] {dag.py:3096} INFO - Sync 1 DAGs
[2024-11-18T08:35:24.854+0000] {logging_mixin.py:188} INFO - [2024-11-18T08:35:24.853+0000] {dag.py:3954} INFO - Setting next_dagrun for example_branch_operator to 2024-11-17 00:00:00+00:00, run_after=2024-11-18 00:00:00+00:00
[2024-11-18T08:35:24.874+0000] {processor.py:183} INFO - Processing /home/airflow/.local/lib/python3.12/site-packages/airflow/example_dags/example_branch_operator.py took 0.224 seconds
[2024-11-18T08:35:55.198+0000] {processor.py:161} INFO - Started process (PID=729) to work on /home/airflow/.local/lib/python3.12/site-packages/airflow/example_dags/example_branch_operator.py
[2024-11-18T08:35:55.199+0000] {processor.py:830} INFO - Processing file /home/airflow/.local/lib/python3.12/site-packages/airflow/example_dags/example_branch_operator.py for tasks to queue
[2024-11-18T08:35:55.201+0000] {logging_mixin.py:188} INFO - [2024-11-18T08:35:55.200+0000] {dagbag.py:545} INFO - Filling up the DagBag from /home/airflow/.local/lib/python3.12/site-packages/airflow/example_dags/example_branch_operator.py
[2024-11-18T08:35:55.216+0000] {processor.py:840} INFO - DAG(s) 'example_branch_operator' retrieved from /home/airflow/.local/lib/python3.12/site-packages/airflow/example_dags/example_branch_operator.py
[2024-11-18T08:35:55.258+0000] {logging_mixin.py:188} INFO - [2024-11-18T08:35:55.257+0000] {dag.py:3096} INFO - Sync 1 DAGs
[2024-11-18T08:35:55.284+0000] {logging_mixin.py:188} INFO - [2024-11-18T08:35:55.284+0000] {dag.py:3954} INFO - Setting next_dagrun for example_branch_operator to 2024-11-17 00:00:00+00:00, run_after=2024-11-18 00:00:00+00:00
[2024-11-18T08:35:55.306+0000] {processor.py:183} INFO - Processing /home/airflow/.local/lib/python3.12/site-packages/airflow/example_dags/example_branch_operator.py took 0.114 seconds
[2024-11-18T08:36:25.602+0000] {processor.py:161} INFO - Started process (PID=991) to work on /home/airflow/.local/lib/python3.12/site-packages/airflow/example_dags/example_branch_operator.py
[2024-11-18T08:36:25.607+0000] {processor.py:830} INFO - Processing file /home/airflow/.local/lib/python3.12/site-packages/airflow/example_dags/example_branch_operator.py for tasks to queue
[2024-11-18T08:36:25.611+0000] {logging_mixin.py:188} INFO - [2024-11-18T08:36:25.610+0000] {dagbag.py:545} INFO - Filling up the DagBag from /home/airflow/.local/lib/python3.12/site-packages/airflow/example_dags/example_branch_operator.py
[2024-11-18T08:36:25.647+0000] {processor.py:840} INFO - DAG(s) 'example_branch_operator' retrieved from /home/airflow/.local/lib/python3.12/site-packages/airflow/example_dags/example_branch_operator.py
[2024-11-18T08:36:25.713+0000] {logging_mixin.py:188} INFO - [2024-11-18T08:36:25.713+0000] {dag.py:3096} INFO - Sync 1 DAGs
[2024-11-18T08:36:25.757+0000] {logging_mixin.py:188} INFO - [2024-11-18T08:36:25.756+0000] {dag.py:3954} INFO - Setting next_dagrun for example_branch_operator to 2024-11-17 00:00:00+00:00, run_after=2024-11-18 00:00:00+00:00
[2024-11-18T08:36:25.777+0000] {processor.py:183} INFO - Processing /home/airflow/.local/lib/python3.12/site-packages/airflow/example_dags/example_branch_operator.py took 0.197 seconds
[2024-11-18T08:36:55.821+0000] {processor.py:161} INFO - Started process (PID=1253) to work on /home/airflow/.local/lib/python3.12/site-packages/airflow/example_dags/example_branch_operator.py
[2024-11-18T08:36:55.822+0000] {processor.py:830} INFO - Processing file /home/airflow/.local/lib/python3.12/site-packages/airflow/example_dags/example_branch_operator.py for tasks to queue
[2024-11-18T08:36:55.823+0000] {logging_mixin.py:188} INFO - [2024-11-18T08:36:55.823+0000] {dagbag.py:545} INFO - Filling up the DagBag from /home/airflow/.local/lib/python3.12/site-packages/airflow/example_dags/example_branch_operator.py
[2024-11-18T08:36:55.838+0000] {processor.py:840} INFO - DAG(s) 'example_branch_operator' retrieved from /home/airflow/.local/lib/python3.12/site-packages/airflow/example_dags/example_branch_operator.py
[2024-11-18T08:36:55.865+0000] {logging_mixin.py:188} INFO - [2024-11-18T08:36:55.865+0000] {dag.py:3096} INFO - Sync 1 DAGs
[2024-11-18T08:36:55.885+0000] {logging_mixin.py:188} INFO - [2024-11-18T08:36:55.885+0000] {dag.py:3954} INFO - Setting next_dagrun for example_branch_operator to 2024-11-17 00:00:00+00:00, run_after=2024-11-18 00:00:00+00:00
[2024-11-18T08:36:55.910+0000] {processor.py:183} INFO - Processing /home/airflow/.local/lib/python3.12/site-packages/airflow/example_dags/example_branch_operator.py took 0.097 seconds
[2024-11-18T08:37:26.191+0000] {processor.py:161} INFO - Started process (PID=1515) to work on /home/airflow/.local/lib/python3.12/site-packages/airflow/example_dags/example_branch_operator.py
[2024-11-18T08:37:26.192+0000] {processor.py:830} INFO - Processing file /home/airflow/.local/lib/python3.12/site-packages/airflow/example_dags/example_branch_operator.py for tasks to queue
[2024-11-18T08:37:26.204+0000] {logging_mixin.py:188} INFO - [2024-11-18T08:37:26.204+0000] {dagbag.py:545} INFO - Filling up the DagBag from /home/airflow/.local/lib/python3.12/site-packages/airflow/example_dags/example_branch_operator.py
[2024-11-18T08:37:26.220+0000] {processor.py:840} INFO - DAG(s) 'example_branch_operator' retrieved from /home/airflow/.local/lib/python3.12/site-packages/airflow/example_dags/example_branch_operator.py
[2024-11-18T08:37:26.248+0000] {logging_mixin.py:188} INFO - [2024-11-18T08:37:26.247+0000] {dag.py:3096} INFO - Sync 1 DAGs
[2024-11-18T08:37:26.269+0000] {logging_mixin.py:188} INFO - [2024-11-18T08:37:26.269+0000] {dag.py:3954} INFO - Setting next_dagrun for example_branch_operator to 2024-11-17 00:00:00+00:00, run_after=2024-11-18 00:00:00+00:00
[2024-11-18T08:37:26.290+0000] {processor.py:183} INFO - Processing /home/airflow/.local/lib/python3.12/site-packages/airflow/example_dags/example_branch_operator.py took 0.105 seconds
[2024-11-18T08:37:56.420+0000] {processor.py:161} INFO - Started process (PID=1779) to work on /home/airflow/.local/lib/python3.12/site-packages/airflow/example_dags/example_branch_operator.py
[2024-11-18T08:37:56.422+0000] {processor.py:830} INFO - Processing file /home/airflow/.local/lib/python3.12/site-packages/airflow/example_dags/example_branch_operator.py for tasks to queue
[2024-11-18T08:37:56.424+0000] {logging_mixin.py:188} INFO - [2024-11-18T08:37:56.424+0000] {dagbag.py:545} INFO - Filling up the DagBag from /home/airflow/.local/lib/python3.12/site-packages/airflow/example_dags/example_branch_operator.py
[2024-11-18T08:37:56.439+0000] {processor.py:840} INFO - DAG(s) 'example_branch_operator' retrieved from /home/airflow/.local/lib/python3.12/site-packages/airflow/example_dags/example_branch_operator.py
[2024-11-18T08:37:56.466+0000] {logging_mixin.py:188} INFO - [2024-11-18T08:37:56.465+0000] {dag.py:3096} INFO - Sync 1 DAGs
[2024-11-18T08:37:56.487+0000] {logging_mixin.py:188} INFO - [2024-11-18T08:37:56.487+0000] {dag.py:3954} INFO - Setting next_dagrun for example_branch_operator to 2024-11-17 00:00:00+00:00, run_after=2024-11-18 00:00:00+00:00
[2024-11-18T08:37:56.519+0000] {processor.py:183} INFO - Processing /home/airflow/.local/lib/python3.12/site-packages/airflow/example_dags/example_branch_operator.py took 0.104 seconds
[2024-11-18T08:38:26.963+0000] {processor.py:161} INFO - Started process (PID=2039) to work on /home/airflow/.local/lib/python3.12/site-packages/airflow/example_dags/example_branch_operator.py
[2024-11-18T08:38:26.964+0000] {processor.py:830} INFO - Processing file /home/airflow/.local/lib/python3.12/site-packages/airflow/example_dags/example_branch_operator.py for tasks to queue
[2024-11-18T08:38:26.965+0000] {logging_mixin.py:188} INFO - [2024-11-18T08:38:26.965+0000] {dagbag.py:545} INFO - Filling up the DagBag from /home/airflow/.local/lib/python3.12/site-packages/airflow/example_dags/example_branch_operator.py
[2024-11-18T08:38:26.979+0000] {processor.py:840} INFO - DAG(s) 'example_branch_operator' retrieved from /home/airflow/.local/lib/python3.12/site-packages/airflow/example_dags/example_branch_operator.py
[2024-11-18T08:38:27.006+0000] {logging_mixin.py:188} INFO - [2024-11-18T08:38:27.006+0000] {dag.py:3096} INFO - Sync 1 DAGs
[2024-11-18T08:38:27.025+0000] {logging_mixin.py:188} INFO - [2024-11-18T08:38:27.025+0000] {dag.py:3954} INFO - Setting next_dagrun for example_branch_operator to 2024-11-17 00:00:00+00:00, run_after=2024-11-18 00:00:00+00:00
[2024-11-18T08:38:27.047+0000] {processor.py:183} INFO - Processing /home/airflow/.local/lib/python3.12/site-packages/airflow/example_dags/example_branch_operator.py took 0.089 seconds
[2024-11-18T08:38:57.392+0000] {processor.py:161} INFO - Started process (PID=2301) to work on /home/airflow/.local/lib/python3.12/site-packages/airflow/example_dags/example_branch_operator.py
[2024-11-18T08:38:57.393+0000] {processor.py:830} INFO - Processing file /home/airflow/.local/lib/python3.12/site-packages/airflow/example_dags/example_branch_operator.py for tasks to queue
[2024-11-18T08:38:57.395+0000] {logging_mixin.py:188} INFO - [2024-11-18T08:38:57.395+0000] {dagbag.py:545} INFO - Filling up the DagBag from /home/airflow/.local/lib/python3.12/site-packages/airflow/example_dags/example_branch_operator.py
[2024-11-18T08:38:57.410+0000] {processor.py:840} INFO - DAG(s) 'example_branch_operator' retrieved from /home/airflow/.local/lib/python3.12/site-packages/airflow/example_dags/example_branch_operator.py
[2024-11-18T08:38:57.437+0000] {logging_mixin.py:188} INFO - [2024-11-18T08:38:57.436+0000] {dag.py:3096} INFO - Sync 1 DAGs
[2024-11-18T08:38:57.456+0000] {logging_mixin.py:188} INFO - [2024-11-18T08:38:57.455+0000] {dag.py:3954} INFO - Setting next_dagrun for example_branch_operator to 2024-11-17 00:00:00+00:00, run_after=2024-11-18 00:00:00+00:00
[2024-11-18T08:38:57.478+0000] {processor.py:183} INFO - Processing /home/airflow/.local/lib/python3.12/site-packages/airflow/example_dags/example_branch_operator.py took 0.090 seconds
[2024-11-18T08:39:27.595+0000] {processor.py:161} INFO - Started process (PID=2563) to work on /home/airflow/.local/lib/python3.12/site-packages/airflow/example_dags/example_branch_operator.py
[2024-11-18T08:39:27.596+0000] {processor.py:830} INFO - Processing file /home/airflow/.local/lib/python3.12/site-packages/airflow/example_dags/example_branch_operator.py for tasks to queue
[2024-11-18T08:39:27.598+0000] {logging_mixin.py:188} INFO - [2024-11-18T08:39:27.598+0000] {dagbag.py:545} INFO - Filling up the DagBag from /home/airflow/.local/lib/python3.12/site-packages/airflow/example_dags/example_branch_operator.py
[2024-11-18T08:39:27.614+0000] {processor.py:840} INFO - DAG(s) 'example_branch_operator' retrieved from /home/airflow/.local/lib/python3.12/site-packages/airflow/example_dags/example_branch_operator.py
[2024-11-18T08:39:27.642+0000] {logging_mixin.py:188} INFO - [2024-11-18T08:39:27.642+0000] {dag.py:3096} INFO - Sync 1 DAGs
[2024-11-18T08:39:27.663+0000] {logging_mixin.py:188} INFO - [2024-11-18T08:39:27.663+0000] {dag.py:3954} INFO - Setting next_dagrun for example_branch_operator to 2024-11-17 00:00:00+00:00, run_after=2024-11-18 00:00:00+00:00
[2024-11-18T08:39:27.685+0000] {processor.py:183} INFO - Processing /home/airflow/.local/lib/python3.12/site-packages/airflow/example_dags/example_branch_operator.py took 0.096 seconds
[2024-11-18T08:39:58.031+0000] {processor.py:161} INFO - Started process (PID=2825) to work on /home/airflow/.local/lib/python3.12/site-packages/airflow/example_dags/example_branch_operator.py
[2024-11-18T08:39:58.031+0000] {processor.py:830} INFO - Processing file /home/airflow/.local/lib/python3.12/site-packages/airflow/example_dags/example_branch_operator.py for tasks to queue
[2024-11-18T08:39:58.033+0000] {logging_mixin.py:188} INFO - [2024-11-18T08:39:58.033+0000] {dagbag.py:545} INFO - Filling up the DagBag from /home/airflow/.local/lib/python3.12/site-packages/airflow/example_dags/example_branch_operator.py
[2024-11-18T08:39:58.047+0000] {processor.py:840} INFO - DAG(s) 'example_branch_operator' retrieved from /home/airflow/.local/lib/python3.12/site-packages/airflow/example_dags/example_branch_operator.py
[2024-11-18T08:39:58.075+0000] {logging_mixin.py:188} INFO - [2024-11-18T08:39:58.075+0000] {dag.py:3096} INFO - Sync 1 DAGs
[2024-11-18T08:39:58.094+0000] {logging_mixin.py:188} INFO - [2024-11-18T08:39:58.094+0000] {dag.py:3954} INFO - Setting next_dagrun for example_branch_operator to 2024-11-17 00:00:00+00:00, run_after=2024-11-18 00:00:00+00:00
[2024-11-18T08:39:58.117+0000] {processor.py:183} INFO - Processing /home/airflow/.local/lib/python3.12/site-packages/airflow/example_dags/example_branch_operator.py took 0.091 seconds
[2024-11-18T08:40:28.426+0000] {processor.py:161} INFO - Started process (PID=3087) to work on /home/airflow/.local/lib/python3.12/site-packages/airflow/example_dags/example_branch_operator.py
[2024-11-18T08:40:28.427+0000] {processor.py:830} INFO - Processing file /home/airflow/.local/lib/python3.12/site-packages/airflow/example_dags/example_branch_operator.py for tasks to queue
[2024-11-18T08:40:28.429+0000] {logging_mixin.py:188} INFO - [2024-11-18T08:40:28.429+0000] {dagbag.py:545} INFO - Filling up the DagBag from /home/airflow/.local/lib/python3.12/site-packages/airflow/example_dags/example_branch_operator.py
[2024-11-18T08:40:28.449+0000] {processor.py:840} INFO - DAG(s) 'example_branch_operator' retrieved from /home/airflow/.local/lib/python3.12/site-packages/airflow/example_dags/example_branch_operator.py
[2024-11-18T08:40:28.486+0000] {logging_mixin.py:188} INFO - [2024-11-18T08:40:28.486+0000] {dag.py:3096} INFO - Sync 1 DAGs
[2024-11-18T08:40:28.522+0000] {logging_mixin.py:188} INFO - [2024-11-18T08:40:28.521+0000] {dag.py:3954} INFO - Setting next_dagrun for example_branch_operator to 2024-11-17 00:00:00+00:00, run_after=2024-11-18 00:00:00+00:00
[2024-11-18T08:40:28.553+0000] {processor.py:183} INFO - Processing /home/airflow/.local/lib/python3.12/site-packages/airflow/example_dags/example_branch_operator.py took 0.134 seconds
[2024-11-18T08:40:58.606+0000] {processor.py:161} INFO - Started process (PID=3349) to work on /home/airflow/.local/lib/python3.12/site-packages/airflow/example_dags/example_branch_operator.py
[2024-11-18T08:40:58.607+0000] {processor.py:830} INFO - Processing file /home/airflow/.local/lib/python3.12/site-packages/airflow/example_dags/example_branch_operator.py for tasks to queue
[2024-11-18T08:40:58.608+0000] {logging_mixin.py:188} INFO - [2024-11-18T08:40:58.608+0000] {dagbag.py:545} INFO - Filling up the DagBag from /home/airflow/.local/lib/python3.12/site-packages/airflow/example_dags/example_branch_operator.py
[2024-11-18T08:40:58.624+0000] {processor.py:840} INFO - DAG(s) 'example_branch_operator' retrieved from /home/airflow/.local/lib/python3.12/site-packages/airflow/example_dags/example_branch_operator.py
[2024-11-18T08:40:58.649+0000] {logging_mixin.py:188} INFO - [2024-11-18T08:40:58.648+0000] {dag.py:3096} INFO - Sync 1 DAGs
[2024-11-18T08:40:58.668+0000] {logging_mixin.py:188} INFO - [2024-11-18T08:40:58.668+0000] {dag.py:3954} INFO - Setting next_dagrun for example_branch_operator to 2024-11-17 00:00:00+00:00, run_after=2024-11-18 00:00:00+00:00
[2024-11-18T08:40:58.689+0000] {processor.py:183} INFO - Processing /home/airflow/.local/lib/python3.12/site-packages/airflow/example_dags/example_branch_operator.py took 0.089 seconds
[2024-11-18T08:41:29.063+0000] {processor.py:161} INFO - Started process (PID=3611) to work on /home/airflow/.local/lib/python3.12/site-packages/airflow/example_dags/example_branch_operator.py
[2024-11-18T08:41:29.065+0000] {processor.py:830} INFO - Processing file /home/airflow/.local/lib/python3.12/site-packages/airflow/example_dags/example_branch_operator.py for tasks to queue
[2024-11-18T08:41:29.076+0000] {logging_mixin.py:188} INFO - [2024-11-18T08:41:29.074+0000] {dagbag.py:545} INFO - Filling up the DagBag from /home/airflow/.local/lib/python3.12/site-packages/airflow/example_dags/example_branch_operator.py
[2024-11-18T08:41:29.122+0000] {processor.py:840} INFO - DAG(s) 'example_branch_operator' retrieved from /home/airflow/.local/lib/python3.12/site-packages/airflow/example_dags/example_branch_operator.py
[2024-11-18T08:41:29.205+0000] {logging_mixin.py:188} INFO - [2024-11-18T08:41:29.204+0000] {dag.py:3096} INFO - Sync 1 DAGs
[2024-11-18T08:41:29.270+0000] {logging_mixin.py:188} INFO - [2024-11-18T08:41:29.269+0000] {dag.py:3954} INFO - Setting next_dagrun for example_branch_operator to 2024-11-17 00:00:00+00:00, run_after=2024-11-18 00:00:00+00:00
[2024-11-18T08:41:29.343+0000] {processor.py:183} INFO - Processing /home/airflow/.local/lib/python3.12/site-packages/airflow/example_dags/example_branch_operator.py took 0.298 seconds
[2024-11-18T08:41:59.655+0000] {processor.py:161} INFO - Started process (PID=3873) to work on /home/airflow/.local/lib/python3.12/site-packages/airflow/example_dags/example_branch_operator.py
[2024-11-18T08:41:59.656+0000] {processor.py:830} INFO - Processing file /home/airflow/.local/lib/python3.12/site-packages/airflow/example_dags/example_branch_operator.py for tasks to queue
[2024-11-18T08:41:59.657+0000] {logging_mixin.py:188} INFO - [2024-11-18T08:41:59.657+0000] {dagbag.py:545} INFO - Filling up the DagBag from /home/airflow/.local/lib/python3.12/site-packages/airflow/example_dags/example_branch_operator.py
[2024-11-18T08:41:59.672+0000] {processor.py:840} INFO - DAG(s) 'example_branch_operator' retrieved from /home/airflow/.local/lib/python3.12/site-packages/airflow/example_dags/example_branch_operator.py
[2024-11-18T08:41:59.699+0000] {logging_mixin.py:188} INFO - [2024-11-18T08:41:59.699+0000] {dag.py:3096} INFO - Sync 1 DAGs
[2024-11-18T08:41:59.720+0000] {logging_mixin.py:188} INFO - [2024-11-18T08:41:59.720+0000] {dag.py:3954} INFO - Setting next_dagrun for example_branch_operator to 2024-11-17 00:00:00+00:00, run_after=2024-11-18 00:00:00+00:00
[2024-11-18T08:41:59.742+0000] {processor.py:183} INFO - Processing /home/airflow/.local/lib/python3.12/site-packages/airflow/example_dags/example_branch_operator.py took 0.092 seconds
[2024-11-18T08:42:29.986+0000] {processor.py:161} INFO - Started process (PID=4135) to work on /home/airflow/.local/lib/python3.12/site-packages/airflow/example_dags/example_branch_operator.py
[2024-11-18T08:42:29.990+0000] {processor.py:830} INFO - Processing file /home/airflow/.local/lib/python3.12/site-packages/airflow/example_dags/example_branch_operator.py for tasks to queue
[2024-11-18T08:42:30.006+0000] {logging_mixin.py:188} INFO - [2024-11-18T08:42:30.005+0000] {dagbag.py:545} INFO - Filling up the DagBag from /home/airflow/.local/lib/python3.12/site-packages/airflow/example_dags/example_branch_operator.py
[2024-11-18T08:42:30.077+0000] {processor.py:840} INFO - DAG(s) 'example_branch_operator' retrieved from /home/airflow/.local/lib/python3.12/site-packages/airflow/example_dags/example_branch_operator.py
[2024-11-18T08:42:30.156+0000] {logging_mixin.py:188} INFO - [2024-11-18T08:42:30.156+0000] {dag.py:3096} INFO - Sync 1 DAGs
[2024-11-18T08:42:30.219+0000] {logging_mixin.py:188} INFO - [2024-11-18T08:42:30.219+0000] {dag.py:3954} INFO - Setting next_dagrun for example_branch_operator to 2024-11-17 00:00:00+00:00, run_after=2024-11-18 00:00:00+00:00
[2024-11-18T08:42:30.289+0000] {processor.py:183} INFO - Processing /home/airflow/.local/lib/python3.12/site-packages/airflow/example_dags/example_branch_operator.py took 0.324 seconds
[2024-11-18T08:43:00.529+0000] {processor.py:161} INFO - Started process (PID=4399) to work on /home/airflow/.local/lib/python3.12/site-packages/airflow/example_dags/example_branch_operator.py
[2024-11-18T08:43:00.530+0000] {processor.py:830} INFO - Processing file /home/airflow/.local/lib/python3.12/site-packages/airflow/example_dags/example_branch_operator.py for tasks to queue
[2024-11-18T08:43:00.534+0000] {logging_mixin.py:188} INFO - [2024-11-18T08:43:00.534+0000] {dagbag.py:545} INFO - Filling up the DagBag from /home/airflow/.local/lib/python3.12/site-packages/airflow/example_dags/example_branch_operator.py
[2024-11-18T08:43:00.562+0000] {processor.py:840} INFO - DAG(s) 'example_branch_operator' retrieved from /home/airflow/.local/lib/python3.12/site-packages/airflow/example_dags/example_branch_operator.py
[2024-11-18T08:43:00.610+0000] {logging_mixin.py:188} INFO - [2024-11-18T08:43:00.610+0000] {dag.py:3096} INFO - Sync 1 DAGs
[2024-11-18T08:43:00.652+0000] {logging_mixin.py:188} INFO - [2024-11-18T08:43:00.651+0000] {dag.py:3954} INFO - Setting next_dagrun for example_branch_operator to 2024-11-17 00:00:00+00:00, run_after=2024-11-18 00:00:00+00:00
[2024-11-18T08:43:00.687+0000] {processor.py:183} INFO - Processing /home/airflow/.local/lib/python3.12/site-packages/airflow/example_dags/example_branch_operator.py took 0.172 seconds
[2024-11-18T08:43:31.552+0000] {processor.py:161} INFO - Started process (PID=4661) to work on /home/airflow/.local/lib/python3.12/site-packages/airflow/example_dags/example_branch_operator.py
[2024-11-18T08:43:31.553+0000] {processor.py:830} INFO - Processing file /home/airflow/.local/lib/python3.12/site-packages/airflow/example_dags/example_branch_operator.py for tasks to queue
[2024-11-18T08:43:31.555+0000] {logging_mixin.py:188} INFO - [2024-11-18T08:43:31.555+0000] {dagbag.py:545} INFO - Filling up the DagBag from /home/airflow/.local/lib/python3.12/site-packages/airflow/example_dags/example_branch_operator.py
[2024-11-18T08:43:31.571+0000] {processor.py:840} INFO - DAG(s) 'example_branch_operator' retrieved from /home/airflow/.local/lib/python3.12/site-packages/airflow/example_dags/example_branch_operator.py
[2024-11-18T08:43:31.600+0000] {logging_mixin.py:188} INFO - [2024-11-18T08:43:31.600+0000] {dag.py:3096} INFO - Sync 1 DAGs
[2024-11-18T08:43:31.622+0000] {logging_mixin.py:188} INFO - [2024-11-18T08:43:31.621+0000] {dag.py:3954} INFO - Setting next_dagrun for example_branch_operator to 2024-11-17 00:00:00+00:00, run_after=2024-11-18 00:00:00+00:00
[2024-11-18T08:43:31.641+0000] {processor.py:183} INFO - Processing /home/airflow/.local/lib/python3.12/site-packages/airflow/example_dags/example_branch_operator.py took 0.094 seconds
[2024-11-18T08:44:01.818+0000] {processor.py:161} INFO - Started process (PID=4923) to work on /home/airflow/.local/lib/python3.12/site-packages/airflow/example_dags/example_branch_operator.py
[2024-11-18T08:44:01.819+0000] {processor.py:830} INFO - Processing file /home/airflow/.local/lib/python3.12/site-packages/airflow/example_dags/example_branch_operator.py for tasks to queue
[2024-11-18T08:44:01.820+0000] {logging_mixin.py:188} INFO - [2024-11-18T08:44:01.820+0000] {dagbag.py:545} INFO - Filling up the DagBag from /home/airflow/.local/lib/python3.12/site-packages/airflow/example_dags/example_branch_operator.py
[2024-11-18T08:44:01.836+0000] {processor.py:840} INFO - DAG(s) 'example_branch_operator' retrieved from /home/airflow/.local/lib/python3.12/site-packages/airflow/example_dags/example_branch_operator.py
[2024-11-18T08:44:01.862+0000] {logging_mixin.py:188} INFO - [2024-11-18T08:44:01.862+0000] {dag.py:3096} INFO - Sync 1 DAGs
[2024-11-18T08:44:01.882+0000] {logging_mixin.py:188} INFO - [2024-11-18T08:44:01.881+0000] {dag.py:3954} INFO - Setting next_dagrun for example_branch_operator to 2024-11-17 00:00:00+00:00, run_after=2024-11-18 00:00:00+00:00
[2024-11-18T08:44:01.910+0000] {processor.py:183} INFO - Processing /home/airflow/.local/lib/python3.12/site-packages/airflow/example_dags/example_branch_operator.py took 0.098 seconds
[2024-11-18T08:44:31.980+0000] {processor.py:161} INFO - Started process (PID=5185) to work on /home/airflow/.local/lib/python3.12/site-packages/airflow/example_dags/example_branch_operator.py
[2024-11-18T08:44:31.981+0000] {processor.py:830} INFO - Processing file /home/airflow/.local/lib/python3.12/site-packages/airflow/example_dags/example_branch_operator.py for tasks to queue
[2024-11-18T08:44:31.983+0000] {logging_mixin.py:188} INFO - [2024-11-18T08:44:31.983+0000] {dagbag.py:545} INFO - Filling up the DagBag from /home/airflow/.local/lib/python3.12/site-packages/airflow/example_dags/example_branch_operator.py
[2024-11-18T08:44:31.997+0000] {processor.py:840} INFO - DAG(s) 'example_branch_operator' retrieved from /home/airflow/.local/lib/python3.12/site-packages/airflow/example_dags/example_branch_operator.py
[2024-11-18T08:44:32.023+0000] {logging_mixin.py:188} INFO - [2024-11-18T08:44:32.023+0000] {dag.py:3096} INFO - Sync 1 DAGs
[2024-11-18T08:44:32.043+0000] {logging_mixin.py:188} INFO - [2024-11-18T08:44:32.042+0000] {dag.py:3954} INFO - Setting next_dagrun for example_branch_operator to 2024-11-17 00:00:00+00:00, run_after=2024-11-18 00:00:00+00:00
[2024-11-18T08:44:32.061+0000] {processor.py:183} INFO - Processing /home/airflow/.local/lib/python3.12/site-packages/airflow/example_dags/example_branch_operator.py took 0.086 seconds
[2024-11-18T08:45:02.380+0000] {processor.py:161} INFO - Started process (PID=5447) to work on /home/airflow/.local/lib/python3.12/site-packages/airflow/example_dags/example_branch_operator.py
[2024-11-18T08:45:02.381+0000] {processor.py:830} INFO - Processing file /home/airflow/.local/lib/python3.12/site-packages/airflow/example_dags/example_branch_operator.py for tasks to queue
[2024-11-18T08:45:02.383+0000] {logging_mixin.py:188} INFO - [2024-11-18T08:45:02.383+0000] {dagbag.py:545} INFO - Filling up the DagBag from /home/airflow/.local/lib/python3.12/site-packages/airflow/example_dags/example_branch_operator.py
[2024-11-18T08:45:02.402+0000] {processor.py:840} INFO - DAG(s) 'example_branch_operator' retrieved from /home/airflow/.local/lib/python3.12/site-packages/airflow/example_dags/example_branch_operator.py
[2024-11-18T08:45:02.431+0000] {logging_mixin.py:188} INFO - [2024-11-18T08:45:02.431+0000] {dag.py:3096} INFO - Sync 1 DAGs
[2024-11-18T08:45:02.455+0000] {logging_mixin.py:188} INFO - [2024-11-18T08:45:02.455+0000] {dag.py:3954} INFO - Setting next_dagrun for example_branch_operator to 2024-11-17 00:00:00+00:00, run_after=2024-11-18 00:00:00+00:00
[2024-11-18T08:45:02.489+0000] {processor.py:183} INFO - Processing /home/airflow/.local/lib/python3.12/site-packages/airflow/example_dags/example_branch_operator.py took 0.117 seconds
[2024-11-18T08:45:32.654+0000] {processor.py:161} INFO - Started process (PID=5709) to work on /home/airflow/.local/lib/python3.12/site-packages/airflow/example_dags/example_branch_operator.py
[2024-11-18T08:45:32.655+0000] {processor.py:830} INFO - Processing file /home/airflow/.local/lib/python3.12/site-packages/airflow/example_dags/example_branch_operator.py for tasks to queue
[2024-11-18T08:45:32.657+0000] {logging_mixin.py:188} INFO - [2024-11-18T08:45:32.657+0000] {dagbag.py:545} INFO - Filling up the DagBag from /home/airflow/.local/lib/python3.12/site-packages/airflow/example_dags/example_branch_operator.py
[2024-11-18T08:45:32.678+0000] {processor.py:840} INFO - DAG(s) 'example_branch_operator' retrieved from /home/airflow/.local/lib/python3.12/site-packages/airflow/example_dags/example_branch_operator.py
[2024-11-18T08:45:32.710+0000] {logging_mixin.py:188} INFO - [2024-11-18T08:45:32.710+0000] {dag.py:3096} INFO - Sync 1 DAGs
[2024-11-18T08:45:32.733+0000] {logging_mixin.py:188} INFO - [2024-11-18T08:45:32.733+0000] {dag.py:3954} INFO - Setting next_dagrun for example_branch_operator to 2024-11-17 00:00:00+00:00, run_after=2024-11-18 00:00:00+00:00
[2024-11-18T08:45:32.754+0000] {processor.py:183} INFO - Processing /home/airflow/.local/lib/python3.12/site-packages/airflow/example_dags/example_branch_operator.py took 0.105 seconds
[2024-11-18T08:46:02.829+0000] {processor.py:161} INFO - Started process (PID=5971) to work on /home/airflow/.local/lib/python3.12/site-packages/airflow/example_dags/example_branch_operator.py
[2024-11-18T08:46:02.830+0000] {processor.py:830} INFO - Processing file /home/airflow/.local/lib/python3.12/site-packages/airflow/example_dags/example_branch_operator.py for tasks to queue
[2024-11-18T08:46:02.832+0000] {logging_mixin.py:188} INFO - [2024-11-18T08:46:02.832+0000] {dagbag.py:545} INFO - Filling up the DagBag from /home/airflow/.local/lib/python3.12/site-packages/airflow/example_dags/example_branch_operator.py
[2024-11-18T08:46:02.847+0000] {processor.py:840} INFO - DAG(s) 'example_branch_operator' retrieved from /home/airflow/.local/lib/python3.12/site-packages/airflow/example_dags/example_branch_operator.py
[2024-11-18T08:46:02.873+0000] {logging_mixin.py:188} INFO - [2024-11-18T08:46:02.872+0000] {dag.py:3096} INFO - Sync 1 DAGs
[2024-11-18T08:46:02.892+0000] {logging_mixin.py:188} INFO - [2024-11-18T08:46:02.892+0000] {dag.py:3954} INFO - Setting next_dagrun for example_branch_operator to 2024-11-17 00:00:00+00:00, run_after=2024-11-18 00:00:00+00:00
[2024-11-18T08:46:02.913+0000] {processor.py:183} INFO - Processing /home/airflow/.local/lib/python3.12/site-packages/airflow/example_dags/example_branch_operator.py took 0.088 seconds
[2024-11-18T08:46:33.013+0000] {processor.py:161} INFO - Started process (PID=6233) to work on /home/airflow/.local/lib/python3.12/site-packages/airflow/example_dags/example_branch_operator.py
[2024-11-18T08:46:33.014+0000] {processor.py:830} INFO - Processing file /home/airflow/.local/lib/python3.12/site-packages/airflow/example_dags/example_branch_operator.py for tasks to queue
[2024-11-18T08:46:33.016+0000] {logging_mixin.py:188} INFO - [2024-11-18T08:46:33.015+0000] {dagbag.py:545} INFO - Filling up the DagBag from /home/airflow/.local/lib/python3.12/site-packages/airflow/example_dags/example_branch_operator.py
[2024-11-18T08:46:33.030+0000] {processor.py:840} INFO - DAG(s) 'example_branch_operator' retrieved from /home/airflow/.local/lib/python3.12/site-packages/airflow/example_dags/example_branch_operator.py
[2024-11-18T08:46:33.055+0000] {logging_mixin.py:188} INFO - [2024-11-18T08:46:33.055+0000] {dag.py:3096} INFO - Sync 1 DAGs
[2024-11-18T08:46:33.075+0000] {logging_mixin.py:188} INFO - [2024-11-18T08:46:33.075+0000] {dag.py:3954} INFO - Setting next_dagrun for example_branch_operator to 2024-11-17 00:00:00+00:00, run_after=2024-11-18 00:00:00+00:00
[2024-11-18T08:46:33.093+0000] {processor.py:183} INFO - Processing /home/airflow/.local/lib/python3.12/site-packages/airflow/example_dags/example_branch_operator.py took 0.086 seconds
[2024-11-18T08:47:03.346+0000] {processor.py:161} INFO - Started process (PID=6495) to work on /home/airflow/.local/lib/python3.12/site-packages/airflow/example_dags/example_branch_operator.py
[2024-11-18T08:47:03.347+0000] {processor.py:830} INFO - Processing file /home/airflow/.local/lib/python3.12/site-packages/airflow/example_dags/example_branch_operator.py for tasks to queue
[2024-11-18T08:47:03.348+0000] {logging_mixin.py:188} INFO - [2024-11-18T08:47:03.348+0000] {dagbag.py:545} INFO - Filling up the DagBag from /home/airflow/.local/lib/python3.12/site-packages/airflow/example_dags/example_branch_operator.py
[2024-11-18T08:47:03.371+0000] {processor.py:840} INFO - DAG(s) 'example_branch_operator' retrieved from /home/airflow/.local/lib/python3.12/site-packages/airflow/example_dags/example_branch_operator.py
[2024-11-18T08:47:03.401+0000] {logging_mixin.py:188} INFO - [2024-11-18T08:47:03.401+0000] {dag.py:3096} INFO - Sync 1 DAGs
[2024-11-18T08:47:03.426+0000] {logging_mixin.py:188} INFO - [2024-11-18T08:47:03.426+0000] {dag.py:3954} INFO - Setting next_dagrun for example_branch_operator to 2024-11-17 00:00:00+00:00, run_after=2024-11-18 00:00:00+00:00
[2024-11-18T08:47:03.451+0000] {processor.py:183} INFO - Processing /home/airflow/.local/lib/python3.12/site-packages/airflow/example_dags/example_branch_operator.py took 0.111 seconds
[2024-11-18T08:47:33.624+0000] {processor.py:161} INFO - Started process (PID=6757) to work on /home/airflow/.local/lib/python3.12/site-packages/airflow/example_dags/example_branch_operator.py
[2024-11-18T08:47:33.625+0000] {processor.py:830} INFO - Processing file /home/airflow/.local/lib/python3.12/site-packages/airflow/example_dags/example_branch_operator.py for tasks to queue
[2024-11-18T08:47:33.627+0000] {logging_mixin.py:188} INFO - [2024-11-18T08:47:33.627+0000] {dagbag.py:545} INFO - Filling up the DagBag from /home/airflow/.local/lib/python3.12/site-packages/airflow/example_dags/example_branch_operator.py
[2024-11-18T08:47:33.643+0000] {processor.py:840} INFO - DAG(s) 'example_branch_operator' retrieved from /home/airflow/.local/lib/python3.12/site-packages/airflow/example_dags/example_branch_operator.py
[2024-11-18T08:47:33.671+0000] {logging_mixin.py:188} INFO - [2024-11-18T08:47:33.670+0000] {dag.py:3096} INFO - Sync 1 DAGs
[2024-11-18T08:47:33.692+0000] {logging_mixin.py:188} INFO - [2024-11-18T08:47:33.692+0000] {dag.py:3954} INFO - Setting next_dagrun for example_branch_operator to 2024-11-17 00:00:00+00:00, run_after=2024-11-18 00:00:00+00:00
[2024-11-18T08:47:33.712+0000] {processor.py:183} INFO - Processing /home/airflow/.local/lib/python3.12/site-packages/airflow/example_dags/example_branch_operator.py took 0.093 seconds
[2024-11-18T08:48:04.081+0000] {processor.py:161} INFO - Started process (PID=7019) to work on /home/airflow/.local/lib/python3.12/site-packages/airflow/example_dags/example_branch_operator.py
[2024-11-18T08:48:04.082+0000] {processor.py:830} INFO - Processing file /home/airflow/.local/lib/python3.12/site-packages/airflow/example_dags/example_branch_operator.py for tasks to queue
[2024-11-18T08:48:04.083+0000] {logging_mixin.py:188} INFO - [2024-11-18T08:48:04.083+0000] {dagbag.py:545} INFO - Filling up the DagBag from /home/airflow/.local/lib/python3.12/site-packages/airflow/example_dags/example_branch_operator.py
[2024-11-18T08:48:04.097+0000] {processor.py:840} INFO - DAG(s) 'example_branch_operator' retrieved from /home/airflow/.local/lib/python3.12/site-packages/airflow/example_dags/example_branch_operator.py
[2024-11-18T08:48:04.132+0000] {logging_mixin.py:188} INFO - [2024-11-18T08:48:04.132+0000] {dag.py:3096} INFO - Sync 1 DAGs
[2024-11-18T08:48:04.155+0000] {logging_mixin.py:188} INFO - [2024-11-18T08:48:04.155+0000] {dag.py:3954} INFO - Setting next_dagrun for example_branch_operator to 2024-11-17 00:00:00+00:00, run_after=2024-11-18 00:00:00+00:00
[2024-11-18T08:48:04.177+0000] {processor.py:183} INFO - Processing /home/airflow/.local/lib/python3.12/site-packages/airflow/example_dags/example_branch_operator.py took 0.101 seconds
[2024-11-18T08:48:34.390+0000] {processor.py:161} INFO - Started process (PID=7281) to work on /home/airflow/.local/lib/python3.12/site-packages/airflow/example_dags/example_branch_operator.py
[2024-11-18T08:48:34.391+0000] {processor.py:830} INFO - Processing file /home/airflow/.local/lib/python3.12/site-packages/airflow/example_dags/example_branch_operator.py for tasks to queue
[2024-11-18T08:48:34.393+0000] {logging_mixin.py:188} INFO - [2024-11-18T08:48:34.393+0000] {dagbag.py:545} INFO - Filling up the DagBag from /home/airflow/.local/lib/python3.12/site-packages/airflow/example_dags/example_branch_operator.py
[2024-11-18T08:48:34.408+0000] {processor.py:840} INFO - DAG(s) 'example_branch_operator' retrieved from /home/airflow/.local/lib/python3.12/site-packages/airflow/example_dags/example_branch_operator.py
[2024-11-18T08:48:34.440+0000] {logging_mixin.py:188} INFO - [2024-11-18T08:48:34.440+0000] {dag.py:3096} INFO - Sync 1 DAGs
[2024-11-18T08:48:34.470+0000] {logging_mixin.py:188} INFO - [2024-11-18T08:48:34.470+0000] {dag.py:3954} INFO - Setting next_dagrun for example_branch_operator to 2024-11-17 00:00:00+00:00, run_after=2024-11-18 00:00:00+00:00
[2024-11-18T08:48:34.493+0000] {processor.py:183} INFO - Processing /home/airflow/.local/lib/python3.12/site-packages/airflow/example_dags/example_branch_operator.py took 0.109 seconds
[2024-11-18T08:49:04.946+0000] {processor.py:161} INFO - Started process (PID=7543) to work on /home/airflow/.local/lib/python3.12/site-packages/airflow/example_dags/example_branch_operator.py
[2024-11-18T08:49:04.947+0000] {processor.py:830} INFO - Processing file /home/airflow/.local/lib/python3.12/site-packages/airflow/example_dags/example_branch_operator.py for tasks to queue
[2024-11-18T08:49:04.948+0000] {logging_mixin.py:188} INFO - [2024-11-18T08:49:04.948+0000] {dagbag.py:545} INFO - Filling up the DagBag from /home/airflow/.local/lib/python3.12/site-packages/airflow/example_dags/example_branch_operator.py
[2024-11-18T08:49:04.963+0000] {processor.py:840} INFO - DAG(s) 'example_branch_operator' retrieved from /home/airflow/.local/lib/python3.12/site-packages/airflow/example_dags/example_branch_operator.py
[2024-11-18T08:49:04.991+0000] {logging_mixin.py:188} INFO - [2024-11-18T08:49:04.991+0000] {dag.py:3096} INFO - Sync 1 DAGs
[2024-11-18T08:49:05.011+0000] {logging_mixin.py:188} INFO - [2024-11-18T08:49:05.011+0000] {dag.py:3954} INFO - Setting next_dagrun for example_branch_operator to 2024-11-17 00:00:00+00:00, run_after=2024-11-18 00:00:00+00:00
[2024-11-18T08:49:05.036+0000] {processor.py:183} INFO - Processing /home/airflow/.local/lib/python3.12/site-packages/airflow/example_dags/example_branch_operator.py took 0.095 seconds
[2024-11-18T08:49:35.187+0000] {processor.py:161} INFO - Started process (PID=7805) to work on /home/airflow/.local/lib/python3.12/site-packages/airflow/example_dags/example_branch_operator.py
[2024-11-18T08:49:35.188+0000] {processor.py:830} INFO - Processing file /home/airflow/.local/lib/python3.12/site-packages/airflow/example_dags/example_branch_operator.py for tasks to queue
[2024-11-18T08:49:35.189+0000] {logging_mixin.py:188} INFO - [2024-11-18T08:49:35.189+0000] {dagbag.py:545} INFO - Filling up the DagBag from /home/airflow/.local/lib/python3.12/site-packages/airflow/example_dags/example_branch_operator.py
[2024-11-18T08:49:35.204+0000] {processor.py:840} INFO - DAG(s) 'example_branch_operator' retrieved from /home/airflow/.local/lib/python3.12/site-packages/airflow/example_dags/example_branch_operator.py
[2024-11-18T08:49:35.233+0000] {logging_mixin.py:188} INFO - [2024-11-18T08:49:35.233+0000] {dag.py:3096} INFO - Sync 1 DAGs
[2024-11-18T08:49:35.255+0000] {logging_mixin.py:188} INFO - [2024-11-18T08:49:35.255+0000] {dag.py:3954} INFO - Setting next_dagrun for example_branch_operator to 2024-11-17 00:00:00+00:00, run_after=2024-11-18 00:00:00+00:00
[2024-11-18T08:49:35.278+0000] {processor.py:183} INFO - Processing /home/airflow/.local/lib/python3.12/site-packages/airflow/example_dags/example_branch_operator.py took 0.097 seconds
[2024-11-18T08:50:05.503+0000] {processor.py:161} INFO - Started process (PID=8067) to work on /home/airflow/.local/lib/python3.12/site-packages/airflow/example_dags/example_branch_operator.py
[2024-11-18T08:50:05.504+0000] {processor.py:830} INFO - Processing file /home/airflow/.local/lib/python3.12/site-packages/airflow/example_dags/example_branch_operator.py for tasks to queue
[2024-11-18T08:50:05.506+0000] {logging_mixin.py:188} INFO - [2024-11-18T08:50:05.506+0000] {dagbag.py:545} INFO - Filling up the DagBag from /home/airflow/.local/lib/python3.12/site-packages/airflow/example_dags/example_branch_operator.py
[2024-11-18T08:50:05.520+0000] {processor.py:840} INFO - DAG(s) 'example_branch_operator' retrieved from /home/airflow/.local/lib/python3.12/site-packages/airflow/example_dags/example_branch_operator.py
[2024-11-18T08:50:05.550+0000] {logging_mixin.py:188} INFO - [2024-11-18T08:50:05.549+0000] {dag.py:3096} INFO - Sync 1 DAGs
[2024-11-18T08:50:05.571+0000] {logging_mixin.py:188} INFO - [2024-11-18T08:50:05.571+0000] {dag.py:3954} INFO - Setting next_dagrun for example_branch_operator to 2024-11-17 00:00:00+00:00, run_after=2024-11-18 00:00:00+00:00
[2024-11-18T08:50:05.592+0000] {processor.py:183} INFO - Processing /home/airflow/.local/lib/python3.12/site-packages/airflow/example_dags/example_branch_operator.py took 0.095 seconds
[2024-11-18T08:50:35.782+0000] {processor.py:161} INFO - Started process (PID=8329) to work on /home/airflow/.local/lib/python3.12/site-packages/airflow/example_dags/example_branch_operator.py
[2024-11-18T08:50:35.794+0000] {processor.py:830} INFO - Processing file /home/airflow/.local/lib/python3.12/site-packages/airflow/example_dags/example_branch_operator.py for tasks to queue
[2024-11-18T08:50:35.796+0000] {logging_mixin.py:188} INFO - [2024-11-18T08:50:35.795+0000] {dagbag.py:545} INFO - Filling up the DagBag from /home/airflow/.local/lib/python3.12/site-packages/airflow/example_dags/example_branch_operator.py
[2024-11-18T08:50:35.826+0000] {processor.py:840} INFO - DAG(s) 'example_branch_operator' retrieved from /home/airflow/.local/lib/python3.12/site-packages/airflow/example_dags/example_branch_operator.py
[2024-11-18T08:50:35.859+0000] {logging_mixin.py:188} INFO - [2024-11-18T08:50:35.858+0000] {dag.py:3096} INFO - Sync 1 DAGs
[2024-11-18T08:50:35.878+0000] {logging_mixin.py:188} INFO - [2024-11-18T08:50:35.878+0000] {dag.py:3954} INFO - Setting next_dagrun for example_branch_operator to 2024-11-17 00:00:00+00:00, run_after=2024-11-18 00:00:00+00:00
[2024-11-18T08:50:35.898+0000] {processor.py:183} INFO - Processing /home/airflow/.local/lib/python3.12/site-packages/airflow/example_dags/example_branch_operator.py took 0.123 seconds
[2024-11-18T08:51:06.204+0000] {processor.py:161} INFO - Started process (PID=8592) to work on /home/airflow/.local/lib/python3.12/site-packages/airflow/example_dags/example_branch_operator.py
[2024-11-18T08:51:06.206+0000] {processor.py:830} INFO - Processing file /home/airflow/.local/lib/python3.12/site-packages/airflow/example_dags/example_branch_operator.py for tasks to queue
[2024-11-18T08:51:06.208+0000] {logging_mixin.py:188} INFO - [2024-11-18T08:51:06.207+0000] {dagbag.py:545} INFO - Filling up the DagBag from /home/airflow/.local/lib/python3.12/site-packages/airflow/example_dags/example_branch_operator.py
[2024-11-18T08:51:06.240+0000] {processor.py:840} INFO - DAG(s) 'example_branch_operator' retrieved from /home/airflow/.local/lib/python3.12/site-packages/airflow/example_dags/example_branch_operator.py
[2024-11-18T08:51:06.274+0000] {logging_mixin.py:188} INFO - [2024-11-18T08:51:06.274+0000] {dag.py:3096} INFO - Sync 1 DAGs
[2024-11-18T08:51:06.303+0000] {logging_mixin.py:188} INFO - [2024-11-18T08:51:06.303+0000] {dag.py:3954} INFO - Setting next_dagrun for example_branch_operator to 2024-11-17 00:00:00+00:00, run_after=2024-11-18 00:00:00+00:00
[2024-11-18T08:51:06.328+0000] {processor.py:183} INFO - Processing /home/airflow/.local/lib/python3.12/site-packages/airflow/example_dags/example_branch_operator.py took 0.130 seconds
[2024-11-18T08:51:36.703+0000] {processor.py:161} INFO - Started process (PID=8854) to work on /home/airflow/.local/lib/python3.12/site-packages/airflow/example_dags/example_branch_operator.py
[2024-11-18T08:51:36.704+0000] {processor.py:830} INFO - Processing file /home/airflow/.local/lib/python3.12/site-packages/airflow/example_dags/example_branch_operator.py for tasks to queue
[2024-11-18T08:51:36.706+0000] {logging_mixin.py:188} INFO - [2024-11-18T08:51:36.705+0000] {dagbag.py:545} INFO - Filling up the DagBag from /home/airflow/.local/lib/python3.12/site-packages/airflow/example_dags/example_branch_operator.py
[2024-11-18T08:51:36.720+0000] {processor.py:840} INFO - DAG(s) 'example_branch_operator' retrieved from /home/airflow/.local/lib/python3.12/site-packages/airflow/example_dags/example_branch_operator.py
[2024-11-18T08:51:36.746+0000] {logging_mixin.py:188} INFO - [2024-11-18T08:51:36.746+0000] {dag.py:3096} INFO - Sync 1 DAGs
[2024-11-18T08:51:36.768+0000] {logging_mixin.py:188} INFO - [2024-11-18T08:51:36.768+0000] {dag.py:3954} INFO - Setting next_dagrun for example_branch_operator to 2024-11-17 00:00:00+00:00, run_after=2024-11-18 00:00:00+00:00
[2024-11-18T08:51:36.789+0000] {processor.py:183} INFO - Processing /home/airflow/.local/lib/python3.12/site-packages/airflow/example_dags/example_branch_operator.py took 0.091 seconds
[2024-11-18T08:52:07.121+0000] {processor.py:161} INFO - Started process (PID=9116) to work on /home/airflow/.local/lib/python3.12/site-packages/airflow/example_dags/example_branch_operator.py
[2024-11-18T08:52:07.122+0000] {processor.py:830} INFO - Processing file /home/airflow/.local/lib/python3.12/site-packages/airflow/example_dags/example_branch_operator.py for tasks to queue
[2024-11-18T08:52:07.124+0000] {logging_mixin.py:188} INFO - [2024-11-18T08:52:07.124+0000] {dagbag.py:545} INFO - Filling up the DagBag from /home/airflow/.local/lib/python3.12/site-packages/airflow/example_dags/example_branch_operator.py
[2024-11-18T08:52:07.139+0000] {processor.py:840} INFO - DAG(s) 'example_branch_operator' retrieved from /home/airflow/.local/lib/python3.12/site-packages/airflow/example_dags/example_branch_operator.py
[2024-11-18T08:52:07.169+0000] {logging_mixin.py:188} INFO - [2024-11-18T08:52:07.169+0000] {dag.py:3096} INFO - Sync 1 DAGs
[2024-11-18T08:52:07.189+0000] {logging_mixin.py:188} INFO - [2024-11-18T08:52:07.189+0000] {dag.py:3954} INFO - Setting next_dagrun for example_branch_operator to 2024-11-17 00:00:00+00:00, run_after=2024-11-18 00:00:00+00:00
[2024-11-18T08:52:07.210+0000] {processor.py:183} INFO - Processing /home/airflow/.local/lib/python3.12/site-packages/airflow/example_dags/example_branch_operator.py took 0.095 seconds
[2024-11-18T08:52:37.769+0000] {processor.py:161} INFO - Started process (PID=9378) to work on /home/airflow/.local/lib/python3.12/site-packages/airflow/example_dags/example_branch_operator.py
[2024-11-18T08:52:37.770+0000] {processor.py:830} INFO - Processing file /home/airflow/.local/lib/python3.12/site-packages/airflow/example_dags/example_branch_operator.py for tasks to queue
[2024-11-18T08:52:37.771+0000] {logging_mixin.py:188} INFO - [2024-11-18T08:52:37.771+0000] {dagbag.py:545} INFO - Filling up the DagBag from /home/airflow/.local/lib/python3.12/site-packages/airflow/example_dags/example_branch_operator.py
[2024-11-18T08:52:37.787+0000] {processor.py:840} INFO - DAG(s) 'example_branch_operator' retrieved from /home/airflow/.local/lib/python3.12/site-packages/airflow/example_dags/example_branch_operator.py
[2024-11-18T08:52:37.817+0000] {logging_mixin.py:188} INFO - [2024-11-18T08:52:37.816+0000] {dag.py:3096} INFO - Sync 1 DAGs
[2024-11-18T08:52:37.839+0000] {logging_mixin.py:188} INFO - [2024-11-18T08:52:37.839+0000] {dag.py:3954} INFO - Setting next_dagrun for example_branch_operator to 2024-11-17 00:00:00+00:00, run_after=2024-11-18 00:00:00+00:00
[2024-11-18T08:52:37.862+0000] {processor.py:183} INFO - Processing /home/airflow/.local/lib/python3.12/site-packages/airflow/example_dags/example_branch_operator.py took 0.099 seconds
[2024-11-18T08:53:08.148+0000] {processor.py:161} INFO - Started process (PID=9640) to work on /home/airflow/.local/lib/python3.12/site-packages/airflow/example_dags/example_branch_operator.py
[2024-11-18T08:53:08.149+0000] {processor.py:830} INFO - Processing file /home/airflow/.local/lib/python3.12/site-packages/airflow/example_dags/example_branch_operator.py for tasks to queue
[2024-11-18T08:53:08.151+0000] {logging_mixin.py:188} INFO - [2024-11-18T08:53:08.151+0000] {dagbag.py:545} INFO - Filling up the DagBag from /home/airflow/.local/lib/python3.12/site-packages/airflow/example_dags/example_branch_operator.py
[2024-11-18T08:53:08.166+0000] {processor.py:840} INFO - DAG(s) 'example_branch_operator' retrieved from /home/airflow/.local/lib/python3.12/site-packages/airflow/example_dags/example_branch_operator.py
[2024-11-18T08:53:08.193+0000] {logging_mixin.py:188} INFO - [2024-11-18T08:53:08.193+0000] {dag.py:3096} INFO - Sync 1 DAGs
[2024-11-18T08:53:08.216+0000] {logging_mixin.py:188} INFO - [2024-11-18T08:53:08.215+0000] {dag.py:3954} INFO - Setting next_dagrun for example_branch_operator to 2024-11-17 00:00:00+00:00, run_after=2024-11-18 00:00:00+00:00
[2024-11-18T08:53:08.237+0000] {processor.py:183} INFO - Processing /home/airflow/.local/lib/python3.12/site-packages/airflow/example_dags/example_branch_operator.py took 0.095 seconds
