[2024-11-18T08:34:56.884+0000] {processor.py:161} INFO - Started process (PID=297) to work on /home/airflow/.local/lib/python3.12/site-packages/airflow/example_dags/example_nested_branch_dag.py
[2024-11-18T08:34:56.886+0000] {processor.py:830} INFO - Processing file /home/airflow/.local/lib/python3.12/site-packages/airflow/example_dags/example_nested_branch_dag.py for tasks to queue
[2024-11-18T08:34:56.890+0000] {logging_mixin.py:188} INFO - [2024-11-18T08:34:56.889+0000] {dagbag.py:545} INFO - Filling up the DagBag from /home/airflow/.local/lib/python3.12/site-packages/airflow/example_dags/example_nested_branch_dag.py
[2024-11-18T08:34:56.910+0000] {processor.py:840} INFO - DAG(s) 'example_nested_branch_dag' retrieved from /home/airflow/.local/lib/python3.12/site-packages/airflow/example_dags/example_nested_branch_dag.py
[2024-11-18T08:34:56.927+0000] {logging_mixin.py:188} INFO - [2024-11-18T08:34:56.927+0000] {dag.py:3096} INFO - Sync 1 DAGs
[2024-11-18T08:34:56.947+0000] {logging_mixin.py:188} INFO - [2024-11-18T08:34:56.946+0000] {dag.py:3118} INFO - Creating ORM DAG for example_nested_branch_dag
[2024-11-18T08:34:56.964+0000] {logging_mixin.py:188} INFO - [2024-11-18T08:34:56.964+0000] {dag.py:3954} INFO - Setting next_dagrun for example_nested_branch_dag to 2024-11-17 00:00:00+00:00, run_after=2024-11-18 00:00:00+00:00
[2024-11-18T08:34:56.991+0000] {processor.py:183} INFO - Processing /home/airflow/.local/lib/python3.12/site-packages/airflow/example_dags/example_nested_branch_dag.py took 0.116 seconds
[2024-11-18T08:35:27.381+0000] {processor.py:161} INFO - Started process (PID=557) to work on /home/airflow/.local/lib/python3.12/site-packages/airflow/example_dags/example_nested_branch_dag.py
[2024-11-18T08:35:27.383+0000] {processor.py:830} INFO - Processing file /home/airflow/.local/lib/python3.12/site-packages/airflow/example_dags/example_nested_branch_dag.py for tasks to queue
[2024-11-18T08:35:27.385+0000] {logging_mixin.py:188} INFO - [2024-11-18T08:35:27.385+0000] {dagbag.py:545} INFO - Filling up the DagBag from /home/airflow/.local/lib/python3.12/site-packages/airflow/example_dags/example_nested_branch_dag.py
[2024-11-18T08:35:27.399+0000] {processor.py:840} INFO - DAG(s) 'example_nested_branch_dag' retrieved from /home/airflow/.local/lib/python3.12/site-packages/airflow/example_dags/example_nested_branch_dag.py
[2024-11-18T08:35:27.497+0000] {logging_mixin.py:188} INFO - [2024-11-18T08:35:27.497+0000] {dag.py:3096} INFO - Sync 1 DAGs
[2024-11-18T08:35:27.517+0000] {logging_mixin.py:188} INFO - [2024-11-18T08:35:27.517+0000] {dag.py:3954} INFO - Setting next_dagrun for example_nested_branch_dag to 2024-11-17 00:00:00+00:00, run_after=2024-11-18 00:00:00+00:00
[2024-11-18T08:35:27.537+0000] {processor.py:183} INFO - Processing /home/airflow/.local/lib/python3.12/site-packages/airflow/example_dags/example_nested_branch_dag.py took 0.162 seconds
[2024-11-18T08:35:58.322+0000] {processor.py:161} INFO - Started process (PID=819) to work on /home/airflow/.local/lib/python3.12/site-packages/airflow/example_dags/example_nested_branch_dag.py
[2024-11-18T08:35:58.323+0000] {processor.py:830} INFO - Processing file /home/airflow/.local/lib/python3.12/site-packages/airflow/example_dags/example_nested_branch_dag.py for tasks to queue
[2024-11-18T08:35:58.325+0000] {logging_mixin.py:188} INFO - [2024-11-18T08:35:58.324+0000] {dagbag.py:545} INFO - Filling up the DagBag from /home/airflow/.local/lib/python3.12/site-packages/airflow/example_dags/example_nested_branch_dag.py
[2024-11-18T08:35:58.334+0000] {processor.py:840} INFO - DAG(s) 'example_nested_branch_dag' retrieved from /home/airflow/.local/lib/python3.12/site-packages/airflow/example_dags/example_nested_branch_dag.py
[2024-11-18T08:35:58.355+0000] {logging_mixin.py:188} INFO - [2024-11-18T08:35:58.355+0000] {dag.py:3096} INFO - Sync 1 DAGs
[2024-11-18T08:35:58.378+0000] {logging_mixin.py:188} INFO - [2024-11-18T08:35:58.378+0000] {dag.py:3954} INFO - Setting next_dagrun for example_nested_branch_dag to 2024-11-17 00:00:00+00:00, run_after=2024-11-18 00:00:00+00:00
[2024-11-18T08:35:58.397+0000] {processor.py:183} INFO - Processing /home/airflow/.local/lib/python3.12/site-packages/airflow/example_dags/example_nested_branch_dag.py took 0.081 seconds
[2024-11-18T08:36:28.891+0000] {processor.py:161} INFO - Started process (PID=1083) to work on /home/airflow/.local/lib/python3.12/site-packages/airflow/example_dags/example_nested_branch_dag.py
[2024-11-18T08:36:28.892+0000] {processor.py:830} INFO - Processing file /home/airflow/.local/lib/python3.12/site-packages/airflow/example_dags/example_nested_branch_dag.py for tasks to queue
[2024-11-18T08:36:28.894+0000] {logging_mixin.py:188} INFO - [2024-11-18T08:36:28.893+0000] {dagbag.py:545} INFO - Filling up the DagBag from /home/airflow/.local/lib/python3.12/site-packages/airflow/example_dags/example_nested_branch_dag.py
[2024-11-18T08:36:28.902+0000] {processor.py:840} INFO - DAG(s) 'example_nested_branch_dag' retrieved from /home/airflow/.local/lib/python3.12/site-packages/airflow/example_dags/example_nested_branch_dag.py
[2024-11-18T08:36:28.924+0000] {logging_mixin.py:188} INFO - [2024-11-18T08:36:28.924+0000] {dag.py:3096} INFO - Sync 1 DAGs
[2024-11-18T08:36:28.946+0000] {logging_mixin.py:188} INFO - [2024-11-18T08:36:28.946+0000] {dag.py:3954} INFO - Setting next_dagrun for example_nested_branch_dag to 2024-11-17 00:00:00+00:00, run_after=2024-11-18 00:00:00+00:00
[2024-11-18T08:36:28.986+0000] {processor.py:183} INFO - Processing /home/airflow/.local/lib/python3.12/site-packages/airflow/example_dags/example_nested_branch_dag.py took 0.100 seconds
[2024-11-18T08:36:59.166+0000] {processor.py:161} INFO - Started process (PID=1343) to work on /home/airflow/.local/lib/python3.12/site-packages/airflow/example_dags/example_nested_branch_dag.py
[2024-11-18T08:36:59.167+0000] {processor.py:830} INFO - Processing file /home/airflow/.local/lib/python3.12/site-packages/airflow/example_dags/example_nested_branch_dag.py for tasks to queue
[2024-11-18T08:36:59.169+0000] {logging_mixin.py:188} INFO - [2024-11-18T08:36:59.169+0000] {dagbag.py:545} INFO - Filling up the DagBag from /home/airflow/.local/lib/python3.12/site-packages/airflow/example_dags/example_nested_branch_dag.py
[2024-11-18T08:36:59.179+0000] {processor.py:840} INFO - DAG(s) 'example_nested_branch_dag' retrieved from /home/airflow/.local/lib/python3.12/site-packages/airflow/example_dags/example_nested_branch_dag.py
[2024-11-18T08:36:59.200+0000] {logging_mixin.py:188} INFO - [2024-11-18T08:36:59.199+0000] {dag.py:3096} INFO - Sync 1 DAGs
[2024-11-18T08:36:59.220+0000] {logging_mixin.py:188} INFO - [2024-11-18T08:36:59.219+0000] {dag.py:3954} INFO - Setting next_dagrun for example_nested_branch_dag to 2024-11-17 00:00:00+00:00, run_after=2024-11-18 00:00:00+00:00
[2024-11-18T08:36:59.241+0000] {processor.py:183} INFO - Processing /home/airflow/.local/lib/python3.12/site-packages/airflow/example_dags/example_nested_branch_dag.py took 0.080 seconds
[2024-11-18T08:37:29.486+0000] {processor.py:161} INFO - Started process (PID=1605) to work on /home/airflow/.local/lib/python3.12/site-packages/airflow/example_dags/example_nested_branch_dag.py
[2024-11-18T08:37:29.488+0000] {processor.py:830} INFO - Processing file /home/airflow/.local/lib/python3.12/site-packages/airflow/example_dags/example_nested_branch_dag.py for tasks to queue
[2024-11-18T08:37:29.490+0000] {logging_mixin.py:188} INFO - [2024-11-18T08:37:29.490+0000] {dagbag.py:545} INFO - Filling up the DagBag from /home/airflow/.local/lib/python3.12/site-packages/airflow/example_dags/example_nested_branch_dag.py
[2024-11-18T08:37:29.508+0000] {processor.py:840} INFO - DAG(s) 'example_nested_branch_dag' retrieved from /home/airflow/.local/lib/python3.12/site-packages/airflow/example_dags/example_nested_branch_dag.py
[2024-11-18T08:37:29.553+0000] {logging_mixin.py:188} INFO - [2024-11-18T08:37:29.552+0000] {dag.py:3096} INFO - Sync 1 DAGs
[2024-11-18T08:37:29.618+0000] {logging_mixin.py:188} INFO - [2024-11-18T08:37:29.617+0000] {dag.py:3954} INFO - Setting next_dagrun for example_nested_branch_dag to 2024-11-17 00:00:00+00:00, run_after=2024-11-18 00:00:00+00:00
[2024-11-18T08:37:29.661+0000] {processor.py:183} INFO - Processing /home/airflow/.local/lib/python3.12/site-packages/airflow/example_dags/example_nested_branch_dag.py took 0.189 seconds
[2024-11-18T08:38:00.430+0000] {processor.py:161} INFO - Started process (PID=1867) to work on /home/airflow/.local/lib/python3.12/site-packages/airflow/example_dags/example_nested_branch_dag.py
[2024-11-18T08:38:00.431+0000] {processor.py:830} INFO - Processing file /home/airflow/.local/lib/python3.12/site-packages/airflow/example_dags/example_nested_branch_dag.py for tasks to queue
[2024-11-18T08:38:00.433+0000] {logging_mixin.py:188} INFO - [2024-11-18T08:38:00.432+0000] {dagbag.py:545} INFO - Filling up the DagBag from /home/airflow/.local/lib/python3.12/site-packages/airflow/example_dags/example_nested_branch_dag.py
[2024-11-18T08:38:00.441+0000] {processor.py:840} INFO - DAG(s) 'example_nested_branch_dag' retrieved from /home/airflow/.local/lib/python3.12/site-packages/airflow/example_dags/example_nested_branch_dag.py
[2024-11-18T08:38:00.466+0000] {logging_mixin.py:188} INFO - [2024-11-18T08:38:00.465+0000] {dag.py:3096} INFO - Sync 1 DAGs
[2024-11-18T08:38:00.491+0000] {logging_mixin.py:188} INFO - [2024-11-18T08:38:00.491+0000] {dag.py:3954} INFO - Setting next_dagrun for example_nested_branch_dag to 2024-11-17 00:00:00+00:00, run_after=2024-11-18 00:00:00+00:00
[2024-11-18T08:38:00.511+0000] {processor.py:183} INFO - Processing /home/airflow/.local/lib/python3.12/site-packages/airflow/example_dags/example_nested_branch_dag.py took 0.087 seconds
[2024-11-18T08:38:31.103+0000] {processor.py:161} INFO - Started process (PID=2129) to work on /home/airflow/.local/lib/python3.12/site-packages/airflow/example_dags/example_nested_branch_dag.py
[2024-11-18T08:38:31.104+0000] {processor.py:830} INFO - Processing file /home/airflow/.local/lib/python3.12/site-packages/airflow/example_dags/example_nested_branch_dag.py for tasks to queue
[2024-11-18T08:38:31.106+0000] {logging_mixin.py:188} INFO - [2024-11-18T08:38:31.106+0000] {dagbag.py:545} INFO - Filling up the DagBag from /home/airflow/.local/lib/python3.12/site-packages/airflow/example_dags/example_nested_branch_dag.py
[2024-11-18T08:38:31.116+0000] {processor.py:840} INFO - DAG(s) 'example_nested_branch_dag' retrieved from /home/airflow/.local/lib/python3.12/site-packages/airflow/example_dags/example_nested_branch_dag.py
[2024-11-18T08:38:31.140+0000] {logging_mixin.py:188} INFO - [2024-11-18T08:38:31.139+0000] {dag.py:3096} INFO - Sync 1 DAGs
[2024-11-18T08:38:31.164+0000] {logging_mixin.py:188} INFO - [2024-11-18T08:38:31.164+0000] {dag.py:3954} INFO - Setting next_dagrun for example_nested_branch_dag to 2024-11-17 00:00:00+00:00, run_after=2024-11-18 00:00:00+00:00
[2024-11-18T08:38:31.182+0000] {processor.py:183} INFO - Processing /home/airflow/.local/lib/python3.12/site-packages/airflow/example_dags/example_nested_branch_dag.py took 0.084 seconds
[2024-11-18T08:39:01.349+0000] {processor.py:161} INFO - Started process (PID=2391) to work on /home/airflow/.local/lib/python3.12/site-packages/airflow/example_dags/example_nested_branch_dag.py
[2024-11-18T08:39:01.350+0000] {processor.py:830} INFO - Processing file /home/airflow/.local/lib/python3.12/site-packages/airflow/example_dags/example_nested_branch_dag.py for tasks to queue
[2024-11-18T08:39:01.351+0000] {logging_mixin.py:188} INFO - [2024-11-18T08:39:01.351+0000] {dagbag.py:545} INFO - Filling up the DagBag from /home/airflow/.local/lib/python3.12/site-packages/airflow/example_dags/example_nested_branch_dag.py
[2024-11-18T08:39:01.360+0000] {processor.py:840} INFO - DAG(s) 'example_nested_branch_dag' retrieved from /home/airflow/.local/lib/python3.12/site-packages/airflow/example_dags/example_nested_branch_dag.py
[2024-11-18T08:39:01.381+0000] {logging_mixin.py:188} INFO - [2024-11-18T08:39:01.381+0000] {dag.py:3096} INFO - Sync 1 DAGs
[2024-11-18T08:39:01.402+0000] {logging_mixin.py:188} INFO - [2024-11-18T08:39:01.401+0000] {dag.py:3954} INFO - Setting next_dagrun for example_nested_branch_dag to 2024-11-17 00:00:00+00:00, run_after=2024-11-18 00:00:00+00:00
[2024-11-18T08:39:01.423+0000] {processor.py:183} INFO - Processing /home/airflow/.local/lib/python3.12/site-packages/airflow/example_dags/example_nested_branch_dag.py took 0.080 seconds
[2024-11-18T08:39:31.679+0000] {processor.py:161} INFO - Started process (PID=2653) to work on /home/airflow/.local/lib/python3.12/site-packages/airflow/example_dags/example_nested_branch_dag.py
[2024-11-18T08:39:31.680+0000] {processor.py:830} INFO - Processing file /home/airflow/.local/lib/python3.12/site-packages/airflow/example_dags/example_nested_branch_dag.py for tasks to queue
[2024-11-18T08:39:31.682+0000] {logging_mixin.py:188} INFO - [2024-11-18T08:39:31.682+0000] {dagbag.py:545} INFO - Filling up the DagBag from /home/airflow/.local/lib/python3.12/site-packages/airflow/example_dags/example_nested_branch_dag.py
[2024-11-18T08:39:31.691+0000] {processor.py:840} INFO - DAG(s) 'example_nested_branch_dag' retrieved from /home/airflow/.local/lib/python3.12/site-packages/airflow/example_dags/example_nested_branch_dag.py
[2024-11-18T08:39:31.712+0000] {logging_mixin.py:188} INFO - [2024-11-18T08:39:31.712+0000] {dag.py:3096} INFO - Sync 1 DAGs
[2024-11-18T08:39:31.732+0000] {logging_mixin.py:188} INFO - [2024-11-18T08:39:31.732+0000] {dag.py:3954} INFO - Setting next_dagrun for example_nested_branch_dag to 2024-11-17 00:00:00+00:00, run_after=2024-11-18 00:00:00+00:00
[2024-11-18T08:39:31.752+0000] {processor.py:183} INFO - Processing /home/airflow/.local/lib/python3.12/site-packages/airflow/example_dags/example_nested_branch_dag.py took 0.079 seconds
[2024-11-18T08:40:02.080+0000] {processor.py:161} INFO - Started process (PID=2915) to work on /home/airflow/.local/lib/python3.12/site-packages/airflow/example_dags/example_nested_branch_dag.py
[2024-11-18T08:40:02.081+0000] {processor.py:830} INFO - Processing file /home/airflow/.local/lib/python3.12/site-packages/airflow/example_dags/example_nested_branch_dag.py for tasks to queue
[2024-11-18T08:40:02.083+0000] {logging_mixin.py:188} INFO - [2024-11-18T08:40:02.083+0000] {dagbag.py:545} INFO - Filling up the DagBag from /home/airflow/.local/lib/python3.12/site-packages/airflow/example_dags/example_nested_branch_dag.py
[2024-11-18T08:40:02.092+0000] {processor.py:840} INFO - DAG(s) 'example_nested_branch_dag' retrieved from /home/airflow/.local/lib/python3.12/site-packages/airflow/example_dags/example_nested_branch_dag.py
[2024-11-18T08:40:02.113+0000] {logging_mixin.py:188} INFO - [2024-11-18T08:40:02.113+0000] {dag.py:3096} INFO - Sync 1 DAGs
[2024-11-18T08:40:02.136+0000] {logging_mixin.py:188} INFO - [2024-11-18T08:40:02.136+0000] {dag.py:3954} INFO - Setting next_dagrun for example_nested_branch_dag to 2024-11-17 00:00:00+00:00, run_after=2024-11-18 00:00:00+00:00
[2024-11-18T08:40:02.158+0000] {processor.py:183} INFO - Processing /home/airflow/.local/lib/python3.12/site-packages/airflow/example_dags/example_nested_branch_dag.py took 0.083 seconds
[2024-11-18T08:40:32.537+0000] {processor.py:161} INFO - Started process (PID=3177) to work on /home/airflow/.local/lib/python3.12/site-packages/airflow/example_dags/example_nested_branch_dag.py
[2024-11-18T08:40:32.539+0000] {processor.py:830} INFO - Processing file /home/airflow/.local/lib/python3.12/site-packages/airflow/example_dags/example_nested_branch_dag.py for tasks to queue
[2024-11-18T08:40:32.541+0000] {logging_mixin.py:188} INFO - [2024-11-18T08:40:32.540+0000] {dagbag.py:545} INFO - Filling up the DagBag from /home/airflow/.local/lib/python3.12/site-packages/airflow/example_dags/example_nested_branch_dag.py
[2024-11-18T08:40:32.549+0000] {processor.py:840} INFO - DAG(s) 'example_nested_branch_dag' retrieved from /home/airflow/.local/lib/python3.12/site-packages/airflow/example_dags/example_nested_branch_dag.py
[2024-11-18T08:40:32.569+0000] {logging_mixin.py:188} INFO - [2024-11-18T08:40:32.569+0000] {dag.py:3096} INFO - Sync 1 DAGs
[2024-11-18T08:40:32.591+0000] {logging_mixin.py:188} INFO - [2024-11-18T08:40:32.591+0000] {dag.py:3954} INFO - Setting next_dagrun for example_nested_branch_dag to 2024-11-17 00:00:00+00:00, run_after=2024-11-18 00:00:00+00:00
[2024-11-18T08:40:32.612+0000] {processor.py:183} INFO - Processing /home/airflow/.local/lib/python3.12/site-packages/airflow/example_dags/example_nested_branch_dag.py took 0.080 seconds
[2024-11-18T08:41:02.839+0000] {processor.py:161} INFO - Started process (PID=3441) to work on /home/airflow/.local/lib/python3.12/site-packages/airflow/example_dags/example_nested_branch_dag.py
[2024-11-18T08:41:02.840+0000] {processor.py:830} INFO - Processing file /home/airflow/.local/lib/python3.12/site-packages/airflow/example_dags/example_nested_branch_dag.py for tasks to queue
[2024-11-18T08:41:02.842+0000] {logging_mixin.py:188} INFO - [2024-11-18T08:41:02.842+0000] {dagbag.py:545} INFO - Filling up the DagBag from /home/airflow/.local/lib/python3.12/site-packages/airflow/example_dags/example_nested_branch_dag.py
[2024-11-18T08:41:02.850+0000] {processor.py:840} INFO - DAG(s) 'example_nested_branch_dag' retrieved from /home/airflow/.local/lib/python3.12/site-packages/airflow/example_dags/example_nested_branch_dag.py
[2024-11-18T08:41:02.870+0000] {logging_mixin.py:188} INFO - [2024-11-18T08:41:02.870+0000] {dag.py:3096} INFO - Sync 1 DAGs
[2024-11-18T08:41:02.890+0000] {logging_mixin.py:188} INFO - [2024-11-18T08:41:02.889+0000] {dag.py:3954} INFO - Setting next_dagrun for example_nested_branch_dag to 2024-11-17 00:00:00+00:00, run_after=2024-11-18 00:00:00+00:00
[2024-11-18T08:41:02.909+0000] {processor.py:183} INFO - Processing /home/airflow/.local/lib/python3.12/site-packages/airflow/example_dags/example_nested_branch_dag.py took 0.075 seconds
[2024-11-18T08:41:33.022+0000] {processor.py:161} INFO - Started process (PID=3701) to work on /home/airflow/.local/lib/python3.12/site-packages/airflow/example_dags/example_nested_branch_dag.py
[2024-11-18T08:41:33.024+0000] {processor.py:830} INFO - Processing file /home/airflow/.local/lib/python3.12/site-packages/airflow/example_dags/example_nested_branch_dag.py for tasks to queue
[2024-11-18T08:41:33.028+0000] {logging_mixin.py:188} INFO - [2024-11-18T08:41:33.027+0000] {dagbag.py:545} INFO - Filling up the DagBag from /home/airflow/.local/lib/python3.12/site-packages/airflow/example_dags/example_nested_branch_dag.py
[2024-11-18T08:41:33.048+0000] {processor.py:840} INFO - DAG(s) 'example_nested_branch_dag' retrieved from /home/airflow/.local/lib/python3.12/site-packages/airflow/example_dags/example_nested_branch_dag.py
[2024-11-18T08:41:33.076+0000] {logging_mixin.py:188} INFO - [2024-11-18T08:41:33.075+0000] {dag.py:3096} INFO - Sync 1 DAGs
[2024-11-18T08:41:33.124+0000] {logging_mixin.py:188} INFO - [2024-11-18T08:41:33.123+0000] {dag.py:3954} INFO - Setting next_dagrun for example_nested_branch_dag to 2024-11-17 00:00:00+00:00, run_after=2024-11-18 00:00:00+00:00
[2024-11-18T08:41:33.167+0000] {processor.py:183} INFO - Processing /home/airflow/.local/lib/python3.12/site-packages/airflow/example_dags/example_nested_branch_dag.py took 0.154 seconds
[2024-11-18T08:42:03.807+0000] {processor.py:161} INFO - Started process (PID=3963) to work on /home/airflow/.local/lib/python3.12/site-packages/airflow/example_dags/example_nested_branch_dag.py
[2024-11-18T08:42:03.808+0000] {processor.py:830} INFO - Processing file /home/airflow/.local/lib/python3.12/site-packages/airflow/example_dags/example_nested_branch_dag.py for tasks to queue
[2024-11-18T08:42:03.810+0000] {logging_mixin.py:188} INFO - [2024-11-18T08:42:03.810+0000] {dagbag.py:545} INFO - Filling up the DagBag from /home/airflow/.local/lib/python3.12/site-packages/airflow/example_dags/example_nested_branch_dag.py
[2024-11-18T08:42:03.820+0000] {processor.py:840} INFO - DAG(s) 'example_nested_branch_dag' retrieved from /home/airflow/.local/lib/python3.12/site-packages/airflow/example_dags/example_nested_branch_dag.py
[2024-11-18T08:42:03.843+0000] {logging_mixin.py:188} INFO - [2024-11-18T08:42:03.843+0000] {dag.py:3096} INFO - Sync 1 DAGs
[2024-11-18T08:42:03.867+0000] {logging_mixin.py:188} INFO - [2024-11-18T08:42:03.867+0000] {dag.py:3954} INFO - Setting next_dagrun for example_nested_branch_dag to 2024-11-17 00:00:00+00:00, run_after=2024-11-18 00:00:00+00:00
[2024-11-18T08:42:03.887+0000] {processor.py:183} INFO - Processing /home/airflow/.local/lib/python3.12/site-packages/airflow/example_dags/example_nested_branch_dag.py took 0.086 seconds
[2024-11-18T08:42:34.566+0000] {processor.py:161} INFO - Started process (PID=4225) to work on /home/airflow/.local/lib/python3.12/site-packages/airflow/example_dags/example_nested_branch_dag.py
[2024-11-18T08:42:34.569+0000] {processor.py:830} INFO - Processing file /home/airflow/.local/lib/python3.12/site-packages/airflow/example_dags/example_nested_branch_dag.py for tasks to queue
[2024-11-18T08:42:34.578+0000] {logging_mixin.py:188} INFO - [2024-11-18T08:42:34.577+0000] {dagbag.py:545} INFO - Filling up the DagBag from /home/airflow/.local/lib/python3.12/site-packages/airflow/example_dags/example_nested_branch_dag.py
[2024-11-18T08:42:34.602+0000] {processor.py:840} INFO - DAG(s) 'example_nested_branch_dag' retrieved from /home/airflow/.local/lib/python3.12/site-packages/airflow/example_dags/example_nested_branch_dag.py
[2024-11-18T08:42:34.647+0000] {logging_mixin.py:188} INFO - [2024-11-18T08:42:34.646+0000] {dag.py:3096} INFO - Sync 1 DAGs
[2024-11-18T08:42:34.697+0000] {logging_mixin.py:188} INFO - [2024-11-18T08:42:34.697+0000] {dag.py:3954} INFO - Setting next_dagrun for example_nested_branch_dag to 2024-11-17 00:00:00+00:00, run_after=2024-11-18 00:00:00+00:00
[2024-11-18T08:42:34.732+0000] {processor.py:183} INFO - Processing /home/airflow/.local/lib/python3.12/site-packages/airflow/example_dags/example_nested_branch_dag.py took 0.186 seconds
[2024-11-18T08:43:04.853+0000] {processor.py:161} INFO - Started process (PID=4489) to work on /home/airflow/.local/lib/python3.12/site-packages/airflow/example_dags/example_nested_branch_dag.py
[2024-11-18T08:43:04.854+0000] {processor.py:830} INFO - Processing file /home/airflow/.local/lib/python3.12/site-packages/airflow/example_dags/example_nested_branch_dag.py for tasks to queue
[2024-11-18T08:43:04.856+0000] {logging_mixin.py:188} INFO - [2024-11-18T08:43:04.856+0000] {dagbag.py:545} INFO - Filling up the DagBag from /home/airflow/.local/lib/python3.12/site-packages/airflow/example_dags/example_nested_branch_dag.py
[2024-11-18T08:43:04.870+0000] {processor.py:840} INFO - DAG(s) 'example_nested_branch_dag' retrieved from /home/airflow/.local/lib/python3.12/site-packages/airflow/example_dags/example_nested_branch_dag.py
[2024-11-18T08:43:04.901+0000] {logging_mixin.py:188} INFO - [2024-11-18T08:43:04.901+0000] {dag.py:3096} INFO - Sync 1 DAGs
[2024-11-18T08:43:04.933+0000] {logging_mixin.py:188} INFO - [2024-11-18T08:43:04.933+0000] {dag.py:3954} INFO - Setting next_dagrun for example_nested_branch_dag to 2024-11-17 00:00:00+00:00, run_after=2024-11-18 00:00:00+00:00
[2024-11-18T08:43:04.974+0000] {processor.py:183} INFO - Processing /home/airflow/.local/lib/python3.12/site-packages/airflow/example_dags/example_nested_branch_dag.py took 0.130 seconds
[2024-11-18T08:43:35.554+0000] {processor.py:161} INFO - Started process (PID=4749) to work on /home/airflow/.local/lib/python3.12/site-packages/airflow/example_dags/example_nested_branch_dag.py
[2024-11-18T08:43:35.555+0000] {processor.py:830} INFO - Processing file /home/airflow/.local/lib/python3.12/site-packages/airflow/example_dags/example_nested_branch_dag.py for tasks to queue
[2024-11-18T08:43:35.557+0000] {logging_mixin.py:188} INFO - [2024-11-18T08:43:35.557+0000] {dagbag.py:545} INFO - Filling up the DagBag from /home/airflow/.local/lib/python3.12/site-packages/airflow/example_dags/example_nested_branch_dag.py
[2024-11-18T08:43:35.566+0000] {processor.py:840} INFO - DAG(s) 'example_nested_branch_dag' retrieved from /home/airflow/.local/lib/python3.12/site-packages/airflow/example_dags/example_nested_branch_dag.py
[2024-11-18T08:43:35.587+0000] {logging_mixin.py:188} INFO - [2024-11-18T08:43:35.587+0000] {dag.py:3096} INFO - Sync 1 DAGs
[2024-11-18T08:43:35.606+0000] {logging_mixin.py:188} INFO - [2024-11-18T08:43:35.606+0000] {dag.py:3954} INFO - Setting next_dagrun for example_nested_branch_dag to 2024-11-17 00:00:00+00:00, run_after=2024-11-18 00:00:00+00:00
[2024-11-18T08:43:35.628+0000] {processor.py:183} INFO - Processing /home/airflow/.local/lib/python3.12/site-packages/airflow/example_dags/example_nested_branch_dag.py took 0.080 seconds
[2024-11-18T08:44:05.699+0000] {processor.py:161} INFO - Started process (PID=5011) to work on /home/airflow/.local/lib/python3.12/site-packages/airflow/example_dags/example_nested_branch_dag.py
[2024-11-18T08:44:05.700+0000] {processor.py:830} INFO - Processing file /home/airflow/.local/lib/python3.12/site-packages/airflow/example_dags/example_nested_branch_dag.py for tasks to queue
[2024-11-18T08:44:05.702+0000] {logging_mixin.py:188} INFO - [2024-11-18T08:44:05.702+0000] {dagbag.py:545} INFO - Filling up the DagBag from /home/airflow/.local/lib/python3.12/site-packages/airflow/example_dags/example_nested_branch_dag.py
[2024-11-18T08:44:05.712+0000] {processor.py:840} INFO - DAG(s) 'example_nested_branch_dag' retrieved from /home/airflow/.local/lib/python3.12/site-packages/airflow/example_dags/example_nested_branch_dag.py
[2024-11-18T08:44:05.733+0000] {logging_mixin.py:188} INFO - [2024-11-18T08:44:05.733+0000] {dag.py:3096} INFO - Sync 1 DAGs
[2024-11-18T08:44:05.753+0000] {logging_mixin.py:188} INFO - [2024-11-18T08:44:05.753+0000] {dag.py:3954} INFO - Setting next_dagrun for example_nested_branch_dag to 2024-11-17 00:00:00+00:00, run_after=2024-11-18 00:00:00+00:00
[2024-11-18T08:44:05.775+0000] {processor.py:183} INFO - Processing /home/airflow/.local/lib/python3.12/site-packages/airflow/example_dags/example_nested_branch_dag.py took 0.083 seconds
[2024-11-18T08:44:35.978+0000] {processor.py:161} INFO - Started process (PID=5273) to work on /home/airflow/.local/lib/python3.12/site-packages/airflow/example_dags/example_nested_branch_dag.py
[2024-11-18T08:44:35.980+0000] {processor.py:830} INFO - Processing file /home/airflow/.local/lib/python3.12/site-packages/airflow/example_dags/example_nested_branch_dag.py for tasks to queue
[2024-11-18T08:44:35.982+0000] {logging_mixin.py:188} INFO - [2024-11-18T08:44:35.981+0000] {dagbag.py:545} INFO - Filling up the DagBag from /home/airflow/.local/lib/python3.12/site-packages/airflow/example_dags/example_nested_branch_dag.py
[2024-11-18T08:44:35.991+0000] {processor.py:840} INFO - DAG(s) 'example_nested_branch_dag' retrieved from /home/airflow/.local/lib/python3.12/site-packages/airflow/example_dags/example_nested_branch_dag.py
[2024-11-18T08:44:36.012+0000] {logging_mixin.py:188} INFO - [2024-11-18T08:44:36.012+0000] {dag.py:3096} INFO - Sync 1 DAGs
[2024-11-18T08:44:36.035+0000] {logging_mixin.py:188} INFO - [2024-11-18T08:44:36.035+0000] {dag.py:3954} INFO - Setting next_dagrun for example_nested_branch_dag to 2024-11-17 00:00:00+00:00, run_after=2024-11-18 00:00:00+00:00
[2024-11-18T08:44:36.055+0000] {processor.py:183} INFO - Processing /home/airflow/.local/lib/python3.12/site-packages/airflow/example_dags/example_nested_branch_dag.py took 0.083 seconds
[2024-11-18T08:45:06.422+0000] {processor.py:161} INFO - Started process (PID=5535) to work on /home/airflow/.local/lib/python3.12/site-packages/airflow/example_dags/example_nested_branch_dag.py
[2024-11-18T08:45:06.423+0000] {processor.py:830} INFO - Processing file /home/airflow/.local/lib/python3.12/site-packages/airflow/example_dags/example_nested_branch_dag.py for tasks to queue
[2024-11-18T08:45:06.425+0000] {logging_mixin.py:188} INFO - [2024-11-18T08:45:06.425+0000] {dagbag.py:545} INFO - Filling up the DagBag from /home/airflow/.local/lib/python3.12/site-packages/airflow/example_dags/example_nested_branch_dag.py
[2024-11-18T08:45:06.435+0000] {processor.py:840} INFO - DAG(s) 'example_nested_branch_dag' retrieved from /home/airflow/.local/lib/python3.12/site-packages/airflow/example_dags/example_nested_branch_dag.py
[2024-11-18T08:45:06.458+0000] {logging_mixin.py:188} INFO - [2024-11-18T08:45:06.458+0000] {dag.py:3096} INFO - Sync 1 DAGs
[2024-11-18T08:45:06.483+0000] {logging_mixin.py:188} INFO - [2024-11-18T08:45:06.483+0000] {dag.py:3954} INFO - Setting next_dagrun for example_nested_branch_dag to 2024-11-17 00:00:00+00:00, run_after=2024-11-18 00:00:00+00:00
[2024-11-18T08:45:06.508+0000] {processor.py:183} INFO - Processing /home/airflow/.local/lib/python3.12/site-packages/airflow/example_dags/example_nested_branch_dag.py took 0.092 seconds
[2024-11-18T08:45:36.708+0000] {processor.py:161} INFO - Started process (PID=5797) to work on /home/airflow/.local/lib/python3.12/site-packages/airflow/example_dags/example_nested_branch_dag.py
[2024-11-18T08:45:36.709+0000] {processor.py:830} INFO - Processing file /home/airflow/.local/lib/python3.12/site-packages/airflow/example_dags/example_nested_branch_dag.py for tasks to queue
[2024-11-18T08:45:36.711+0000] {logging_mixin.py:188} INFO - [2024-11-18T08:45:36.710+0000] {dagbag.py:545} INFO - Filling up the DagBag from /home/airflow/.local/lib/python3.12/site-packages/airflow/example_dags/example_nested_branch_dag.py
[2024-11-18T08:45:36.723+0000] {processor.py:840} INFO - DAG(s) 'example_nested_branch_dag' retrieved from /home/airflow/.local/lib/python3.12/site-packages/airflow/example_dags/example_nested_branch_dag.py
[2024-11-18T08:45:36.742+0000] {logging_mixin.py:188} INFO - [2024-11-18T08:45:36.742+0000] {dag.py:3096} INFO - Sync 1 DAGs
[2024-11-18T08:45:36.762+0000] {logging_mixin.py:188} INFO - [2024-11-18T08:45:36.762+0000] {dag.py:3954} INFO - Setting next_dagrun for example_nested_branch_dag to 2024-11-17 00:00:00+00:00, run_after=2024-11-18 00:00:00+00:00
[2024-11-18T08:45:36.783+0000] {processor.py:183} INFO - Processing /home/airflow/.local/lib/python3.12/site-packages/airflow/example_dags/example_nested_branch_dag.py took 0.081 seconds
[2024-11-18T08:46:06.924+0000] {processor.py:161} INFO - Started process (PID=6061) to work on /home/airflow/.local/lib/python3.12/site-packages/airflow/example_dags/example_nested_branch_dag.py
[2024-11-18T08:46:06.925+0000] {processor.py:830} INFO - Processing file /home/airflow/.local/lib/python3.12/site-packages/airflow/example_dags/example_nested_branch_dag.py for tasks to queue
[2024-11-18T08:46:06.927+0000] {logging_mixin.py:188} INFO - [2024-11-18T08:46:06.927+0000] {dagbag.py:545} INFO - Filling up the DagBag from /home/airflow/.local/lib/python3.12/site-packages/airflow/example_dags/example_nested_branch_dag.py
[2024-11-18T08:46:06.936+0000] {processor.py:840} INFO - DAG(s) 'example_nested_branch_dag' retrieved from /home/airflow/.local/lib/python3.12/site-packages/airflow/example_dags/example_nested_branch_dag.py
[2024-11-18T08:46:06.956+0000] {logging_mixin.py:188} INFO - [2024-11-18T08:46:06.956+0000] {dag.py:3096} INFO - Sync 1 DAGs
[2024-11-18T08:46:06.975+0000] {logging_mixin.py:188} INFO - [2024-11-18T08:46:06.975+0000] {dag.py:3954} INFO - Setting next_dagrun for example_nested_branch_dag to 2024-11-17 00:00:00+00:00, run_after=2024-11-18 00:00:00+00:00
[2024-11-18T08:46:07.004+0000] {processor.py:183} INFO - Processing /home/airflow/.local/lib/python3.12/site-packages/airflow/example_dags/example_nested_branch_dag.py took 0.086 seconds
[2024-11-18T08:46:37.100+0000] {processor.py:161} INFO - Started process (PID=6321) to work on /home/airflow/.local/lib/python3.12/site-packages/airflow/example_dags/example_nested_branch_dag.py
[2024-11-18T08:46:37.101+0000] {processor.py:830} INFO - Processing file /home/airflow/.local/lib/python3.12/site-packages/airflow/example_dags/example_nested_branch_dag.py for tasks to queue
[2024-11-18T08:46:37.103+0000] {logging_mixin.py:188} INFO - [2024-11-18T08:46:37.103+0000] {dagbag.py:545} INFO - Filling up the DagBag from /home/airflow/.local/lib/python3.12/site-packages/airflow/example_dags/example_nested_branch_dag.py
[2024-11-18T08:46:37.112+0000] {processor.py:840} INFO - DAG(s) 'example_nested_branch_dag' retrieved from /home/airflow/.local/lib/python3.12/site-packages/airflow/example_dags/example_nested_branch_dag.py
[2024-11-18T08:46:37.132+0000] {logging_mixin.py:188} INFO - [2024-11-18T08:46:37.132+0000] {dag.py:3096} INFO - Sync 1 DAGs
[2024-11-18T08:46:37.151+0000] {logging_mixin.py:188} INFO - [2024-11-18T08:46:37.151+0000] {dag.py:3954} INFO - Setting next_dagrun for example_nested_branch_dag to 2024-11-17 00:00:00+00:00, run_after=2024-11-18 00:00:00+00:00
[2024-11-18T08:46:37.172+0000] {processor.py:183} INFO - Processing /home/airflow/.local/lib/python3.12/site-packages/airflow/example_dags/example_nested_branch_dag.py took 0.077 seconds
[2024-11-18T08:47:07.270+0000] {processor.py:161} INFO - Started process (PID=6583) to work on /home/airflow/.local/lib/python3.12/site-packages/airflow/example_dags/example_nested_branch_dag.py
[2024-11-18T08:47:07.271+0000] {processor.py:830} INFO - Processing file /home/airflow/.local/lib/python3.12/site-packages/airflow/example_dags/example_nested_branch_dag.py for tasks to queue
[2024-11-18T08:47:07.273+0000] {logging_mixin.py:188} INFO - [2024-11-18T08:47:07.272+0000] {dagbag.py:545} INFO - Filling up the DagBag from /home/airflow/.local/lib/python3.12/site-packages/airflow/example_dags/example_nested_branch_dag.py
[2024-11-18T08:47:07.282+0000] {processor.py:840} INFO - DAG(s) 'example_nested_branch_dag' retrieved from /home/airflow/.local/lib/python3.12/site-packages/airflow/example_dags/example_nested_branch_dag.py
[2024-11-18T08:47:07.303+0000] {logging_mixin.py:188} INFO - [2024-11-18T08:47:07.303+0000] {dag.py:3096} INFO - Sync 1 DAGs
[2024-11-18T08:47:07.331+0000] {logging_mixin.py:188} INFO - [2024-11-18T08:47:07.331+0000] {dag.py:3954} INFO - Setting next_dagrun for example_nested_branch_dag to 2024-11-17 00:00:00+00:00, run_after=2024-11-18 00:00:00+00:00
[2024-11-18T08:47:07.365+0000] {processor.py:183} INFO - Processing /home/airflow/.local/lib/python3.12/site-packages/airflow/example_dags/example_nested_branch_dag.py took 0.101 seconds
[2024-11-18T08:47:37.713+0000] {processor.py:161} INFO - Started process (PID=6845) to work on /home/airflow/.local/lib/python3.12/site-packages/airflow/example_dags/example_nested_branch_dag.py
[2024-11-18T08:47:37.714+0000] {processor.py:830} INFO - Processing file /home/airflow/.local/lib/python3.12/site-packages/airflow/example_dags/example_nested_branch_dag.py for tasks to queue
[2024-11-18T08:47:37.716+0000] {logging_mixin.py:188} INFO - [2024-11-18T08:47:37.716+0000] {dagbag.py:545} INFO - Filling up the DagBag from /home/airflow/.local/lib/python3.12/site-packages/airflow/example_dags/example_nested_branch_dag.py
[2024-11-18T08:47:37.725+0000] {processor.py:840} INFO - DAG(s) 'example_nested_branch_dag' retrieved from /home/airflow/.local/lib/python3.12/site-packages/airflow/example_dags/example_nested_branch_dag.py
[2024-11-18T08:47:37.747+0000] {logging_mixin.py:188} INFO - [2024-11-18T08:47:37.747+0000] {dag.py:3096} INFO - Sync 1 DAGs
[2024-11-18T08:47:37.768+0000] {logging_mixin.py:188} INFO - [2024-11-18T08:47:37.768+0000] {dag.py:3954} INFO - Setting next_dagrun for example_nested_branch_dag to 2024-11-17 00:00:00+00:00, run_after=2024-11-18 00:00:00+00:00
[2024-11-18T08:47:37.787+0000] {processor.py:183} INFO - Processing /home/airflow/.local/lib/python3.12/site-packages/airflow/example_dags/example_nested_branch_dag.py took 0.080 seconds
[2024-11-18T08:48:08.073+0000] {processor.py:161} INFO - Started process (PID=7107) to work on /home/airflow/.local/lib/python3.12/site-packages/airflow/example_dags/example_nested_branch_dag.py
[2024-11-18T08:48:08.074+0000] {processor.py:830} INFO - Processing file /home/airflow/.local/lib/python3.12/site-packages/airflow/example_dags/example_nested_branch_dag.py for tasks to queue
[2024-11-18T08:48:08.076+0000] {logging_mixin.py:188} INFO - [2024-11-18T08:48:08.075+0000] {dagbag.py:545} INFO - Filling up the DagBag from /home/airflow/.local/lib/python3.12/site-packages/airflow/example_dags/example_nested_branch_dag.py
[2024-11-18T08:48:08.084+0000] {processor.py:840} INFO - DAG(s) 'example_nested_branch_dag' retrieved from /home/airflow/.local/lib/python3.12/site-packages/airflow/example_dags/example_nested_branch_dag.py
[2024-11-18T08:48:08.105+0000] {logging_mixin.py:188} INFO - [2024-11-18T08:48:08.105+0000] {dag.py:3096} INFO - Sync 1 DAGs
[2024-11-18T08:48:08.128+0000] {logging_mixin.py:188} INFO - [2024-11-18T08:48:08.128+0000] {dag.py:3954} INFO - Setting next_dagrun for example_nested_branch_dag to 2024-11-17 00:00:00+00:00, run_after=2024-11-18 00:00:00+00:00
[2024-11-18T08:48:08.147+0000] {processor.py:183} INFO - Processing /home/airflow/.local/lib/python3.12/site-packages/airflow/example_dags/example_nested_branch_dag.py took 0.080 seconds
[2024-11-18T08:48:38.585+0000] {processor.py:161} INFO - Started process (PID=7369) to work on /home/airflow/.local/lib/python3.12/site-packages/airflow/example_dags/example_nested_branch_dag.py
[2024-11-18T08:48:38.586+0000] {processor.py:830} INFO - Processing file /home/airflow/.local/lib/python3.12/site-packages/airflow/example_dags/example_nested_branch_dag.py for tasks to queue
[2024-11-18T08:48:38.588+0000] {logging_mixin.py:188} INFO - [2024-11-18T08:48:38.587+0000] {dagbag.py:545} INFO - Filling up the DagBag from /home/airflow/.local/lib/python3.12/site-packages/airflow/example_dags/example_nested_branch_dag.py
[2024-11-18T08:48:38.597+0000] {processor.py:840} INFO - DAG(s) 'example_nested_branch_dag' retrieved from /home/airflow/.local/lib/python3.12/site-packages/airflow/example_dags/example_nested_branch_dag.py
[2024-11-18T08:48:38.619+0000] {logging_mixin.py:188} INFO - [2024-11-18T08:48:38.619+0000] {dag.py:3096} INFO - Sync 1 DAGs
[2024-11-18T08:48:38.643+0000] {logging_mixin.py:188} INFO - [2024-11-18T08:48:38.643+0000] {dag.py:3954} INFO - Setting next_dagrun for example_nested_branch_dag to 2024-11-17 00:00:00+00:00, run_after=2024-11-18 00:00:00+00:00
[2024-11-18T08:48:38.665+0000] {processor.py:183} INFO - Processing /home/airflow/.local/lib/python3.12/site-packages/airflow/example_dags/example_nested_branch_dag.py took 0.087 seconds
[2024-11-18T08:49:09.136+0000] {processor.py:161} INFO - Started process (PID=7631) to work on /home/airflow/.local/lib/python3.12/site-packages/airflow/example_dags/example_nested_branch_dag.py
[2024-11-18T08:49:09.137+0000] {processor.py:830} INFO - Processing file /home/airflow/.local/lib/python3.12/site-packages/airflow/example_dags/example_nested_branch_dag.py for tasks to queue
[2024-11-18T08:49:09.139+0000] {logging_mixin.py:188} INFO - [2024-11-18T08:49:09.139+0000] {dagbag.py:545} INFO - Filling up the DagBag from /home/airflow/.local/lib/python3.12/site-packages/airflow/example_dags/example_nested_branch_dag.py
[2024-11-18T08:49:09.148+0000] {processor.py:840} INFO - DAG(s) 'example_nested_branch_dag' retrieved from /home/airflow/.local/lib/python3.12/site-packages/airflow/example_dags/example_nested_branch_dag.py
[2024-11-18T08:49:09.168+0000] {logging_mixin.py:188} INFO - [2024-11-18T08:49:09.168+0000] {dag.py:3096} INFO - Sync 1 DAGs
[2024-11-18T08:49:09.192+0000] {logging_mixin.py:188} INFO - [2024-11-18T08:49:09.192+0000] {dag.py:3954} INFO - Setting next_dagrun for example_nested_branch_dag to 2024-11-17 00:00:00+00:00, run_after=2024-11-18 00:00:00+00:00
[2024-11-18T08:49:09.210+0000] {processor.py:183} INFO - Processing /home/airflow/.local/lib/python3.12/site-packages/airflow/example_dags/example_nested_branch_dag.py took 0.079 seconds
[2024-11-18T08:49:39.297+0000] {processor.py:161} INFO - Started process (PID=7893) to work on /home/airflow/.local/lib/python3.12/site-packages/airflow/example_dags/example_nested_branch_dag.py
[2024-11-18T08:49:39.298+0000] {processor.py:830} INFO - Processing file /home/airflow/.local/lib/python3.12/site-packages/airflow/example_dags/example_nested_branch_dag.py for tasks to queue
[2024-11-18T08:49:39.300+0000] {logging_mixin.py:188} INFO - [2024-11-18T08:49:39.300+0000] {dagbag.py:545} INFO - Filling up the DagBag from /home/airflow/.local/lib/python3.12/site-packages/airflow/example_dags/example_nested_branch_dag.py
[2024-11-18T08:49:39.309+0000] {processor.py:840} INFO - DAG(s) 'example_nested_branch_dag' retrieved from /home/airflow/.local/lib/python3.12/site-packages/airflow/example_dags/example_nested_branch_dag.py
[2024-11-18T08:49:39.331+0000] {logging_mixin.py:188} INFO - [2024-11-18T08:49:39.331+0000] {dag.py:3096} INFO - Sync 1 DAGs
[2024-11-18T08:49:39.353+0000] {logging_mixin.py:188} INFO - [2024-11-18T08:49:39.353+0000] {dag.py:3954} INFO - Setting next_dagrun for example_nested_branch_dag to 2024-11-17 00:00:00+00:00, run_after=2024-11-18 00:00:00+00:00
[2024-11-18T08:49:39.376+0000] {processor.py:183} INFO - Processing /home/airflow/.local/lib/python3.12/site-packages/airflow/example_dags/example_nested_branch_dag.py took 0.084 seconds
[2024-11-18T08:50:09.558+0000] {processor.py:161} INFO - Started process (PID=8155) to work on /home/airflow/.local/lib/python3.12/site-packages/airflow/example_dags/example_nested_branch_dag.py
[2024-11-18T08:50:09.559+0000] {processor.py:830} INFO - Processing file /home/airflow/.local/lib/python3.12/site-packages/airflow/example_dags/example_nested_branch_dag.py for tasks to queue
[2024-11-18T08:50:09.560+0000] {logging_mixin.py:188} INFO - [2024-11-18T08:50:09.560+0000] {dagbag.py:545} INFO - Filling up the DagBag from /home/airflow/.local/lib/python3.12/site-packages/airflow/example_dags/example_nested_branch_dag.py
[2024-11-18T08:50:09.570+0000] {processor.py:840} INFO - DAG(s) 'example_nested_branch_dag' retrieved from /home/airflow/.local/lib/python3.12/site-packages/airflow/example_dags/example_nested_branch_dag.py
[2024-11-18T08:50:09.590+0000] {logging_mixin.py:188} INFO - [2024-11-18T08:50:09.590+0000] {dag.py:3096} INFO - Sync 1 DAGs
[2024-11-18T08:50:09.609+0000] {logging_mixin.py:188} INFO - [2024-11-18T08:50:09.609+0000] {dag.py:3954} INFO - Setting next_dagrun for example_nested_branch_dag to 2024-11-17 00:00:00+00:00, run_after=2024-11-18 00:00:00+00:00
[2024-11-18T08:50:09.629+0000] {processor.py:183} INFO - Processing /home/airflow/.local/lib/python3.12/site-packages/airflow/example_dags/example_nested_branch_dag.py took 0.077 seconds
[2024-11-18T08:50:39.969+0000] {processor.py:161} INFO - Started process (PID=8417) to work on /home/airflow/.local/lib/python3.12/site-packages/airflow/example_dags/example_nested_branch_dag.py
[2024-11-18T08:50:39.970+0000] {processor.py:830} INFO - Processing file /home/airflow/.local/lib/python3.12/site-packages/airflow/example_dags/example_nested_branch_dag.py for tasks to queue
[2024-11-18T08:50:39.972+0000] {logging_mixin.py:188} INFO - [2024-11-18T08:50:39.971+0000] {dagbag.py:545} INFO - Filling up the DagBag from /home/airflow/.local/lib/python3.12/site-packages/airflow/example_dags/example_nested_branch_dag.py
[2024-11-18T08:50:39.986+0000] {processor.py:840} INFO - DAG(s) 'example_nested_branch_dag' retrieved from /home/airflow/.local/lib/python3.12/site-packages/airflow/example_dags/example_nested_branch_dag.py
[2024-11-18T08:50:40.008+0000] {logging_mixin.py:188} INFO - [2024-11-18T08:50:40.008+0000] {dag.py:3096} INFO - Sync 1 DAGs
[2024-11-18T08:50:40.034+0000] {logging_mixin.py:188} INFO - [2024-11-18T08:50:40.034+0000] {dag.py:3954} INFO - Setting next_dagrun for example_nested_branch_dag to 2024-11-17 00:00:00+00:00, run_after=2024-11-18 00:00:00+00:00
[2024-11-18T08:50:40.057+0000] {processor.py:183} INFO - Processing /home/airflow/.local/lib/python3.12/site-packages/airflow/example_dags/example_nested_branch_dag.py took 0.093 seconds
[2024-11-18T08:51:10.235+0000] {processor.py:161} INFO - Started process (PID=8680) to work on /home/airflow/.local/lib/python3.12/site-packages/airflow/example_dags/example_nested_branch_dag.py
[2024-11-18T08:51:10.236+0000] {processor.py:830} INFO - Processing file /home/airflow/.local/lib/python3.12/site-packages/airflow/example_dags/example_nested_branch_dag.py for tasks to queue
[2024-11-18T08:51:10.238+0000] {logging_mixin.py:188} INFO - [2024-11-18T08:51:10.237+0000] {dagbag.py:545} INFO - Filling up the DagBag from /home/airflow/.local/lib/python3.12/site-packages/airflow/example_dags/example_nested_branch_dag.py
[2024-11-18T08:51:10.248+0000] {processor.py:840} INFO - DAG(s) 'example_nested_branch_dag' retrieved from /home/airflow/.local/lib/python3.12/site-packages/airflow/example_dags/example_nested_branch_dag.py
[2024-11-18T08:51:10.268+0000] {logging_mixin.py:188} INFO - [2024-11-18T08:51:10.268+0000] {dag.py:3096} INFO - Sync 1 DAGs
[2024-11-18T08:51:10.290+0000] {logging_mixin.py:188} INFO - [2024-11-18T08:51:10.289+0000] {dag.py:3954} INFO - Setting next_dagrun for example_nested_branch_dag to 2024-11-17 00:00:00+00:00, run_after=2024-11-18 00:00:00+00:00
[2024-11-18T08:51:10.309+0000] {processor.py:183} INFO - Processing /home/airflow/.local/lib/python3.12/site-packages/airflow/example_dags/example_nested_branch_dag.py took 0.081 seconds
[2024-11-18T08:51:40.588+0000] {processor.py:161} INFO - Started process (PID=8942) to work on /home/airflow/.local/lib/python3.12/site-packages/airflow/example_dags/example_nested_branch_dag.py
[2024-11-18T08:51:40.589+0000] {processor.py:830} INFO - Processing file /home/airflow/.local/lib/python3.12/site-packages/airflow/example_dags/example_nested_branch_dag.py for tasks to queue
[2024-11-18T08:51:40.590+0000] {logging_mixin.py:188} INFO - [2024-11-18T08:51:40.590+0000] {dagbag.py:545} INFO - Filling up the DagBag from /home/airflow/.local/lib/python3.12/site-packages/airflow/example_dags/example_nested_branch_dag.py
[2024-11-18T08:51:40.599+0000] {processor.py:840} INFO - DAG(s) 'example_nested_branch_dag' retrieved from /home/airflow/.local/lib/python3.12/site-packages/airflow/example_dags/example_nested_branch_dag.py
[2024-11-18T08:51:40.619+0000] {logging_mixin.py:188} INFO - [2024-11-18T08:51:40.619+0000] {dag.py:3096} INFO - Sync 1 DAGs
[2024-11-18T08:51:40.639+0000] {logging_mixin.py:188} INFO - [2024-11-18T08:51:40.639+0000] {dag.py:3954} INFO - Setting next_dagrun for example_nested_branch_dag to 2024-11-17 00:00:00+00:00, run_after=2024-11-18 00:00:00+00:00
[2024-11-18T08:51:40.662+0000] {processor.py:183} INFO - Processing /home/airflow/.local/lib/python3.12/site-packages/airflow/example_dags/example_nested_branch_dag.py took 0.080 seconds
[2024-11-18T08:52:11.227+0000] {processor.py:161} INFO - Started process (PID=9204) to work on /home/airflow/.local/lib/python3.12/site-packages/airflow/example_dags/example_nested_branch_dag.py
[2024-11-18T08:52:11.228+0000] {processor.py:830} INFO - Processing file /home/airflow/.local/lib/python3.12/site-packages/airflow/example_dags/example_nested_branch_dag.py for tasks to queue
[2024-11-18T08:52:11.231+0000] {logging_mixin.py:188} INFO - [2024-11-18T08:52:11.230+0000] {dagbag.py:545} INFO - Filling up the DagBag from /home/airflow/.local/lib/python3.12/site-packages/airflow/example_dags/example_nested_branch_dag.py
[2024-11-18T08:52:11.242+0000] {processor.py:840} INFO - DAG(s) 'example_nested_branch_dag' retrieved from /home/airflow/.local/lib/python3.12/site-packages/airflow/example_dags/example_nested_branch_dag.py
[2024-11-18T08:52:11.270+0000] {logging_mixin.py:188} INFO - [2024-11-18T08:52:11.270+0000] {dag.py:3096} INFO - Sync 1 DAGs
[2024-11-18T08:52:11.296+0000] {logging_mixin.py:188} INFO - [2024-11-18T08:52:11.296+0000] {dag.py:3954} INFO - Setting next_dagrun for example_nested_branch_dag to 2024-11-17 00:00:00+00:00, run_after=2024-11-18 00:00:00+00:00
[2024-11-18T08:52:11.317+0000] {processor.py:183} INFO - Processing /home/airflow/.local/lib/python3.12/site-packages/airflow/example_dags/example_nested_branch_dag.py took 0.097 seconds
[2024-11-18T08:52:41.915+0000] {processor.py:161} INFO - Started process (PID=9468) to work on /home/airflow/.local/lib/python3.12/site-packages/airflow/example_dags/example_nested_branch_dag.py
[2024-11-18T08:52:41.916+0000] {processor.py:830} INFO - Processing file /home/airflow/.local/lib/python3.12/site-packages/airflow/example_dags/example_nested_branch_dag.py for tasks to queue
[2024-11-18T08:52:41.918+0000] {logging_mixin.py:188} INFO - [2024-11-18T08:52:41.917+0000] {dagbag.py:545} INFO - Filling up the DagBag from /home/airflow/.local/lib/python3.12/site-packages/airflow/example_dags/example_nested_branch_dag.py
[2024-11-18T08:52:41.927+0000] {processor.py:840} INFO - DAG(s) 'example_nested_branch_dag' retrieved from /home/airflow/.local/lib/python3.12/site-packages/airflow/example_dags/example_nested_branch_dag.py
[2024-11-18T08:52:41.946+0000] {logging_mixin.py:188} INFO - [2024-11-18T08:52:41.946+0000] {dag.py:3096} INFO - Sync 1 DAGs
[2024-11-18T08:52:41.965+0000] {logging_mixin.py:188} INFO - [2024-11-18T08:52:41.965+0000] {dag.py:3954} INFO - Setting next_dagrun for example_nested_branch_dag to 2024-11-17 00:00:00+00:00, run_after=2024-11-18 00:00:00+00:00
[2024-11-18T08:52:41.993+0000] {processor.py:183} INFO - Processing /home/airflow/.local/lib/python3.12/site-packages/airflow/example_dags/example_nested_branch_dag.py took 0.085 seconds
[2024-11-18T08:53:12.172+0000] {processor.py:161} INFO - Started process (PID=9728) to work on /home/airflow/.local/lib/python3.12/site-packages/airflow/example_dags/example_nested_branch_dag.py
[2024-11-18T08:53:12.173+0000] {processor.py:830} INFO - Processing file /home/airflow/.local/lib/python3.12/site-packages/airflow/example_dags/example_nested_branch_dag.py for tasks to queue
[2024-11-18T08:53:12.176+0000] {logging_mixin.py:188} INFO - [2024-11-18T08:53:12.175+0000] {dagbag.py:545} INFO - Filling up the DagBag from /home/airflow/.local/lib/python3.12/site-packages/airflow/example_dags/example_nested_branch_dag.py
[2024-11-18T08:53:12.185+0000] {processor.py:840} INFO - DAG(s) 'example_nested_branch_dag' retrieved from /home/airflow/.local/lib/python3.12/site-packages/airflow/example_dags/example_nested_branch_dag.py
[2024-11-18T08:53:12.208+0000] {logging_mixin.py:188} INFO - [2024-11-18T08:53:12.208+0000] {dag.py:3096} INFO - Sync 1 DAGs
[2024-11-18T08:53:12.232+0000] {logging_mixin.py:188} INFO - [2024-11-18T08:53:12.232+0000] {dag.py:3954} INFO - Setting next_dagrun for example_nested_branch_dag to 2024-11-17 00:00:00+00:00, run_after=2024-11-18 00:00:00+00:00
[2024-11-18T08:53:12.255+0000] {processor.py:183} INFO - Processing /home/airflow/.local/lib/python3.12/site-packages/airflow/example_dags/example_nested_branch_dag.py took 0.089 seconds
