[2024-11-18T08:34:59.451+0000] {processor.py:161} INFO - Started process (PID=392) to work on /home/airflow/.local/lib/python3.12/site-packages/airflow/example_dags/example_params_ui_tutorial.py
[2024-11-18T08:34:59.453+0000] {processor.py:830} INFO - Processing file /home/airflow/.local/lib/python3.12/site-packages/airflow/example_dags/example_params_ui_tutorial.py for tasks to queue
[2024-11-18T08:34:59.456+0000] {logging_mixin.py:188} INFO - [2024-11-18T08:34:59.456+0000] {dagbag.py:545} INFO - Filling up the DagBag from /home/airflow/.local/lib/python3.12/site-packages/airflow/example_dags/example_params_ui_tutorial.py
[2024-11-18T08:34:59.481+0000] {processor.py:840} INFO - DAG(s) 'example_params_ui_tutorial' retrieved from /home/airflow/.local/lib/python3.12/site-packages/airflow/example_dags/example_params_ui_tutorial.py
[2024-11-18T08:34:59.502+0000] {logging_mixin.py:188} INFO - [2024-11-18T08:34:59.501+0000] {dag.py:3096} INFO - Sync 1 DAGs
[2024-11-18T08:34:59.525+0000] {logging_mixin.py:188} INFO - [2024-11-18T08:34:59.525+0000] {dag.py:3118} INFO - Creating ORM DAG for example_params_ui_tutorial
[2024-11-18T08:34:59.527+0000] {logging_mixin.py:188} INFO - [2024-11-18T08:34:59.527+0000] {dag.py:3954} INFO - Setting next_dagrun for example_params_ui_tutorial to None, run_after=None
[2024-11-18T08:34:59.574+0000] {processor.py:183} INFO - Processing /home/airflow/.local/lib/python3.12/site-packages/airflow/example_dags/example_params_ui_tutorial.py took 0.131 seconds
[2024-11-18T08:35:29.886+0000] {processor.py:161} INFO - Started process (PID=652) to work on /home/airflow/.local/lib/python3.12/site-packages/airflow/example_dags/example_params_ui_tutorial.py
[2024-11-18T08:35:29.888+0000] {processor.py:830} INFO - Processing file /home/airflow/.local/lib/python3.12/site-packages/airflow/example_dags/example_params_ui_tutorial.py for tasks to queue
[2024-11-18T08:35:29.889+0000] {logging_mixin.py:188} INFO - [2024-11-18T08:35:29.889+0000] {dagbag.py:545} INFO - Filling up the DagBag from /home/airflow/.local/lib/python3.12/site-packages/airflow/example_dags/example_params_ui_tutorial.py
[2024-11-18T08:35:29.899+0000] {processor.py:840} INFO - DAG(s) 'example_params_ui_tutorial' retrieved from /home/airflow/.local/lib/python3.12/site-packages/airflow/example_dags/example_params_ui_tutorial.py
[2024-11-18T08:35:30.038+0000] {logging_mixin.py:188} INFO - [2024-11-18T08:35:30.037+0000] {dag.py:3096} INFO - Sync 1 DAGs
[2024-11-18T08:35:30.052+0000] {logging_mixin.py:188} INFO - [2024-11-18T08:35:30.052+0000] {dag.py:3954} INFO - Setting next_dagrun for example_params_ui_tutorial to None, run_after=None
[2024-11-18T08:35:30.082+0000] {processor.py:183} INFO - Processing /home/airflow/.local/lib/python3.12/site-packages/airflow/example_dags/example_params_ui_tutorial.py took 0.201 seconds
[2024-11-18T08:36:00.721+0000] {processor.py:161} INFO - Started process (PID=914) to work on /home/airflow/.local/lib/python3.12/site-packages/airflow/example_dags/example_params_ui_tutorial.py
[2024-11-18T08:36:00.722+0000] {processor.py:830} INFO - Processing file /home/airflow/.local/lib/python3.12/site-packages/airflow/example_dags/example_params_ui_tutorial.py for tasks to queue
[2024-11-18T08:36:00.724+0000] {logging_mixin.py:188} INFO - [2024-11-18T08:36:00.723+0000] {dagbag.py:545} INFO - Filling up the DagBag from /home/airflow/.local/lib/python3.12/site-packages/airflow/example_dags/example_params_ui_tutorial.py
[2024-11-18T08:36:00.735+0000] {processor.py:840} INFO - DAG(s) 'example_params_ui_tutorial' retrieved from /home/airflow/.local/lib/python3.12/site-packages/airflow/example_dags/example_params_ui_tutorial.py
[2024-11-18T08:36:00.788+0000] {logging_mixin.py:188} INFO - [2024-11-18T08:36:00.787+0000] {dag.py:3096} INFO - Sync 1 DAGs
[2024-11-18T08:36:00.800+0000] {logging_mixin.py:188} INFO - [2024-11-18T08:36:00.799+0000] {dag.py:3954} INFO - Setting next_dagrun for example_params_ui_tutorial to None, run_after=None
[2024-11-18T08:36:00.819+0000] {processor.py:183} INFO - Processing /home/airflow/.local/lib/python3.12/site-packages/airflow/example_dags/example_params_ui_tutorial.py took 0.105 seconds
[2024-11-18T08:36:31.378+0000] {processor.py:161} INFO - Started process (PID=1178) to work on /home/airflow/.local/lib/python3.12/site-packages/airflow/example_dags/example_params_ui_tutorial.py
[2024-11-18T08:36:31.379+0000] {processor.py:830} INFO - Processing file /home/airflow/.local/lib/python3.12/site-packages/airflow/example_dags/example_params_ui_tutorial.py for tasks to queue
[2024-11-18T08:36:31.382+0000] {logging_mixin.py:188} INFO - [2024-11-18T08:36:31.381+0000] {dagbag.py:545} INFO - Filling up the DagBag from /home/airflow/.local/lib/python3.12/site-packages/airflow/example_dags/example_params_ui_tutorial.py
[2024-11-18T08:36:31.399+0000] {processor.py:840} INFO - DAG(s) 'example_params_ui_tutorial' retrieved from /home/airflow/.local/lib/python3.12/site-packages/airflow/example_dags/example_params_ui_tutorial.py
[2024-11-18T08:36:31.460+0000] {logging_mixin.py:188} INFO - [2024-11-18T08:36:31.460+0000] {dag.py:3096} INFO - Sync 1 DAGs
[2024-11-18T08:36:31.474+0000] {logging_mixin.py:188} INFO - [2024-11-18T08:36:31.474+0000] {dag.py:3954} INFO - Setting next_dagrun for example_params_ui_tutorial to None, run_after=None
[2024-11-18T08:36:31.494+0000] {processor.py:183} INFO - Processing /home/airflow/.local/lib/python3.12/site-packages/airflow/example_dags/example_params_ui_tutorial.py took 0.122 seconds
[2024-11-18T08:37:02.413+0000] {processor.py:161} INFO - Started process (PID=1440) to work on /home/airflow/.local/lib/python3.12/site-packages/airflow/example_dags/example_params_ui_tutorial.py
[2024-11-18T08:37:02.416+0000] {processor.py:830} INFO - Processing file /home/airflow/.local/lib/python3.12/site-packages/airflow/example_dags/example_params_ui_tutorial.py for tasks to queue
[2024-11-18T08:37:02.419+0000] {logging_mixin.py:188} INFO - [2024-11-18T08:37:02.419+0000] {dagbag.py:545} INFO - Filling up the DagBag from /home/airflow/.local/lib/python3.12/site-packages/airflow/example_dags/example_params_ui_tutorial.py
[2024-11-18T08:37:02.437+0000] {processor.py:840} INFO - DAG(s) 'example_params_ui_tutorial' retrieved from /home/airflow/.local/lib/python3.12/site-packages/airflow/example_dags/example_params_ui_tutorial.py
[2024-11-18T08:37:02.512+0000] {logging_mixin.py:188} INFO - [2024-11-18T08:37:02.511+0000] {dag.py:3096} INFO - Sync 1 DAGs
[2024-11-18T08:37:02.531+0000] {logging_mixin.py:188} INFO - [2024-11-18T08:37:02.530+0000] {dag.py:3954} INFO - Setting next_dagrun for example_params_ui_tutorial to None, run_after=None
[2024-11-18T08:37:02.569+0000] {processor.py:183} INFO - Processing /home/airflow/.local/lib/python3.12/site-packages/airflow/example_dags/example_params_ui_tutorial.py took 0.164 seconds
[2024-11-18T08:37:32.940+0000] {processor.py:161} INFO - Started process (PID=1702) to work on /home/airflow/.local/lib/python3.12/site-packages/airflow/example_dags/example_params_ui_tutorial.py
[2024-11-18T08:37:32.941+0000] {processor.py:830} INFO - Processing file /home/airflow/.local/lib/python3.12/site-packages/airflow/example_dags/example_params_ui_tutorial.py for tasks to queue
[2024-11-18T08:37:32.943+0000] {logging_mixin.py:188} INFO - [2024-11-18T08:37:32.943+0000] {dagbag.py:545} INFO - Filling up the DagBag from /home/airflow/.local/lib/python3.12/site-packages/airflow/example_dags/example_params_ui_tutorial.py
[2024-11-18T08:37:32.957+0000] {processor.py:840} INFO - DAG(s) 'example_params_ui_tutorial' retrieved from /home/airflow/.local/lib/python3.12/site-packages/airflow/example_dags/example_params_ui_tutorial.py
[2024-11-18T08:37:33.011+0000] {logging_mixin.py:188} INFO - [2024-11-18T08:37:33.011+0000] {dag.py:3096} INFO - Sync 1 DAGs
[2024-11-18T08:37:33.023+0000] {logging_mixin.py:188} INFO - [2024-11-18T08:37:33.023+0000] {dag.py:3954} INFO - Setting next_dagrun for example_params_ui_tutorial to None, run_after=None
[2024-11-18T08:37:33.044+0000] {processor.py:183} INFO - Processing /home/airflow/.local/lib/python3.12/site-packages/airflow/example_dags/example_params_ui_tutorial.py took 0.110 seconds
[2024-11-18T08:38:03.219+0000] {processor.py:161} INFO - Started process (PID=1969) to work on /home/airflow/.local/lib/python3.12/site-packages/airflow/example_dags/example_params_ui_tutorial.py
[2024-11-18T08:38:03.220+0000] {processor.py:830} INFO - Processing file /home/airflow/.local/lib/python3.12/site-packages/airflow/example_dags/example_params_ui_tutorial.py for tasks to queue
[2024-11-18T08:38:03.223+0000] {logging_mixin.py:188} INFO - [2024-11-18T08:38:03.222+0000] {dagbag.py:545} INFO - Filling up the DagBag from /home/airflow/.local/lib/python3.12/site-packages/airflow/example_dags/example_params_ui_tutorial.py
[2024-11-18T08:38:03.238+0000] {processor.py:840} INFO - DAG(s) 'example_params_ui_tutorial' retrieved from /home/airflow/.local/lib/python3.12/site-packages/airflow/example_dags/example_params_ui_tutorial.py
[2024-11-18T08:38:03.288+0000] {logging_mixin.py:188} INFO - [2024-11-18T08:38:03.288+0000] {dag.py:3096} INFO - Sync 1 DAGs
[2024-11-18T08:38:03.307+0000] {logging_mixin.py:188} INFO - [2024-11-18T08:38:03.306+0000] {dag.py:3954} INFO - Setting next_dagrun for example_params_ui_tutorial to None, run_after=None
[2024-11-18T08:38:03.329+0000] {processor.py:183} INFO - Processing /home/airflow/.local/lib/python3.12/site-packages/airflow/example_dags/example_params_ui_tutorial.py took 0.117 seconds
[2024-11-18T08:38:33.441+0000] {processor.py:161} INFO - Started process (PID=2226) to work on /home/airflow/.local/lib/python3.12/site-packages/airflow/example_dags/example_params_ui_tutorial.py
[2024-11-18T08:38:33.442+0000] {processor.py:830} INFO - Processing file /home/airflow/.local/lib/python3.12/site-packages/airflow/example_dags/example_params_ui_tutorial.py for tasks to queue
[2024-11-18T08:38:33.444+0000] {logging_mixin.py:188} INFO - [2024-11-18T08:38:33.443+0000] {dagbag.py:545} INFO - Filling up the DagBag from /home/airflow/.local/lib/python3.12/site-packages/airflow/example_dags/example_params_ui_tutorial.py
[2024-11-18T08:38:33.454+0000] {processor.py:840} INFO - DAG(s) 'example_params_ui_tutorial' retrieved from /home/airflow/.local/lib/python3.12/site-packages/airflow/example_dags/example_params_ui_tutorial.py
[2024-11-18T08:38:33.502+0000] {logging_mixin.py:188} INFO - [2024-11-18T08:38:33.502+0000] {dag.py:3096} INFO - Sync 1 DAGs
[2024-11-18T08:38:33.513+0000] {logging_mixin.py:188} INFO - [2024-11-18T08:38:33.513+0000] {dag.py:3954} INFO - Setting next_dagrun for example_params_ui_tutorial to None, run_after=None
[2024-11-18T08:38:33.533+0000] {processor.py:183} INFO - Processing /home/airflow/.local/lib/python3.12/site-packages/airflow/example_dags/example_params_ui_tutorial.py took 0.096 seconds
[2024-11-18T08:39:03.630+0000] {processor.py:161} INFO - Started process (PID=2488) to work on /home/airflow/.local/lib/python3.12/site-packages/airflow/example_dags/example_params_ui_tutorial.py
[2024-11-18T08:39:03.631+0000] {processor.py:830} INFO - Processing file /home/airflow/.local/lib/python3.12/site-packages/airflow/example_dags/example_params_ui_tutorial.py for tasks to queue
[2024-11-18T08:39:03.632+0000] {logging_mixin.py:188} INFO - [2024-11-18T08:39:03.632+0000] {dagbag.py:545} INFO - Filling up the DagBag from /home/airflow/.local/lib/python3.12/site-packages/airflow/example_dags/example_params_ui_tutorial.py
[2024-11-18T08:39:03.642+0000] {processor.py:840} INFO - DAG(s) 'example_params_ui_tutorial' retrieved from /home/airflow/.local/lib/python3.12/site-packages/airflow/example_dags/example_params_ui_tutorial.py
[2024-11-18T08:39:03.688+0000] {logging_mixin.py:188} INFO - [2024-11-18T08:39:03.687+0000] {dag.py:3096} INFO - Sync 1 DAGs
[2024-11-18T08:39:03.698+0000] {logging_mixin.py:188} INFO - [2024-11-18T08:39:03.698+0000] {dag.py:3954} INFO - Setting next_dagrun for example_params_ui_tutorial to None, run_after=None
[2024-11-18T08:39:03.726+0000] {processor.py:183} INFO - Processing /home/airflow/.local/lib/python3.12/site-packages/airflow/example_dags/example_params_ui_tutorial.py took 0.102 seconds
[2024-11-18T08:39:34.009+0000] {processor.py:161} INFO - Started process (PID=2748) to work on /home/airflow/.local/lib/python3.12/site-packages/airflow/example_dags/example_params_ui_tutorial.py
[2024-11-18T08:39:34.010+0000] {processor.py:830} INFO - Processing file /home/airflow/.local/lib/python3.12/site-packages/airflow/example_dags/example_params_ui_tutorial.py for tasks to queue
[2024-11-18T08:39:34.011+0000] {logging_mixin.py:188} INFO - [2024-11-18T08:39:34.011+0000] {dagbag.py:545} INFO - Filling up the DagBag from /home/airflow/.local/lib/python3.12/site-packages/airflow/example_dags/example_params_ui_tutorial.py
[2024-11-18T08:39:34.021+0000] {processor.py:840} INFO - DAG(s) 'example_params_ui_tutorial' retrieved from /home/airflow/.local/lib/python3.12/site-packages/airflow/example_dags/example_params_ui_tutorial.py
[2024-11-18T08:39:34.078+0000] {logging_mixin.py:188} INFO - [2024-11-18T08:39:34.078+0000] {dag.py:3096} INFO - Sync 1 DAGs
[2024-11-18T08:39:34.091+0000] {logging_mixin.py:188} INFO - [2024-11-18T08:39:34.091+0000] {dag.py:3954} INFO - Setting next_dagrun for example_params_ui_tutorial to None, run_after=None
[2024-11-18T08:39:34.118+0000] {processor.py:183} INFO - Processing /home/airflow/.local/lib/python3.12/site-packages/airflow/example_dags/example_params_ui_tutorial.py took 0.114 seconds
[2024-11-18T08:40:04.456+0000] {processor.py:161} INFO - Started process (PID=3012) to work on /home/airflow/.local/lib/python3.12/site-packages/airflow/example_dags/example_params_ui_tutorial.py
[2024-11-18T08:40:04.457+0000] {processor.py:830} INFO - Processing file /home/airflow/.local/lib/python3.12/site-packages/airflow/example_dags/example_params_ui_tutorial.py for tasks to queue
[2024-11-18T08:40:04.459+0000] {logging_mixin.py:188} INFO - [2024-11-18T08:40:04.458+0000] {dagbag.py:545} INFO - Filling up the DagBag from /home/airflow/.local/lib/python3.12/site-packages/airflow/example_dags/example_params_ui_tutorial.py
[2024-11-18T08:40:04.469+0000] {processor.py:840} INFO - DAG(s) 'example_params_ui_tutorial' retrieved from /home/airflow/.local/lib/python3.12/site-packages/airflow/example_dags/example_params_ui_tutorial.py
[2024-11-18T08:40:04.515+0000] {logging_mixin.py:188} INFO - [2024-11-18T08:40:04.514+0000] {dag.py:3096} INFO - Sync 1 DAGs
[2024-11-18T08:40:04.526+0000] {logging_mixin.py:188} INFO - [2024-11-18T08:40:04.526+0000] {dag.py:3954} INFO - Setting next_dagrun for example_params_ui_tutorial to None, run_after=None
[2024-11-18T08:40:04.548+0000] {processor.py:183} INFO - Processing /home/airflow/.local/lib/python3.12/site-packages/airflow/example_dags/example_params_ui_tutorial.py took 0.097 seconds
[2024-11-18T08:40:34.684+0000] {processor.py:161} INFO - Started process (PID=3272) to work on /home/airflow/.local/lib/python3.12/site-packages/airflow/example_dags/example_params_ui_tutorial.py
[2024-11-18T08:40:34.685+0000] {processor.py:830} INFO - Processing file /home/airflow/.local/lib/python3.12/site-packages/airflow/example_dags/example_params_ui_tutorial.py for tasks to queue
[2024-11-18T08:40:34.686+0000] {logging_mixin.py:188} INFO - [2024-11-18T08:40:34.686+0000] {dagbag.py:545} INFO - Filling up the DagBag from /home/airflow/.local/lib/python3.12/site-packages/airflow/example_dags/example_params_ui_tutorial.py
[2024-11-18T08:40:34.696+0000] {processor.py:840} INFO - DAG(s) 'example_params_ui_tutorial' retrieved from /home/airflow/.local/lib/python3.12/site-packages/airflow/example_dags/example_params_ui_tutorial.py
[2024-11-18T08:40:34.742+0000] {logging_mixin.py:188} INFO - [2024-11-18T08:40:34.742+0000] {dag.py:3096} INFO - Sync 1 DAGs
[2024-11-18T08:40:34.753+0000] {logging_mixin.py:188} INFO - [2024-11-18T08:40:34.752+0000] {dag.py:3954} INFO - Setting next_dagrun for example_params_ui_tutorial to None, run_after=None
[2024-11-18T08:40:34.772+0000] {processor.py:183} INFO - Processing /home/airflow/.local/lib/python3.12/site-packages/airflow/example_dags/example_params_ui_tutorial.py took 0.093 seconds
[2024-11-18T08:41:05.260+0000] {processor.py:161} INFO - Started process (PID=3536) to work on /home/airflow/.local/lib/python3.12/site-packages/airflow/example_dags/example_params_ui_tutorial.py
[2024-11-18T08:41:05.261+0000] {processor.py:830} INFO - Processing file /home/airflow/.local/lib/python3.12/site-packages/airflow/example_dags/example_params_ui_tutorial.py for tasks to queue
[2024-11-18T08:41:05.262+0000] {logging_mixin.py:188} INFO - [2024-11-18T08:41:05.262+0000] {dagbag.py:545} INFO - Filling up the DagBag from /home/airflow/.local/lib/python3.12/site-packages/airflow/example_dags/example_params_ui_tutorial.py
[2024-11-18T08:41:05.272+0000] {processor.py:840} INFO - DAG(s) 'example_params_ui_tutorial' retrieved from /home/airflow/.local/lib/python3.12/site-packages/airflow/example_dags/example_params_ui_tutorial.py
[2024-11-18T08:41:05.329+0000] {logging_mixin.py:188} INFO - [2024-11-18T08:41:05.329+0000] {dag.py:3096} INFO - Sync 1 DAGs
[2024-11-18T08:41:05.345+0000] {logging_mixin.py:188} INFO - [2024-11-18T08:41:05.344+0000] {dag.py:3954} INFO - Setting next_dagrun for example_params_ui_tutorial to None, run_after=None
[2024-11-18T08:41:05.371+0000] {processor.py:183} INFO - Processing /home/airflow/.local/lib/python3.12/site-packages/airflow/example_dags/example_params_ui_tutorial.py took 0.116 seconds
[2024-11-18T08:41:35.629+0000] {processor.py:161} INFO - Started process (PID=3796) to work on /home/airflow/.local/lib/python3.12/site-packages/airflow/example_dags/example_params_ui_tutorial.py
[2024-11-18T08:41:35.631+0000] {processor.py:830} INFO - Processing file /home/airflow/.local/lib/python3.12/site-packages/airflow/example_dags/example_params_ui_tutorial.py for tasks to queue
[2024-11-18T08:41:35.635+0000] {logging_mixin.py:188} INFO - [2024-11-18T08:41:35.634+0000] {dagbag.py:545} INFO - Filling up the DagBag from /home/airflow/.local/lib/python3.12/site-packages/airflow/example_dags/example_params_ui_tutorial.py
[2024-11-18T08:41:35.650+0000] {processor.py:840} INFO - DAG(s) 'example_params_ui_tutorial' retrieved from /home/airflow/.local/lib/python3.12/site-packages/airflow/example_dags/example_params_ui_tutorial.py
[2024-11-18T08:41:35.738+0000] {logging_mixin.py:188} INFO - [2024-11-18T08:41:35.738+0000] {dag.py:3096} INFO - Sync 1 DAGs
[2024-11-18T08:41:35.760+0000] {logging_mixin.py:188} INFO - [2024-11-18T08:41:35.760+0000] {dag.py:3954} INFO - Setting next_dagrun for example_params_ui_tutorial to None, run_after=None
[2024-11-18T08:41:35.807+0000] {processor.py:183} INFO - Processing /home/airflow/.local/lib/python3.12/site-packages/airflow/example_dags/example_params_ui_tutorial.py took 0.187 seconds
[2024-11-18T08:42:06.364+0000] {processor.py:161} INFO - Started process (PID=4060) to work on /home/airflow/.local/lib/python3.12/site-packages/airflow/example_dags/example_params_ui_tutorial.py
[2024-11-18T08:42:06.365+0000] {processor.py:830} INFO - Processing file /home/airflow/.local/lib/python3.12/site-packages/airflow/example_dags/example_params_ui_tutorial.py for tasks to queue
[2024-11-18T08:42:06.367+0000] {logging_mixin.py:188} INFO - [2024-11-18T08:42:06.366+0000] {dagbag.py:545} INFO - Filling up the DagBag from /home/airflow/.local/lib/python3.12/site-packages/airflow/example_dags/example_params_ui_tutorial.py
[2024-11-18T08:42:06.379+0000] {processor.py:840} INFO - DAG(s) 'example_params_ui_tutorial' retrieved from /home/airflow/.local/lib/python3.12/site-packages/airflow/example_dags/example_params_ui_tutorial.py
[2024-11-18T08:42:06.452+0000] {logging_mixin.py:188} INFO - [2024-11-18T08:42:06.451+0000] {dag.py:3096} INFO - Sync 1 DAGs
[2024-11-18T08:42:06.466+0000] {logging_mixin.py:188} INFO - [2024-11-18T08:42:06.466+0000] {dag.py:3954} INFO - Setting next_dagrun for example_params_ui_tutorial to None, run_after=None
[2024-11-18T08:42:06.487+0000] {processor.py:183} INFO - Processing /home/airflow/.local/lib/python3.12/site-packages/airflow/example_dags/example_params_ui_tutorial.py took 0.128 seconds
[2024-11-18T08:42:37.323+0000] {processor.py:161} INFO - Started process (PID=4320) to work on /home/airflow/.local/lib/python3.12/site-packages/airflow/example_dags/example_params_ui_tutorial.py
[2024-11-18T08:42:37.325+0000] {processor.py:830} INFO - Processing file /home/airflow/.local/lib/python3.12/site-packages/airflow/example_dags/example_params_ui_tutorial.py for tasks to queue
[2024-11-18T08:42:37.329+0000] {logging_mixin.py:188} INFO - [2024-11-18T08:42:37.328+0000] {dagbag.py:545} INFO - Filling up the DagBag from /home/airflow/.local/lib/python3.12/site-packages/airflow/example_dags/example_params_ui_tutorial.py
[2024-11-18T08:42:37.349+0000] {processor.py:840} INFO - DAG(s) 'example_params_ui_tutorial' retrieved from /home/airflow/.local/lib/python3.12/site-packages/airflow/example_dags/example_params_ui_tutorial.py
[2024-11-18T08:42:37.460+0000] {logging_mixin.py:188} INFO - [2024-11-18T08:42:37.460+0000] {dag.py:3096} INFO - Sync 1 DAGs
[2024-11-18T08:42:37.492+0000] {logging_mixin.py:188} INFO - [2024-11-18T08:42:37.491+0000] {dag.py:3954} INFO - Setting next_dagrun for example_params_ui_tutorial to None, run_after=None
[2024-11-18T08:42:37.548+0000] {processor.py:183} INFO - Processing /home/airflow/.local/lib/python3.12/site-packages/airflow/example_dags/example_params_ui_tutorial.py took 0.240 seconds
[2024-11-18T08:43:08.233+0000] {processor.py:161} INFO - Started process (PID=4584) to work on /home/airflow/.local/lib/python3.12/site-packages/airflow/example_dags/example_params_ui_tutorial.py
[2024-11-18T08:43:08.235+0000] {processor.py:830} INFO - Processing file /home/airflow/.local/lib/python3.12/site-packages/airflow/example_dags/example_params_ui_tutorial.py for tasks to queue
[2024-11-18T08:43:08.238+0000] {logging_mixin.py:188} INFO - [2024-11-18T08:43:08.237+0000] {dagbag.py:545} INFO - Filling up the DagBag from /home/airflow/.local/lib/python3.12/site-packages/airflow/example_dags/example_params_ui_tutorial.py
[2024-11-18T08:43:08.259+0000] {processor.py:840} INFO - DAG(s) 'example_params_ui_tutorial' retrieved from /home/airflow/.local/lib/python3.12/site-packages/airflow/example_dags/example_params_ui_tutorial.py
[2024-11-18T08:43:08.375+0000] {logging_mixin.py:188} INFO - [2024-11-18T08:43:08.374+0000] {dag.py:3096} INFO - Sync 1 DAGs
[2024-11-18T08:43:08.399+0000] {logging_mixin.py:188} INFO - [2024-11-18T08:43:08.398+0000] {dag.py:3954} INFO - Setting next_dagrun for example_params_ui_tutorial to None, run_after=None
[2024-11-18T08:43:08.436+0000] {processor.py:183} INFO - Processing /home/airflow/.local/lib/python3.12/site-packages/airflow/example_dags/example_params_ui_tutorial.py took 0.214 seconds
[2024-11-18T08:43:38.989+0000] {processor.py:161} INFO - Started process (PID=4846) to work on /home/airflow/.local/lib/python3.12/site-packages/airflow/example_dags/example_params_ui_tutorial.py
[2024-11-18T08:43:38.990+0000] {processor.py:830} INFO - Processing file /home/airflow/.local/lib/python3.12/site-packages/airflow/example_dags/example_params_ui_tutorial.py for tasks to queue
[2024-11-18T08:43:38.991+0000] {logging_mixin.py:188} INFO - [2024-11-18T08:43:38.991+0000] {dagbag.py:545} INFO - Filling up the DagBag from /home/airflow/.local/lib/python3.12/site-packages/airflow/example_dags/example_params_ui_tutorial.py
[2024-11-18T08:43:39.002+0000] {processor.py:840} INFO - DAG(s) 'example_params_ui_tutorial' retrieved from /home/airflow/.local/lib/python3.12/site-packages/airflow/example_dags/example_params_ui_tutorial.py
[2024-11-18T08:43:39.049+0000] {logging_mixin.py:188} INFO - [2024-11-18T08:43:39.048+0000] {dag.py:3096} INFO - Sync 1 DAGs
[2024-11-18T08:43:39.060+0000] {logging_mixin.py:188} INFO - [2024-11-18T08:43:39.059+0000] {dag.py:3954} INFO - Setting next_dagrun for example_params_ui_tutorial to None, run_after=None
[2024-11-18T08:43:39.082+0000] {processor.py:183} INFO - Processing /home/airflow/.local/lib/python3.12/site-packages/airflow/example_dags/example_params_ui_tutorial.py took 0.098 seconds
[2024-11-18T08:44:09.239+0000] {processor.py:161} INFO - Started process (PID=5108) to work on /home/airflow/.local/lib/python3.12/site-packages/airflow/example_dags/example_params_ui_tutorial.py
[2024-11-18T08:44:09.240+0000] {processor.py:830} INFO - Processing file /home/airflow/.local/lib/python3.12/site-packages/airflow/example_dags/example_params_ui_tutorial.py for tasks to queue
[2024-11-18T08:44:09.242+0000] {logging_mixin.py:188} INFO - [2024-11-18T08:44:09.242+0000] {dagbag.py:545} INFO - Filling up the DagBag from /home/airflow/.local/lib/python3.12/site-packages/airflow/example_dags/example_params_ui_tutorial.py
[2024-11-18T08:44:09.253+0000] {processor.py:840} INFO - DAG(s) 'example_params_ui_tutorial' retrieved from /home/airflow/.local/lib/python3.12/site-packages/airflow/example_dags/example_params_ui_tutorial.py
[2024-11-18T08:44:09.298+0000] {logging_mixin.py:188} INFO - [2024-11-18T08:44:09.298+0000] {dag.py:3096} INFO - Sync 1 DAGs
[2024-11-18T08:44:09.310+0000] {logging_mixin.py:188} INFO - [2024-11-18T08:44:09.309+0000] {dag.py:3954} INFO - Setting next_dagrun for example_params_ui_tutorial to None, run_after=None
[2024-11-18T08:44:09.331+0000] {processor.py:183} INFO - Processing /home/airflow/.local/lib/python3.12/site-packages/airflow/example_dags/example_params_ui_tutorial.py took 0.097 seconds
[2024-11-18T08:44:39.503+0000] {processor.py:161} INFO - Started process (PID=5370) to work on /home/airflow/.local/lib/python3.12/site-packages/airflow/example_dags/example_params_ui_tutorial.py
[2024-11-18T08:44:39.504+0000] {processor.py:830} INFO - Processing file /home/airflow/.local/lib/python3.12/site-packages/airflow/example_dags/example_params_ui_tutorial.py for tasks to queue
[2024-11-18T08:44:39.505+0000] {logging_mixin.py:188} INFO - [2024-11-18T08:44:39.505+0000] {dagbag.py:545} INFO - Filling up the DagBag from /home/airflow/.local/lib/python3.12/site-packages/airflow/example_dags/example_params_ui_tutorial.py
[2024-11-18T08:44:39.516+0000] {processor.py:840} INFO - DAG(s) 'example_params_ui_tutorial' retrieved from /home/airflow/.local/lib/python3.12/site-packages/airflow/example_dags/example_params_ui_tutorial.py
[2024-11-18T08:44:39.566+0000] {logging_mixin.py:188} INFO - [2024-11-18T08:44:39.566+0000] {dag.py:3096} INFO - Sync 1 DAGs
[2024-11-18T08:44:39.580+0000] {logging_mixin.py:188} INFO - [2024-11-18T08:44:39.580+0000] {dag.py:3954} INFO - Setting next_dagrun for example_params_ui_tutorial to None, run_after=None
[2024-11-18T08:44:39.607+0000] {processor.py:183} INFO - Processing /home/airflow/.local/lib/python3.12/site-packages/airflow/example_dags/example_params_ui_tutorial.py took 0.109 seconds
[2024-11-18T08:45:09.781+0000] {processor.py:161} INFO - Started process (PID=5632) to work on /home/airflow/.local/lib/python3.12/site-packages/airflow/example_dags/example_params_ui_tutorial.py
[2024-11-18T08:45:09.782+0000] {processor.py:830} INFO - Processing file /home/airflow/.local/lib/python3.12/site-packages/airflow/example_dags/example_params_ui_tutorial.py for tasks to queue
[2024-11-18T08:45:09.785+0000] {logging_mixin.py:188} INFO - [2024-11-18T08:45:09.784+0000] {dagbag.py:545} INFO - Filling up the DagBag from /home/airflow/.local/lib/python3.12/site-packages/airflow/example_dags/example_params_ui_tutorial.py
[2024-11-18T08:45:09.797+0000] {processor.py:840} INFO - DAG(s) 'example_params_ui_tutorial' retrieved from /home/airflow/.local/lib/python3.12/site-packages/airflow/example_dags/example_params_ui_tutorial.py
[2024-11-18T08:45:09.859+0000] {logging_mixin.py:188} INFO - [2024-11-18T08:45:09.858+0000] {dag.py:3096} INFO - Sync 1 DAGs
[2024-11-18T08:45:09.871+0000] {logging_mixin.py:188} INFO - [2024-11-18T08:45:09.871+0000] {dag.py:3954} INFO - Setting next_dagrun for example_params_ui_tutorial to None, run_after=None
[2024-11-18T08:45:09.894+0000] {processor.py:183} INFO - Processing /home/airflow/.local/lib/python3.12/site-packages/airflow/example_dags/example_params_ui_tutorial.py took 0.119 seconds
[2024-11-18T08:45:39.932+0000] {processor.py:161} INFO - Started process (PID=5894) to work on /home/airflow/.local/lib/python3.12/site-packages/airflow/example_dags/example_params_ui_tutorial.py
[2024-11-18T08:45:39.933+0000] {processor.py:830} INFO - Processing file /home/airflow/.local/lib/python3.12/site-packages/airflow/example_dags/example_params_ui_tutorial.py for tasks to queue
[2024-11-18T08:45:39.935+0000] {logging_mixin.py:188} INFO - [2024-11-18T08:45:39.934+0000] {dagbag.py:545} INFO - Filling up the DagBag from /home/airflow/.local/lib/python3.12/site-packages/airflow/example_dags/example_params_ui_tutorial.py
[2024-11-18T08:45:39.945+0000] {processor.py:840} INFO - DAG(s) 'example_params_ui_tutorial' retrieved from /home/airflow/.local/lib/python3.12/site-packages/airflow/example_dags/example_params_ui_tutorial.py
[2024-11-18T08:45:39.993+0000] {logging_mixin.py:188} INFO - [2024-11-18T08:45:39.993+0000] {dag.py:3096} INFO - Sync 1 DAGs
[2024-11-18T08:45:40.004+0000] {logging_mixin.py:188} INFO - [2024-11-18T08:45:40.004+0000] {dag.py:3954} INFO - Setting next_dagrun for example_params_ui_tutorial to None, run_after=None
[2024-11-18T08:45:40.026+0000] {processor.py:183} INFO - Processing /home/airflow/.local/lib/python3.12/site-packages/airflow/example_dags/example_params_ui_tutorial.py took 0.099 seconds
[2024-11-18T08:46:10.156+0000] {processor.py:161} INFO - Started process (PID=6156) to work on /home/airflow/.local/lib/python3.12/site-packages/airflow/example_dags/example_params_ui_tutorial.py
[2024-11-18T08:46:10.157+0000] {processor.py:830} INFO - Processing file /home/airflow/.local/lib/python3.12/site-packages/airflow/example_dags/example_params_ui_tutorial.py for tasks to queue
[2024-11-18T08:46:10.159+0000] {logging_mixin.py:188} INFO - [2024-11-18T08:46:10.159+0000] {dagbag.py:545} INFO - Filling up the DagBag from /home/airflow/.local/lib/python3.12/site-packages/airflow/example_dags/example_params_ui_tutorial.py
[2024-11-18T08:46:10.169+0000] {processor.py:840} INFO - DAG(s) 'example_params_ui_tutorial' retrieved from /home/airflow/.local/lib/python3.12/site-packages/airflow/example_dags/example_params_ui_tutorial.py
[2024-11-18T08:46:10.220+0000] {logging_mixin.py:188} INFO - [2024-11-18T08:46:10.219+0000] {dag.py:3096} INFO - Sync 1 DAGs
[2024-11-18T08:46:10.233+0000] {logging_mixin.py:188} INFO - [2024-11-18T08:46:10.233+0000] {dag.py:3954} INFO - Setting next_dagrun for example_params_ui_tutorial to None, run_after=None
[2024-11-18T08:46:10.258+0000] {processor.py:183} INFO - Processing /home/airflow/.local/lib/python3.12/site-packages/airflow/example_dags/example_params_ui_tutorial.py took 0.107 seconds
[2024-11-18T08:46:40.502+0000] {processor.py:161} INFO - Started process (PID=6418) to work on /home/airflow/.local/lib/python3.12/site-packages/airflow/example_dags/example_params_ui_tutorial.py
[2024-11-18T08:46:40.503+0000] {processor.py:830} INFO - Processing file /home/airflow/.local/lib/python3.12/site-packages/airflow/example_dags/example_params_ui_tutorial.py for tasks to queue
[2024-11-18T08:46:40.505+0000] {logging_mixin.py:188} INFO - [2024-11-18T08:46:40.504+0000] {dagbag.py:545} INFO - Filling up the DagBag from /home/airflow/.local/lib/python3.12/site-packages/airflow/example_dags/example_params_ui_tutorial.py
[2024-11-18T08:46:40.517+0000] {processor.py:840} INFO - DAG(s) 'example_params_ui_tutorial' retrieved from /home/airflow/.local/lib/python3.12/site-packages/airflow/example_dags/example_params_ui_tutorial.py
[2024-11-18T08:46:40.576+0000] {logging_mixin.py:188} INFO - [2024-11-18T08:46:40.576+0000] {dag.py:3096} INFO - Sync 1 DAGs
[2024-11-18T08:46:40.595+0000] {logging_mixin.py:188} INFO - [2024-11-18T08:46:40.595+0000] {dag.py:3954} INFO - Setting next_dagrun for example_params_ui_tutorial to None, run_after=None
[2024-11-18T08:46:40.621+0000] {processor.py:183} INFO - Processing /home/airflow/.local/lib/python3.12/site-packages/airflow/example_dags/example_params_ui_tutorial.py took 0.125 seconds
[2024-11-18T08:47:10.807+0000] {processor.py:161} INFO - Started process (PID=6680) to work on /home/airflow/.local/lib/python3.12/site-packages/airflow/example_dags/example_params_ui_tutorial.py
[2024-11-18T08:47:10.809+0000] {processor.py:830} INFO - Processing file /home/airflow/.local/lib/python3.12/site-packages/airflow/example_dags/example_params_ui_tutorial.py for tasks to queue
[2024-11-18T08:47:10.810+0000] {logging_mixin.py:188} INFO - [2024-11-18T08:47:10.810+0000] {dagbag.py:545} INFO - Filling up the DagBag from /home/airflow/.local/lib/python3.12/site-packages/airflow/example_dags/example_params_ui_tutorial.py
[2024-11-18T08:47:10.824+0000] {processor.py:840} INFO - DAG(s) 'example_params_ui_tutorial' retrieved from /home/airflow/.local/lib/python3.12/site-packages/airflow/example_dags/example_params_ui_tutorial.py
[2024-11-18T08:47:10.869+0000] {logging_mixin.py:188} INFO - [2024-11-18T08:47:10.869+0000] {dag.py:3096} INFO - Sync 1 DAGs
[2024-11-18T08:47:10.880+0000] {logging_mixin.py:188} INFO - [2024-11-18T08:47:10.880+0000] {dag.py:3954} INFO - Setting next_dagrun for example_params_ui_tutorial to None, run_after=None
[2024-11-18T08:47:10.902+0000] {processor.py:183} INFO - Processing /home/airflow/.local/lib/python3.12/site-packages/airflow/example_dags/example_params_ui_tutorial.py took 0.100 seconds
[2024-11-18T08:47:41.081+0000] {processor.py:161} INFO - Started process (PID=6940) to work on /home/airflow/.local/lib/python3.12/site-packages/airflow/example_dags/example_params_ui_tutorial.py
[2024-11-18T08:47:41.082+0000] {processor.py:830} INFO - Processing file /home/airflow/.local/lib/python3.12/site-packages/airflow/example_dags/example_params_ui_tutorial.py for tasks to queue
[2024-11-18T08:47:41.084+0000] {logging_mixin.py:188} INFO - [2024-11-18T08:47:41.084+0000] {dagbag.py:545} INFO - Filling up the DagBag from /home/airflow/.local/lib/python3.12/site-packages/airflow/example_dags/example_params_ui_tutorial.py
[2024-11-18T08:47:41.097+0000] {processor.py:840} INFO - DAG(s) 'example_params_ui_tutorial' retrieved from /home/airflow/.local/lib/python3.12/site-packages/airflow/example_dags/example_params_ui_tutorial.py
[2024-11-18T08:47:41.148+0000] {logging_mixin.py:188} INFO - [2024-11-18T08:47:41.148+0000] {dag.py:3096} INFO - Sync 1 DAGs
[2024-11-18T08:47:41.161+0000] {logging_mixin.py:188} INFO - [2024-11-18T08:47:41.161+0000] {dag.py:3954} INFO - Setting next_dagrun for example_params_ui_tutorial to None, run_after=None
[2024-11-18T08:47:41.192+0000] {processor.py:183} INFO - Processing /home/airflow/.local/lib/python3.12/site-packages/airflow/example_dags/example_params_ui_tutorial.py took 0.116 seconds
[2024-11-18T08:48:11.312+0000] {processor.py:161} INFO - Started process (PID=7202) to work on /home/airflow/.local/lib/python3.12/site-packages/airflow/example_dags/example_params_ui_tutorial.py
[2024-11-18T08:48:11.313+0000] {processor.py:830} INFO - Processing file /home/airflow/.local/lib/python3.12/site-packages/airflow/example_dags/example_params_ui_tutorial.py for tasks to queue
[2024-11-18T08:48:11.315+0000] {logging_mixin.py:188} INFO - [2024-11-18T08:48:11.315+0000] {dagbag.py:545} INFO - Filling up the DagBag from /home/airflow/.local/lib/python3.12/site-packages/airflow/example_dags/example_params_ui_tutorial.py
[2024-11-18T08:48:11.325+0000] {processor.py:840} INFO - DAG(s) 'example_params_ui_tutorial' retrieved from /home/airflow/.local/lib/python3.12/site-packages/airflow/example_dags/example_params_ui_tutorial.py
[2024-11-18T08:48:11.377+0000] {logging_mixin.py:188} INFO - [2024-11-18T08:48:11.377+0000] {dag.py:3096} INFO - Sync 1 DAGs
[2024-11-18T08:48:11.398+0000] {logging_mixin.py:188} INFO - [2024-11-18T08:48:11.397+0000] {dag.py:3954} INFO - Setting next_dagrun for example_params_ui_tutorial to None, run_after=None
[2024-11-18T08:48:11.442+0000] {processor.py:183} INFO - Processing /home/airflow/.local/lib/python3.12/site-packages/airflow/example_dags/example_params_ui_tutorial.py took 0.135 seconds
[2024-11-18T08:48:42.063+0000] {processor.py:161} INFO - Started process (PID=7464) to work on /home/airflow/.local/lib/python3.12/site-packages/airflow/example_dags/example_params_ui_tutorial.py
[2024-11-18T08:48:42.064+0000] {processor.py:830} INFO - Processing file /home/airflow/.local/lib/python3.12/site-packages/airflow/example_dags/example_params_ui_tutorial.py for tasks to queue
[2024-11-18T08:48:42.066+0000] {logging_mixin.py:188} INFO - [2024-11-18T08:48:42.066+0000] {dagbag.py:545} INFO - Filling up the DagBag from /home/airflow/.local/lib/python3.12/site-packages/airflow/example_dags/example_params_ui_tutorial.py
[2024-11-18T08:48:42.080+0000] {processor.py:840} INFO - DAG(s) 'example_params_ui_tutorial' retrieved from /home/airflow/.local/lib/python3.12/site-packages/airflow/example_dags/example_params_ui_tutorial.py
[2024-11-18T08:48:42.133+0000] {logging_mixin.py:188} INFO - [2024-11-18T08:48:42.133+0000] {dag.py:3096} INFO - Sync 1 DAGs
[2024-11-18T08:48:42.148+0000] {logging_mixin.py:188} INFO - [2024-11-18T08:48:42.147+0000] {dag.py:3954} INFO - Setting next_dagrun for example_params_ui_tutorial to None, run_after=None
[2024-11-18T08:48:42.181+0000] {processor.py:183} INFO - Processing /home/airflow/.local/lib/python3.12/site-packages/airflow/example_dags/example_params_ui_tutorial.py took 0.125 seconds
[2024-11-18T08:49:12.247+0000] {processor.py:161} INFO - Started process (PID=7726) to work on /home/airflow/.local/lib/python3.12/site-packages/airflow/example_dags/example_params_ui_tutorial.py
[2024-11-18T08:49:12.248+0000] {processor.py:830} INFO - Processing file /home/airflow/.local/lib/python3.12/site-packages/airflow/example_dags/example_params_ui_tutorial.py for tasks to queue
[2024-11-18T08:49:12.250+0000] {logging_mixin.py:188} INFO - [2024-11-18T08:49:12.250+0000] {dagbag.py:545} INFO - Filling up the DagBag from /home/airflow/.local/lib/python3.12/site-packages/airflow/example_dags/example_params_ui_tutorial.py
[2024-11-18T08:49:12.263+0000] {processor.py:840} INFO - DAG(s) 'example_params_ui_tutorial' retrieved from /home/airflow/.local/lib/python3.12/site-packages/airflow/example_dags/example_params_ui_tutorial.py
[2024-11-18T08:49:12.313+0000] {logging_mixin.py:188} INFO - [2024-11-18T08:49:12.312+0000] {dag.py:3096} INFO - Sync 1 DAGs
[2024-11-18T08:49:12.324+0000] {logging_mixin.py:188} INFO - [2024-11-18T08:49:12.324+0000] {dag.py:3954} INFO - Setting next_dagrun for example_params_ui_tutorial to None, run_after=None
[2024-11-18T08:49:12.354+0000] {processor.py:183} INFO - Processing /home/airflow/.local/lib/python3.12/site-packages/airflow/example_dags/example_params_ui_tutorial.py took 0.113 seconds
[2024-11-18T08:49:42.551+0000] {processor.py:161} INFO - Started process (PID=7985) to work on /home/airflow/.local/lib/python3.12/site-packages/airflow/example_dags/example_params_ui_tutorial.py
[2024-11-18T08:49:42.553+0000] {processor.py:830} INFO - Processing file /home/airflow/.local/lib/python3.12/site-packages/airflow/example_dags/example_params_ui_tutorial.py for tasks to queue
[2024-11-18T08:49:42.555+0000] {logging_mixin.py:188} INFO - [2024-11-18T08:49:42.555+0000] {dagbag.py:545} INFO - Filling up the DagBag from /home/airflow/.local/lib/python3.12/site-packages/airflow/example_dags/example_params_ui_tutorial.py
[2024-11-18T08:49:42.570+0000] {processor.py:840} INFO - DAG(s) 'example_params_ui_tutorial' retrieved from /home/airflow/.local/lib/python3.12/site-packages/airflow/example_dags/example_params_ui_tutorial.py
[2024-11-18T08:49:42.629+0000] {logging_mixin.py:188} INFO - [2024-11-18T08:49:42.629+0000] {dag.py:3096} INFO - Sync 1 DAGs
[2024-11-18T08:49:42.642+0000] {logging_mixin.py:188} INFO - [2024-11-18T08:49:42.642+0000] {dag.py:3954} INFO - Setting next_dagrun for example_params_ui_tutorial to None, run_after=None
[2024-11-18T08:49:42.665+0000] {processor.py:183} INFO - Processing /home/airflow/.local/lib/python3.12/site-packages/airflow/example_dags/example_params_ui_tutorial.py took 0.121 seconds
[2024-11-18T08:50:12.798+0000] {processor.py:161} INFO - Started process (PID=8252) to work on /home/airflow/.local/lib/python3.12/site-packages/airflow/example_dags/example_params_ui_tutorial.py
[2024-11-18T08:50:12.799+0000] {processor.py:830} INFO - Processing file /home/airflow/.local/lib/python3.12/site-packages/airflow/example_dags/example_params_ui_tutorial.py for tasks to queue
[2024-11-18T08:50:12.801+0000] {logging_mixin.py:188} INFO - [2024-11-18T08:50:12.800+0000] {dagbag.py:545} INFO - Filling up the DagBag from /home/airflow/.local/lib/python3.12/site-packages/airflow/example_dags/example_params_ui_tutorial.py
[2024-11-18T08:50:12.811+0000] {processor.py:840} INFO - DAG(s) 'example_params_ui_tutorial' retrieved from /home/airflow/.local/lib/python3.12/site-packages/airflow/example_dags/example_params_ui_tutorial.py
[2024-11-18T08:50:12.854+0000] {logging_mixin.py:188} INFO - [2024-11-18T08:50:12.854+0000] {dag.py:3096} INFO - Sync 1 DAGs
[2024-11-18T08:50:12.864+0000] {logging_mixin.py:188} INFO - [2024-11-18T08:50:12.864+0000] {dag.py:3954} INFO - Setting next_dagrun for example_params_ui_tutorial to None, run_after=None
[2024-11-18T08:50:12.892+0000] {processor.py:183} INFO - Processing /home/airflow/.local/lib/python3.12/site-packages/airflow/example_dags/example_params_ui_tutorial.py took 0.099 seconds
[2024-11-18T08:50:43.105+0000] {processor.py:161} INFO - Started process (PID=8507) to work on /home/airflow/.local/lib/python3.12/site-packages/airflow/example_dags/example_params_ui_tutorial.py
[2024-11-18T08:50:43.106+0000] {processor.py:830} INFO - Processing file /home/airflow/.local/lib/python3.12/site-packages/airflow/example_dags/example_params_ui_tutorial.py for tasks to queue
[2024-11-18T08:50:43.107+0000] {logging_mixin.py:188} INFO - [2024-11-18T08:50:43.107+0000] {dagbag.py:545} INFO - Filling up the DagBag from /home/airflow/.local/lib/python3.12/site-packages/airflow/example_dags/example_params_ui_tutorial.py
[2024-11-18T08:50:43.119+0000] {processor.py:840} INFO - DAG(s) 'example_params_ui_tutorial' retrieved from /home/airflow/.local/lib/python3.12/site-packages/airflow/example_dags/example_params_ui_tutorial.py
[2024-11-18T08:50:43.185+0000] {logging_mixin.py:188} INFO - [2024-11-18T08:50:43.185+0000] {dag.py:3096} INFO - Sync 1 DAGs
[2024-11-18T08:50:43.201+0000] {logging_mixin.py:188} INFO - [2024-11-18T08:50:43.201+0000] {dag.py:3954} INFO - Setting next_dagrun for example_params_ui_tutorial to None, run_after=None
[2024-11-18T08:50:43.228+0000] {processor.py:183} INFO - Processing /home/airflow/.local/lib/python3.12/site-packages/airflow/example_dags/example_params_ui_tutorial.py took 0.129 seconds
[2024-11-18T08:51:13.572+0000] {processor.py:161} INFO - Started process (PID=8772) to work on /home/airflow/.local/lib/python3.12/site-packages/airflow/example_dags/example_params_ui_tutorial.py
[2024-11-18T08:51:13.574+0000] {processor.py:830} INFO - Processing file /home/airflow/.local/lib/python3.12/site-packages/airflow/example_dags/example_params_ui_tutorial.py for tasks to queue
[2024-11-18T08:51:13.576+0000] {logging_mixin.py:188} INFO - [2024-11-18T08:51:13.575+0000] {dagbag.py:545} INFO - Filling up the DagBag from /home/airflow/.local/lib/python3.12/site-packages/airflow/example_dags/example_params_ui_tutorial.py
[2024-11-18T08:51:13.586+0000] {processor.py:840} INFO - DAG(s) 'example_params_ui_tutorial' retrieved from /home/airflow/.local/lib/python3.12/site-packages/airflow/example_dags/example_params_ui_tutorial.py
[2024-11-18T08:51:13.634+0000] {logging_mixin.py:188} INFO - [2024-11-18T08:51:13.634+0000] {dag.py:3096} INFO - Sync 1 DAGs
[2024-11-18T08:51:13.646+0000] {logging_mixin.py:188} INFO - [2024-11-18T08:51:13.646+0000] {dag.py:3954} INFO - Setting next_dagrun for example_params_ui_tutorial to None, run_after=None
[2024-11-18T08:51:13.675+0000] {processor.py:183} INFO - Processing /home/airflow/.local/lib/python3.12/site-packages/airflow/example_dags/example_params_ui_tutorial.py took 0.108 seconds
[2024-11-18T08:51:43.874+0000] {processor.py:161} INFO - Started process (PID=9034) to work on /home/airflow/.local/lib/python3.12/site-packages/airflow/example_dags/example_params_ui_tutorial.py
[2024-11-18T08:51:43.875+0000] {processor.py:830} INFO - Processing file /home/airflow/.local/lib/python3.12/site-packages/airflow/example_dags/example_params_ui_tutorial.py for tasks to queue
[2024-11-18T08:51:43.877+0000] {logging_mixin.py:188} INFO - [2024-11-18T08:51:43.876+0000] {dagbag.py:545} INFO - Filling up the DagBag from /home/airflow/.local/lib/python3.12/site-packages/airflow/example_dags/example_params_ui_tutorial.py
[2024-11-18T08:51:43.887+0000] {processor.py:840} INFO - DAG(s) 'example_params_ui_tutorial' retrieved from /home/airflow/.local/lib/python3.12/site-packages/airflow/example_dags/example_params_ui_tutorial.py
[2024-11-18T08:51:43.937+0000] {logging_mixin.py:188} INFO - [2024-11-18T08:51:43.936+0000] {dag.py:3096} INFO - Sync 1 DAGs
[2024-11-18T08:51:43.948+0000] {logging_mixin.py:188} INFO - [2024-11-18T08:51:43.948+0000] {dag.py:3954} INFO - Setting next_dagrun for example_params_ui_tutorial to None, run_after=None
[2024-11-18T08:51:43.970+0000] {processor.py:183} INFO - Processing /home/airflow/.local/lib/python3.12/site-packages/airflow/example_dags/example_params_ui_tutorial.py took 0.101 seconds
[2024-11-18T08:52:14.422+0000] {processor.py:161} INFO - Started process (PID=9294) to work on /home/airflow/.local/lib/python3.12/site-packages/airflow/example_dags/example_params_ui_tutorial.py
[2024-11-18T08:52:14.423+0000] {processor.py:830} INFO - Processing file /home/airflow/.local/lib/python3.12/site-packages/airflow/example_dags/example_params_ui_tutorial.py for tasks to queue
[2024-11-18T08:52:14.425+0000] {logging_mixin.py:188} INFO - [2024-11-18T08:52:14.425+0000] {dagbag.py:545} INFO - Filling up the DagBag from /home/airflow/.local/lib/python3.12/site-packages/airflow/example_dags/example_params_ui_tutorial.py
[2024-11-18T08:52:14.440+0000] {processor.py:840} INFO - DAG(s) 'example_params_ui_tutorial' retrieved from /home/airflow/.local/lib/python3.12/site-packages/airflow/example_dags/example_params_ui_tutorial.py
[2024-11-18T08:52:14.497+0000] {logging_mixin.py:188} INFO - [2024-11-18T08:52:14.497+0000] {dag.py:3096} INFO - Sync 1 DAGs
[2024-11-18T08:52:14.509+0000] {logging_mixin.py:188} INFO - [2024-11-18T08:52:14.508+0000] {dag.py:3954} INFO - Setting next_dagrun for example_params_ui_tutorial to None, run_after=None
[2024-11-18T08:52:14.529+0000] {processor.py:183} INFO - Processing /home/airflow/.local/lib/python3.12/site-packages/airflow/example_dags/example_params_ui_tutorial.py took 0.113 seconds
[2024-11-18T08:52:45.950+0000] {processor.py:161} INFO - Started process (PID=9562) to work on /home/airflow/.local/lib/python3.12/site-packages/airflow/example_dags/example_params_ui_tutorial.py
[2024-11-18T08:52:45.951+0000] {processor.py:830} INFO - Processing file /home/airflow/.local/lib/python3.12/site-packages/airflow/example_dags/example_params_ui_tutorial.py for tasks to queue
[2024-11-18T08:52:45.952+0000] {logging_mixin.py:188} INFO - [2024-11-18T08:52:45.952+0000] {dagbag.py:545} INFO - Filling up the DagBag from /home/airflow/.local/lib/python3.12/site-packages/airflow/example_dags/example_params_ui_tutorial.py
[2024-11-18T08:52:45.962+0000] {processor.py:840} INFO - DAG(s) 'example_params_ui_tutorial' retrieved from /home/airflow/.local/lib/python3.12/site-packages/airflow/example_dags/example_params_ui_tutorial.py
[2024-11-18T08:52:46.010+0000] {logging_mixin.py:188} INFO - [2024-11-18T08:52:46.010+0000] {dag.py:3096} INFO - Sync 1 DAGs
[2024-11-18T08:52:46.022+0000] {logging_mixin.py:188} INFO - [2024-11-18T08:52:46.022+0000] {dag.py:3954} INFO - Setting next_dagrun for example_params_ui_tutorial to None, run_after=None
[2024-11-18T08:52:46.043+0000] {processor.py:183} INFO - Processing /home/airflow/.local/lib/python3.12/site-packages/airflow/example_dags/example_params_ui_tutorial.py took 0.098 seconds
