[2024-11-18T08:34:59.955+0000] {processor.py:161} INFO - Started process (PID=410) to work on /home/airflow/.local/lib/python3.12/site-packages/airflow/example_dags/example_latest_only_with_trigger.py
[2024-11-18T08:34:59.957+0000] {processor.py:830} INFO - Processing file /home/airflow/.local/lib/python3.12/site-packages/airflow/example_dags/example_latest_only_with_trigger.py for tasks to queue
[2024-11-18T08:34:59.961+0000] {logging_mixin.py:188} INFO - [2024-11-18T08:34:59.960+0000] {dagbag.py:545} INFO - Filling up the DagBag from /home/airflow/.local/lib/python3.12/site-packages/airflow/example_dags/example_latest_only_with_trigger.py
[2024-11-18T08:34:59.972+0000] {processor.py:840} INFO - DAG(s) 'latest_only_with_trigger' retrieved from /home/airflow/.local/lib/python3.12/site-packages/airflow/example_dags/example_latest_only_with_trigger.py
[2024-11-18T08:34:59.990+0000] {logging_mixin.py:188} INFO - [2024-11-18T08:34:59.990+0000] {dag.py:3096} INFO - Sync 1 DAGs
[2024-11-18T08:35:00.025+0000] {logging_mixin.py:188} INFO - [2024-11-18T08:35:00.024+0000] {dag.py:3118} INFO - Creating ORM DAG for latest_only_with_trigger
[2024-11-18T08:35:00.042+0000] {logging_mixin.py:188} INFO - [2024-11-18T08:35:00.042+0000] {dag.py:3954} INFO - Setting next_dagrun for latest_only_with_trigger to 2024-11-18 04:00:00+00:00, run_after=2024-11-18 08:00:00+00:00
[2024-11-18T08:35:00.073+0000] {processor.py:183} INFO - Processing /home/airflow/.local/lib/python3.12/site-packages/airflow/example_dags/example_latest_only_with_trigger.py took 0.127 seconds
[2024-11-18T08:35:30.301+0000] {processor.py:161} INFO - Started process (PID=672) to work on /home/airflow/.local/lib/python3.12/site-packages/airflow/example_dags/example_latest_only_with_trigger.py
[2024-11-18T08:35:30.303+0000] {processor.py:830} INFO - Processing file /home/airflow/.local/lib/python3.12/site-packages/airflow/example_dags/example_latest_only_with_trigger.py for tasks to queue
[2024-11-18T08:35:30.305+0000] {logging_mixin.py:188} INFO - [2024-11-18T08:35:30.304+0000] {dagbag.py:545} INFO - Filling up the DagBag from /home/airflow/.local/lib/python3.12/site-packages/airflow/example_dags/example_latest_only_with_trigger.py
[2024-11-18T08:35:30.310+0000] {processor.py:840} INFO - DAG(s) 'latest_only_with_trigger' retrieved from /home/airflow/.local/lib/python3.12/site-packages/airflow/example_dags/example_latest_only_with_trigger.py
[2024-11-18T08:35:30.402+0000] {logging_mixin.py:188} INFO - [2024-11-18T08:35:30.401+0000] {dag.py:3096} INFO - Sync 1 DAGs
[2024-11-18T08:35:30.421+0000] {logging_mixin.py:188} INFO - [2024-11-18T08:35:30.421+0000] {dag.py:3954} INFO - Setting next_dagrun for latest_only_with_trigger to 2024-11-18 04:00:00+00:00, run_after=2024-11-18 08:00:00+00:00
[2024-11-18T08:35:30.444+0000] {processor.py:183} INFO - Processing /home/airflow/.local/lib/python3.12/site-packages/airflow/example_dags/example_latest_only_with_trigger.py took 0.148 seconds
[2024-11-18T08:36:00.963+0000] {processor.py:161} INFO - Started process (PID=934) to work on /home/airflow/.local/lib/python3.12/site-packages/airflow/example_dags/example_latest_only_with_trigger.py
[2024-11-18T08:36:00.964+0000] {processor.py:830} INFO - Processing file /home/airflow/.local/lib/python3.12/site-packages/airflow/example_dags/example_latest_only_with_trigger.py for tasks to queue
[2024-11-18T08:36:00.965+0000] {logging_mixin.py:188} INFO - [2024-11-18T08:36:00.965+0000] {dagbag.py:545} INFO - Filling up the DagBag from /home/airflow/.local/lib/python3.12/site-packages/airflow/example_dags/example_latest_only_with_trigger.py
[2024-11-18T08:36:00.970+0000] {processor.py:840} INFO - DAG(s) 'latest_only_with_trigger' retrieved from /home/airflow/.local/lib/python3.12/site-packages/airflow/example_dags/example_latest_only_with_trigger.py
[2024-11-18T08:36:00.991+0000] {logging_mixin.py:188} INFO - [2024-11-18T08:36:00.991+0000] {dag.py:3096} INFO - Sync 1 DAGs
[2024-11-18T08:36:01.010+0000] {logging_mixin.py:188} INFO - [2024-11-18T08:36:01.010+0000] {dag.py:3954} INFO - Setting next_dagrun for latest_only_with_trigger to 2024-11-18 04:00:00+00:00, run_after=2024-11-18 08:00:00+00:00
[2024-11-18T08:36:01.040+0000] {processor.py:183} INFO - Processing /home/airflow/.local/lib/python3.12/site-packages/airflow/example_dags/example_latest_only_with_trigger.py took 0.082 seconds
[2024-11-18T08:36:31.643+0000] {processor.py:161} INFO - Started process (PID=1196) to work on /home/airflow/.local/lib/python3.12/site-packages/airflow/example_dags/example_latest_only_with_trigger.py
[2024-11-18T08:36:31.644+0000] {processor.py:830} INFO - Processing file /home/airflow/.local/lib/python3.12/site-packages/airflow/example_dags/example_latest_only_with_trigger.py for tasks to queue
[2024-11-18T08:36:31.646+0000] {logging_mixin.py:188} INFO - [2024-11-18T08:36:31.645+0000] {dagbag.py:545} INFO - Filling up the DagBag from /home/airflow/.local/lib/python3.12/site-packages/airflow/example_dags/example_latest_only_with_trigger.py
[2024-11-18T08:36:31.650+0000] {processor.py:840} INFO - DAG(s) 'latest_only_with_trigger' retrieved from /home/airflow/.local/lib/python3.12/site-packages/airflow/example_dags/example_latest_only_with_trigger.py
[2024-11-18T08:36:31.672+0000] {logging_mixin.py:188} INFO - [2024-11-18T08:36:31.672+0000] {dag.py:3096} INFO - Sync 1 DAGs
[2024-11-18T08:36:31.692+0000] {logging_mixin.py:188} INFO - [2024-11-18T08:36:31.692+0000] {dag.py:3954} INFO - Setting next_dagrun for latest_only_with_trigger to 2024-11-18 04:00:00+00:00, run_after=2024-11-18 08:00:00+00:00
[2024-11-18T08:36:31.737+0000] {processor.py:183} INFO - Processing /home/airflow/.local/lib/python3.12/site-packages/airflow/example_dags/example_latest_only_with_trigger.py took 0.098 seconds
[2024-11-18T08:37:02.693+0000] {processor.py:161} INFO - Started process (PID=1458) to work on /home/airflow/.local/lib/python3.12/site-packages/airflow/example_dags/example_latest_only_with_trigger.py
[2024-11-18T08:37:02.694+0000] {processor.py:830} INFO - Processing file /home/airflow/.local/lib/python3.12/site-packages/airflow/example_dags/example_latest_only_with_trigger.py for tasks to queue
[2024-11-18T08:37:02.696+0000] {logging_mixin.py:188} INFO - [2024-11-18T08:37:02.696+0000] {dagbag.py:545} INFO - Filling up the DagBag from /home/airflow/.local/lib/python3.12/site-packages/airflow/example_dags/example_latest_only_with_trigger.py
[2024-11-18T08:37:02.702+0000] {processor.py:840} INFO - DAG(s) 'latest_only_with_trigger' retrieved from /home/airflow/.local/lib/python3.12/site-packages/airflow/example_dags/example_latest_only_with_trigger.py
[2024-11-18T08:37:02.722+0000] {logging_mixin.py:188} INFO - [2024-11-18T08:37:02.722+0000] {dag.py:3096} INFO - Sync 1 DAGs
[2024-11-18T08:37:02.743+0000] {logging_mixin.py:188} INFO - [2024-11-18T08:37:02.743+0000] {dag.py:3954} INFO - Setting next_dagrun for latest_only_with_trigger to 2024-11-18 04:00:00+00:00, run_after=2024-11-18 08:00:00+00:00
[2024-11-18T08:37:02.774+0000] {processor.py:183} INFO - Processing /home/airflow/.local/lib/python3.12/site-packages/airflow/example_dags/example_latest_only_with_trigger.py took 0.087 seconds
[2024-11-18T08:37:33.188+0000] {processor.py:161} INFO - Started process (PID=1722) to work on /home/airflow/.local/lib/python3.12/site-packages/airflow/example_dags/example_latest_only_with_trigger.py
[2024-11-18T08:37:33.189+0000] {processor.py:830} INFO - Processing file /home/airflow/.local/lib/python3.12/site-packages/airflow/example_dags/example_latest_only_with_trigger.py for tasks to queue
[2024-11-18T08:37:33.191+0000] {logging_mixin.py:188} INFO - [2024-11-18T08:37:33.191+0000] {dagbag.py:545} INFO - Filling up the DagBag from /home/airflow/.local/lib/python3.12/site-packages/airflow/example_dags/example_latest_only_with_trigger.py
[2024-11-18T08:37:33.196+0000] {processor.py:840} INFO - DAG(s) 'latest_only_with_trigger' retrieved from /home/airflow/.local/lib/python3.12/site-packages/airflow/example_dags/example_latest_only_with_trigger.py
[2024-11-18T08:37:33.215+0000] {logging_mixin.py:188} INFO - [2024-11-18T08:37:33.214+0000] {dag.py:3096} INFO - Sync 1 DAGs
[2024-11-18T08:37:33.234+0000] {logging_mixin.py:188} INFO - [2024-11-18T08:37:33.233+0000] {dag.py:3954} INFO - Setting next_dagrun for latest_only_with_trigger to 2024-11-18 04:00:00+00:00, run_after=2024-11-18 08:00:00+00:00
[2024-11-18T08:37:33.263+0000] {processor.py:183} INFO - Processing /home/airflow/.local/lib/python3.12/site-packages/airflow/example_dags/example_latest_only_with_trigger.py took 0.080 seconds
[2024-11-18T08:38:03.365+0000] {processor.py:161} INFO - Started process (PID=1982) to work on /home/airflow/.local/lib/python3.12/site-packages/airflow/example_dags/example_latest_only_with_trigger.py
[2024-11-18T08:38:03.366+0000] {processor.py:830} INFO - Processing file /home/airflow/.local/lib/python3.12/site-packages/airflow/example_dags/example_latest_only_with_trigger.py for tasks to queue
[2024-11-18T08:38:03.368+0000] {logging_mixin.py:188} INFO - [2024-11-18T08:38:03.368+0000] {dagbag.py:545} INFO - Filling up the DagBag from /home/airflow/.local/lib/python3.12/site-packages/airflow/example_dags/example_latest_only_with_trigger.py
[2024-11-18T08:38:03.373+0000] {processor.py:840} INFO - DAG(s) 'latest_only_with_trigger' retrieved from /home/airflow/.local/lib/python3.12/site-packages/airflow/example_dags/example_latest_only_with_trigger.py
[2024-11-18T08:38:03.395+0000] {logging_mixin.py:188} INFO - [2024-11-18T08:38:03.395+0000] {dag.py:3096} INFO - Sync 1 DAGs
[2024-11-18T08:38:03.414+0000] {logging_mixin.py:188} INFO - [2024-11-18T08:38:03.414+0000] {dag.py:3954} INFO - Setting next_dagrun for latest_only_with_trigger to 2024-11-18 04:00:00+00:00, run_after=2024-11-18 08:00:00+00:00
[2024-11-18T08:38:03.436+0000] {processor.py:183} INFO - Processing /home/airflow/.local/lib/python3.12/site-packages/airflow/example_dags/example_latest_only_with_trigger.py took 0.077 seconds
[2024-11-18T08:38:33.669+0000] {processor.py:161} INFO - Started process (PID=2244) to work on /home/airflow/.local/lib/python3.12/site-packages/airflow/example_dags/example_latest_only_with_trigger.py
[2024-11-18T08:38:33.670+0000] {processor.py:830} INFO - Processing file /home/airflow/.local/lib/python3.12/site-packages/airflow/example_dags/example_latest_only_with_trigger.py for tasks to queue
[2024-11-18T08:38:33.671+0000] {logging_mixin.py:188} INFO - [2024-11-18T08:38:33.671+0000] {dagbag.py:545} INFO - Filling up the DagBag from /home/airflow/.local/lib/python3.12/site-packages/airflow/example_dags/example_latest_only_with_trigger.py
[2024-11-18T08:38:33.676+0000] {processor.py:840} INFO - DAG(s) 'latest_only_with_trigger' retrieved from /home/airflow/.local/lib/python3.12/site-packages/airflow/example_dags/example_latest_only_with_trigger.py
[2024-11-18T08:38:33.696+0000] {logging_mixin.py:188} INFO - [2024-11-18T08:38:33.696+0000] {dag.py:3096} INFO - Sync 1 DAGs
[2024-11-18T08:38:33.715+0000] {logging_mixin.py:188} INFO - [2024-11-18T08:38:33.715+0000] {dag.py:3954} INFO - Setting next_dagrun for latest_only_with_trigger to 2024-11-18 04:00:00+00:00, run_after=2024-11-18 08:00:00+00:00
[2024-11-18T08:38:33.744+0000] {processor.py:183} INFO - Processing /home/airflow/.local/lib/python3.12/site-packages/airflow/example_dags/example_latest_only_with_trigger.py took 0.081 seconds
[2024-11-18T08:39:03.990+0000] {processor.py:161} INFO - Started process (PID=2508) to work on /home/airflow/.local/lib/python3.12/site-packages/airflow/example_dags/example_latest_only_with_trigger.py
[2024-11-18T08:39:03.991+0000] {processor.py:830} INFO - Processing file /home/airflow/.local/lib/python3.12/site-packages/airflow/example_dags/example_latest_only_with_trigger.py for tasks to queue
[2024-11-18T08:39:03.993+0000] {logging_mixin.py:188} INFO - [2024-11-18T08:39:03.992+0000] {dagbag.py:545} INFO - Filling up the DagBag from /home/airflow/.local/lib/python3.12/site-packages/airflow/example_dags/example_latest_only_with_trigger.py
[2024-11-18T08:39:03.997+0000] {processor.py:840} INFO - DAG(s) 'latest_only_with_trigger' retrieved from /home/airflow/.local/lib/python3.12/site-packages/airflow/example_dags/example_latest_only_with_trigger.py
[2024-11-18T08:39:04.017+0000] {logging_mixin.py:188} INFO - [2024-11-18T08:39:04.017+0000] {dag.py:3096} INFO - Sync 1 DAGs
[2024-11-18T08:39:04.035+0000] {logging_mixin.py:188} INFO - [2024-11-18T08:39:04.035+0000] {dag.py:3954} INFO - Setting next_dagrun for latest_only_with_trigger to 2024-11-18 04:00:00+00:00, run_after=2024-11-18 08:00:00+00:00
[2024-11-18T08:39:04.065+0000] {processor.py:183} INFO - Processing /home/airflow/.local/lib/python3.12/site-packages/airflow/example_dags/example_latest_only_with_trigger.py took 0.080 seconds
[2024-11-18T08:39:34.387+0000] {processor.py:161} INFO - Started process (PID=2770) to work on /home/airflow/.local/lib/python3.12/site-packages/airflow/example_dags/example_latest_only_with_trigger.py
[2024-11-18T08:39:34.388+0000] {processor.py:830} INFO - Processing file /home/airflow/.local/lib/python3.12/site-packages/airflow/example_dags/example_latest_only_with_trigger.py for tasks to queue
[2024-11-18T08:39:34.390+0000] {logging_mixin.py:188} INFO - [2024-11-18T08:39:34.389+0000] {dagbag.py:545} INFO - Filling up the DagBag from /home/airflow/.local/lib/python3.12/site-packages/airflow/example_dags/example_latest_only_with_trigger.py
[2024-11-18T08:39:34.394+0000] {processor.py:840} INFO - DAG(s) 'latest_only_with_trigger' retrieved from /home/airflow/.local/lib/python3.12/site-packages/airflow/example_dags/example_latest_only_with_trigger.py
[2024-11-18T08:39:34.413+0000] {logging_mixin.py:188} INFO - [2024-11-18T08:39:34.413+0000] {dag.py:3096} INFO - Sync 1 DAGs
[2024-11-18T08:39:34.431+0000] {logging_mixin.py:188} INFO - [2024-11-18T08:39:34.431+0000] {dag.py:3954} INFO - Setting next_dagrun for latest_only_with_trigger to 2024-11-18 04:00:00+00:00, run_after=2024-11-18 08:00:00+00:00
[2024-11-18T08:39:34.459+0000] {processor.py:183} INFO - Processing /home/airflow/.local/lib/python3.12/site-packages/airflow/example_dags/example_latest_only_with_trigger.py took 0.078 seconds
[2024-11-18T08:40:04.689+0000] {processor.py:161} INFO - Started process (PID=3032) to work on /home/airflow/.local/lib/python3.12/site-packages/airflow/example_dags/example_latest_only_with_trigger.py
[2024-11-18T08:40:04.690+0000] {processor.py:830} INFO - Processing file /home/airflow/.local/lib/python3.12/site-packages/airflow/example_dags/example_latest_only_with_trigger.py for tasks to queue
[2024-11-18T08:40:04.692+0000] {logging_mixin.py:188} INFO - [2024-11-18T08:40:04.692+0000] {dagbag.py:545} INFO - Filling up the DagBag from /home/airflow/.local/lib/python3.12/site-packages/airflow/example_dags/example_latest_only_with_trigger.py
[2024-11-18T08:40:04.697+0000] {processor.py:840} INFO - DAG(s) 'latest_only_with_trigger' retrieved from /home/airflow/.local/lib/python3.12/site-packages/airflow/example_dags/example_latest_only_with_trigger.py
[2024-11-18T08:40:04.716+0000] {logging_mixin.py:188} INFO - [2024-11-18T08:40:04.716+0000] {dag.py:3096} INFO - Sync 1 DAGs
[2024-11-18T08:40:04.734+0000] {logging_mixin.py:188} INFO - [2024-11-18T08:40:04.734+0000] {dag.py:3954} INFO - Setting next_dagrun for latest_only_with_trigger to 2024-11-18 04:00:00+00:00, run_after=2024-11-18 08:00:00+00:00
[2024-11-18T08:40:04.763+0000] {processor.py:183} INFO - Processing /home/airflow/.local/lib/python3.12/site-packages/airflow/example_dags/example_latest_only_with_trigger.py took 0.079 seconds
[2024-11-18T08:40:35.022+0000] {processor.py:161} INFO - Started process (PID=3292) to work on /home/airflow/.local/lib/python3.12/site-packages/airflow/example_dags/example_latest_only_with_trigger.py
[2024-11-18T08:40:35.023+0000] {processor.py:830} INFO - Processing file /home/airflow/.local/lib/python3.12/site-packages/airflow/example_dags/example_latest_only_with_trigger.py for tasks to queue
[2024-11-18T08:40:35.024+0000] {logging_mixin.py:188} INFO - [2024-11-18T08:40:35.024+0000] {dagbag.py:545} INFO - Filling up the DagBag from /home/airflow/.local/lib/python3.12/site-packages/airflow/example_dags/example_latest_only_with_trigger.py
[2024-11-18T08:40:35.029+0000] {processor.py:840} INFO - DAG(s) 'latest_only_with_trigger' retrieved from /home/airflow/.local/lib/python3.12/site-packages/airflow/example_dags/example_latest_only_with_trigger.py
[2024-11-18T08:40:35.048+0000] {logging_mixin.py:188} INFO - [2024-11-18T08:40:35.048+0000] {dag.py:3096} INFO - Sync 1 DAGs
[2024-11-18T08:40:35.068+0000] {logging_mixin.py:188} INFO - [2024-11-18T08:40:35.068+0000] {dag.py:3954} INFO - Setting next_dagrun for latest_only_with_trigger to 2024-11-18 04:00:00+00:00, run_after=2024-11-18 08:00:00+00:00
[2024-11-18T08:40:35.098+0000] {processor.py:183} INFO - Processing /home/airflow/.local/lib/python3.12/site-packages/airflow/example_dags/example_latest_only_with_trigger.py took 0.081 seconds
[2024-11-18T08:41:05.514+0000] {processor.py:161} INFO - Started process (PID=3556) to work on /home/airflow/.local/lib/python3.12/site-packages/airflow/example_dags/example_latest_only_with_trigger.py
[2024-11-18T08:41:05.515+0000] {processor.py:830} INFO - Processing file /home/airflow/.local/lib/python3.12/site-packages/airflow/example_dags/example_latest_only_with_trigger.py for tasks to queue
[2024-11-18T08:41:05.516+0000] {logging_mixin.py:188} INFO - [2024-11-18T08:41:05.516+0000] {dagbag.py:545} INFO - Filling up the DagBag from /home/airflow/.local/lib/python3.12/site-packages/airflow/example_dags/example_latest_only_with_trigger.py
[2024-11-18T08:41:05.522+0000] {processor.py:840} INFO - DAG(s) 'latest_only_with_trigger' retrieved from /home/airflow/.local/lib/python3.12/site-packages/airflow/example_dags/example_latest_only_with_trigger.py
[2024-11-18T08:41:05.540+0000] {logging_mixin.py:188} INFO - [2024-11-18T08:41:05.540+0000] {dag.py:3096} INFO - Sync 1 DAGs
[2024-11-18T08:41:05.559+0000] {logging_mixin.py:188} INFO - [2024-11-18T08:41:05.558+0000] {dag.py:3954} INFO - Setting next_dagrun for latest_only_with_trigger to 2024-11-18 04:00:00+00:00, run_after=2024-11-18 08:00:00+00:00
[2024-11-18T08:41:05.591+0000] {processor.py:183} INFO - Processing /home/airflow/.local/lib/python3.12/site-packages/airflow/example_dags/example_latest_only_with_trigger.py took 0.082 seconds
[2024-11-18T08:41:35.960+0000] {processor.py:161} INFO - Started process (PID=3816) to work on /home/airflow/.local/lib/python3.12/site-packages/airflow/example_dags/example_latest_only_with_trigger.py
[2024-11-18T08:41:35.961+0000] {processor.py:830} INFO - Processing file /home/airflow/.local/lib/python3.12/site-packages/airflow/example_dags/example_latest_only_with_trigger.py for tasks to queue
[2024-11-18T08:41:35.964+0000] {logging_mixin.py:188} INFO - [2024-11-18T08:41:35.963+0000] {dagbag.py:545} INFO - Filling up the DagBag from /home/airflow/.local/lib/python3.12/site-packages/airflow/example_dags/example_latest_only_with_trigger.py
[2024-11-18T08:41:35.971+0000] {processor.py:840} INFO - DAG(s) 'latest_only_with_trigger' retrieved from /home/airflow/.local/lib/python3.12/site-packages/airflow/example_dags/example_latest_only_with_trigger.py
[2024-11-18T08:41:36.007+0000] {logging_mixin.py:188} INFO - [2024-11-18T08:41:36.007+0000] {dag.py:3096} INFO - Sync 1 DAGs
[2024-11-18T08:41:36.053+0000] {logging_mixin.py:188} INFO - [2024-11-18T08:41:36.052+0000] {dag.py:3954} INFO - Setting next_dagrun for latest_only_with_trigger to 2024-11-18 04:00:00+00:00, run_after=2024-11-18 08:00:00+00:00
[2024-11-18T08:41:36.082+0000] {processor.py:183} INFO - Processing /home/airflow/.local/lib/python3.12/site-packages/airflow/example_dags/example_latest_only_with_trigger.py took 0.131 seconds
[2024-11-18T08:42:06.604+0000] {processor.py:161} INFO - Started process (PID=4078) to work on /home/airflow/.local/lib/python3.12/site-packages/airflow/example_dags/example_latest_only_with_trigger.py
[2024-11-18T08:42:06.605+0000] {processor.py:830} INFO - Processing file /home/airflow/.local/lib/python3.12/site-packages/airflow/example_dags/example_latest_only_with_trigger.py for tasks to queue
[2024-11-18T08:42:06.607+0000] {logging_mixin.py:188} INFO - [2024-11-18T08:42:06.607+0000] {dagbag.py:545} INFO - Filling up the DagBag from /home/airflow/.local/lib/python3.12/site-packages/airflow/example_dags/example_latest_only_with_trigger.py
[2024-11-18T08:42:06.612+0000] {processor.py:840} INFO - DAG(s) 'latest_only_with_trigger' retrieved from /home/airflow/.local/lib/python3.12/site-packages/airflow/example_dags/example_latest_only_with_trigger.py
[2024-11-18T08:42:06.637+0000] {logging_mixin.py:188} INFO - [2024-11-18T08:42:06.636+0000] {dag.py:3096} INFO - Sync 1 DAGs
[2024-11-18T08:42:06.659+0000] {logging_mixin.py:188} INFO - [2024-11-18T08:42:06.658+0000] {dag.py:3954} INFO - Setting next_dagrun for latest_only_with_trigger to 2024-11-18 04:00:00+00:00, run_after=2024-11-18 08:00:00+00:00
[2024-11-18T08:42:06.681+0000] {processor.py:183} INFO - Processing /home/airflow/.local/lib/python3.12/site-packages/airflow/example_dags/example_latest_only_with_trigger.py took 0.083 seconds
[2024-11-18T08:42:37.849+0000] {processor.py:161} INFO - Started process (PID=4340) to work on /home/airflow/.local/lib/python3.12/site-packages/airflow/example_dags/example_latest_only_with_trigger.py
[2024-11-18T08:42:37.850+0000] {processor.py:830} INFO - Processing file /home/airflow/.local/lib/python3.12/site-packages/airflow/example_dags/example_latest_only_with_trigger.py for tasks to queue
[2024-11-18T08:42:37.856+0000] {logging_mixin.py:188} INFO - [2024-11-18T08:42:37.855+0000] {dagbag.py:545} INFO - Filling up the DagBag from /home/airflow/.local/lib/python3.12/site-packages/airflow/example_dags/example_latest_only_with_trigger.py
[2024-11-18T08:42:37.867+0000] {processor.py:840} INFO - DAG(s) 'latest_only_with_trigger' retrieved from /home/airflow/.local/lib/python3.12/site-packages/airflow/example_dags/example_latest_only_with_trigger.py
[2024-11-18T08:42:37.908+0000] {logging_mixin.py:188} INFO - [2024-11-18T08:42:37.908+0000] {dag.py:3096} INFO - Sync 1 DAGs
[2024-11-18T08:42:37.977+0000] {logging_mixin.py:188} INFO - [2024-11-18T08:42:37.976+0000] {dag.py:3954} INFO - Setting next_dagrun for latest_only_with_trigger to 2024-11-18 04:00:00+00:00, run_after=2024-11-18 08:00:00+00:00
[2024-11-18T08:42:38.054+0000] {processor.py:183} INFO - Processing /home/airflow/.local/lib/python3.12/site-packages/airflow/example_dags/example_latest_only_with_trigger.py took 0.218 seconds
[2024-11-18T08:43:08.655+0000] {processor.py:161} INFO - Started process (PID=4602) to work on /home/airflow/.local/lib/python3.12/site-packages/airflow/example_dags/example_latest_only_with_trigger.py
[2024-11-18T08:43:08.659+0000] {processor.py:830} INFO - Processing file /home/airflow/.local/lib/python3.12/site-packages/airflow/example_dags/example_latest_only_with_trigger.py for tasks to queue
[2024-11-18T08:43:08.665+0000] {logging_mixin.py:188} INFO - [2024-11-18T08:43:08.664+0000] {dagbag.py:545} INFO - Filling up the DagBag from /home/airflow/.local/lib/python3.12/site-packages/airflow/example_dags/example_latest_only_with_trigger.py
[2024-11-18T08:43:08.684+0000] {processor.py:840} INFO - DAG(s) 'latest_only_with_trigger' retrieved from /home/airflow/.local/lib/python3.12/site-packages/airflow/example_dags/example_latest_only_with_trigger.py
[2024-11-18T08:43:08.753+0000] {logging_mixin.py:188} INFO - [2024-11-18T08:43:08.752+0000] {dag.py:3096} INFO - Sync 1 DAGs
[2024-11-18T08:43:08.813+0000] {logging_mixin.py:188} INFO - [2024-11-18T08:43:08.812+0000] {dag.py:3954} INFO - Setting next_dagrun for latest_only_with_trigger to 2024-11-18 04:00:00+00:00, run_after=2024-11-18 08:00:00+00:00
[2024-11-18T08:43:08.871+0000] {processor.py:183} INFO - Processing /home/airflow/.local/lib/python3.12/site-packages/airflow/example_dags/example_latest_only_with_trigger.py took 0.229 seconds
[2024-11-18T08:43:39.216+0000] {processor.py:161} INFO - Started process (PID=4866) to work on /home/airflow/.local/lib/python3.12/site-packages/airflow/example_dags/example_latest_only_with_trigger.py
[2024-11-18T08:43:39.217+0000] {processor.py:830} INFO - Processing file /home/airflow/.local/lib/python3.12/site-packages/airflow/example_dags/example_latest_only_with_trigger.py for tasks to queue
[2024-11-18T08:43:39.218+0000] {logging_mixin.py:188} INFO - [2024-11-18T08:43:39.218+0000] {dagbag.py:545} INFO - Filling up the DagBag from /home/airflow/.local/lib/python3.12/site-packages/airflow/example_dags/example_latest_only_with_trigger.py
[2024-11-18T08:43:39.223+0000] {processor.py:840} INFO - DAG(s) 'latest_only_with_trigger' retrieved from /home/airflow/.local/lib/python3.12/site-packages/airflow/example_dags/example_latest_only_with_trigger.py
[2024-11-18T08:43:39.243+0000] {logging_mixin.py:188} INFO - [2024-11-18T08:43:39.243+0000] {dag.py:3096} INFO - Sync 1 DAGs
[2024-11-18T08:43:39.261+0000] {logging_mixin.py:188} INFO - [2024-11-18T08:43:39.261+0000] {dag.py:3954} INFO - Setting next_dagrun for latest_only_with_trigger to 2024-11-18 04:00:00+00:00, run_after=2024-11-18 08:00:00+00:00
[2024-11-18T08:43:39.289+0000] {processor.py:183} INFO - Processing /home/airflow/.local/lib/python3.12/site-packages/airflow/example_dags/example_latest_only_with_trigger.py took 0.079 seconds
[2024-11-18T08:44:09.458+0000] {processor.py:161} INFO - Started process (PID=5128) to work on /home/airflow/.local/lib/python3.12/site-packages/airflow/example_dags/example_latest_only_with_trigger.py
[2024-11-18T08:44:09.459+0000] {processor.py:830} INFO - Processing file /home/airflow/.local/lib/python3.12/site-packages/airflow/example_dags/example_latest_only_with_trigger.py for tasks to queue
[2024-11-18T08:44:09.461+0000] {logging_mixin.py:188} INFO - [2024-11-18T08:44:09.461+0000] {dagbag.py:545} INFO - Filling up the DagBag from /home/airflow/.local/lib/python3.12/site-packages/airflow/example_dags/example_latest_only_with_trigger.py
[2024-11-18T08:44:09.467+0000] {processor.py:840} INFO - DAG(s) 'latest_only_with_trigger' retrieved from /home/airflow/.local/lib/python3.12/site-packages/airflow/example_dags/example_latest_only_with_trigger.py
[2024-11-18T08:44:09.487+0000] {logging_mixin.py:188} INFO - [2024-11-18T08:44:09.487+0000] {dag.py:3096} INFO - Sync 1 DAGs
[2024-11-18T08:44:09.506+0000] {logging_mixin.py:188} INFO - [2024-11-18T08:44:09.506+0000] {dag.py:3954} INFO - Setting next_dagrun for latest_only_with_trigger to 2024-11-18 04:00:00+00:00, run_after=2024-11-18 08:00:00+00:00
[2024-11-18T08:44:09.537+0000] {processor.py:183} INFO - Processing /home/airflow/.local/lib/python3.12/site-packages/airflow/example_dags/example_latest_only_with_trigger.py took 0.084 seconds
[2024-11-18T08:44:39.736+0000] {processor.py:161} INFO - Started process (PID=5389) to work on /home/airflow/.local/lib/python3.12/site-packages/airflow/example_dags/example_latest_only_with_trigger.py
[2024-11-18T08:44:39.737+0000] {processor.py:830} INFO - Processing file /home/airflow/.local/lib/python3.12/site-packages/airflow/example_dags/example_latest_only_with_trigger.py for tasks to queue
[2024-11-18T08:44:39.739+0000] {logging_mixin.py:188} INFO - [2024-11-18T08:44:39.739+0000] {dagbag.py:545} INFO - Filling up the DagBag from /home/airflow/.local/lib/python3.12/site-packages/airflow/example_dags/example_latest_only_with_trigger.py
[2024-11-18T08:44:39.744+0000] {processor.py:840} INFO - DAG(s) 'latest_only_with_trigger' retrieved from /home/airflow/.local/lib/python3.12/site-packages/airflow/example_dags/example_latest_only_with_trigger.py
[2024-11-18T08:44:39.762+0000] {logging_mixin.py:188} INFO - [2024-11-18T08:44:39.762+0000] {dag.py:3096} INFO - Sync 1 DAGs
[2024-11-18T08:44:39.781+0000] {logging_mixin.py:188} INFO - [2024-11-18T08:44:39.781+0000] {dag.py:3954} INFO - Setting next_dagrun for latest_only_with_trigger to 2024-11-18 04:00:00+00:00, run_after=2024-11-18 08:00:00+00:00
[2024-11-18T08:44:39.811+0000] {processor.py:183} INFO - Processing /home/airflow/.local/lib/python3.12/site-packages/airflow/example_dags/example_latest_only_with_trigger.py took 0.080 seconds
[2024-11-18T08:45:10.032+0000] {processor.py:161} INFO - Started process (PID=5650) to work on /home/airflow/.local/lib/python3.12/site-packages/airflow/example_dags/example_latest_only_with_trigger.py
[2024-11-18T08:45:10.033+0000] {processor.py:830} INFO - Processing file /home/airflow/.local/lib/python3.12/site-packages/airflow/example_dags/example_latest_only_with_trigger.py for tasks to queue
[2024-11-18T08:45:10.035+0000] {logging_mixin.py:188} INFO - [2024-11-18T08:45:10.035+0000] {dagbag.py:545} INFO - Filling up the DagBag from /home/airflow/.local/lib/python3.12/site-packages/airflow/example_dags/example_latest_only_with_trigger.py
[2024-11-18T08:45:10.041+0000] {processor.py:840} INFO - DAG(s) 'latest_only_with_trigger' retrieved from /home/airflow/.local/lib/python3.12/site-packages/airflow/example_dags/example_latest_only_with_trigger.py
[2024-11-18T08:45:10.061+0000] {logging_mixin.py:188} INFO - [2024-11-18T08:45:10.060+0000] {dag.py:3096} INFO - Sync 1 DAGs
[2024-11-18T08:45:10.082+0000] {logging_mixin.py:188} INFO - [2024-11-18T08:45:10.082+0000] {dag.py:3954} INFO - Setting next_dagrun for latest_only_with_trigger to 2024-11-18 04:00:00+00:00, run_after=2024-11-18 08:00:00+00:00
[2024-11-18T08:45:10.112+0000] {processor.py:183} INFO - Processing /home/airflow/.local/lib/python3.12/site-packages/airflow/example_dags/example_latest_only_with_trigger.py took 0.085 seconds
[2024-11-18T08:45:40.180+0000] {processor.py:161} INFO - Started process (PID=5912) to work on /home/airflow/.local/lib/python3.12/site-packages/airflow/example_dags/example_latest_only_with_trigger.py
[2024-11-18T08:45:40.181+0000] {processor.py:830} INFO - Processing file /home/airflow/.local/lib/python3.12/site-packages/airflow/example_dags/example_latest_only_with_trigger.py for tasks to queue
[2024-11-18T08:45:40.183+0000] {logging_mixin.py:188} INFO - [2024-11-18T08:45:40.183+0000] {dagbag.py:545} INFO - Filling up the DagBag from /home/airflow/.local/lib/python3.12/site-packages/airflow/example_dags/example_latest_only_with_trigger.py
[2024-11-18T08:45:40.189+0000] {processor.py:840} INFO - DAG(s) 'latest_only_with_trigger' retrieved from /home/airflow/.local/lib/python3.12/site-packages/airflow/example_dags/example_latest_only_with_trigger.py
[2024-11-18T08:45:40.209+0000] {logging_mixin.py:188} INFO - [2024-11-18T08:45:40.209+0000] {dag.py:3096} INFO - Sync 1 DAGs
[2024-11-18T08:45:40.231+0000] {logging_mixin.py:188} INFO - [2024-11-18T08:45:40.230+0000] {dag.py:3954} INFO - Setting next_dagrun for latest_only_with_trigger to 2024-11-18 04:00:00+00:00, run_after=2024-11-18 08:00:00+00:00
[2024-11-18T08:45:40.261+0000] {processor.py:183} INFO - Processing /home/airflow/.local/lib/python3.12/site-packages/airflow/example_dags/example_latest_only_with_trigger.py took 0.086 seconds
[2024-11-18T08:46:10.375+0000] {processor.py:161} INFO - Started process (PID=6174) to work on /home/airflow/.local/lib/python3.12/site-packages/airflow/example_dags/example_latest_only_with_trigger.py
[2024-11-18T08:46:10.376+0000] {processor.py:830} INFO - Processing file /home/airflow/.local/lib/python3.12/site-packages/airflow/example_dags/example_latest_only_with_trigger.py for tasks to queue
[2024-11-18T08:46:10.378+0000] {logging_mixin.py:188} INFO - [2024-11-18T08:46:10.377+0000] {dagbag.py:545} INFO - Filling up the DagBag from /home/airflow/.local/lib/python3.12/site-packages/airflow/example_dags/example_latest_only_with_trigger.py
[2024-11-18T08:46:10.383+0000] {processor.py:840} INFO - DAG(s) 'latest_only_with_trigger' retrieved from /home/airflow/.local/lib/python3.12/site-packages/airflow/example_dags/example_latest_only_with_trigger.py
[2024-11-18T08:46:10.405+0000] {logging_mixin.py:188} INFO - [2024-11-18T08:46:10.405+0000] {dag.py:3096} INFO - Sync 1 DAGs
[2024-11-18T08:46:10.426+0000] {logging_mixin.py:188} INFO - [2024-11-18T08:46:10.426+0000] {dag.py:3954} INFO - Setting next_dagrun for latest_only_with_trigger to 2024-11-18 04:00:00+00:00, run_after=2024-11-18 08:00:00+00:00
[2024-11-18T08:46:10.445+0000] {processor.py:183} INFO - Processing /home/airflow/.local/lib/python3.12/site-packages/airflow/example_dags/example_latest_only_with_trigger.py took 0.076 seconds
[2024-11-18T08:46:40.760+0000] {processor.py:161} INFO - Started process (PID=6438) to work on /home/airflow/.local/lib/python3.12/site-packages/airflow/example_dags/example_latest_only_with_trigger.py
[2024-11-18T08:46:40.761+0000] {processor.py:830} INFO - Processing file /home/airflow/.local/lib/python3.12/site-packages/airflow/example_dags/example_latest_only_with_trigger.py for tasks to queue
[2024-11-18T08:46:40.762+0000] {logging_mixin.py:188} INFO - [2024-11-18T08:46:40.762+0000] {dagbag.py:545} INFO - Filling up the DagBag from /home/airflow/.local/lib/python3.12/site-packages/airflow/example_dags/example_latest_only_with_trigger.py
[2024-11-18T08:46:40.767+0000] {processor.py:840} INFO - DAG(s) 'latest_only_with_trigger' retrieved from /home/airflow/.local/lib/python3.12/site-packages/airflow/example_dags/example_latest_only_with_trigger.py
[2024-11-18T08:46:40.786+0000] {logging_mixin.py:188} INFO - [2024-11-18T08:46:40.786+0000] {dag.py:3096} INFO - Sync 1 DAGs
[2024-11-18T08:46:40.805+0000] {logging_mixin.py:188} INFO - [2024-11-18T08:46:40.805+0000] {dag.py:3954} INFO - Setting next_dagrun for latest_only_with_trigger to 2024-11-18 04:00:00+00:00, run_after=2024-11-18 08:00:00+00:00
[2024-11-18T08:46:40.834+0000] {processor.py:183} INFO - Processing /home/airflow/.local/lib/python3.12/site-packages/airflow/example_dags/example_latest_only_with_trigger.py took 0.079 seconds
[2024-11-18T08:47:11.037+0000] {processor.py:161} INFO - Started process (PID=6700) to work on /home/airflow/.local/lib/python3.12/site-packages/airflow/example_dags/example_latest_only_with_trigger.py
[2024-11-18T08:47:11.038+0000] {processor.py:830} INFO - Processing file /home/airflow/.local/lib/python3.12/site-packages/airflow/example_dags/example_latest_only_with_trigger.py for tasks to queue
[2024-11-18T08:47:11.040+0000] {logging_mixin.py:188} INFO - [2024-11-18T08:47:11.040+0000] {dagbag.py:545} INFO - Filling up the DagBag from /home/airflow/.local/lib/python3.12/site-packages/airflow/example_dags/example_latest_only_with_trigger.py
[2024-11-18T08:47:11.044+0000] {processor.py:840} INFO - DAG(s) 'latest_only_with_trigger' retrieved from /home/airflow/.local/lib/python3.12/site-packages/airflow/example_dags/example_latest_only_with_trigger.py
[2024-11-18T08:47:11.063+0000] {logging_mixin.py:188} INFO - [2024-11-18T08:47:11.063+0000] {dag.py:3096} INFO - Sync 1 DAGs
[2024-11-18T08:47:11.081+0000] {logging_mixin.py:188} INFO - [2024-11-18T08:47:11.081+0000] {dag.py:3954} INFO - Setting next_dagrun for latest_only_with_trigger to 2024-11-18 04:00:00+00:00, run_after=2024-11-18 08:00:00+00:00
[2024-11-18T08:47:11.111+0000] {processor.py:183} INFO - Processing /home/airflow/.local/lib/python3.12/site-packages/airflow/example_dags/example_latest_only_with_trigger.py took 0.078 seconds
[2024-11-18T08:47:41.346+0000] {processor.py:161} INFO - Started process (PID=6962) to work on /home/airflow/.local/lib/python3.12/site-packages/airflow/example_dags/example_latest_only_with_trigger.py
[2024-11-18T08:47:41.347+0000] {processor.py:830} INFO - Processing file /home/airflow/.local/lib/python3.12/site-packages/airflow/example_dags/example_latest_only_with_trigger.py for tasks to queue
[2024-11-18T08:47:41.349+0000] {logging_mixin.py:188} INFO - [2024-11-18T08:47:41.349+0000] {dagbag.py:545} INFO - Filling up the DagBag from /home/airflow/.local/lib/python3.12/site-packages/airflow/example_dags/example_latest_only_with_trigger.py
[2024-11-18T08:47:41.354+0000] {processor.py:840} INFO - DAG(s) 'latest_only_with_trigger' retrieved from /home/airflow/.local/lib/python3.12/site-packages/airflow/example_dags/example_latest_only_with_trigger.py
[2024-11-18T08:47:41.375+0000] {logging_mixin.py:188} INFO - [2024-11-18T08:47:41.374+0000] {dag.py:3096} INFO - Sync 1 DAGs
[2024-11-18T08:47:41.403+0000] {logging_mixin.py:188} INFO - [2024-11-18T08:47:41.403+0000] {dag.py:3954} INFO - Setting next_dagrun for latest_only_with_trigger to 2024-11-18 04:00:00+00:00, run_after=2024-11-18 08:00:00+00:00
[2024-11-18T08:47:41.434+0000] {processor.py:183} INFO - Processing /home/airflow/.local/lib/python3.12/site-packages/airflow/example_dags/example_latest_only_with_trigger.py took 0.093 seconds
[2024-11-18T08:48:11.729+0000] {processor.py:161} INFO - Started process (PID=7222) to work on /home/airflow/.local/lib/python3.12/site-packages/airflow/example_dags/example_latest_only_with_trigger.py
[2024-11-18T08:48:11.730+0000] {processor.py:830} INFO - Processing file /home/airflow/.local/lib/python3.12/site-packages/airflow/example_dags/example_latest_only_with_trigger.py for tasks to queue
[2024-11-18T08:48:11.732+0000] {logging_mixin.py:188} INFO - [2024-11-18T08:48:11.732+0000] {dagbag.py:545} INFO - Filling up the DagBag from /home/airflow/.local/lib/python3.12/site-packages/airflow/example_dags/example_latest_only_with_trigger.py
[2024-11-18T08:48:11.737+0000] {processor.py:840} INFO - DAG(s) 'latest_only_with_trigger' retrieved from /home/airflow/.local/lib/python3.12/site-packages/airflow/example_dags/example_latest_only_with_trigger.py
[2024-11-18T08:48:11.757+0000] {logging_mixin.py:188} INFO - [2024-11-18T08:48:11.757+0000] {dag.py:3096} INFO - Sync 1 DAGs
[2024-11-18T08:48:11.778+0000] {logging_mixin.py:188} INFO - [2024-11-18T08:48:11.777+0000] {dag.py:3954} INFO - Setting next_dagrun for latest_only_with_trigger to 2024-11-18 04:00:00+00:00, run_after=2024-11-18 08:00:00+00:00
[2024-11-18T08:48:11.807+0000] {processor.py:183} INFO - Processing /home/airflow/.local/lib/python3.12/site-packages/airflow/example_dags/example_latest_only_with_trigger.py took 0.083 seconds
[2024-11-18T08:48:42.355+0000] {processor.py:161} INFO - Started process (PID=7486) to work on /home/airflow/.local/lib/python3.12/site-packages/airflow/example_dags/example_latest_only_with_trigger.py
[2024-11-18T08:48:42.357+0000] {processor.py:830} INFO - Processing file /home/airflow/.local/lib/python3.12/site-packages/airflow/example_dags/example_latest_only_with_trigger.py for tasks to queue
[2024-11-18T08:48:42.359+0000] {logging_mixin.py:188} INFO - [2024-11-18T08:48:42.358+0000] {dagbag.py:545} INFO - Filling up the DagBag from /home/airflow/.local/lib/python3.12/site-packages/airflow/example_dags/example_latest_only_with_trigger.py
[2024-11-18T08:48:42.363+0000] {processor.py:840} INFO - DAG(s) 'latest_only_with_trigger' retrieved from /home/airflow/.local/lib/python3.12/site-packages/airflow/example_dags/example_latest_only_with_trigger.py
[2024-11-18T08:48:42.383+0000] {logging_mixin.py:188} INFO - [2024-11-18T08:48:42.383+0000] {dag.py:3096} INFO - Sync 1 DAGs
[2024-11-18T08:48:42.407+0000] {logging_mixin.py:188} INFO - [2024-11-18T08:48:42.407+0000] {dag.py:3954} INFO - Setting next_dagrun for latest_only_with_trigger to 2024-11-18 04:00:00+00:00, run_after=2024-11-18 08:00:00+00:00
[2024-11-18T08:48:42.438+0000] {processor.py:183} INFO - Processing /home/airflow/.local/lib/python3.12/site-packages/airflow/example_dags/example_latest_only_with_trigger.py took 0.088 seconds
[2024-11-18T08:49:12.727+0000] {processor.py:161} INFO - Started process (PID=7748) to work on /home/airflow/.local/lib/python3.12/site-packages/airflow/example_dags/example_latest_only_with_trigger.py
[2024-11-18T08:49:12.728+0000] {processor.py:830} INFO - Processing file /home/airflow/.local/lib/python3.12/site-packages/airflow/example_dags/example_latest_only_with_trigger.py for tasks to queue
[2024-11-18T08:49:12.730+0000] {logging_mixin.py:188} INFO - [2024-11-18T08:49:12.729+0000] {dagbag.py:545} INFO - Filling up the DagBag from /home/airflow/.local/lib/python3.12/site-packages/airflow/example_dags/example_latest_only_with_trigger.py
[2024-11-18T08:49:12.735+0000] {processor.py:840} INFO - DAG(s) 'latest_only_with_trigger' retrieved from /home/airflow/.local/lib/python3.12/site-packages/airflow/example_dags/example_latest_only_with_trigger.py
[2024-11-18T08:49:12.755+0000] {logging_mixin.py:188} INFO - [2024-11-18T08:49:12.755+0000] {dag.py:3096} INFO - Sync 1 DAGs
[2024-11-18T08:49:12.775+0000] {logging_mixin.py:188} INFO - [2024-11-18T08:49:12.774+0000] {dag.py:3954} INFO - Setting next_dagrun for latest_only_with_trigger to 2024-11-18 04:00:00+00:00, run_after=2024-11-18 08:00:00+00:00
[2024-11-18T08:49:12.796+0000] {processor.py:183} INFO - Processing /home/airflow/.local/lib/python3.12/site-packages/airflow/example_dags/example_latest_only_with_trigger.py took 0.074 seconds
[2024-11-18T08:49:42.953+0000] {processor.py:161} INFO - Started process (PID=8008) to work on /home/airflow/.local/lib/python3.12/site-packages/airflow/example_dags/example_latest_only_with_trigger.py
[2024-11-18T08:49:42.954+0000] {processor.py:830} INFO - Processing file /home/airflow/.local/lib/python3.12/site-packages/airflow/example_dags/example_latest_only_with_trigger.py for tasks to queue
[2024-11-18T08:49:42.956+0000] {logging_mixin.py:188} INFO - [2024-11-18T08:49:42.956+0000] {dagbag.py:545} INFO - Filling up the DagBag from /home/airflow/.local/lib/python3.12/site-packages/airflow/example_dags/example_latest_only_with_trigger.py
[2024-11-18T08:49:42.961+0000] {processor.py:840} INFO - DAG(s) 'latest_only_with_trigger' retrieved from /home/airflow/.local/lib/python3.12/site-packages/airflow/example_dags/example_latest_only_with_trigger.py
[2024-11-18T08:49:42.981+0000] {logging_mixin.py:188} INFO - [2024-11-18T08:49:42.980+0000] {dag.py:3096} INFO - Sync 1 DAGs
[2024-11-18T08:49:43.002+0000] {logging_mixin.py:188} INFO - [2024-11-18T08:49:43.002+0000] {dag.py:3954} INFO - Setting next_dagrun for latest_only_with_trigger to 2024-11-18 04:00:00+00:00, run_after=2024-11-18 08:00:00+00:00
[2024-11-18T08:49:43.023+0000] {processor.py:183} INFO - Processing /home/airflow/.local/lib/python3.12/site-packages/airflow/example_dags/example_latest_only_with_trigger.py took 0.074 seconds
[2024-11-18T08:50:13.166+0000] {processor.py:161} INFO - Started process (PID=8270) to work on /home/airflow/.local/lib/python3.12/site-packages/airflow/example_dags/example_latest_only_with_trigger.py
[2024-11-18T08:50:13.167+0000] {processor.py:830} INFO - Processing file /home/airflow/.local/lib/python3.12/site-packages/airflow/example_dags/example_latest_only_with_trigger.py for tasks to queue
[2024-11-18T08:50:13.169+0000] {logging_mixin.py:188} INFO - [2024-11-18T08:50:13.169+0000] {dagbag.py:545} INFO - Filling up the DagBag from /home/airflow/.local/lib/python3.12/site-packages/airflow/example_dags/example_latest_only_with_trigger.py
[2024-11-18T08:50:13.174+0000] {processor.py:840} INFO - DAG(s) 'latest_only_with_trigger' retrieved from /home/airflow/.local/lib/python3.12/site-packages/airflow/example_dags/example_latest_only_with_trigger.py
[2024-11-18T08:50:13.195+0000] {logging_mixin.py:188} INFO - [2024-11-18T08:50:13.194+0000] {dag.py:3096} INFO - Sync 1 DAGs
[2024-11-18T08:50:13.214+0000] {logging_mixin.py:188} INFO - [2024-11-18T08:50:13.214+0000] {dag.py:3954} INFO - Setting next_dagrun for latest_only_with_trigger to 2024-11-18 04:00:00+00:00, run_after=2024-11-18 08:00:00+00:00
[2024-11-18T08:50:13.245+0000] {processor.py:183} INFO - Processing /home/airflow/.local/lib/python3.12/site-packages/airflow/example_dags/example_latest_only_with_trigger.py took 0.084 seconds
[2024-11-18T08:50:43.529+0000] {processor.py:161} INFO - Started process (PID=8532) to work on /home/airflow/.local/lib/python3.12/site-packages/airflow/example_dags/example_latest_only_with_trigger.py
[2024-11-18T08:50:43.531+0000] {processor.py:830} INFO - Processing file /home/airflow/.local/lib/python3.12/site-packages/airflow/example_dags/example_latest_only_with_trigger.py for tasks to queue
[2024-11-18T08:50:43.533+0000] {logging_mixin.py:188} INFO - [2024-11-18T08:50:43.532+0000] {dagbag.py:545} INFO - Filling up the DagBag from /home/airflow/.local/lib/python3.12/site-packages/airflow/example_dags/example_latest_only_with_trigger.py
[2024-11-18T08:50:43.538+0000] {processor.py:840} INFO - DAG(s) 'latest_only_with_trigger' retrieved from /home/airflow/.local/lib/python3.12/site-packages/airflow/example_dags/example_latest_only_with_trigger.py
[2024-11-18T08:50:43.559+0000] {logging_mixin.py:188} INFO - [2024-11-18T08:50:43.558+0000] {dag.py:3096} INFO - Sync 1 DAGs
[2024-11-18T08:50:43.580+0000] {logging_mixin.py:188} INFO - [2024-11-18T08:50:43.579+0000] {dag.py:3954} INFO - Setting next_dagrun for latest_only_with_trigger to 2024-11-18 04:00:00+00:00, run_after=2024-11-18 08:00:00+00:00
[2024-11-18T08:50:43.612+0000] {processor.py:183} INFO - Processing /home/airflow/.local/lib/python3.12/site-packages/airflow/example_dags/example_latest_only_with_trigger.py took 0.088 seconds
[2024-11-18T08:51:13.849+0000] {processor.py:161} INFO - Started process (PID=8790) to work on /home/airflow/.local/lib/python3.12/site-packages/airflow/example_dags/example_latest_only_with_trigger.py
[2024-11-18T08:51:13.850+0000] {processor.py:830} INFO - Processing file /home/airflow/.local/lib/python3.12/site-packages/airflow/example_dags/example_latest_only_with_trigger.py for tasks to queue
[2024-11-18T08:51:13.852+0000] {logging_mixin.py:188} INFO - [2024-11-18T08:51:13.851+0000] {dagbag.py:545} INFO - Filling up the DagBag from /home/airflow/.local/lib/python3.12/site-packages/airflow/example_dags/example_latest_only_with_trigger.py
[2024-11-18T08:51:13.856+0000] {processor.py:840} INFO - DAG(s) 'latest_only_with_trigger' retrieved from /home/airflow/.local/lib/python3.12/site-packages/airflow/example_dags/example_latest_only_with_trigger.py
[2024-11-18T08:51:13.878+0000] {logging_mixin.py:188} INFO - [2024-11-18T08:51:13.877+0000] {dag.py:3096} INFO - Sync 1 DAGs
[2024-11-18T08:51:13.900+0000] {logging_mixin.py:188} INFO - [2024-11-18T08:51:13.899+0000] {dag.py:3954} INFO - Setting next_dagrun for latest_only_with_trigger to 2024-11-18 04:00:00+00:00, run_after=2024-11-18 08:00:00+00:00
[2024-11-18T08:51:13.931+0000] {processor.py:183} INFO - Processing /home/airflow/.local/lib/python3.12/site-packages/airflow/example_dags/example_latest_only_with_trigger.py took 0.087 seconds
[2024-11-18T08:51:44.103+0000] {processor.py:161} INFO - Started process (PID=9054) to work on /home/airflow/.local/lib/python3.12/site-packages/airflow/example_dags/example_latest_only_with_trigger.py
[2024-11-18T08:51:44.104+0000] {processor.py:830} INFO - Processing file /home/airflow/.local/lib/python3.12/site-packages/airflow/example_dags/example_latest_only_with_trigger.py for tasks to queue
[2024-11-18T08:51:44.106+0000] {logging_mixin.py:188} INFO - [2024-11-18T08:51:44.105+0000] {dagbag.py:545} INFO - Filling up the DagBag from /home/airflow/.local/lib/python3.12/site-packages/airflow/example_dags/example_latest_only_with_trigger.py
[2024-11-18T08:51:44.111+0000] {processor.py:840} INFO - DAG(s) 'latest_only_with_trigger' retrieved from /home/airflow/.local/lib/python3.12/site-packages/airflow/example_dags/example_latest_only_with_trigger.py
[2024-11-18T08:51:44.130+0000] {logging_mixin.py:188} INFO - [2024-11-18T08:51:44.130+0000] {dag.py:3096} INFO - Sync 1 DAGs
[2024-11-18T08:51:44.150+0000] {logging_mixin.py:188} INFO - [2024-11-18T08:51:44.150+0000] {dag.py:3954} INFO - Setting next_dagrun for latest_only_with_trigger to 2024-11-18 04:00:00+00:00, run_after=2024-11-18 08:00:00+00:00
[2024-11-18T08:51:44.168+0000] {processor.py:183} INFO - Processing /home/airflow/.local/lib/python3.12/site-packages/airflow/example_dags/example_latest_only_with_trigger.py took 0.070 seconds
[2024-11-18T08:52:14.829+0000] {processor.py:161} INFO - Started process (PID=9316) to work on /home/airflow/.local/lib/python3.12/site-packages/airflow/example_dags/example_latest_only_with_trigger.py
[2024-11-18T08:52:14.830+0000] {processor.py:830} INFO - Processing file /home/airflow/.local/lib/python3.12/site-packages/airflow/example_dags/example_latest_only_with_trigger.py for tasks to queue
[2024-11-18T08:52:14.831+0000] {logging_mixin.py:188} INFO - [2024-11-18T08:52:14.831+0000] {dagbag.py:545} INFO - Filling up the DagBag from /home/airflow/.local/lib/python3.12/site-packages/airflow/example_dags/example_latest_only_with_trigger.py
[2024-11-18T08:52:14.836+0000] {processor.py:840} INFO - DAG(s) 'latest_only_with_trigger' retrieved from /home/airflow/.local/lib/python3.12/site-packages/airflow/example_dags/example_latest_only_with_trigger.py
[2024-11-18T08:52:14.857+0000] {logging_mixin.py:188} INFO - [2024-11-18T08:52:14.856+0000] {dag.py:3096} INFO - Sync 1 DAGs
[2024-11-18T08:52:14.878+0000] {logging_mixin.py:188} INFO - [2024-11-18T08:52:14.878+0000] {dag.py:3954} INFO - Setting next_dagrun for latest_only_with_trigger to 2024-11-18 04:00:00+00:00, run_after=2024-11-18 08:00:00+00:00
[2024-11-18T08:52:14.912+0000] {processor.py:183} INFO - Processing /home/airflow/.local/lib/python3.12/site-packages/airflow/example_dags/example_latest_only_with_trigger.py took 0.088 seconds
[2024-11-18T08:52:46.281+0000] {processor.py:161} INFO - Started process (PID=9587) to work on /home/airflow/.local/lib/python3.12/site-packages/airflow/example_dags/example_latest_only_with_trigger.py
[2024-11-18T08:52:46.283+0000] {processor.py:830} INFO - Processing file /home/airflow/.local/lib/python3.12/site-packages/airflow/example_dags/example_latest_only_with_trigger.py for tasks to queue
[2024-11-18T08:52:46.285+0000] {logging_mixin.py:188} INFO - [2024-11-18T08:52:46.284+0000] {dagbag.py:545} INFO - Filling up the DagBag from /home/airflow/.local/lib/python3.12/site-packages/airflow/example_dags/example_latest_only_with_trigger.py
[2024-11-18T08:52:46.290+0000] {processor.py:840} INFO - DAG(s) 'latest_only_with_trigger' retrieved from /home/airflow/.local/lib/python3.12/site-packages/airflow/example_dags/example_latest_only_with_trigger.py
[2024-11-18T08:52:46.309+0000] {logging_mixin.py:188} INFO - [2024-11-18T08:52:46.309+0000] {dag.py:3096} INFO - Sync 1 DAGs
[2024-11-18T08:52:46.347+0000] {logging_mixin.py:188} INFO - [2024-11-18T08:52:46.347+0000] {dag.py:3954} INFO - Setting next_dagrun for latest_only_with_trigger to 2024-11-18 04:00:00+00:00, run_after=2024-11-18 08:00:00+00:00
[2024-11-18T08:52:46.371+0000] {processor.py:183} INFO - Processing /home/airflow/.local/lib/python3.12/site-packages/airflow/example_dags/example_latest_only_with_trigger.py took 0.095 seconds
