[2024-11-18T08:34:57.049+0000] {processor.py:161} INFO - Started process (PID=302) to work on /home/airflow/.local/lib/python3.12/site-packages/airflow/example_dags/example_dynamic_task_mapping_with_no_taskflow_operators.py
[2024-11-18T08:34:57.050+0000] {processor.py:830} INFO - Processing file /home/airflow/.local/lib/python3.12/site-packages/airflow/example_dags/example_dynamic_task_mapping_with_no_taskflow_operators.py for tasks to queue
[2024-11-18T08:34:57.054+0000] {logging_mixin.py:188} INFO - [2024-11-18T08:34:57.053+0000] {dagbag.py:545} INFO - Filling up the DagBag from /home/airflow/.local/lib/python3.12/site-packages/airflow/example_dags/example_dynamic_task_mapping_with_no_taskflow_operators.py
[2024-11-18T08:34:57.064+0000] {processor.py:840} INFO - DAG(s) 'example_dynamic_task_mapping_with_no_taskflow_operators' retrieved from /home/airflow/.local/lib/python3.12/site-packages/airflow/example_dags/example_dynamic_task_mapping_with_no_taskflow_operators.py
[2024-11-18T08:34:57.081+0000] {logging_mixin.py:188} INFO - [2024-11-18T08:34:57.081+0000] {dag.py:3096} INFO - Sync 1 DAGs
[2024-11-18T08:34:57.102+0000] {logging_mixin.py:188} INFO - [2024-11-18T08:34:57.102+0000] {dag.py:3118} INFO - Creating ORM DAG for example_dynamic_task_mapping_with_no_taskflow_operators
[2024-11-18T08:34:57.119+0000] {logging_mixin.py:188} INFO - [2024-11-18T08:34:57.118+0000] {dag.py:3954} INFO - Setting next_dagrun for example_dynamic_task_mapping_with_no_taskflow_operators to 2024-11-17 00:00:00+00:00, run_after=2024-11-18 00:00:00+00:00
[2024-11-18T08:34:57.147+0000] {processor.py:183} INFO - Processing /home/airflow/.local/lib/python3.12/site-packages/airflow/example_dags/example_dynamic_task_mapping_with_no_taskflow_operators.py took 0.107 seconds
[2024-11-18T08:35:27.541+0000] {processor.py:161} INFO - Started process (PID=562) to work on /home/airflow/.local/lib/python3.12/site-packages/airflow/example_dags/example_dynamic_task_mapping_with_no_taskflow_operators.py
[2024-11-18T08:35:27.543+0000] {processor.py:830} INFO - Processing file /home/airflow/.local/lib/python3.12/site-packages/airflow/example_dags/example_dynamic_task_mapping_with_no_taskflow_operators.py for tasks to queue
[2024-11-18T08:35:27.545+0000] {logging_mixin.py:188} INFO - [2024-11-18T08:35:27.544+0000] {dagbag.py:545} INFO - Filling up the DagBag from /home/airflow/.local/lib/python3.12/site-packages/airflow/example_dags/example_dynamic_task_mapping_with_no_taskflow_operators.py
[2024-11-18T08:35:27.552+0000] {processor.py:840} INFO - DAG(s) 'example_dynamic_task_mapping_with_no_taskflow_operators' retrieved from /home/airflow/.local/lib/python3.12/site-packages/airflow/example_dags/example_dynamic_task_mapping_with_no_taskflow_operators.py
[2024-11-18T08:35:27.662+0000] {logging_mixin.py:188} INFO - [2024-11-18T08:35:27.661+0000] {dag.py:3096} INFO - Sync 1 DAGs
[2024-11-18T08:35:27.683+0000] {logging_mixin.py:188} INFO - [2024-11-18T08:35:27.683+0000] {dag.py:3954} INFO - Setting next_dagrun for example_dynamic_task_mapping_with_no_taskflow_operators to 2024-11-17 00:00:00+00:00, run_after=2024-11-18 00:00:00+00:00
[2024-11-18T08:35:27.718+0000] {processor.py:183} INFO - Processing /home/airflow/.local/lib/python3.12/site-packages/airflow/example_dags/example_dynamic_task_mapping_with_no_taskflow_operators.py took 0.182 seconds
[2024-11-18T08:35:58.394+0000] {processor.py:161} INFO - Started process (PID=824) to work on /home/airflow/.local/lib/python3.12/site-packages/airflow/example_dags/example_dynamic_task_mapping_with_no_taskflow_operators.py
[2024-11-18T08:35:58.396+0000] {processor.py:830} INFO - Processing file /home/airflow/.local/lib/python3.12/site-packages/airflow/example_dags/example_dynamic_task_mapping_with_no_taskflow_operators.py for tasks to queue
[2024-11-18T08:35:58.398+0000] {logging_mixin.py:188} INFO - [2024-11-18T08:35:58.397+0000] {dagbag.py:545} INFO - Filling up the DagBag from /home/airflow/.local/lib/python3.12/site-packages/airflow/example_dags/example_dynamic_task_mapping_with_no_taskflow_operators.py
[2024-11-18T08:35:58.404+0000] {processor.py:840} INFO - DAG(s) 'example_dynamic_task_mapping_with_no_taskflow_operators' retrieved from /home/airflow/.local/lib/python3.12/site-packages/airflow/example_dags/example_dynamic_task_mapping_with_no_taskflow_operators.py
[2024-11-18T08:35:58.423+0000] {logging_mixin.py:188} INFO - [2024-11-18T08:35:58.423+0000] {dag.py:3096} INFO - Sync 1 DAGs
[2024-11-18T08:35:58.444+0000] {logging_mixin.py:188} INFO - [2024-11-18T08:35:58.443+0000] {dag.py:3954} INFO - Setting next_dagrun for example_dynamic_task_mapping_with_no_taskflow_operators to 2024-11-17 00:00:00+00:00, run_after=2024-11-18 00:00:00+00:00
[2024-11-18T08:35:58.463+0000] {processor.py:183} INFO - Processing /home/airflow/.local/lib/python3.12/site-packages/airflow/example_dags/example_dynamic_task_mapping_with_no_taskflow_operators.py took 0.074 seconds
[2024-11-18T08:36:28.892+0000] {processor.py:161} INFO - Started process (PID=1086) to work on /home/airflow/.local/lib/python3.12/site-packages/airflow/example_dags/example_dynamic_task_mapping_with_no_taskflow_operators.py
[2024-11-18T08:36:28.893+0000] {processor.py:830} INFO - Processing file /home/airflow/.local/lib/python3.12/site-packages/airflow/example_dags/example_dynamic_task_mapping_with_no_taskflow_operators.py for tasks to queue
[2024-11-18T08:36:28.895+0000] {logging_mixin.py:188} INFO - [2024-11-18T08:36:28.894+0000] {dagbag.py:545} INFO - Filling up the DagBag from /home/airflow/.local/lib/python3.12/site-packages/airflow/example_dags/example_dynamic_task_mapping_with_no_taskflow_operators.py
[2024-11-18T08:36:28.900+0000] {processor.py:840} INFO - DAG(s) 'example_dynamic_task_mapping_with_no_taskflow_operators' retrieved from /home/airflow/.local/lib/python3.12/site-packages/airflow/example_dags/example_dynamic_task_mapping_with_no_taskflow_operators.py
[2024-11-18T08:36:28.919+0000] {logging_mixin.py:188} INFO - [2024-11-18T08:36:28.919+0000] {dag.py:3096} INFO - Sync 1 DAGs
[2024-11-18T08:36:28.941+0000] {logging_mixin.py:188} INFO - [2024-11-18T08:36:28.941+0000] {dag.py:3954} INFO - Setting next_dagrun for example_dynamic_task_mapping_with_no_taskflow_operators to 2024-11-17 00:00:00+00:00, run_after=2024-11-18 00:00:00+00:00
[2024-11-18T08:36:28.985+0000] {processor.py:183} INFO - Processing /home/airflow/.local/lib/python3.12/site-packages/airflow/example_dags/example_dynamic_task_mapping_with_no_taskflow_operators.py took 0.098 seconds
[2024-11-18T08:36:59.266+0000] {processor.py:161} INFO - Started process (PID=1350) to work on /home/airflow/.local/lib/python3.12/site-packages/airflow/example_dags/example_dynamic_task_mapping_with_no_taskflow_operators.py
[2024-11-18T08:36:59.267+0000] {processor.py:830} INFO - Processing file /home/airflow/.local/lib/python3.12/site-packages/airflow/example_dags/example_dynamic_task_mapping_with_no_taskflow_operators.py for tasks to queue
[2024-11-18T08:36:59.269+0000] {logging_mixin.py:188} INFO - [2024-11-18T08:36:59.269+0000] {dagbag.py:545} INFO - Filling up the DagBag from /home/airflow/.local/lib/python3.12/site-packages/airflow/example_dags/example_dynamic_task_mapping_with_no_taskflow_operators.py
[2024-11-18T08:36:59.274+0000] {processor.py:840} INFO - DAG(s) 'example_dynamic_task_mapping_with_no_taskflow_operators' retrieved from /home/airflow/.local/lib/python3.12/site-packages/airflow/example_dags/example_dynamic_task_mapping_with_no_taskflow_operators.py
[2024-11-18T08:36:59.291+0000] {logging_mixin.py:188} INFO - [2024-11-18T08:36:59.291+0000] {dag.py:3096} INFO - Sync 1 DAGs
[2024-11-18T08:36:59.311+0000] {logging_mixin.py:188} INFO - [2024-11-18T08:36:59.311+0000] {dag.py:3954} INFO - Setting next_dagrun for example_dynamic_task_mapping_with_no_taskflow_operators to 2024-11-17 00:00:00+00:00, run_after=2024-11-18 00:00:00+00:00
[2024-11-18T08:36:59.342+0000] {processor.py:183} INFO - Processing /home/airflow/.local/lib/python3.12/site-packages/airflow/example_dags/example_dynamic_task_mapping_with_no_taskflow_operators.py took 0.080 seconds
[2024-11-18T08:37:29.653+0000] {processor.py:161} INFO - Started process (PID=1610) to work on /home/airflow/.local/lib/python3.12/site-packages/airflow/example_dags/example_dynamic_task_mapping_with_no_taskflow_operators.py
[2024-11-18T08:37:29.655+0000] {processor.py:830} INFO - Processing file /home/airflow/.local/lib/python3.12/site-packages/airflow/example_dags/example_dynamic_task_mapping_with_no_taskflow_operators.py for tasks to queue
[2024-11-18T08:37:29.661+0000] {logging_mixin.py:188} INFO - [2024-11-18T08:37:29.659+0000] {dagbag.py:545} INFO - Filling up the DagBag from /home/airflow/.local/lib/python3.12/site-packages/airflow/example_dags/example_dynamic_task_mapping_with_no_taskflow_operators.py
[2024-11-18T08:37:29.676+0000] {processor.py:840} INFO - DAG(s) 'example_dynamic_task_mapping_with_no_taskflow_operators' retrieved from /home/airflow/.local/lib/python3.12/site-packages/airflow/example_dags/example_dynamic_task_mapping_with_no_taskflow_operators.py
[2024-11-18T08:37:29.708+0000] {logging_mixin.py:188} INFO - [2024-11-18T08:37:29.708+0000] {dag.py:3096} INFO - Sync 1 DAGs
[2024-11-18T08:37:29.736+0000] {logging_mixin.py:188} INFO - [2024-11-18T08:37:29.735+0000] {dag.py:3954} INFO - Setting next_dagrun for example_dynamic_task_mapping_with_no_taskflow_operators to 2024-11-17 00:00:00+00:00, run_after=2024-11-18 00:00:00+00:00
[2024-11-18T08:37:29.766+0000] {processor.py:183} INFO - Processing /home/airflow/.local/lib/python3.12/site-packages/airflow/example_dags/example_dynamic_task_mapping_with_no_taskflow_operators.py took 0.128 seconds
[2024-11-18T08:38:00.503+0000] {processor.py:161} INFO - Started process (PID=1872) to work on /home/airflow/.local/lib/python3.12/site-packages/airflow/example_dags/example_dynamic_task_mapping_with_no_taskflow_operators.py
[2024-11-18T08:38:00.504+0000] {processor.py:830} INFO - Processing file /home/airflow/.local/lib/python3.12/site-packages/airflow/example_dags/example_dynamic_task_mapping_with_no_taskflow_operators.py for tasks to queue
[2024-11-18T08:38:00.507+0000] {logging_mixin.py:188} INFO - [2024-11-18T08:38:00.506+0000] {dagbag.py:545} INFO - Filling up the DagBag from /home/airflow/.local/lib/python3.12/site-packages/airflow/example_dags/example_dynamic_task_mapping_with_no_taskflow_operators.py
[2024-11-18T08:38:00.513+0000] {processor.py:840} INFO - DAG(s) 'example_dynamic_task_mapping_with_no_taskflow_operators' retrieved from /home/airflow/.local/lib/python3.12/site-packages/airflow/example_dags/example_dynamic_task_mapping_with_no_taskflow_operators.py
[2024-11-18T08:38:00.534+0000] {logging_mixin.py:188} INFO - [2024-11-18T08:38:00.534+0000] {dag.py:3096} INFO - Sync 1 DAGs
[2024-11-18T08:38:00.556+0000] {logging_mixin.py:188} INFO - [2024-11-18T08:38:00.555+0000] {dag.py:3954} INFO - Setting next_dagrun for example_dynamic_task_mapping_with_no_taskflow_operators to 2024-11-17 00:00:00+00:00, run_after=2024-11-18 00:00:00+00:00
[2024-11-18T08:38:00.575+0000] {processor.py:183} INFO - Processing /home/airflow/.local/lib/python3.12/site-packages/airflow/example_dags/example_dynamic_task_mapping_with_no_taskflow_operators.py took 0.078 seconds
[2024-11-18T08:38:31.178+0000] {processor.py:161} INFO - Started process (PID=2134) to work on /home/airflow/.local/lib/python3.12/site-packages/airflow/example_dags/example_dynamic_task_mapping_with_no_taskflow_operators.py
[2024-11-18T08:38:31.179+0000] {processor.py:830} INFO - Processing file /home/airflow/.local/lib/python3.12/site-packages/airflow/example_dags/example_dynamic_task_mapping_with_no_taskflow_operators.py for tasks to queue
[2024-11-18T08:38:31.181+0000] {logging_mixin.py:188} INFO - [2024-11-18T08:38:31.181+0000] {dagbag.py:545} INFO - Filling up the DagBag from /home/airflow/.local/lib/python3.12/site-packages/airflow/example_dags/example_dynamic_task_mapping_with_no_taskflow_operators.py
[2024-11-18T08:38:31.187+0000] {processor.py:840} INFO - DAG(s) 'example_dynamic_task_mapping_with_no_taskflow_operators' retrieved from /home/airflow/.local/lib/python3.12/site-packages/airflow/example_dags/example_dynamic_task_mapping_with_no_taskflow_operators.py
[2024-11-18T08:38:31.206+0000] {logging_mixin.py:188} INFO - [2024-11-18T08:38:31.206+0000] {dag.py:3096} INFO - Sync 1 DAGs
[2024-11-18T08:38:31.227+0000] {logging_mixin.py:188} INFO - [2024-11-18T08:38:31.227+0000] {dag.py:3954} INFO - Setting next_dagrun for example_dynamic_task_mapping_with_no_taskflow_operators to 2024-11-17 00:00:00+00:00, run_after=2024-11-18 00:00:00+00:00
[2024-11-18T08:38:31.247+0000] {processor.py:183} INFO - Processing /home/airflow/.local/lib/python3.12/site-packages/airflow/example_dags/example_dynamic_task_mapping_with_no_taskflow_operators.py took 0.074 seconds
[2024-11-18T08:39:01.432+0000] {processor.py:161} INFO - Started process (PID=2396) to work on /home/airflow/.local/lib/python3.12/site-packages/airflow/example_dags/example_dynamic_task_mapping_with_no_taskflow_operators.py
[2024-11-18T08:39:01.433+0000] {processor.py:830} INFO - Processing file /home/airflow/.local/lib/python3.12/site-packages/airflow/example_dags/example_dynamic_task_mapping_with_no_taskflow_operators.py for tasks to queue
[2024-11-18T08:39:01.435+0000] {logging_mixin.py:188} INFO - [2024-11-18T08:39:01.435+0000] {dagbag.py:545} INFO - Filling up the DagBag from /home/airflow/.local/lib/python3.12/site-packages/airflow/example_dags/example_dynamic_task_mapping_with_no_taskflow_operators.py
[2024-11-18T08:39:01.441+0000] {processor.py:840} INFO - DAG(s) 'example_dynamic_task_mapping_with_no_taskflow_operators' retrieved from /home/airflow/.local/lib/python3.12/site-packages/airflow/example_dags/example_dynamic_task_mapping_with_no_taskflow_operators.py
[2024-11-18T08:39:01.459+0000] {logging_mixin.py:188} INFO - [2024-11-18T08:39:01.459+0000] {dag.py:3096} INFO - Sync 1 DAGs
[2024-11-18T08:39:01.479+0000] {logging_mixin.py:188} INFO - [2024-11-18T08:39:01.479+0000] {dag.py:3954} INFO - Setting next_dagrun for example_dynamic_task_mapping_with_no_taskflow_operators to 2024-11-17 00:00:00+00:00, run_after=2024-11-18 00:00:00+00:00
[2024-11-18T08:39:01.501+0000] {processor.py:183} INFO - Processing /home/airflow/.local/lib/python3.12/site-packages/airflow/example_dags/example_dynamic_task_mapping_with_no_taskflow_operators.py took 0.074 seconds
[2024-11-18T08:39:31.783+0000] {processor.py:161} INFO - Started process (PID=2660) to work on /home/airflow/.local/lib/python3.12/site-packages/airflow/example_dags/example_dynamic_task_mapping_with_no_taskflow_operators.py
[2024-11-18T08:39:31.784+0000] {processor.py:830} INFO - Processing file /home/airflow/.local/lib/python3.12/site-packages/airflow/example_dags/example_dynamic_task_mapping_with_no_taskflow_operators.py for tasks to queue
[2024-11-18T08:39:31.786+0000] {logging_mixin.py:188} INFO - [2024-11-18T08:39:31.785+0000] {dagbag.py:545} INFO - Filling up the DagBag from /home/airflow/.local/lib/python3.12/site-packages/airflow/example_dags/example_dynamic_task_mapping_with_no_taskflow_operators.py
[2024-11-18T08:39:31.791+0000] {processor.py:840} INFO - DAG(s) 'example_dynamic_task_mapping_with_no_taskflow_operators' retrieved from /home/airflow/.local/lib/python3.12/site-packages/airflow/example_dags/example_dynamic_task_mapping_with_no_taskflow_operators.py
[2024-11-18T08:39:31.809+0000] {logging_mixin.py:188} INFO - [2024-11-18T08:39:31.809+0000] {dag.py:3096} INFO - Sync 1 DAGs
[2024-11-18T08:39:31.830+0000] {logging_mixin.py:188} INFO - [2024-11-18T08:39:31.830+0000] {dag.py:3954} INFO - Setting next_dagrun for example_dynamic_task_mapping_with_no_taskflow_operators to 2024-11-17 00:00:00+00:00, run_after=2024-11-18 00:00:00+00:00
[2024-11-18T08:39:31.849+0000] {processor.py:183} INFO - Processing /home/airflow/.local/lib/python3.12/site-packages/airflow/example_dags/example_dynamic_task_mapping_with_no_taskflow_operators.py took 0.073 seconds
[2024-11-18T08:40:02.166+0000] {processor.py:161} INFO - Started process (PID=2920) to work on /home/airflow/.local/lib/python3.12/site-packages/airflow/example_dags/example_dynamic_task_mapping_with_no_taskflow_operators.py
[2024-11-18T08:40:02.167+0000] {processor.py:830} INFO - Processing file /home/airflow/.local/lib/python3.12/site-packages/airflow/example_dags/example_dynamic_task_mapping_with_no_taskflow_operators.py for tasks to queue
[2024-11-18T08:40:02.169+0000] {logging_mixin.py:188} INFO - [2024-11-18T08:40:02.169+0000] {dagbag.py:545} INFO - Filling up the DagBag from /home/airflow/.local/lib/python3.12/site-packages/airflow/example_dags/example_dynamic_task_mapping_with_no_taskflow_operators.py
[2024-11-18T08:40:02.176+0000] {processor.py:840} INFO - DAG(s) 'example_dynamic_task_mapping_with_no_taskflow_operators' retrieved from /home/airflow/.local/lib/python3.12/site-packages/airflow/example_dags/example_dynamic_task_mapping_with_no_taskflow_operators.py
[2024-11-18T08:40:02.195+0000] {logging_mixin.py:188} INFO - [2024-11-18T08:40:02.195+0000] {dag.py:3096} INFO - Sync 1 DAGs
[2024-11-18T08:40:02.214+0000] {logging_mixin.py:188} INFO - [2024-11-18T08:40:02.214+0000] {dag.py:3954} INFO - Setting next_dagrun for example_dynamic_task_mapping_with_no_taskflow_operators to 2024-11-17 00:00:00+00:00, run_after=2024-11-18 00:00:00+00:00
[2024-11-18T08:40:02.244+0000] {processor.py:183} INFO - Processing /home/airflow/.local/lib/python3.12/site-packages/airflow/example_dags/example_dynamic_task_mapping_with_no_taskflow_operators.py took 0.084 seconds
[2024-11-18T08:40:32.605+0000] {processor.py:161} INFO - Started process (PID=3182) to work on /home/airflow/.local/lib/python3.12/site-packages/airflow/example_dags/example_dynamic_task_mapping_with_no_taskflow_operators.py
[2024-11-18T08:40:32.606+0000] {processor.py:830} INFO - Processing file /home/airflow/.local/lib/python3.12/site-packages/airflow/example_dags/example_dynamic_task_mapping_with_no_taskflow_operators.py for tasks to queue
[2024-11-18T08:40:32.608+0000] {logging_mixin.py:188} INFO - [2024-11-18T08:40:32.608+0000] {dagbag.py:545} INFO - Filling up the DagBag from /home/airflow/.local/lib/python3.12/site-packages/airflow/example_dags/example_dynamic_task_mapping_with_no_taskflow_operators.py
[2024-11-18T08:40:32.614+0000] {processor.py:840} INFO - DAG(s) 'example_dynamic_task_mapping_with_no_taskflow_operators' retrieved from /home/airflow/.local/lib/python3.12/site-packages/airflow/example_dags/example_dynamic_task_mapping_with_no_taskflow_operators.py
[2024-11-18T08:40:32.634+0000] {logging_mixin.py:188} INFO - [2024-11-18T08:40:32.634+0000] {dag.py:3096} INFO - Sync 1 DAGs
[2024-11-18T08:40:32.655+0000] {logging_mixin.py:188} INFO - [2024-11-18T08:40:32.655+0000] {dag.py:3954} INFO - Setting next_dagrun for example_dynamic_task_mapping_with_no_taskflow_operators to 2024-11-17 00:00:00+00:00, run_after=2024-11-18 00:00:00+00:00
[2024-11-18T08:40:32.676+0000] {processor.py:183} INFO - Processing /home/airflow/.local/lib/python3.12/site-packages/airflow/example_dags/example_dynamic_task_mapping_with_no_taskflow_operators.py took 0.076 seconds
[2024-11-18T08:41:02.839+0000] {processor.py:161} INFO - Started process (PID=3444) to work on /home/airflow/.local/lib/python3.12/site-packages/airflow/example_dags/example_dynamic_task_mapping_with_no_taskflow_operators.py
[2024-11-18T08:41:02.840+0000] {processor.py:830} INFO - Processing file /home/airflow/.local/lib/python3.12/site-packages/airflow/example_dags/example_dynamic_task_mapping_with_no_taskflow_operators.py for tasks to queue
[2024-11-18T08:41:02.842+0000] {logging_mixin.py:188} INFO - [2024-11-18T08:41:02.842+0000] {dagbag.py:545} INFO - Filling up the DagBag from /home/airflow/.local/lib/python3.12/site-packages/airflow/example_dags/example_dynamic_task_mapping_with_no_taskflow_operators.py
[2024-11-18T08:41:02.848+0000] {processor.py:840} INFO - DAG(s) 'example_dynamic_task_mapping_with_no_taskflow_operators' retrieved from /home/airflow/.local/lib/python3.12/site-packages/airflow/example_dags/example_dynamic_task_mapping_with_no_taskflow_operators.py
[2024-11-18T08:41:02.867+0000] {logging_mixin.py:188} INFO - [2024-11-18T08:41:02.867+0000] {dag.py:3096} INFO - Sync 1 DAGs
[2024-11-18T08:41:02.886+0000] {logging_mixin.py:188} INFO - [2024-11-18T08:41:02.886+0000] {dag.py:3954} INFO - Setting next_dagrun for example_dynamic_task_mapping_with_no_taskflow_operators to 2024-11-17 00:00:00+00:00, run_after=2024-11-18 00:00:00+00:00
[2024-11-18T08:41:02.906+0000] {processor.py:183} INFO - Processing /home/airflow/.local/lib/python3.12/site-packages/airflow/example_dags/example_dynamic_task_mapping_with_no_taskflow_operators.py took 0.071 seconds
[2024-11-18T08:41:33.134+0000] {processor.py:161} INFO - Started process (PID=3706) to work on /home/airflow/.local/lib/python3.12/site-packages/airflow/example_dags/example_dynamic_task_mapping_with_no_taskflow_operators.py
[2024-11-18T08:41:33.136+0000] {processor.py:830} INFO - Processing file /home/airflow/.local/lib/python3.12/site-packages/airflow/example_dags/example_dynamic_task_mapping_with_no_taskflow_operators.py for tasks to queue
[2024-11-18T08:41:33.139+0000] {logging_mixin.py:188} INFO - [2024-11-18T08:41:33.139+0000] {dagbag.py:545} INFO - Filling up the DagBag from /home/airflow/.local/lib/python3.12/site-packages/airflow/example_dags/example_dynamic_task_mapping_with_no_taskflow_operators.py
[2024-11-18T08:41:33.146+0000] {processor.py:840} INFO - DAG(s) 'example_dynamic_task_mapping_with_no_taskflow_operators' retrieved from /home/airflow/.local/lib/python3.12/site-packages/airflow/example_dags/example_dynamic_task_mapping_with_no_taskflow_operators.py
[2024-11-18T08:41:33.172+0000] {logging_mixin.py:188} INFO - [2024-11-18T08:41:33.171+0000] {dag.py:3096} INFO - Sync 1 DAGs
[2024-11-18T08:41:33.200+0000] {logging_mixin.py:188} INFO - [2024-11-18T08:41:33.200+0000] {dag.py:3954} INFO - Setting next_dagrun for example_dynamic_task_mapping_with_no_taskflow_operators to 2024-11-17 00:00:00+00:00, run_after=2024-11-18 00:00:00+00:00
[2024-11-18T08:41:33.227+0000] {processor.py:183} INFO - Processing /home/airflow/.local/lib/python3.12/site-packages/airflow/example_dags/example_dynamic_task_mapping_with_no_taskflow_operators.py took 0.109 seconds
[2024-11-18T08:42:03.887+0000] {processor.py:161} INFO - Started process (PID=3968) to work on /home/airflow/.local/lib/python3.12/site-packages/airflow/example_dags/example_dynamic_task_mapping_with_no_taskflow_operators.py
[2024-11-18T08:42:03.888+0000] {processor.py:830} INFO - Processing file /home/airflow/.local/lib/python3.12/site-packages/airflow/example_dags/example_dynamic_task_mapping_with_no_taskflow_operators.py for tasks to queue
[2024-11-18T08:42:03.890+0000] {logging_mixin.py:188} INFO - [2024-11-18T08:42:03.890+0000] {dagbag.py:545} INFO - Filling up the DagBag from /home/airflow/.local/lib/python3.12/site-packages/airflow/example_dags/example_dynamic_task_mapping_with_no_taskflow_operators.py
[2024-11-18T08:42:03.897+0000] {processor.py:840} INFO - DAG(s) 'example_dynamic_task_mapping_with_no_taskflow_operators' retrieved from /home/airflow/.local/lib/python3.12/site-packages/airflow/example_dags/example_dynamic_task_mapping_with_no_taskflow_operators.py
[2024-11-18T08:42:03.917+0000] {logging_mixin.py:188} INFO - [2024-11-18T08:42:03.916+0000] {dag.py:3096} INFO - Sync 1 DAGs
[2024-11-18T08:42:03.947+0000] {logging_mixin.py:188} INFO - [2024-11-18T08:42:03.947+0000] {dag.py:3954} INFO - Setting next_dagrun for example_dynamic_task_mapping_with_no_taskflow_operators to 2024-11-17 00:00:00+00:00, run_after=2024-11-18 00:00:00+00:00
[2024-11-18T08:42:03.983+0000] {processor.py:183} INFO - Processing /home/airflow/.local/lib/python3.12/site-packages/airflow/example_dags/example_dynamic_task_mapping_with_no_taskflow_operators.py took 0.101 seconds
[2024-11-18T08:42:34.698+0000] {processor.py:161} INFO - Started process (PID=4230) to work on /home/airflow/.local/lib/python3.12/site-packages/airflow/example_dags/example_dynamic_task_mapping_with_no_taskflow_operators.py
[2024-11-18T08:42:34.700+0000] {processor.py:830} INFO - Processing file /home/airflow/.local/lib/python3.12/site-packages/airflow/example_dags/example_dynamic_task_mapping_with_no_taskflow_operators.py for tasks to queue
[2024-11-18T08:42:34.703+0000] {logging_mixin.py:188} INFO - [2024-11-18T08:42:34.702+0000] {dagbag.py:545} INFO - Filling up the DagBag from /home/airflow/.local/lib/python3.12/site-packages/airflow/example_dags/example_dynamic_task_mapping_with_no_taskflow_operators.py
[2024-11-18T08:42:34.719+0000] {processor.py:840} INFO - DAG(s) 'example_dynamic_task_mapping_with_no_taskflow_operators' retrieved from /home/airflow/.local/lib/python3.12/site-packages/airflow/example_dags/example_dynamic_task_mapping_with_no_taskflow_operators.py
[2024-11-18T08:42:34.758+0000] {logging_mixin.py:188} INFO - [2024-11-18T08:42:34.757+0000] {dag.py:3096} INFO - Sync 1 DAGs
[2024-11-18T08:42:34.842+0000] {logging_mixin.py:188} INFO - [2024-11-18T08:42:34.842+0000] {dag.py:3954} INFO - Setting next_dagrun for example_dynamic_task_mapping_with_no_taskflow_operators to 2024-11-17 00:00:00+00:00, run_after=2024-11-18 00:00:00+00:00
[2024-11-18T08:42:34.877+0000] {processor.py:183} INFO - Processing /home/airflow/.local/lib/python3.12/site-packages/airflow/example_dags/example_dynamic_task_mapping_with_no_taskflow_operators.py took 0.191 seconds
[2024-11-18T08:43:05.027+0000] {processor.py:161} INFO - Started process (PID=4494) to work on /home/airflow/.local/lib/python3.12/site-packages/airflow/example_dags/example_dynamic_task_mapping_with_no_taskflow_operators.py
[2024-11-18T08:43:05.029+0000] {processor.py:830} INFO - Processing file /home/airflow/.local/lib/python3.12/site-packages/airflow/example_dags/example_dynamic_task_mapping_with_no_taskflow_operators.py for tasks to queue
[2024-11-18T08:43:05.032+0000] {logging_mixin.py:188} INFO - [2024-11-18T08:43:05.031+0000] {dagbag.py:545} INFO - Filling up the DagBag from /home/airflow/.local/lib/python3.12/site-packages/airflow/example_dags/example_dynamic_task_mapping_with_no_taskflow_operators.py
[2024-11-18T08:43:05.040+0000] {processor.py:840} INFO - DAG(s) 'example_dynamic_task_mapping_with_no_taskflow_operators' retrieved from /home/airflow/.local/lib/python3.12/site-packages/airflow/example_dags/example_dynamic_task_mapping_with_no_taskflow_operators.py
[2024-11-18T08:43:05.066+0000] {logging_mixin.py:188} INFO - [2024-11-18T08:43:05.066+0000] {dag.py:3096} INFO - Sync 1 DAGs
[2024-11-18T08:43:05.101+0000] {logging_mixin.py:188} INFO - [2024-11-18T08:43:05.100+0000] {dag.py:3954} INFO - Setting next_dagrun for example_dynamic_task_mapping_with_no_taskflow_operators to 2024-11-17 00:00:00+00:00, run_after=2024-11-18 00:00:00+00:00
[2024-11-18T08:43:05.139+0000] {processor.py:183} INFO - Processing /home/airflow/.local/lib/python3.12/site-packages/airflow/example_dags/example_dynamic_task_mapping_with_no_taskflow_operators.py took 0.120 seconds
[2024-11-18T08:43:35.643+0000] {processor.py:161} INFO - Started process (PID=4754) to work on /home/airflow/.local/lib/python3.12/site-packages/airflow/example_dags/example_dynamic_task_mapping_with_no_taskflow_operators.py
[2024-11-18T08:43:35.644+0000] {processor.py:830} INFO - Processing file /home/airflow/.local/lib/python3.12/site-packages/airflow/example_dags/example_dynamic_task_mapping_with_no_taskflow_operators.py for tasks to queue
[2024-11-18T08:43:35.647+0000] {logging_mixin.py:188} INFO - [2024-11-18T08:43:35.646+0000] {dagbag.py:545} INFO - Filling up the DagBag from /home/airflow/.local/lib/python3.12/site-packages/airflow/example_dags/example_dynamic_task_mapping_with_no_taskflow_operators.py
[2024-11-18T08:43:35.652+0000] {processor.py:840} INFO - DAG(s) 'example_dynamic_task_mapping_with_no_taskflow_operators' retrieved from /home/airflow/.local/lib/python3.12/site-packages/airflow/example_dags/example_dynamic_task_mapping_with_no_taskflow_operators.py
[2024-11-18T08:43:35.670+0000] {logging_mixin.py:188} INFO - [2024-11-18T08:43:35.670+0000] {dag.py:3096} INFO - Sync 1 DAGs
[2024-11-18T08:43:35.692+0000] {logging_mixin.py:188} INFO - [2024-11-18T08:43:35.692+0000] {dag.py:3954} INFO - Setting next_dagrun for example_dynamic_task_mapping_with_no_taskflow_operators to 2024-11-17 00:00:00+00:00, run_after=2024-11-18 00:00:00+00:00
[2024-11-18T08:43:35.711+0000] {processor.py:183} INFO - Processing /home/airflow/.local/lib/python3.12/site-packages/airflow/example_dags/example_dynamic_task_mapping_with_no_taskflow_operators.py took 0.074 seconds
[2024-11-18T08:44:05.785+0000] {processor.py:161} INFO - Started process (PID=5016) to work on /home/airflow/.local/lib/python3.12/site-packages/airflow/example_dags/example_dynamic_task_mapping_with_no_taskflow_operators.py
[2024-11-18T08:44:05.786+0000] {processor.py:830} INFO - Processing file /home/airflow/.local/lib/python3.12/site-packages/airflow/example_dags/example_dynamic_task_mapping_with_no_taskflow_operators.py for tasks to queue
[2024-11-18T08:44:05.788+0000] {logging_mixin.py:188} INFO - [2024-11-18T08:44:05.788+0000] {dagbag.py:545} INFO - Filling up the DagBag from /home/airflow/.local/lib/python3.12/site-packages/airflow/example_dags/example_dynamic_task_mapping_with_no_taskflow_operators.py
[2024-11-18T08:44:05.796+0000] {processor.py:840} INFO - DAG(s) 'example_dynamic_task_mapping_with_no_taskflow_operators' retrieved from /home/airflow/.local/lib/python3.12/site-packages/airflow/example_dags/example_dynamic_task_mapping_with_no_taskflow_operators.py
[2024-11-18T08:44:05.816+0000] {logging_mixin.py:188} INFO - [2024-11-18T08:44:05.815+0000] {dag.py:3096} INFO - Sync 1 DAGs
[2024-11-18T08:44:05.837+0000] {logging_mixin.py:188} INFO - [2024-11-18T08:44:05.837+0000] {dag.py:3954} INFO - Setting next_dagrun for example_dynamic_task_mapping_with_no_taskflow_operators to 2024-11-17 00:00:00+00:00, run_after=2024-11-18 00:00:00+00:00
[2024-11-18T08:44:05.855+0000] {processor.py:183} INFO - Processing /home/airflow/.local/lib/python3.12/site-packages/airflow/example_dags/example_dynamic_task_mapping_with_no_taskflow_operators.py took 0.076 seconds
[2024-11-18T08:44:36.059+0000] {processor.py:161} INFO - Started process (PID=5278) to work on /home/airflow/.local/lib/python3.12/site-packages/airflow/example_dags/example_dynamic_task_mapping_with_no_taskflow_operators.py
[2024-11-18T08:44:36.060+0000] {processor.py:830} INFO - Processing file /home/airflow/.local/lib/python3.12/site-packages/airflow/example_dags/example_dynamic_task_mapping_with_no_taskflow_operators.py for tasks to queue
[2024-11-18T08:44:36.061+0000] {logging_mixin.py:188} INFO - [2024-11-18T08:44:36.061+0000] {dagbag.py:545} INFO - Filling up the DagBag from /home/airflow/.local/lib/python3.12/site-packages/airflow/example_dags/example_dynamic_task_mapping_with_no_taskflow_operators.py
[2024-11-18T08:44:36.068+0000] {processor.py:840} INFO - DAG(s) 'example_dynamic_task_mapping_with_no_taskflow_operators' retrieved from /home/airflow/.local/lib/python3.12/site-packages/airflow/example_dags/example_dynamic_task_mapping_with_no_taskflow_operators.py
[2024-11-18T08:44:36.088+0000] {logging_mixin.py:188} INFO - [2024-11-18T08:44:36.087+0000] {dag.py:3096} INFO - Sync 1 DAGs
[2024-11-18T08:44:36.108+0000] {logging_mixin.py:188} INFO - [2024-11-18T08:44:36.108+0000] {dag.py:3954} INFO - Setting next_dagrun for example_dynamic_task_mapping_with_no_taskflow_operators to 2024-11-17 00:00:00+00:00, run_after=2024-11-18 00:00:00+00:00
[2024-11-18T08:44:36.126+0000] {processor.py:183} INFO - Processing /home/airflow/.local/lib/python3.12/site-packages/airflow/example_dags/example_dynamic_task_mapping_with_no_taskflow_operators.py took 0.074 seconds
[2024-11-18T08:45:06.495+0000] {processor.py:161} INFO - Started process (PID=5540) to work on /home/airflow/.local/lib/python3.12/site-packages/airflow/example_dags/example_dynamic_task_mapping_with_no_taskflow_operators.py
[2024-11-18T08:45:06.496+0000] {processor.py:830} INFO - Processing file /home/airflow/.local/lib/python3.12/site-packages/airflow/example_dags/example_dynamic_task_mapping_with_no_taskflow_operators.py for tasks to queue
[2024-11-18T08:45:06.498+0000] {logging_mixin.py:188} INFO - [2024-11-18T08:45:06.498+0000] {dagbag.py:545} INFO - Filling up the DagBag from /home/airflow/.local/lib/python3.12/site-packages/airflow/example_dags/example_dynamic_task_mapping_with_no_taskflow_operators.py
[2024-11-18T08:45:06.507+0000] {processor.py:840} INFO - DAG(s) 'example_dynamic_task_mapping_with_no_taskflow_operators' retrieved from /home/airflow/.local/lib/python3.12/site-packages/airflow/example_dags/example_dynamic_task_mapping_with_no_taskflow_operators.py
[2024-11-18T08:45:06.537+0000] {logging_mixin.py:188} INFO - [2024-11-18T08:45:06.537+0000] {dag.py:3096} INFO - Sync 1 DAGs
[2024-11-18T08:45:06.564+0000] {logging_mixin.py:188} INFO - [2024-11-18T08:45:06.563+0000] {dag.py:3954} INFO - Setting next_dagrun for example_dynamic_task_mapping_with_no_taskflow_operators to 2024-11-17 00:00:00+00:00, run_after=2024-11-18 00:00:00+00:00
[2024-11-18T08:45:06.596+0000] {processor.py:183} INFO - Processing /home/airflow/.local/lib/python3.12/site-packages/airflow/example_dags/example_dynamic_task_mapping_with_no_taskflow_operators.py took 0.108 seconds
[2024-11-18T08:45:36.787+0000] {processor.py:161} INFO - Started process (PID=5802) to work on /home/airflow/.local/lib/python3.12/site-packages/airflow/example_dags/example_dynamic_task_mapping_with_no_taskflow_operators.py
[2024-11-18T08:45:36.788+0000] {processor.py:830} INFO - Processing file /home/airflow/.local/lib/python3.12/site-packages/airflow/example_dags/example_dynamic_task_mapping_with_no_taskflow_operators.py for tasks to queue
[2024-11-18T08:45:36.791+0000] {logging_mixin.py:188} INFO - [2024-11-18T08:45:36.790+0000] {dagbag.py:545} INFO - Filling up the DagBag from /home/airflow/.local/lib/python3.12/site-packages/airflow/example_dags/example_dynamic_task_mapping_with_no_taskflow_operators.py
[2024-11-18T08:45:36.797+0000] {processor.py:840} INFO - DAG(s) 'example_dynamic_task_mapping_with_no_taskflow_operators' retrieved from /home/airflow/.local/lib/python3.12/site-packages/airflow/example_dags/example_dynamic_task_mapping_with_no_taskflow_operators.py
[2024-11-18T08:45:36.817+0000] {logging_mixin.py:188} INFO - [2024-11-18T08:45:36.816+0000] {dag.py:3096} INFO - Sync 1 DAGs
[2024-11-18T08:45:36.838+0000] {logging_mixin.py:188} INFO - [2024-11-18T08:45:36.838+0000] {dag.py:3954} INFO - Setting next_dagrun for example_dynamic_task_mapping_with_no_taskflow_operators to 2024-11-17 00:00:00+00:00, run_after=2024-11-18 00:00:00+00:00
[2024-11-18T08:45:36.867+0000] {processor.py:183} INFO - Processing /home/airflow/.local/lib/python3.12/site-packages/airflow/example_dags/example_dynamic_task_mapping_with_no_taskflow_operators.py took 0.085 seconds
[2024-11-18T08:46:07.043+0000] {processor.py:161} INFO - Started process (PID=6066) to work on /home/airflow/.local/lib/python3.12/site-packages/airflow/example_dags/example_dynamic_task_mapping_with_no_taskflow_operators.py
[2024-11-18T08:46:07.044+0000] {processor.py:830} INFO - Processing file /home/airflow/.local/lib/python3.12/site-packages/airflow/example_dags/example_dynamic_task_mapping_with_no_taskflow_operators.py for tasks to queue
[2024-11-18T08:46:07.045+0000] {logging_mixin.py:188} INFO - [2024-11-18T08:46:07.045+0000] {dagbag.py:545} INFO - Filling up the DagBag from /home/airflow/.local/lib/python3.12/site-packages/airflow/example_dags/example_dynamic_task_mapping_with_no_taskflow_operators.py
[2024-11-18T08:46:07.051+0000] {processor.py:840} INFO - DAG(s) 'example_dynamic_task_mapping_with_no_taskflow_operators' retrieved from /home/airflow/.local/lib/python3.12/site-packages/airflow/example_dags/example_dynamic_task_mapping_with_no_taskflow_operators.py
[2024-11-18T08:46:07.068+0000] {logging_mixin.py:188} INFO - [2024-11-18T08:46:07.068+0000] {dag.py:3096} INFO - Sync 1 DAGs
[2024-11-18T08:46:07.088+0000] {logging_mixin.py:188} INFO - [2024-11-18T08:46:07.088+0000] {dag.py:3954} INFO - Setting next_dagrun for example_dynamic_task_mapping_with_no_taskflow_operators to 2024-11-17 00:00:00+00:00, run_after=2024-11-18 00:00:00+00:00
[2024-11-18T08:46:07.119+0000] {processor.py:183} INFO - Processing /home/airflow/.local/lib/python3.12/site-packages/airflow/example_dags/example_dynamic_task_mapping_with_no_taskflow_operators.py took 0.081 seconds
[2024-11-18T08:46:37.203+0000] {processor.py:161} INFO - Started process (PID=6328) to work on /home/airflow/.local/lib/python3.12/site-packages/airflow/example_dags/example_dynamic_task_mapping_with_no_taskflow_operators.py
[2024-11-18T08:46:37.204+0000] {processor.py:830} INFO - Processing file /home/airflow/.local/lib/python3.12/site-packages/airflow/example_dags/example_dynamic_task_mapping_with_no_taskflow_operators.py for tasks to queue
[2024-11-18T08:46:37.206+0000] {logging_mixin.py:188} INFO - [2024-11-18T08:46:37.205+0000] {dagbag.py:545} INFO - Filling up the DagBag from /home/airflow/.local/lib/python3.12/site-packages/airflow/example_dags/example_dynamic_task_mapping_with_no_taskflow_operators.py
[2024-11-18T08:46:37.212+0000] {processor.py:840} INFO - DAG(s) 'example_dynamic_task_mapping_with_no_taskflow_operators' retrieved from /home/airflow/.local/lib/python3.12/site-packages/airflow/example_dags/example_dynamic_task_mapping_with_no_taskflow_operators.py
[2024-11-18T08:46:37.230+0000] {logging_mixin.py:188} INFO - [2024-11-18T08:46:37.230+0000] {dag.py:3096} INFO - Sync 1 DAGs
[2024-11-18T08:46:37.250+0000] {logging_mixin.py:188} INFO - [2024-11-18T08:46:37.250+0000] {dag.py:3954} INFO - Setting next_dagrun for example_dynamic_task_mapping_with_no_taskflow_operators to 2024-11-17 00:00:00+00:00, run_after=2024-11-18 00:00:00+00:00
[2024-11-18T08:46:37.274+0000] {processor.py:183} INFO - Processing /home/airflow/.local/lib/python3.12/site-packages/airflow/example_dags/example_dynamic_task_mapping_with_no_taskflow_operators.py took 0.077 seconds
[2024-11-18T08:47:07.370+0000] {processor.py:161} INFO - Started process (PID=6588) to work on /home/airflow/.local/lib/python3.12/site-packages/airflow/example_dags/example_dynamic_task_mapping_with_no_taskflow_operators.py
[2024-11-18T08:47:07.372+0000] {processor.py:830} INFO - Processing file /home/airflow/.local/lib/python3.12/site-packages/airflow/example_dags/example_dynamic_task_mapping_with_no_taskflow_operators.py for tasks to queue
[2024-11-18T08:47:07.375+0000] {logging_mixin.py:188} INFO - [2024-11-18T08:47:07.374+0000] {dagbag.py:545} INFO - Filling up the DagBag from /home/airflow/.local/lib/python3.12/site-packages/airflow/example_dags/example_dynamic_task_mapping_with_no_taskflow_operators.py
[2024-11-18T08:47:07.385+0000] {processor.py:840} INFO - DAG(s) 'example_dynamic_task_mapping_with_no_taskflow_operators' retrieved from /home/airflow/.local/lib/python3.12/site-packages/airflow/example_dags/example_dynamic_task_mapping_with_no_taskflow_operators.py
[2024-11-18T08:47:07.408+0000] {logging_mixin.py:188} INFO - [2024-11-18T08:47:07.408+0000] {dag.py:3096} INFO - Sync 1 DAGs
[2024-11-18T08:47:07.430+0000] {logging_mixin.py:188} INFO - [2024-11-18T08:47:07.430+0000] {dag.py:3954} INFO - Setting next_dagrun for example_dynamic_task_mapping_with_no_taskflow_operators to 2024-11-17 00:00:00+00:00, run_after=2024-11-18 00:00:00+00:00
[2024-11-18T08:47:07.465+0000] {processor.py:183} INFO - Processing /home/airflow/.local/lib/python3.12/site-packages/airflow/example_dags/example_dynamic_task_mapping_with_no_taskflow_operators.py took 0.102 seconds
[2024-11-18T08:47:37.803+0000] {processor.py:161} INFO - Started process (PID=6850) to work on /home/airflow/.local/lib/python3.12/site-packages/airflow/example_dags/example_dynamic_task_mapping_with_no_taskflow_operators.py
[2024-11-18T08:47:37.804+0000] {processor.py:830} INFO - Processing file /home/airflow/.local/lib/python3.12/site-packages/airflow/example_dags/example_dynamic_task_mapping_with_no_taskflow_operators.py for tasks to queue
[2024-11-18T08:47:37.806+0000] {logging_mixin.py:188} INFO - [2024-11-18T08:47:37.805+0000] {dagbag.py:545} INFO - Filling up the DagBag from /home/airflow/.local/lib/python3.12/site-packages/airflow/example_dags/example_dynamic_task_mapping_with_no_taskflow_operators.py
[2024-11-18T08:47:37.812+0000] {processor.py:840} INFO - DAG(s) 'example_dynamic_task_mapping_with_no_taskflow_operators' retrieved from /home/airflow/.local/lib/python3.12/site-packages/airflow/example_dags/example_dynamic_task_mapping_with_no_taskflow_operators.py
[2024-11-18T08:47:37.830+0000] {logging_mixin.py:188} INFO - [2024-11-18T08:47:37.830+0000] {dag.py:3096} INFO - Sync 1 DAGs
[2024-11-18T08:47:37.852+0000] {logging_mixin.py:188} INFO - [2024-11-18T08:47:37.852+0000] {dag.py:3954} INFO - Setting next_dagrun for example_dynamic_task_mapping_with_no_taskflow_operators to 2024-11-17 00:00:00+00:00, run_after=2024-11-18 00:00:00+00:00
[2024-11-18T08:47:37.871+0000] {processor.py:183} INFO - Processing /home/airflow/.local/lib/python3.12/site-packages/airflow/example_dags/example_dynamic_task_mapping_with_no_taskflow_operators.py took 0.074 seconds
[2024-11-18T08:48:08.146+0000] {processor.py:161} INFO - Started process (PID=7112) to work on /home/airflow/.local/lib/python3.12/site-packages/airflow/example_dags/example_dynamic_task_mapping_with_no_taskflow_operators.py
[2024-11-18T08:48:08.147+0000] {processor.py:830} INFO - Processing file /home/airflow/.local/lib/python3.12/site-packages/airflow/example_dags/example_dynamic_task_mapping_with_no_taskflow_operators.py for tasks to queue
[2024-11-18T08:48:08.149+0000] {logging_mixin.py:188} INFO - [2024-11-18T08:48:08.149+0000] {dagbag.py:545} INFO - Filling up the DagBag from /home/airflow/.local/lib/python3.12/site-packages/airflow/example_dags/example_dynamic_task_mapping_with_no_taskflow_operators.py
[2024-11-18T08:48:08.156+0000] {processor.py:840} INFO - DAG(s) 'example_dynamic_task_mapping_with_no_taskflow_operators' retrieved from /home/airflow/.local/lib/python3.12/site-packages/airflow/example_dags/example_dynamic_task_mapping_with_no_taskflow_operators.py
[2024-11-18T08:48:08.178+0000] {logging_mixin.py:188} INFO - [2024-11-18T08:48:08.178+0000] {dag.py:3096} INFO - Sync 1 DAGs
[2024-11-18T08:48:08.199+0000] {logging_mixin.py:188} INFO - [2024-11-18T08:48:08.198+0000] {dag.py:3954} INFO - Setting next_dagrun for example_dynamic_task_mapping_with_no_taskflow_operators to 2024-11-17 00:00:00+00:00, run_after=2024-11-18 00:00:00+00:00
[2024-11-18T08:48:08.228+0000] {processor.py:183} INFO - Processing /home/airflow/.local/lib/python3.12/site-packages/airflow/example_dags/example_dynamic_task_mapping_with_no_taskflow_operators.py took 0.088 seconds
[2024-11-18T08:48:38.663+0000] {processor.py:161} INFO - Started process (PID=7374) to work on /home/airflow/.local/lib/python3.12/site-packages/airflow/example_dags/example_dynamic_task_mapping_with_no_taskflow_operators.py
[2024-11-18T08:48:38.665+0000] {processor.py:830} INFO - Processing file /home/airflow/.local/lib/python3.12/site-packages/airflow/example_dags/example_dynamic_task_mapping_with_no_taskflow_operators.py for tasks to queue
[2024-11-18T08:48:38.667+0000] {logging_mixin.py:188} INFO - [2024-11-18T08:48:38.666+0000] {dagbag.py:545} INFO - Filling up the DagBag from /home/airflow/.local/lib/python3.12/site-packages/airflow/example_dags/example_dynamic_task_mapping_with_no_taskflow_operators.py
[2024-11-18T08:48:38.675+0000] {processor.py:840} INFO - DAG(s) 'example_dynamic_task_mapping_with_no_taskflow_operators' retrieved from /home/airflow/.local/lib/python3.12/site-packages/airflow/example_dags/example_dynamic_task_mapping_with_no_taskflow_operators.py
[2024-11-18T08:48:38.699+0000] {logging_mixin.py:188} INFO - [2024-11-18T08:48:38.699+0000] {dag.py:3096} INFO - Sync 1 DAGs
[2024-11-18T08:48:38.720+0000] {logging_mixin.py:188} INFO - [2024-11-18T08:48:38.720+0000] {dag.py:3954} INFO - Setting next_dagrun for example_dynamic_task_mapping_with_no_taskflow_operators to 2024-11-17 00:00:00+00:00, run_after=2024-11-18 00:00:00+00:00
[2024-11-18T08:48:38.742+0000] {processor.py:183} INFO - Processing /home/airflow/.local/lib/python3.12/site-packages/airflow/example_dags/example_dynamic_task_mapping_with_no_taskflow_operators.py took 0.084 seconds
[2024-11-18T08:49:09.199+0000] {processor.py:161} INFO - Started process (PID=7636) to work on /home/airflow/.local/lib/python3.12/site-packages/airflow/example_dags/example_dynamic_task_mapping_with_no_taskflow_operators.py
[2024-11-18T08:49:09.200+0000] {processor.py:830} INFO - Processing file /home/airflow/.local/lib/python3.12/site-packages/airflow/example_dags/example_dynamic_task_mapping_with_no_taskflow_operators.py for tasks to queue
[2024-11-18T08:49:09.202+0000] {logging_mixin.py:188} INFO - [2024-11-18T08:49:09.201+0000] {dagbag.py:545} INFO - Filling up the DagBag from /home/airflow/.local/lib/python3.12/site-packages/airflow/example_dags/example_dynamic_task_mapping_with_no_taskflow_operators.py
[2024-11-18T08:49:09.208+0000] {processor.py:840} INFO - DAG(s) 'example_dynamic_task_mapping_with_no_taskflow_operators' retrieved from /home/airflow/.local/lib/python3.12/site-packages/airflow/example_dags/example_dynamic_task_mapping_with_no_taskflow_operators.py
[2024-11-18T08:49:09.228+0000] {logging_mixin.py:188} INFO - [2024-11-18T08:49:09.228+0000] {dag.py:3096} INFO - Sync 1 DAGs
[2024-11-18T08:49:09.249+0000] {logging_mixin.py:188} INFO - [2024-11-18T08:49:09.249+0000] {dag.py:3954} INFO - Setting next_dagrun for example_dynamic_task_mapping_with_no_taskflow_operators to 2024-11-17 00:00:00+00:00, run_after=2024-11-18 00:00:00+00:00
[2024-11-18T08:49:09.266+0000] {processor.py:183} INFO - Processing /home/airflow/.local/lib/python3.12/site-packages/airflow/example_dags/example_dynamic_task_mapping_with_no_taskflow_operators.py took 0.073 seconds
[2024-11-18T08:49:39.393+0000] {processor.py:161} INFO - Started process (PID=7898) to work on /home/airflow/.local/lib/python3.12/site-packages/airflow/example_dags/example_dynamic_task_mapping_with_no_taskflow_operators.py
[2024-11-18T08:49:39.394+0000] {processor.py:830} INFO - Processing file /home/airflow/.local/lib/python3.12/site-packages/airflow/example_dags/example_dynamic_task_mapping_with_no_taskflow_operators.py for tasks to queue
[2024-11-18T08:49:39.396+0000] {logging_mixin.py:188} INFO - [2024-11-18T08:49:39.396+0000] {dagbag.py:545} INFO - Filling up the DagBag from /home/airflow/.local/lib/python3.12/site-packages/airflow/example_dags/example_dynamic_task_mapping_with_no_taskflow_operators.py
[2024-11-18T08:49:39.405+0000] {processor.py:840} INFO - DAG(s) 'example_dynamic_task_mapping_with_no_taskflow_operators' retrieved from /home/airflow/.local/lib/python3.12/site-packages/airflow/example_dags/example_dynamic_task_mapping_with_no_taskflow_operators.py
[2024-11-18T08:49:39.425+0000] {logging_mixin.py:188} INFO - [2024-11-18T08:49:39.425+0000] {dag.py:3096} INFO - Sync 1 DAGs
[2024-11-18T08:49:39.445+0000] {logging_mixin.py:188} INFO - [2024-11-18T08:49:39.444+0000] {dag.py:3954} INFO - Setting next_dagrun for example_dynamic_task_mapping_with_no_taskflow_operators to 2024-11-17 00:00:00+00:00, run_after=2024-11-18 00:00:00+00:00
[2024-11-18T08:49:39.463+0000] {processor.py:183} INFO - Processing /home/airflow/.local/lib/python3.12/site-packages/airflow/example_dags/example_dynamic_task_mapping_with_no_taskflow_operators.py took 0.076 seconds
[2024-11-18T08:50:09.659+0000] {processor.py:161} INFO - Started process (PID=8162) to work on /home/airflow/.local/lib/python3.12/site-packages/airflow/example_dags/example_dynamic_task_mapping_with_no_taskflow_operators.py
[2024-11-18T08:50:09.660+0000] {processor.py:830} INFO - Processing file /home/airflow/.local/lib/python3.12/site-packages/airflow/example_dags/example_dynamic_task_mapping_with_no_taskflow_operators.py for tasks to queue
[2024-11-18T08:50:09.662+0000] {logging_mixin.py:188} INFO - [2024-11-18T08:50:09.662+0000] {dagbag.py:545} INFO - Filling up the DagBag from /home/airflow/.local/lib/python3.12/site-packages/airflow/example_dags/example_dynamic_task_mapping_with_no_taskflow_operators.py
[2024-11-18T08:50:09.668+0000] {processor.py:840} INFO - DAG(s) 'example_dynamic_task_mapping_with_no_taskflow_operators' retrieved from /home/airflow/.local/lib/python3.12/site-packages/airflow/example_dags/example_dynamic_task_mapping_with_no_taskflow_operators.py
[2024-11-18T08:50:09.685+0000] {logging_mixin.py:188} INFO - [2024-11-18T08:50:09.684+0000] {dag.py:3096} INFO - Sync 1 DAGs
[2024-11-18T08:50:09.703+0000] {logging_mixin.py:188} INFO - [2024-11-18T08:50:09.703+0000] {dag.py:3954} INFO - Setting next_dagrun for example_dynamic_task_mapping_with_no_taskflow_operators to 2024-11-17 00:00:00+00:00, run_after=2024-11-18 00:00:00+00:00
[2024-11-18T08:50:09.730+0000] {processor.py:183} INFO - Processing /home/airflow/.local/lib/python3.12/site-packages/airflow/example_dags/example_dynamic_task_mapping_with_no_taskflow_operators.py took 0.076 seconds
[2024-11-18T08:50:40.074+0000] {processor.py:161} INFO - Started process (PID=8422) to work on /home/airflow/.local/lib/python3.12/site-packages/airflow/example_dags/example_dynamic_task_mapping_with_no_taskflow_operators.py
[2024-11-18T08:50:40.075+0000] {processor.py:830} INFO - Processing file /home/airflow/.local/lib/python3.12/site-packages/airflow/example_dags/example_dynamic_task_mapping_with_no_taskflow_operators.py for tasks to queue
[2024-11-18T08:50:40.077+0000] {logging_mixin.py:188} INFO - [2024-11-18T08:50:40.076+0000] {dagbag.py:545} INFO - Filling up the DagBag from /home/airflow/.local/lib/python3.12/site-packages/airflow/example_dags/example_dynamic_task_mapping_with_no_taskflow_operators.py
[2024-11-18T08:50:40.086+0000] {processor.py:840} INFO - DAG(s) 'example_dynamic_task_mapping_with_no_taskflow_operators' retrieved from /home/airflow/.local/lib/python3.12/site-packages/airflow/example_dags/example_dynamic_task_mapping_with_no_taskflow_operators.py
[2024-11-18T08:50:40.106+0000] {logging_mixin.py:188} INFO - [2024-11-18T08:50:40.106+0000] {dag.py:3096} INFO - Sync 1 DAGs
[2024-11-18T08:50:40.130+0000] {logging_mixin.py:188} INFO - [2024-11-18T08:50:40.130+0000] {dag.py:3954} INFO - Setting next_dagrun for example_dynamic_task_mapping_with_no_taskflow_operators to 2024-11-17 00:00:00+00:00, run_after=2024-11-18 00:00:00+00:00
[2024-11-18T08:50:40.150+0000] {processor.py:183} INFO - Processing /home/airflow/.local/lib/python3.12/site-packages/airflow/example_dags/example_dynamic_task_mapping_with_no_taskflow_operators.py took 0.083 seconds
[2024-11-18T08:51:10.316+0000] {processor.py:161} INFO - Started process (PID=8685) to work on /home/airflow/.local/lib/python3.12/site-packages/airflow/example_dags/example_dynamic_task_mapping_with_no_taskflow_operators.py
[2024-11-18T08:51:10.317+0000] {processor.py:830} INFO - Processing file /home/airflow/.local/lib/python3.12/site-packages/airflow/example_dags/example_dynamic_task_mapping_with_no_taskflow_operators.py for tasks to queue
[2024-11-18T08:51:10.320+0000] {logging_mixin.py:188} INFO - [2024-11-18T08:51:10.319+0000] {dagbag.py:545} INFO - Filling up the DagBag from /home/airflow/.local/lib/python3.12/site-packages/airflow/example_dags/example_dynamic_task_mapping_with_no_taskflow_operators.py
[2024-11-18T08:51:10.326+0000] {processor.py:840} INFO - DAG(s) 'example_dynamic_task_mapping_with_no_taskflow_operators' retrieved from /home/airflow/.local/lib/python3.12/site-packages/airflow/example_dags/example_dynamic_task_mapping_with_no_taskflow_operators.py
[2024-11-18T08:51:10.347+0000] {logging_mixin.py:188} INFO - [2024-11-18T08:51:10.347+0000] {dag.py:3096} INFO - Sync 1 DAGs
[2024-11-18T08:51:10.371+0000] {logging_mixin.py:188} INFO - [2024-11-18T08:51:10.370+0000] {dag.py:3954} INFO - Setting next_dagrun for example_dynamic_task_mapping_with_no_taskflow_operators to 2024-11-17 00:00:00+00:00, run_after=2024-11-18 00:00:00+00:00
[2024-11-18T08:51:10.401+0000] {processor.py:183} INFO - Processing /home/airflow/.local/lib/python3.12/site-packages/airflow/example_dags/example_dynamic_task_mapping_with_no_taskflow_operators.py took 0.091 seconds
[2024-11-18T08:51:40.681+0000] {processor.py:161} INFO - Started process (PID=8947) to work on /home/airflow/.local/lib/python3.12/site-packages/airflow/example_dags/example_dynamic_task_mapping_with_no_taskflow_operators.py
[2024-11-18T08:51:40.683+0000] {processor.py:830} INFO - Processing file /home/airflow/.local/lib/python3.12/site-packages/airflow/example_dags/example_dynamic_task_mapping_with_no_taskflow_operators.py for tasks to queue
[2024-11-18T08:51:40.685+0000] {logging_mixin.py:188} INFO - [2024-11-18T08:51:40.685+0000] {dagbag.py:545} INFO - Filling up the DagBag from /home/airflow/.local/lib/python3.12/site-packages/airflow/example_dags/example_dynamic_task_mapping_with_no_taskflow_operators.py
[2024-11-18T08:51:40.692+0000] {processor.py:840} INFO - DAG(s) 'example_dynamic_task_mapping_with_no_taskflow_operators' retrieved from /home/airflow/.local/lib/python3.12/site-packages/airflow/example_dags/example_dynamic_task_mapping_with_no_taskflow_operators.py
[2024-11-18T08:51:40.710+0000] {logging_mixin.py:188} INFO - [2024-11-18T08:51:40.710+0000] {dag.py:3096} INFO - Sync 1 DAGs
[2024-11-18T08:51:40.730+0000] {logging_mixin.py:188} INFO - [2024-11-18T08:51:40.730+0000] {dag.py:3954} INFO - Setting next_dagrun for example_dynamic_task_mapping_with_no_taskflow_operators to 2024-11-17 00:00:00+00:00, run_after=2024-11-18 00:00:00+00:00
[2024-11-18T08:51:40.751+0000] {processor.py:183} INFO - Processing /home/airflow/.local/lib/python3.12/site-packages/airflow/example_dags/example_dynamic_task_mapping_with_no_taskflow_operators.py took 0.075 seconds
[2024-11-18T08:52:11.311+0000] {processor.py:161} INFO - Started process (PID=9209) to work on /home/airflow/.local/lib/python3.12/site-packages/airflow/example_dags/example_dynamic_task_mapping_with_no_taskflow_operators.py
[2024-11-18T08:52:11.313+0000] {processor.py:830} INFO - Processing file /home/airflow/.local/lib/python3.12/site-packages/airflow/example_dags/example_dynamic_task_mapping_with_no_taskflow_operators.py for tasks to queue
[2024-11-18T08:52:11.315+0000] {logging_mixin.py:188} INFO - [2024-11-18T08:52:11.315+0000] {dagbag.py:545} INFO - Filling up the DagBag from /home/airflow/.local/lib/python3.12/site-packages/airflow/example_dags/example_dynamic_task_mapping_with_no_taskflow_operators.py
[2024-11-18T08:52:11.321+0000] {processor.py:840} INFO - DAG(s) 'example_dynamic_task_mapping_with_no_taskflow_operators' retrieved from /home/airflow/.local/lib/python3.12/site-packages/airflow/example_dags/example_dynamic_task_mapping_with_no_taskflow_operators.py
[2024-11-18T08:52:11.340+0000] {logging_mixin.py:188} INFO - [2024-11-18T08:52:11.339+0000] {dag.py:3096} INFO - Sync 1 DAGs
[2024-11-18T08:52:11.361+0000] {logging_mixin.py:188} INFO - [2024-11-18T08:52:11.361+0000] {dag.py:3954} INFO - Setting next_dagrun for example_dynamic_task_mapping_with_no_taskflow_operators to 2024-11-17 00:00:00+00:00, run_after=2024-11-18 00:00:00+00:00
[2024-11-18T08:52:11.381+0000] {processor.py:183} INFO - Processing /home/airflow/.local/lib/python3.12/site-packages/airflow/example_dags/example_dynamic_task_mapping_with_no_taskflow_operators.py took 0.075 seconds
[2024-11-18T08:52:41.918+0000] {processor.py:161} INFO - Started process (PID=9471) to work on /home/airflow/.local/lib/python3.12/site-packages/airflow/example_dags/example_dynamic_task_mapping_with_no_taskflow_operators.py
[2024-11-18T08:52:41.919+0000] {processor.py:830} INFO - Processing file /home/airflow/.local/lib/python3.12/site-packages/airflow/example_dags/example_dynamic_task_mapping_with_no_taskflow_operators.py for tasks to queue
[2024-11-18T08:52:41.921+0000] {logging_mixin.py:188} INFO - [2024-11-18T08:52:41.920+0000] {dagbag.py:545} INFO - Filling up the DagBag from /home/airflow/.local/lib/python3.12/site-packages/airflow/example_dags/example_dynamic_task_mapping_with_no_taskflow_operators.py
[2024-11-18T08:52:41.926+0000] {processor.py:840} INFO - DAG(s) 'example_dynamic_task_mapping_with_no_taskflow_operators' retrieved from /home/airflow/.local/lib/python3.12/site-packages/airflow/example_dags/example_dynamic_task_mapping_with_no_taskflow_operators.py
[2024-11-18T08:52:41.945+0000] {logging_mixin.py:188} INFO - [2024-11-18T08:52:41.945+0000] {dag.py:3096} INFO - Sync 1 DAGs
[2024-11-18T08:52:41.964+0000] {logging_mixin.py:188} INFO - [2024-11-18T08:52:41.963+0000] {dag.py:3954} INFO - Setting next_dagrun for example_dynamic_task_mapping_with_no_taskflow_operators to 2024-11-17 00:00:00+00:00, run_after=2024-11-18 00:00:00+00:00
[2024-11-18T08:52:41.992+0000] {processor.py:183} INFO - Processing /home/airflow/.local/lib/python3.12/site-packages/airflow/example_dags/example_dynamic_task_mapping_with_no_taskflow_operators.py took 0.080 seconds
[2024-11-18T08:53:12.257+0000] {processor.py:161} INFO - Started process (PID=9733) to work on /home/airflow/.local/lib/python3.12/site-packages/airflow/example_dags/example_dynamic_task_mapping_with_no_taskflow_operators.py
[2024-11-18T08:53:12.258+0000] {processor.py:830} INFO - Processing file /home/airflow/.local/lib/python3.12/site-packages/airflow/example_dags/example_dynamic_task_mapping_with_no_taskflow_operators.py for tasks to queue
[2024-11-18T08:53:12.260+0000] {logging_mixin.py:188} INFO - [2024-11-18T08:53:12.260+0000] {dagbag.py:545} INFO - Filling up the DagBag from /home/airflow/.local/lib/python3.12/site-packages/airflow/example_dags/example_dynamic_task_mapping_with_no_taskflow_operators.py
[2024-11-18T08:53:12.269+0000] {processor.py:840} INFO - DAG(s) 'example_dynamic_task_mapping_with_no_taskflow_operators' retrieved from /home/airflow/.local/lib/python3.12/site-packages/airflow/example_dags/example_dynamic_task_mapping_with_no_taskflow_operators.py
[2024-11-18T08:53:12.291+0000] {logging_mixin.py:188} INFO - [2024-11-18T08:53:12.291+0000] {dag.py:3096} INFO - Sync 1 DAGs
[2024-11-18T08:53:12.316+0000] {logging_mixin.py:188} INFO - [2024-11-18T08:53:12.316+0000] {dag.py:3954} INFO - Setting next_dagrun for example_dynamic_task_mapping_with_no_taskflow_operators to 2024-11-17 00:00:00+00:00, run_after=2024-11-18 00:00:00+00:00
[2024-11-18T08:53:12.354+0000] {processor.py:183} INFO - Processing /home/airflow/.local/lib/python3.12/site-packages/airflow/example_dags/example_dynamic_task_mapping_with_no_taskflow_operators.py took 0.103 seconds
