[2024-11-18T08:34:59.787+0000] {processor.py:161} INFO - Started process (PID=405) to work on /home/airflow/.local/lib/python3.12/site-packages/airflow/example_dags/example_sensors.py
[2024-11-18T08:34:59.790+0000] {processor.py:830} INFO - Processing file /home/airflow/.local/lib/python3.12/site-packages/airflow/example_dags/example_sensors.py for tasks to queue
[2024-11-18T08:34:59.794+0000] {logging_mixin.py:188} INFO - [2024-11-18T08:34:59.793+0000] {dagbag.py:545} INFO - Filling up the DagBag from /home/airflow/.local/lib/python3.12/site-packages/airflow/example_dags/example_sensors.py
[2024-11-18T08:34:59.856+0000] {processor.py:840} INFO - DAG(s) 'example_sensors' retrieved from /home/airflow/.local/lib/python3.12/site-packages/airflow/example_dags/example_sensors.py
[2024-11-18T08:34:59.887+0000] {logging_mixin.py:188} INFO - [2024-11-18T08:34:59.887+0000] {dag.py:3096} INFO - Sync 1 DAGs
[2024-11-18T08:34:59.921+0000] {logging_mixin.py:188} INFO - [2024-11-18T08:34:59.920+0000] {dag.py:3118} INFO - Creating ORM DAG for example_sensors
[2024-11-18T08:34:59.923+0000] {logging_mixin.py:188} INFO - [2024-11-18T08:34:59.922+0000] {dag.py:3954} INFO - Setting next_dagrun for example_sensors to None, run_after=None
[2024-11-18T08:34:59.961+0000] {processor.py:183} INFO - Processing /home/airflow/.local/lib/python3.12/site-packages/airflow/example_dags/example_sensors.py took 0.187 seconds
[2024-11-18T08:35:30.285+0000] {processor.py:161} INFO - Started process (PID=667) to work on /home/airflow/.local/lib/python3.12/site-packages/airflow/example_dags/example_sensors.py
[2024-11-18T08:35:30.287+0000] {processor.py:830} INFO - Processing file /home/airflow/.local/lib/python3.12/site-packages/airflow/example_dags/example_sensors.py for tasks to queue
[2024-11-18T08:35:30.289+0000] {logging_mixin.py:188} INFO - [2024-11-18T08:35:30.289+0000] {dagbag.py:545} INFO - Filling up the DagBag from /home/airflow/.local/lib/python3.12/site-packages/airflow/example_dags/example_sensors.py
[2024-11-18T08:35:30.297+0000] {processor.py:840} INFO - DAG(s) 'example_sensors' retrieved from /home/airflow/.local/lib/python3.12/site-packages/airflow/example_dags/example_sensors.py
[2024-11-18T08:35:30.392+0000] {logging_mixin.py:188} INFO - [2024-11-18T08:35:30.391+0000] {dag.py:3096} INFO - Sync 1 DAGs
[2024-11-18T08:35:30.401+0000] {logging_mixin.py:188} INFO - [2024-11-18T08:35:30.401+0000] {dag.py:3954} INFO - Setting next_dagrun for example_sensors to None, run_after=None
[2024-11-18T08:35:30.444+0000] {processor.py:183} INFO - Processing /home/airflow/.local/lib/python3.12/site-packages/airflow/example_dags/example_sensors.py took 0.163 seconds
[2024-11-18T08:36:00.963+0000] {processor.py:161} INFO - Started process (PID=931) to work on /home/airflow/.local/lib/python3.12/site-packages/airflow/example_dags/example_sensors.py
[2024-11-18T08:36:00.964+0000] {processor.py:830} INFO - Processing file /home/airflow/.local/lib/python3.12/site-packages/airflow/example_dags/example_sensors.py for tasks to queue
[2024-11-18T08:36:00.965+0000] {logging_mixin.py:188} INFO - [2024-11-18T08:36:00.965+0000] {dagbag.py:545} INFO - Filling up the DagBag from /home/airflow/.local/lib/python3.12/site-packages/airflow/example_dags/example_sensors.py
[2024-11-18T08:36:00.974+0000] {processor.py:840} INFO - DAG(s) 'example_sensors' retrieved from /home/airflow/.local/lib/python3.12/site-packages/airflow/example_dags/example_sensors.py
[2024-11-18T08:36:00.999+0000] {logging_mixin.py:188} INFO - [2024-11-18T08:36:00.998+0000] {dag.py:3096} INFO - Sync 1 DAGs
[2024-11-18T08:36:01.009+0000] {logging_mixin.py:188} INFO - [2024-11-18T08:36:01.009+0000] {dag.py:3954} INFO - Setting next_dagrun for example_sensors to None, run_after=None
[2024-11-18T08:36:01.041+0000] {processor.py:183} INFO - Processing /home/airflow/.local/lib/python3.12/site-packages/airflow/example_dags/example_sensors.py took 0.083 seconds
[2024-11-18T08:36:31.643+0000] {processor.py:161} INFO - Started process (PID=1193) to work on /home/airflow/.local/lib/python3.12/site-packages/airflow/example_dags/example_sensors.py
[2024-11-18T08:36:31.644+0000] {processor.py:830} INFO - Processing file /home/airflow/.local/lib/python3.12/site-packages/airflow/example_dags/example_sensors.py for tasks to queue
[2024-11-18T08:36:31.646+0000] {logging_mixin.py:188} INFO - [2024-11-18T08:36:31.645+0000] {dagbag.py:545} INFO - Filling up the DagBag from /home/airflow/.local/lib/python3.12/site-packages/airflow/example_dags/example_sensors.py
[2024-11-18T08:36:31.654+0000] {processor.py:840} INFO - DAG(s) 'example_sensors' retrieved from /home/airflow/.local/lib/python3.12/site-packages/airflow/example_dags/example_sensors.py
[2024-11-18T08:36:31.680+0000] {logging_mixin.py:188} INFO - [2024-11-18T08:36:31.679+0000] {dag.py:3096} INFO - Sync 1 DAGs
[2024-11-18T08:36:31.692+0000] {logging_mixin.py:188} INFO - [2024-11-18T08:36:31.692+0000] {dag.py:3954} INFO - Setting next_dagrun for example_sensors to None, run_after=None
[2024-11-18T08:36:31.738+0000] {processor.py:183} INFO - Processing /home/airflow/.local/lib/python3.12/site-packages/airflow/example_dags/example_sensors.py took 0.100 seconds
[2024-11-18T08:37:02.613+0000] {processor.py:161} INFO - Started process (PID=1453) to work on /home/airflow/.local/lib/python3.12/site-packages/airflow/example_dags/example_sensors.py
[2024-11-18T08:37:02.614+0000] {processor.py:830} INFO - Processing file /home/airflow/.local/lib/python3.12/site-packages/airflow/example_dags/example_sensors.py for tasks to queue
[2024-11-18T08:37:02.616+0000] {logging_mixin.py:188} INFO - [2024-11-18T08:37:02.615+0000] {dagbag.py:545} INFO - Filling up the DagBag from /home/airflow/.local/lib/python3.12/site-packages/airflow/example_dags/example_sensors.py
[2024-11-18T08:37:02.625+0000] {processor.py:840} INFO - DAG(s) 'example_sensors' retrieved from /home/airflow/.local/lib/python3.12/site-packages/airflow/example_dags/example_sensors.py
[2024-11-18T08:37:02.652+0000] {logging_mixin.py:188} INFO - [2024-11-18T08:37:02.652+0000] {dag.py:3096} INFO - Sync 1 DAGs
[2024-11-18T08:37:02.664+0000] {logging_mixin.py:188} INFO - [2024-11-18T08:37:02.664+0000] {dag.py:3954} INFO - Setting next_dagrun for example_sensors to None, run_after=None
[2024-11-18T08:37:02.685+0000] {processor.py:183} INFO - Processing /home/airflow/.local/lib/python3.12/site-packages/airflow/example_dags/example_sensors.py took 0.079 seconds
[2024-11-18T08:37:33.082+0000] {processor.py:161} INFO - Started process (PID=1715) to work on /home/airflow/.local/lib/python3.12/site-packages/airflow/example_dags/example_sensors.py
[2024-11-18T08:37:33.083+0000] {processor.py:830} INFO - Processing file /home/airflow/.local/lib/python3.12/site-packages/airflow/example_dags/example_sensors.py for tasks to queue
[2024-11-18T08:37:33.085+0000] {logging_mixin.py:188} INFO - [2024-11-18T08:37:33.085+0000] {dagbag.py:545} INFO - Filling up the DagBag from /home/airflow/.local/lib/python3.12/site-packages/airflow/example_dags/example_sensors.py
[2024-11-18T08:37:33.093+0000] {processor.py:840} INFO - DAG(s) 'example_sensors' retrieved from /home/airflow/.local/lib/python3.12/site-packages/airflow/example_dags/example_sensors.py
[2024-11-18T08:37:33.121+0000] {logging_mixin.py:188} INFO - [2024-11-18T08:37:33.121+0000] {dag.py:3096} INFO - Sync 1 DAGs
[2024-11-18T08:37:33.134+0000] {logging_mixin.py:188} INFO - [2024-11-18T08:37:33.134+0000] {dag.py:3954} INFO - Setting next_dagrun for example_sensors to None, run_after=None
[2024-11-18T08:37:33.155+0000] {processor.py:183} INFO - Processing /home/airflow/.local/lib/python3.12/site-packages/airflow/example_dags/example_sensors.py took 0.079 seconds
[2024-11-18T08:38:03.341+0000] {processor.py:161} INFO - Started process (PID=1977) to work on /home/airflow/.local/lib/python3.12/site-packages/airflow/example_dags/example_sensors.py
[2024-11-18T08:38:03.342+0000] {processor.py:830} INFO - Processing file /home/airflow/.local/lib/python3.12/site-packages/airflow/example_dags/example_sensors.py for tasks to queue
[2024-11-18T08:38:03.344+0000] {logging_mixin.py:188} INFO - [2024-11-18T08:38:03.344+0000] {dagbag.py:545} INFO - Filling up the DagBag from /home/airflow/.local/lib/python3.12/site-packages/airflow/example_dags/example_sensors.py
[2024-11-18T08:38:03.352+0000] {processor.py:840} INFO - DAG(s) 'example_sensors' retrieved from /home/airflow/.local/lib/python3.12/site-packages/airflow/example_dags/example_sensors.py
[2024-11-18T08:38:03.377+0000] {logging_mixin.py:188} INFO - [2024-11-18T08:38:03.377+0000] {dag.py:3096} INFO - Sync 1 DAGs
[2024-11-18T08:38:03.389+0000] {logging_mixin.py:188} INFO - [2024-11-18T08:38:03.389+0000] {dag.py:3954} INFO - Setting next_dagrun for example_sensors to None, run_after=None
[2024-11-18T08:38:03.420+0000] {processor.py:183} INFO - Processing /home/airflow/.local/lib/python3.12/site-packages/airflow/example_dags/example_sensors.py took 0.085 seconds
[2024-11-18T08:38:33.669+0000] {processor.py:161} INFO - Started process (PID=2241) to work on /home/airflow/.local/lib/python3.12/site-packages/airflow/example_dags/example_sensors.py
[2024-11-18T08:38:33.670+0000] {processor.py:830} INFO - Processing file /home/airflow/.local/lib/python3.12/site-packages/airflow/example_dags/example_sensors.py for tasks to queue
[2024-11-18T08:38:33.671+0000] {logging_mixin.py:188} INFO - [2024-11-18T08:38:33.671+0000] {dagbag.py:545} INFO - Filling up the DagBag from /home/airflow/.local/lib/python3.12/site-packages/airflow/example_dags/example_sensors.py
[2024-11-18T08:38:33.679+0000] {processor.py:840} INFO - DAG(s) 'example_sensors' retrieved from /home/airflow/.local/lib/python3.12/site-packages/airflow/example_dags/example_sensors.py
[2024-11-18T08:38:33.703+0000] {logging_mixin.py:188} INFO - [2024-11-18T08:38:33.703+0000] {dag.py:3096} INFO - Sync 1 DAGs
[2024-11-18T08:38:33.714+0000] {logging_mixin.py:188} INFO - [2024-11-18T08:38:33.714+0000] {dag.py:3954} INFO - Setting next_dagrun for example_sensors to None, run_after=None
[2024-11-18T08:38:33.744+0000] {processor.py:183} INFO - Processing /home/airflow/.local/lib/python3.12/site-packages/airflow/example_dags/example_sensors.py took 0.081 seconds
[2024-11-18T08:39:03.876+0000] {processor.py:161} INFO - Started process (PID=2501) to work on /home/airflow/.local/lib/python3.12/site-packages/airflow/example_dags/example_sensors.py
[2024-11-18T08:39:03.877+0000] {processor.py:830} INFO - Processing file /home/airflow/.local/lib/python3.12/site-packages/airflow/example_dags/example_sensors.py for tasks to queue
[2024-11-18T08:39:03.879+0000] {logging_mixin.py:188} INFO - [2024-11-18T08:39:03.879+0000] {dagbag.py:545} INFO - Filling up the DagBag from /home/airflow/.local/lib/python3.12/site-packages/airflow/example_dags/example_sensors.py
[2024-11-18T08:39:03.886+0000] {processor.py:840} INFO - DAG(s) 'example_sensors' retrieved from /home/airflow/.local/lib/python3.12/site-packages/airflow/example_dags/example_sensors.py
[2024-11-18T08:39:03.910+0000] {logging_mixin.py:188} INFO - [2024-11-18T08:39:03.909+0000] {dag.py:3096} INFO - Sync 1 DAGs
[2024-11-18T08:39:03.921+0000] {logging_mixin.py:188} INFO - [2024-11-18T08:39:03.921+0000] {dag.py:3954} INFO - Setting next_dagrun for example_sensors to None, run_after=None
[2024-11-18T08:39:03.951+0000] {processor.py:183} INFO - Processing /home/airflow/.local/lib/python3.12/site-packages/airflow/example_dags/example_sensors.py took 0.080 seconds
[2024-11-18T08:39:34.279+0000] {processor.py:161} INFO - Started process (PID=2763) to work on /home/airflow/.local/lib/python3.12/site-packages/airflow/example_dags/example_sensors.py
[2024-11-18T08:39:34.280+0000] {processor.py:830} INFO - Processing file /home/airflow/.local/lib/python3.12/site-packages/airflow/example_dags/example_sensors.py for tasks to queue
[2024-11-18T08:39:34.281+0000] {logging_mixin.py:188} INFO - [2024-11-18T08:39:34.281+0000] {dagbag.py:545} INFO - Filling up the DagBag from /home/airflow/.local/lib/python3.12/site-packages/airflow/example_dags/example_sensors.py
[2024-11-18T08:39:34.289+0000] {processor.py:840} INFO - DAG(s) 'example_sensors' retrieved from /home/airflow/.local/lib/python3.12/site-packages/airflow/example_dags/example_sensors.py
[2024-11-18T08:39:34.313+0000] {logging_mixin.py:188} INFO - [2024-11-18T08:39:34.312+0000] {dag.py:3096} INFO - Sync 1 DAGs
[2024-11-18T08:39:34.323+0000] {logging_mixin.py:188} INFO - [2024-11-18T08:39:34.323+0000] {dag.py:3954} INFO - Setting next_dagrun for example_sensors to None, run_after=None
[2024-11-18T08:39:34.347+0000] {processor.py:183} INFO - Processing /home/airflow/.local/lib/python3.12/site-packages/airflow/example_dags/example_sensors.py took 0.073 seconds
[2024-11-18T08:40:04.581+0000] {processor.py:161} INFO - Started process (PID=3025) to work on /home/airflow/.local/lib/python3.12/site-packages/airflow/example_dags/example_sensors.py
[2024-11-18T08:40:04.582+0000] {processor.py:830} INFO - Processing file /home/airflow/.local/lib/python3.12/site-packages/airflow/example_dags/example_sensors.py for tasks to queue
[2024-11-18T08:40:04.584+0000] {logging_mixin.py:188} INFO - [2024-11-18T08:40:04.584+0000] {dagbag.py:545} INFO - Filling up the DagBag from /home/airflow/.local/lib/python3.12/site-packages/airflow/example_dags/example_sensors.py
[2024-11-18T08:40:04.592+0000] {processor.py:840} INFO - DAG(s) 'example_sensors' retrieved from /home/airflow/.local/lib/python3.12/site-packages/airflow/example_dags/example_sensors.py
[2024-11-18T08:40:04.616+0000] {logging_mixin.py:188} INFO - [2024-11-18T08:40:04.616+0000] {dag.py:3096} INFO - Sync 1 DAGs
[2024-11-18T08:40:04.627+0000] {logging_mixin.py:188} INFO - [2024-11-18T08:40:04.627+0000] {dag.py:3954} INFO - Setting next_dagrun for example_sensors to None, run_after=None
[2024-11-18T08:40:04.647+0000] {processor.py:183} INFO - Processing /home/airflow/.local/lib/python3.12/site-packages/airflow/example_dags/example_sensors.py took 0.071 seconds
[2024-11-18T08:40:35.022+0000] {processor.py:161} INFO - Started process (PID=3289) to work on /home/airflow/.local/lib/python3.12/site-packages/airflow/example_dags/example_sensors.py
[2024-11-18T08:40:35.023+0000] {processor.py:830} INFO - Processing file /home/airflow/.local/lib/python3.12/site-packages/airflow/example_dags/example_sensors.py for tasks to queue
[2024-11-18T08:40:35.024+0000] {logging_mixin.py:188} INFO - [2024-11-18T08:40:35.024+0000] {dagbag.py:545} INFO - Filling up the DagBag from /home/airflow/.local/lib/python3.12/site-packages/airflow/example_dags/example_sensors.py
[2024-11-18T08:40:35.032+0000] {processor.py:840} INFO - DAG(s) 'example_sensors' retrieved from /home/airflow/.local/lib/python3.12/site-packages/airflow/example_dags/example_sensors.py
[2024-11-18T08:40:35.055+0000] {logging_mixin.py:188} INFO - [2024-11-18T08:40:35.055+0000] {dag.py:3096} INFO - Sync 1 DAGs
[2024-11-18T08:40:35.067+0000] {logging_mixin.py:188} INFO - [2024-11-18T08:40:35.066+0000] {dag.py:3954} INFO - Setting next_dagrun for example_sensors to None, run_after=None
[2024-11-18T08:40:35.098+0000] {processor.py:183} INFO - Processing /home/airflow/.local/lib/python3.12/site-packages/airflow/example_dags/example_sensors.py took 0.081 seconds
[2024-11-18T08:41:05.407+0000] {processor.py:161} INFO - Started process (PID=3549) to work on /home/airflow/.local/lib/python3.12/site-packages/airflow/example_dags/example_sensors.py
[2024-11-18T08:41:05.408+0000] {processor.py:830} INFO - Processing file /home/airflow/.local/lib/python3.12/site-packages/airflow/example_dags/example_sensors.py for tasks to queue
[2024-11-18T08:41:05.409+0000] {logging_mixin.py:188} INFO - [2024-11-18T08:41:05.409+0000] {dagbag.py:545} INFO - Filling up the DagBag from /home/airflow/.local/lib/python3.12/site-packages/airflow/example_dags/example_sensors.py
[2024-11-18T08:41:05.417+0000] {processor.py:840} INFO - DAG(s) 'example_sensors' retrieved from /home/airflow/.local/lib/python3.12/site-packages/airflow/example_dags/example_sensors.py
[2024-11-18T08:41:05.441+0000] {logging_mixin.py:188} INFO - [2024-11-18T08:41:05.441+0000] {dag.py:3096} INFO - Sync 1 DAGs
[2024-11-18T08:41:05.452+0000] {logging_mixin.py:188} INFO - [2024-11-18T08:41:05.452+0000] {dag.py:3954} INFO - Setting next_dagrun for example_sensors to None, run_after=None
[2024-11-18T08:41:05.476+0000] {processor.py:183} INFO - Processing /home/airflow/.local/lib/python3.12/site-packages/airflow/example_dags/example_sensors.py took 0.074 seconds
[2024-11-18T08:41:35.894+0000] {processor.py:161} INFO - Started process (PID=3811) to work on /home/airflow/.local/lib/python3.12/site-packages/airflow/example_dags/example_sensors.py
[2024-11-18T08:41:35.896+0000] {processor.py:830} INFO - Processing file /home/airflow/.local/lib/python3.12/site-packages/airflow/example_dags/example_sensors.py for tasks to queue
[2024-11-18T08:41:35.898+0000] {logging_mixin.py:188} INFO - [2024-11-18T08:41:35.898+0000] {dagbag.py:545} INFO - Filling up the DagBag from /home/airflow/.local/lib/python3.12/site-packages/airflow/example_dags/example_sensors.py
[2024-11-18T08:41:35.907+0000] {processor.py:840} INFO - DAG(s) 'example_sensors' retrieved from /home/airflow/.local/lib/python3.12/site-packages/airflow/example_dags/example_sensors.py
[2024-11-18T08:41:35.934+0000] {logging_mixin.py:188} INFO - [2024-11-18T08:41:35.934+0000] {dag.py:3096} INFO - Sync 1 DAGs
[2024-11-18T08:41:35.950+0000] {logging_mixin.py:188} INFO - [2024-11-18T08:41:35.950+0000] {dag.py:3954} INFO - Setting next_dagrun for example_sensors to None, run_after=None
[2024-11-18T08:41:35.975+0000] {processor.py:183} INFO - Processing /home/airflow/.local/lib/python3.12/site-packages/airflow/example_dags/example_sensors.py took 0.088 seconds
[2024-11-18T08:42:06.521+0000] {processor.py:161} INFO - Started process (PID=4073) to work on /home/airflow/.local/lib/python3.12/site-packages/airflow/example_dags/example_sensors.py
[2024-11-18T08:42:06.522+0000] {processor.py:830} INFO - Processing file /home/airflow/.local/lib/python3.12/site-packages/airflow/example_dags/example_sensors.py for tasks to queue
[2024-11-18T08:42:06.524+0000] {logging_mixin.py:188} INFO - [2024-11-18T08:42:06.523+0000] {dagbag.py:545} INFO - Filling up the DagBag from /home/airflow/.local/lib/python3.12/site-packages/airflow/example_dags/example_sensors.py
[2024-11-18T08:42:06.533+0000] {processor.py:840} INFO - DAG(s) 'example_sensors' retrieved from /home/airflow/.local/lib/python3.12/site-packages/airflow/example_dags/example_sensors.py
[2024-11-18T08:42:06.558+0000] {logging_mixin.py:188} INFO - [2024-11-18T08:42:06.558+0000] {dag.py:3096} INFO - Sync 1 DAGs
[2024-11-18T08:42:06.570+0000] {logging_mixin.py:188} INFO - [2024-11-18T08:42:06.570+0000] {dag.py:3954} INFO - Setting next_dagrun for example_sensors to None, run_after=None
[2024-11-18T08:42:06.595+0000] {processor.py:183} INFO - Processing /home/airflow/.local/lib/python3.12/site-packages/airflow/example_dags/example_sensors.py took 0.079 seconds
[2024-11-18T08:42:37.677+0000] {processor.py:161} INFO - Started process (PID=4335) to work on /home/airflow/.local/lib/python3.12/site-packages/airflow/example_dags/example_sensors.py
[2024-11-18T08:42:37.679+0000] {processor.py:830} INFO - Processing file /home/airflow/.local/lib/python3.12/site-packages/airflow/example_dags/example_sensors.py for tasks to queue
[2024-11-18T08:42:37.683+0000] {logging_mixin.py:188} INFO - [2024-11-18T08:42:37.683+0000] {dagbag.py:545} INFO - Filling up the DagBag from /home/airflow/.local/lib/python3.12/site-packages/airflow/example_dags/example_sensors.py
[2024-11-18T08:42:37.700+0000] {processor.py:840} INFO - DAG(s) 'example_sensors' retrieved from /home/airflow/.local/lib/python3.12/site-packages/airflow/example_dags/example_sensors.py
[2024-11-18T08:42:37.751+0000] {logging_mixin.py:188} INFO - [2024-11-18T08:42:37.751+0000] {dag.py:3096} INFO - Sync 1 DAGs
[2024-11-18T08:42:37.774+0000] {logging_mixin.py:188} INFO - [2024-11-18T08:42:37.774+0000] {dag.py:3954} INFO - Setting next_dagrun for example_sensors to None, run_after=None
[2024-11-18T08:42:37.833+0000] {processor.py:183} INFO - Processing /home/airflow/.local/lib/python3.12/site-packages/airflow/example_dags/example_sensors.py took 0.172 seconds
[2024-11-18T08:43:08.498+0000] {processor.py:161} INFO - Started process (PID=4597) to work on /home/airflow/.local/lib/python3.12/site-packages/airflow/example_dags/example_sensors.py
[2024-11-18T08:43:08.500+0000] {processor.py:830} INFO - Processing file /home/airflow/.local/lib/python3.12/site-packages/airflow/example_dags/example_sensors.py for tasks to queue
[2024-11-18T08:43:08.503+0000] {logging_mixin.py:188} INFO - [2024-11-18T08:43:08.502+0000] {dagbag.py:545} INFO - Filling up the DagBag from /home/airflow/.local/lib/python3.12/site-packages/airflow/example_dags/example_sensors.py
[2024-11-18T08:43:08.517+0000] {processor.py:840} INFO - DAG(s) 'example_sensors' retrieved from /home/airflow/.local/lib/python3.12/site-packages/airflow/example_dags/example_sensors.py
[2024-11-18T08:43:08.571+0000] {logging_mixin.py:188} INFO - [2024-11-18T08:43:08.570+0000] {dag.py:3096} INFO - Sync 1 DAGs
[2024-11-18T08:43:08.598+0000] {logging_mixin.py:188} INFO - [2024-11-18T08:43:08.597+0000] {dag.py:3954} INFO - Setting next_dagrun for example_sensors to None, run_after=None
[2024-11-18T08:43:08.668+0000] {processor.py:183} INFO - Processing /home/airflow/.local/lib/python3.12/site-packages/airflow/example_dags/example_sensors.py took 0.181 seconds
[2024-11-18T08:43:39.116+0000] {processor.py:161} INFO - Started process (PID=4859) to work on /home/airflow/.local/lib/python3.12/site-packages/airflow/example_dags/example_sensors.py
[2024-11-18T08:43:39.117+0000] {processor.py:830} INFO - Processing file /home/airflow/.local/lib/python3.12/site-packages/airflow/example_dags/example_sensors.py for tasks to queue
[2024-11-18T08:43:39.119+0000] {logging_mixin.py:188} INFO - [2024-11-18T08:43:39.118+0000] {dagbag.py:545} INFO - Filling up the DagBag from /home/airflow/.local/lib/python3.12/site-packages/airflow/example_dags/example_sensors.py
[2024-11-18T08:43:39.127+0000] {processor.py:840} INFO - DAG(s) 'example_sensors' retrieved from /home/airflow/.local/lib/python3.12/site-packages/airflow/example_dags/example_sensors.py
[2024-11-18T08:43:39.150+0000] {logging_mixin.py:188} INFO - [2024-11-18T08:43:39.150+0000] {dag.py:3096} INFO - Sync 1 DAGs
[2024-11-18T08:43:39.162+0000] {logging_mixin.py:188} INFO - [2024-11-18T08:43:39.162+0000] {dag.py:3954} INFO - Setting next_dagrun for example_sensors to None, run_after=None
[2024-11-18T08:43:39.180+0000] {processor.py:183} INFO - Processing /home/airflow/.local/lib/python3.12/site-packages/airflow/example_dags/example_sensors.py took 0.070 seconds
[2024-11-18T08:44:09.366+0000] {processor.py:161} INFO - Started process (PID=5121) to work on /home/airflow/.local/lib/python3.12/site-packages/airflow/example_dags/example_sensors.py
[2024-11-18T08:44:09.368+0000] {processor.py:830} INFO - Processing file /home/airflow/.local/lib/python3.12/site-packages/airflow/example_dags/example_sensors.py for tasks to queue
[2024-11-18T08:44:09.370+0000] {logging_mixin.py:188} INFO - [2024-11-18T08:44:09.369+0000] {dagbag.py:545} INFO - Filling up the DagBag from /home/airflow/.local/lib/python3.12/site-packages/airflow/example_dags/example_sensors.py
[2024-11-18T08:44:09.377+0000] {processor.py:840} INFO - DAG(s) 'example_sensors' retrieved from /home/airflow/.local/lib/python3.12/site-packages/airflow/example_dags/example_sensors.py
[2024-11-18T08:44:09.401+0000] {logging_mixin.py:188} INFO - [2024-11-18T08:44:09.401+0000] {dag.py:3096} INFO - Sync 1 DAGs
[2024-11-18T08:44:09.412+0000] {logging_mixin.py:188} INFO - [2024-11-18T08:44:09.411+0000] {dag.py:3954} INFO - Setting next_dagrun for example_sensors to None, run_after=None
[2024-11-18T08:44:09.432+0000] {processor.py:183} INFO - Processing /home/airflow/.local/lib/python3.12/site-packages/airflow/example_dags/example_sensors.py took 0.071 seconds
[2024-11-18T08:44:39.647+0000] {processor.py:161} INFO - Started process (PID=5383) to work on /home/airflow/.local/lib/python3.12/site-packages/airflow/example_dags/example_sensors.py
[2024-11-18T08:44:39.648+0000] {processor.py:830} INFO - Processing file /home/airflow/.local/lib/python3.12/site-packages/airflow/example_dags/example_sensors.py for tasks to queue
[2024-11-18T08:44:39.651+0000] {logging_mixin.py:188} INFO - [2024-11-18T08:44:39.650+0000] {dagbag.py:545} INFO - Filling up the DagBag from /home/airflow/.local/lib/python3.12/site-packages/airflow/example_dags/example_sensors.py
[2024-11-18T08:44:39.659+0000] {processor.py:840} INFO - DAG(s) 'example_sensors' retrieved from /home/airflow/.local/lib/python3.12/site-packages/airflow/example_dags/example_sensors.py
[2024-11-18T08:44:39.683+0000] {logging_mixin.py:188} INFO - [2024-11-18T08:44:39.683+0000] {dag.py:3096} INFO - Sync 1 DAGs
[2024-11-18T08:44:39.695+0000] {logging_mixin.py:188} INFO - [2024-11-18T08:44:39.695+0000] {dag.py:3954} INFO - Setting next_dagrun for example_sensors to None, run_after=None
[2024-11-18T08:44:39.717+0000] {processor.py:183} INFO - Processing /home/airflow/.local/lib/python3.12/site-packages/airflow/example_dags/example_sensors.py took 0.076 seconds
[2024-11-18T08:45:09.933+0000] {processor.py:161} INFO - Started process (PID=5645) to work on /home/airflow/.local/lib/python3.12/site-packages/airflow/example_dags/example_sensors.py
[2024-11-18T08:45:09.934+0000] {processor.py:830} INFO - Processing file /home/airflow/.local/lib/python3.12/site-packages/airflow/example_dags/example_sensors.py for tasks to queue
[2024-11-18T08:45:09.936+0000] {logging_mixin.py:188} INFO - [2024-11-18T08:45:09.936+0000] {dagbag.py:545} INFO - Filling up the DagBag from /home/airflow/.local/lib/python3.12/site-packages/airflow/example_dags/example_sensors.py
[2024-11-18T08:45:09.952+0000] {processor.py:840} INFO - DAG(s) 'example_sensors' retrieved from /home/airflow/.local/lib/python3.12/site-packages/airflow/example_dags/example_sensors.py
[2024-11-18T08:45:09.989+0000] {logging_mixin.py:188} INFO - [2024-11-18T08:45:09.989+0000] {dag.py:3096} INFO - Sync 1 DAGs
[2024-11-18T08:45:10.003+0000] {logging_mixin.py:188} INFO - [2024-11-18T08:45:10.002+0000] {dag.py:3954} INFO - Setting next_dagrun for example_sensors to None, run_after=None
[2024-11-18T08:45:10.026+0000] {processor.py:183} INFO - Processing /home/airflow/.local/lib/python3.12/site-packages/airflow/example_dags/example_sensors.py took 0.100 seconds
[2024-11-18T08:45:40.067+0000] {processor.py:161} INFO - Started process (PID=5907) to work on /home/airflow/.local/lib/python3.12/site-packages/airflow/example_dags/example_sensors.py
[2024-11-18T08:45:40.070+0000] {processor.py:830} INFO - Processing file /home/airflow/.local/lib/python3.12/site-packages/airflow/example_dags/example_sensors.py for tasks to queue
[2024-11-18T08:45:40.073+0000] {logging_mixin.py:188} INFO - [2024-11-18T08:45:40.072+0000] {dagbag.py:545} INFO - Filling up the DagBag from /home/airflow/.local/lib/python3.12/site-packages/airflow/example_dags/example_sensors.py
[2024-11-18T08:45:40.084+0000] {processor.py:840} INFO - DAG(s) 'example_sensors' retrieved from /home/airflow/.local/lib/python3.12/site-packages/airflow/example_dags/example_sensors.py
[2024-11-18T08:45:40.119+0000] {logging_mixin.py:188} INFO - [2024-11-18T08:45:40.118+0000] {dag.py:3096} INFO - Sync 1 DAGs
[2024-11-18T08:45:40.133+0000] {logging_mixin.py:188} INFO - [2024-11-18T08:45:40.133+0000] {dag.py:3954} INFO - Setting next_dagrun for example_sensors to None, run_after=None
[2024-11-18T08:45:40.158+0000] {processor.py:183} INFO - Processing /home/airflow/.local/lib/python3.12/site-packages/airflow/example_dags/example_sensors.py took 0.098 seconds
[2024-11-18T08:46:10.297+0000] {processor.py:161} INFO - Started process (PID=6169) to work on /home/airflow/.local/lib/python3.12/site-packages/airflow/example_dags/example_sensors.py
[2024-11-18T08:46:10.298+0000] {processor.py:830} INFO - Processing file /home/airflow/.local/lib/python3.12/site-packages/airflow/example_dags/example_sensors.py for tasks to queue
[2024-11-18T08:46:10.300+0000] {logging_mixin.py:188} INFO - [2024-11-18T08:46:10.300+0000] {dagbag.py:545} INFO - Filling up the DagBag from /home/airflow/.local/lib/python3.12/site-packages/airflow/example_dags/example_sensors.py
[2024-11-18T08:46:10.307+0000] {processor.py:840} INFO - DAG(s) 'example_sensors' retrieved from /home/airflow/.local/lib/python3.12/site-packages/airflow/example_dags/example_sensors.py
[2024-11-18T08:46:10.332+0000] {logging_mixin.py:188} INFO - [2024-11-18T08:46:10.332+0000] {dag.py:3096} INFO - Sync 1 DAGs
[2024-11-18T08:46:10.344+0000] {logging_mixin.py:188} INFO - [2024-11-18T08:46:10.344+0000] {dag.py:3954} INFO - Setting next_dagrun for example_sensors to None, run_after=None
[2024-11-18T08:46:10.365+0000] {processor.py:183} INFO - Processing /home/airflow/.local/lib/python3.12/site-packages/airflow/example_dags/example_sensors.py took 0.073 seconds
[2024-11-18T08:46:40.657+0000] {processor.py:161} INFO - Started process (PID=6431) to work on /home/airflow/.local/lib/python3.12/site-packages/airflow/example_dags/example_sensors.py
[2024-11-18T08:46:40.658+0000] {processor.py:830} INFO - Processing file /home/airflow/.local/lib/python3.12/site-packages/airflow/example_dags/example_sensors.py for tasks to queue
[2024-11-18T08:46:40.660+0000] {logging_mixin.py:188} INFO - [2024-11-18T08:46:40.660+0000] {dagbag.py:545} INFO - Filling up the DagBag from /home/airflow/.local/lib/python3.12/site-packages/airflow/example_dags/example_sensors.py
[2024-11-18T08:46:40.670+0000] {processor.py:840} INFO - DAG(s) 'example_sensors' retrieved from /home/airflow/.local/lib/python3.12/site-packages/airflow/example_dags/example_sensors.py
[2024-11-18T08:46:40.697+0000] {logging_mixin.py:188} INFO - [2024-11-18T08:46:40.697+0000] {dag.py:3096} INFO - Sync 1 DAGs
[2024-11-18T08:46:40.711+0000] {logging_mixin.py:188} INFO - [2024-11-18T08:46:40.711+0000] {dag.py:3954} INFO - Setting next_dagrun for example_sensors to None, run_after=None
[2024-11-18T08:46:40.732+0000] {processor.py:183} INFO - Processing /home/airflow/.local/lib/python3.12/site-packages/airflow/example_dags/example_sensors.py took 0.081 seconds
[2024-11-18T08:47:10.937+0000] {processor.py:161} INFO - Started process (PID=6693) to work on /home/airflow/.local/lib/python3.12/site-packages/airflow/example_dags/example_sensors.py
[2024-11-18T08:47:10.939+0000] {processor.py:830} INFO - Processing file /home/airflow/.local/lib/python3.12/site-packages/airflow/example_dags/example_sensors.py for tasks to queue
[2024-11-18T08:47:10.940+0000] {logging_mixin.py:188} INFO - [2024-11-18T08:47:10.940+0000] {dagbag.py:545} INFO - Filling up the DagBag from /home/airflow/.local/lib/python3.12/site-packages/airflow/example_dags/example_sensors.py
[2024-11-18T08:47:10.948+0000] {processor.py:840} INFO - DAG(s) 'example_sensors' retrieved from /home/airflow/.local/lib/python3.12/site-packages/airflow/example_dags/example_sensors.py
[2024-11-18T08:47:10.972+0000] {logging_mixin.py:188} INFO - [2024-11-18T08:47:10.972+0000] {dag.py:3096} INFO - Sync 1 DAGs
[2024-11-18T08:47:10.984+0000] {logging_mixin.py:188} INFO - [2024-11-18T08:47:10.984+0000] {dag.py:3954} INFO - Setting next_dagrun for example_sensors to None, run_after=None
[2024-11-18T08:47:11.004+0000] {processor.py:183} INFO - Processing /home/airflow/.local/lib/python3.12/site-packages/airflow/example_dags/example_sensors.py took 0.072 seconds
[2024-11-18T08:47:41.232+0000] {processor.py:161} INFO - Started process (PID=6955) to work on /home/airflow/.local/lib/python3.12/site-packages/airflow/example_dags/example_sensors.py
[2024-11-18T08:47:41.233+0000] {processor.py:830} INFO - Processing file /home/airflow/.local/lib/python3.12/site-packages/airflow/example_dags/example_sensors.py for tasks to queue
[2024-11-18T08:47:41.235+0000] {logging_mixin.py:188} INFO - [2024-11-18T08:47:41.235+0000] {dagbag.py:545} INFO - Filling up the DagBag from /home/airflow/.local/lib/python3.12/site-packages/airflow/example_dags/example_sensors.py
[2024-11-18T08:47:41.243+0000] {processor.py:840} INFO - DAG(s) 'example_sensors' retrieved from /home/airflow/.local/lib/python3.12/site-packages/airflow/example_dags/example_sensors.py
[2024-11-18T08:47:41.267+0000] {logging_mixin.py:188} INFO - [2024-11-18T08:47:41.267+0000] {dag.py:3096} INFO - Sync 1 DAGs
[2024-11-18T08:47:41.281+0000] {logging_mixin.py:188} INFO - [2024-11-18T08:47:41.281+0000] {dag.py:3954} INFO - Setting next_dagrun for example_sensors to None, run_after=None
[2024-11-18T08:47:41.313+0000] {processor.py:183} INFO - Processing /home/airflow/.local/lib/python3.12/site-packages/airflow/example_dags/example_sensors.py took 0.085 seconds
[2024-11-18T08:48:11.729+0000] {processor.py:161} INFO - Started process (PID=7219) to work on /home/airflow/.local/lib/python3.12/site-packages/airflow/example_dags/example_sensors.py
[2024-11-18T08:48:11.730+0000] {processor.py:830} INFO - Processing file /home/airflow/.local/lib/python3.12/site-packages/airflow/example_dags/example_sensors.py for tasks to queue
[2024-11-18T08:48:11.732+0000] {logging_mixin.py:188} INFO - [2024-11-18T08:48:11.732+0000] {dagbag.py:545} INFO - Filling up the DagBag from /home/airflow/.local/lib/python3.12/site-packages/airflow/example_dags/example_sensors.py
[2024-11-18T08:48:11.740+0000] {processor.py:840} INFO - DAG(s) 'example_sensors' retrieved from /home/airflow/.local/lib/python3.12/site-packages/airflow/example_dags/example_sensors.py
[2024-11-18T08:48:11.764+0000] {logging_mixin.py:188} INFO - [2024-11-18T08:48:11.764+0000] {dag.py:3096} INFO - Sync 1 DAGs
[2024-11-18T08:48:11.775+0000] {logging_mixin.py:188} INFO - [2024-11-18T08:48:11.775+0000] {dag.py:3954} INFO - Setting next_dagrun for example_sensors to None, run_after=None
[2024-11-18T08:48:11.806+0000] {processor.py:183} INFO - Processing /home/airflow/.local/lib/python3.12/site-packages/airflow/example_dags/example_sensors.py took 0.082 seconds
[2024-11-18T08:48:42.225+0000] {processor.py:161} INFO - Started process (PID=7479) to work on /home/airflow/.local/lib/python3.12/site-packages/airflow/example_dags/example_sensors.py
[2024-11-18T08:48:42.226+0000] {processor.py:830} INFO - Processing file /home/airflow/.local/lib/python3.12/site-packages/airflow/example_dags/example_sensors.py for tasks to queue
[2024-11-18T08:48:42.228+0000] {logging_mixin.py:188} INFO - [2024-11-18T08:48:42.228+0000] {dagbag.py:545} INFO - Filling up the DagBag from /home/airflow/.local/lib/python3.12/site-packages/airflow/example_dags/example_sensors.py
[2024-11-18T08:48:42.236+0000] {processor.py:840} INFO - DAG(s) 'example_sensors' retrieved from /home/airflow/.local/lib/python3.12/site-packages/airflow/example_dags/example_sensors.py
[2024-11-18T08:48:42.266+0000] {logging_mixin.py:188} INFO - [2024-11-18T08:48:42.265+0000] {dag.py:3096} INFO - Sync 1 DAGs
[2024-11-18T08:48:42.279+0000] {logging_mixin.py:188} INFO - [2024-11-18T08:48:42.279+0000] {dag.py:3954} INFO - Setting next_dagrun for example_sensors to None, run_after=None
[2024-11-18T08:48:42.314+0000] {processor.py:183} INFO - Processing /home/airflow/.local/lib/python3.12/site-packages/airflow/example_dags/example_sensors.py took 0.094 seconds
[2024-11-18T08:49:12.616+0000] {processor.py:161} INFO - Started process (PID=7743) to work on /home/airflow/.local/lib/python3.12/site-packages/airflow/example_dags/example_sensors.py
[2024-11-18T08:49:12.617+0000] {processor.py:830} INFO - Processing file /home/airflow/.local/lib/python3.12/site-packages/airflow/example_dags/example_sensors.py for tasks to queue
[2024-11-18T08:49:12.618+0000] {logging_mixin.py:188} INFO - [2024-11-18T08:49:12.618+0000] {dagbag.py:545} INFO - Filling up the DagBag from /home/airflow/.local/lib/python3.12/site-packages/airflow/example_dags/example_sensors.py
[2024-11-18T08:49:12.625+0000] {processor.py:840} INFO - DAG(s) 'example_sensors' retrieved from /home/airflow/.local/lib/python3.12/site-packages/airflow/example_dags/example_sensors.py
[2024-11-18T08:49:12.649+0000] {logging_mixin.py:188} INFO - [2024-11-18T08:49:12.648+0000] {dag.py:3096} INFO - Sync 1 DAGs
[2024-11-18T08:49:12.659+0000] {logging_mixin.py:188} INFO - [2024-11-18T08:49:12.659+0000] {dag.py:3954} INFO - Setting next_dagrun for example_sensors to None, run_after=None
[2024-11-18T08:49:12.687+0000] {processor.py:183} INFO - Processing /home/airflow/.local/lib/python3.12/site-packages/airflow/example_dags/example_sensors.py took 0.077 seconds
[2024-11-18T08:49:42.826+0000] {processor.py:161} INFO - Started process (PID=8003) to work on /home/airflow/.local/lib/python3.12/site-packages/airflow/example_dags/example_sensors.py
[2024-11-18T08:49:42.827+0000] {processor.py:830} INFO - Processing file /home/airflow/.local/lib/python3.12/site-packages/airflow/example_dags/example_sensors.py for tasks to queue
[2024-11-18T08:49:42.829+0000] {logging_mixin.py:188} INFO - [2024-11-18T08:49:42.829+0000] {dagbag.py:545} INFO - Filling up the DagBag from /home/airflow/.local/lib/python3.12/site-packages/airflow/example_dags/example_sensors.py
[2024-11-18T08:49:42.837+0000] {processor.py:840} INFO - DAG(s) 'example_sensors' retrieved from /home/airflow/.local/lib/python3.12/site-packages/airflow/example_dags/example_sensors.py
[2024-11-18T08:49:42.863+0000] {logging_mixin.py:188} INFO - [2024-11-18T08:49:42.863+0000] {dag.py:3096} INFO - Sync 1 DAGs
[2024-11-18T08:49:42.882+0000] {logging_mixin.py:188} INFO - [2024-11-18T08:49:42.882+0000] {dag.py:3954} INFO - Setting next_dagrun for example_sensors to None, run_after=None
[2024-11-18T08:49:42.915+0000] {processor.py:183} INFO - Processing /home/airflow/.local/lib/python3.12/site-packages/airflow/example_dags/example_sensors.py took 0.095 seconds
[2024-11-18T08:50:13.053+0000] {processor.py:161} INFO - Started process (PID=8265) to work on /home/airflow/.local/lib/python3.12/site-packages/airflow/example_dags/example_sensors.py
[2024-11-18T08:50:13.054+0000] {processor.py:830} INFO - Processing file /home/airflow/.local/lib/python3.12/site-packages/airflow/example_dags/example_sensors.py for tasks to queue
[2024-11-18T08:50:13.056+0000] {logging_mixin.py:188} INFO - [2024-11-18T08:50:13.056+0000] {dagbag.py:545} INFO - Filling up the DagBag from /home/airflow/.local/lib/python3.12/site-packages/airflow/example_dags/example_sensors.py
[2024-11-18T08:50:13.063+0000] {processor.py:840} INFO - DAG(s) 'example_sensors' retrieved from /home/airflow/.local/lib/python3.12/site-packages/airflow/example_dags/example_sensors.py
[2024-11-18T08:50:13.089+0000] {logging_mixin.py:188} INFO - [2024-11-18T08:50:13.089+0000] {dag.py:3096} INFO - Sync 1 DAGs
[2024-11-18T08:50:13.100+0000] {logging_mixin.py:188} INFO - [2024-11-18T08:50:13.100+0000] {dag.py:3954} INFO - Setting next_dagrun for example_sensors to None, run_after=None
[2024-11-18T08:50:13.130+0000] {processor.py:183} INFO - Processing /home/airflow/.local/lib/python3.12/site-packages/airflow/example_dags/example_sensors.py took 0.081 seconds
[2024-11-18T08:50:43.407+0000] {processor.py:161} INFO - Started process (PID=8524) to work on /home/airflow/.local/lib/python3.12/site-packages/airflow/example_dags/example_sensors.py
[2024-11-18T08:50:43.408+0000] {processor.py:830} INFO - Processing file /home/airflow/.local/lib/python3.12/site-packages/airflow/example_dags/example_sensors.py for tasks to queue
[2024-11-18T08:50:43.412+0000] {logging_mixin.py:188} INFO - [2024-11-18T08:50:43.411+0000] {dagbag.py:545} INFO - Filling up the DagBag from /home/airflow/.local/lib/python3.12/site-packages/airflow/example_dags/example_sensors.py
[2024-11-18T08:50:43.422+0000] {processor.py:840} INFO - DAG(s) 'example_sensors' retrieved from /home/airflow/.local/lib/python3.12/site-packages/airflow/example_dags/example_sensors.py
[2024-11-18T08:50:43.449+0000] {logging_mixin.py:188} INFO - [2024-11-18T08:50:43.449+0000] {dag.py:3096} INFO - Sync 1 DAGs
[2024-11-18T08:50:43.462+0000] {logging_mixin.py:188} INFO - [2024-11-18T08:50:43.461+0000] {dag.py:3954} INFO - Setting next_dagrun for example_sensors to None, run_after=None
[2024-11-18T08:50:43.491+0000] {processor.py:183} INFO - Processing /home/airflow/.local/lib/python3.12/site-packages/airflow/example_dags/example_sensors.py took 0.091 seconds
[2024-11-18T08:51:13.849+0000] {processor.py:161} INFO - Started process (PID=8787) to work on /home/airflow/.local/lib/python3.12/site-packages/airflow/example_dags/example_sensors.py
[2024-11-18T08:51:13.850+0000] {processor.py:830} INFO - Processing file /home/airflow/.local/lib/python3.12/site-packages/airflow/example_dags/example_sensors.py for tasks to queue
[2024-11-18T08:51:13.852+0000] {logging_mixin.py:188} INFO - [2024-11-18T08:51:13.851+0000] {dagbag.py:545} INFO - Filling up the DagBag from /home/airflow/.local/lib/python3.12/site-packages/airflow/example_dags/example_sensors.py
[2024-11-18T08:51:13.859+0000] {processor.py:840} INFO - DAG(s) 'example_sensors' retrieved from /home/airflow/.local/lib/python3.12/site-packages/airflow/example_dags/example_sensors.py
[2024-11-18T08:51:13.886+0000] {logging_mixin.py:188} INFO - [2024-11-18T08:51:13.886+0000] {dag.py:3096} INFO - Sync 1 DAGs
[2024-11-18T08:51:13.900+0000] {logging_mixin.py:188} INFO - [2024-11-18T08:51:13.900+0000] {dag.py:3954} INFO - Setting next_dagrun for example_sensors to None, run_after=None
[2024-11-18T08:51:13.932+0000] {processor.py:183} INFO - Processing /home/airflow/.local/lib/python3.12/site-packages/airflow/example_dags/example_sensors.py took 0.089 seconds
[2024-11-18T08:51:44.007+0000] {processor.py:161} INFO - Started process (PID=9047) to work on /home/airflow/.local/lib/python3.12/site-packages/airflow/example_dags/example_sensors.py
[2024-11-18T08:51:44.008+0000] {processor.py:830} INFO - Processing file /home/airflow/.local/lib/python3.12/site-packages/airflow/example_dags/example_sensors.py for tasks to queue
[2024-11-18T08:51:44.010+0000] {logging_mixin.py:188} INFO - [2024-11-18T08:51:44.010+0000] {dagbag.py:545} INFO - Filling up the DagBag from /home/airflow/.local/lib/python3.12/site-packages/airflow/example_dags/example_sensors.py
[2024-11-18T08:51:44.018+0000] {processor.py:840} INFO - DAG(s) 'example_sensors' retrieved from /home/airflow/.local/lib/python3.12/site-packages/airflow/example_dags/example_sensors.py
[2024-11-18T08:51:44.044+0000] {logging_mixin.py:188} INFO - [2024-11-18T08:51:44.044+0000] {dag.py:3096} INFO - Sync 1 DAGs
[2024-11-18T08:51:44.055+0000] {logging_mixin.py:188} INFO - [2024-11-18T08:51:44.055+0000] {dag.py:3954} INFO - Setting next_dagrun for example_sensors to None, run_after=None
[2024-11-18T08:51:44.074+0000] {processor.py:183} INFO - Processing /home/airflow/.local/lib/python3.12/site-packages/airflow/example_dags/example_sensors.py took 0.072 seconds
[2024-11-18T08:52:14.698+0000] {processor.py:161} INFO - Started process (PID=9309) to work on /home/airflow/.local/lib/python3.12/site-packages/airflow/example_dags/example_sensors.py
[2024-11-18T08:52:14.698+0000] {processor.py:830} INFO - Processing file /home/airflow/.local/lib/python3.12/site-packages/airflow/example_dags/example_sensors.py for tasks to queue
[2024-11-18T08:52:14.700+0000] {logging_mixin.py:188} INFO - [2024-11-18T08:52:14.700+0000] {dagbag.py:545} INFO - Filling up the DagBag from /home/airflow/.local/lib/python3.12/site-packages/airflow/example_dags/example_sensors.py
[2024-11-18T08:52:14.713+0000] {processor.py:840} INFO - DAG(s) 'example_sensors' retrieved from /home/airflow/.local/lib/python3.12/site-packages/airflow/example_dags/example_sensors.py
[2024-11-18T08:52:14.741+0000] {logging_mixin.py:188} INFO - [2024-11-18T08:52:14.740+0000] {dag.py:3096} INFO - Sync 1 DAGs
[2024-11-18T08:52:14.755+0000] {logging_mixin.py:188} INFO - [2024-11-18T08:52:14.755+0000] {dag.py:3954} INFO - Setting next_dagrun for example_sensors to None, run_after=None
[2024-11-18T08:52:14.789+0000] {processor.py:183} INFO - Processing /home/airflow/.local/lib/python3.12/site-packages/airflow/example_dags/example_sensors.py took 0.097 seconds
[2024-11-18T08:52:46.176+0000] {processor.py:161} INFO - Started process (PID=9579) to work on /home/airflow/.local/lib/python3.12/site-packages/airflow/example_dags/example_sensors.py
[2024-11-18T08:52:46.176+0000] {processor.py:830} INFO - Processing file /home/airflow/.local/lib/python3.12/site-packages/airflow/example_dags/example_sensors.py for tasks to queue
[2024-11-18T08:52:46.178+0000] {logging_mixin.py:188} INFO - [2024-11-18T08:52:46.178+0000] {dagbag.py:545} INFO - Filling up the DagBag from /home/airflow/.local/lib/python3.12/site-packages/airflow/example_dags/example_sensors.py
[2024-11-18T08:52:46.185+0000] {processor.py:840} INFO - DAG(s) 'example_sensors' retrieved from /home/airflow/.local/lib/python3.12/site-packages/airflow/example_dags/example_sensors.py
[2024-11-18T08:52:46.208+0000] {logging_mixin.py:188} INFO - [2024-11-18T08:52:46.208+0000] {dag.py:3096} INFO - Sync 1 DAGs
[2024-11-18T08:52:46.219+0000] {logging_mixin.py:188} INFO - [2024-11-18T08:52:46.219+0000] {dag.py:3954} INFO - Setting next_dagrun for example_sensors to None, run_after=None
[2024-11-18T08:52:46.248+0000] {processor.py:183} INFO - Processing /home/airflow/.local/lib/python3.12/site-packages/airflow/example_dags/example_sensors.py took 0.078 seconds
