[2024-11-18T08:34:58.907+0000] {processor.py:161} INFO - Started process (PID=372) to work on /home/airflow/.local/lib/python3.12/site-packages/airflow/example_dags/example_complex.py
[2024-11-18T08:34:58.908+0000] {processor.py:830} INFO - Processing file /home/airflow/.local/lib/python3.12/site-packages/airflow/example_dags/example_complex.py for tasks to queue
[2024-11-18T08:34:58.911+0000] {logging_mixin.py:188} INFO - [2024-11-18T08:34:58.911+0000] {dagbag.py:545} INFO - Filling up the DagBag from /home/airflow/.local/lib/python3.12/site-packages/airflow/example_dags/example_complex.py
[2024-11-18T08:34:58.936+0000] {processor.py:840} INFO - DAG(s) 'example_complex' retrieved from /home/airflow/.local/lib/python3.12/site-packages/airflow/example_dags/example_complex.py
[2024-11-18T08:34:58.954+0000] {logging_mixin.py:188} INFO - [2024-11-18T08:34:58.954+0000] {dag.py:3096} INFO - Sync 1 DAGs
[2024-11-18T08:34:58.971+0000] {logging_mixin.py:188} INFO - [2024-11-18T08:34:58.971+0000] {dag.py:3118} INFO - Creating ORM DAG for example_complex
[2024-11-18T08:34:58.973+0000] {logging_mixin.py:188} INFO - [2024-11-18T08:34:58.972+0000] {dag.py:3954} INFO - Setting next_dagrun for example_complex to None, run_after=None
[2024-11-18T08:34:58.999+0000] {processor.py:183} INFO - Processing /home/airflow/.local/lib/python3.12/site-packages/airflow/example_dags/example_complex.py took 0.102 seconds
[2024-11-18T08:35:29.351+0000] {processor.py:161} INFO - Started process (PID=632) to work on /home/airflow/.local/lib/python3.12/site-packages/airflow/example_dags/example_complex.py
[2024-11-18T08:35:29.353+0000] {processor.py:830} INFO - Processing file /home/airflow/.local/lib/python3.12/site-packages/airflow/example_dags/example_complex.py for tasks to queue
[2024-11-18T08:35:29.355+0000] {logging_mixin.py:188} INFO - [2024-11-18T08:35:29.354+0000] {dagbag.py:545} INFO - Filling up the DagBag from /home/airflow/.local/lib/python3.12/site-packages/airflow/example_dags/example_complex.py
[2024-11-18T08:35:29.372+0000] {processor.py:840} INFO - DAG(s) 'example_complex' retrieved from /home/airflow/.local/lib/python3.12/site-packages/airflow/example_dags/example_complex.py
[2024-11-18T08:35:29.582+0000] {logging_mixin.py:188} INFO - [2024-11-18T08:35:29.581+0000] {dag.py:3096} INFO - Sync 1 DAGs
[2024-11-18T08:35:29.594+0000] {logging_mixin.py:188} INFO - [2024-11-18T08:35:29.594+0000] {dag.py:3954} INFO - Setting next_dagrun for example_complex to None, run_after=None
[2024-11-18T08:35:29.624+0000] {processor.py:183} INFO - Processing /home/airflow/.local/lib/python3.12/site-packages/airflow/example_dags/example_complex.py took 0.280 seconds
[2024-11-18T08:36:00.402+0000] {processor.py:161} INFO - Started process (PID=894) to work on /home/airflow/.local/lib/python3.12/site-packages/airflow/example_dags/example_complex.py
[2024-11-18T08:36:00.403+0000] {processor.py:830} INFO - Processing file /home/airflow/.local/lib/python3.12/site-packages/airflow/example_dags/example_complex.py for tasks to queue
[2024-11-18T08:36:00.405+0000] {logging_mixin.py:188} INFO - [2024-11-18T08:36:00.405+0000] {dagbag.py:545} INFO - Filling up the DagBag from /home/airflow/.local/lib/python3.12/site-packages/airflow/example_dags/example_complex.py
[2024-11-18T08:36:00.415+0000] {processor.py:840} INFO - DAG(s) 'example_complex' retrieved from /home/airflow/.local/lib/python3.12/site-packages/airflow/example_dags/example_complex.py
[2024-11-18T08:36:00.449+0000] {logging_mixin.py:188} INFO - [2024-11-18T08:36:00.448+0000] {dag.py:3096} INFO - Sync 1 DAGs
[2024-11-18T08:36:00.462+0000] {logging_mixin.py:188} INFO - [2024-11-18T08:36:00.461+0000] {dag.py:3954} INFO - Setting next_dagrun for example_complex to None, run_after=None
[2024-11-18T08:36:00.483+0000] {processor.py:183} INFO - Processing /home/airflow/.local/lib/python3.12/site-packages/airflow/example_dags/example_complex.py took 0.087 seconds
[2024-11-18T08:36:30.975+0000] {processor.py:161} INFO - Started process (PID=1156) to work on /home/airflow/.local/lib/python3.12/site-packages/airflow/example_dags/example_complex.py
[2024-11-18T08:36:30.984+0000] {processor.py:830} INFO - Processing file /home/airflow/.local/lib/python3.12/site-packages/airflow/example_dags/example_complex.py for tasks to queue
[2024-11-18T08:36:30.986+0000] {logging_mixin.py:188} INFO - [2024-11-18T08:36:30.986+0000] {dagbag.py:545} INFO - Filling up the DagBag from /home/airflow/.local/lib/python3.12/site-packages/airflow/example_dags/example_complex.py
[2024-11-18T08:36:31.001+0000] {processor.py:840} INFO - DAG(s) 'example_complex' retrieved from /home/airflow/.local/lib/python3.12/site-packages/airflow/example_dags/example_complex.py
[2024-11-18T08:36:31.034+0000] {logging_mixin.py:188} INFO - [2024-11-18T08:36:31.034+0000] {dag.py:3096} INFO - Sync 1 DAGs
[2024-11-18T08:36:31.048+0000] {logging_mixin.py:188} INFO - [2024-11-18T08:36:31.047+0000] {dag.py:3954} INFO - Setting next_dagrun for example_complex to None, run_after=None
[2024-11-18T08:36:31.070+0000] {processor.py:183} INFO - Processing /home/airflow/.local/lib/python3.12/site-packages/airflow/example_dags/example_complex.py took 0.102 seconds
[2024-11-18T08:37:01.164+0000] {processor.py:161} INFO - Started process (PID=1418) to work on /home/airflow/.local/lib/python3.12/site-packages/airflow/example_dags/example_complex.py
[2024-11-18T08:37:01.165+0000] {processor.py:830} INFO - Processing file /home/airflow/.local/lib/python3.12/site-packages/airflow/example_dags/example_complex.py for tasks to queue
[2024-11-18T08:37:01.167+0000] {logging_mixin.py:188} INFO - [2024-11-18T08:37:01.166+0000] {dagbag.py:545} INFO - Filling up the DagBag from /home/airflow/.local/lib/python3.12/site-packages/airflow/example_dags/example_complex.py
[2024-11-18T08:37:01.175+0000] {processor.py:840} INFO - DAG(s) 'example_complex' retrieved from /home/airflow/.local/lib/python3.12/site-packages/airflow/example_dags/example_complex.py
[2024-11-18T08:37:01.204+0000] {logging_mixin.py:188} INFO - [2024-11-18T08:37:01.204+0000] {dag.py:3096} INFO - Sync 1 DAGs
[2024-11-18T08:37:01.217+0000] {logging_mixin.py:188} INFO - [2024-11-18T08:37:01.216+0000] {dag.py:3954} INFO - Setting next_dagrun for example_complex to None, run_after=None
[2024-11-18T08:37:01.237+0000] {processor.py:183} INFO - Processing /home/airflow/.local/lib/python3.12/site-packages/airflow/example_dags/example_complex.py took 0.078 seconds
[2024-11-18T08:37:31.633+0000] {processor.py:161} INFO - Started process (PID=1680) to work on /home/airflow/.local/lib/python3.12/site-packages/airflow/example_dags/example_complex.py
[2024-11-18T08:37:31.634+0000] {processor.py:830} INFO - Processing file /home/airflow/.local/lib/python3.12/site-packages/airflow/example_dags/example_complex.py for tasks to queue
[2024-11-18T08:37:31.636+0000] {logging_mixin.py:188} INFO - [2024-11-18T08:37:31.636+0000] {dagbag.py:545} INFO - Filling up the DagBag from /home/airflow/.local/lib/python3.12/site-packages/airflow/example_dags/example_complex.py
[2024-11-18T08:37:31.646+0000] {processor.py:840} INFO - DAG(s) 'example_complex' retrieved from /home/airflow/.local/lib/python3.12/site-packages/airflow/example_dags/example_complex.py
[2024-11-18T08:37:31.679+0000] {logging_mixin.py:188} INFO - [2024-11-18T08:37:31.678+0000] {dag.py:3096} INFO - Sync 1 DAGs
[2024-11-18T08:37:31.692+0000] {logging_mixin.py:188} INFO - [2024-11-18T08:37:31.692+0000] {dag.py:3954} INFO - Setting next_dagrun for example_complex to None, run_after=None
[2024-11-18T08:37:31.716+0000] {processor.py:183} INFO - Processing /home/airflow/.local/lib/python3.12/site-packages/airflow/example_dags/example_complex.py took 0.089 seconds
[2024-11-18T08:38:02.677+0000] {processor.py:161} INFO - Started process (PID=1942) to work on /home/airflow/.local/lib/python3.12/site-packages/airflow/example_dags/example_complex.py
[2024-11-18T08:38:02.678+0000] {processor.py:830} INFO - Processing file /home/airflow/.local/lib/python3.12/site-packages/airflow/example_dags/example_complex.py for tasks to queue
[2024-11-18T08:38:02.681+0000] {logging_mixin.py:188} INFO - [2024-11-18T08:38:02.680+0000] {dagbag.py:545} INFO - Filling up the DagBag from /home/airflow/.local/lib/python3.12/site-packages/airflow/example_dags/example_complex.py
[2024-11-18T08:38:02.691+0000] {processor.py:840} INFO - DAG(s) 'example_complex' retrieved from /home/airflow/.local/lib/python3.12/site-packages/airflow/example_dags/example_complex.py
[2024-11-18T08:38:02.720+0000] {logging_mixin.py:188} INFO - [2024-11-18T08:38:02.720+0000] {dag.py:3096} INFO - Sync 1 DAGs
[2024-11-18T08:38:02.731+0000] {logging_mixin.py:188} INFO - [2024-11-18T08:38:02.731+0000] {dag.py:3954} INFO - Setting next_dagrun for example_complex to None, run_after=None
[2024-11-18T08:38:02.750+0000] {processor.py:183} INFO - Processing /home/airflow/.local/lib/python3.12/site-packages/airflow/example_dags/example_complex.py took 0.084 seconds
[2024-11-18T08:38:33.091+0000] {processor.py:161} INFO - Started process (PID=2204) to work on /home/airflow/.local/lib/python3.12/site-packages/airflow/example_dags/example_complex.py
[2024-11-18T08:38:33.092+0000] {processor.py:830} INFO - Processing file /home/airflow/.local/lib/python3.12/site-packages/airflow/example_dags/example_complex.py for tasks to queue
[2024-11-18T08:38:33.094+0000] {logging_mixin.py:188} INFO - [2024-11-18T08:38:33.093+0000] {dagbag.py:545} INFO - Filling up the DagBag from /home/airflow/.local/lib/python3.12/site-packages/airflow/example_dags/example_complex.py
[2024-11-18T08:38:33.102+0000] {processor.py:840} INFO - DAG(s) 'example_complex' retrieved from /home/airflow/.local/lib/python3.12/site-packages/airflow/example_dags/example_complex.py
[2024-11-18T08:38:33.134+0000] {logging_mixin.py:188} INFO - [2024-11-18T08:38:33.134+0000] {dag.py:3096} INFO - Sync 1 DAGs
[2024-11-18T08:38:33.147+0000] {logging_mixin.py:188} INFO - [2024-11-18T08:38:33.146+0000] {dag.py:3954} INFO - Setting next_dagrun for example_complex to None, run_after=None
[2024-11-18T08:38:33.166+0000] {processor.py:183} INFO - Processing /home/airflow/.local/lib/python3.12/site-packages/airflow/example_dags/example_complex.py took 0.080 seconds
[2024-11-18T08:39:03.299+0000] {processor.py:161} INFO - Started process (PID=2466) to work on /home/airflow/.local/lib/python3.12/site-packages/airflow/example_dags/example_complex.py
[2024-11-18T08:39:03.300+0000] {processor.py:830} INFO - Processing file /home/airflow/.local/lib/python3.12/site-packages/airflow/example_dags/example_complex.py for tasks to queue
[2024-11-18T08:39:03.301+0000] {logging_mixin.py:188} INFO - [2024-11-18T08:39:03.301+0000] {dagbag.py:545} INFO - Filling up the DagBag from /home/airflow/.local/lib/python3.12/site-packages/airflow/example_dags/example_complex.py
[2024-11-18T08:39:03.310+0000] {processor.py:840} INFO - DAG(s) 'example_complex' retrieved from /home/airflow/.local/lib/python3.12/site-packages/airflow/example_dags/example_complex.py
[2024-11-18T08:39:03.343+0000] {logging_mixin.py:188} INFO - [2024-11-18T08:39:03.343+0000] {dag.py:3096} INFO - Sync 1 DAGs
[2024-11-18T08:39:03.356+0000] {logging_mixin.py:188} INFO - [2024-11-18T08:39:03.356+0000] {dag.py:3954} INFO - Setting next_dagrun for example_complex to None, run_after=None
[2024-11-18T08:39:03.375+0000] {processor.py:183} INFO - Processing /home/airflow/.local/lib/python3.12/site-packages/airflow/example_dags/example_complex.py took 0.081 seconds
[2024-11-18T08:39:33.784+0000] {processor.py:161} INFO - Started process (PID=2728) to work on /home/airflow/.local/lib/python3.12/site-packages/airflow/example_dags/example_complex.py
[2024-11-18T08:39:33.785+0000] {processor.py:830} INFO - Processing file /home/airflow/.local/lib/python3.12/site-packages/airflow/example_dags/example_complex.py for tasks to queue
[2024-11-18T08:39:33.787+0000] {logging_mixin.py:188} INFO - [2024-11-18T08:39:33.787+0000] {dagbag.py:545} INFO - Filling up the DagBag from /home/airflow/.local/lib/python3.12/site-packages/airflow/example_dags/example_complex.py
[2024-11-18T08:39:33.796+0000] {processor.py:840} INFO - DAG(s) 'example_complex' retrieved from /home/airflow/.local/lib/python3.12/site-packages/airflow/example_dags/example_complex.py
[2024-11-18T08:39:33.823+0000] {logging_mixin.py:188} INFO - [2024-11-18T08:39:33.823+0000] {dag.py:3096} INFO - Sync 1 DAGs
[2024-11-18T08:39:33.834+0000] {logging_mixin.py:188} INFO - [2024-11-18T08:39:33.834+0000] {dag.py:3954} INFO - Setting next_dagrun for example_complex to None, run_after=None
[2024-11-18T08:39:33.855+0000] {processor.py:183} INFO - Processing /home/airflow/.local/lib/python3.12/site-packages/airflow/example_dags/example_complex.py took 0.076 seconds
[2024-11-18T08:40:04.111+0000] {processor.py:161} INFO - Started process (PID=2990) to work on /home/airflow/.local/lib/python3.12/site-packages/airflow/example_dags/example_complex.py
[2024-11-18T08:40:04.111+0000] {processor.py:830} INFO - Processing file /home/airflow/.local/lib/python3.12/site-packages/airflow/example_dags/example_complex.py for tasks to queue
[2024-11-18T08:40:04.113+0000] {logging_mixin.py:188} INFO - [2024-11-18T08:40:04.113+0000] {dagbag.py:545} INFO - Filling up the DagBag from /home/airflow/.local/lib/python3.12/site-packages/airflow/example_dags/example_complex.py
[2024-11-18T08:40:04.122+0000] {processor.py:840} INFO - DAG(s) 'example_complex' retrieved from /home/airflow/.local/lib/python3.12/site-packages/airflow/example_dags/example_complex.py
[2024-11-18T08:40:04.151+0000] {logging_mixin.py:188} INFO - [2024-11-18T08:40:04.151+0000] {dag.py:3096} INFO - Sync 1 DAGs
[2024-11-18T08:40:04.162+0000] {logging_mixin.py:188} INFO - [2024-11-18T08:40:04.162+0000] {dag.py:3954} INFO - Setting next_dagrun for example_complex to None, run_after=None
[2024-11-18T08:40:04.183+0000] {processor.py:183} INFO - Processing /home/airflow/.local/lib/python3.12/site-packages/airflow/example_dags/example_complex.py took 0.077 seconds
[2024-11-18T08:40:34.454+0000] {processor.py:161} INFO - Started process (PID=3252) to work on /home/airflow/.local/lib/python3.12/site-packages/airflow/example_dags/example_complex.py
[2024-11-18T08:40:34.455+0000] {processor.py:830} INFO - Processing file /home/airflow/.local/lib/python3.12/site-packages/airflow/example_dags/example_complex.py for tasks to queue
[2024-11-18T08:40:34.457+0000] {logging_mixin.py:188} INFO - [2024-11-18T08:40:34.457+0000] {dagbag.py:545} INFO - Filling up the DagBag from /home/airflow/.local/lib/python3.12/site-packages/airflow/example_dags/example_complex.py
[2024-11-18T08:40:34.465+0000] {processor.py:840} INFO - DAG(s) 'example_complex' retrieved from /home/airflow/.local/lib/python3.12/site-packages/airflow/example_dags/example_complex.py
[2024-11-18T08:40:34.494+0000] {logging_mixin.py:188} INFO - [2024-11-18T08:40:34.493+0000] {dag.py:3096} INFO - Sync 1 DAGs
[2024-11-18T08:40:34.505+0000] {logging_mixin.py:188} INFO - [2024-11-18T08:40:34.505+0000] {dag.py:3954} INFO - Setting next_dagrun for example_complex to None, run_after=None
[2024-11-18T08:40:34.526+0000] {processor.py:183} INFO - Processing /home/airflow/.local/lib/python3.12/site-packages/airflow/example_dags/example_complex.py took 0.076 seconds
[2024-11-18T08:41:04.929+0000] {processor.py:161} INFO - Started process (PID=3514) to work on /home/airflow/.local/lib/python3.12/site-packages/airflow/example_dags/example_complex.py
[2024-11-18T08:41:04.930+0000] {processor.py:830} INFO - Processing file /home/airflow/.local/lib/python3.12/site-packages/airflow/example_dags/example_complex.py for tasks to queue
[2024-11-18T08:41:04.932+0000] {logging_mixin.py:188} INFO - [2024-11-18T08:41:04.932+0000] {dagbag.py:545} INFO - Filling up the DagBag from /home/airflow/.local/lib/python3.12/site-packages/airflow/example_dags/example_complex.py
[2024-11-18T08:41:04.940+0000] {processor.py:840} INFO - DAG(s) 'example_complex' retrieved from /home/airflow/.local/lib/python3.12/site-packages/airflow/example_dags/example_complex.py
[2024-11-18T08:41:04.969+0000] {logging_mixin.py:188} INFO - [2024-11-18T08:41:04.969+0000] {dag.py:3096} INFO - Sync 1 DAGs
[2024-11-18T08:41:04.981+0000] {logging_mixin.py:188} INFO - [2024-11-18T08:41:04.981+0000] {dag.py:3954} INFO - Setting next_dagrun for example_complex to None, run_after=None
[2024-11-18T08:41:05.002+0000] {processor.py:183} INFO - Processing /home/airflow/.local/lib/python3.12/site-packages/airflow/example_dags/example_complex.py took 0.077 seconds
[2024-11-18T08:41:35.279+0000] {processor.py:161} INFO - Started process (PID=3776) to work on /home/airflow/.local/lib/python3.12/site-packages/airflow/example_dags/example_complex.py
[2024-11-18T08:41:35.281+0000] {processor.py:830} INFO - Processing file /home/airflow/.local/lib/python3.12/site-packages/airflow/example_dags/example_complex.py for tasks to queue
[2024-11-18T08:41:35.284+0000] {logging_mixin.py:188} INFO - [2024-11-18T08:41:35.284+0000] {dagbag.py:545} INFO - Filling up the DagBag from /home/airflow/.local/lib/python3.12/site-packages/airflow/example_dags/example_complex.py
[2024-11-18T08:41:35.298+0000] {processor.py:840} INFO - DAG(s) 'example_complex' retrieved from /home/airflow/.local/lib/python3.12/site-packages/airflow/example_dags/example_complex.py
[2024-11-18T08:41:35.344+0000] {logging_mixin.py:188} INFO - [2024-11-18T08:41:35.344+0000] {dag.py:3096} INFO - Sync 1 DAGs
[2024-11-18T08:41:35.364+0000] {logging_mixin.py:188} INFO - [2024-11-18T08:41:35.363+0000] {dag.py:3954} INFO - Setting next_dagrun for example_complex to None, run_after=None
[2024-11-18T08:41:35.399+0000] {processor.py:183} INFO - Processing /home/airflow/.local/lib/python3.12/site-packages/airflow/example_dags/example_complex.py took 0.128 seconds
[2024-11-18T08:42:05.980+0000] {processor.py:161} INFO - Started process (PID=4040) to work on /home/airflow/.local/lib/python3.12/site-packages/airflow/example_dags/example_complex.py
[2024-11-18T08:42:05.981+0000] {processor.py:830} INFO - Processing file /home/airflow/.local/lib/python3.12/site-packages/airflow/example_dags/example_complex.py for tasks to queue
[2024-11-18T08:42:05.982+0000] {logging_mixin.py:188} INFO - [2024-11-18T08:42:05.982+0000] {dagbag.py:545} INFO - Filling up the DagBag from /home/airflow/.local/lib/python3.12/site-packages/airflow/example_dags/example_complex.py
[2024-11-18T08:42:05.992+0000] {processor.py:840} INFO - DAG(s) 'example_complex' retrieved from /home/airflow/.local/lib/python3.12/site-packages/airflow/example_dags/example_complex.py
[2024-11-18T08:42:06.031+0000] {logging_mixin.py:188} INFO - [2024-11-18T08:42:06.031+0000] {dag.py:3096} INFO - Sync 1 DAGs
[2024-11-18T08:42:06.049+0000] {logging_mixin.py:188} INFO - [2024-11-18T08:42:06.049+0000] {dag.py:3954} INFO - Setting next_dagrun for example_complex to None, run_after=None
[2024-11-18T08:42:06.084+0000] {processor.py:183} INFO - Processing /home/airflow/.local/lib/python3.12/site-packages/airflow/example_dags/example_complex.py took 0.110 seconds
[2024-11-18T08:42:36.827+0000] {processor.py:161} INFO - Started process (PID=4300) to work on /home/airflow/.local/lib/python3.12/site-packages/airflow/example_dags/example_complex.py
[2024-11-18T08:42:36.830+0000] {processor.py:830} INFO - Processing file /home/airflow/.local/lib/python3.12/site-packages/airflow/example_dags/example_complex.py for tasks to queue
[2024-11-18T08:42:36.833+0000] {logging_mixin.py:188} INFO - [2024-11-18T08:42:36.833+0000] {dagbag.py:545} INFO - Filling up the DagBag from /home/airflow/.local/lib/python3.12/site-packages/airflow/example_dags/example_complex.py
[2024-11-18T08:42:36.858+0000] {processor.py:840} INFO - DAG(s) 'example_complex' retrieved from /home/airflow/.local/lib/python3.12/site-packages/airflow/example_dags/example_complex.py
[2024-11-18T08:42:36.934+0000] {logging_mixin.py:188} INFO - [2024-11-18T08:42:36.933+0000] {dag.py:3096} INFO - Sync 1 DAGs
[2024-11-18T08:42:36.967+0000] {logging_mixin.py:188} INFO - [2024-11-18T08:42:36.966+0000] {dag.py:3954} INFO - Setting next_dagrun for example_complex to None, run_after=None
[2024-11-18T08:42:37.011+0000] {processor.py:183} INFO - Processing /home/airflow/.local/lib/python3.12/site-packages/airflow/example_dags/example_complex.py took 0.195 seconds
[2024-11-18T08:43:07.549+0000] {processor.py:161} INFO - Started process (PID=4564) to work on /home/airflow/.local/lib/python3.12/site-packages/airflow/example_dags/example_complex.py
[2024-11-18T08:43:07.551+0000] {processor.py:830} INFO - Processing file /home/airflow/.local/lib/python3.12/site-packages/airflow/example_dags/example_complex.py for tasks to queue
[2024-11-18T08:43:07.554+0000] {logging_mixin.py:188} INFO - [2024-11-18T08:43:07.554+0000] {dagbag.py:545} INFO - Filling up the DagBag from /home/airflow/.local/lib/python3.12/site-packages/airflow/example_dags/example_complex.py
[2024-11-18T08:43:07.570+0000] {processor.py:840} INFO - DAG(s) 'example_complex' retrieved from /home/airflow/.local/lib/python3.12/site-packages/airflow/example_dags/example_complex.py
[2024-11-18T08:43:07.620+0000] {logging_mixin.py:188} INFO - [2024-11-18T08:43:07.620+0000] {dag.py:3096} INFO - Sync 1 DAGs
[2024-11-18T08:43:07.644+0000] {logging_mixin.py:188} INFO - [2024-11-18T08:43:07.643+0000] {dag.py:3954} INFO - Setting next_dagrun for example_complex to None, run_after=None
[2024-11-18T08:43:07.683+0000] {processor.py:183} INFO - Processing /home/airflow/.local/lib/python3.12/site-packages/airflow/example_dags/example_complex.py took 0.144 seconds
[2024-11-18T08:43:37.736+0000] {processor.py:161} INFO - Started process (PID=4825) to work on /home/airflow/.local/lib/python3.12/site-packages/airflow/example_dags/example_complex.py
[2024-11-18T08:43:37.737+0000] {processor.py:830} INFO - Processing file /home/airflow/.local/lib/python3.12/site-packages/airflow/example_dags/example_complex.py for tasks to queue
[2024-11-18T08:43:37.739+0000] {logging_mixin.py:188} INFO - [2024-11-18T08:43:37.739+0000] {dagbag.py:545} INFO - Filling up the DagBag from /home/airflow/.local/lib/python3.12/site-packages/airflow/example_dags/example_complex.py
[2024-11-18T08:43:37.748+0000] {processor.py:840} INFO - DAG(s) 'example_complex' retrieved from /home/airflow/.local/lib/python3.12/site-packages/airflow/example_dags/example_complex.py
[2024-11-18T08:43:37.777+0000] {logging_mixin.py:188} INFO - [2024-11-18T08:43:37.777+0000] {dag.py:3096} INFO - Sync 1 DAGs
[2024-11-18T08:43:37.790+0000] {logging_mixin.py:188} INFO - [2024-11-18T08:43:37.790+0000] {dag.py:3954} INFO - Setting next_dagrun for example_complex to None, run_after=None
[2024-11-18T08:43:37.824+0000] {processor.py:183} INFO - Processing /home/airflow/.local/lib/python3.12/site-packages/airflow/example_dags/example_complex.py took 0.094 seconds
[2024-11-18T08:44:07.993+0000] {processor.py:161} INFO - Started process (PID=5088) to work on /home/airflow/.local/lib/python3.12/site-packages/airflow/example_dags/example_complex.py
[2024-11-18T08:44:07.994+0000] {processor.py:830} INFO - Processing file /home/airflow/.local/lib/python3.12/site-packages/airflow/example_dags/example_complex.py for tasks to queue
[2024-11-18T08:44:07.995+0000] {logging_mixin.py:188} INFO - [2024-11-18T08:44:07.995+0000] {dagbag.py:545} INFO - Filling up the DagBag from /home/airflow/.local/lib/python3.12/site-packages/airflow/example_dags/example_complex.py
[2024-11-18T08:44:08.004+0000] {processor.py:840} INFO - DAG(s) 'example_complex' retrieved from /home/airflow/.local/lib/python3.12/site-packages/airflow/example_dags/example_complex.py
[2024-11-18T08:44:08.031+0000] {logging_mixin.py:188} INFO - [2024-11-18T08:44:08.031+0000] {dag.py:3096} INFO - Sync 1 DAGs
[2024-11-18T08:44:08.042+0000] {logging_mixin.py:188} INFO - [2024-11-18T08:44:08.042+0000] {dag.py:3954} INFO - Setting next_dagrun for example_complex to None, run_after=None
[2024-11-18T08:44:08.070+0000] {processor.py:183} INFO - Processing /home/airflow/.local/lib/python3.12/site-packages/airflow/example_dags/example_complex.py took 0.082 seconds
[2024-11-18T08:44:38.222+0000] {processor.py:161} INFO - Started process (PID=5348) to work on /home/airflow/.local/lib/python3.12/site-packages/airflow/example_dags/example_complex.py
[2024-11-18T08:44:38.223+0000] {processor.py:830} INFO - Processing file /home/airflow/.local/lib/python3.12/site-packages/airflow/example_dags/example_complex.py for tasks to queue
[2024-11-18T08:44:38.225+0000] {logging_mixin.py:188} INFO - [2024-11-18T08:44:38.225+0000] {dagbag.py:545} INFO - Filling up the DagBag from /home/airflow/.local/lib/python3.12/site-packages/airflow/example_dags/example_complex.py
[2024-11-18T08:44:38.234+0000] {processor.py:840} INFO - DAG(s) 'example_complex' retrieved from /home/airflow/.local/lib/python3.12/site-packages/airflow/example_dags/example_complex.py
[2024-11-18T08:44:38.263+0000] {logging_mixin.py:188} INFO - [2024-11-18T08:44:38.262+0000] {dag.py:3096} INFO - Sync 1 DAGs
[2024-11-18T08:44:38.274+0000] {logging_mixin.py:188} INFO - [2024-11-18T08:44:38.274+0000] {dag.py:3954} INFO - Setting next_dagrun for example_complex to None, run_after=None
[2024-11-18T08:44:38.292+0000] {processor.py:183} INFO - Processing /home/airflow/.local/lib/python3.12/site-packages/airflow/example_dags/example_complex.py took 0.076 seconds
[2024-11-18T08:45:08.385+0000] {processor.py:161} INFO - Started process (PID=5610) to work on /home/airflow/.local/lib/python3.12/site-packages/airflow/example_dags/example_complex.py
[2024-11-18T08:45:08.386+0000] {processor.py:830} INFO - Processing file /home/airflow/.local/lib/python3.12/site-packages/airflow/example_dags/example_complex.py for tasks to queue
[2024-11-18T08:45:08.387+0000] {logging_mixin.py:188} INFO - [2024-11-18T08:45:08.387+0000] {dagbag.py:545} INFO - Filling up the DagBag from /home/airflow/.local/lib/python3.12/site-packages/airflow/example_dags/example_complex.py
[2024-11-18T08:45:08.397+0000] {processor.py:840} INFO - DAG(s) 'example_complex' retrieved from /home/airflow/.local/lib/python3.12/site-packages/airflow/example_dags/example_complex.py
[2024-11-18T08:45:08.429+0000] {logging_mixin.py:188} INFO - [2024-11-18T08:45:08.429+0000] {dag.py:3096} INFO - Sync 1 DAGs
[2024-11-18T08:45:08.441+0000] {logging_mixin.py:188} INFO - [2024-11-18T08:45:08.441+0000] {dag.py:3954} INFO - Setting next_dagrun for example_complex to None, run_after=None
[2024-11-18T08:45:08.471+0000] {processor.py:183} INFO - Processing /home/airflow/.local/lib/python3.12/site-packages/airflow/example_dags/example_complex.py took 0.092 seconds
[2024-11-18T08:45:38.521+0000] {processor.py:161} INFO - Started process (PID=5867) to work on /home/airflow/.local/lib/python3.12/site-packages/airflow/example_dags/example_complex.py
[2024-11-18T08:45:38.522+0000] {processor.py:830} INFO - Processing file /home/airflow/.local/lib/python3.12/site-packages/airflow/example_dags/example_complex.py for tasks to queue
[2024-11-18T08:45:38.524+0000] {logging_mixin.py:188} INFO - [2024-11-18T08:45:38.524+0000] {dagbag.py:545} INFO - Filling up the DagBag from /home/airflow/.local/lib/python3.12/site-packages/airflow/example_dags/example_complex.py
[2024-11-18T08:45:38.534+0000] {processor.py:840} INFO - DAG(s) 'example_complex' retrieved from /home/airflow/.local/lib/python3.12/site-packages/airflow/example_dags/example_complex.py
[2024-11-18T08:45:38.565+0000] {logging_mixin.py:188} INFO - [2024-11-18T08:45:38.565+0000] {dag.py:3096} INFO - Sync 1 DAGs
[2024-11-18T08:45:38.577+0000] {logging_mixin.py:188} INFO - [2024-11-18T08:45:38.577+0000] {dag.py:3954} INFO - Setting next_dagrun for example_complex to None, run_after=None
[2024-11-18T08:45:38.607+0000] {processor.py:183} INFO - Processing /home/airflow/.local/lib/python3.12/site-packages/airflow/example_dags/example_complex.py took 0.091 seconds
[2024-11-18T08:46:08.749+0000] {processor.py:161} INFO - Started process (PID=6129) to work on /home/airflow/.local/lib/python3.12/site-packages/airflow/example_dags/example_complex.py
[2024-11-18T08:46:08.750+0000] {processor.py:830} INFO - Processing file /home/airflow/.local/lib/python3.12/site-packages/airflow/example_dags/example_complex.py for tasks to queue
[2024-11-18T08:46:08.753+0000] {logging_mixin.py:188} INFO - [2024-11-18T08:46:08.752+0000] {dagbag.py:545} INFO - Filling up the DagBag from /home/airflow/.local/lib/python3.12/site-packages/airflow/example_dags/example_complex.py
[2024-11-18T08:46:08.770+0000] {processor.py:840} INFO - DAG(s) 'example_complex' retrieved from /home/airflow/.local/lib/python3.12/site-packages/airflow/example_dags/example_complex.py
[2024-11-18T08:46:08.823+0000] {logging_mixin.py:188} INFO - [2024-11-18T08:46:08.822+0000] {dag.py:3096} INFO - Sync 1 DAGs
[2024-11-18T08:46:08.846+0000] {logging_mixin.py:188} INFO - [2024-11-18T08:46:08.845+0000] {dag.py:3954} INFO - Setting next_dagrun for example_complex to None, run_after=None
[2024-11-18T08:46:08.873+0000] {processor.py:183} INFO - Processing /home/airflow/.local/lib/python3.12/site-packages/airflow/example_dags/example_complex.py took 0.130 seconds
[2024-11-18T08:46:39.114+0000] {processor.py:161} INFO - Started process (PID=6396) to work on /home/airflow/.local/lib/python3.12/site-packages/airflow/example_dags/example_complex.py
[2024-11-18T08:46:39.114+0000] {processor.py:830} INFO - Processing file /home/airflow/.local/lib/python3.12/site-packages/airflow/example_dags/example_complex.py for tasks to queue
[2024-11-18T08:46:39.116+0000] {logging_mixin.py:188} INFO - [2024-11-18T08:46:39.116+0000] {dagbag.py:545} INFO - Filling up the DagBag from /home/airflow/.local/lib/python3.12/site-packages/airflow/example_dags/example_complex.py
[2024-11-18T08:46:39.125+0000] {processor.py:840} INFO - DAG(s) 'example_complex' retrieved from /home/airflow/.local/lib/python3.12/site-packages/airflow/example_dags/example_complex.py
[2024-11-18T08:46:39.156+0000] {logging_mixin.py:188} INFO - [2024-11-18T08:46:39.156+0000] {dag.py:3096} INFO - Sync 1 DAGs
[2024-11-18T08:46:39.172+0000] {logging_mixin.py:188} INFO - [2024-11-18T08:46:39.172+0000] {dag.py:3954} INFO - Setting next_dagrun for example_complex to None, run_after=None
[2024-11-18T08:46:39.204+0000] {processor.py:183} INFO - Processing /home/airflow/.local/lib/python3.12/site-packages/airflow/example_dags/example_complex.py took 0.095 seconds
[2024-11-18T08:47:09.437+0000] {processor.py:161} INFO - Started process (PID=6655) to work on /home/airflow/.local/lib/python3.12/site-packages/airflow/example_dags/example_complex.py
[2024-11-18T08:47:09.438+0000] {processor.py:830} INFO - Processing file /home/airflow/.local/lib/python3.12/site-packages/airflow/example_dags/example_complex.py for tasks to queue
[2024-11-18T08:47:09.439+0000] {logging_mixin.py:188} INFO - [2024-11-18T08:47:09.439+0000] {dagbag.py:545} INFO - Filling up the DagBag from /home/airflow/.local/lib/python3.12/site-packages/airflow/example_dags/example_complex.py
[2024-11-18T08:47:09.447+0000] {processor.py:840} INFO - DAG(s) 'example_complex' retrieved from /home/airflow/.local/lib/python3.12/site-packages/airflow/example_dags/example_complex.py
[2024-11-18T08:47:09.480+0000] {logging_mixin.py:188} INFO - [2024-11-18T08:47:09.480+0000] {dag.py:3096} INFO - Sync 1 DAGs
[2024-11-18T08:47:09.493+0000] {logging_mixin.py:188} INFO - [2024-11-18T08:47:09.493+0000] {dag.py:3954} INFO - Setting next_dagrun for example_complex to None, run_after=None
[2024-11-18T08:47:09.516+0000] {processor.py:183} INFO - Processing /home/airflow/.local/lib/python3.12/site-packages/airflow/example_dags/example_complex.py took 0.085 seconds
[2024-11-18T08:47:39.634+0000] {processor.py:161} INFO - Started process (PID=6915) to work on /home/airflow/.local/lib/python3.12/site-packages/airflow/example_dags/example_complex.py
[2024-11-18T08:47:39.635+0000] {processor.py:830} INFO - Processing file /home/airflow/.local/lib/python3.12/site-packages/airflow/example_dags/example_complex.py for tasks to queue
[2024-11-18T08:47:39.637+0000] {logging_mixin.py:188} INFO - [2024-11-18T08:47:39.637+0000] {dagbag.py:545} INFO - Filling up the DagBag from /home/airflow/.local/lib/python3.12/site-packages/airflow/example_dags/example_complex.py
[2024-11-18T08:47:39.649+0000] {processor.py:840} INFO - DAG(s) 'example_complex' retrieved from /home/airflow/.local/lib/python3.12/site-packages/airflow/example_dags/example_complex.py
[2024-11-18T08:47:39.678+0000] {logging_mixin.py:188} INFO - [2024-11-18T08:47:39.678+0000] {dag.py:3096} INFO - Sync 1 DAGs
[2024-11-18T08:47:39.691+0000] {logging_mixin.py:188} INFO - [2024-11-18T08:47:39.691+0000] {dag.py:3954} INFO - Setting next_dagrun for example_complex to None, run_after=None
[2024-11-18T08:47:39.721+0000] {processor.py:183} INFO - Processing /home/airflow/.local/lib/python3.12/site-packages/airflow/example_dags/example_complex.py took 0.092 seconds
[2024-11-18T08:48:09.993+0000] {processor.py:161} INFO - Started process (PID=7177) to work on /home/airflow/.local/lib/python3.12/site-packages/airflow/example_dags/example_complex.py
[2024-11-18T08:48:09.993+0000] {processor.py:830} INFO - Processing file /home/airflow/.local/lib/python3.12/site-packages/airflow/example_dags/example_complex.py for tasks to queue
[2024-11-18T08:48:09.995+0000] {logging_mixin.py:188} INFO - [2024-11-18T08:48:09.995+0000] {dagbag.py:545} INFO - Filling up the DagBag from /home/airflow/.local/lib/python3.12/site-packages/airflow/example_dags/example_complex.py
[2024-11-18T08:48:10.004+0000] {processor.py:840} INFO - DAG(s) 'example_complex' retrieved from /home/airflow/.local/lib/python3.12/site-packages/airflow/example_dags/example_complex.py
[2024-11-18T08:48:10.036+0000] {logging_mixin.py:188} INFO - [2024-11-18T08:48:10.036+0000] {dag.py:3096} INFO - Sync 1 DAGs
[2024-11-18T08:48:10.050+0000] {logging_mixin.py:188} INFO - [2024-11-18T08:48:10.049+0000] {dag.py:3954} INFO - Setting next_dagrun for example_complex to None, run_after=None
[2024-11-18T08:48:10.070+0000] {processor.py:183} INFO - Processing /home/airflow/.local/lib/python3.12/site-packages/airflow/example_dags/example_complex.py took 0.083 seconds
[2024-11-18T08:48:40.649+0000] {processor.py:161} INFO - Started process (PID=7439) to work on /home/airflow/.local/lib/python3.12/site-packages/airflow/example_dags/example_complex.py
[2024-11-18T08:48:40.650+0000] {processor.py:830} INFO - Processing file /home/airflow/.local/lib/python3.12/site-packages/airflow/example_dags/example_complex.py for tasks to queue
[2024-11-18T08:48:40.652+0000] {logging_mixin.py:188} INFO - [2024-11-18T08:48:40.651+0000] {dagbag.py:545} INFO - Filling up the DagBag from /home/airflow/.local/lib/python3.12/site-packages/airflow/example_dags/example_complex.py
[2024-11-18T08:48:40.662+0000] {processor.py:840} INFO - DAG(s) 'example_complex' retrieved from /home/airflow/.local/lib/python3.12/site-packages/airflow/example_dags/example_complex.py
[2024-11-18T08:48:40.693+0000] {logging_mixin.py:188} INFO - [2024-11-18T08:48:40.693+0000] {dag.py:3096} INFO - Sync 1 DAGs
[2024-11-18T08:48:40.705+0000] {logging_mixin.py:188} INFO - [2024-11-18T08:48:40.705+0000] {dag.py:3954} INFO - Setting next_dagrun for example_complex to None, run_after=None
[2024-11-18T08:48:40.728+0000] {processor.py:183} INFO - Processing /home/airflow/.local/lib/python3.12/site-packages/airflow/example_dags/example_complex.py took 0.085 seconds
[2024-11-18T08:49:10.940+0000] {processor.py:161} INFO - Started process (PID=7701) to work on /home/airflow/.local/lib/python3.12/site-packages/airflow/example_dags/example_complex.py
[2024-11-18T08:49:10.941+0000] {processor.py:830} INFO - Processing file /home/airflow/.local/lib/python3.12/site-packages/airflow/example_dags/example_complex.py for tasks to queue
[2024-11-18T08:49:10.943+0000] {logging_mixin.py:188} INFO - [2024-11-18T08:49:10.943+0000] {dagbag.py:545} INFO - Filling up the DagBag from /home/airflow/.local/lib/python3.12/site-packages/airflow/example_dags/example_complex.py
[2024-11-18T08:49:10.953+0000] {processor.py:840} INFO - DAG(s) 'example_complex' retrieved from /home/airflow/.local/lib/python3.12/site-packages/airflow/example_dags/example_complex.py
[2024-11-18T08:49:10.983+0000] {logging_mixin.py:188} INFO - [2024-11-18T08:49:10.983+0000] {dag.py:3096} INFO - Sync 1 DAGs
[2024-11-18T08:49:10.994+0000] {logging_mixin.py:188} INFO - [2024-11-18T08:49:10.994+0000] {dag.py:3954} INFO - Setting next_dagrun for example_complex to None, run_after=None
[2024-11-18T08:49:11.025+0000] {processor.py:183} INFO - Processing /home/airflow/.local/lib/python3.12/site-packages/airflow/example_dags/example_complex.py took 0.091 seconds
[2024-11-18T08:49:41.259+0000] {processor.py:161} INFO - Started process (PID=7963) to work on /home/airflow/.local/lib/python3.12/site-packages/airflow/example_dags/example_complex.py
[2024-11-18T08:49:41.260+0000] {processor.py:830} INFO - Processing file /home/airflow/.local/lib/python3.12/site-packages/airflow/example_dags/example_complex.py for tasks to queue
[2024-11-18T08:49:41.263+0000] {logging_mixin.py:188} INFO - [2024-11-18T08:49:41.262+0000] {dagbag.py:545} INFO - Filling up the DagBag from /home/airflow/.local/lib/python3.12/site-packages/airflow/example_dags/example_complex.py
[2024-11-18T08:49:41.276+0000] {processor.py:840} INFO - DAG(s) 'example_complex' retrieved from /home/airflow/.local/lib/python3.12/site-packages/airflow/example_dags/example_complex.py
[2024-11-18T08:49:41.308+0000] {logging_mixin.py:188} INFO - [2024-11-18T08:49:41.308+0000] {dag.py:3096} INFO - Sync 1 DAGs
[2024-11-18T08:49:41.321+0000] {logging_mixin.py:188} INFO - [2024-11-18T08:49:41.321+0000] {dag.py:3954} INFO - Setting next_dagrun for example_complex to None, run_after=None
[2024-11-18T08:49:41.349+0000] {processor.py:183} INFO - Processing /home/airflow/.local/lib/python3.12/site-packages/airflow/example_dags/example_complex.py took 0.099 seconds
[2024-11-18T08:50:11.422+0000] {processor.py:161} INFO - Started process (PID=8225) to work on /home/airflow/.local/lib/python3.12/site-packages/airflow/example_dags/example_complex.py
[2024-11-18T08:50:11.423+0000] {processor.py:830} INFO - Processing file /home/airflow/.local/lib/python3.12/site-packages/airflow/example_dags/example_complex.py for tasks to queue
[2024-11-18T08:50:11.425+0000] {logging_mixin.py:188} INFO - [2024-11-18T08:50:11.425+0000] {dagbag.py:545} INFO - Filling up the DagBag from /home/airflow/.local/lib/python3.12/site-packages/airflow/example_dags/example_complex.py
[2024-11-18T08:50:11.434+0000] {processor.py:840} INFO - DAG(s) 'example_complex' retrieved from /home/airflow/.local/lib/python3.12/site-packages/airflow/example_dags/example_complex.py
[2024-11-18T08:50:11.461+0000] {logging_mixin.py:188} INFO - [2024-11-18T08:50:11.461+0000] {dag.py:3096} INFO - Sync 1 DAGs
[2024-11-18T08:50:11.476+0000] {logging_mixin.py:188} INFO - [2024-11-18T08:50:11.475+0000] {dag.py:3954} INFO - Setting next_dagrun for example_complex to None, run_after=None
[2024-11-18T08:50:11.506+0000] {processor.py:183} INFO - Processing /home/airflow/.local/lib/python3.12/site-packages/airflow/example_dags/example_complex.py took 0.090 seconds
[2024-11-18T08:50:41.908+0000] {processor.py:161} INFO - Started process (PID=8487) to work on /home/airflow/.local/lib/python3.12/site-packages/airflow/example_dags/example_complex.py
[2024-11-18T08:50:41.909+0000] {processor.py:830} INFO - Processing file /home/airflow/.local/lib/python3.12/site-packages/airflow/example_dags/example_complex.py for tasks to queue
[2024-11-18T08:50:41.912+0000] {logging_mixin.py:188} INFO - [2024-11-18T08:50:41.911+0000] {dagbag.py:545} INFO - Filling up the DagBag from /home/airflow/.local/lib/python3.12/site-packages/airflow/example_dags/example_complex.py
[2024-11-18T08:50:41.921+0000] {processor.py:840} INFO - DAG(s) 'example_complex' retrieved from /home/airflow/.local/lib/python3.12/site-packages/airflow/example_dags/example_complex.py
[2024-11-18T08:50:41.952+0000] {logging_mixin.py:188} INFO - [2024-11-18T08:50:41.951+0000] {dag.py:3096} INFO - Sync 1 DAGs
[2024-11-18T08:50:41.963+0000] {logging_mixin.py:188} INFO - [2024-11-18T08:50:41.963+0000] {dag.py:3954} INFO - Setting next_dagrun for example_complex to None, run_after=None
[2024-11-18T08:50:41.982+0000] {processor.py:183} INFO - Processing /home/airflow/.local/lib/python3.12/site-packages/airflow/example_dags/example_complex.py took 0.079 seconds
[2024-11-18T08:51:12.232+0000] {processor.py:161} INFO - Started process (PID=8750) to work on /home/airflow/.local/lib/python3.12/site-packages/airflow/example_dags/example_complex.py
[2024-11-18T08:51:12.233+0000] {processor.py:830} INFO - Processing file /home/airflow/.local/lib/python3.12/site-packages/airflow/example_dags/example_complex.py for tasks to queue
[2024-11-18T08:51:12.237+0000] {logging_mixin.py:188} INFO - [2024-11-18T08:51:12.237+0000] {dagbag.py:545} INFO - Filling up the DagBag from /home/airflow/.local/lib/python3.12/site-packages/airflow/example_dags/example_complex.py
[2024-11-18T08:51:12.252+0000] {processor.py:840} INFO - DAG(s) 'example_complex' retrieved from /home/airflow/.local/lib/python3.12/site-packages/airflow/example_dags/example_complex.py
[2024-11-18T08:51:12.289+0000] {logging_mixin.py:188} INFO - [2024-11-18T08:51:12.289+0000] {dag.py:3096} INFO - Sync 1 DAGs
[2024-11-18T08:51:12.304+0000] {logging_mixin.py:188} INFO - [2024-11-18T08:51:12.304+0000] {dag.py:3954} INFO - Setting next_dagrun for example_complex to None, run_after=None
[2024-11-18T08:51:12.326+0000] {processor.py:183} INFO - Processing /home/airflow/.local/lib/python3.12/site-packages/airflow/example_dags/example_complex.py took 0.101 seconds
[2024-11-18T08:51:42.564+0000] {processor.py:161} INFO - Started process (PID=9012) to work on /home/airflow/.local/lib/python3.12/site-packages/airflow/example_dags/example_complex.py
[2024-11-18T08:51:42.565+0000] {processor.py:830} INFO - Processing file /home/airflow/.local/lib/python3.12/site-packages/airflow/example_dags/example_complex.py for tasks to queue
[2024-11-18T08:51:42.567+0000] {logging_mixin.py:188} INFO - [2024-11-18T08:51:42.567+0000] {dagbag.py:545} INFO - Filling up the DagBag from /home/airflow/.local/lib/python3.12/site-packages/airflow/example_dags/example_complex.py
[2024-11-18T08:51:42.576+0000] {processor.py:840} INFO - DAG(s) 'example_complex' retrieved from /home/airflow/.local/lib/python3.12/site-packages/airflow/example_dags/example_complex.py
[2024-11-18T08:51:42.608+0000] {logging_mixin.py:188} INFO - [2024-11-18T08:51:42.608+0000] {dag.py:3096} INFO - Sync 1 DAGs
[2024-11-18T08:51:42.620+0000] {logging_mixin.py:188} INFO - [2024-11-18T08:51:42.620+0000] {dag.py:3954} INFO - Setting next_dagrun for example_complex to None, run_after=None
[2024-11-18T08:51:42.639+0000] {processor.py:183} INFO - Processing /home/airflow/.local/lib/python3.12/site-packages/airflow/example_dags/example_complex.py took 0.080 seconds
[2024-11-18T08:52:13.211+0000] {processor.py:161} INFO - Started process (PID=9274) to work on /home/airflow/.local/lib/python3.12/site-packages/airflow/example_dags/example_complex.py
[2024-11-18T08:52:13.213+0000] {processor.py:830} INFO - Processing file /home/airflow/.local/lib/python3.12/site-packages/airflow/example_dags/example_complex.py for tasks to queue
[2024-11-18T08:52:13.215+0000] {logging_mixin.py:188} INFO - [2024-11-18T08:52:13.215+0000] {dagbag.py:545} INFO - Filling up the DagBag from /home/airflow/.local/lib/python3.12/site-packages/airflow/example_dags/example_complex.py
[2024-11-18T08:52:13.226+0000] {processor.py:840} INFO - DAG(s) 'example_complex' retrieved from /home/airflow/.local/lib/python3.12/site-packages/airflow/example_dags/example_complex.py
[2024-11-18T08:52:13.269+0000] {logging_mixin.py:188} INFO - [2024-11-18T08:52:13.269+0000] {dag.py:3096} INFO - Sync 1 DAGs
[2024-11-18T08:52:13.283+0000] {logging_mixin.py:188} INFO - [2024-11-18T08:52:13.282+0000] {dag.py:3954} INFO - Setting next_dagrun for example_complex to None, run_after=None
[2024-11-18T08:52:13.306+0000] {processor.py:183} INFO - Processing /home/airflow/.local/lib/python3.12/site-packages/airflow/example_dags/example_complex.py took 0.100 seconds
[2024-11-18T08:52:43.915+0000] {processor.py:161} INFO - Started process (PID=9538) to work on /home/airflow/.local/lib/python3.12/site-packages/airflow/example_dags/example_complex.py
[2024-11-18T08:52:43.916+0000] {processor.py:830} INFO - Processing file /home/airflow/.local/lib/python3.12/site-packages/airflow/example_dags/example_complex.py for tasks to queue
[2024-11-18T08:52:43.918+0000] {logging_mixin.py:188} INFO - [2024-11-18T08:52:43.918+0000] {dagbag.py:545} INFO - Filling up the DagBag from /home/airflow/.local/lib/python3.12/site-packages/airflow/example_dags/example_complex.py
[2024-11-18T08:52:43.927+0000] {processor.py:840} INFO - DAG(s) 'example_complex' retrieved from /home/airflow/.local/lib/python3.12/site-packages/airflow/example_dags/example_complex.py
[2024-11-18T08:52:43.955+0000] {logging_mixin.py:188} INFO - [2024-11-18T08:52:43.955+0000] {dag.py:3096} INFO - Sync 1 DAGs
[2024-11-18T08:52:43.966+0000] {logging_mixin.py:188} INFO - [2024-11-18T08:52:43.966+0000] {dag.py:3954} INFO - Setting next_dagrun for example_complex to None, run_after=None
[2024-11-18T08:52:43.986+0000] {processor.py:183} INFO - Processing /home/airflow/.local/lib/python3.12/site-packages/airflow/example_dags/example_complex.py took 0.076 seconds
[2024-11-18T08:53:14.216+0000] {processor.py:161} INFO - Started process (PID=9798) to work on /home/airflow/.local/lib/python3.12/site-packages/airflow/example_dags/example_complex.py
[2024-11-18T08:53:14.217+0000] {processor.py:830} INFO - Processing file /home/airflow/.local/lib/python3.12/site-packages/airflow/example_dags/example_complex.py for tasks to queue
[2024-11-18T08:53:14.220+0000] {logging_mixin.py:188} INFO - [2024-11-18T08:53:14.219+0000] {dagbag.py:545} INFO - Filling up the DagBag from /home/airflow/.local/lib/python3.12/site-packages/airflow/example_dags/example_complex.py
[2024-11-18T08:53:14.231+0000] {processor.py:840} INFO - DAG(s) 'example_complex' retrieved from /home/airflow/.local/lib/python3.12/site-packages/airflow/example_dags/example_complex.py
[2024-11-18T08:53:14.271+0000] {logging_mixin.py:188} INFO - [2024-11-18T08:53:14.271+0000] {dag.py:3096} INFO - Sync 1 DAGs
[2024-11-18T08:53:14.286+0000] {logging_mixin.py:188} INFO - [2024-11-18T08:53:14.286+0000] {dag.py:3954} INFO - Setting next_dagrun for example_complex to None, run_after=None
[2024-11-18T08:53:14.311+0000] {processor.py:183} INFO - Processing /home/airflow/.local/lib/python3.12/site-packages/airflow/example_dags/example_complex.py took 0.103 seconds
