[2024-11-18T08:34:57.748+0000] {processor.py:161} INFO - Started process (PID=330) to work on /home/airflow/.local/lib/python3.12/site-packages/airflow/example_dags/example_python_decorator.py
[2024-11-18T08:34:57.750+0000] {processor.py:830} INFO - Processing file /home/airflow/.local/lib/python3.12/site-packages/airflow/example_dags/example_python_decorator.py for tasks to queue
[2024-11-18T08:34:57.753+0000] {logging_mixin.py:188} INFO - [2024-11-18T08:34:57.752+0000] {dagbag.py:545} INFO - Filling up the DagBag from /home/airflow/.local/lib/python3.12/site-packages/airflow/example_dags/example_python_decorator.py
[2024-11-18T08:34:57.777+0000] {processor.py:840} INFO - DAG(s) 'example_python_decorator' retrieved from /home/airflow/.local/lib/python3.12/site-packages/airflow/example_dags/example_python_decorator.py
[2024-11-18T08:34:57.795+0000] {logging_mixin.py:188} INFO - [2024-11-18T08:34:57.794+0000] {dag.py:3096} INFO - Sync 1 DAGs
[2024-11-18T08:34:57.820+0000] {logging_mixin.py:188} INFO - [2024-11-18T08:34:57.819+0000] {dag.py:3118} INFO - Creating ORM DAG for example_python_decorator
[2024-11-18T08:34:57.821+0000] {logging_mixin.py:188} INFO - [2024-11-18T08:34:57.821+0000] {dag.py:3954} INFO - Setting next_dagrun for example_python_decorator to None, run_after=None
[2024-11-18T08:34:57.853+0000] {processor.py:183} INFO - Processing /home/airflow/.local/lib/python3.12/site-packages/airflow/example_dags/example_python_decorator.py took 0.113 seconds
[2024-11-18T08:35:28.177+0000] {processor.py:161} INFO - Started process (PID=592) to work on /home/airflow/.local/lib/python3.12/site-packages/airflow/example_dags/example_python_decorator.py
[2024-11-18T08:35:28.179+0000] {processor.py:830} INFO - Processing file /home/airflow/.local/lib/python3.12/site-packages/airflow/example_dags/example_python_decorator.py for tasks to queue
[2024-11-18T08:35:28.181+0000] {logging_mixin.py:188} INFO - [2024-11-18T08:35:28.180+0000] {dagbag.py:545} INFO - Filling up the DagBag from /home/airflow/.local/lib/python3.12/site-packages/airflow/example_dags/example_python_decorator.py
[2024-11-18T08:35:28.192+0000] {processor.py:840} INFO - DAG(s) 'example_python_decorator' retrieved from /home/airflow/.local/lib/python3.12/site-packages/airflow/example_dags/example_python_decorator.py
[2024-11-18T08:35:28.297+0000] {logging_mixin.py:188} INFO - [2024-11-18T08:35:28.297+0000] {dag.py:3096} INFO - Sync 1 DAGs
[2024-11-18T08:35:28.309+0000] {logging_mixin.py:188} INFO - [2024-11-18T08:35:28.309+0000] {dag.py:3954} INFO - Setting next_dagrun for example_python_decorator to None, run_after=None
[2024-11-18T08:35:28.339+0000] {processor.py:183} INFO - Processing /home/airflow/.local/lib/python3.12/site-packages/airflow/example_dags/example_python_decorator.py took 0.166 seconds
[2024-11-18T08:35:58.794+0000] {processor.py:161} INFO - Started process (PID=854) to work on /home/airflow/.local/lib/python3.12/site-packages/airflow/example_dags/example_python_decorator.py
[2024-11-18T08:35:58.795+0000] {processor.py:830} INFO - Processing file /home/airflow/.local/lib/python3.12/site-packages/airflow/example_dags/example_python_decorator.py for tasks to queue
[2024-11-18T08:35:58.797+0000] {logging_mixin.py:188} INFO - [2024-11-18T08:35:58.796+0000] {dagbag.py:545} INFO - Filling up the DagBag from /home/airflow/.local/lib/python3.12/site-packages/airflow/example_dags/example_python_decorator.py
[2024-11-18T08:35:58.808+0000] {processor.py:840} INFO - DAG(s) 'example_python_decorator' retrieved from /home/airflow/.local/lib/python3.12/site-packages/airflow/example_dags/example_python_decorator.py
[2024-11-18T08:35:58.829+0000] {logging_mixin.py:188} INFO - [2024-11-18T08:35:58.828+0000] {dag.py:3096} INFO - Sync 1 DAGs
[2024-11-18T08:35:58.840+0000] {logging_mixin.py:188} INFO - [2024-11-18T08:35:58.839+0000] {dag.py:3954} INFO - Setting next_dagrun for example_python_decorator to None, run_after=None
[2024-11-18T08:35:58.869+0000] {processor.py:183} INFO - Processing /home/airflow/.local/lib/python3.12/site-packages/airflow/example_dags/example_python_decorator.py took 0.080 seconds
[2024-11-18T08:36:29.463+0000] {processor.py:161} INFO - Started process (PID=1116) to work on /home/airflow/.local/lib/python3.12/site-packages/airflow/example_dags/example_python_decorator.py
[2024-11-18T08:36:29.464+0000] {processor.py:830} INFO - Processing file /home/airflow/.local/lib/python3.12/site-packages/airflow/example_dags/example_python_decorator.py for tasks to queue
[2024-11-18T08:36:29.466+0000] {logging_mixin.py:188} INFO - [2024-11-18T08:36:29.466+0000] {dagbag.py:545} INFO - Filling up the DagBag from /home/airflow/.local/lib/python3.12/site-packages/airflow/example_dags/example_python_decorator.py
[2024-11-18T08:36:29.477+0000] {processor.py:840} INFO - DAG(s) 'example_python_decorator' retrieved from /home/airflow/.local/lib/python3.12/site-packages/airflow/example_dags/example_python_decorator.py
[2024-11-18T08:36:29.502+0000] {logging_mixin.py:188} INFO - [2024-11-18T08:36:29.502+0000] {dag.py:3096} INFO - Sync 1 DAGs
[2024-11-18T08:36:29.513+0000] {logging_mixin.py:188} INFO - [2024-11-18T08:36:29.512+0000] {dag.py:3954} INFO - Setting next_dagrun for example_python_decorator to None, run_after=None
[2024-11-18T08:36:29.534+0000] {processor.py:183} INFO - Processing /home/airflow/.local/lib/python3.12/site-packages/airflow/example_dags/example_python_decorator.py took 0.076 seconds
[2024-11-18T08:36:59.747+0000] {processor.py:161} INFO - Started process (PID=1378) to work on /home/airflow/.local/lib/python3.12/site-packages/airflow/example_dags/example_python_decorator.py
[2024-11-18T08:36:59.749+0000] {processor.py:830} INFO - Processing file /home/airflow/.local/lib/python3.12/site-packages/airflow/example_dags/example_python_decorator.py for tasks to queue
[2024-11-18T08:36:59.750+0000] {logging_mixin.py:188} INFO - [2024-11-18T08:36:59.750+0000] {dagbag.py:545} INFO - Filling up the DagBag from /home/airflow/.local/lib/python3.12/site-packages/airflow/example_dags/example_python_decorator.py
[2024-11-18T08:36:59.762+0000] {processor.py:840} INFO - DAG(s) 'example_python_decorator' retrieved from /home/airflow/.local/lib/python3.12/site-packages/airflow/example_dags/example_python_decorator.py
[2024-11-18T08:36:59.783+0000] {logging_mixin.py:188} INFO - [2024-11-18T08:36:59.782+0000] {dag.py:3096} INFO - Sync 1 DAGs
[2024-11-18T08:36:59.794+0000] {logging_mixin.py:188} INFO - [2024-11-18T08:36:59.794+0000] {dag.py:3954} INFO - Setting next_dagrun for example_python_decorator to None, run_after=None
[2024-11-18T08:36:59.819+0000] {processor.py:183} INFO - Processing /home/airflow/.local/lib/python3.12/site-packages/airflow/example_dags/example_python_decorator.py took 0.078 seconds
[2024-11-18T08:37:30.168+0000] {processor.py:161} INFO - Started process (PID=1640) to work on /home/airflow/.local/lib/python3.12/site-packages/airflow/example_dags/example_python_decorator.py
[2024-11-18T08:37:30.169+0000] {processor.py:830} INFO - Processing file /home/airflow/.local/lib/python3.12/site-packages/airflow/example_dags/example_python_decorator.py for tasks to queue
[2024-11-18T08:37:30.171+0000] {logging_mixin.py:188} INFO - [2024-11-18T08:37:30.171+0000] {dagbag.py:545} INFO - Filling up the DagBag from /home/airflow/.local/lib/python3.12/site-packages/airflow/example_dags/example_python_decorator.py
[2024-11-18T08:37:30.189+0000] {processor.py:840} INFO - DAG(s) 'example_python_decorator' retrieved from /home/airflow/.local/lib/python3.12/site-packages/airflow/example_dags/example_python_decorator.py
[2024-11-18T08:37:30.212+0000] {logging_mixin.py:188} INFO - [2024-11-18T08:37:30.212+0000] {dag.py:3096} INFO - Sync 1 DAGs
[2024-11-18T08:37:30.225+0000] {logging_mixin.py:188} INFO - [2024-11-18T08:37:30.225+0000] {dag.py:3954} INFO - Setting next_dagrun for example_python_decorator to None, run_after=None
[2024-11-18T08:37:30.245+0000] {processor.py:183} INFO - Processing /home/airflow/.local/lib/python3.12/site-packages/airflow/example_dags/example_python_decorator.py took 0.084 seconds
[2024-11-18T08:38:01.055+0000] {processor.py:161} INFO - Started process (PID=1902) to work on /home/airflow/.local/lib/python3.12/site-packages/airflow/example_dags/example_python_decorator.py
[2024-11-18T08:38:01.061+0000] {processor.py:830} INFO - Processing file /home/airflow/.local/lib/python3.12/site-packages/airflow/example_dags/example_python_decorator.py for tasks to queue
[2024-11-18T08:38:01.064+0000] {logging_mixin.py:188} INFO - [2024-11-18T08:38:01.064+0000] {dagbag.py:545} INFO - Filling up the DagBag from /home/airflow/.local/lib/python3.12/site-packages/airflow/example_dags/example_python_decorator.py
[2024-11-18T08:38:01.090+0000] {processor.py:840} INFO - DAG(s) 'example_python_decorator' retrieved from /home/airflow/.local/lib/python3.12/site-packages/airflow/example_dags/example_python_decorator.py
[2024-11-18T08:38:01.130+0000] {logging_mixin.py:188} INFO - [2024-11-18T08:38:01.130+0000] {dag.py:3096} INFO - Sync 1 DAGs
[2024-11-18T08:38:01.147+0000] {logging_mixin.py:188} INFO - [2024-11-18T08:38:01.147+0000] {dag.py:3954} INFO - Setting next_dagrun for example_python_decorator to None, run_after=None
[2024-11-18T08:38:01.169+0000] {processor.py:183} INFO - Processing /home/airflow/.local/lib/python3.12/site-packages/airflow/example_dags/example_python_decorator.py took 0.125 seconds
[2024-11-18T08:38:31.548+0000] {processor.py:161} INFO - Started process (PID=2164) to work on /home/airflow/.local/lib/python3.12/site-packages/airflow/example_dags/example_python_decorator.py
[2024-11-18T08:38:31.550+0000] {processor.py:830} INFO - Processing file /home/airflow/.local/lib/python3.12/site-packages/airflow/example_dags/example_python_decorator.py for tasks to queue
[2024-11-18T08:38:31.552+0000] {logging_mixin.py:188} INFO - [2024-11-18T08:38:31.551+0000] {dagbag.py:545} INFO - Filling up the DagBag from /home/airflow/.local/lib/python3.12/site-packages/airflow/example_dags/example_python_decorator.py
[2024-11-18T08:38:31.563+0000] {processor.py:840} INFO - DAG(s) 'example_python_decorator' retrieved from /home/airflow/.local/lib/python3.12/site-packages/airflow/example_dags/example_python_decorator.py
[2024-11-18T08:38:31.584+0000] {logging_mixin.py:188} INFO - [2024-11-18T08:38:31.584+0000] {dag.py:3096} INFO - Sync 1 DAGs
[2024-11-18T08:38:31.596+0000] {logging_mixin.py:188} INFO - [2024-11-18T08:38:31.596+0000] {dag.py:3954} INFO - Setting next_dagrun for example_python_decorator to None, run_after=None
[2024-11-18T08:38:31.617+0000] {processor.py:183} INFO - Processing /home/airflow/.local/lib/python3.12/site-packages/airflow/example_dags/example_python_decorator.py took 0.075 seconds
[2024-11-18T08:39:01.781+0000] {processor.py:161} INFO - Started process (PID=2426) to work on /home/airflow/.local/lib/python3.12/site-packages/airflow/example_dags/example_python_decorator.py
[2024-11-18T08:39:01.782+0000] {processor.py:830} INFO - Processing file /home/airflow/.local/lib/python3.12/site-packages/airflow/example_dags/example_python_decorator.py for tasks to queue
[2024-11-18T08:39:01.783+0000] {logging_mixin.py:188} INFO - [2024-11-18T08:39:01.783+0000] {dagbag.py:545} INFO - Filling up the DagBag from /home/airflow/.local/lib/python3.12/site-packages/airflow/example_dags/example_python_decorator.py
[2024-11-18T08:39:01.794+0000] {processor.py:840} INFO - DAG(s) 'example_python_decorator' retrieved from /home/airflow/.local/lib/python3.12/site-packages/airflow/example_dags/example_python_decorator.py
[2024-11-18T08:39:01.815+0000] {logging_mixin.py:188} INFO - [2024-11-18T08:39:01.815+0000] {dag.py:3096} INFO - Sync 1 DAGs
[2024-11-18T08:39:01.826+0000] {logging_mixin.py:188} INFO - [2024-11-18T08:39:01.826+0000] {dag.py:3954} INFO - Setting next_dagrun for example_python_decorator to None, run_after=None
[2024-11-18T08:39:01.845+0000] {processor.py:183} INFO - Processing /home/airflow/.local/lib/python3.12/site-packages/airflow/example_dags/example_python_decorator.py took 0.069 seconds
[2024-11-18T08:39:32.131+0000] {processor.py:161} INFO - Started process (PID=2688) to work on /home/airflow/.local/lib/python3.12/site-packages/airflow/example_dags/example_python_decorator.py
[2024-11-18T08:39:32.133+0000] {processor.py:830} INFO - Processing file /home/airflow/.local/lib/python3.12/site-packages/airflow/example_dags/example_python_decorator.py for tasks to queue
[2024-11-18T08:39:32.135+0000] {logging_mixin.py:188} INFO - [2024-11-18T08:39:32.134+0000] {dagbag.py:545} INFO - Filling up the DagBag from /home/airflow/.local/lib/python3.12/site-packages/airflow/example_dags/example_python_decorator.py
[2024-11-18T08:39:32.145+0000] {processor.py:840} INFO - DAG(s) 'example_python_decorator' retrieved from /home/airflow/.local/lib/python3.12/site-packages/airflow/example_dags/example_python_decorator.py
[2024-11-18T08:39:32.169+0000] {logging_mixin.py:188} INFO - [2024-11-18T08:39:32.168+0000] {dag.py:3096} INFO - Sync 1 DAGs
[2024-11-18T08:39:32.181+0000] {logging_mixin.py:188} INFO - [2024-11-18T08:39:32.181+0000] {dag.py:3954} INFO - Setting next_dagrun for example_python_decorator to None, run_after=None
[2024-11-18T08:39:32.200+0000] {processor.py:183} INFO - Processing /home/airflow/.local/lib/python3.12/site-packages/airflow/example_dags/example_python_decorator.py took 0.074 seconds
[2024-11-18T08:40:02.516+0000] {processor.py:161} INFO - Started process (PID=2947) to work on /home/airflow/.local/lib/python3.12/site-packages/airflow/example_dags/example_python_decorator.py
[2024-11-18T08:40:02.517+0000] {processor.py:830} INFO - Processing file /home/airflow/.local/lib/python3.12/site-packages/airflow/example_dags/example_python_decorator.py for tasks to queue
[2024-11-18T08:40:02.519+0000] {logging_mixin.py:188} INFO - [2024-11-18T08:40:02.518+0000] {dagbag.py:545} INFO - Filling up the DagBag from /home/airflow/.local/lib/python3.12/site-packages/airflow/example_dags/example_python_decorator.py
[2024-11-18T08:40:02.529+0000] {processor.py:840} INFO - DAG(s) 'example_python_decorator' retrieved from /home/airflow/.local/lib/python3.12/site-packages/airflow/example_dags/example_python_decorator.py
[2024-11-18T08:40:02.550+0000] {logging_mixin.py:188} INFO - [2024-11-18T08:40:02.550+0000] {dag.py:3096} INFO - Sync 1 DAGs
[2024-11-18T08:40:02.561+0000] {logging_mixin.py:188} INFO - [2024-11-18T08:40:02.561+0000] {dag.py:3954} INFO - Setting next_dagrun for example_python_decorator to None, run_after=None
[2024-11-18T08:40:02.580+0000] {processor.py:183} INFO - Processing /home/airflow/.local/lib/python3.12/site-packages/airflow/example_dags/example_python_decorator.py took 0.069 seconds
[2024-11-18T08:40:32.862+0000] {processor.py:161} INFO - Started process (PID=3207) to work on /home/airflow/.local/lib/python3.12/site-packages/airflow/example_dags/example_python_decorator.py
[2024-11-18T08:40:32.864+0000] {processor.py:830} INFO - Processing file /home/airflow/.local/lib/python3.12/site-packages/airflow/example_dags/example_python_decorator.py for tasks to queue
[2024-11-18T08:40:32.866+0000] {logging_mixin.py:188} INFO - [2024-11-18T08:40:32.866+0000] {dagbag.py:545} INFO - Filling up the DagBag from /home/airflow/.local/lib/python3.12/site-packages/airflow/example_dags/example_python_decorator.py
[2024-11-18T08:40:32.877+0000] {processor.py:840} INFO - DAG(s) 'example_python_decorator' retrieved from /home/airflow/.local/lib/python3.12/site-packages/airflow/example_dags/example_python_decorator.py
[2024-11-18T08:40:32.899+0000] {logging_mixin.py:188} INFO - [2024-11-18T08:40:32.899+0000] {dag.py:3096} INFO - Sync 1 DAGs
[2024-11-18T08:40:32.912+0000] {logging_mixin.py:188} INFO - [2024-11-18T08:40:32.912+0000] {dag.py:3954} INFO - Setting next_dagrun for example_python_decorator to None, run_after=None
[2024-11-18T08:40:32.932+0000] {processor.py:183} INFO - Processing /home/airflow/.local/lib/python3.12/site-packages/airflow/example_dags/example_python_decorator.py took 0.075 seconds
[2024-11-18T08:41:03.269+0000] {processor.py:161} INFO - Started process (PID=3471) to work on /home/airflow/.local/lib/python3.12/site-packages/airflow/example_dags/example_python_decorator.py
[2024-11-18T08:41:03.270+0000] {processor.py:830} INFO - Processing file /home/airflow/.local/lib/python3.12/site-packages/airflow/example_dags/example_python_decorator.py for tasks to queue
[2024-11-18T08:41:03.271+0000] {logging_mixin.py:188} INFO - [2024-11-18T08:41:03.271+0000] {dagbag.py:545} INFO - Filling up the DagBag from /home/airflow/.local/lib/python3.12/site-packages/airflow/example_dags/example_python_decorator.py
[2024-11-18T08:41:03.283+0000] {processor.py:840} INFO - DAG(s) 'example_python_decorator' retrieved from /home/airflow/.local/lib/python3.12/site-packages/airflow/example_dags/example_python_decorator.py
[2024-11-18T08:41:03.303+0000] {logging_mixin.py:188} INFO - [2024-11-18T08:41:03.303+0000] {dag.py:3096} INFO - Sync 1 DAGs
[2024-11-18T08:41:03.314+0000] {logging_mixin.py:188} INFO - [2024-11-18T08:41:03.314+0000] {dag.py:3954} INFO - Setting next_dagrun for example_python_decorator to None, run_after=None
[2024-11-18T08:41:03.342+0000] {processor.py:183} INFO - Processing /home/airflow/.local/lib/python3.12/site-packages/airflow/example_dags/example_python_decorator.py took 0.079 seconds
[2024-11-18T08:41:33.480+0000] {processor.py:161} INFO - Started process (PID=3731) to work on /home/airflow/.local/lib/python3.12/site-packages/airflow/example_dags/example_python_decorator.py
[2024-11-18T08:41:33.481+0000] {processor.py:830} INFO - Processing file /home/airflow/.local/lib/python3.12/site-packages/airflow/example_dags/example_python_decorator.py for tasks to queue
[2024-11-18T08:41:33.483+0000] {logging_mixin.py:188} INFO - [2024-11-18T08:41:33.483+0000] {dagbag.py:545} INFO - Filling up the DagBag from /home/airflow/.local/lib/python3.12/site-packages/airflow/example_dags/example_python_decorator.py
[2024-11-18T08:41:33.498+0000] {processor.py:840} INFO - DAG(s) 'example_python_decorator' retrieved from /home/airflow/.local/lib/python3.12/site-packages/airflow/example_dags/example_python_decorator.py
[2024-11-18T08:41:33.534+0000] {logging_mixin.py:188} INFO - [2024-11-18T08:41:33.533+0000] {dag.py:3096} INFO - Sync 1 DAGs
[2024-11-18T08:41:33.551+0000] {logging_mixin.py:188} INFO - [2024-11-18T08:41:33.551+0000] {dag.py:3954} INFO - Setting next_dagrun for example_python_decorator to None, run_after=None
[2024-11-18T08:41:33.580+0000] {processor.py:183} INFO - Processing /home/airflow/.local/lib/python3.12/site-packages/airflow/example_dags/example_python_decorator.py took 0.106 seconds
[2024-11-18T08:42:04.285+0000] {processor.py:161} INFO - Started process (PID=3995) to work on /home/airflow/.local/lib/python3.12/site-packages/airflow/example_dags/example_python_decorator.py
[2024-11-18T08:42:04.286+0000] {processor.py:830} INFO - Processing file /home/airflow/.local/lib/python3.12/site-packages/airflow/example_dags/example_python_decorator.py for tasks to queue
[2024-11-18T08:42:04.288+0000] {logging_mixin.py:188} INFO - [2024-11-18T08:42:04.288+0000] {dagbag.py:545} INFO - Filling up the DagBag from /home/airflow/.local/lib/python3.12/site-packages/airflow/example_dags/example_python_decorator.py
[2024-11-18T08:42:04.300+0000] {processor.py:840} INFO - DAG(s) 'example_python_decorator' retrieved from /home/airflow/.local/lib/python3.12/site-packages/airflow/example_dags/example_python_decorator.py
[2024-11-18T08:42:04.324+0000] {logging_mixin.py:188} INFO - [2024-11-18T08:42:04.323+0000] {dag.py:3096} INFO - Sync 1 DAGs
[2024-11-18T08:42:04.335+0000] {logging_mixin.py:188} INFO - [2024-11-18T08:42:04.335+0000] {dag.py:3954} INFO - Setting next_dagrun for example_python_decorator to None, run_after=None
[2024-11-18T08:42:04.365+0000] {processor.py:183} INFO - Processing /home/airflow/.local/lib/python3.12/site-packages/airflow/example_dags/example_python_decorator.py took 0.084 seconds
[2024-11-18T08:42:35.197+0000] {processor.py:161} INFO - Started process (PID=4255) to work on /home/airflow/.local/lib/python3.12/site-packages/airflow/example_dags/example_python_decorator.py
[2024-11-18T08:42:35.199+0000] {processor.py:830} INFO - Processing file /home/airflow/.local/lib/python3.12/site-packages/airflow/example_dags/example_python_decorator.py for tasks to queue
[2024-11-18T08:42:35.203+0000] {logging_mixin.py:188} INFO - [2024-11-18T08:42:35.202+0000] {dagbag.py:545} INFO - Filling up the DagBag from /home/airflow/.local/lib/python3.12/site-packages/airflow/example_dags/example_python_decorator.py
[2024-11-18T08:42:35.233+0000] {processor.py:840} INFO - DAG(s) 'example_python_decorator' retrieved from /home/airflow/.local/lib/python3.12/site-packages/airflow/example_dags/example_python_decorator.py
[2024-11-18T08:42:35.279+0000] {logging_mixin.py:188} INFO - [2024-11-18T08:42:35.278+0000] {dag.py:3096} INFO - Sync 1 DAGs
[2024-11-18T08:42:35.312+0000] {logging_mixin.py:188} INFO - [2024-11-18T08:42:35.311+0000] {dag.py:3954} INFO - Setting next_dagrun for example_python_decorator to None, run_after=None
[2024-11-18T08:42:35.357+0000] {processor.py:183} INFO - Processing /home/airflow/.local/lib/python3.12/site-packages/airflow/example_dags/example_python_decorator.py took 0.171 seconds
[2024-11-18T08:43:05.511+0000] {processor.py:161} INFO - Started process (PID=4517) to work on /home/airflow/.local/lib/python3.12/site-packages/airflow/example_dags/example_python_decorator.py
[2024-11-18T08:43:05.517+0000] {processor.py:830} INFO - Processing file /home/airflow/.local/lib/python3.12/site-packages/airflow/example_dags/example_python_decorator.py for tasks to queue
[2024-11-18T08:43:05.521+0000] {logging_mixin.py:188} INFO - [2024-11-18T08:43:05.520+0000] {dagbag.py:545} INFO - Filling up the DagBag from /home/airflow/.local/lib/python3.12/site-packages/airflow/example_dags/example_python_decorator.py
[2024-11-18T08:43:05.543+0000] {processor.py:840} INFO - DAG(s) 'example_python_decorator' retrieved from /home/airflow/.local/lib/python3.12/site-packages/airflow/example_dags/example_python_decorator.py
[2024-11-18T08:43:05.588+0000] {logging_mixin.py:188} INFO - [2024-11-18T08:43:05.588+0000] {dag.py:3096} INFO - Sync 1 DAGs
[2024-11-18T08:43:05.610+0000] {logging_mixin.py:188} INFO - [2024-11-18T08:43:05.610+0000] {dag.py:3954} INFO - Setting next_dagrun for example_python_decorator to None, run_after=None
[2024-11-18T08:43:05.639+0000] {processor.py:183} INFO - Processing /home/airflow/.local/lib/python3.12/site-packages/airflow/example_dags/example_python_decorator.py took 0.139 seconds
[2024-11-18T08:43:35.996+0000] {processor.py:161} INFO - Started process (PID=4781) to work on /home/airflow/.local/lib/python3.12/site-packages/airflow/example_dags/example_python_decorator.py
[2024-11-18T08:43:35.997+0000] {processor.py:830} INFO - Processing file /home/airflow/.local/lib/python3.12/site-packages/airflow/example_dags/example_python_decorator.py for tasks to queue
[2024-11-18T08:43:35.999+0000] {logging_mixin.py:188} INFO - [2024-11-18T08:43:35.999+0000] {dagbag.py:545} INFO - Filling up the DagBag from /home/airflow/.local/lib/python3.12/site-packages/airflow/example_dags/example_python_decorator.py
[2024-11-18T08:43:36.009+0000] {processor.py:840} INFO - DAG(s) 'example_python_decorator' retrieved from /home/airflow/.local/lib/python3.12/site-packages/airflow/example_dags/example_python_decorator.py
[2024-11-18T08:43:36.030+0000] {logging_mixin.py:188} INFO - [2024-11-18T08:43:36.030+0000] {dag.py:3096} INFO - Sync 1 DAGs
[2024-11-18T08:43:36.041+0000] {logging_mixin.py:188} INFO - [2024-11-18T08:43:36.041+0000] {dag.py:3954} INFO - Setting next_dagrun for example_python_decorator to None, run_after=None
[2024-11-18T08:43:36.061+0000] {processor.py:183} INFO - Processing /home/airflow/.local/lib/python3.12/site-packages/airflow/example_dags/example_python_decorator.py took 0.069 seconds
[2024-11-18T08:44:06.122+0000] {processor.py:161} INFO - Started process (PID=5043) to work on /home/airflow/.local/lib/python3.12/site-packages/airflow/example_dags/example_python_decorator.py
[2024-11-18T08:44:06.123+0000] {processor.py:830} INFO - Processing file /home/airflow/.local/lib/python3.12/site-packages/airflow/example_dags/example_python_decorator.py for tasks to queue
[2024-11-18T08:44:06.125+0000] {logging_mixin.py:188} INFO - [2024-11-18T08:44:06.125+0000] {dagbag.py:545} INFO - Filling up the DagBag from /home/airflow/.local/lib/python3.12/site-packages/airflow/example_dags/example_python_decorator.py
[2024-11-18T08:44:06.136+0000] {processor.py:840} INFO - DAG(s) 'example_python_decorator' retrieved from /home/airflow/.local/lib/python3.12/site-packages/airflow/example_dags/example_python_decorator.py
[2024-11-18T08:44:06.156+0000] {logging_mixin.py:188} INFO - [2024-11-18T08:44:06.156+0000] {dag.py:3096} INFO - Sync 1 DAGs
[2024-11-18T08:44:06.168+0000] {logging_mixin.py:188} INFO - [2024-11-18T08:44:06.168+0000] {dag.py:3954} INFO - Setting next_dagrun for example_python_decorator to None, run_after=None
[2024-11-18T08:44:06.188+0000] {processor.py:183} INFO - Processing /home/airflow/.local/lib/python3.12/site-packages/airflow/example_dags/example_python_decorator.py took 0.071 seconds
[2024-11-18T08:44:36.412+0000] {processor.py:161} INFO - Started process (PID=5305) to work on /home/airflow/.local/lib/python3.12/site-packages/airflow/example_dags/example_python_decorator.py
[2024-11-18T08:44:36.413+0000] {processor.py:830} INFO - Processing file /home/airflow/.local/lib/python3.12/site-packages/airflow/example_dags/example_python_decorator.py for tasks to queue
[2024-11-18T08:44:36.415+0000] {logging_mixin.py:188} INFO - [2024-11-18T08:44:36.414+0000] {dagbag.py:545} INFO - Filling up the DagBag from /home/airflow/.local/lib/python3.12/site-packages/airflow/example_dags/example_python_decorator.py
[2024-11-18T08:44:36.426+0000] {processor.py:840} INFO - DAG(s) 'example_python_decorator' retrieved from /home/airflow/.local/lib/python3.12/site-packages/airflow/example_dags/example_python_decorator.py
[2024-11-18T08:44:36.444+0000] {logging_mixin.py:188} INFO - [2024-11-18T08:44:36.444+0000] {dag.py:3096} INFO - Sync 1 DAGs
[2024-11-18T08:44:36.455+0000] {logging_mixin.py:188} INFO - [2024-11-18T08:44:36.455+0000] {dag.py:3954} INFO - Setting next_dagrun for example_python_decorator to None, run_after=None
[2024-11-18T08:44:36.483+0000] {processor.py:183} INFO - Processing /home/airflow/.local/lib/python3.12/site-packages/airflow/example_dags/example_python_decorator.py took 0.077 seconds
[2024-11-18T08:45:06.764+0000] {processor.py:161} INFO - Started process (PID=5565) to work on /home/airflow/.local/lib/python3.12/site-packages/airflow/example_dags/example_python_decorator.py
[2024-11-18T08:45:06.765+0000] {processor.py:830} INFO - Processing file /home/airflow/.local/lib/python3.12/site-packages/airflow/example_dags/example_python_decorator.py for tasks to queue
[2024-11-18T08:45:06.767+0000] {logging_mixin.py:188} INFO - [2024-11-18T08:45:06.766+0000] {dagbag.py:545} INFO - Filling up the DagBag from /home/airflow/.local/lib/python3.12/site-packages/airflow/example_dags/example_python_decorator.py
[2024-11-18T08:45:06.780+0000] {processor.py:840} INFO - DAG(s) 'example_python_decorator' retrieved from /home/airflow/.local/lib/python3.12/site-packages/airflow/example_dags/example_python_decorator.py
[2024-11-18T08:45:06.802+0000] {logging_mixin.py:188} INFO - [2024-11-18T08:45:06.802+0000] {dag.py:3096} INFO - Sync 1 DAGs
[2024-11-18T08:45:06.814+0000] {logging_mixin.py:188} INFO - [2024-11-18T08:45:06.814+0000] {dag.py:3954} INFO - Setting next_dagrun for example_python_decorator to None, run_after=None
[2024-11-18T08:45:06.847+0000] {processor.py:183} INFO - Processing /home/airflow/.local/lib/python3.12/site-packages/airflow/example_dags/example_python_decorator.py took 0.089 seconds
[2024-11-18T08:45:37.029+0000] {processor.py:161} INFO - Started process (PID=5827) to work on /home/airflow/.local/lib/python3.12/site-packages/airflow/example_dags/example_python_decorator.py
[2024-11-18T08:45:37.030+0000] {processor.py:830} INFO - Processing file /home/airflow/.local/lib/python3.12/site-packages/airflow/example_dags/example_python_decorator.py for tasks to queue
[2024-11-18T08:45:37.032+0000] {logging_mixin.py:188} INFO - [2024-11-18T08:45:37.031+0000] {dagbag.py:545} INFO - Filling up the DagBag from /home/airflow/.local/lib/python3.12/site-packages/airflow/example_dags/example_python_decorator.py
[2024-11-18T08:45:37.043+0000] {processor.py:840} INFO - DAG(s) 'example_python_decorator' retrieved from /home/airflow/.local/lib/python3.12/site-packages/airflow/example_dags/example_python_decorator.py
[2024-11-18T08:45:37.064+0000] {logging_mixin.py:188} INFO - [2024-11-18T08:45:37.064+0000] {dag.py:3096} INFO - Sync 1 DAGs
[2024-11-18T08:45:37.076+0000] {logging_mixin.py:188} INFO - [2024-11-18T08:45:37.075+0000] {dag.py:3954} INFO - Setting next_dagrun for example_python_decorator to None, run_after=None
[2024-11-18T08:45:37.096+0000] {processor.py:183} INFO - Processing /home/airflow/.local/lib/python3.12/site-packages/airflow/example_dags/example_python_decorator.py took 0.072 seconds
[2024-11-18T08:46:07.268+0000] {processor.py:161} INFO - Started process (PID=6089) to work on /home/airflow/.local/lib/python3.12/site-packages/airflow/example_dags/example_python_decorator.py
[2024-11-18T08:46:07.270+0000] {processor.py:830} INFO - Processing file /home/airflow/.local/lib/python3.12/site-packages/airflow/example_dags/example_python_decorator.py for tasks to queue
[2024-11-18T08:46:07.272+0000] {logging_mixin.py:188} INFO - [2024-11-18T08:46:07.271+0000] {dagbag.py:545} INFO - Filling up the DagBag from /home/airflow/.local/lib/python3.12/site-packages/airflow/example_dags/example_python_decorator.py
[2024-11-18T08:46:07.282+0000] {processor.py:840} INFO - DAG(s) 'example_python_decorator' retrieved from /home/airflow/.local/lib/python3.12/site-packages/airflow/example_dags/example_python_decorator.py
[2024-11-18T08:46:07.304+0000] {logging_mixin.py:188} INFO - [2024-11-18T08:46:07.304+0000] {dag.py:3096} INFO - Sync 1 DAGs
[2024-11-18T08:46:07.317+0000] {logging_mixin.py:188} INFO - [2024-11-18T08:46:07.317+0000] {dag.py:3954} INFO - Setting next_dagrun for example_python_decorator to None, run_after=None
[2024-11-18T08:46:07.338+0000] {processor.py:183} INFO - Processing /home/airflow/.local/lib/python3.12/site-packages/airflow/example_dags/example_python_decorator.py took 0.074 seconds
[2024-11-18T08:46:37.444+0000] {processor.py:161} INFO - Started process (PID=6351) to work on /home/airflow/.local/lib/python3.12/site-packages/airflow/example_dags/example_python_decorator.py
[2024-11-18T08:46:37.445+0000] {processor.py:830} INFO - Processing file /home/airflow/.local/lib/python3.12/site-packages/airflow/example_dags/example_python_decorator.py for tasks to queue
[2024-11-18T08:46:37.447+0000] {logging_mixin.py:188} INFO - [2024-11-18T08:46:37.447+0000] {dagbag.py:545} INFO - Filling up the DagBag from /home/airflow/.local/lib/python3.12/site-packages/airflow/example_dags/example_python_decorator.py
[2024-11-18T08:46:37.459+0000] {processor.py:840} INFO - DAG(s) 'example_python_decorator' retrieved from /home/airflow/.local/lib/python3.12/site-packages/airflow/example_dags/example_python_decorator.py
[2024-11-18T08:46:37.480+0000] {logging_mixin.py:188} INFO - [2024-11-18T08:46:37.480+0000] {dag.py:3096} INFO - Sync 1 DAGs
[2024-11-18T08:46:37.492+0000] {logging_mixin.py:188} INFO - [2024-11-18T08:46:37.492+0000] {dag.py:3954} INFO - Setting next_dagrun for example_python_decorator to None, run_after=None
[2024-11-18T08:46:37.512+0000] {processor.py:183} INFO - Processing /home/airflow/.local/lib/python3.12/site-packages/airflow/example_dags/example_python_decorator.py took 0.073 seconds
[2024-11-18T08:47:07.750+0000] {processor.py:161} INFO - Started process (PID=6615) to work on /home/airflow/.local/lib/python3.12/site-packages/airflow/example_dags/example_python_decorator.py
[2024-11-18T08:47:07.751+0000] {processor.py:830} INFO - Processing file /home/airflow/.local/lib/python3.12/site-packages/airflow/example_dags/example_python_decorator.py for tasks to queue
[2024-11-18T08:47:07.753+0000] {logging_mixin.py:188} INFO - [2024-11-18T08:47:07.752+0000] {dagbag.py:545} INFO - Filling up the DagBag from /home/airflow/.local/lib/python3.12/site-packages/airflow/example_dags/example_python_decorator.py
[2024-11-18T08:47:07.764+0000] {processor.py:840} INFO - DAG(s) 'example_python_decorator' retrieved from /home/airflow/.local/lib/python3.12/site-packages/airflow/example_dags/example_python_decorator.py
[2024-11-18T08:47:07.790+0000] {logging_mixin.py:188} INFO - [2024-11-18T08:47:07.789+0000] {dag.py:3096} INFO - Sync 1 DAGs
[2024-11-18T08:47:07.801+0000] {logging_mixin.py:188} INFO - [2024-11-18T08:47:07.801+0000] {dag.py:3954} INFO - Setting next_dagrun for example_python_decorator to None, run_after=None
[2024-11-18T08:47:07.831+0000] {processor.py:183} INFO - Processing /home/airflow/.local/lib/python3.12/site-packages/airflow/example_dags/example_python_decorator.py took 0.086 seconds
[2024-11-18T08:47:38.154+0000] {processor.py:161} INFO - Started process (PID=6877) to work on /home/airflow/.local/lib/python3.12/site-packages/airflow/example_dags/example_python_decorator.py
[2024-11-18T08:47:38.156+0000] {processor.py:830} INFO - Processing file /home/airflow/.local/lib/python3.12/site-packages/airflow/example_dags/example_python_decorator.py for tasks to queue
[2024-11-18T08:47:38.158+0000] {logging_mixin.py:188} INFO - [2024-11-18T08:47:38.157+0000] {dagbag.py:545} INFO - Filling up the DagBag from /home/airflow/.local/lib/python3.12/site-packages/airflow/example_dags/example_python_decorator.py
[2024-11-18T08:47:38.170+0000] {processor.py:840} INFO - DAG(s) 'example_python_decorator' retrieved from /home/airflow/.local/lib/python3.12/site-packages/airflow/example_dags/example_python_decorator.py
[2024-11-18T08:47:38.192+0000] {logging_mixin.py:188} INFO - [2024-11-18T08:47:38.192+0000] {dag.py:3096} INFO - Sync 1 DAGs
[2024-11-18T08:47:38.204+0000] {logging_mixin.py:188} INFO - [2024-11-18T08:47:38.204+0000] {dag.py:3954} INFO - Setting next_dagrun for example_python_decorator to None, run_after=None
[2024-11-18T08:47:38.232+0000] {processor.py:183} INFO - Processing /home/airflow/.local/lib/python3.12/site-packages/airflow/example_dags/example_python_decorator.py took 0.084 seconds
[2024-11-18T08:48:08.513+0000] {processor.py:161} INFO - Started process (PID=7139) to work on /home/airflow/.local/lib/python3.12/site-packages/airflow/example_dags/example_python_decorator.py
[2024-11-18T08:48:08.514+0000] {processor.py:830} INFO - Processing file /home/airflow/.local/lib/python3.12/site-packages/airflow/example_dags/example_python_decorator.py for tasks to queue
[2024-11-18T08:48:08.516+0000] {logging_mixin.py:188} INFO - [2024-11-18T08:48:08.516+0000] {dagbag.py:545} INFO - Filling up the DagBag from /home/airflow/.local/lib/python3.12/site-packages/airflow/example_dags/example_python_decorator.py
[2024-11-18T08:48:08.526+0000] {processor.py:840} INFO - DAG(s) 'example_python_decorator' retrieved from /home/airflow/.local/lib/python3.12/site-packages/airflow/example_dags/example_python_decorator.py
[2024-11-18T08:48:08.548+0000] {logging_mixin.py:188} INFO - [2024-11-18T08:48:08.548+0000] {dag.py:3096} INFO - Sync 1 DAGs
[2024-11-18T08:48:08.560+0000] {logging_mixin.py:188} INFO - [2024-11-18T08:48:08.560+0000] {dag.py:3954} INFO - Setting next_dagrun for example_python_decorator to None, run_after=None
[2024-11-18T08:48:08.578+0000] {processor.py:183} INFO - Processing /home/airflow/.local/lib/python3.12/site-packages/airflow/example_dags/example_python_decorator.py took 0.070 seconds
[2024-11-18T08:48:39.117+0000] {processor.py:161} INFO - Started process (PID=7401) to work on /home/airflow/.local/lib/python3.12/site-packages/airflow/example_dags/example_python_decorator.py
[2024-11-18T08:48:39.118+0000] {processor.py:830} INFO - Processing file /home/airflow/.local/lib/python3.12/site-packages/airflow/example_dags/example_python_decorator.py for tasks to queue
[2024-11-18T08:48:39.120+0000] {logging_mixin.py:188} INFO - [2024-11-18T08:48:39.120+0000] {dagbag.py:545} INFO - Filling up the DagBag from /home/airflow/.local/lib/python3.12/site-packages/airflow/example_dags/example_python_decorator.py
[2024-11-18T08:48:39.132+0000] {processor.py:840} INFO - DAG(s) 'example_python_decorator' retrieved from /home/airflow/.local/lib/python3.12/site-packages/airflow/example_dags/example_python_decorator.py
[2024-11-18T08:48:39.158+0000] {logging_mixin.py:188} INFO - [2024-11-18T08:48:39.158+0000] {dag.py:3096} INFO - Sync 1 DAGs
[2024-11-18T08:48:39.170+0000] {logging_mixin.py:188} INFO - [2024-11-18T08:48:39.169+0000] {dag.py:3954} INFO - Setting next_dagrun for example_python_decorator to None, run_after=None
[2024-11-18T08:48:39.192+0000] {processor.py:183} INFO - Processing /home/airflow/.local/lib/python3.12/site-packages/airflow/example_dags/example_python_decorator.py took 0.080 seconds
[2024-11-18T08:49:09.449+0000] {processor.py:161} INFO - Started process (PID=7661) to work on /home/airflow/.local/lib/python3.12/site-packages/airflow/example_dags/example_python_decorator.py
[2024-11-18T08:49:09.451+0000] {processor.py:830} INFO - Processing file /home/airflow/.local/lib/python3.12/site-packages/airflow/example_dags/example_python_decorator.py for tasks to queue
[2024-11-18T08:49:09.453+0000] {logging_mixin.py:188} INFO - [2024-11-18T08:49:09.452+0000] {dagbag.py:545} INFO - Filling up the DagBag from /home/airflow/.local/lib/python3.12/site-packages/airflow/example_dags/example_python_decorator.py
[2024-11-18T08:49:09.464+0000] {processor.py:840} INFO - DAG(s) 'example_python_decorator' retrieved from /home/airflow/.local/lib/python3.12/site-packages/airflow/example_dags/example_python_decorator.py
[2024-11-18T08:49:09.486+0000] {logging_mixin.py:188} INFO - [2024-11-18T08:49:09.486+0000] {dag.py:3096} INFO - Sync 1 DAGs
[2024-11-18T08:49:09.497+0000] {logging_mixin.py:188} INFO - [2024-11-18T08:49:09.497+0000] {dag.py:3954} INFO - Setting next_dagrun for example_python_decorator to None, run_after=None
[2024-11-18T08:49:09.519+0000] {processor.py:183} INFO - Processing /home/airflow/.local/lib/python3.12/site-packages/airflow/example_dags/example_python_decorator.py took 0.075 seconds
[2024-11-18T08:49:39.619+0000] {processor.py:161} INFO - Started process (PID=7923) to work on /home/airflow/.local/lib/python3.12/site-packages/airflow/example_dags/example_python_decorator.py
[2024-11-18T08:49:39.620+0000] {processor.py:830} INFO - Processing file /home/airflow/.local/lib/python3.12/site-packages/airflow/example_dags/example_python_decorator.py for tasks to queue
[2024-11-18T08:49:39.621+0000] {logging_mixin.py:188} INFO - [2024-11-18T08:49:39.621+0000] {dagbag.py:545} INFO - Filling up the DagBag from /home/airflow/.local/lib/python3.12/site-packages/airflow/example_dags/example_python_decorator.py
[2024-11-18T08:49:39.633+0000] {processor.py:840} INFO - DAG(s) 'example_python_decorator' retrieved from /home/airflow/.local/lib/python3.12/site-packages/airflow/example_dags/example_python_decorator.py
[2024-11-18T08:49:39.654+0000] {logging_mixin.py:188} INFO - [2024-11-18T08:49:39.653+0000] {dag.py:3096} INFO - Sync 1 DAGs
[2024-11-18T08:49:39.665+0000] {logging_mixin.py:188} INFO - [2024-11-18T08:49:39.665+0000] {dag.py:3954} INFO - Setting next_dagrun for example_python_decorator to None, run_after=None
[2024-11-18T08:49:39.683+0000] {processor.py:183} INFO - Processing /home/airflow/.local/lib/python3.12/site-packages/airflow/example_dags/example_python_decorator.py took 0.069 seconds
[2024-11-18T08:50:09.880+0000] {processor.py:161} INFO - Started process (PID=8185) to work on /home/airflow/.local/lib/python3.12/site-packages/airflow/example_dags/example_python_decorator.py
[2024-11-18T08:50:09.881+0000] {processor.py:830} INFO - Processing file /home/airflow/.local/lib/python3.12/site-packages/airflow/example_dags/example_python_decorator.py for tasks to queue
[2024-11-18T08:50:09.883+0000] {logging_mixin.py:188} INFO - [2024-11-18T08:50:09.883+0000] {dagbag.py:545} INFO - Filling up the DagBag from /home/airflow/.local/lib/python3.12/site-packages/airflow/example_dags/example_python_decorator.py
[2024-11-18T08:50:09.894+0000] {processor.py:840} INFO - DAG(s) 'example_python_decorator' retrieved from /home/airflow/.local/lib/python3.12/site-packages/airflow/example_dags/example_python_decorator.py
[2024-11-18T08:50:09.915+0000] {logging_mixin.py:188} INFO - [2024-11-18T08:50:09.915+0000] {dag.py:3096} INFO - Sync 1 DAGs
[2024-11-18T08:50:09.927+0000] {logging_mixin.py:188} INFO - [2024-11-18T08:50:09.927+0000] {dag.py:3954} INFO - Setting next_dagrun for example_python_decorator to None, run_after=None
[2024-11-18T08:50:09.952+0000] {processor.py:183} INFO - Processing /home/airflow/.local/lib/python3.12/site-packages/airflow/example_dags/example_python_decorator.py took 0.076 seconds
[2024-11-18T08:50:40.330+0000] {processor.py:161} INFO - Started process (PID=8447) to work on /home/airflow/.local/lib/python3.12/site-packages/airflow/example_dags/example_python_decorator.py
[2024-11-18T08:50:40.331+0000] {processor.py:830} INFO - Processing file /home/airflow/.local/lib/python3.12/site-packages/airflow/example_dags/example_python_decorator.py for tasks to queue
[2024-11-18T08:50:40.333+0000] {logging_mixin.py:188} INFO - [2024-11-18T08:50:40.332+0000] {dagbag.py:545} INFO - Filling up the DagBag from /home/airflow/.local/lib/python3.12/site-packages/airflow/example_dags/example_python_decorator.py
[2024-11-18T08:50:40.356+0000] {processor.py:840} INFO - DAG(s) 'example_python_decorator' retrieved from /home/airflow/.local/lib/python3.12/site-packages/airflow/example_dags/example_python_decorator.py
[2024-11-18T08:50:40.396+0000] {logging_mixin.py:188} INFO - [2024-11-18T08:50:40.396+0000] {dag.py:3096} INFO - Sync 1 DAGs
[2024-11-18T08:50:40.413+0000] {logging_mixin.py:188} INFO - [2024-11-18T08:50:40.413+0000] {dag.py:3954} INFO - Setting next_dagrun for example_python_decorator to None, run_after=None
[2024-11-18T08:50:40.453+0000] {processor.py:183} INFO - Processing /home/airflow/.local/lib/python3.12/site-packages/airflow/example_dags/example_python_decorator.py took 0.128 seconds
[2024-11-18T08:51:10.692+0000] {processor.py:161} INFO - Started process (PID=8712) to work on /home/airflow/.local/lib/python3.12/site-packages/airflow/example_dags/example_python_decorator.py
[2024-11-18T08:51:10.693+0000] {processor.py:830} INFO - Processing file /home/airflow/.local/lib/python3.12/site-packages/airflow/example_dags/example_python_decorator.py for tasks to queue
[2024-11-18T08:51:10.694+0000] {logging_mixin.py:188} INFO - [2024-11-18T08:51:10.694+0000] {dagbag.py:545} INFO - Filling up the DagBag from /home/airflow/.local/lib/python3.12/site-packages/airflow/example_dags/example_python_decorator.py
[2024-11-18T08:51:10.706+0000] {processor.py:840} INFO - DAG(s) 'example_python_decorator' retrieved from /home/airflow/.local/lib/python3.12/site-packages/airflow/example_dags/example_python_decorator.py
[2024-11-18T08:51:10.729+0000] {logging_mixin.py:188} INFO - [2024-11-18T08:51:10.729+0000] {dag.py:3096} INFO - Sync 1 DAGs
[2024-11-18T08:51:10.741+0000] {logging_mixin.py:188} INFO - [2024-11-18T08:51:10.741+0000] {dag.py:3954} INFO - Setting next_dagrun for example_python_decorator to None, run_after=None
[2024-11-18T08:51:10.771+0000] {processor.py:183} INFO - Processing /home/airflow/.local/lib/python3.12/site-packages/airflow/example_dags/example_python_decorator.py took 0.085 seconds
[2024-11-18T08:51:41.034+0000] {processor.py:161} INFO - Started process (PID=8974) to work on /home/airflow/.local/lib/python3.12/site-packages/airflow/example_dags/example_python_decorator.py
[2024-11-18T08:51:41.036+0000] {processor.py:830} INFO - Processing file /home/airflow/.local/lib/python3.12/site-packages/airflow/example_dags/example_python_decorator.py for tasks to queue
[2024-11-18T08:51:41.037+0000] {logging_mixin.py:188} INFO - [2024-11-18T08:51:41.037+0000] {dagbag.py:545} INFO - Filling up the DagBag from /home/airflow/.local/lib/python3.12/site-packages/airflow/example_dags/example_python_decorator.py
[2024-11-18T08:51:41.050+0000] {processor.py:840} INFO - DAG(s) 'example_python_decorator' retrieved from /home/airflow/.local/lib/python3.12/site-packages/airflow/example_dags/example_python_decorator.py
[2024-11-18T08:51:41.072+0000] {logging_mixin.py:188} INFO - [2024-11-18T08:51:41.071+0000] {dag.py:3096} INFO - Sync 1 DAGs
[2024-11-18T08:51:41.086+0000] {logging_mixin.py:188} INFO - [2024-11-18T08:51:41.086+0000] {dag.py:3954} INFO - Setting next_dagrun for example_python_decorator to None, run_after=None
[2024-11-18T08:51:41.117+0000] {processor.py:183} INFO - Processing /home/airflow/.local/lib/python3.12/site-packages/airflow/example_dags/example_python_decorator.py took 0.089 seconds
[2024-11-18T08:52:11.688+0000] {processor.py:161} INFO - Started process (PID=9236) to work on /home/airflow/.local/lib/python3.12/site-packages/airflow/example_dags/example_python_decorator.py
[2024-11-18T08:52:11.689+0000] {processor.py:830} INFO - Processing file /home/airflow/.local/lib/python3.12/site-packages/airflow/example_dags/example_python_decorator.py for tasks to queue
[2024-11-18T08:52:11.691+0000] {logging_mixin.py:188} INFO - [2024-11-18T08:52:11.691+0000] {dagbag.py:545} INFO - Filling up the DagBag from /home/airflow/.local/lib/python3.12/site-packages/airflow/example_dags/example_python_decorator.py
[2024-11-18T08:52:11.703+0000] {processor.py:840} INFO - DAG(s) 'example_python_decorator' retrieved from /home/airflow/.local/lib/python3.12/site-packages/airflow/example_dags/example_python_decorator.py
[2024-11-18T08:52:11.729+0000] {logging_mixin.py:188} INFO - [2024-11-18T08:52:11.728+0000] {dag.py:3096} INFO - Sync 1 DAGs
[2024-11-18T08:52:11.746+0000] {logging_mixin.py:188} INFO - [2024-11-18T08:52:11.746+0000] {dag.py:3954} INFO - Setting next_dagrun for example_python_decorator to None, run_after=None
[2024-11-18T08:52:11.788+0000] {processor.py:183} INFO - Processing /home/airflow/.local/lib/python3.12/site-packages/airflow/example_dags/example_python_decorator.py took 0.105 seconds
[2024-11-18T08:52:42.357+0000] {processor.py:161} INFO - Started process (PID=9498) to work on /home/airflow/.local/lib/python3.12/site-packages/airflow/example_dags/example_python_decorator.py
[2024-11-18T08:52:42.358+0000] {processor.py:830} INFO - Processing file /home/airflow/.local/lib/python3.12/site-packages/airflow/example_dags/example_python_decorator.py for tasks to queue
[2024-11-18T08:52:42.360+0000] {logging_mixin.py:188} INFO - [2024-11-18T08:52:42.359+0000] {dagbag.py:545} INFO - Filling up the DagBag from /home/airflow/.local/lib/python3.12/site-packages/airflow/example_dags/example_python_decorator.py
[2024-11-18T08:52:42.370+0000] {processor.py:840} INFO - DAG(s) 'example_python_decorator' retrieved from /home/airflow/.local/lib/python3.12/site-packages/airflow/example_dags/example_python_decorator.py
[2024-11-18T08:52:42.392+0000] {logging_mixin.py:188} INFO - [2024-11-18T08:52:42.391+0000] {dag.py:3096} INFO - Sync 1 DAGs
[2024-11-18T08:52:42.403+0000] {logging_mixin.py:188} INFO - [2024-11-18T08:52:42.403+0000] {dag.py:3954} INFO - Setting next_dagrun for example_python_decorator to None, run_after=None
[2024-11-18T08:52:42.433+0000] {processor.py:183} INFO - Processing /home/airflow/.local/lib/python3.12/site-packages/airflow/example_dags/example_python_decorator.py took 0.081 seconds
[2024-11-18T08:53:12.694+0000] {processor.py:161} INFO - Started process (PID=9760) to work on /home/airflow/.local/lib/python3.12/site-packages/airflow/example_dags/example_python_decorator.py
[2024-11-18T08:53:12.695+0000] {processor.py:830} INFO - Processing file /home/airflow/.local/lib/python3.12/site-packages/airflow/example_dags/example_python_decorator.py for tasks to queue
[2024-11-18T08:53:12.698+0000] {logging_mixin.py:188} INFO - [2024-11-18T08:53:12.697+0000] {dagbag.py:545} INFO - Filling up the DagBag from /home/airflow/.local/lib/python3.12/site-packages/airflow/example_dags/example_python_decorator.py
[2024-11-18T08:53:12.710+0000] {processor.py:840} INFO - DAG(s) 'example_python_decorator' retrieved from /home/airflow/.local/lib/python3.12/site-packages/airflow/example_dags/example_python_decorator.py
[2024-11-18T08:53:12.738+0000] {logging_mixin.py:188} INFO - [2024-11-18T08:53:12.737+0000] {dag.py:3096} INFO - Sync 1 DAGs
[2024-11-18T08:53:12.752+0000] {logging_mixin.py:188} INFO - [2024-11-18T08:53:12.752+0000] {dag.py:3954} INFO - Setting next_dagrun for example_python_decorator to None, run_after=None
[2024-11-18T08:53:12.787+0000] {processor.py:183} INFO - Processing /home/airflow/.local/lib/python3.12/site-packages/airflow/example_dags/example_python_decorator.py took 0.098 seconds
