[2024-11-18T08:35:00.181+0000] {processor.py:161} INFO - Started process (PID=425) to work on /home/airflow/.local/lib/python3.12/site-packages/airflow/example_dags/example_params_trigger_ui.py
[2024-11-18T08:35:00.182+0000] {processor.py:830} INFO - Processing file /home/airflow/.local/lib/python3.12/site-packages/airflow/example_dags/example_params_trigger_ui.py for tasks to queue
[2024-11-18T08:35:00.185+0000] {logging_mixin.py:188} INFO - [2024-11-18T08:35:00.185+0000] {dagbag.py:545} INFO - Filling up the DagBag from /home/airflow/.local/lib/python3.12/site-packages/airflow/example_dags/example_params_trigger_ui.py
[2024-11-18T08:35:00.208+0000] {processor.py:840} INFO - DAG(s) 'example_params_trigger_ui' retrieved from /home/airflow/.local/lib/python3.12/site-packages/airflow/example_dags/example_params_trigger_ui.py
[2024-11-18T08:35:00.225+0000] {logging_mixin.py:188} INFO - [2024-11-18T08:35:00.224+0000] {dag.py:3096} INFO - Sync 1 DAGs
[2024-11-18T08:35:00.245+0000] {logging_mixin.py:188} INFO - [2024-11-18T08:35:00.245+0000] {dag.py:3118} INFO - Creating ORM DAG for example_params_trigger_ui
[2024-11-18T08:35:00.247+0000] {logging_mixin.py:188} INFO - [2024-11-18T08:35:00.247+0000] {dag.py:3954} INFO - Setting next_dagrun for example_params_trigger_ui to None, run_after=None
[2024-11-18T08:35:00.284+0000] {processor.py:183} INFO - Processing /home/airflow/.local/lib/python3.12/site-packages/airflow/example_dags/example_params_trigger_ui.py took 0.111 seconds
[2024-11-18T08:35:30.671+0000] {processor.py:161} INFO - Started process (PID=689) to work on /home/airflow/.local/lib/python3.12/site-packages/airflow/example_dags/example_params_trigger_ui.py
[2024-11-18T08:35:30.674+0000] {processor.py:830} INFO - Processing file /home/airflow/.local/lib/python3.12/site-packages/airflow/example_dags/example_params_trigger_ui.py for tasks to queue
[2024-11-18T08:35:30.676+0000] {logging_mixin.py:188} INFO - [2024-11-18T08:35:30.675+0000] {dagbag.py:545} INFO - Filling up the DagBag from /home/airflow/.local/lib/python3.12/site-packages/airflow/example_dags/example_params_trigger_ui.py
[2024-11-18T08:35:30.687+0000] {processor.py:840} INFO - DAG(s) 'example_params_trigger_ui' retrieved from /home/airflow/.local/lib/python3.12/site-packages/airflow/example_dags/example_params_trigger_ui.py
[2024-11-18T08:35:30.793+0000] {logging_mixin.py:188} INFO - [2024-11-18T08:35:30.793+0000] {dag.py:3096} INFO - Sync 1 DAGs
[2024-11-18T08:35:30.803+0000] {logging_mixin.py:188} INFO - [2024-11-18T08:35:30.803+0000] {dag.py:3954} INFO - Setting next_dagrun for example_params_trigger_ui to None, run_after=None
[2024-11-18T08:35:30.838+0000] {processor.py:183} INFO - Processing /home/airflow/.local/lib/python3.12/site-packages/airflow/example_dags/example_params_trigger_ui.py took 0.173 seconds
[2024-11-18T08:36:01.190+0000] {processor.py:161} INFO - Started process (PID=949) to work on /home/airflow/.local/lib/python3.12/site-packages/airflow/example_dags/example_params_trigger_ui.py
[2024-11-18T08:36:01.191+0000] {processor.py:830} INFO - Processing file /home/airflow/.local/lib/python3.12/site-packages/airflow/example_dags/example_params_trigger_ui.py for tasks to queue
[2024-11-18T08:36:01.193+0000] {logging_mixin.py:188} INFO - [2024-11-18T08:36:01.193+0000] {dagbag.py:545} INFO - Filling up the DagBag from /home/airflow/.local/lib/python3.12/site-packages/airflow/example_dags/example_params_trigger_ui.py
[2024-11-18T08:36:01.206+0000] {processor.py:840} INFO - DAG(s) 'example_params_trigger_ui' retrieved from /home/airflow/.local/lib/python3.12/site-packages/airflow/example_dags/example_params_trigger_ui.py
[2024-11-18T08:36:01.250+0000] {logging_mixin.py:188} INFO - [2024-11-18T08:36:01.250+0000] {dag.py:3096} INFO - Sync 1 DAGs
[2024-11-18T08:36:01.264+0000] {logging_mixin.py:188} INFO - [2024-11-18T08:36:01.263+0000] {dag.py:3954} INFO - Setting next_dagrun for example_params_trigger_ui to None, run_after=None
[2024-11-18T08:36:01.285+0000] {processor.py:183} INFO - Processing /home/airflow/.local/lib/python3.12/site-packages/airflow/example_dags/example_params_trigger_ui.py took 0.101 seconds
[2024-11-18T08:36:31.892+0000] {processor.py:161} INFO - Started process (PID=1211) to work on /home/airflow/.local/lib/python3.12/site-packages/airflow/example_dags/example_params_trigger_ui.py
[2024-11-18T08:36:31.893+0000] {processor.py:830} INFO - Processing file /home/airflow/.local/lib/python3.12/site-packages/airflow/example_dags/example_params_trigger_ui.py for tasks to queue
[2024-11-18T08:36:31.894+0000] {logging_mixin.py:188} INFO - [2024-11-18T08:36:31.894+0000] {dagbag.py:545} INFO - Filling up the DagBag from /home/airflow/.local/lib/python3.12/site-packages/airflow/example_dags/example_params_trigger_ui.py
[2024-11-18T08:36:31.907+0000] {processor.py:840} INFO - DAG(s) 'example_params_trigger_ui' retrieved from /home/airflow/.local/lib/python3.12/site-packages/airflow/example_dags/example_params_trigger_ui.py
[2024-11-18T08:36:31.954+0000] {logging_mixin.py:188} INFO - [2024-11-18T08:36:31.954+0000] {dag.py:3096} INFO - Sync 1 DAGs
[2024-11-18T08:36:31.967+0000] {logging_mixin.py:188} INFO - [2024-11-18T08:36:31.966+0000] {dag.py:3954} INFO - Setting next_dagrun for example_params_trigger_ui to None, run_after=None
[2024-11-18T08:36:31.988+0000] {processor.py:183} INFO - Processing /home/airflow/.local/lib/python3.12/site-packages/airflow/example_dags/example_params_trigger_ui.py took 0.102 seconds
[2024-11-18T08:37:02.819+0000] {processor.py:161} INFO - Started process (PID=1473) to work on /home/airflow/.local/lib/python3.12/site-packages/airflow/example_dags/example_params_trigger_ui.py
[2024-11-18T08:37:02.820+0000] {processor.py:830} INFO - Processing file /home/airflow/.local/lib/python3.12/site-packages/airflow/example_dags/example_params_trigger_ui.py for tasks to queue
[2024-11-18T08:37:02.821+0000] {logging_mixin.py:188} INFO - [2024-11-18T08:37:02.821+0000] {dagbag.py:545} INFO - Filling up the DagBag from /home/airflow/.local/lib/python3.12/site-packages/airflow/example_dags/example_params_trigger_ui.py
[2024-11-18T08:37:02.834+0000] {processor.py:840} INFO - DAG(s) 'example_params_trigger_ui' retrieved from /home/airflow/.local/lib/python3.12/site-packages/airflow/example_dags/example_params_trigger_ui.py
[2024-11-18T08:37:02.883+0000] {logging_mixin.py:188} INFO - [2024-11-18T08:37:02.883+0000] {dag.py:3096} INFO - Sync 1 DAGs
[2024-11-18T08:37:02.895+0000] {logging_mixin.py:188} INFO - [2024-11-18T08:37:02.895+0000] {dag.py:3954} INFO - Setting next_dagrun for example_params_trigger_ui to None, run_after=None
[2024-11-18T08:37:02.917+0000] {processor.py:183} INFO - Processing /home/airflow/.local/lib/python3.12/site-packages/airflow/example_dags/example_params_trigger_ui.py took 0.104 seconds
[2024-11-18T08:37:33.419+0000] {processor.py:161} INFO - Started process (PID=1737) to work on /home/airflow/.local/lib/python3.12/site-packages/airflow/example_dags/example_params_trigger_ui.py
[2024-11-18T08:37:33.420+0000] {processor.py:830} INFO - Processing file /home/airflow/.local/lib/python3.12/site-packages/airflow/example_dags/example_params_trigger_ui.py for tasks to queue
[2024-11-18T08:37:33.422+0000] {logging_mixin.py:188} INFO - [2024-11-18T08:37:33.421+0000] {dagbag.py:545} INFO - Filling up the DagBag from /home/airflow/.local/lib/python3.12/site-packages/airflow/example_dags/example_params_trigger_ui.py
[2024-11-18T08:37:33.433+0000] {processor.py:840} INFO - DAG(s) 'example_params_trigger_ui' retrieved from /home/airflow/.local/lib/python3.12/site-packages/airflow/example_dags/example_params_trigger_ui.py
[2024-11-18T08:37:33.473+0000] {logging_mixin.py:188} INFO - [2024-11-18T08:37:33.473+0000] {dag.py:3096} INFO - Sync 1 DAGs
[2024-11-18T08:37:33.487+0000] {logging_mixin.py:188} INFO - [2024-11-18T08:37:33.486+0000] {dag.py:3954} INFO - Setting next_dagrun for example_params_trigger_ui to None, run_after=None
[2024-11-18T08:37:33.525+0000] {processor.py:183} INFO - Processing /home/airflow/.local/lib/python3.12/site-packages/airflow/example_dags/example_params_trigger_ui.py took 0.112 seconds
[2024-11-18T08:38:03.568+0000] {processor.py:161} INFO - Started process (PID=1997) to work on /home/airflow/.local/lib/python3.12/site-packages/airflow/example_dags/example_params_trigger_ui.py
[2024-11-18T08:38:03.569+0000] {processor.py:830} INFO - Processing file /home/airflow/.local/lib/python3.12/site-packages/airflow/example_dags/example_params_trigger_ui.py for tasks to queue
[2024-11-18T08:38:03.571+0000] {logging_mixin.py:188} INFO - [2024-11-18T08:38:03.571+0000] {dagbag.py:545} INFO - Filling up the DagBag from /home/airflow/.local/lib/python3.12/site-packages/airflow/example_dags/example_params_trigger_ui.py
[2024-11-18T08:38:03.583+0000] {processor.py:840} INFO - DAG(s) 'example_params_trigger_ui' retrieved from /home/airflow/.local/lib/python3.12/site-packages/airflow/example_dags/example_params_trigger_ui.py
[2024-11-18T08:38:03.621+0000] {logging_mixin.py:188} INFO - [2024-11-18T08:38:03.621+0000] {dag.py:3096} INFO - Sync 1 DAGs
[2024-11-18T08:38:03.633+0000] {logging_mixin.py:188} INFO - [2024-11-18T08:38:03.633+0000] {dag.py:3954} INFO - Setting next_dagrun for example_params_trigger_ui to None, run_after=None
[2024-11-18T08:38:03.662+0000] {processor.py:183} INFO - Processing /home/airflow/.local/lib/python3.12/site-packages/airflow/example_dags/example_params_trigger_ui.py took 0.099 seconds
[2024-11-18T08:38:34.016+0000] {processor.py:161} INFO - Started process (PID=2261) to work on /home/airflow/.local/lib/python3.12/site-packages/airflow/example_dags/example_params_trigger_ui.py
[2024-11-18T08:38:34.017+0000] {processor.py:830} INFO - Processing file /home/airflow/.local/lib/python3.12/site-packages/airflow/example_dags/example_params_trigger_ui.py for tasks to queue
[2024-11-18T08:38:34.019+0000] {logging_mixin.py:188} INFO - [2024-11-18T08:38:34.019+0000] {dagbag.py:545} INFO - Filling up the DagBag from /home/airflow/.local/lib/python3.12/site-packages/airflow/example_dags/example_params_trigger_ui.py
[2024-11-18T08:38:34.032+0000] {processor.py:840} INFO - DAG(s) 'example_params_trigger_ui' retrieved from /home/airflow/.local/lib/python3.12/site-packages/airflow/example_dags/example_params_trigger_ui.py
[2024-11-18T08:38:34.077+0000] {logging_mixin.py:188} INFO - [2024-11-18T08:38:34.077+0000] {dag.py:3096} INFO - Sync 1 DAGs
[2024-11-18T08:38:34.093+0000] {logging_mixin.py:188} INFO - [2024-11-18T08:38:34.093+0000] {dag.py:3954} INFO - Setting next_dagrun for example_params_trigger_ui to None, run_after=None
[2024-11-18T08:38:34.132+0000] {processor.py:183} INFO - Processing /home/airflow/.local/lib/python3.12/site-packages/airflow/example_dags/example_params_trigger_ui.py took 0.121 seconds
[2024-11-18T08:39:04.272+0000] {processor.py:161} INFO - Started process (PID=2528) to work on /home/airflow/.local/lib/python3.12/site-packages/airflow/example_dags/example_params_trigger_ui.py
[2024-11-18T08:39:04.273+0000] {processor.py:830} INFO - Processing file /home/airflow/.local/lib/python3.12/site-packages/airflow/example_dags/example_params_trigger_ui.py for tasks to queue
[2024-11-18T08:39:04.274+0000] {logging_mixin.py:188} INFO - [2024-11-18T08:39:04.274+0000] {dagbag.py:545} INFO - Filling up the DagBag from /home/airflow/.local/lib/python3.12/site-packages/airflow/example_dags/example_params_trigger_ui.py
[2024-11-18T08:39:04.286+0000] {processor.py:840} INFO - DAG(s) 'example_params_trigger_ui' retrieved from /home/airflow/.local/lib/python3.12/site-packages/airflow/example_dags/example_params_trigger_ui.py
[2024-11-18T08:39:04.330+0000] {logging_mixin.py:188} INFO - [2024-11-18T08:39:04.330+0000] {dag.py:3096} INFO - Sync 1 DAGs
[2024-11-18T08:39:04.341+0000] {logging_mixin.py:188} INFO - [2024-11-18T08:39:04.341+0000] {dag.py:3954} INFO - Setting next_dagrun for example_params_trigger_ui to None, run_after=None
[2024-11-18T08:39:04.372+0000] {processor.py:183} INFO - Processing /home/airflow/.local/lib/python3.12/site-packages/airflow/example_dags/example_params_trigger_ui.py took 0.106 seconds
[2024-11-18T08:39:34.614+0000] {processor.py:161} INFO - Started process (PID=2785) to work on /home/airflow/.local/lib/python3.12/site-packages/airflow/example_dags/example_params_trigger_ui.py
[2024-11-18T08:39:34.615+0000] {processor.py:830} INFO - Processing file /home/airflow/.local/lib/python3.12/site-packages/airflow/example_dags/example_params_trigger_ui.py for tasks to queue
[2024-11-18T08:39:34.616+0000] {logging_mixin.py:188} INFO - [2024-11-18T08:39:34.616+0000] {dagbag.py:545} INFO - Filling up the DagBag from /home/airflow/.local/lib/python3.12/site-packages/airflow/example_dags/example_params_trigger_ui.py
[2024-11-18T08:39:34.628+0000] {processor.py:840} INFO - DAG(s) 'example_params_trigger_ui' retrieved from /home/airflow/.local/lib/python3.12/site-packages/airflow/example_dags/example_params_trigger_ui.py
[2024-11-18T08:39:34.667+0000] {logging_mixin.py:188} INFO - [2024-11-18T08:39:34.667+0000] {dag.py:3096} INFO - Sync 1 DAGs
[2024-11-18T08:39:34.677+0000] {logging_mixin.py:188} INFO - [2024-11-18T08:39:34.677+0000] {dag.py:3954} INFO - Setting next_dagrun for example_params_trigger_ui to None, run_after=None
[2024-11-18T08:39:34.696+0000] {processor.py:183} INFO - Processing /home/airflow/.local/lib/python3.12/site-packages/airflow/example_dags/example_params_trigger_ui.py took 0.088 seconds
[2024-11-18T08:40:04.915+0000] {processor.py:161} INFO - Started process (PID=3047) to work on /home/airflow/.local/lib/python3.12/site-packages/airflow/example_dags/example_params_trigger_ui.py
[2024-11-18T08:40:04.916+0000] {processor.py:830} INFO - Processing file /home/airflow/.local/lib/python3.12/site-packages/airflow/example_dags/example_params_trigger_ui.py for tasks to queue
[2024-11-18T08:40:04.918+0000] {logging_mixin.py:188} INFO - [2024-11-18T08:40:04.917+0000] {dagbag.py:545} INFO - Filling up the DagBag from /home/airflow/.local/lib/python3.12/site-packages/airflow/example_dags/example_params_trigger_ui.py
[2024-11-18T08:40:04.929+0000] {processor.py:840} INFO - DAG(s) 'example_params_trigger_ui' retrieved from /home/airflow/.local/lib/python3.12/site-packages/airflow/example_dags/example_params_trigger_ui.py
[2024-11-18T08:40:04.967+0000] {logging_mixin.py:188} INFO - [2024-11-18T08:40:04.967+0000] {dag.py:3096} INFO - Sync 1 DAGs
[2024-11-18T08:40:04.980+0000] {logging_mixin.py:188} INFO - [2024-11-18T08:40:04.980+0000] {dag.py:3954} INFO - Setting next_dagrun for example_params_trigger_ui to None, run_after=None
[2024-11-18T08:40:05.011+0000] {processor.py:183} INFO - Processing /home/airflow/.local/lib/python3.12/site-packages/airflow/example_dags/example_params_trigger_ui.py took 0.102 seconds
[2024-11-18T08:40:35.245+0000] {processor.py:161} INFO - Started process (PID=3309) to work on /home/airflow/.local/lib/python3.12/site-packages/airflow/example_dags/example_params_trigger_ui.py
[2024-11-18T08:40:35.246+0000] {processor.py:830} INFO - Processing file /home/airflow/.local/lib/python3.12/site-packages/airflow/example_dags/example_params_trigger_ui.py for tasks to queue
[2024-11-18T08:40:35.247+0000] {logging_mixin.py:188} INFO - [2024-11-18T08:40:35.247+0000] {dagbag.py:545} INFO - Filling up the DagBag from /home/airflow/.local/lib/python3.12/site-packages/airflow/example_dags/example_params_trigger_ui.py
[2024-11-18T08:40:35.260+0000] {processor.py:840} INFO - DAG(s) 'example_params_trigger_ui' retrieved from /home/airflow/.local/lib/python3.12/site-packages/airflow/example_dags/example_params_trigger_ui.py
[2024-11-18T08:40:35.302+0000] {logging_mixin.py:188} INFO - [2024-11-18T08:40:35.302+0000] {dag.py:3096} INFO - Sync 1 DAGs
[2024-11-18T08:40:35.314+0000] {logging_mixin.py:188} INFO - [2024-11-18T08:40:35.314+0000] {dag.py:3954} INFO - Setting next_dagrun for example_params_trigger_ui to None, run_after=None
[2024-11-18T08:40:35.344+0000] {processor.py:183} INFO - Processing /home/airflow/.local/lib/python3.12/site-packages/airflow/example_dags/example_params_trigger_ui.py took 0.104 seconds
[2024-11-18T08:41:05.632+0000] {processor.py:161} INFO - Started process (PID=3569) to work on /home/airflow/.local/lib/python3.12/site-packages/airflow/example_dags/example_params_trigger_ui.py
[2024-11-18T08:41:05.633+0000] {processor.py:830} INFO - Processing file /home/airflow/.local/lib/python3.12/site-packages/airflow/example_dags/example_params_trigger_ui.py for tasks to queue
[2024-11-18T08:41:05.634+0000] {logging_mixin.py:188} INFO - [2024-11-18T08:41:05.634+0000] {dagbag.py:545} INFO - Filling up the DagBag from /home/airflow/.local/lib/python3.12/site-packages/airflow/example_dags/example_params_trigger_ui.py
[2024-11-18T08:41:05.646+0000] {processor.py:840} INFO - DAG(s) 'example_params_trigger_ui' retrieved from /home/airflow/.local/lib/python3.12/site-packages/airflow/example_dags/example_params_trigger_ui.py
[2024-11-18T08:41:05.685+0000] {logging_mixin.py:188} INFO - [2024-11-18T08:41:05.685+0000] {dag.py:3096} INFO - Sync 1 DAGs
[2024-11-18T08:41:05.697+0000] {logging_mixin.py:188} INFO - [2024-11-18T08:41:05.696+0000] {dag.py:3954} INFO - Setting next_dagrun for example_params_trigger_ui to None, run_after=None
[2024-11-18T08:41:05.714+0000] {processor.py:183} INFO - Processing /home/airflow/.local/lib/python3.12/site-packages/airflow/example_dags/example_params_trigger_ui.py took 0.088 seconds
[2024-11-18T08:41:36.182+0000] {processor.py:161} INFO - Started process (PID=3831) to work on /home/airflow/.local/lib/python3.12/site-packages/airflow/example_dags/example_params_trigger_ui.py
[2024-11-18T08:41:36.183+0000] {processor.py:830} INFO - Processing file /home/airflow/.local/lib/python3.12/site-packages/airflow/example_dags/example_params_trigger_ui.py for tasks to queue
[2024-11-18T08:41:36.185+0000] {logging_mixin.py:188} INFO - [2024-11-18T08:41:36.185+0000] {dagbag.py:545} INFO - Filling up the DagBag from /home/airflow/.local/lib/python3.12/site-packages/airflow/example_dags/example_params_trigger_ui.py
[2024-11-18T08:41:36.205+0000] {processor.py:840} INFO - DAG(s) 'example_params_trigger_ui' retrieved from /home/airflow/.local/lib/python3.12/site-packages/airflow/example_dags/example_params_trigger_ui.py
[2024-11-18T08:41:36.274+0000] {logging_mixin.py:188} INFO - [2024-11-18T08:41:36.274+0000] {dag.py:3096} INFO - Sync 1 DAGs
[2024-11-18T08:41:36.297+0000] {logging_mixin.py:188} INFO - [2024-11-18T08:41:36.296+0000] {dag.py:3954} INFO - Setting next_dagrun for example_params_trigger_ui to None, run_after=None
[2024-11-18T08:41:36.339+0000] {processor.py:183} INFO - Processing /home/airflow/.local/lib/python3.12/site-packages/airflow/example_dags/example_params_trigger_ui.py took 0.165 seconds
[2024-11-18T08:42:06.739+0000] {processor.py:161} INFO - Started process (PID=4093) to work on /home/airflow/.local/lib/python3.12/site-packages/airflow/example_dags/example_params_trigger_ui.py
[2024-11-18T08:42:06.740+0000] {processor.py:830} INFO - Processing file /home/airflow/.local/lib/python3.12/site-packages/airflow/example_dags/example_params_trigger_ui.py for tasks to queue
[2024-11-18T08:42:06.743+0000] {logging_mixin.py:188} INFO - [2024-11-18T08:42:06.742+0000] {dagbag.py:545} INFO - Filling up the DagBag from /home/airflow/.local/lib/python3.12/site-packages/airflow/example_dags/example_params_trigger_ui.py
[2024-11-18T08:42:06.755+0000] {processor.py:840} INFO - DAG(s) 'example_params_trigger_ui' retrieved from /home/airflow/.local/lib/python3.12/site-packages/airflow/example_dags/example_params_trigger_ui.py
[2024-11-18T08:42:06.806+0000] {logging_mixin.py:188} INFO - [2024-11-18T08:42:06.806+0000] {dag.py:3096} INFO - Sync 1 DAGs
[2024-11-18T08:42:06.821+0000] {logging_mixin.py:188} INFO - [2024-11-18T08:42:06.820+0000] {dag.py:3954} INFO - Setting next_dagrun for example_params_trigger_ui to None, run_after=None
[2024-11-18T08:42:06.839+0000] {processor.py:183} INFO - Processing /home/airflow/.local/lib/python3.12/site-packages/airflow/example_dags/example_params_trigger_ui.py took 0.106 seconds
[2024-11-18T08:42:38.248+0000] {processor.py:161} INFO - Started process (PID=4355) to work on /home/airflow/.local/lib/python3.12/site-packages/airflow/example_dags/example_params_trigger_ui.py
[2024-11-18T08:42:38.250+0000] {processor.py:830} INFO - Processing file /home/airflow/.local/lib/python3.12/site-packages/airflow/example_dags/example_params_trigger_ui.py for tasks to queue
[2024-11-18T08:42:38.255+0000] {logging_mixin.py:188} INFO - [2024-11-18T08:42:38.254+0000] {dagbag.py:545} INFO - Filling up the DagBag from /home/airflow/.local/lib/python3.12/site-packages/airflow/example_dags/example_params_trigger_ui.py
[2024-11-18T08:42:38.313+0000] {processor.py:840} INFO - DAG(s) 'example_params_trigger_ui' retrieved from /home/airflow/.local/lib/python3.12/site-packages/airflow/example_dags/example_params_trigger_ui.py
[2024-11-18T08:42:38.494+0000] {logging_mixin.py:188} INFO - [2024-11-18T08:42:38.494+0000] {dag.py:3096} INFO - Sync 1 DAGs
[2024-11-18T08:42:38.534+0000] {logging_mixin.py:188} INFO - [2024-11-18T08:42:38.533+0000] {dag.py:3954} INFO - Setting next_dagrun for example_params_trigger_ui to None, run_after=None
[2024-11-18T08:42:38.578+0000] {processor.py:183} INFO - Processing /home/airflow/.local/lib/python3.12/site-packages/airflow/example_dags/example_params_trigger_ui.py took 0.345 seconds
[2024-11-18T08:43:09.005+0000] {processor.py:161} INFO - Started process (PID=4617) to work on /home/airflow/.local/lib/python3.12/site-packages/airflow/example_dags/example_params_trigger_ui.py
[2024-11-18T08:43:09.006+0000] {processor.py:830} INFO - Processing file /home/airflow/.local/lib/python3.12/site-packages/airflow/example_dags/example_params_trigger_ui.py for tasks to queue
[2024-11-18T08:43:09.010+0000] {logging_mixin.py:188} INFO - [2024-11-18T08:43:09.009+0000] {dagbag.py:545} INFO - Filling up the DagBag from /home/airflow/.local/lib/python3.12/site-packages/airflow/example_dags/example_params_trigger_ui.py
[2024-11-18T08:43:09.035+0000] {processor.py:840} INFO - DAG(s) 'example_params_trigger_ui' retrieved from /home/airflow/.local/lib/python3.12/site-packages/airflow/example_dags/example_params_trigger_ui.py
[2024-11-18T08:43:09.116+0000] {logging_mixin.py:188} INFO - [2024-11-18T08:43:09.116+0000] {dag.py:3096} INFO - Sync 1 DAGs
[2024-11-18T08:43:09.143+0000] {logging_mixin.py:188} INFO - [2024-11-18T08:43:09.143+0000] {dag.py:3954} INFO - Setting next_dagrun for example_params_trigger_ui to None, run_after=None
[2024-11-18T08:43:09.181+0000] {processor.py:183} INFO - Processing /home/airflow/.local/lib/python3.12/site-packages/airflow/example_dags/example_params_trigger_ui.py took 0.187 seconds
[2024-11-18T08:43:39.511+0000] {processor.py:161} INFO - Started process (PID=4886) to work on /home/airflow/.local/lib/python3.12/site-packages/airflow/example_dags/example_params_trigger_ui.py
[2024-11-18T08:43:39.512+0000] {processor.py:830} INFO - Processing file /home/airflow/.local/lib/python3.12/site-packages/airflow/example_dags/example_params_trigger_ui.py for tasks to queue
[2024-11-18T08:43:39.514+0000] {logging_mixin.py:188} INFO - [2024-11-18T08:43:39.514+0000] {dagbag.py:545} INFO - Filling up the DagBag from /home/airflow/.local/lib/python3.12/site-packages/airflow/example_dags/example_params_trigger_ui.py
[2024-11-18T08:43:39.526+0000] {processor.py:840} INFO - DAG(s) 'example_params_trigger_ui' retrieved from /home/airflow/.local/lib/python3.12/site-packages/airflow/example_dags/example_params_trigger_ui.py
[2024-11-18T08:43:39.569+0000] {logging_mixin.py:188} INFO - [2024-11-18T08:43:39.569+0000] {dag.py:3096} INFO - Sync 1 DAGs
[2024-11-18T08:43:39.582+0000] {logging_mixin.py:188} INFO - [2024-11-18T08:43:39.582+0000] {dag.py:3954} INFO - Setting next_dagrun for example_params_trigger_ui to None, run_after=None
[2024-11-18T08:43:39.613+0000] {processor.py:183} INFO - Processing /home/airflow/.local/lib/python3.12/site-packages/airflow/example_dags/example_params_trigger_ui.py took 0.107 seconds
[2024-11-18T08:44:09.695+0000] {processor.py:161} INFO - Started process (PID=5153) to work on /home/airflow/.local/lib/python3.12/site-packages/airflow/example_dags/example_params_trigger_ui.py
[2024-11-18T08:44:09.696+0000] {processor.py:830} INFO - Processing file /home/airflow/.local/lib/python3.12/site-packages/airflow/example_dags/example_params_trigger_ui.py for tasks to queue
[2024-11-18T08:44:09.698+0000] {logging_mixin.py:188} INFO - [2024-11-18T08:44:09.697+0000] {dagbag.py:545} INFO - Filling up the DagBag from /home/airflow/.local/lib/python3.12/site-packages/airflow/example_dags/example_params_trigger_ui.py
[2024-11-18T08:44:09.711+0000] {processor.py:840} INFO - DAG(s) 'example_params_trigger_ui' retrieved from /home/airflow/.local/lib/python3.12/site-packages/airflow/example_dags/example_params_trigger_ui.py
[2024-11-18T08:44:09.752+0000] {logging_mixin.py:188} INFO - [2024-11-18T08:44:09.751+0000] {dag.py:3096} INFO - Sync 1 DAGs
[2024-11-18T08:44:09.763+0000] {logging_mixin.py:188} INFO - [2024-11-18T08:44:09.763+0000] {dag.py:3954} INFO - Setting next_dagrun for example_params_trigger_ui to None, run_after=None
[2024-11-18T08:44:09.792+0000] {processor.py:183} INFO - Processing /home/airflow/.local/lib/python3.12/site-packages/airflow/example_dags/example_params_trigger_ui.py took 0.102 seconds
[2024-11-18T08:44:40.040+0000] {processor.py:161} INFO - Started process (PID=5415) to work on /home/airflow/.local/lib/python3.12/site-packages/airflow/example_dags/example_params_trigger_ui.py
[2024-11-18T08:44:40.041+0000] {processor.py:830} INFO - Processing file /home/airflow/.local/lib/python3.12/site-packages/airflow/example_dags/example_params_trigger_ui.py for tasks to queue
[2024-11-18T08:44:40.043+0000] {logging_mixin.py:188} INFO - [2024-11-18T08:44:40.042+0000] {dagbag.py:545} INFO - Filling up the DagBag from /home/airflow/.local/lib/python3.12/site-packages/airflow/example_dags/example_params_trigger_ui.py
[2024-11-18T08:44:40.056+0000] {processor.py:840} INFO - DAG(s) 'example_params_trigger_ui' retrieved from /home/airflow/.local/lib/python3.12/site-packages/airflow/example_dags/example_params_trigger_ui.py
[2024-11-18T08:44:40.110+0000] {logging_mixin.py:188} INFO - [2024-11-18T08:44:40.109+0000] {dag.py:3096} INFO - Sync 1 DAGs
[2024-11-18T08:44:40.124+0000] {logging_mixin.py:188} INFO - [2024-11-18T08:44:40.124+0000] {dag.py:3954} INFO - Setting next_dagrun for example_params_trigger_ui to None, run_after=None
[2024-11-18T08:44:40.149+0000] {processor.py:183} INFO - Processing /home/airflow/.local/lib/python3.12/site-packages/airflow/example_dags/example_params_trigger_ui.py took 0.115 seconds
[2024-11-18T08:45:10.282+0000] {processor.py:161} INFO - Started process (PID=5677) to work on /home/airflow/.local/lib/python3.12/site-packages/airflow/example_dags/example_params_trigger_ui.py
[2024-11-18T08:45:10.283+0000] {processor.py:830} INFO - Processing file /home/airflow/.local/lib/python3.12/site-packages/airflow/example_dags/example_params_trigger_ui.py for tasks to queue
[2024-11-18T08:45:10.284+0000] {logging_mixin.py:188} INFO - [2024-11-18T08:45:10.284+0000] {dagbag.py:545} INFO - Filling up the DagBag from /home/airflow/.local/lib/python3.12/site-packages/airflow/example_dags/example_params_trigger_ui.py
[2024-11-18T08:45:10.296+0000] {processor.py:840} INFO - DAG(s) 'example_params_trigger_ui' retrieved from /home/airflow/.local/lib/python3.12/site-packages/airflow/example_dags/example_params_trigger_ui.py
[2024-11-18T08:45:10.339+0000] {logging_mixin.py:188} INFO - [2024-11-18T08:45:10.339+0000] {dag.py:3096} INFO - Sync 1 DAGs
[2024-11-18T08:45:10.353+0000] {logging_mixin.py:188} INFO - [2024-11-18T08:45:10.353+0000] {dag.py:3954} INFO - Setting next_dagrun for example_params_trigger_ui to None, run_after=None
[2024-11-18T08:45:10.392+0000] {processor.py:183} INFO - Processing /home/airflow/.local/lib/python3.12/site-packages/airflow/example_dags/example_params_trigger_ui.py took 0.116 seconds
[2024-11-18T08:45:40.477+0000] {processor.py:161} INFO - Started process (PID=5939) to work on /home/airflow/.local/lib/python3.12/site-packages/airflow/example_dags/example_params_trigger_ui.py
[2024-11-18T08:45:40.478+0000] {processor.py:830} INFO - Processing file /home/airflow/.local/lib/python3.12/site-packages/airflow/example_dags/example_params_trigger_ui.py for tasks to queue
[2024-11-18T08:45:40.479+0000] {logging_mixin.py:188} INFO - [2024-11-18T08:45:40.479+0000] {dagbag.py:545} INFO - Filling up the DagBag from /home/airflow/.local/lib/python3.12/site-packages/airflow/example_dags/example_params_trigger_ui.py
[2024-11-18T08:45:40.491+0000] {processor.py:840} INFO - DAG(s) 'example_params_trigger_ui' retrieved from /home/airflow/.local/lib/python3.12/site-packages/airflow/example_dags/example_params_trigger_ui.py
[2024-11-18T08:45:40.533+0000] {logging_mixin.py:188} INFO - [2024-11-18T08:45:40.532+0000] {dag.py:3096} INFO - Sync 1 DAGs
[2024-11-18T08:45:40.544+0000] {logging_mixin.py:188} INFO - [2024-11-18T08:45:40.544+0000] {dag.py:3954} INFO - Setting next_dagrun for example_params_trigger_ui to None, run_after=None
[2024-11-18T08:45:40.574+0000] {processor.py:183} INFO - Processing /home/airflow/.local/lib/python3.12/site-packages/airflow/example_dags/example_params_trigger_ui.py took 0.103 seconds
[2024-11-18T08:46:10.621+0000] {processor.py:161} INFO - Started process (PID=6201) to work on /home/airflow/.local/lib/python3.12/site-packages/airflow/example_dags/example_params_trigger_ui.py
[2024-11-18T08:46:10.621+0000] {processor.py:830} INFO - Processing file /home/airflow/.local/lib/python3.12/site-packages/airflow/example_dags/example_params_trigger_ui.py for tasks to queue
[2024-11-18T08:46:10.623+0000] {logging_mixin.py:188} INFO - [2024-11-18T08:46:10.623+0000] {dagbag.py:545} INFO - Filling up the DagBag from /home/airflow/.local/lib/python3.12/site-packages/airflow/example_dags/example_params_trigger_ui.py
[2024-11-18T08:46:10.634+0000] {processor.py:840} INFO - DAG(s) 'example_params_trigger_ui' retrieved from /home/airflow/.local/lib/python3.12/site-packages/airflow/example_dags/example_params_trigger_ui.py
[2024-11-18T08:46:10.673+0000] {logging_mixin.py:188} INFO - [2024-11-18T08:46:10.672+0000] {dag.py:3096} INFO - Sync 1 DAGs
[2024-11-18T08:46:10.684+0000] {logging_mixin.py:188} INFO - [2024-11-18T08:46:10.683+0000] {dag.py:3954} INFO - Setting next_dagrun for example_params_trigger_ui to None, run_after=None
[2024-11-18T08:46:10.714+0000] {processor.py:183} INFO - Processing /home/airflow/.local/lib/python3.12/site-packages/airflow/example_dags/example_params_trigger_ui.py took 0.098 seconds
[2024-11-18T08:46:40.985+0000] {processor.py:161} INFO - Started process (PID=6453) to work on /home/airflow/.local/lib/python3.12/site-packages/airflow/example_dags/example_params_trigger_ui.py
[2024-11-18T08:46:40.986+0000] {processor.py:830} INFO - Processing file /home/airflow/.local/lib/python3.12/site-packages/airflow/example_dags/example_params_trigger_ui.py for tasks to queue
[2024-11-18T08:46:40.988+0000] {logging_mixin.py:188} INFO - [2024-11-18T08:46:40.988+0000] {dagbag.py:545} INFO - Filling up the DagBag from /home/airflow/.local/lib/python3.12/site-packages/airflow/example_dags/example_params_trigger_ui.py
[2024-11-18T08:46:41.001+0000] {processor.py:840} INFO - DAG(s) 'example_params_trigger_ui' retrieved from /home/airflow/.local/lib/python3.12/site-packages/airflow/example_dags/example_params_trigger_ui.py
[2024-11-18T08:46:41.046+0000] {logging_mixin.py:188} INFO - [2024-11-18T08:46:41.045+0000] {dag.py:3096} INFO - Sync 1 DAGs
[2024-11-18T08:46:41.058+0000] {logging_mixin.py:188} INFO - [2024-11-18T08:46:41.058+0000] {dag.py:3954} INFO - Setting next_dagrun for example_params_trigger_ui to None, run_after=None
[2024-11-18T08:46:41.091+0000] {processor.py:183} INFO - Processing /home/airflow/.local/lib/python3.12/site-packages/airflow/example_dags/example_params_trigger_ui.py took 0.111 seconds
[2024-11-18T08:47:11.277+0000] {processor.py:161} INFO - Started process (PID=6715) to work on /home/airflow/.local/lib/python3.12/site-packages/airflow/example_dags/example_params_trigger_ui.py
[2024-11-18T08:47:11.278+0000] {processor.py:830} INFO - Processing file /home/airflow/.local/lib/python3.12/site-packages/airflow/example_dags/example_params_trigger_ui.py for tasks to queue
[2024-11-18T08:47:11.279+0000] {logging_mixin.py:188} INFO - [2024-11-18T08:47:11.279+0000] {dagbag.py:545} INFO - Filling up the DagBag from /home/airflow/.local/lib/python3.12/site-packages/airflow/example_dags/example_params_trigger_ui.py
[2024-11-18T08:47:11.292+0000] {processor.py:840} INFO - DAG(s) 'example_params_trigger_ui' retrieved from /home/airflow/.local/lib/python3.12/site-packages/airflow/example_dags/example_params_trigger_ui.py
[2024-11-18T08:47:11.339+0000] {logging_mixin.py:188} INFO - [2024-11-18T08:47:11.338+0000] {dag.py:3096} INFO - Sync 1 DAGs
[2024-11-18T08:47:11.352+0000] {logging_mixin.py:188} INFO - [2024-11-18T08:47:11.352+0000] {dag.py:3954} INFO - Setting next_dagrun for example_params_trigger_ui to None, run_after=None
[2024-11-18T08:47:11.385+0000] {processor.py:183} INFO - Processing /home/airflow/.local/lib/python3.12/site-packages/airflow/example_dags/example_params_trigger_ui.py took 0.114 seconds
[2024-11-18T08:47:41.615+0000] {processor.py:161} INFO - Started process (PID=6977) to work on /home/airflow/.local/lib/python3.12/site-packages/airflow/example_dags/example_params_trigger_ui.py
[2024-11-18T08:47:41.616+0000] {processor.py:830} INFO - Processing file /home/airflow/.local/lib/python3.12/site-packages/airflow/example_dags/example_params_trigger_ui.py for tasks to queue
[2024-11-18T08:47:41.617+0000] {logging_mixin.py:188} INFO - [2024-11-18T08:47:41.617+0000] {dagbag.py:545} INFO - Filling up the DagBag from /home/airflow/.local/lib/python3.12/site-packages/airflow/example_dags/example_params_trigger_ui.py
[2024-11-18T08:47:41.629+0000] {processor.py:840} INFO - DAG(s) 'example_params_trigger_ui' retrieved from /home/airflow/.local/lib/python3.12/site-packages/airflow/example_dags/example_params_trigger_ui.py
[2024-11-18T08:47:41.676+0000] {logging_mixin.py:188} INFO - [2024-11-18T08:47:41.676+0000] {dag.py:3096} INFO - Sync 1 DAGs
[2024-11-18T08:47:41.689+0000] {logging_mixin.py:188} INFO - [2024-11-18T08:47:41.688+0000] {dag.py:3954} INFO - Setting next_dagrun for example_params_trigger_ui to None, run_after=None
[2024-11-18T08:47:41.719+0000] {processor.py:183} INFO - Processing /home/airflow/.local/lib/python3.12/site-packages/airflow/example_dags/example_params_trigger_ui.py took 0.109 seconds
[2024-11-18T08:48:11.979+0000] {processor.py:161} INFO - Started process (PID=7237) to work on /home/airflow/.local/lib/python3.12/site-packages/airflow/example_dags/example_params_trigger_ui.py
[2024-11-18T08:48:11.980+0000] {processor.py:830} INFO - Processing file /home/airflow/.local/lib/python3.12/site-packages/airflow/example_dags/example_params_trigger_ui.py for tasks to queue
[2024-11-18T08:48:11.983+0000] {logging_mixin.py:188} INFO - [2024-11-18T08:48:11.983+0000] {dagbag.py:545} INFO - Filling up the DagBag from /home/airflow/.local/lib/python3.12/site-packages/airflow/example_dags/example_params_trigger_ui.py
[2024-11-18T08:48:11.997+0000] {processor.py:840} INFO - DAG(s) 'example_params_trigger_ui' retrieved from /home/airflow/.local/lib/python3.12/site-packages/airflow/example_dags/example_params_trigger_ui.py
[2024-11-18T08:48:12.053+0000] {logging_mixin.py:188} INFO - [2024-11-18T08:48:12.053+0000] {dag.py:3096} INFO - Sync 1 DAGs
[2024-11-18T08:48:12.067+0000] {logging_mixin.py:188} INFO - [2024-11-18T08:48:12.067+0000] {dag.py:3954} INFO - Setting next_dagrun for example_params_trigger_ui to None, run_after=None
[2024-11-18T08:48:12.092+0000] {processor.py:183} INFO - Processing /home/airflow/.local/lib/python3.12/site-packages/airflow/example_dags/example_params_trigger_ui.py took 0.118 seconds
[2024-11-18T08:48:42.615+0000] {processor.py:161} INFO - Started process (PID=7501) to work on /home/airflow/.local/lib/python3.12/site-packages/airflow/example_dags/example_params_trigger_ui.py
[2024-11-18T08:48:42.616+0000] {processor.py:830} INFO - Processing file /home/airflow/.local/lib/python3.12/site-packages/airflow/example_dags/example_params_trigger_ui.py for tasks to queue
[2024-11-18T08:48:42.619+0000] {logging_mixin.py:188} INFO - [2024-11-18T08:48:42.619+0000] {dagbag.py:545} INFO - Filling up the DagBag from /home/airflow/.local/lib/python3.12/site-packages/airflow/example_dags/example_params_trigger_ui.py
[2024-11-18T08:48:42.638+0000] {processor.py:840} INFO - DAG(s) 'example_params_trigger_ui' retrieved from /home/airflow/.local/lib/python3.12/site-packages/airflow/example_dags/example_params_trigger_ui.py
[2024-11-18T08:48:42.692+0000] {logging_mixin.py:188} INFO - [2024-11-18T08:48:42.692+0000] {dag.py:3096} INFO - Sync 1 DAGs
[2024-11-18T08:48:42.706+0000] {logging_mixin.py:188} INFO - [2024-11-18T08:48:42.706+0000] {dag.py:3954} INFO - Setting next_dagrun for example_params_trigger_ui to None, run_after=None
[2024-11-18T08:48:42.742+0000] {processor.py:183} INFO - Processing /home/airflow/.local/lib/python3.12/site-packages/airflow/example_dags/example_params_trigger_ui.py took 0.135 seconds
[2024-11-18T08:49:12.839+0000] {processor.py:161} INFO - Started process (PID=7761) to work on /home/airflow/.local/lib/python3.12/site-packages/airflow/example_dags/example_params_trigger_ui.py
[2024-11-18T08:49:12.840+0000] {processor.py:830} INFO - Processing file /home/airflow/.local/lib/python3.12/site-packages/airflow/example_dags/example_params_trigger_ui.py for tasks to queue
[2024-11-18T08:49:12.842+0000] {logging_mixin.py:188} INFO - [2024-11-18T08:49:12.841+0000] {dagbag.py:545} INFO - Filling up the DagBag from /home/airflow/.local/lib/python3.12/site-packages/airflow/example_dags/example_params_trigger_ui.py
[2024-11-18T08:49:12.855+0000] {processor.py:840} INFO - DAG(s) 'example_params_trigger_ui' retrieved from /home/airflow/.local/lib/python3.12/site-packages/airflow/example_dags/example_params_trigger_ui.py
[2024-11-18T08:49:12.896+0000] {logging_mixin.py:188} INFO - [2024-11-18T08:49:12.896+0000] {dag.py:3096} INFO - Sync 1 DAGs
[2024-11-18T08:49:12.909+0000] {logging_mixin.py:188} INFO - [2024-11-18T08:49:12.908+0000] {dag.py:3954} INFO - Setting next_dagrun for example_params_trigger_ui to None, run_after=None
[2024-11-18T08:49:12.931+0000] {processor.py:183} INFO - Processing /home/airflow/.local/lib/python3.12/site-packages/airflow/example_dags/example_params_trigger_ui.py took 0.098 seconds
[2024-11-18T08:49:43.126+0000] {processor.py:161} INFO - Started process (PID=8023) to work on /home/airflow/.local/lib/python3.12/site-packages/airflow/example_dags/example_params_trigger_ui.py
[2024-11-18T08:49:43.128+0000] {processor.py:830} INFO - Processing file /home/airflow/.local/lib/python3.12/site-packages/airflow/example_dags/example_params_trigger_ui.py for tasks to queue
[2024-11-18T08:49:43.130+0000] {logging_mixin.py:188} INFO - [2024-11-18T08:49:43.129+0000] {dagbag.py:545} INFO - Filling up the DagBag from /home/airflow/.local/lib/python3.12/site-packages/airflow/example_dags/example_params_trigger_ui.py
[2024-11-18T08:49:43.144+0000] {processor.py:840} INFO - DAG(s) 'example_params_trigger_ui' retrieved from /home/airflow/.local/lib/python3.12/site-packages/airflow/example_dags/example_params_trigger_ui.py
[2024-11-18T08:49:43.191+0000] {logging_mixin.py:188} INFO - [2024-11-18T08:49:43.191+0000] {dag.py:3096} INFO - Sync 1 DAGs
[2024-11-18T08:49:43.206+0000] {logging_mixin.py:188} INFO - [2024-11-18T08:49:43.206+0000] {dag.py:3954} INFO - Setting next_dagrun for example_params_trigger_ui to None, run_after=None
[2024-11-18T08:49:43.227+0000] {processor.py:183} INFO - Processing /home/airflow/.local/lib/python3.12/site-packages/airflow/example_dags/example_params_trigger_ui.py took 0.106 seconds
[2024-11-18T08:50:13.408+0000] {processor.py:161} INFO - Started process (PID=8285) to work on /home/airflow/.local/lib/python3.12/site-packages/airflow/example_dags/example_params_trigger_ui.py
[2024-11-18T08:50:13.410+0000] {processor.py:830} INFO - Processing file /home/airflow/.local/lib/python3.12/site-packages/airflow/example_dags/example_params_trigger_ui.py for tasks to queue
[2024-11-18T08:50:13.412+0000] {logging_mixin.py:188} INFO - [2024-11-18T08:50:13.411+0000] {dagbag.py:545} INFO - Filling up the DagBag from /home/airflow/.local/lib/python3.12/site-packages/airflow/example_dags/example_params_trigger_ui.py
[2024-11-18T08:50:13.423+0000] {processor.py:840} INFO - DAG(s) 'example_params_trigger_ui' retrieved from /home/airflow/.local/lib/python3.12/site-packages/airflow/example_dags/example_params_trigger_ui.py
[2024-11-18T08:50:13.465+0000] {logging_mixin.py:188} INFO - [2024-11-18T08:50:13.464+0000] {dag.py:3096} INFO - Sync 1 DAGs
[2024-11-18T08:50:13.479+0000] {logging_mixin.py:188} INFO - [2024-11-18T08:50:13.478+0000] {dag.py:3954} INFO - Setting next_dagrun for example_params_trigger_ui to None, run_after=None
[2024-11-18T08:50:13.505+0000] {processor.py:183} INFO - Processing /home/airflow/.local/lib/python3.12/site-packages/airflow/example_dags/example_params_trigger_ui.py took 0.102 seconds
[2024-11-18T08:50:43.819+0000] {processor.py:161} INFO - Started process (PID=8547) to work on /home/airflow/.local/lib/python3.12/site-packages/airflow/example_dags/example_params_trigger_ui.py
[2024-11-18T08:50:43.820+0000] {processor.py:830} INFO - Processing file /home/airflow/.local/lib/python3.12/site-packages/airflow/example_dags/example_params_trigger_ui.py for tasks to queue
[2024-11-18T08:50:43.823+0000] {logging_mixin.py:188} INFO - [2024-11-18T08:50:43.823+0000] {dagbag.py:545} INFO - Filling up the DagBag from /home/airflow/.local/lib/python3.12/site-packages/airflow/example_dags/example_params_trigger_ui.py
[2024-11-18T08:50:43.837+0000] {processor.py:840} INFO - DAG(s) 'example_params_trigger_ui' retrieved from /home/airflow/.local/lib/python3.12/site-packages/airflow/example_dags/example_params_trigger_ui.py
[2024-11-18T08:50:43.888+0000] {logging_mixin.py:188} INFO - [2024-11-18T08:50:43.888+0000] {dag.py:3096} INFO - Sync 1 DAGs
[2024-11-18T08:50:43.903+0000] {logging_mixin.py:188} INFO - [2024-11-18T08:50:43.902+0000] {dag.py:3954} INFO - Setting next_dagrun for example_params_trigger_ui to None, run_after=None
[2024-11-18T08:50:43.936+0000] {processor.py:183} INFO - Processing /home/airflow/.local/lib/python3.12/site-packages/airflow/example_dags/example_params_trigger_ui.py took 0.123 seconds
[2024-11-18T08:51:14.285+0000] {processor.py:161} INFO - Started process (PID=8815) to work on /home/airflow/.local/lib/python3.12/site-packages/airflow/example_dags/example_params_trigger_ui.py
[2024-11-18T08:51:14.286+0000] {processor.py:830} INFO - Processing file /home/airflow/.local/lib/python3.12/site-packages/airflow/example_dags/example_params_trigger_ui.py for tasks to queue
[2024-11-18T08:51:14.289+0000] {logging_mixin.py:188} INFO - [2024-11-18T08:51:14.288+0000] {dagbag.py:545} INFO - Filling up the DagBag from /home/airflow/.local/lib/python3.12/site-packages/airflow/example_dags/example_params_trigger_ui.py
[2024-11-18T08:51:14.313+0000] {processor.py:840} INFO - DAG(s) 'example_params_trigger_ui' retrieved from /home/airflow/.local/lib/python3.12/site-packages/airflow/example_dags/example_params_trigger_ui.py
[2024-11-18T08:51:14.386+0000] {logging_mixin.py:188} INFO - [2024-11-18T08:51:14.386+0000] {dag.py:3096} INFO - Sync 1 DAGs
[2024-11-18T08:51:14.409+0000] {logging_mixin.py:188} INFO - [2024-11-18T08:51:14.409+0000] {dag.py:3954} INFO - Setting next_dagrun for example_params_trigger_ui to None, run_after=None
[2024-11-18T08:51:14.438+0000] {processor.py:183} INFO - Processing /home/airflow/.local/lib/python3.12/site-packages/airflow/example_dags/example_params_trigger_ui.py took 0.159 seconds
[2024-11-18T08:51:44.819+0000] {processor.py:161} INFO - Started process (PID=9079) to work on /home/airflow/.local/lib/python3.12/site-packages/airflow/example_dags/example_params_trigger_ui.py
[2024-11-18T08:51:44.820+0000] {processor.py:830} INFO - Processing file /home/airflow/.local/lib/python3.12/site-packages/airflow/example_dags/example_params_trigger_ui.py for tasks to queue
[2024-11-18T08:51:44.823+0000] {logging_mixin.py:188} INFO - [2024-11-18T08:51:44.822+0000] {dagbag.py:545} INFO - Filling up the DagBag from /home/airflow/.local/lib/python3.12/site-packages/airflow/example_dags/example_params_trigger_ui.py
[2024-11-18T08:51:44.839+0000] {processor.py:840} INFO - DAG(s) 'example_params_trigger_ui' retrieved from /home/airflow/.local/lib/python3.12/site-packages/airflow/example_dags/example_params_trigger_ui.py
[2024-11-18T08:51:44.893+0000] {logging_mixin.py:188} INFO - [2024-11-18T08:51:44.893+0000] {dag.py:3096} INFO - Sync 1 DAGs
[2024-11-18T08:51:44.906+0000] {logging_mixin.py:188} INFO - [2024-11-18T08:51:44.906+0000] {dag.py:3954} INFO - Setting next_dagrun for example_params_trigger_ui to None, run_after=None
[2024-11-18T08:51:44.938+0000] {processor.py:183} INFO - Processing /home/airflow/.local/lib/python3.12/site-packages/airflow/example_dags/example_params_trigger_ui.py took 0.125 seconds
[2024-11-18T08:52:15.433+0000] {processor.py:161} INFO - Started process (PID=9349) to work on /home/airflow/.local/lib/python3.12/site-packages/airflow/example_dags/example_params_trigger_ui.py
[2024-11-18T08:52:15.434+0000] {processor.py:830} INFO - Processing file /home/airflow/.local/lib/python3.12/site-packages/airflow/example_dags/example_params_trigger_ui.py for tasks to queue
[2024-11-18T08:52:15.436+0000] {logging_mixin.py:188} INFO - [2024-11-18T08:52:15.436+0000] {dagbag.py:545} INFO - Filling up the DagBag from /home/airflow/.local/lib/python3.12/site-packages/airflow/example_dags/example_params_trigger_ui.py
[2024-11-18T08:52:15.451+0000] {processor.py:840} INFO - DAG(s) 'example_params_trigger_ui' retrieved from /home/airflow/.local/lib/python3.12/site-packages/airflow/example_dags/example_params_trigger_ui.py
[2024-11-18T08:52:15.492+0000] {logging_mixin.py:188} INFO - [2024-11-18T08:52:15.492+0000] {dag.py:3096} INFO - Sync 1 DAGs
[2024-11-18T08:52:15.505+0000] {logging_mixin.py:188} INFO - [2024-11-18T08:52:15.504+0000] {dag.py:3954} INFO - Setting next_dagrun for example_params_trigger_ui to None, run_after=None
[2024-11-18T08:52:15.549+0000] {processor.py:183} INFO - Processing /home/airflow/.local/lib/python3.12/site-packages/airflow/example_dags/example_params_trigger_ui.py took 0.127 seconds
[2024-11-18T08:52:46.648+0000] {processor.py:161} INFO - Started process (PID=9604) to work on /home/airflow/.local/lib/python3.12/site-packages/airflow/example_dags/example_params_trigger_ui.py
[2024-11-18T08:52:46.649+0000] {processor.py:830} INFO - Processing file /home/airflow/.local/lib/python3.12/site-packages/airflow/example_dags/example_params_trigger_ui.py for tasks to queue
[2024-11-18T08:52:46.651+0000] {logging_mixin.py:188} INFO - [2024-11-18T08:52:46.650+0000] {dagbag.py:545} INFO - Filling up the DagBag from /home/airflow/.local/lib/python3.12/site-packages/airflow/example_dags/example_params_trigger_ui.py
[2024-11-18T08:52:46.664+0000] {processor.py:840} INFO - DAG(s) 'example_params_trigger_ui' retrieved from /home/airflow/.local/lib/python3.12/site-packages/airflow/example_dags/example_params_trigger_ui.py
[2024-11-18T08:52:46.710+0000] {logging_mixin.py:188} INFO - [2024-11-18T08:52:46.709+0000] {dag.py:3096} INFO - Sync 1 DAGs
[2024-11-18T08:52:46.722+0000] {logging_mixin.py:188} INFO - [2024-11-18T08:52:46.721+0000] {dag.py:3954} INFO - Setting next_dagrun for example_params_trigger_ui to None, run_after=None
[2024-11-18T08:52:46.748+0000] {processor.py:183} INFO - Processing /home/airflow/.local/lib/python3.12/site-packages/airflow/example_dags/example_params_trigger_ui.py took 0.106 seconds
