[2024-11-18T08:34:55.365+0000] {processor.py:161} INFO - Started process (PID=235) to work on /home/airflow/.local/lib/python3.12/site-packages/airflow/example_dags/example_branch_python_dop_operator_3.py
[2024-11-18T08:34:55.367+0000] {processor.py:830} INFO - Processing file /home/airflow/.local/lib/python3.12/site-packages/airflow/example_dags/example_branch_python_dop_operator_3.py for tasks to queue
[2024-11-18T08:34:55.370+0000] {logging_mixin.py:188} INFO - [2024-11-18T08:34:55.370+0000] {dagbag.py:545} INFO - Filling up the DagBag from /home/airflow/.local/lib/python3.12/site-packages/airflow/example_dags/example_branch_python_dop_operator_3.py
[2024-11-18T08:34:55.393+0000] {processor.py:840} INFO - DAG(s) 'example_branch_dop_operator_v3' retrieved from /home/airflow/.local/lib/python3.12/site-packages/airflow/example_dags/example_branch_python_dop_operator_3.py
[2024-11-18T08:34:55.553+0000] {logging_mixin.py:188} INFO - [2024-11-18T08:34:55.552+0000] {override.py:1829} INFO - Created Permission View: can delete on DAG:example_branch_dop_operator_v3
[2024-11-18T08:34:55.566+0000] {logging_mixin.py:188} INFO - [2024-11-18T08:34:55.565+0000] {override.py:1829} INFO - Created Permission View: can edit on DAG:example_branch_dop_operator_v3
[2024-11-18T08:34:55.576+0000] {logging_mixin.py:188} INFO - [2024-11-18T08:34:55.575+0000] {override.py:1829} INFO - Created Permission View: can read on DAG:example_branch_dop_operator_v3
[2024-11-18T08:34:55.577+0000] {logging_mixin.py:188} INFO - [2024-11-18T08:34:55.577+0000] {dag.py:3096} INFO - Sync 1 DAGs
[2024-11-18T08:34:55.593+0000] {logging_mixin.py:188} INFO - [2024-11-18T08:34:55.593+0000] {dag.py:3118} INFO - Creating ORM DAG for example_branch_dop_operator_v3
[2024-11-18T08:34:55.613+0000] {logging_mixin.py:188} INFO - [2024-11-18T08:34:55.613+0000] {dag.py:3954} INFO - Setting next_dagrun for example_branch_dop_operator_v3 to 2024-11-18 08:33:00+00:00, run_after=2024-11-18 08:34:00+00:00
[2024-11-18T08:34:55.638+0000] {processor.py:183} INFO - Processing /home/airflow/.local/lib/python3.12/site-packages/airflow/example_dags/example_branch_python_dop_operator_3.py took 0.282 seconds
[2024-11-18T08:35:26.210+0000] {processor.py:161} INFO - Started process (PID=497) to work on /home/airflow/.local/lib/python3.12/site-packages/airflow/example_dags/example_branch_python_dop_operator_3.py
[2024-11-18T08:35:26.211+0000] {processor.py:830} INFO - Processing file /home/airflow/.local/lib/python3.12/site-packages/airflow/example_dags/example_branch_python_dop_operator_3.py for tasks to queue
[2024-11-18T08:35:26.213+0000] {logging_mixin.py:188} INFO - [2024-11-18T08:35:26.213+0000] {dagbag.py:545} INFO - Filling up the DagBag from /home/airflow/.local/lib/python3.12/site-packages/airflow/example_dags/example_branch_python_dop_operator_3.py
[2024-11-18T08:35:26.223+0000] {processor.py:840} INFO - DAG(s) 'example_branch_dop_operator_v3' retrieved from /home/airflow/.local/lib/python3.12/site-packages/airflow/example_dags/example_branch_python_dop_operator_3.py
[2024-11-18T08:35:26.244+0000] {logging_mixin.py:188} INFO - [2024-11-18T08:35:26.243+0000] {dag.py:3096} INFO - Sync 1 DAGs
[2024-11-18T08:35:26.269+0000] {logging_mixin.py:188} INFO - [2024-11-18T08:35:26.269+0000] {dag.py:3954} INFO - Setting next_dagrun for example_branch_dop_operator_v3 to 2024-11-18 08:34:00+00:00, run_after=2024-11-18 08:35:00+00:00
[2024-11-18T08:35:26.294+0000] {processor.py:183} INFO - Processing /home/airflow/.local/lib/python3.12/site-packages/airflow/example_dags/example_branch_python_dop_operator_3.py took 0.091 seconds
[2024-11-18T08:35:56.591+0000] {processor.py:161} INFO - Started process (PID=759) to work on /home/airflow/.local/lib/python3.12/site-packages/airflow/example_dags/example_branch_python_dop_operator_3.py
[2024-11-18T08:35:56.592+0000] {processor.py:830} INFO - Processing file /home/airflow/.local/lib/python3.12/site-packages/airflow/example_dags/example_branch_python_dop_operator_3.py for tasks to queue
[2024-11-18T08:35:56.595+0000] {logging_mixin.py:188} INFO - [2024-11-18T08:35:56.594+0000] {dagbag.py:545} INFO - Filling up the DagBag from /home/airflow/.local/lib/python3.12/site-packages/airflow/example_dags/example_branch_python_dop_operator_3.py
[2024-11-18T08:35:56.603+0000] {processor.py:840} INFO - DAG(s) 'example_branch_dop_operator_v3' retrieved from /home/airflow/.local/lib/python3.12/site-packages/airflow/example_dags/example_branch_python_dop_operator_3.py
[2024-11-18T08:35:56.624+0000] {logging_mixin.py:188} INFO - [2024-11-18T08:35:56.624+0000] {dag.py:3096} INFO - Sync 1 DAGs
[2024-11-18T08:35:56.646+0000] {logging_mixin.py:188} INFO - [2024-11-18T08:35:56.645+0000] {dag.py:3954} INFO - Setting next_dagrun for example_branch_dop_operator_v3 to 2024-11-18 08:34:00+00:00, run_after=2024-11-18 08:35:00+00:00
[2024-11-18T08:35:56.666+0000] {processor.py:183} INFO - Processing /home/airflow/.local/lib/python3.12/site-packages/airflow/example_dags/example_branch_python_dop_operator_3.py took 0.082 seconds
[2024-11-18T08:36:27.112+0000] {processor.py:161} INFO - Started process (PID=1021) to work on /home/airflow/.local/lib/python3.12/site-packages/airflow/example_dags/example_branch_python_dop_operator_3.py
[2024-11-18T08:36:27.116+0000] {processor.py:830} INFO - Processing file /home/airflow/.local/lib/python3.12/site-packages/airflow/example_dags/example_branch_python_dop_operator_3.py for tasks to queue
[2024-11-18T08:36:27.119+0000] {logging_mixin.py:188} INFO - [2024-11-18T08:36:27.119+0000] {dagbag.py:545} INFO - Filling up the DagBag from /home/airflow/.local/lib/python3.12/site-packages/airflow/example_dags/example_branch_python_dop_operator_3.py
[2024-11-18T08:36:27.134+0000] {processor.py:840} INFO - DAG(s) 'example_branch_dop_operator_v3' retrieved from /home/airflow/.local/lib/python3.12/site-packages/airflow/example_dags/example_branch_python_dop_operator_3.py
[2024-11-18T08:36:27.163+0000] {logging_mixin.py:188} INFO - [2024-11-18T08:36:27.162+0000] {dag.py:3096} INFO - Sync 1 DAGs
[2024-11-18T08:36:27.192+0000] {logging_mixin.py:188} INFO - [2024-11-18T08:36:27.192+0000] {dag.py:3954} INFO - Setting next_dagrun for example_branch_dop_operator_v3 to 2024-11-18 08:35:00+00:00, run_after=2024-11-18 08:36:00+00:00
[2024-11-18T08:36:27.218+0000] {processor.py:183} INFO - Processing /home/airflow/.local/lib/python3.12/site-packages/airflow/example_dags/example_branch_python_dop_operator_3.py took 0.115 seconds
[2024-11-18T08:36:57.295+0000] {processor.py:161} INFO - Started process (PID=1285) to work on /home/airflow/.local/lib/python3.12/site-packages/airflow/example_dags/example_branch_python_dop_operator_3.py
[2024-11-18T08:36:57.296+0000] {processor.py:830} INFO - Processing file /home/airflow/.local/lib/python3.12/site-packages/airflow/example_dags/example_branch_python_dop_operator_3.py for tasks to queue
[2024-11-18T08:36:57.299+0000] {logging_mixin.py:188} INFO - [2024-11-18T08:36:57.298+0000] {dagbag.py:545} INFO - Filling up the DagBag from /home/airflow/.local/lib/python3.12/site-packages/airflow/example_dags/example_branch_python_dop_operator_3.py
[2024-11-18T08:36:57.309+0000] {processor.py:840} INFO - DAG(s) 'example_branch_dop_operator_v3' retrieved from /home/airflow/.local/lib/python3.12/site-packages/airflow/example_dags/example_branch_python_dop_operator_3.py
[2024-11-18T08:36:57.333+0000] {logging_mixin.py:188} INFO - [2024-11-18T08:36:57.333+0000] {dag.py:3096} INFO - Sync 1 DAGs
[2024-11-18T08:36:57.366+0000] {logging_mixin.py:188} INFO - [2024-11-18T08:36:57.366+0000] {dag.py:3954} INFO - Setting next_dagrun for example_branch_dop_operator_v3 to 2024-11-18 08:35:00+00:00, run_after=2024-11-18 08:36:00+00:00
[2024-11-18T08:36:57.393+0000] {processor.py:183} INFO - Processing /home/airflow/.local/lib/python3.12/site-packages/airflow/example_dags/example_branch_python_dop_operator_3.py took 0.104 seconds
[2024-11-18T08:37:27.548+0000] {processor.py:161} INFO - Started process (PID=1545) to work on /home/airflow/.local/lib/python3.12/site-packages/airflow/example_dags/example_branch_python_dop_operator_3.py
[2024-11-18T08:37:27.549+0000] {processor.py:830} INFO - Processing file /home/airflow/.local/lib/python3.12/site-packages/airflow/example_dags/example_branch_python_dop_operator_3.py for tasks to queue
[2024-11-18T08:37:27.550+0000] {logging_mixin.py:188} INFO - [2024-11-18T08:37:27.550+0000] {dagbag.py:545} INFO - Filling up the DagBag from /home/airflow/.local/lib/python3.12/site-packages/airflow/example_dags/example_branch_python_dop_operator_3.py
[2024-11-18T08:37:27.559+0000] {processor.py:840} INFO - DAG(s) 'example_branch_dop_operator_v3' retrieved from /home/airflow/.local/lib/python3.12/site-packages/airflow/example_dags/example_branch_python_dop_operator_3.py
[2024-11-18T08:37:27.580+0000] {logging_mixin.py:188} INFO - [2024-11-18T08:37:27.580+0000] {dag.py:3096} INFO - Sync 1 DAGs
[2024-11-18T08:37:27.601+0000] {logging_mixin.py:188} INFO - [2024-11-18T08:37:27.601+0000] {dag.py:3954} INFO - Setting next_dagrun for example_branch_dop_operator_v3 to 2024-11-18 08:36:00+00:00, run_after=2024-11-18 08:37:00+00:00
[2024-11-18T08:37:27.635+0000] {processor.py:183} INFO - Processing /home/airflow/.local/lib/python3.12/site-packages/airflow/example_dags/example_branch_python_dop_operator_3.py took 0.095 seconds
[2024-11-18T08:37:57.802+0000] {processor.py:161} INFO - Started process (PID=1809) to work on /home/airflow/.local/lib/python3.12/site-packages/airflow/example_dags/example_branch_python_dop_operator_3.py
[2024-11-18T08:37:57.803+0000] {processor.py:830} INFO - Processing file /home/airflow/.local/lib/python3.12/site-packages/airflow/example_dags/example_branch_python_dop_operator_3.py for tasks to queue
[2024-11-18T08:37:57.805+0000] {logging_mixin.py:188} INFO - [2024-11-18T08:37:57.805+0000] {dagbag.py:545} INFO - Filling up the DagBag from /home/airflow/.local/lib/python3.12/site-packages/airflow/example_dags/example_branch_python_dop_operator_3.py
[2024-11-18T08:37:57.812+0000] {processor.py:840} INFO - DAG(s) 'example_branch_dop_operator_v3' retrieved from /home/airflow/.local/lib/python3.12/site-packages/airflow/example_dags/example_branch_python_dop_operator_3.py
[2024-11-18T08:37:57.830+0000] {logging_mixin.py:188} INFO - [2024-11-18T08:37:57.830+0000] {dag.py:3096} INFO - Sync 1 DAGs
[2024-11-18T08:37:57.851+0000] {logging_mixin.py:188} INFO - [2024-11-18T08:37:57.851+0000] {dag.py:3954} INFO - Setting next_dagrun for example_branch_dop_operator_v3 to 2024-11-18 08:36:00+00:00, run_after=2024-11-18 08:37:00+00:00
[2024-11-18T08:37:57.871+0000] {processor.py:183} INFO - Processing /home/airflow/.local/lib/python3.12/site-packages/airflow/example_dags/example_branch_python_dop_operator_3.py took 0.074 seconds
[2024-11-18T08:38:28.313+0000] {processor.py:161} INFO - Started process (PID=2071) to work on /home/airflow/.local/lib/python3.12/site-packages/airflow/example_dags/example_branch_python_dop_operator_3.py
[2024-11-18T08:38:28.314+0000] {processor.py:830} INFO - Processing file /home/airflow/.local/lib/python3.12/site-packages/airflow/example_dags/example_branch_python_dop_operator_3.py for tasks to queue
[2024-11-18T08:38:28.316+0000] {logging_mixin.py:188} INFO - [2024-11-18T08:38:28.316+0000] {dagbag.py:545} INFO - Filling up the DagBag from /home/airflow/.local/lib/python3.12/site-packages/airflow/example_dags/example_branch_python_dop_operator_3.py
[2024-11-18T08:38:28.324+0000] {processor.py:840} INFO - DAG(s) 'example_branch_dop_operator_v3' retrieved from /home/airflow/.local/lib/python3.12/site-packages/airflow/example_dags/example_branch_python_dop_operator_3.py
[2024-11-18T08:38:28.347+0000] {logging_mixin.py:188} INFO - [2024-11-18T08:38:28.346+0000] {dag.py:3096} INFO - Sync 1 DAGs
[2024-11-18T08:38:28.385+0000] {logging_mixin.py:188} INFO - [2024-11-18T08:38:28.384+0000] {dag.py:3954} INFO - Setting next_dagrun for example_branch_dop_operator_v3 to 2024-11-18 08:37:00+00:00, run_after=2024-11-18 08:38:00+00:00
[2024-11-18T08:38:28.419+0000] {processor.py:183} INFO - Processing /home/airflow/.local/lib/python3.12/site-packages/airflow/example_dags/example_branch_python_dop_operator_3.py took 0.111 seconds
[2024-11-18T08:38:58.750+0000] {processor.py:161} INFO - Started process (PID=2333) to work on /home/airflow/.local/lib/python3.12/site-packages/airflow/example_dags/example_branch_python_dop_operator_3.py
[2024-11-18T08:38:58.751+0000] {processor.py:830} INFO - Processing file /home/airflow/.local/lib/python3.12/site-packages/airflow/example_dags/example_branch_python_dop_operator_3.py for tasks to queue
[2024-11-18T08:38:58.753+0000] {logging_mixin.py:188} INFO - [2024-11-18T08:38:58.752+0000] {dagbag.py:545} INFO - Filling up the DagBag from /home/airflow/.local/lib/python3.12/site-packages/airflow/example_dags/example_branch_python_dop_operator_3.py
[2024-11-18T08:38:58.761+0000] {processor.py:840} INFO - DAG(s) 'example_branch_dop_operator_v3' retrieved from /home/airflow/.local/lib/python3.12/site-packages/airflow/example_dags/example_branch_python_dop_operator_3.py
[2024-11-18T08:38:58.781+0000] {logging_mixin.py:188} INFO - [2024-11-18T08:38:58.781+0000] {dag.py:3096} INFO - Sync 1 DAGs
[2024-11-18T08:38:58.806+0000] {logging_mixin.py:188} INFO - [2024-11-18T08:38:58.806+0000] {dag.py:3954} INFO - Setting next_dagrun for example_branch_dop_operator_v3 to 2024-11-18 08:37:00+00:00, run_after=2024-11-18 08:38:00+00:00
[2024-11-18T08:38:58.829+0000] {processor.py:183} INFO - Processing /home/airflow/.local/lib/python3.12/site-packages/airflow/example_dags/example_branch_python_dop_operator_3.py took 0.085 seconds
[2024-11-18T08:39:28.953+0000] {processor.py:161} INFO - Started process (PID=2595) to work on /home/airflow/.local/lib/python3.12/site-packages/airflow/example_dags/example_branch_python_dop_operator_3.py
[2024-11-18T08:39:28.954+0000] {processor.py:830} INFO - Processing file /home/airflow/.local/lib/python3.12/site-packages/airflow/example_dags/example_branch_python_dop_operator_3.py for tasks to queue
[2024-11-18T08:39:28.956+0000] {logging_mixin.py:188} INFO - [2024-11-18T08:39:28.956+0000] {dagbag.py:545} INFO - Filling up the DagBag from /home/airflow/.local/lib/python3.12/site-packages/airflow/example_dags/example_branch_python_dop_operator_3.py
[2024-11-18T08:39:28.964+0000] {processor.py:840} INFO - DAG(s) 'example_branch_dop_operator_v3' retrieved from /home/airflow/.local/lib/python3.12/site-packages/airflow/example_dags/example_branch_python_dop_operator_3.py
[2024-11-18T08:39:28.982+0000] {logging_mixin.py:188} INFO - [2024-11-18T08:39:28.982+0000] {dag.py:3096} INFO - Sync 1 DAGs
[2024-11-18T08:39:29.003+0000] {logging_mixin.py:188} INFO - [2024-11-18T08:39:29.002+0000] {dag.py:3954} INFO - Setting next_dagrun for example_branch_dop_operator_v3 to 2024-11-18 08:38:00+00:00, run_after=2024-11-18 08:39:00+00:00
[2024-11-18T08:39:29.032+0000] {processor.py:183} INFO - Processing /home/airflow/.local/lib/python3.12/site-packages/airflow/example_dags/example_branch_python_dop_operator_3.py took 0.083 seconds
[2024-11-18T08:39:59.381+0000] {processor.py:161} INFO - Started process (PID=2857) to work on /home/airflow/.local/lib/python3.12/site-packages/airflow/example_dags/example_branch_python_dop_operator_3.py
[2024-11-18T08:39:59.382+0000] {processor.py:830} INFO - Processing file /home/airflow/.local/lib/python3.12/site-packages/airflow/example_dags/example_branch_python_dop_operator_3.py for tasks to queue
[2024-11-18T08:39:59.383+0000] {logging_mixin.py:188} INFO - [2024-11-18T08:39:59.383+0000] {dagbag.py:545} INFO - Filling up the DagBag from /home/airflow/.local/lib/python3.12/site-packages/airflow/example_dags/example_branch_python_dop_operator_3.py
[2024-11-18T08:39:59.391+0000] {processor.py:840} INFO - DAG(s) 'example_branch_dop_operator_v3' retrieved from /home/airflow/.local/lib/python3.12/site-packages/airflow/example_dags/example_branch_python_dop_operator_3.py
[2024-11-18T08:39:59.409+0000] {logging_mixin.py:188} INFO - [2024-11-18T08:39:59.409+0000] {dag.py:3096} INFO - Sync 1 DAGs
[2024-11-18T08:39:59.430+0000] {logging_mixin.py:188} INFO - [2024-11-18T08:39:59.430+0000] {dag.py:3954} INFO - Setting next_dagrun for example_branch_dop_operator_v3 to 2024-11-18 08:38:00+00:00, run_after=2024-11-18 08:39:00+00:00
[2024-11-18T08:39:59.459+0000] {processor.py:183} INFO - Processing /home/airflow/.local/lib/python3.12/site-packages/airflow/example_dags/example_branch_python_dop_operator_3.py took 0.084 seconds
[2024-11-18T08:40:29.811+0000] {processor.py:161} INFO - Started process (PID=3117) to work on /home/airflow/.local/lib/python3.12/site-packages/airflow/example_dags/example_branch_python_dop_operator_3.py
[2024-11-18T08:40:29.813+0000] {processor.py:830} INFO - Processing file /home/airflow/.local/lib/python3.12/site-packages/airflow/example_dags/example_branch_python_dop_operator_3.py for tasks to queue
[2024-11-18T08:40:29.815+0000] {logging_mixin.py:188} INFO - [2024-11-18T08:40:29.814+0000] {dagbag.py:545} INFO - Filling up the DagBag from /home/airflow/.local/lib/python3.12/site-packages/airflow/example_dags/example_branch_python_dop_operator_3.py
[2024-11-18T08:40:29.824+0000] {processor.py:840} INFO - DAG(s) 'example_branch_dop_operator_v3' retrieved from /home/airflow/.local/lib/python3.12/site-packages/airflow/example_dags/example_branch_python_dop_operator_3.py
[2024-11-18T08:40:29.842+0000] {logging_mixin.py:188} INFO - [2024-11-18T08:40:29.842+0000] {dag.py:3096} INFO - Sync 1 DAGs
[2024-11-18T08:40:29.863+0000] {logging_mixin.py:188} INFO - [2024-11-18T08:40:29.863+0000] {dag.py:3954} INFO - Setting next_dagrun for example_branch_dop_operator_v3 to 2024-11-18 08:39:00+00:00, run_after=2024-11-18 08:40:00+00:00
[2024-11-18T08:40:29.893+0000] {processor.py:183} INFO - Processing /home/airflow/.local/lib/python3.12/site-packages/airflow/example_dags/example_branch_python_dop_operator_3.py took 0.088 seconds
[2024-11-18T08:40:59.949+0000] {processor.py:161} INFO - Started process (PID=3381) to work on /home/airflow/.local/lib/python3.12/site-packages/airflow/example_dags/example_branch_python_dop_operator_3.py
[2024-11-18T08:40:59.950+0000] {processor.py:830} INFO - Processing file /home/airflow/.local/lib/python3.12/site-packages/airflow/example_dags/example_branch_python_dop_operator_3.py for tasks to queue
[2024-11-18T08:40:59.951+0000] {logging_mixin.py:188} INFO - [2024-11-18T08:40:59.951+0000] {dagbag.py:545} INFO - Filling up the DagBag from /home/airflow/.local/lib/python3.12/site-packages/airflow/example_dags/example_branch_python_dop_operator_3.py
[2024-11-18T08:40:59.959+0000] {processor.py:840} INFO - DAG(s) 'example_branch_dop_operator_v3' retrieved from /home/airflow/.local/lib/python3.12/site-packages/airflow/example_dags/example_branch_python_dop_operator_3.py
[2024-11-18T08:40:59.976+0000] {logging_mixin.py:188} INFO - [2024-11-18T08:40:59.976+0000] {dag.py:3096} INFO - Sync 1 DAGs
[2024-11-18T08:40:59.998+0000] {logging_mixin.py:188} INFO - [2024-11-18T08:40:59.997+0000] {dag.py:3954} INFO - Setting next_dagrun for example_branch_dop_operator_v3 to 2024-11-18 08:39:00+00:00, run_after=2024-11-18 08:40:00+00:00
[2024-11-18T08:41:00.028+0000] {processor.py:183} INFO - Processing /home/airflow/.local/lib/python3.12/site-packages/airflow/example_dags/example_branch_python_dop_operator_3.py took 0.084 seconds
[2024-11-18T08:41:30.434+0000] {processor.py:161} INFO - Started process (PID=3643) to work on /home/airflow/.local/lib/python3.12/site-packages/airflow/example_dags/example_branch_python_dop_operator_3.py
[2024-11-18T08:41:30.436+0000] {processor.py:830} INFO - Processing file /home/airflow/.local/lib/python3.12/site-packages/airflow/example_dags/example_branch_python_dop_operator_3.py for tasks to queue
[2024-11-18T08:41:30.440+0000] {logging_mixin.py:188} INFO - [2024-11-18T08:41:30.439+0000] {dagbag.py:545} INFO - Filling up the DagBag from /home/airflow/.local/lib/python3.12/site-packages/airflow/example_dags/example_branch_python_dop_operator_3.py
[2024-11-18T08:41:30.462+0000] {processor.py:840} INFO - DAG(s) 'example_branch_dop_operator_v3' retrieved from /home/airflow/.local/lib/python3.12/site-packages/airflow/example_dags/example_branch_python_dop_operator_3.py
[2024-11-18T08:41:30.509+0000] {logging_mixin.py:188} INFO - [2024-11-18T08:41:30.507+0000] {dag.py:3096} INFO - Sync 1 DAGs
[2024-11-18T08:41:30.554+0000] {logging_mixin.py:188} INFO - [2024-11-18T08:41:30.553+0000] {dag.py:3954} INFO - Setting next_dagrun for example_branch_dop_operator_v3 to 2024-11-18 08:40:00+00:00, run_after=2024-11-18 08:41:00+00:00
[2024-11-18T08:41:30.584+0000] {processor.py:183} INFO - Processing /home/airflow/.local/lib/python3.12/site-packages/airflow/example_dags/example_branch_python_dop_operator_3.py took 0.161 seconds
[2024-11-18T08:42:01.000+0000] {processor.py:161} INFO - Started process (PID=3903) to work on /home/airflow/.local/lib/python3.12/site-packages/airflow/example_dags/example_branch_python_dop_operator_3.py
[2024-11-18T08:42:01.001+0000] {processor.py:830} INFO - Processing file /home/airflow/.local/lib/python3.12/site-packages/airflow/example_dags/example_branch_python_dop_operator_3.py for tasks to queue
[2024-11-18T08:42:01.003+0000] {logging_mixin.py:188} INFO - [2024-11-18T08:42:01.003+0000] {dagbag.py:545} INFO - Filling up the DagBag from /home/airflow/.local/lib/python3.12/site-packages/airflow/example_dags/example_branch_python_dop_operator_3.py
[2024-11-18T08:42:01.011+0000] {processor.py:840} INFO - DAG(s) 'example_branch_dop_operator_v3' retrieved from /home/airflow/.local/lib/python3.12/site-packages/airflow/example_dags/example_branch_python_dop_operator_3.py
[2024-11-18T08:42:01.030+0000] {logging_mixin.py:188} INFO - [2024-11-18T08:42:01.030+0000] {dag.py:3096} INFO - Sync 1 DAGs
[2024-11-18T08:42:01.053+0000] {logging_mixin.py:188} INFO - [2024-11-18T08:42:01.052+0000] {dag.py:3954} INFO - Setting next_dagrun for example_branch_dop_operator_v3 to 2024-11-18 08:41:00+00:00, run_after=2024-11-18 08:42:00+00:00
[2024-11-18T08:42:01.078+0000] {processor.py:183} INFO - Processing /home/airflow/.local/lib/python3.12/site-packages/airflow/example_dags/example_branch_python_dop_operator_3.py took 0.084 seconds
[2024-11-18T08:42:31.911+0000] {processor.py:161} INFO - Started process (PID=4165) to work on /home/airflow/.local/lib/python3.12/site-packages/airflow/example_dags/example_branch_python_dop_operator_3.py
[2024-11-18T08:42:31.913+0000] {processor.py:830} INFO - Processing file /home/airflow/.local/lib/python3.12/site-packages/airflow/example_dags/example_branch_python_dop_operator_3.py for tasks to queue
[2024-11-18T08:42:31.922+0000] {logging_mixin.py:188} INFO - [2024-11-18T08:42:31.921+0000] {dagbag.py:545} INFO - Filling up the DagBag from /home/airflow/.local/lib/python3.12/site-packages/airflow/example_dags/example_branch_python_dop_operator_3.py
[2024-11-18T08:42:31.946+0000] {processor.py:840} INFO - DAG(s) 'example_branch_dop_operator_v3' retrieved from /home/airflow/.local/lib/python3.12/site-packages/airflow/example_dags/example_branch_python_dop_operator_3.py
[2024-11-18T08:42:32.010+0000] {logging_mixin.py:188} INFO - [2024-11-18T08:42:32.009+0000] {dag.py:3096} INFO - Sync 1 DAGs
[2024-11-18T08:42:32.066+0000] {logging_mixin.py:188} INFO - [2024-11-18T08:42:32.066+0000] {dag.py:3954} INFO - Setting next_dagrun for example_branch_dop_operator_v3 to 2024-11-18 08:41:00+00:00, run_after=2024-11-18 08:42:00+00:00
[2024-11-18T08:42:32.117+0000] {processor.py:183} INFO - Processing /home/airflow/.local/lib/python3.12/site-packages/airflow/example_dags/example_branch_python_dop_operator_3.py took 0.218 seconds
[2024-11-18T08:43:02.448+0000] {processor.py:161} INFO - Started process (PID=4427) to work on /home/airflow/.local/lib/python3.12/site-packages/airflow/example_dags/example_branch_python_dop_operator_3.py
[2024-11-18T08:43:02.450+0000] {processor.py:830} INFO - Processing file /home/airflow/.local/lib/python3.12/site-packages/airflow/example_dags/example_branch_python_dop_operator_3.py for tasks to queue
[2024-11-18T08:43:02.454+0000] {logging_mixin.py:188} INFO - [2024-11-18T08:43:02.453+0000] {dagbag.py:545} INFO - Filling up the DagBag from /home/airflow/.local/lib/python3.12/site-packages/airflow/example_dags/example_branch_python_dop_operator_3.py
[2024-11-18T08:43:02.472+0000] {processor.py:840} INFO - DAG(s) 'example_branch_dop_operator_v3' retrieved from /home/airflow/.local/lib/python3.12/site-packages/airflow/example_dags/example_branch_python_dop_operator_3.py
[2024-11-18T08:43:02.534+0000] {logging_mixin.py:188} INFO - [2024-11-18T08:43:02.534+0000] {dag.py:3096} INFO - Sync 1 DAGs
[2024-11-18T08:43:02.610+0000] {logging_mixin.py:188} INFO - [2024-11-18T08:43:02.610+0000] {dag.py:3954} INFO - Setting next_dagrun for example_branch_dop_operator_v3 to 2024-11-18 08:42:00+00:00, run_after=2024-11-18 08:43:00+00:00
[2024-11-18T08:43:02.660+0000] {processor.py:183} INFO - Processing /home/airflow/.local/lib/python3.12/site-packages/airflow/example_dags/example_branch_python_dop_operator_3.py took 0.226 seconds
[2024-11-18T08:43:32.947+0000] {processor.py:161} INFO - Started process (PID=4691) to work on /home/airflow/.local/lib/python3.12/site-packages/airflow/example_dags/example_branch_python_dop_operator_3.py
[2024-11-18T08:43:32.949+0000] {processor.py:830} INFO - Processing file /home/airflow/.local/lib/python3.12/site-packages/airflow/example_dags/example_branch_python_dop_operator_3.py for tasks to queue
[2024-11-18T08:43:32.950+0000] {logging_mixin.py:188} INFO - [2024-11-18T08:43:32.950+0000] {dagbag.py:545} INFO - Filling up the DagBag from /home/airflow/.local/lib/python3.12/site-packages/airflow/example_dags/example_branch_python_dop_operator_3.py
[2024-11-18T08:43:32.958+0000] {processor.py:840} INFO - DAG(s) 'example_branch_dop_operator_v3' retrieved from /home/airflow/.local/lib/python3.12/site-packages/airflow/example_dags/example_branch_python_dop_operator_3.py
[2024-11-18T08:43:32.979+0000] {logging_mixin.py:188} INFO - [2024-11-18T08:43:32.979+0000] {dag.py:3096} INFO - Sync 1 DAGs
[2024-11-18T08:43:33.003+0000] {logging_mixin.py:188} INFO - [2024-11-18T08:43:33.003+0000] {dag.py:3954} INFO - Setting next_dagrun for example_branch_dop_operator_v3 to 2024-11-18 08:42:00+00:00, run_after=2024-11-18 08:43:00+00:00
[2024-11-18T08:43:33.022+0000] {processor.py:183} INFO - Processing /home/airflow/.local/lib/python3.12/site-packages/airflow/example_dags/example_branch_python_dop_operator_3.py took 0.080 seconds
[2024-11-18T08:44:03.190+0000] {processor.py:161} INFO - Started process (PID=4953) to work on /home/airflow/.local/lib/python3.12/site-packages/airflow/example_dags/example_branch_python_dop_operator_3.py
[2024-11-18T08:44:03.191+0000] {processor.py:830} INFO - Processing file /home/airflow/.local/lib/python3.12/site-packages/airflow/example_dags/example_branch_python_dop_operator_3.py for tasks to queue
[2024-11-18T08:44:03.193+0000] {logging_mixin.py:188} INFO - [2024-11-18T08:44:03.192+0000] {dagbag.py:545} INFO - Filling up the DagBag from /home/airflow/.local/lib/python3.12/site-packages/airflow/example_dags/example_branch_python_dop_operator_3.py
[2024-11-18T08:44:03.200+0000] {processor.py:840} INFO - DAG(s) 'example_branch_dop_operator_v3' retrieved from /home/airflow/.local/lib/python3.12/site-packages/airflow/example_dags/example_branch_python_dop_operator_3.py
[2024-11-18T08:44:03.220+0000] {logging_mixin.py:188} INFO - [2024-11-18T08:44:03.219+0000] {dag.py:3096} INFO - Sync 1 DAGs
[2024-11-18T08:44:03.242+0000] {logging_mixin.py:188} INFO - [2024-11-18T08:44:03.242+0000] {dag.py:3954} INFO - Setting next_dagrun for example_branch_dop_operator_v3 to 2024-11-18 08:43:00+00:00, run_after=2024-11-18 08:44:00+00:00
[2024-11-18T08:44:03.270+0000] {processor.py:183} INFO - Processing /home/airflow/.local/lib/python3.12/site-packages/airflow/example_dags/example_branch_python_dop_operator_3.py took 0.085 seconds
[2024-11-18T08:44:33.364+0000] {processor.py:161} INFO - Started process (PID=5215) to work on /home/airflow/.local/lib/python3.12/site-packages/airflow/example_dags/example_branch_python_dop_operator_3.py
[2024-11-18T08:44:33.365+0000] {processor.py:830} INFO - Processing file /home/airflow/.local/lib/python3.12/site-packages/airflow/example_dags/example_branch_python_dop_operator_3.py for tasks to queue
[2024-11-18T08:44:33.367+0000] {logging_mixin.py:188} INFO - [2024-11-18T08:44:33.367+0000] {dagbag.py:545} INFO - Filling up the DagBag from /home/airflow/.local/lib/python3.12/site-packages/airflow/example_dags/example_branch_python_dop_operator_3.py
[2024-11-18T08:44:33.376+0000] {processor.py:840} INFO - DAG(s) 'example_branch_dop_operator_v3' retrieved from /home/airflow/.local/lib/python3.12/site-packages/airflow/example_dags/example_branch_python_dop_operator_3.py
[2024-11-18T08:44:33.397+0000] {logging_mixin.py:188} INFO - [2024-11-18T08:44:33.397+0000] {dag.py:3096} INFO - Sync 1 DAGs
[2024-11-18T08:44:33.419+0000] {logging_mixin.py:188} INFO - [2024-11-18T08:44:33.418+0000] {dag.py:3954} INFO - Setting next_dagrun for example_branch_dop_operator_v3 to 2024-11-18 08:43:00+00:00, run_after=2024-11-18 08:44:00+00:00
[2024-11-18T08:44:33.448+0000] {processor.py:183} INFO - Processing /home/airflow/.local/lib/python3.12/site-packages/airflow/example_dags/example_branch_python_dop_operator_3.py took 0.091 seconds
[2024-11-18T08:45:03.644+0000] {processor.py:161} INFO - Started process (PID=5475) to work on /home/airflow/.local/lib/python3.12/site-packages/airflow/example_dags/example_branch_python_dop_operator_3.py
[2024-11-18T08:45:03.645+0000] {processor.py:830} INFO - Processing file /home/airflow/.local/lib/python3.12/site-packages/airflow/example_dags/example_branch_python_dop_operator_3.py for tasks to queue
[2024-11-18T08:45:03.649+0000] {logging_mixin.py:188} INFO - [2024-11-18T08:45:03.649+0000] {dagbag.py:545} INFO - Filling up the DagBag from /home/airflow/.local/lib/python3.12/site-packages/airflow/example_dags/example_branch_python_dop_operator_3.py
[2024-11-18T08:45:03.658+0000] {processor.py:840} INFO - DAG(s) 'example_branch_dop_operator_v3' retrieved from /home/airflow/.local/lib/python3.12/site-packages/airflow/example_dags/example_branch_python_dop_operator_3.py
[2024-11-18T08:45:03.681+0000] {logging_mixin.py:188} INFO - [2024-11-18T08:45:03.681+0000] {dag.py:3096} INFO - Sync 1 DAGs
[2024-11-18T08:45:03.707+0000] {logging_mixin.py:188} INFO - [2024-11-18T08:45:03.707+0000] {dag.py:3954} INFO - Setting next_dagrun for example_branch_dop_operator_v3 to 2024-11-18 08:44:00+00:00, run_after=2024-11-18 08:45:00+00:00
[2024-11-18T08:45:03.738+0000] {processor.py:183} INFO - Processing /home/airflow/.local/lib/python3.12/site-packages/airflow/example_dags/example_branch_python_dop_operator_3.py took 0.100 seconds
[2024-11-18T08:45:33.914+0000] {processor.py:161} INFO - Started process (PID=5737) to work on /home/airflow/.local/lib/python3.12/site-packages/airflow/example_dags/example_branch_python_dop_operator_3.py
[2024-11-18T08:45:33.914+0000] {processor.py:830} INFO - Processing file /home/airflow/.local/lib/python3.12/site-packages/airflow/example_dags/example_branch_python_dop_operator_3.py for tasks to queue
[2024-11-18T08:45:33.916+0000] {logging_mixin.py:188} INFO - [2024-11-18T08:45:33.916+0000] {dagbag.py:545} INFO - Filling up the DagBag from /home/airflow/.local/lib/python3.12/site-packages/airflow/example_dags/example_branch_python_dop_operator_3.py
[2024-11-18T08:45:33.924+0000] {processor.py:840} INFO - DAG(s) 'example_branch_dop_operator_v3' retrieved from /home/airflow/.local/lib/python3.12/site-packages/airflow/example_dags/example_branch_python_dop_operator_3.py
[2024-11-18T08:45:33.941+0000] {logging_mixin.py:188} INFO - [2024-11-18T08:45:33.941+0000] {dag.py:3096} INFO - Sync 1 DAGs
[2024-11-18T08:45:33.964+0000] {logging_mixin.py:188} INFO - [2024-11-18T08:45:33.963+0000] {dag.py:3954} INFO - Setting next_dagrun for example_branch_dop_operator_v3 to 2024-11-18 08:44:00+00:00, run_after=2024-11-18 08:45:00+00:00
[2024-11-18T08:45:33.994+0000] {processor.py:183} INFO - Processing /home/airflow/.local/lib/python3.12/site-packages/airflow/example_dags/example_branch_python_dop_operator_3.py took 0.086 seconds
[2024-11-18T08:46:04.188+0000] {processor.py:161} INFO - Started process (PID=6001) to work on /home/airflow/.local/lib/python3.12/site-packages/airflow/example_dags/example_branch_python_dop_operator_3.py
[2024-11-18T08:46:04.189+0000] {processor.py:830} INFO - Processing file /home/airflow/.local/lib/python3.12/site-packages/airflow/example_dags/example_branch_python_dop_operator_3.py for tasks to queue
[2024-11-18T08:46:04.190+0000] {logging_mixin.py:188} INFO - [2024-11-18T08:46:04.190+0000] {dagbag.py:545} INFO - Filling up the DagBag from /home/airflow/.local/lib/python3.12/site-packages/airflow/example_dags/example_branch_python_dop_operator_3.py
[2024-11-18T08:46:04.198+0000] {processor.py:840} INFO - DAG(s) 'example_branch_dop_operator_v3' retrieved from /home/airflow/.local/lib/python3.12/site-packages/airflow/example_dags/example_branch_python_dop_operator_3.py
[2024-11-18T08:46:04.215+0000] {logging_mixin.py:188} INFO - [2024-11-18T08:46:04.215+0000] {dag.py:3096} INFO - Sync 1 DAGs
[2024-11-18T08:46:04.236+0000] {logging_mixin.py:188} INFO - [2024-11-18T08:46:04.236+0000] {dag.py:3954} INFO - Setting next_dagrun for example_branch_dop_operator_v3 to 2024-11-18 08:45:00+00:00, run_after=2024-11-18 08:46:00+00:00
[2024-11-18T08:46:04.257+0000] {processor.py:183} INFO - Processing /home/airflow/.local/lib/python3.12/site-packages/airflow/example_dags/example_branch_python_dop_operator_3.py took 0.074 seconds
[2024-11-18T08:46:34.385+0000] {processor.py:161} INFO - Started process (PID=6263) to work on /home/airflow/.local/lib/python3.12/site-packages/airflow/example_dags/example_branch_python_dop_operator_3.py
[2024-11-18T08:46:34.386+0000] {processor.py:830} INFO - Processing file /home/airflow/.local/lib/python3.12/site-packages/airflow/example_dags/example_branch_python_dop_operator_3.py for tasks to queue
[2024-11-18T08:46:34.388+0000] {logging_mixin.py:188} INFO - [2024-11-18T08:46:34.388+0000] {dagbag.py:545} INFO - Filling up the DagBag from /home/airflow/.local/lib/python3.12/site-packages/airflow/example_dags/example_branch_python_dop_operator_3.py
[2024-11-18T08:46:34.395+0000] {processor.py:840} INFO - DAG(s) 'example_branch_dop_operator_v3' retrieved from /home/airflow/.local/lib/python3.12/site-packages/airflow/example_dags/example_branch_python_dop_operator_3.py
[2024-11-18T08:46:34.415+0000] {logging_mixin.py:188} INFO - [2024-11-18T08:46:34.414+0000] {dag.py:3096} INFO - Sync 1 DAGs
[2024-11-18T08:46:34.437+0000] {logging_mixin.py:188} INFO - [2024-11-18T08:46:34.436+0000] {dag.py:3954} INFO - Setting next_dagrun for example_branch_dop_operator_v3 to 2024-11-18 08:45:00+00:00, run_after=2024-11-18 08:46:00+00:00
[2024-11-18T08:46:34.457+0000] {processor.py:183} INFO - Processing /home/airflow/.local/lib/python3.12/site-packages/airflow/example_dags/example_branch_python_dop_operator_3.py took 0.078 seconds
[2024-11-18T08:47:04.617+0000] {processor.py:161} INFO - Started process (PID=6523) to work on /home/airflow/.local/lib/python3.12/site-packages/airflow/example_dags/example_branch_python_dop_operator_3.py
[2024-11-18T08:47:04.618+0000] {processor.py:830} INFO - Processing file /home/airflow/.local/lib/python3.12/site-packages/airflow/example_dags/example_branch_python_dop_operator_3.py for tasks to queue
[2024-11-18T08:47:04.620+0000] {logging_mixin.py:188} INFO - [2024-11-18T08:47:04.620+0000] {dagbag.py:545} INFO - Filling up the DagBag from /home/airflow/.local/lib/python3.12/site-packages/airflow/example_dags/example_branch_python_dop_operator_3.py
[2024-11-18T08:47:04.628+0000] {processor.py:840} INFO - DAG(s) 'example_branch_dop_operator_v3' retrieved from /home/airflow/.local/lib/python3.12/site-packages/airflow/example_dags/example_branch_python_dop_operator_3.py
[2024-11-18T08:47:04.648+0000] {logging_mixin.py:188} INFO - [2024-11-18T08:47:04.647+0000] {dag.py:3096} INFO - Sync 1 DAGs
[2024-11-18T08:47:04.672+0000] {logging_mixin.py:188} INFO - [2024-11-18T08:47:04.672+0000] {dag.py:3954} INFO - Setting next_dagrun for example_branch_dop_operator_v3 to 2024-11-18 08:46:00+00:00, run_after=2024-11-18 08:47:00+00:00
[2024-11-18T08:47:04.693+0000] {processor.py:183} INFO - Processing /home/airflow/.local/lib/python3.12/site-packages/airflow/example_dags/example_branch_python_dop_operator_3.py took 0.080 seconds
[2024-11-18T08:47:34.979+0000] {processor.py:161} INFO - Started process (PID=6787) to work on /home/airflow/.local/lib/python3.12/site-packages/airflow/example_dags/example_branch_python_dop_operator_3.py
[2024-11-18T08:47:34.979+0000] {processor.py:830} INFO - Processing file /home/airflow/.local/lib/python3.12/site-packages/airflow/example_dags/example_branch_python_dop_operator_3.py for tasks to queue
[2024-11-18T08:47:34.981+0000] {logging_mixin.py:188} INFO - [2024-11-18T08:47:34.981+0000] {dagbag.py:545} INFO - Filling up the DagBag from /home/airflow/.local/lib/python3.12/site-packages/airflow/example_dags/example_branch_python_dop_operator_3.py
[2024-11-18T08:47:34.988+0000] {processor.py:840} INFO - DAG(s) 'example_branch_dop_operator_v3' retrieved from /home/airflow/.local/lib/python3.12/site-packages/airflow/example_dags/example_branch_python_dop_operator_3.py
[2024-11-18T08:47:35.006+0000] {logging_mixin.py:188} INFO - [2024-11-18T08:47:35.006+0000] {dag.py:3096} INFO - Sync 1 DAGs
[2024-11-18T08:47:35.027+0000] {logging_mixin.py:188} INFO - [2024-11-18T08:47:35.027+0000] {dag.py:3954} INFO - Setting next_dagrun for example_branch_dop_operator_v3 to 2024-11-18 08:46:00+00:00, run_after=2024-11-18 08:47:00+00:00
[2024-11-18T08:47:35.058+0000] {processor.py:183} INFO - Processing /home/airflow/.local/lib/python3.12/site-packages/airflow/example_dags/example_branch_python_dop_operator_3.py took 0.085 seconds
[2024-11-18T08:48:05.334+0000] {processor.py:161} INFO - Started process (PID=7047) to work on /home/airflow/.local/lib/python3.12/site-packages/airflow/example_dags/example_branch_python_dop_operator_3.py
[2024-11-18T08:48:05.335+0000] {processor.py:830} INFO - Processing file /home/airflow/.local/lib/python3.12/site-packages/airflow/example_dags/example_branch_python_dop_operator_3.py for tasks to queue
[2024-11-18T08:48:05.337+0000] {logging_mixin.py:188} INFO - [2024-11-18T08:48:05.337+0000] {dagbag.py:545} INFO - Filling up the DagBag from /home/airflow/.local/lib/python3.12/site-packages/airflow/example_dags/example_branch_python_dop_operator_3.py
[2024-11-18T08:48:05.345+0000] {processor.py:840} INFO - DAG(s) 'example_branch_dop_operator_v3' retrieved from /home/airflow/.local/lib/python3.12/site-packages/airflow/example_dags/example_branch_python_dop_operator_3.py
[2024-11-18T08:48:05.364+0000] {logging_mixin.py:188} INFO - [2024-11-18T08:48:05.363+0000] {dag.py:3096} INFO - Sync 1 DAGs
[2024-11-18T08:48:05.387+0000] {logging_mixin.py:188} INFO - [2024-11-18T08:48:05.387+0000] {dag.py:3954} INFO - Setting next_dagrun for example_branch_dop_operator_v3 to 2024-11-18 08:47:00+00:00, run_after=2024-11-18 08:48:00+00:00
[2024-11-18T08:48:05.406+0000] {processor.py:183} INFO - Processing /home/airflow/.local/lib/python3.12/site-packages/airflow/example_dags/example_branch_python_dop_operator_3.py took 0.077 seconds
[2024-11-18T08:48:35.809+0000] {processor.py:161} INFO - Started process (PID=7311) to work on /home/airflow/.local/lib/python3.12/site-packages/airflow/example_dags/example_branch_python_dop_operator_3.py
[2024-11-18T08:48:35.810+0000] {processor.py:830} INFO - Processing file /home/airflow/.local/lib/python3.12/site-packages/airflow/example_dags/example_branch_python_dop_operator_3.py for tasks to queue
[2024-11-18T08:48:35.812+0000] {logging_mixin.py:188} INFO - [2024-11-18T08:48:35.812+0000] {dagbag.py:545} INFO - Filling up the DagBag from /home/airflow/.local/lib/python3.12/site-packages/airflow/example_dags/example_branch_python_dop_operator_3.py
[2024-11-18T08:48:35.819+0000] {processor.py:840} INFO - DAG(s) 'example_branch_dop_operator_v3' retrieved from /home/airflow/.local/lib/python3.12/site-packages/airflow/example_dags/example_branch_python_dop_operator_3.py
[2024-11-18T08:48:35.840+0000] {logging_mixin.py:188} INFO - [2024-11-18T08:48:35.840+0000] {dag.py:3096} INFO - Sync 1 DAGs
[2024-11-18T08:48:35.863+0000] {logging_mixin.py:188} INFO - [2024-11-18T08:48:35.863+0000] {dag.py:3954} INFO - Setting next_dagrun for example_branch_dop_operator_v3 to 2024-11-18 08:47:00+00:00, run_after=2024-11-18 08:48:00+00:00
[2024-11-18T08:48:35.892+0000] {processor.py:183} INFO - Processing /home/airflow/.local/lib/python3.12/site-packages/airflow/example_dags/example_branch_python_dop_operator_3.py took 0.089 seconds
[2024-11-18T08:49:06.205+0000] {processor.py:161} INFO - Started process (PID=7571) to work on /home/airflow/.local/lib/python3.12/site-packages/airflow/example_dags/example_branch_python_dop_operator_3.py
[2024-11-18T08:49:06.206+0000] {processor.py:830} INFO - Processing file /home/airflow/.local/lib/python3.12/site-packages/airflow/example_dags/example_branch_python_dop_operator_3.py for tasks to queue
[2024-11-18T08:49:06.208+0000] {logging_mixin.py:188} INFO - [2024-11-18T08:49:06.208+0000] {dagbag.py:545} INFO - Filling up the DagBag from /home/airflow/.local/lib/python3.12/site-packages/airflow/example_dags/example_branch_python_dop_operator_3.py
[2024-11-18T08:49:06.221+0000] {processor.py:840} INFO - DAG(s) 'example_branch_dop_operator_v3' retrieved from /home/airflow/.local/lib/python3.12/site-packages/airflow/example_dags/example_branch_python_dop_operator_3.py
[2024-11-18T08:49:06.249+0000] {logging_mixin.py:188} INFO - [2024-11-18T08:49:06.248+0000] {dag.py:3096} INFO - Sync 1 DAGs
[2024-11-18T08:49:06.283+0000] {logging_mixin.py:188} INFO - [2024-11-18T08:49:06.283+0000] {dag.py:3954} INFO - Setting next_dagrun for example_branch_dop_operator_v3 to 2024-11-18 08:48:00+00:00, run_after=2024-11-18 08:49:00+00:00
[2024-11-18T08:49:06.318+0000] {processor.py:183} INFO - Processing /home/airflow/.local/lib/python3.12/site-packages/airflow/example_dags/example_branch_python_dop_operator_3.py took 0.118 seconds
[2024-11-18T08:49:36.564+0000] {processor.py:161} INFO - Started process (PID=7835) to work on /home/airflow/.local/lib/python3.12/site-packages/airflow/example_dags/example_branch_python_dop_operator_3.py
[2024-11-18T08:49:36.565+0000] {processor.py:830} INFO - Processing file /home/airflow/.local/lib/python3.12/site-packages/airflow/example_dags/example_branch_python_dop_operator_3.py for tasks to queue
[2024-11-18T08:49:36.567+0000] {logging_mixin.py:188} INFO - [2024-11-18T08:49:36.567+0000] {dagbag.py:545} INFO - Filling up the DagBag from /home/airflow/.local/lib/python3.12/site-packages/airflow/example_dags/example_branch_python_dop_operator_3.py
[2024-11-18T08:49:36.575+0000] {processor.py:840} INFO - DAG(s) 'example_branch_dop_operator_v3' retrieved from /home/airflow/.local/lib/python3.12/site-packages/airflow/example_dags/example_branch_python_dop_operator_3.py
[2024-11-18T08:49:36.594+0000] {logging_mixin.py:188} INFO - [2024-11-18T08:49:36.594+0000] {dag.py:3096} INFO - Sync 1 DAGs
[2024-11-18T08:49:36.619+0000] {logging_mixin.py:188} INFO - [2024-11-18T08:49:36.619+0000] {dag.py:3954} INFO - Setting next_dagrun for example_branch_dop_operator_v3 to 2024-11-18 08:48:00+00:00, run_after=2024-11-18 08:49:00+00:00
[2024-11-18T08:49:36.642+0000] {processor.py:183} INFO - Processing /home/airflow/.local/lib/python3.12/site-packages/airflow/example_dags/example_branch_python_dop_operator_3.py took 0.084 seconds
[2024-11-18T08:50:06.876+0000] {processor.py:161} INFO - Started process (PID=8097) to work on /home/airflow/.local/lib/python3.12/site-packages/airflow/example_dags/example_branch_python_dop_operator_3.py
[2024-11-18T08:50:06.877+0000] {processor.py:830} INFO - Processing file /home/airflow/.local/lib/python3.12/site-packages/airflow/example_dags/example_branch_python_dop_operator_3.py for tasks to queue
[2024-11-18T08:50:06.878+0000] {logging_mixin.py:188} INFO - [2024-11-18T08:50:06.878+0000] {dagbag.py:545} INFO - Filling up the DagBag from /home/airflow/.local/lib/python3.12/site-packages/airflow/example_dags/example_branch_python_dop_operator_3.py
[2024-11-18T08:50:06.886+0000] {processor.py:840} INFO - DAG(s) 'example_branch_dop_operator_v3' retrieved from /home/airflow/.local/lib/python3.12/site-packages/airflow/example_dags/example_branch_python_dop_operator_3.py
[2024-11-18T08:50:06.905+0000] {logging_mixin.py:188} INFO - [2024-11-18T08:50:06.905+0000] {dag.py:3096} INFO - Sync 1 DAGs
[2024-11-18T08:50:06.926+0000] {logging_mixin.py:188} INFO - [2024-11-18T08:50:06.926+0000] {dag.py:3954} INFO - Setting next_dagrun for example_branch_dop_operator_v3 to 2024-11-18 08:49:00+00:00, run_after=2024-11-18 08:50:00+00:00
[2024-11-18T08:50:06.945+0000] {processor.py:183} INFO - Processing /home/airflow/.local/lib/python3.12/site-packages/airflow/example_dags/example_branch_python_dop_operator_3.py took 0.074 seconds
[2024-11-18T08:50:37.227+0000] {processor.py:161} INFO - Started process (PID=8359) to work on /home/airflow/.local/lib/python3.12/site-packages/airflow/example_dags/example_branch_python_dop_operator_3.py
[2024-11-18T08:50:37.228+0000] {processor.py:830} INFO - Processing file /home/airflow/.local/lib/python3.12/site-packages/airflow/example_dags/example_branch_python_dop_operator_3.py for tasks to queue
[2024-11-18T08:50:37.230+0000] {logging_mixin.py:188} INFO - [2024-11-18T08:50:37.230+0000] {dagbag.py:545} INFO - Filling up the DagBag from /home/airflow/.local/lib/python3.12/site-packages/airflow/example_dags/example_branch_python_dop_operator_3.py
[2024-11-18T08:50:37.238+0000] {processor.py:840} INFO - DAG(s) 'example_branch_dop_operator_v3' retrieved from /home/airflow/.local/lib/python3.12/site-packages/airflow/example_dags/example_branch_python_dop_operator_3.py
[2024-11-18T08:50:37.258+0000] {logging_mixin.py:188} INFO - [2024-11-18T08:50:37.257+0000] {dag.py:3096} INFO - Sync 1 DAGs
[2024-11-18T08:50:37.284+0000] {logging_mixin.py:188} INFO - [2024-11-18T08:50:37.283+0000] {dag.py:3954} INFO - Setting next_dagrun for example_branch_dop_operator_v3 to 2024-11-18 08:49:00+00:00, run_after=2024-11-18 08:50:00+00:00
[2024-11-18T08:50:37.302+0000] {processor.py:183} INFO - Processing /home/airflow/.local/lib/python3.12/site-packages/airflow/example_dags/example_branch_python_dop_operator_3.py took 0.081 seconds
[2024-11-18T08:51:07.486+0000] {processor.py:161} INFO - Started process (PID=8620) to work on /home/airflow/.local/lib/python3.12/site-packages/airflow/example_dags/example_branch_python_dop_operator_3.py
[2024-11-18T08:51:07.487+0000] {processor.py:830} INFO - Processing file /home/airflow/.local/lib/python3.12/site-packages/airflow/example_dags/example_branch_python_dop_operator_3.py for tasks to queue
[2024-11-18T08:51:07.488+0000] {logging_mixin.py:188} INFO - [2024-11-18T08:51:07.488+0000] {dagbag.py:545} INFO - Filling up the DagBag from /home/airflow/.local/lib/python3.12/site-packages/airflow/example_dags/example_branch_python_dop_operator_3.py
[2024-11-18T08:51:07.496+0000] {processor.py:840} INFO - DAG(s) 'example_branch_dop_operator_v3' retrieved from /home/airflow/.local/lib/python3.12/site-packages/airflow/example_dags/example_branch_python_dop_operator_3.py
[2024-11-18T08:51:07.517+0000] {logging_mixin.py:188} INFO - [2024-11-18T08:51:07.516+0000] {dag.py:3096} INFO - Sync 1 DAGs
[2024-11-18T08:51:07.541+0000] {logging_mixin.py:188} INFO - [2024-11-18T08:51:07.541+0000] {dag.py:3954} INFO - Setting next_dagrun for example_branch_dop_operator_v3 to 2024-11-18 08:50:00+00:00, run_after=2024-11-18 08:51:00+00:00
[2024-11-18T08:51:07.574+0000] {processor.py:183} INFO - Processing /home/airflow/.local/lib/python3.12/site-packages/airflow/example_dags/example_branch_python_dop_operator_3.py took 0.093 seconds
[2024-11-18T08:51:38.080+0000] {processor.py:161} INFO - Started process (PID=8884) to work on /home/airflow/.local/lib/python3.12/site-packages/airflow/example_dags/example_branch_python_dop_operator_3.py
[2024-11-18T08:51:38.081+0000] {processor.py:830} INFO - Processing file /home/airflow/.local/lib/python3.12/site-packages/airflow/example_dags/example_branch_python_dop_operator_3.py for tasks to queue
[2024-11-18T08:51:38.082+0000] {logging_mixin.py:188} INFO - [2024-11-18T08:51:38.082+0000] {dagbag.py:545} INFO - Filling up the DagBag from /home/airflow/.local/lib/python3.12/site-packages/airflow/example_dags/example_branch_python_dop_operator_3.py
[2024-11-18T08:51:38.090+0000] {processor.py:840} INFO - DAG(s) 'example_branch_dop_operator_v3' retrieved from /home/airflow/.local/lib/python3.12/site-packages/airflow/example_dags/example_branch_python_dop_operator_3.py
[2024-11-18T08:51:38.110+0000] {logging_mixin.py:188} INFO - [2024-11-18T08:51:38.109+0000] {dag.py:3096} INFO - Sync 1 DAGs
[2024-11-18T08:51:38.133+0000] {logging_mixin.py:188} INFO - [2024-11-18T08:51:38.133+0000] {dag.py:3954} INFO - Setting next_dagrun for example_branch_dop_operator_v3 to 2024-11-18 08:50:00+00:00, run_after=2024-11-18 08:51:00+00:00
[2024-11-18T08:51:38.152+0000] {processor.py:183} INFO - Processing /home/airflow/.local/lib/python3.12/site-packages/airflow/example_dags/example_branch_python_dop_operator_3.py took 0.077 seconds
[2024-11-18T08:52:08.398+0000] {processor.py:161} INFO - Started process (PID=9144) to work on /home/airflow/.local/lib/python3.12/site-packages/airflow/example_dags/example_branch_python_dop_operator_3.py
[2024-11-18T08:52:08.399+0000] {processor.py:830} INFO - Processing file /home/airflow/.local/lib/python3.12/site-packages/airflow/example_dags/example_branch_python_dop_operator_3.py for tasks to queue
[2024-11-18T08:52:08.401+0000] {logging_mixin.py:188} INFO - [2024-11-18T08:52:08.401+0000] {dagbag.py:545} INFO - Filling up the DagBag from /home/airflow/.local/lib/python3.12/site-packages/airflow/example_dags/example_branch_python_dop_operator_3.py
[2024-11-18T08:52:08.409+0000] {processor.py:840} INFO - DAG(s) 'example_branch_dop_operator_v3' retrieved from /home/airflow/.local/lib/python3.12/site-packages/airflow/example_dags/example_branch_python_dop_operator_3.py
[2024-11-18T08:52:08.427+0000] {logging_mixin.py:188} INFO - [2024-11-18T08:52:08.427+0000] {dag.py:3096} INFO - Sync 1 DAGs
[2024-11-18T08:52:08.452+0000] {logging_mixin.py:188} INFO - [2024-11-18T08:52:08.451+0000] {dag.py:3954} INFO - Setting next_dagrun for example_branch_dop_operator_v3 to 2024-11-18 08:51:00+00:00, run_after=2024-11-18 08:52:00+00:00
[2024-11-18T08:52:08.482+0000] {processor.py:183} INFO - Processing /home/airflow/.local/lib/python3.12/site-packages/airflow/example_dags/example_branch_python_dop_operator_3.py took 0.089 seconds
[2024-11-18T08:52:39.027+0000] {processor.py:161} INFO - Started process (PID=9406) to work on /home/airflow/.local/lib/python3.12/site-packages/airflow/example_dags/example_branch_python_dop_operator_3.py
[2024-11-18T08:52:39.028+0000] {processor.py:830} INFO - Processing file /home/airflow/.local/lib/python3.12/site-packages/airflow/example_dags/example_branch_python_dop_operator_3.py for tasks to queue
[2024-11-18T08:52:39.030+0000] {logging_mixin.py:188} INFO - [2024-11-18T08:52:39.029+0000] {dagbag.py:545} INFO - Filling up the DagBag from /home/airflow/.local/lib/python3.12/site-packages/airflow/example_dags/example_branch_python_dop_operator_3.py
[2024-11-18T08:52:39.039+0000] {processor.py:840} INFO - DAG(s) 'example_branch_dop_operator_v3' retrieved from /home/airflow/.local/lib/python3.12/site-packages/airflow/example_dags/example_branch_python_dop_operator_3.py
[2024-11-18T08:52:39.061+0000] {logging_mixin.py:188} INFO - [2024-11-18T08:52:39.061+0000] {dag.py:3096} INFO - Sync 1 DAGs
[2024-11-18T08:52:39.100+0000] {logging_mixin.py:188} INFO - [2024-11-18T08:52:39.099+0000] {dag.py:3954} INFO - Setting next_dagrun for example_branch_dop_operator_v3 to 2024-11-18 08:51:00+00:00, run_after=2024-11-18 08:52:00+00:00
[2024-11-18T08:52:39.135+0000] {processor.py:183} INFO - Processing /home/airflow/.local/lib/python3.12/site-packages/airflow/example_dags/example_branch_python_dop_operator_3.py took 0.115 seconds
[2024-11-18T08:53:09.526+0000] {processor.py:161} INFO - Started process (PID=9670) to work on /home/airflow/.local/lib/python3.12/site-packages/airflow/example_dags/example_branch_python_dop_operator_3.py
[2024-11-18T08:53:09.527+0000] {processor.py:830} INFO - Processing file /home/airflow/.local/lib/python3.12/site-packages/airflow/example_dags/example_branch_python_dop_operator_3.py for tasks to queue
[2024-11-18T08:53:09.529+0000] {logging_mixin.py:188} INFO - [2024-11-18T08:53:09.528+0000] {dagbag.py:545} INFO - Filling up the DagBag from /home/airflow/.local/lib/python3.12/site-packages/airflow/example_dags/example_branch_python_dop_operator_3.py
[2024-11-18T08:53:09.536+0000] {processor.py:840} INFO - DAG(s) 'example_branch_dop_operator_v3' retrieved from /home/airflow/.local/lib/python3.12/site-packages/airflow/example_dags/example_branch_python_dop_operator_3.py
[2024-11-18T08:53:09.554+0000] {logging_mixin.py:188} INFO - [2024-11-18T08:53:09.554+0000] {dag.py:3096} INFO - Sync 1 DAGs
[2024-11-18T08:53:09.577+0000] {logging_mixin.py:188} INFO - [2024-11-18T08:53:09.576+0000] {dag.py:3954} INFO - Setting next_dagrun for example_branch_dop_operator_v3 to 2024-11-18 08:52:00+00:00, run_after=2024-11-18 08:53:00+00:00
[2024-11-18T08:53:09.595+0000] {processor.py:183} INFO - Processing /home/airflow/.local/lib/python3.12/site-packages/airflow/example_dags/example_branch_python_dop_operator_3.py took 0.074 seconds
