[2024-11-18T08:34:57.211+0000] {processor.py:161} INFO - Started process (PID=312) to work on /home/airflow/.local/lib/python3.12/site-packages/airflow/example_dags/example_short_circuit_operator.py
[2024-11-18T08:34:57.213+0000] {processor.py:830} INFO - Processing file /home/airflow/.local/lib/python3.12/site-packages/airflow/example_dags/example_short_circuit_operator.py for tasks to queue
[2024-11-18T08:34:57.217+0000] {logging_mixin.py:188} INFO - [2024-11-18T08:34:57.216+0000] {dagbag.py:545} INFO - Filling up the DagBag from /home/airflow/.local/lib/python3.12/site-packages/airflow/example_dags/example_short_circuit_operator.py
[2024-11-18T08:34:57.233+0000] {processor.py:840} INFO - DAG(s) 'example_short_circuit_operator' retrieved from /home/airflow/.local/lib/python3.12/site-packages/airflow/example_dags/example_short_circuit_operator.py
[2024-11-18T08:34:57.255+0000] {logging_mixin.py:188} INFO - [2024-11-18T08:34:57.255+0000] {dag.py:3096} INFO - Sync 1 DAGs
[2024-11-18T08:34:57.279+0000] {logging_mixin.py:188} INFO - [2024-11-18T08:34:57.279+0000] {dag.py:3118} INFO - Creating ORM DAG for example_short_circuit_operator
[2024-11-18T08:34:57.301+0000] {logging_mixin.py:188} INFO - [2024-11-18T08:34:57.300+0000] {dag.py:3954} INFO - Setting next_dagrun for example_short_circuit_operator to 2024-11-17 00:00:00+00:00, run_after=2024-11-18 00:00:00+00:00
[2024-11-18T08:34:57.339+0000] {processor.py:183} INFO - Processing /home/airflow/.local/lib/python3.12/site-packages/airflow/example_dags/example_short_circuit_operator.py took 0.138 seconds
[2024-11-18T08:35:27.757+0000] {processor.py:161} INFO - Started process (PID=574) to work on /home/airflow/.local/lib/python3.12/site-packages/airflow/example_dags/example_short_circuit_operator.py
[2024-11-18T08:35:27.758+0000] {processor.py:830} INFO - Processing file /home/airflow/.local/lib/python3.12/site-packages/airflow/example_dags/example_short_circuit_operator.py for tasks to queue
[2024-11-18T08:35:27.760+0000] {logging_mixin.py:188} INFO - [2024-11-18T08:35:27.759+0000] {dagbag.py:545} INFO - Filling up the DagBag from /home/airflow/.local/lib/python3.12/site-packages/airflow/example_dags/example_short_circuit_operator.py
[2024-11-18T08:35:27.767+0000] {processor.py:840} INFO - DAG(s) 'example_short_circuit_operator' retrieved from /home/airflow/.local/lib/python3.12/site-packages/airflow/example_dags/example_short_circuit_operator.py
[2024-11-18T08:35:27.873+0000] {logging_mixin.py:188} INFO - [2024-11-18T08:35:27.873+0000] {dag.py:3096} INFO - Sync 1 DAGs
[2024-11-18T08:35:27.893+0000] {logging_mixin.py:188} INFO - [2024-11-18T08:35:27.893+0000] {dag.py:3954} INFO - Setting next_dagrun for example_short_circuit_operator to 2024-11-17 00:00:00+00:00, run_after=2024-11-18 00:00:00+00:00
[2024-11-18T08:35:27.938+0000] {processor.py:183} INFO - Processing /home/airflow/.local/lib/python3.12/site-packages/airflow/example_dags/example_short_circuit_operator.py took 0.186 seconds
[2024-11-18T08:35:58.524+0000] {processor.py:161} INFO - Started process (PID=834) to work on /home/airflow/.local/lib/python3.12/site-packages/airflow/example_dags/example_short_circuit_operator.py
[2024-11-18T08:35:58.525+0000] {processor.py:830} INFO - Processing file /home/airflow/.local/lib/python3.12/site-packages/airflow/example_dags/example_short_circuit_operator.py for tasks to queue
[2024-11-18T08:35:58.528+0000] {logging_mixin.py:188} INFO - [2024-11-18T08:35:58.528+0000] {dagbag.py:545} INFO - Filling up the DagBag from /home/airflow/.local/lib/python3.12/site-packages/airflow/example_dags/example_short_circuit_operator.py
[2024-11-18T08:35:58.538+0000] {processor.py:840} INFO - DAG(s) 'example_short_circuit_operator' retrieved from /home/airflow/.local/lib/python3.12/site-packages/airflow/example_dags/example_short_circuit_operator.py
[2024-11-18T08:35:58.585+0000] {logging_mixin.py:188} INFO - [2024-11-18T08:35:58.584+0000] {dag.py:3096} INFO - Sync 1 DAGs
[2024-11-18T08:35:58.621+0000] {logging_mixin.py:188} INFO - [2024-11-18T08:35:58.620+0000] {dag.py:3954} INFO - Setting next_dagrun for example_short_circuit_operator to 2024-11-17 00:00:00+00:00, run_after=2024-11-18 00:00:00+00:00
[2024-11-18T08:35:58.650+0000] {processor.py:183} INFO - Processing /home/airflow/.local/lib/python3.12/site-packages/airflow/example_dags/example_short_circuit_operator.py took 0.134 seconds
[2024-11-18T08:36:29.128+0000] {processor.py:161} INFO - Started process (PID=1098) to work on /home/airflow/.local/lib/python3.12/site-packages/airflow/example_dags/example_short_circuit_operator.py
[2024-11-18T08:36:29.129+0000] {processor.py:830} INFO - Processing file /home/airflow/.local/lib/python3.12/site-packages/airflow/example_dags/example_short_circuit_operator.py for tasks to queue
[2024-11-18T08:36:29.131+0000] {logging_mixin.py:188} INFO - [2024-11-18T08:36:29.131+0000] {dagbag.py:545} INFO - Filling up the DagBag from /home/airflow/.local/lib/python3.12/site-packages/airflow/example_dags/example_short_circuit_operator.py
[2024-11-18T08:36:29.138+0000] {processor.py:840} INFO - DAG(s) 'example_short_circuit_operator' retrieved from /home/airflow/.local/lib/python3.12/site-packages/airflow/example_dags/example_short_circuit_operator.py
[2024-11-18T08:36:29.169+0000] {logging_mixin.py:188} INFO - [2024-11-18T08:36:29.168+0000] {dag.py:3096} INFO - Sync 1 DAGs
[2024-11-18T08:36:29.201+0000] {logging_mixin.py:188} INFO - [2024-11-18T08:36:29.200+0000] {dag.py:3954} INFO - Setting next_dagrun for example_short_circuit_operator to 2024-11-17 00:00:00+00:00, run_after=2024-11-18 00:00:00+00:00
[2024-11-18T08:36:29.258+0000] {processor.py:183} INFO - Processing /home/airflow/.local/lib/python3.12/site-packages/airflow/example_dags/example_short_circuit_operator.py took 0.136 seconds
[2024-11-18T08:36:59.386+0000] {processor.py:161} INFO - Started process (PID=1360) to work on /home/airflow/.local/lib/python3.12/site-packages/airflow/example_dags/example_short_circuit_operator.py
[2024-11-18T08:36:59.387+0000] {processor.py:830} INFO - Processing file /home/airflow/.local/lib/python3.12/site-packages/airflow/example_dags/example_short_circuit_operator.py for tasks to queue
[2024-11-18T08:36:59.389+0000] {logging_mixin.py:188} INFO - [2024-11-18T08:36:59.388+0000] {dagbag.py:545} INFO - Filling up the DagBag from /home/airflow/.local/lib/python3.12/site-packages/airflow/example_dags/example_short_circuit_operator.py
[2024-11-18T08:36:59.403+0000] {processor.py:840} INFO - DAG(s) 'example_short_circuit_operator' retrieved from /home/airflow/.local/lib/python3.12/site-packages/airflow/example_dags/example_short_circuit_operator.py
[2024-11-18T08:36:59.427+0000] {logging_mixin.py:188} INFO - [2024-11-18T08:36:59.427+0000] {dag.py:3096} INFO - Sync 1 DAGs
[2024-11-18T08:36:59.452+0000] {logging_mixin.py:188} INFO - [2024-11-18T08:36:59.452+0000] {dag.py:3954} INFO - Setting next_dagrun for example_short_circuit_operator to 2024-11-17 00:00:00+00:00, run_after=2024-11-18 00:00:00+00:00
[2024-11-18T08:36:59.470+0000] {processor.py:183} INFO - Processing /home/airflow/.local/lib/python3.12/site-packages/airflow/example_dags/example_short_circuit_operator.py took 0.090 seconds
[2024-11-18T08:37:29.802+0000] {processor.py:161} INFO - Started process (PID=1620) to work on /home/airflow/.local/lib/python3.12/site-packages/airflow/example_dags/example_short_circuit_operator.py
[2024-11-18T08:37:29.803+0000] {processor.py:830} INFO - Processing file /home/airflow/.local/lib/python3.12/site-packages/airflow/example_dags/example_short_circuit_operator.py for tasks to queue
[2024-11-18T08:37:29.805+0000] {logging_mixin.py:188} INFO - [2024-11-18T08:37:29.805+0000] {dagbag.py:545} INFO - Filling up the DagBag from /home/airflow/.local/lib/python3.12/site-packages/airflow/example_dags/example_short_circuit_operator.py
[2024-11-18T08:37:29.813+0000] {processor.py:840} INFO - DAG(s) 'example_short_circuit_operator' retrieved from /home/airflow/.local/lib/python3.12/site-packages/airflow/example_dags/example_short_circuit_operator.py
[2024-11-18T08:37:29.837+0000] {logging_mixin.py:188} INFO - [2024-11-18T08:37:29.837+0000] {dag.py:3096} INFO - Sync 1 DAGs
[2024-11-18T08:37:29.861+0000] {logging_mixin.py:188} INFO - [2024-11-18T08:37:29.861+0000] {dag.py:3954} INFO - Setting next_dagrun for example_short_circuit_operator to 2024-11-17 00:00:00+00:00, run_after=2024-11-18 00:00:00+00:00
[2024-11-18T08:37:29.902+0000] {processor.py:183} INFO - Processing /home/airflow/.local/lib/python3.12/site-packages/airflow/example_dags/example_short_circuit_operator.py took 0.107 seconds
[2024-11-18T08:38:00.613+0000] {processor.py:161} INFO - Started process (PID=1882) to work on /home/airflow/.local/lib/python3.12/site-packages/airflow/example_dags/example_short_circuit_operator.py
[2024-11-18T08:38:00.614+0000] {processor.py:830} INFO - Processing file /home/airflow/.local/lib/python3.12/site-packages/airflow/example_dags/example_short_circuit_operator.py for tasks to queue
[2024-11-18T08:38:00.616+0000] {logging_mixin.py:188} INFO - [2024-11-18T08:38:00.616+0000] {dagbag.py:545} INFO - Filling up the DagBag from /home/airflow/.local/lib/python3.12/site-packages/airflow/example_dags/example_short_circuit_operator.py
[2024-11-18T08:38:00.623+0000] {processor.py:840} INFO - DAG(s) 'example_short_circuit_operator' retrieved from /home/airflow/.local/lib/python3.12/site-packages/airflow/example_dags/example_short_circuit_operator.py
[2024-11-18T08:38:00.647+0000] {logging_mixin.py:188} INFO - [2024-11-18T08:38:00.647+0000] {dag.py:3096} INFO - Sync 1 DAGs
[2024-11-18T08:38:00.667+0000] {logging_mixin.py:188} INFO - [2024-11-18T08:38:00.667+0000] {dag.py:3954} INFO - Setting next_dagrun for example_short_circuit_operator to 2024-11-17 00:00:00+00:00, run_after=2024-11-18 00:00:00+00:00
[2024-11-18T08:38:00.697+0000] {processor.py:183} INFO - Processing /home/airflow/.local/lib/python3.12/site-packages/airflow/example_dags/example_short_circuit_operator.py took 0.089 seconds
[2024-11-18T08:38:31.281+0000] {processor.py:161} INFO - Started process (PID=2144) to work on /home/airflow/.local/lib/python3.12/site-packages/airflow/example_dags/example_short_circuit_operator.py
[2024-11-18T08:38:31.282+0000] {processor.py:830} INFO - Processing file /home/airflow/.local/lib/python3.12/site-packages/airflow/example_dags/example_short_circuit_operator.py for tasks to queue
[2024-11-18T08:38:31.284+0000] {logging_mixin.py:188} INFO - [2024-11-18T08:38:31.284+0000] {dagbag.py:545} INFO - Filling up the DagBag from /home/airflow/.local/lib/python3.12/site-packages/airflow/example_dags/example_short_circuit_operator.py
[2024-11-18T08:38:31.291+0000] {processor.py:840} INFO - DAG(s) 'example_short_circuit_operator' retrieved from /home/airflow/.local/lib/python3.12/site-packages/airflow/example_dags/example_short_circuit_operator.py
[2024-11-18T08:38:31.314+0000] {logging_mixin.py:188} INFO - [2024-11-18T08:38:31.314+0000] {dag.py:3096} INFO - Sync 1 DAGs
[2024-11-18T08:38:31.334+0000] {logging_mixin.py:188} INFO - [2024-11-18T08:38:31.334+0000] {dag.py:3954} INFO - Setting next_dagrun for example_short_circuit_operator to 2024-11-17 00:00:00+00:00, run_after=2024-11-18 00:00:00+00:00
[2024-11-18T08:38:31.363+0000] {processor.py:183} INFO - Processing /home/airflow/.local/lib/python3.12/site-packages/airflow/example_dags/example_short_circuit_operator.py took 0.088 seconds
[2024-11-18T08:39:01.538+0000] {processor.py:161} INFO - Started process (PID=2406) to work on /home/airflow/.local/lib/python3.12/site-packages/airflow/example_dags/example_short_circuit_operator.py
[2024-11-18T08:39:01.540+0000] {processor.py:830} INFO - Processing file /home/airflow/.local/lib/python3.12/site-packages/airflow/example_dags/example_short_circuit_operator.py for tasks to queue
[2024-11-18T08:39:01.542+0000] {logging_mixin.py:188} INFO - [2024-11-18T08:39:01.541+0000] {dagbag.py:545} INFO - Filling up the DagBag from /home/airflow/.local/lib/python3.12/site-packages/airflow/example_dags/example_short_circuit_operator.py
[2024-11-18T08:39:01.548+0000] {processor.py:840} INFO - DAG(s) 'example_short_circuit_operator' retrieved from /home/airflow/.local/lib/python3.12/site-packages/airflow/example_dags/example_short_circuit_operator.py
[2024-11-18T08:39:01.570+0000] {logging_mixin.py:188} INFO - [2024-11-18T08:39:01.570+0000] {dag.py:3096} INFO - Sync 1 DAGs
[2024-11-18T08:39:01.591+0000] {logging_mixin.py:188} INFO - [2024-11-18T08:39:01.590+0000] {dag.py:3954} INFO - Setting next_dagrun for example_short_circuit_operator to 2024-11-17 00:00:00+00:00, run_after=2024-11-18 00:00:00+00:00
[2024-11-18T08:39:01.610+0000] {processor.py:183} INFO - Processing /home/airflow/.local/lib/python3.12/site-packages/airflow/example_dags/example_short_circuit_operator.py took 0.077 seconds
[2024-11-18T08:39:31.886+0000] {processor.py:161} INFO - Started process (PID=2670) to work on /home/airflow/.local/lib/python3.12/site-packages/airflow/example_dags/example_short_circuit_operator.py
[2024-11-18T08:39:31.887+0000] {processor.py:830} INFO - Processing file /home/airflow/.local/lib/python3.12/site-packages/airflow/example_dags/example_short_circuit_operator.py for tasks to queue
[2024-11-18T08:39:31.889+0000] {logging_mixin.py:188} INFO - [2024-11-18T08:39:31.888+0000] {dagbag.py:545} INFO - Filling up the DagBag from /home/airflow/.local/lib/python3.12/site-packages/airflow/example_dags/example_short_circuit_operator.py
[2024-11-18T08:39:31.895+0000] {processor.py:840} INFO - DAG(s) 'example_short_circuit_operator' retrieved from /home/airflow/.local/lib/python3.12/site-packages/airflow/example_dags/example_short_circuit_operator.py
[2024-11-18T08:39:31.916+0000] {logging_mixin.py:188} INFO - [2024-11-18T08:39:31.916+0000] {dag.py:3096} INFO - Sync 1 DAGs
[2024-11-18T08:39:31.935+0000] {logging_mixin.py:188} INFO - [2024-11-18T08:39:31.934+0000] {dag.py:3954} INFO - Setting next_dagrun for example_short_circuit_operator to 2024-11-17 00:00:00+00:00, run_after=2024-11-18 00:00:00+00:00
[2024-11-18T08:39:31.964+0000] {processor.py:183} INFO - Processing /home/airflow/.local/lib/python3.12/site-packages/airflow/example_dags/example_short_circuit_operator.py took 0.083 seconds
[2024-11-18T08:40:02.285+0000] {processor.py:161} INFO - Started process (PID=2932) to work on /home/airflow/.local/lib/python3.12/site-packages/airflow/example_dags/example_short_circuit_operator.py
[2024-11-18T08:40:02.286+0000] {processor.py:830} INFO - Processing file /home/airflow/.local/lib/python3.12/site-packages/airflow/example_dags/example_short_circuit_operator.py for tasks to queue
[2024-11-18T08:40:02.288+0000] {logging_mixin.py:188} INFO - [2024-11-18T08:40:02.287+0000] {dagbag.py:545} INFO - Filling up the DagBag from /home/airflow/.local/lib/python3.12/site-packages/airflow/example_dags/example_short_circuit_operator.py
[2024-11-18T08:40:02.294+0000] {processor.py:840} INFO - DAG(s) 'example_short_circuit_operator' retrieved from /home/airflow/.local/lib/python3.12/site-packages/airflow/example_dags/example_short_circuit_operator.py
[2024-11-18T08:40:02.315+0000] {logging_mixin.py:188} INFO - [2024-11-18T08:40:02.314+0000] {dag.py:3096} INFO - Sync 1 DAGs
[2024-11-18T08:40:02.333+0000] {logging_mixin.py:188} INFO - [2024-11-18T08:40:02.333+0000] {dag.py:3954} INFO - Setting next_dagrun for example_short_circuit_operator to 2024-11-17 00:00:00+00:00, run_after=2024-11-18 00:00:00+00:00
[2024-11-18T08:40:02.360+0000] {processor.py:183} INFO - Processing /home/airflow/.local/lib/python3.12/site-packages/airflow/example_dags/example_short_circuit_operator.py took 0.080 seconds
[2024-11-18T08:40:32.753+0000] {processor.py:161} INFO - Started process (PID=3197) to work on /home/airflow/.local/lib/python3.12/site-packages/airflow/example_dags/example_short_circuit_operator.py
[2024-11-18T08:40:32.754+0000] {processor.py:830} INFO - Processing file /home/airflow/.local/lib/python3.12/site-packages/airflow/example_dags/example_short_circuit_operator.py for tasks to queue
[2024-11-18T08:40:32.756+0000] {logging_mixin.py:188} INFO - [2024-11-18T08:40:32.756+0000] {dagbag.py:545} INFO - Filling up the DagBag from /home/airflow/.local/lib/python3.12/site-packages/airflow/example_dags/example_short_circuit_operator.py
[2024-11-18T08:40:32.763+0000] {processor.py:840} INFO - DAG(s) 'example_short_circuit_operator' retrieved from /home/airflow/.local/lib/python3.12/site-packages/airflow/example_dags/example_short_circuit_operator.py
[2024-11-18T08:40:32.787+0000] {logging_mixin.py:188} INFO - [2024-11-18T08:40:32.787+0000] {dag.py:3096} INFO - Sync 1 DAGs
[2024-11-18T08:40:32.807+0000] {logging_mixin.py:188} INFO - [2024-11-18T08:40:32.807+0000] {dag.py:3954} INFO - Setting next_dagrun for example_short_circuit_operator to 2024-11-17 00:00:00+00:00, run_after=2024-11-18 00:00:00+00:00
[2024-11-18T08:40:32.827+0000] {processor.py:183} INFO - Processing /home/airflow/.local/lib/python3.12/site-packages/airflow/example_dags/example_short_circuit_operator.py took 0.080 seconds
[2024-11-18T08:41:03.146+0000] {processor.py:161} INFO - Started process (PID=3461) to work on /home/airflow/.local/lib/python3.12/site-packages/airflow/example_dags/example_short_circuit_operator.py
[2024-11-18T08:41:03.147+0000] {processor.py:830} INFO - Processing file /home/airflow/.local/lib/python3.12/site-packages/airflow/example_dags/example_short_circuit_operator.py for tasks to queue
[2024-11-18T08:41:03.148+0000] {logging_mixin.py:188} INFO - [2024-11-18T08:41:03.148+0000] {dagbag.py:545} INFO - Filling up the DagBag from /home/airflow/.local/lib/python3.12/site-packages/airflow/example_dags/example_short_circuit_operator.py
[2024-11-18T08:41:03.155+0000] {processor.py:840} INFO - DAG(s) 'example_short_circuit_operator' retrieved from /home/airflow/.local/lib/python3.12/site-packages/airflow/example_dags/example_short_circuit_operator.py
[2024-11-18T08:41:03.176+0000] {logging_mixin.py:188} INFO - [2024-11-18T08:41:03.176+0000] {dag.py:3096} INFO - Sync 1 DAGs
[2024-11-18T08:41:03.195+0000] {logging_mixin.py:188} INFO - [2024-11-18T08:41:03.195+0000] {dag.py:3954} INFO - Setting next_dagrun for example_short_circuit_operator to 2024-11-17 00:00:00+00:00, run_after=2024-11-18 00:00:00+00:00
[2024-11-18T08:41:03.226+0000] {processor.py:183} INFO - Processing /home/airflow/.local/lib/python3.12/site-packages/airflow/example_dags/example_short_circuit_operator.py took 0.085 seconds
[2024-11-18T08:41:33.356+0000] {processor.py:161} INFO - Started process (PID=3721) to work on /home/airflow/.local/lib/python3.12/site-packages/airflow/example_dags/example_short_circuit_operator.py
[2024-11-18T08:41:33.358+0000] {processor.py:830} INFO - Processing file /home/airflow/.local/lib/python3.12/site-packages/airflow/example_dags/example_short_circuit_operator.py for tasks to queue
[2024-11-18T08:41:33.361+0000] {logging_mixin.py:188} INFO - [2024-11-18T08:41:33.360+0000] {dagbag.py:545} INFO - Filling up the DagBag from /home/airflow/.local/lib/python3.12/site-packages/airflow/example_dags/example_short_circuit_operator.py
[2024-11-18T08:41:33.370+0000] {processor.py:840} INFO - DAG(s) 'example_short_circuit_operator' retrieved from /home/airflow/.local/lib/python3.12/site-packages/airflow/example_dags/example_short_circuit_operator.py
[2024-11-18T08:41:33.392+0000] {logging_mixin.py:188} INFO - [2024-11-18T08:41:33.392+0000] {dag.py:3096} INFO - Sync 1 DAGs
[2024-11-18T08:41:33.415+0000] {logging_mixin.py:188} INFO - [2024-11-18T08:41:33.415+0000] {dag.py:3954} INFO - Setting next_dagrun for example_short_circuit_operator to 2024-11-17 00:00:00+00:00, run_after=2024-11-18 00:00:00+00:00
[2024-11-18T08:41:33.445+0000] {processor.py:183} INFO - Processing /home/airflow/.local/lib/python3.12/site-packages/airflow/example_dags/example_short_circuit_operator.py took 0.094 seconds
[2024-11-18T08:42:04.022+0000] {processor.py:161} INFO - Started process (PID=3978) to work on /home/airflow/.local/lib/python3.12/site-packages/airflow/example_dags/example_short_circuit_operator.py
[2024-11-18T08:42:04.023+0000] {processor.py:830} INFO - Processing file /home/airflow/.local/lib/python3.12/site-packages/airflow/example_dags/example_short_circuit_operator.py for tasks to queue
[2024-11-18T08:42:04.025+0000] {logging_mixin.py:188} INFO - [2024-11-18T08:42:04.025+0000] {dagbag.py:545} INFO - Filling up the DagBag from /home/airflow/.local/lib/python3.12/site-packages/airflow/example_dags/example_short_circuit_operator.py
[2024-11-18T08:42:04.032+0000] {processor.py:840} INFO - DAG(s) 'example_short_circuit_operator' retrieved from /home/airflow/.local/lib/python3.12/site-packages/airflow/example_dags/example_short_circuit_operator.py
[2024-11-18T08:42:04.058+0000] {logging_mixin.py:188} INFO - [2024-11-18T08:42:04.058+0000] {dag.py:3096} INFO - Sync 1 DAGs
[2024-11-18T08:42:04.081+0000] {logging_mixin.py:188} INFO - [2024-11-18T08:42:04.081+0000] {dag.py:3954} INFO - Setting next_dagrun for example_short_circuit_operator to 2024-11-17 00:00:00+00:00, run_after=2024-11-18 00:00:00+00:00
[2024-11-18T08:42:04.111+0000] {processor.py:183} INFO - Processing /home/airflow/.local/lib/python3.12/site-packages/airflow/example_dags/example_short_circuit_operator.py took 0.094 seconds
[2024-11-18T08:42:34.938+0000] {processor.py:161} INFO - Started process (PID=4240) to work on /home/airflow/.local/lib/python3.12/site-packages/airflow/example_dags/example_short_circuit_operator.py
[2024-11-18T08:42:34.940+0000] {processor.py:830} INFO - Processing file /home/airflow/.local/lib/python3.12/site-packages/airflow/example_dags/example_short_circuit_operator.py for tasks to queue
[2024-11-18T08:42:34.943+0000] {logging_mixin.py:188} INFO - [2024-11-18T08:42:34.943+0000] {dagbag.py:545} INFO - Filling up the DagBag from /home/airflow/.local/lib/python3.12/site-packages/airflow/example_dags/example_short_circuit_operator.py
[2024-11-18T08:42:34.955+0000] {processor.py:840} INFO - DAG(s) 'example_short_circuit_operator' retrieved from /home/airflow/.local/lib/python3.12/site-packages/airflow/example_dags/example_short_circuit_operator.py
[2024-11-18T08:42:35.004+0000] {logging_mixin.py:188} INFO - [2024-11-18T08:42:35.003+0000] {dag.py:3096} INFO - Sync 1 DAGs
[2024-11-18T08:42:35.042+0000] {logging_mixin.py:188} INFO - [2024-11-18T08:42:35.042+0000] {dag.py:3954} INFO - Setting next_dagrun for example_short_circuit_operator to 2024-11-17 00:00:00+00:00, run_after=2024-11-18 00:00:00+00:00
[2024-11-18T08:42:35.076+0000] {processor.py:183} INFO - Processing /home/airflow/.local/lib/python3.12/site-packages/airflow/example_dags/example_short_circuit_operator.py took 0.148 seconds
[2024-11-18T08:43:05.204+0000] {processor.py:161} INFO - Started process (PID=4502) to work on /home/airflow/.local/lib/python3.12/site-packages/airflow/example_dags/example_short_circuit_operator.py
[2024-11-18T08:43:05.213+0000] {processor.py:830} INFO - Processing file /home/airflow/.local/lib/python3.12/site-packages/airflow/example_dags/example_short_circuit_operator.py for tasks to queue
[2024-11-18T08:43:05.216+0000] {logging_mixin.py:188} INFO - [2024-11-18T08:43:05.216+0000] {dagbag.py:545} INFO - Filling up the DagBag from /home/airflow/.local/lib/python3.12/site-packages/airflow/example_dags/example_short_circuit_operator.py
[2024-11-18T08:43:05.226+0000] {processor.py:840} INFO - DAG(s) 'example_short_circuit_operator' retrieved from /home/airflow/.local/lib/python3.12/site-packages/airflow/example_dags/example_short_circuit_operator.py
[2024-11-18T08:43:05.267+0000] {logging_mixin.py:188} INFO - [2024-11-18T08:43:05.266+0000] {dag.py:3096} INFO - Sync 1 DAGs
[2024-11-18T08:43:05.304+0000] {logging_mixin.py:188} INFO - [2024-11-18T08:43:05.304+0000] {dag.py:3954} INFO - Setting next_dagrun for example_short_circuit_operator to 2024-11-17 00:00:00+00:00, run_after=2024-11-18 00:00:00+00:00
[2024-11-18T08:43:05.335+0000] {processor.py:183} INFO - Processing /home/airflow/.local/lib/python3.12/site-packages/airflow/example_dags/example_short_circuit_operator.py took 0.141 seconds
[2024-11-18T08:43:35.747+0000] {processor.py:161} INFO - Started process (PID=4764) to work on /home/airflow/.local/lib/python3.12/site-packages/airflow/example_dags/example_short_circuit_operator.py
[2024-11-18T08:43:35.748+0000] {processor.py:830} INFO - Processing file /home/airflow/.local/lib/python3.12/site-packages/airflow/example_dags/example_short_circuit_operator.py for tasks to queue
[2024-11-18T08:43:35.750+0000] {logging_mixin.py:188} INFO - [2024-11-18T08:43:35.750+0000] {dagbag.py:545} INFO - Filling up the DagBag from /home/airflow/.local/lib/python3.12/site-packages/airflow/example_dags/example_short_circuit_operator.py
[2024-11-18T08:43:35.756+0000] {processor.py:840} INFO - DAG(s) 'example_short_circuit_operator' retrieved from /home/airflow/.local/lib/python3.12/site-packages/airflow/example_dags/example_short_circuit_operator.py
[2024-11-18T08:43:35.777+0000] {logging_mixin.py:188} INFO - [2024-11-18T08:43:35.777+0000] {dag.py:3096} INFO - Sync 1 DAGs
[2024-11-18T08:43:35.796+0000] {logging_mixin.py:188} INFO - [2024-11-18T08:43:35.796+0000] {dag.py:3954} INFO - Setting next_dagrun for example_short_circuit_operator to 2024-11-17 00:00:00+00:00, run_after=2024-11-18 00:00:00+00:00
[2024-11-18T08:43:35.825+0000] {processor.py:183} INFO - Processing /home/airflow/.local/lib/python3.12/site-packages/airflow/example_dags/example_short_circuit_operator.py took 0.084 seconds
[2024-11-18T08:44:05.892+0000] {processor.py:161} INFO - Started process (PID=5026) to work on /home/airflow/.local/lib/python3.12/site-packages/airflow/example_dags/example_short_circuit_operator.py
[2024-11-18T08:44:05.893+0000] {processor.py:830} INFO - Processing file /home/airflow/.local/lib/python3.12/site-packages/airflow/example_dags/example_short_circuit_operator.py for tasks to queue
[2024-11-18T08:44:05.895+0000] {logging_mixin.py:188} INFO - [2024-11-18T08:44:05.895+0000] {dagbag.py:545} INFO - Filling up the DagBag from /home/airflow/.local/lib/python3.12/site-packages/airflow/example_dags/example_short_circuit_operator.py
[2024-11-18T08:44:05.903+0000] {processor.py:840} INFO - DAG(s) 'example_short_circuit_operator' retrieved from /home/airflow/.local/lib/python3.12/site-packages/airflow/example_dags/example_short_circuit_operator.py
[2024-11-18T08:44:05.925+0000] {logging_mixin.py:188} INFO - [2024-11-18T08:44:05.925+0000] {dag.py:3096} INFO - Sync 1 DAGs
[2024-11-18T08:44:05.946+0000] {logging_mixin.py:188} INFO - [2024-11-18T08:44:05.945+0000] {dag.py:3954} INFO - Setting next_dagrun for example_short_circuit_operator to 2024-11-17 00:00:00+00:00, run_after=2024-11-18 00:00:00+00:00
[2024-11-18T08:44:05.965+0000] {processor.py:183} INFO - Processing /home/airflow/.local/lib/python3.12/site-packages/airflow/example_dags/example_short_circuit_operator.py took 0.080 seconds
[2024-11-18T08:44:36.163+0000] {processor.py:161} INFO - Started process (PID=5288) to work on /home/airflow/.local/lib/python3.12/site-packages/airflow/example_dags/example_short_circuit_operator.py
[2024-11-18T08:44:36.164+0000] {processor.py:830} INFO - Processing file /home/airflow/.local/lib/python3.12/site-packages/airflow/example_dags/example_short_circuit_operator.py for tasks to queue
[2024-11-18T08:44:36.167+0000] {logging_mixin.py:188} INFO - [2024-11-18T08:44:36.166+0000] {dagbag.py:545} INFO - Filling up the DagBag from /home/airflow/.local/lib/python3.12/site-packages/airflow/example_dags/example_short_circuit_operator.py
[2024-11-18T08:44:36.175+0000] {processor.py:840} INFO - DAG(s) 'example_short_circuit_operator' retrieved from /home/airflow/.local/lib/python3.12/site-packages/airflow/example_dags/example_short_circuit_operator.py
[2024-11-18T08:44:36.198+0000] {logging_mixin.py:188} INFO - [2024-11-18T08:44:36.197+0000] {dag.py:3096} INFO - Sync 1 DAGs
[2024-11-18T08:44:36.217+0000] {logging_mixin.py:188} INFO - [2024-11-18T08:44:36.217+0000] {dag.py:3954} INFO - Setting next_dagrun for example_short_circuit_operator to 2024-11-17 00:00:00+00:00, run_after=2024-11-18 00:00:00+00:00
[2024-11-18T08:44:36.247+0000] {processor.py:183} INFO - Processing /home/airflow/.local/lib/python3.12/site-packages/airflow/example_dags/example_short_circuit_operator.py took 0.089 seconds
[2024-11-18T08:45:06.635+0000] {processor.py:161} INFO - Started process (PID=5550) to work on /home/airflow/.local/lib/python3.12/site-packages/airflow/example_dags/example_short_circuit_operator.py
[2024-11-18T08:45:06.637+0000] {processor.py:830} INFO - Processing file /home/airflow/.local/lib/python3.12/site-packages/airflow/example_dags/example_short_circuit_operator.py for tasks to queue
[2024-11-18T08:45:06.639+0000] {logging_mixin.py:188} INFO - [2024-11-18T08:45:06.639+0000] {dagbag.py:545} INFO - Filling up the DagBag from /home/airflow/.local/lib/python3.12/site-packages/airflow/example_dags/example_short_circuit_operator.py
[2024-11-18T08:45:06.648+0000] {processor.py:840} INFO - DAG(s) 'example_short_circuit_operator' retrieved from /home/airflow/.local/lib/python3.12/site-packages/airflow/example_dags/example_short_circuit_operator.py
[2024-11-18T08:45:06.670+0000] {logging_mixin.py:188} INFO - [2024-11-18T08:45:06.670+0000] {dag.py:3096} INFO - Sync 1 DAGs
[2024-11-18T08:45:06.691+0000] {logging_mixin.py:188} INFO - [2024-11-18T08:45:06.691+0000] {dag.py:3954} INFO - Setting next_dagrun for example_short_circuit_operator to 2024-11-17 00:00:00+00:00, run_after=2024-11-18 00:00:00+00:00
[2024-11-18T08:45:06.722+0000] {processor.py:183} INFO - Processing /home/airflow/.local/lib/python3.12/site-packages/airflow/example_dags/example_short_circuit_operator.py took 0.094 seconds
[2024-11-18T08:45:36.907+0000] {processor.py:161} INFO - Started process (PID=5814) to work on /home/airflow/.local/lib/python3.12/site-packages/airflow/example_dags/example_short_circuit_operator.py
[2024-11-18T08:45:36.908+0000] {processor.py:830} INFO - Processing file /home/airflow/.local/lib/python3.12/site-packages/airflow/example_dags/example_short_circuit_operator.py for tasks to queue
[2024-11-18T08:45:36.910+0000] {logging_mixin.py:188} INFO - [2024-11-18T08:45:36.910+0000] {dagbag.py:545} INFO - Filling up the DagBag from /home/airflow/.local/lib/python3.12/site-packages/airflow/example_dags/example_short_circuit_operator.py
[2024-11-18T08:45:36.917+0000] {processor.py:840} INFO - DAG(s) 'example_short_circuit_operator' retrieved from /home/airflow/.local/lib/python3.12/site-packages/airflow/example_dags/example_short_circuit_operator.py
[2024-11-18T08:45:36.941+0000] {logging_mixin.py:188} INFO - [2024-11-18T08:45:36.940+0000] {dag.py:3096} INFO - Sync 1 DAGs
[2024-11-18T08:45:36.961+0000] {logging_mixin.py:188} INFO - [2024-11-18T08:45:36.961+0000] {dag.py:3954} INFO - Setting next_dagrun for example_short_circuit_operator to 2024-11-17 00:00:00+00:00, run_after=2024-11-18 00:00:00+00:00
[2024-11-18T08:45:36.986+0000] {processor.py:183} INFO - Processing /home/airflow/.local/lib/python3.12/site-packages/airflow/example_dags/example_short_circuit_operator.py took 0.085 seconds
[2024-11-18T08:46:07.158+0000] {processor.py:161} INFO - Started process (PID=6076) to work on /home/airflow/.local/lib/python3.12/site-packages/airflow/example_dags/example_short_circuit_operator.py
[2024-11-18T08:46:07.159+0000] {processor.py:830} INFO - Processing file /home/airflow/.local/lib/python3.12/site-packages/airflow/example_dags/example_short_circuit_operator.py for tasks to queue
[2024-11-18T08:46:07.160+0000] {logging_mixin.py:188} INFO - [2024-11-18T08:46:07.160+0000] {dagbag.py:545} INFO - Filling up the DagBag from /home/airflow/.local/lib/python3.12/site-packages/airflow/example_dags/example_short_circuit_operator.py
[2024-11-18T08:46:07.167+0000] {processor.py:840} INFO - DAG(s) 'example_short_circuit_operator' retrieved from /home/airflow/.local/lib/python3.12/site-packages/airflow/example_dags/example_short_circuit_operator.py
[2024-11-18T08:46:07.188+0000] {logging_mixin.py:188} INFO - [2024-11-18T08:46:07.188+0000] {dag.py:3096} INFO - Sync 1 DAGs
[2024-11-18T08:46:07.206+0000] {logging_mixin.py:188} INFO - [2024-11-18T08:46:07.206+0000] {dag.py:3954} INFO - Setting next_dagrun for example_short_circuit_operator to 2024-11-17 00:00:00+00:00, run_after=2024-11-18 00:00:00+00:00
[2024-11-18T08:46:07.227+0000] {processor.py:183} INFO - Processing /home/airflow/.local/lib/python3.12/site-packages/airflow/example_dags/example_short_circuit_operator.py took 0.074 seconds
[2024-11-18T08:46:37.316+0000] {processor.py:161} INFO - Started process (PID=6338) to work on /home/airflow/.local/lib/python3.12/site-packages/airflow/example_dags/example_short_circuit_operator.py
[2024-11-18T08:46:37.317+0000] {processor.py:830} INFO - Processing file /home/airflow/.local/lib/python3.12/site-packages/airflow/example_dags/example_short_circuit_operator.py for tasks to queue
[2024-11-18T08:46:37.319+0000] {logging_mixin.py:188} INFO - [2024-11-18T08:46:37.319+0000] {dagbag.py:545} INFO - Filling up the DagBag from /home/airflow/.local/lib/python3.12/site-packages/airflow/example_dags/example_short_circuit_operator.py
[2024-11-18T08:46:37.326+0000] {processor.py:840} INFO - DAG(s) 'example_short_circuit_operator' retrieved from /home/airflow/.local/lib/python3.12/site-packages/airflow/example_dags/example_short_circuit_operator.py
[2024-11-18T08:46:37.358+0000] {logging_mixin.py:188} INFO - [2024-11-18T08:46:37.358+0000] {dag.py:3096} INFO - Sync 1 DAGs
[2024-11-18T08:46:37.386+0000] {logging_mixin.py:188} INFO - [2024-11-18T08:46:37.386+0000] {dag.py:3954} INFO - Setting next_dagrun for example_short_circuit_operator to 2024-11-17 00:00:00+00:00, run_after=2024-11-18 00:00:00+00:00
[2024-11-18T08:46:37.410+0000] {processor.py:183} INFO - Processing /home/airflow/.local/lib/python3.12/site-packages/airflow/example_dags/example_short_circuit_operator.py took 0.100 seconds
[2024-11-18T08:47:07.502+0000] {processor.py:161} INFO - Started process (PID=6598) to work on /home/airflow/.local/lib/python3.12/site-packages/airflow/example_dags/example_short_circuit_operator.py
[2024-11-18T08:47:07.503+0000] {processor.py:830} INFO - Processing file /home/airflow/.local/lib/python3.12/site-packages/airflow/example_dags/example_short_circuit_operator.py for tasks to queue
[2024-11-18T08:47:07.506+0000] {logging_mixin.py:188} INFO - [2024-11-18T08:47:07.505+0000] {dagbag.py:545} INFO - Filling up the DagBag from /home/airflow/.local/lib/python3.12/site-packages/airflow/example_dags/example_short_circuit_operator.py
[2024-11-18T08:47:07.513+0000] {processor.py:840} INFO - DAG(s) 'example_short_circuit_operator' retrieved from /home/airflow/.local/lib/python3.12/site-packages/airflow/example_dags/example_short_circuit_operator.py
[2024-11-18T08:47:07.534+0000] {logging_mixin.py:188} INFO - [2024-11-18T08:47:07.534+0000] {dag.py:3096} INFO - Sync 1 DAGs
[2024-11-18T08:47:07.554+0000] {logging_mixin.py:188} INFO - [2024-11-18T08:47:07.554+0000] {dag.py:3954} INFO - Setting next_dagrun for example_short_circuit_operator to 2024-11-17 00:00:00+00:00, run_after=2024-11-18 00:00:00+00:00
[2024-11-18T08:47:07.585+0000] {processor.py:183} INFO - Processing /home/airflow/.local/lib/python3.12/site-packages/airflow/example_dags/example_short_circuit_operator.py took 0.089 seconds
[2024-11-18T08:47:37.905+0000] {processor.py:161} INFO - Started process (PID=6860) to work on /home/airflow/.local/lib/python3.12/site-packages/airflow/example_dags/example_short_circuit_operator.py
[2024-11-18T08:47:37.906+0000] {processor.py:830} INFO - Processing file /home/airflow/.local/lib/python3.12/site-packages/airflow/example_dags/example_short_circuit_operator.py for tasks to queue
[2024-11-18T08:47:37.908+0000] {logging_mixin.py:188} INFO - [2024-11-18T08:47:37.907+0000] {dagbag.py:545} INFO - Filling up the DagBag from /home/airflow/.local/lib/python3.12/site-packages/airflow/example_dags/example_short_circuit_operator.py
[2024-11-18T08:47:37.915+0000] {processor.py:840} INFO - DAG(s) 'example_short_circuit_operator' retrieved from /home/airflow/.local/lib/python3.12/site-packages/airflow/example_dags/example_short_circuit_operator.py
[2024-11-18T08:47:37.936+0000] {logging_mixin.py:188} INFO - [2024-11-18T08:47:37.936+0000] {dag.py:3096} INFO - Sync 1 DAGs
[2024-11-18T08:47:37.956+0000] {logging_mixin.py:188} INFO - [2024-11-18T08:47:37.956+0000] {dag.py:3954} INFO - Setting next_dagrun for example_short_circuit_operator to 2024-11-17 00:00:00+00:00, run_after=2024-11-18 00:00:00+00:00
[2024-11-18T08:47:37.976+0000] {processor.py:183} INFO - Processing /home/airflow/.local/lib/python3.12/site-packages/airflow/example_dags/example_short_circuit_operator.py took 0.077 seconds
[2024-11-18T08:48:08.263+0000] {processor.py:161} INFO - Started process (PID=7122) to work on /home/airflow/.local/lib/python3.12/site-packages/airflow/example_dags/example_short_circuit_operator.py
[2024-11-18T08:48:08.264+0000] {processor.py:830} INFO - Processing file /home/airflow/.local/lib/python3.12/site-packages/airflow/example_dags/example_short_circuit_operator.py for tasks to queue
[2024-11-18T08:48:08.266+0000] {logging_mixin.py:188} INFO - [2024-11-18T08:48:08.266+0000] {dagbag.py:545} INFO - Filling up the DagBag from /home/airflow/.local/lib/python3.12/site-packages/airflow/example_dags/example_short_circuit_operator.py
[2024-11-18T08:48:08.275+0000] {processor.py:840} INFO - DAG(s) 'example_short_circuit_operator' retrieved from /home/airflow/.local/lib/python3.12/site-packages/airflow/example_dags/example_short_circuit_operator.py
[2024-11-18T08:48:08.298+0000] {logging_mixin.py:188} INFO - [2024-11-18T08:48:08.298+0000] {dag.py:3096} INFO - Sync 1 DAGs
[2024-11-18T08:48:08.320+0000] {logging_mixin.py:188} INFO - [2024-11-18T08:48:08.319+0000] {dag.py:3954} INFO - Setting next_dagrun for example_short_circuit_operator to 2024-11-17 00:00:00+00:00, run_after=2024-11-18 00:00:00+00:00
[2024-11-18T08:48:08.349+0000] {processor.py:183} INFO - Processing /home/airflow/.local/lib/python3.12/site-packages/airflow/example_dags/example_short_circuit_operator.py took 0.092 seconds
[2024-11-18T08:48:38.783+0000] {processor.py:161} INFO - Started process (PID=7384) to work on /home/airflow/.local/lib/python3.12/site-packages/airflow/example_dags/example_short_circuit_operator.py
[2024-11-18T08:48:38.785+0000] {processor.py:830} INFO - Processing file /home/airflow/.local/lib/python3.12/site-packages/airflow/example_dags/example_short_circuit_operator.py for tasks to queue
[2024-11-18T08:48:38.788+0000] {logging_mixin.py:188} INFO - [2024-11-18T08:48:38.787+0000] {dagbag.py:545} INFO - Filling up the DagBag from /home/airflow/.local/lib/python3.12/site-packages/airflow/example_dags/example_short_circuit_operator.py
[2024-11-18T08:48:38.797+0000] {processor.py:840} INFO - DAG(s) 'example_short_circuit_operator' retrieved from /home/airflow/.local/lib/python3.12/site-packages/airflow/example_dags/example_short_circuit_operator.py
[2024-11-18T08:48:38.825+0000] {logging_mixin.py:188} INFO - [2024-11-18T08:48:38.825+0000] {dag.py:3096} INFO - Sync 1 DAGs
[2024-11-18T08:48:38.858+0000] {logging_mixin.py:188} INFO - [2024-11-18T08:48:38.857+0000] {dag.py:3954} INFO - Setting next_dagrun for example_short_circuit_operator to 2024-11-17 00:00:00+00:00, run_after=2024-11-18 00:00:00+00:00
[2024-11-18T08:48:38.903+0000] {processor.py:183} INFO - Processing /home/airflow/.local/lib/python3.12/site-packages/airflow/example_dags/example_short_circuit_operator.py took 0.128 seconds
[2024-11-18T08:49:09.304+0000] {processor.py:161} INFO - Started process (PID=7646) to work on /home/airflow/.local/lib/python3.12/site-packages/airflow/example_dags/example_short_circuit_operator.py
[2024-11-18T08:49:09.305+0000] {processor.py:830} INFO - Processing file /home/airflow/.local/lib/python3.12/site-packages/airflow/example_dags/example_short_circuit_operator.py for tasks to queue
[2024-11-18T08:49:09.307+0000] {logging_mixin.py:188} INFO - [2024-11-18T08:49:09.307+0000] {dagbag.py:545} INFO - Filling up the DagBag from /home/airflow/.local/lib/python3.12/site-packages/airflow/example_dags/example_short_circuit_operator.py
[2024-11-18T08:49:09.314+0000] {processor.py:840} INFO - DAG(s) 'example_short_circuit_operator' retrieved from /home/airflow/.local/lib/python3.12/site-packages/airflow/example_dags/example_short_circuit_operator.py
[2024-11-18T08:49:09.340+0000] {logging_mixin.py:188} INFO - [2024-11-18T08:49:09.340+0000] {dag.py:3096} INFO - Sync 1 DAGs
[2024-11-18T08:49:09.364+0000] {logging_mixin.py:188} INFO - [2024-11-18T08:49:09.364+0000] {dag.py:3954} INFO - Setting next_dagrun for example_short_circuit_operator to 2024-11-17 00:00:00+00:00, run_after=2024-11-18 00:00:00+00:00
[2024-11-18T08:49:09.384+0000] {processor.py:183} INFO - Processing /home/airflow/.local/lib/python3.12/site-packages/airflow/example_dags/example_short_circuit_operator.py took 0.087 seconds
[2024-11-18T08:49:39.500+0000] {processor.py:161} INFO - Started process (PID=7908) to work on /home/airflow/.local/lib/python3.12/site-packages/airflow/example_dags/example_short_circuit_operator.py
[2024-11-18T08:49:39.501+0000] {processor.py:830} INFO - Processing file /home/airflow/.local/lib/python3.12/site-packages/airflow/example_dags/example_short_circuit_operator.py for tasks to queue
[2024-11-18T08:49:39.503+0000] {logging_mixin.py:188} INFO - [2024-11-18T08:49:39.502+0000] {dagbag.py:545} INFO - Filling up the DagBag from /home/airflow/.local/lib/python3.12/site-packages/airflow/example_dags/example_short_circuit_operator.py
[2024-11-18T08:49:39.509+0000] {processor.py:840} INFO - DAG(s) 'example_short_circuit_operator' retrieved from /home/airflow/.local/lib/python3.12/site-packages/airflow/example_dags/example_short_circuit_operator.py
[2024-11-18T08:49:39.529+0000] {logging_mixin.py:188} INFO - [2024-11-18T08:49:39.529+0000] {dag.py:3096} INFO - Sync 1 DAGs
[2024-11-18T08:49:39.549+0000] {logging_mixin.py:188} INFO - [2024-11-18T08:49:39.548+0000] {dag.py:3954} INFO - Setting next_dagrun for example_short_circuit_operator to 2024-11-17 00:00:00+00:00, run_after=2024-11-18 00:00:00+00:00
[2024-11-18T08:49:39.578+0000] {processor.py:183} INFO - Processing /home/airflow/.local/lib/python3.12/site-packages/airflow/example_dags/example_short_circuit_operator.py took 0.083 seconds
[2024-11-18T08:50:09.770+0000] {processor.py:161} INFO - Started process (PID=8172) to work on /home/airflow/.local/lib/python3.12/site-packages/airflow/example_dags/example_short_circuit_operator.py
[2024-11-18T08:50:09.771+0000] {processor.py:830} INFO - Processing file /home/airflow/.local/lib/python3.12/site-packages/airflow/example_dags/example_short_circuit_operator.py for tasks to queue
[2024-11-18T08:50:09.773+0000] {logging_mixin.py:188} INFO - [2024-11-18T08:50:09.773+0000] {dagbag.py:545} INFO - Filling up the DagBag from /home/airflow/.local/lib/python3.12/site-packages/airflow/example_dags/example_short_circuit_operator.py
[2024-11-18T08:50:09.779+0000] {processor.py:840} INFO - DAG(s) 'example_short_circuit_operator' retrieved from /home/airflow/.local/lib/python3.12/site-packages/airflow/example_dags/example_short_circuit_operator.py
[2024-11-18T08:50:09.800+0000] {logging_mixin.py:188} INFO - [2024-11-18T08:50:09.800+0000] {dag.py:3096} INFO - Sync 1 DAGs
[2024-11-18T08:50:09.819+0000] {logging_mixin.py:188} INFO - [2024-11-18T08:50:09.819+0000] {dag.py:3954} INFO - Setting next_dagrun for example_short_circuit_operator to 2024-11-17 00:00:00+00:00, run_after=2024-11-18 00:00:00+00:00
[2024-11-18T08:50:09.838+0000] {processor.py:183} INFO - Processing /home/airflow/.local/lib/python3.12/site-packages/airflow/example_dags/example_short_circuit_operator.py took 0.073 seconds
[2024-11-18T08:50:40.190+0000] {processor.py:161} INFO - Started process (PID=8432) to work on /home/airflow/.local/lib/python3.12/site-packages/airflow/example_dags/example_short_circuit_operator.py
[2024-11-18T08:50:40.192+0000] {processor.py:830} INFO - Processing file /home/airflow/.local/lib/python3.12/site-packages/airflow/example_dags/example_short_circuit_operator.py for tasks to queue
[2024-11-18T08:50:40.195+0000] {logging_mixin.py:188} INFO - [2024-11-18T08:50:40.195+0000] {dagbag.py:545} INFO - Filling up the DagBag from /home/airflow/.local/lib/python3.12/site-packages/airflow/example_dags/example_short_circuit_operator.py
[2024-11-18T08:50:40.204+0000] {processor.py:840} INFO - DAG(s) 'example_short_circuit_operator' retrieved from /home/airflow/.local/lib/python3.12/site-packages/airflow/example_dags/example_short_circuit_operator.py
[2024-11-18T08:50:40.231+0000] {logging_mixin.py:188} INFO - [2024-11-18T08:50:40.231+0000] {dag.py:3096} INFO - Sync 1 DAGs
[2024-11-18T08:50:40.254+0000] {logging_mixin.py:188} INFO - [2024-11-18T08:50:40.253+0000] {dag.py:3954} INFO - Setting next_dagrun for example_short_circuit_operator to 2024-11-17 00:00:00+00:00, run_after=2024-11-18 00:00:00+00:00
[2024-11-18T08:50:40.286+0000] {processor.py:183} INFO - Processing /home/airflow/.local/lib/python3.12/site-packages/airflow/example_dags/example_short_circuit_operator.py took 0.102 seconds
[2024-11-18T08:51:10.444+0000] {processor.py:161} INFO - Started process (PID=8697) to work on /home/airflow/.local/lib/python3.12/site-packages/airflow/example_dags/example_short_circuit_operator.py
[2024-11-18T08:51:10.445+0000] {processor.py:830} INFO - Processing file /home/airflow/.local/lib/python3.12/site-packages/airflow/example_dags/example_short_circuit_operator.py for tasks to queue
[2024-11-18T08:51:10.447+0000] {logging_mixin.py:188} INFO - [2024-11-18T08:51:10.447+0000] {dagbag.py:545} INFO - Filling up the DagBag from /home/airflow/.local/lib/python3.12/site-packages/airflow/example_dags/example_short_circuit_operator.py
[2024-11-18T08:51:10.453+0000] {processor.py:840} INFO - DAG(s) 'example_short_circuit_operator' retrieved from /home/airflow/.local/lib/python3.12/site-packages/airflow/example_dags/example_short_circuit_operator.py
[2024-11-18T08:51:10.474+0000] {logging_mixin.py:188} INFO - [2024-11-18T08:51:10.474+0000] {dag.py:3096} INFO - Sync 1 DAGs
[2024-11-18T08:51:10.495+0000] {logging_mixin.py:188} INFO - [2024-11-18T08:51:10.495+0000] {dag.py:3954} INFO - Setting next_dagrun for example_short_circuit_operator to 2024-11-17 00:00:00+00:00, run_after=2024-11-18 00:00:00+00:00
[2024-11-18T08:51:10.517+0000] {processor.py:183} INFO - Processing /home/airflow/.local/lib/python3.12/site-packages/airflow/example_dags/example_short_circuit_operator.py took 0.077 seconds
[2024-11-18T08:51:40.787+0000] {processor.py:161} INFO - Started process (PID=8957) to work on /home/airflow/.local/lib/python3.12/site-packages/airflow/example_dags/example_short_circuit_operator.py
[2024-11-18T08:51:40.789+0000] {processor.py:830} INFO - Processing file /home/airflow/.local/lib/python3.12/site-packages/airflow/example_dags/example_short_circuit_operator.py for tasks to queue
[2024-11-18T08:51:40.791+0000] {logging_mixin.py:188} INFO - [2024-11-18T08:51:40.791+0000] {dagbag.py:545} INFO - Filling up the DagBag from /home/airflow/.local/lib/python3.12/site-packages/airflow/example_dags/example_short_circuit_operator.py
[2024-11-18T08:51:40.799+0000] {processor.py:840} INFO - DAG(s) 'example_short_circuit_operator' retrieved from /home/airflow/.local/lib/python3.12/site-packages/airflow/example_dags/example_short_circuit_operator.py
[2024-11-18T08:51:40.822+0000] {logging_mixin.py:188} INFO - [2024-11-18T08:51:40.821+0000] {dag.py:3096} INFO - Sync 1 DAGs
[2024-11-18T08:51:40.841+0000] {logging_mixin.py:188} INFO - [2024-11-18T08:51:40.841+0000] {dag.py:3954} INFO - Setting next_dagrun for example_short_circuit_operator to 2024-11-17 00:00:00+00:00, run_after=2024-11-18 00:00:00+00:00
[2024-11-18T08:51:40.874+0000] {processor.py:183} INFO - Processing /home/airflow/.local/lib/python3.12/site-packages/airflow/example_dags/example_short_circuit_operator.py took 0.092 seconds
[2024-11-18T08:52:11.418+0000] {processor.py:161} INFO - Started process (PID=9219) to work on /home/airflow/.local/lib/python3.12/site-packages/airflow/example_dags/example_short_circuit_operator.py
[2024-11-18T08:52:11.419+0000] {processor.py:830} INFO - Processing file /home/airflow/.local/lib/python3.12/site-packages/airflow/example_dags/example_short_circuit_operator.py for tasks to queue
[2024-11-18T08:52:11.421+0000] {logging_mixin.py:188} INFO - [2024-11-18T08:52:11.421+0000] {dagbag.py:545} INFO - Filling up the DagBag from /home/airflow/.local/lib/python3.12/site-packages/airflow/example_dags/example_short_circuit_operator.py
[2024-11-18T08:52:11.428+0000] {processor.py:840} INFO - DAG(s) 'example_short_circuit_operator' retrieved from /home/airflow/.local/lib/python3.12/site-packages/airflow/example_dags/example_short_circuit_operator.py
[2024-11-18T08:52:11.452+0000] {logging_mixin.py:188} INFO - [2024-11-18T08:52:11.452+0000] {dag.py:3096} INFO - Sync 1 DAGs
[2024-11-18T08:52:11.473+0000] {logging_mixin.py:188} INFO - [2024-11-18T08:52:11.473+0000] {dag.py:3954} INFO - Setting next_dagrun for example_short_circuit_operator to 2024-11-17 00:00:00+00:00, run_after=2024-11-18 00:00:00+00:00
[2024-11-18T08:52:11.505+0000] {processor.py:183} INFO - Processing /home/airflow/.local/lib/python3.12/site-packages/airflow/example_dags/example_short_circuit_operator.py took 0.094 seconds
[2024-11-18T08:52:42.130+0000] {processor.py:161} INFO - Started process (PID=9483) to work on /home/airflow/.local/lib/python3.12/site-packages/airflow/example_dags/example_short_circuit_operator.py
[2024-11-18T08:52:42.131+0000] {processor.py:830} INFO - Processing file /home/airflow/.local/lib/python3.12/site-packages/airflow/example_dags/example_short_circuit_operator.py for tasks to queue
[2024-11-18T08:52:42.133+0000] {logging_mixin.py:188} INFO - [2024-11-18T08:52:42.133+0000] {dagbag.py:545} INFO - Filling up the DagBag from /home/airflow/.local/lib/python3.12/site-packages/airflow/example_dags/example_short_circuit_operator.py
[2024-11-18T08:52:42.139+0000] {processor.py:840} INFO - DAG(s) 'example_short_circuit_operator' retrieved from /home/airflow/.local/lib/python3.12/site-packages/airflow/example_dags/example_short_circuit_operator.py
[2024-11-18T08:52:42.160+0000] {logging_mixin.py:188} INFO - [2024-11-18T08:52:42.160+0000] {dag.py:3096} INFO - Sync 1 DAGs
[2024-11-18T08:52:42.178+0000] {logging_mixin.py:188} INFO - [2024-11-18T08:52:42.178+0000] {dag.py:3954} INFO - Setting next_dagrun for example_short_circuit_operator to 2024-11-17 00:00:00+00:00, run_after=2024-11-18 00:00:00+00:00
[2024-11-18T08:52:42.198+0000] {processor.py:183} INFO - Processing /home/airflow/.local/lib/python3.12/site-packages/airflow/example_dags/example_short_circuit_operator.py took 0.073 seconds
[2024-11-18T08:53:12.408+0000] {processor.py:161} INFO - Started process (PID=9743) to work on /home/airflow/.local/lib/python3.12/site-packages/airflow/example_dags/example_short_circuit_operator.py
[2024-11-18T08:53:12.410+0000] {processor.py:830} INFO - Processing file /home/airflow/.local/lib/python3.12/site-packages/airflow/example_dags/example_short_circuit_operator.py for tasks to queue
[2024-11-18T08:53:12.413+0000] {logging_mixin.py:188} INFO - [2024-11-18T08:53:12.413+0000] {dagbag.py:545} INFO - Filling up the DagBag from /home/airflow/.local/lib/python3.12/site-packages/airflow/example_dags/example_short_circuit_operator.py
[2024-11-18T08:53:12.426+0000] {processor.py:840} INFO - DAG(s) 'example_short_circuit_operator' retrieved from /home/airflow/.local/lib/python3.12/site-packages/airflow/example_dags/example_short_circuit_operator.py
[2024-11-18T08:53:12.467+0000] {logging_mixin.py:188} INFO - [2024-11-18T08:53:12.467+0000] {dag.py:3096} INFO - Sync 1 DAGs
[2024-11-18T08:53:12.501+0000] {logging_mixin.py:188} INFO - [2024-11-18T08:53:12.500+0000] {dag.py:3954} INFO - Setting next_dagrun for example_short_circuit_operator to 2024-11-17 00:00:00+00:00, run_after=2024-11-18 00:00:00+00:00
[2024-11-18T08:53:12.521+0000] {processor.py:183} INFO - Processing /home/airflow/.local/lib/python3.12/site-packages/airflow/example_dags/example_short_circuit_operator.py took 0.121 seconds
