[2024-11-18T08:34:59.709+0000] {processor.py:161} INFO - Started process (PID=402) to work on /home/airflow/.local/lib/python3.12/site-packages/airflow/example_dags/example_sla_dag.py
[2024-11-18T08:34:59.716+0000] {processor.py:830} INFO - Processing file /home/airflow/.local/lib/python3.12/site-packages/airflow/example_dags/example_sla_dag.py for tasks to queue
[2024-11-18T08:34:59.722+0000] {logging_mixin.py:188} INFO - [2024-11-18T08:34:59.721+0000] {dagbag.py:545} INFO - Filling up the DagBag from /home/airflow/.local/lib/python3.12/site-packages/airflow/example_dags/example_sla_dag.py
[2024-11-18T08:34:59.748+0000] {processor.py:840} INFO - DAG(s) 'example_sla_dag' retrieved from /home/airflow/.local/lib/python3.12/site-packages/airflow/example_dags/example_sla_dag.py
[2024-11-18T08:34:59.783+0000] {logging_mixin.py:188} INFO - [2024-11-18T08:34:59.783+0000] {dag.py:3096} INFO - Sync 1 DAGs
[2024-11-18T08:34:59.816+0000] {logging_mixin.py:188} INFO - [2024-11-18T08:34:59.815+0000] {dag.py:3118} INFO - Creating ORM DAG for example_sla_dag
[2024-11-18T08:34:59.846+0000] {logging_mixin.py:188} INFO - [2024-11-18T08:34:59.845+0000] {dag.py:3954} INFO - Setting next_dagrun for example_sla_dag to 2024-11-18 08:32:00+00:00, run_after=2024-11-18 08:34:00+00:00
[2024-11-18T08:34:59.898+0000] {processor.py:183} INFO - Processing /home/airflow/.local/lib/python3.12/site-packages/airflow/example_dags/example_sla_dag.py took 0.208 seconds
[2024-11-18T08:35:30.116+0000] {processor.py:161} INFO - Started process (PID=662) to work on /home/airflow/.local/lib/python3.12/site-packages/airflow/example_dags/example_sla_dag.py
[2024-11-18T08:35:30.117+0000] {processor.py:830} INFO - Processing file /home/airflow/.local/lib/python3.12/site-packages/airflow/example_dags/example_sla_dag.py for tasks to queue
[2024-11-18T08:35:30.119+0000] {logging_mixin.py:188} INFO - [2024-11-18T08:35:30.119+0000] {dagbag.py:545} INFO - Filling up the DagBag from /home/airflow/.local/lib/python3.12/site-packages/airflow/example_dags/example_sla_dag.py
[2024-11-18T08:35:30.126+0000] {processor.py:840} INFO - DAG(s) 'example_sla_dag' retrieved from /home/airflow/.local/lib/python3.12/site-packages/airflow/example_dags/example_sla_dag.py
[2024-11-18T08:35:30.223+0000] {logging_mixin.py:188} INFO - [2024-11-18T08:35:30.222+0000] {dag.py:3096} INFO - Sync 1 DAGs
[2024-11-18T08:35:30.242+0000] {logging_mixin.py:188} INFO - [2024-11-18T08:35:30.242+0000] {dag.py:3954} INFO - Setting next_dagrun for example_sla_dag to 2024-11-18 08:32:00+00:00, run_after=2024-11-18 08:34:00+00:00
[2024-11-18T08:35:30.266+0000] {processor.py:183} INFO - Processing /home/airflow/.local/lib/python3.12/site-packages/airflow/example_dags/example_sla_dag.py took 0.155 seconds
[2024-11-18T08:36:00.858+0000] {processor.py:161} INFO - Started process (PID=926) to work on /home/airflow/.local/lib/python3.12/site-packages/airflow/example_dags/example_sla_dag.py
[2024-11-18T08:36:00.859+0000] {processor.py:830} INFO - Processing file /home/airflow/.local/lib/python3.12/site-packages/airflow/example_dags/example_sla_dag.py for tasks to queue
[2024-11-18T08:36:00.861+0000] {logging_mixin.py:188} INFO - [2024-11-18T08:36:00.860+0000] {dagbag.py:545} INFO - Filling up the DagBag from /home/airflow/.local/lib/python3.12/site-packages/airflow/example_dags/example_sla_dag.py
[2024-11-18T08:36:00.869+0000] {processor.py:840} INFO - DAG(s) 'example_sla_dag' retrieved from /home/airflow/.local/lib/python3.12/site-packages/airflow/example_dags/example_sla_dag.py
[2024-11-18T08:36:00.885+0000] {logging_mixin.py:188} INFO - [2024-11-18T08:36:00.885+0000] {dag.py:3096} INFO - Sync 1 DAGs
[2024-11-18T08:36:00.905+0000] {logging_mixin.py:188} INFO - [2024-11-18T08:36:00.905+0000] {dag.py:3954} INFO - Setting next_dagrun for example_sla_dag to 2024-11-18 08:34:00+00:00, run_after=2024-11-18 08:36:00+00:00
[2024-11-18T08:36:00.924+0000] {processor.py:183} INFO - Processing /home/airflow/.local/lib/python3.12/site-packages/airflow/example_dags/example_sla_dag.py took 0.072 seconds
[2024-11-18T08:36:31.527+0000] {processor.py:161} INFO - Started process (PID=1188) to work on /home/airflow/.local/lib/python3.12/site-packages/airflow/example_dags/example_sla_dag.py
[2024-11-18T08:36:31.528+0000] {processor.py:830} INFO - Processing file /home/airflow/.local/lib/python3.12/site-packages/airflow/example_dags/example_sla_dag.py for tasks to queue
[2024-11-18T08:36:31.530+0000] {logging_mixin.py:188} INFO - [2024-11-18T08:36:31.530+0000] {dagbag.py:545} INFO - Filling up the DagBag from /home/airflow/.local/lib/python3.12/site-packages/airflow/example_dags/example_sla_dag.py
[2024-11-18T08:36:31.538+0000] {processor.py:840} INFO - DAG(s) 'example_sla_dag' retrieved from /home/airflow/.local/lib/python3.12/site-packages/airflow/example_dags/example_sla_dag.py
[2024-11-18T08:36:31.558+0000] {logging_mixin.py:188} INFO - [2024-11-18T08:36:31.558+0000] {dag.py:3096} INFO - Sync 1 DAGs
[2024-11-18T08:36:31.583+0000] {logging_mixin.py:188} INFO - [2024-11-18T08:36:31.583+0000] {dag.py:3954} INFO - Setting next_dagrun for example_sla_dag to 2024-11-18 08:34:00+00:00, run_after=2024-11-18 08:36:00+00:00
[2024-11-18T08:36:31.603+0000] {processor.py:183} INFO - Processing /home/airflow/.local/lib/python3.12/site-packages/airflow/example_dags/example_sla_dag.py took 0.080 seconds
[2024-11-18T08:37:02.574+0000] {processor.py:161} INFO - Started process (PID=1448) to work on /home/airflow/.local/lib/python3.12/site-packages/airflow/example_dags/example_sla_dag.py
[2024-11-18T08:37:02.575+0000] {processor.py:830} INFO - Processing file /home/airflow/.local/lib/python3.12/site-packages/airflow/example_dags/example_sla_dag.py for tasks to queue
[2024-11-18T08:37:02.578+0000] {logging_mixin.py:188} INFO - [2024-11-18T08:37:02.578+0000] {dagbag.py:545} INFO - Filling up the DagBag from /home/airflow/.local/lib/python3.12/site-packages/airflow/example_dags/example_sla_dag.py
[2024-11-18T08:37:02.591+0000] {processor.py:840} INFO - DAG(s) 'example_sla_dag' retrieved from /home/airflow/.local/lib/python3.12/site-packages/airflow/example_dags/example_sla_dag.py
[2024-11-18T08:37:02.612+0000] {logging_mixin.py:188} INFO - [2024-11-18T08:37:02.612+0000] {dag.py:3096} INFO - Sync 1 DAGs
[2024-11-18T08:37:02.639+0000] {logging_mixin.py:188} INFO - [2024-11-18T08:37:02.639+0000] {dag.py:3954} INFO - Setting next_dagrun for example_sla_dag to 2024-11-18 08:34:00+00:00, run_after=2024-11-18 08:36:00+00:00
[2024-11-18T08:37:02.662+0000] {processor.py:183} INFO - Processing /home/airflow/.local/lib/python3.12/site-packages/airflow/example_dags/example_sla_dag.py took 0.098 seconds
[2024-11-18T08:37:33.063+0000] {processor.py:161} INFO - Started process (PID=1710) to work on /home/airflow/.local/lib/python3.12/site-packages/airflow/example_dags/example_sla_dag.py
[2024-11-18T08:37:33.064+0000] {processor.py:830} INFO - Processing file /home/airflow/.local/lib/python3.12/site-packages/airflow/example_dags/example_sla_dag.py for tasks to queue
[2024-11-18T08:37:33.066+0000] {logging_mixin.py:188} INFO - [2024-11-18T08:37:33.065+0000] {dagbag.py:545} INFO - Filling up the DagBag from /home/airflow/.local/lib/python3.12/site-packages/airflow/example_dags/example_sla_dag.py
[2024-11-18T08:37:33.074+0000] {processor.py:840} INFO - DAG(s) 'example_sla_dag' retrieved from /home/airflow/.local/lib/python3.12/site-packages/airflow/example_dags/example_sla_dag.py
[2024-11-18T08:37:33.093+0000] {logging_mixin.py:188} INFO - [2024-11-18T08:37:33.093+0000] {dag.py:3096} INFO - Sync 1 DAGs
[2024-11-18T08:37:33.118+0000] {logging_mixin.py:188} INFO - [2024-11-18T08:37:33.118+0000] {dag.py:3954} INFO - Setting next_dagrun for example_sla_dag to 2024-11-18 08:34:00+00:00, run_after=2024-11-18 08:36:00+00:00
[2024-11-18T08:37:33.149+0000] {processor.py:183} INFO - Processing /home/airflow/.local/lib/python3.12/site-packages/airflow/example_dags/example_sla_dag.py took 0.092 seconds
[2024-11-18T08:38:03.221+0000] {processor.py:161} INFO - Started process (PID=1972) to work on /home/airflow/.local/lib/python3.12/site-packages/airflow/example_dags/example_sla_dag.py
[2024-11-18T08:38:03.222+0000] {processor.py:830} INFO - Processing file /home/airflow/.local/lib/python3.12/site-packages/airflow/example_dags/example_sla_dag.py for tasks to queue
[2024-11-18T08:38:03.225+0000] {logging_mixin.py:188} INFO - [2024-11-18T08:38:03.225+0000] {dagbag.py:545} INFO - Filling up the DagBag from /home/airflow/.local/lib/python3.12/site-packages/airflow/example_dags/example_sla_dag.py
[2024-11-18T08:38:03.237+0000] {processor.py:840} INFO - DAG(s) 'example_sla_dag' retrieved from /home/airflow/.local/lib/python3.12/site-packages/airflow/example_dags/example_sla_dag.py
[2024-11-18T08:38:03.259+0000] {logging_mixin.py:188} INFO - [2024-11-18T08:38:03.258+0000] {dag.py:3096} INFO - Sync 1 DAGs
[2024-11-18T08:38:03.281+0000] {logging_mixin.py:188} INFO - [2024-11-18T08:38:03.281+0000] {dag.py:3954} INFO - Setting next_dagrun for example_sla_dag to 2024-11-18 08:36:00+00:00, run_after=2024-11-18 08:38:00+00:00
[2024-11-18T08:38:03.305+0000] {processor.py:183} INFO - Processing /home/airflow/.local/lib/python3.12/site-packages/airflow/example_dags/example_sla_dag.py took 0.092 seconds
[2024-11-18T08:38:33.563+0000] {processor.py:161} INFO - Started process (PID=2236) to work on /home/airflow/.local/lib/python3.12/site-packages/airflow/example_dags/example_sla_dag.py
[2024-11-18T08:38:33.564+0000] {processor.py:830} INFO - Processing file /home/airflow/.local/lib/python3.12/site-packages/airflow/example_dags/example_sla_dag.py for tasks to queue
[2024-11-18T08:38:33.566+0000] {logging_mixin.py:188} INFO - [2024-11-18T08:38:33.566+0000] {dagbag.py:545} INFO - Filling up the DagBag from /home/airflow/.local/lib/python3.12/site-packages/airflow/example_dags/example_sla_dag.py
[2024-11-18T08:38:33.573+0000] {processor.py:840} INFO - DAG(s) 'example_sla_dag' retrieved from /home/airflow/.local/lib/python3.12/site-packages/airflow/example_dags/example_sla_dag.py
[2024-11-18T08:38:33.591+0000] {logging_mixin.py:188} INFO - [2024-11-18T08:38:33.591+0000] {dag.py:3096} INFO - Sync 1 DAGs
[2024-11-18T08:38:33.610+0000] {logging_mixin.py:188} INFO - [2024-11-18T08:38:33.610+0000] {dag.py:3954} INFO - Setting next_dagrun for example_sla_dag to 2024-11-18 08:36:00+00:00, run_after=2024-11-18 08:38:00+00:00
[2024-11-18T08:38:33.631+0000] {processor.py:183} INFO - Processing /home/airflow/.local/lib/python3.12/site-packages/airflow/example_dags/example_sla_dag.py took 0.073 seconds
[2024-11-18T08:39:03.876+0000] {processor.py:161} INFO - Started process (PID=2498) to work on /home/airflow/.local/lib/python3.12/site-packages/airflow/example_dags/example_sla_dag.py
[2024-11-18T08:39:03.877+0000] {processor.py:830} INFO - Processing file /home/airflow/.local/lib/python3.12/site-packages/airflow/example_dags/example_sla_dag.py for tasks to queue
[2024-11-18T08:39:03.879+0000] {logging_mixin.py:188} INFO - [2024-11-18T08:39:03.878+0000] {dagbag.py:545} INFO - Filling up the DagBag from /home/airflow/.local/lib/python3.12/site-packages/airflow/example_dags/example_sla_dag.py
[2024-11-18T08:39:03.886+0000] {processor.py:840} INFO - DAG(s) 'example_sla_dag' retrieved from /home/airflow/.local/lib/python3.12/site-packages/airflow/example_dags/example_sla_dag.py
[2024-11-18T08:39:03.905+0000] {logging_mixin.py:188} INFO - [2024-11-18T08:39:03.904+0000] {dag.py:3096} INFO - Sync 1 DAGs
[2024-11-18T08:39:03.925+0000] {logging_mixin.py:188} INFO - [2024-11-18T08:39:03.925+0000] {dag.py:3954} INFO - Setting next_dagrun for example_sla_dag to 2024-11-18 08:36:00+00:00, run_after=2024-11-18 08:38:00+00:00
[2024-11-18T08:39:03.952+0000] {processor.py:183} INFO - Processing /home/airflow/.local/lib/python3.12/site-packages/airflow/example_dags/example_sla_dag.py took 0.081 seconds
[2024-11-18T08:39:34.279+0000] {processor.py:161} INFO - Started process (PID=2760) to work on /home/airflow/.local/lib/python3.12/site-packages/airflow/example_dags/example_sla_dag.py
[2024-11-18T08:39:34.280+0000] {processor.py:830} INFO - Processing file /home/airflow/.local/lib/python3.12/site-packages/airflow/example_dags/example_sla_dag.py for tasks to queue
[2024-11-18T08:39:34.282+0000] {logging_mixin.py:188} INFO - [2024-11-18T08:39:34.281+0000] {dagbag.py:545} INFO - Filling up the DagBag from /home/airflow/.local/lib/python3.12/site-packages/airflow/example_dags/example_sla_dag.py
[2024-11-18T08:39:34.289+0000] {processor.py:840} INFO - DAG(s) 'example_sla_dag' retrieved from /home/airflow/.local/lib/python3.12/site-packages/airflow/example_dags/example_sla_dag.py
[2024-11-18T08:39:34.308+0000] {logging_mixin.py:188} INFO - [2024-11-18T08:39:34.307+0000] {dag.py:3096} INFO - Sync 1 DAGs
[2024-11-18T08:39:34.329+0000] {logging_mixin.py:188} INFO - [2024-11-18T08:39:34.329+0000] {dag.py:3954} INFO - Setting next_dagrun for example_sla_dag to 2024-11-18 08:36:00+00:00, run_after=2024-11-18 08:38:00+00:00
[2024-11-18T08:39:34.347+0000] {processor.py:183} INFO - Processing /home/airflow/.local/lib/python3.12/site-packages/airflow/example_dags/example_sla_dag.py took 0.073 seconds
[2024-11-18T08:40:04.569+0000] {processor.py:161} INFO - Started process (PID=3022) to work on /home/airflow/.local/lib/python3.12/site-packages/airflow/example_dags/example_sla_dag.py
[2024-11-18T08:40:04.570+0000] {processor.py:830} INFO - Processing file /home/airflow/.local/lib/python3.12/site-packages/airflow/example_dags/example_sla_dag.py for tasks to queue
[2024-11-18T08:40:04.572+0000] {logging_mixin.py:188} INFO - [2024-11-18T08:40:04.571+0000] {dagbag.py:545} INFO - Filling up the DagBag from /home/airflow/.local/lib/python3.12/site-packages/airflow/example_dags/example_sla_dag.py
[2024-11-18T08:40:04.579+0000] {processor.py:840} INFO - DAG(s) 'example_sla_dag' retrieved from /home/airflow/.local/lib/python3.12/site-packages/airflow/example_dags/example_sla_dag.py
[2024-11-18T08:40:04.597+0000] {logging_mixin.py:188} INFO - [2024-11-18T08:40:04.597+0000] {dag.py:3096} INFO - Sync 1 DAGs
[2024-11-18T08:40:04.617+0000] {logging_mixin.py:188} INFO - [2024-11-18T08:40:04.617+0000] {dag.py:3954} INFO - Setting next_dagrun for example_sla_dag to 2024-11-18 08:38:00+00:00, run_after=2024-11-18 08:40:00+00:00
[2024-11-18T08:40:04.647+0000] {processor.py:183} INFO - Processing /home/airflow/.local/lib/python3.12/site-packages/airflow/example_dags/example_sla_dag.py took 0.083 seconds
[2024-11-18T08:40:34.919+0000] {processor.py:161} INFO - Started process (PID=3284) to work on /home/airflow/.local/lib/python3.12/site-packages/airflow/example_dags/example_sla_dag.py
[2024-11-18T08:40:34.920+0000] {processor.py:830} INFO - Processing file /home/airflow/.local/lib/python3.12/site-packages/airflow/example_dags/example_sla_dag.py for tasks to queue
[2024-11-18T08:40:34.922+0000] {logging_mixin.py:188} INFO - [2024-11-18T08:40:34.922+0000] {dagbag.py:545} INFO - Filling up the DagBag from /home/airflow/.local/lib/python3.12/site-packages/airflow/example_dags/example_sla_dag.py
[2024-11-18T08:40:34.929+0000] {processor.py:840} INFO - DAG(s) 'example_sla_dag' retrieved from /home/airflow/.local/lib/python3.12/site-packages/airflow/example_dags/example_sla_dag.py
[2024-11-18T08:40:34.947+0000] {logging_mixin.py:188} INFO - [2024-11-18T08:40:34.947+0000] {dag.py:3096} INFO - Sync 1 DAGs
[2024-11-18T08:40:34.967+0000] {logging_mixin.py:188} INFO - [2024-11-18T08:40:34.967+0000] {dag.py:3954} INFO - Setting next_dagrun for example_sla_dag to 2024-11-18 08:38:00+00:00, run_after=2024-11-18 08:40:00+00:00
[2024-11-18T08:40:34.984+0000] {processor.py:183} INFO - Processing /home/airflow/.local/lib/python3.12/site-packages/airflow/example_dags/example_sla_dag.py took 0.071 seconds
[2024-11-18T08:41:05.396+0000] {processor.py:161} INFO - Started process (PID=3546) to work on /home/airflow/.local/lib/python3.12/site-packages/airflow/example_dags/example_sla_dag.py
[2024-11-18T08:41:05.397+0000] {processor.py:830} INFO - Processing file /home/airflow/.local/lib/python3.12/site-packages/airflow/example_dags/example_sla_dag.py for tasks to queue
[2024-11-18T08:41:05.399+0000] {logging_mixin.py:188} INFO - [2024-11-18T08:41:05.399+0000] {dagbag.py:545} INFO - Filling up the DagBag from /home/airflow/.local/lib/python3.12/site-packages/airflow/example_dags/example_sla_dag.py
[2024-11-18T08:41:05.407+0000] {processor.py:840} INFO - DAG(s) 'example_sla_dag' retrieved from /home/airflow/.local/lib/python3.12/site-packages/airflow/example_dags/example_sla_dag.py
[2024-11-18T08:41:05.424+0000] {logging_mixin.py:188} INFO - [2024-11-18T08:41:05.424+0000] {dag.py:3096} INFO - Sync 1 DAGs
[2024-11-18T08:41:05.445+0000] {logging_mixin.py:188} INFO - [2024-11-18T08:41:05.445+0000] {dag.py:3954} INFO - Setting next_dagrun for example_sla_dag to 2024-11-18 08:38:00+00:00, run_after=2024-11-18 08:40:00+00:00
[2024-11-18T08:41:05.475+0000] {processor.py:183} INFO - Processing /home/airflow/.local/lib/python3.12/site-packages/airflow/example_dags/example_sla_dag.py took 0.084 seconds
[2024-11-18T08:41:35.843+0000] {processor.py:161} INFO - Started process (PID=3806) to work on /home/airflow/.local/lib/python3.12/site-packages/airflow/example_dags/example_sla_dag.py
[2024-11-18T08:41:35.844+0000] {processor.py:830} INFO - Processing file /home/airflow/.local/lib/python3.12/site-packages/airflow/example_dags/example_sla_dag.py for tasks to queue
[2024-11-18T08:41:35.846+0000] {logging_mixin.py:188} INFO - [2024-11-18T08:41:35.845+0000] {dagbag.py:545} INFO - Filling up the DagBag from /home/airflow/.local/lib/python3.12/site-packages/airflow/example_dags/example_sla_dag.py
[2024-11-18T08:41:35.853+0000] {processor.py:840} INFO - DAG(s) 'example_sla_dag' retrieved from /home/airflow/.local/lib/python3.12/site-packages/airflow/example_dags/example_sla_dag.py
[2024-11-18T08:41:35.875+0000] {logging_mixin.py:188} INFO - [2024-11-18T08:41:35.874+0000] {dag.py:3096} INFO - Sync 1 DAGs
[2024-11-18T08:41:35.905+0000] {logging_mixin.py:188} INFO - [2024-11-18T08:41:35.905+0000] {dag.py:3954} INFO - Setting next_dagrun for example_sla_dag to 2024-11-18 08:38:00+00:00, run_after=2024-11-18 08:40:00+00:00
[2024-11-18T08:41:35.924+0000] {processor.py:183} INFO - Processing /home/airflow/.local/lib/python3.12/site-packages/airflow/example_dags/example_sla_dag.py took 0.088 seconds
[2024-11-18T08:42:06.492+0000] {processor.py:161} INFO - Started process (PID=4068) to work on /home/airflow/.local/lib/python3.12/site-packages/airflow/example_dags/example_sla_dag.py
[2024-11-18T08:42:06.493+0000] {processor.py:830} INFO - Processing file /home/airflow/.local/lib/python3.12/site-packages/airflow/example_dags/example_sla_dag.py for tasks to queue
[2024-11-18T08:42:06.495+0000] {logging_mixin.py:188} INFO - [2024-11-18T08:42:06.494+0000] {dagbag.py:545} INFO - Filling up the DagBag from /home/airflow/.local/lib/python3.12/site-packages/airflow/example_dags/example_sla_dag.py
[2024-11-18T08:42:06.503+0000] {processor.py:840} INFO - DAG(s) 'example_sla_dag' retrieved from /home/airflow/.local/lib/python3.12/site-packages/airflow/example_dags/example_sla_dag.py
[2024-11-18T08:42:06.523+0000] {logging_mixin.py:188} INFO - [2024-11-18T08:42:06.523+0000] {dag.py:3096} INFO - Sync 1 DAGs
[2024-11-18T08:42:06.547+0000] {logging_mixin.py:188} INFO - [2024-11-18T08:42:06.547+0000] {dag.py:3954} INFO - Setting next_dagrun for example_sla_dag to 2024-11-18 08:40:00+00:00, run_after=2024-11-18 08:42:00+00:00
[2024-11-18T08:42:06.566+0000] {processor.py:183} INFO - Processing /home/airflow/.local/lib/python3.12/site-packages/airflow/example_dags/example_sla_dag.py took 0.080 seconds
[2024-11-18T08:42:37.614+0000] {processor.py:161} INFO - Started process (PID=4330) to work on /home/airflow/.local/lib/python3.12/site-packages/airflow/example_dags/example_sla_dag.py
[2024-11-18T08:42:37.616+0000] {processor.py:830} INFO - Processing file /home/airflow/.local/lib/python3.12/site-packages/airflow/example_dags/example_sla_dag.py for tasks to queue
[2024-11-18T08:42:37.622+0000] {logging_mixin.py:188} INFO - [2024-11-18T08:42:37.622+0000] {dagbag.py:545} INFO - Filling up the DagBag from /home/airflow/.local/lib/python3.12/site-packages/airflow/example_dags/example_sla_dag.py
[2024-11-18T08:42:37.649+0000] {processor.py:840} INFO - DAG(s) 'example_sla_dag' retrieved from /home/airflow/.local/lib/python3.12/site-packages/airflow/example_dags/example_sla_dag.py
[2024-11-18T08:42:37.696+0000] {logging_mixin.py:188} INFO - [2024-11-18T08:42:37.695+0000] {dag.py:3096} INFO - Sync 1 DAGs
[2024-11-18T08:42:37.741+0000] {logging_mixin.py:188} INFO - [2024-11-18T08:42:37.740+0000] {dag.py:3954} INFO - Setting next_dagrun for example_sla_dag to 2024-11-18 08:40:00+00:00, run_after=2024-11-18 08:42:00+00:00
[2024-11-18T08:42:37.778+0000] {processor.py:183} INFO - Processing /home/airflow/.local/lib/python3.12/site-packages/airflow/example_dags/example_sla_dag.py took 0.179 seconds
[2024-11-18T08:43:08.433+0000] {processor.py:161} INFO - Started process (PID=4592) to work on /home/airflow/.local/lib/python3.12/site-packages/airflow/example_dags/example_sla_dag.py
[2024-11-18T08:43:08.435+0000] {processor.py:830} INFO - Processing file /home/airflow/.local/lib/python3.12/site-packages/airflow/example_dags/example_sla_dag.py for tasks to queue
[2024-11-18T08:43:08.438+0000] {logging_mixin.py:188} INFO - [2024-11-18T08:43:08.438+0000] {dagbag.py:545} INFO - Filling up the DagBag from /home/airflow/.local/lib/python3.12/site-packages/airflow/example_dags/example_sla_dag.py
[2024-11-18T08:43:08.456+0000] {processor.py:840} INFO - DAG(s) 'example_sla_dag' retrieved from /home/airflow/.local/lib/python3.12/site-packages/airflow/example_dags/example_sla_dag.py
[2024-11-18T08:43:08.491+0000] {logging_mixin.py:188} INFO - [2024-11-18T08:43:08.490+0000] {dag.py:3096} INFO - Sync 1 DAGs
[2024-11-18T08:43:08.535+0000] {logging_mixin.py:188} INFO - [2024-11-18T08:43:08.535+0000] {dag.py:3954} INFO - Setting next_dagrun for example_sla_dag to 2024-11-18 08:40:00+00:00, run_after=2024-11-18 08:42:00+00:00
[2024-11-18T08:43:08.575+0000] {processor.py:183} INFO - Processing /home/airflow/.local/lib/python3.12/site-packages/airflow/example_dags/example_sla_dag.py took 0.154 seconds
[2024-11-18T08:43:39.098+0000] {processor.py:161} INFO - Started process (PID=4854) to work on /home/airflow/.local/lib/python3.12/site-packages/airflow/example_dags/example_sla_dag.py
[2024-11-18T08:43:39.099+0000] {processor.py:830} INFO - Processing file /home/airflow/.local/lib/python3.12/site-packages/airflow/example_dags/example_sla_dag.py for tasks to queue
[2024-11-18T08:43:39.101+0000] {logging_mixin.py:188} INFO - [2024-11-18T08:43:39.100+0000] {dagbag.py:545} INFO - Filling up the DagBag from /home/airflow/.local/lib/python3.12/site-packages/airflow/example_dags/example_sla_dag.py
[2024-11-18T08:43:39.110+0000] {processor.py:840} INFO - DAG(s) 'example_sla_dag' retrieved from /home/airflow/.local/lib/python3.12/site-packages/airflow/example_dags/example_sla_dag.py
[2024-11-18T08:43:39.128+0000] {logging_mixin.py:188} INFO - [2024-11-18T08:43:39.127+0000] {dag.py:3096} INFO - Sync 1 DAGs
[2024-11-18T08:43:39.149+0000] {logging_mixin.py:188} INFO - [2024-11-18T08:43:39.149+0000] {dag.py:3954} INFO - Setting next_dagrun for example_sla_dag to 2024-11-18 08:40:00+00:00, run_after=2024-11-18 08:42:00+00:00
[2024-11-18T08:43:39.178+0000] {processor.py:183} INFO - Processing /home/airflow/.local/lib/python3.12/site-packages/airflow/example_dags/example_sla_dag.py took 0.086 seconds
[2024-11-18T08:44:09.338+0000] {processor.py:161} INFO - Started process (PID=5116) to work on /home/airflow/.local/lib/python3.12/site-packages/airflow/example_dags/example_sla_dag.py
[2024-11-18T08:44:09.340+0000] {processor.py:830} INFO - Processing file /home/airflow/.local/lib/python3.12/site-packages/airflow/example_dags/example_sla_dag.py for tasks to queue
[2024-11-18T08:44:09.342+0000] {logging_mixin.py:188} INFO - [2024-11-18T08:44:09.341+0000] {dagbag.py:545} INFO - Filling up the DagBag from /home/airflow/.local/lib/python3.12/site-packages/airflow/example_dags/example_sla_dag.py
[2024-11-18T08:44:09.350+0000] {processor.py:840} INFO - DAG(s) 'example_sla_dag' retrieved from /home/airflow/.local/lib/python3.12/site-packages/airflow/example_dags/example_sla_dag.py
[2024-11-18T08:44:09.368+0000] {logging_mixin.py:188} INFO - [2024-11-18T08:44:09.368+0000] {dag.py:3096} INFO - Sync 1 DAGs
[2024-11-18T08:44:09.389+0000] {logging_mixin.py:188} INFO - [2024-11-18T08:44:09.389+0000] {dag.py:3954} INFO - Setting next_dagrun for example_sla_dag to 2024-11-18 08:42:00+00:00, run_after=2024-11-18 08:44:00+00:00
[2024-11-18T08:44:09.419+0000] {processor.py:183} INFO - Processing /home/airflow/.local/lib/python3.12/site-packages/airflow/example_dags/example_sla_dag.py took 0.085 seconds
[2024-11-18T08:44:39.620+0000] {processor.py:161} INFO - Started process (PID=5378) to work on /home/airflow/.local/lib/python3.12/site-packages/airflow/example_dags/example_sla_dag.py
[2024-11-18T08:44:39.621+0000] {processor.py:830} INFO - Processing file /home/airflow/.local/lib/python3.12/site-packages/airflow/example_dags/example_sla_dag.py for tasks to queue
[2024-11-18T08:44:39.623+0000] {logging_mixin.py:188} INFO - [2024-11-18T08:44:39.623+0000] {dagbag.py:545} INFO - Filling up the DagBag from /home/airflow/.local/lib/python3.12/site-packages/airflow/example_dags/example_sla_dag.py
[2024-11-18T08:44:39.631+0000] {processor.py:840} INFO - DAG(s) 'example_sla_dag' retrieved from /home/airflow/.local/lib/python3.12/site-packages/airflow/example_dags/example_sla_dag.py
[2024-11-18T08:44:39.650+0000] {logging_mixin.py:188} INFO - [2024-11-18T08:44:39.650+0000] {dag.py:3096} INFO - Sync 1 DAGs
[2024-11-18T08:44:39.671+0000] {logging_mixin.py:188} INFO - [2024-11-18T08:44:39.671+0000] {dag.py:3954} INFO - Setting next_dagrun for example_sla_dag to 2024-11-18 08:42:00+00:00, run_after=2024-11-18 08:44:00+00:00
[2024-11-18T08:44:39.700+0000] {processor.py:183} INFO - Processing /home/airflow/.local/lib/python3.12/site-packages/airflow/example_dags/example_sla_dag.py took 0.086 seconds
[2024-11-18T08:45:09.904+0000] {processor.py:161} INFO - Started process (PID=5640) to work on /home/airflow/.local/lib/python3.12/site-packages/airflow/example_dags/example_sla_dag.py
[2024-11-18T08:45:09.905+0000] {processor.py:830} INFO - Processing file /home/airflow/.local/lib/python3.12/site-packages/airflow/example_dags/example_sla_dag.py for tasks to queue
[2024-11-18T08:45:09.907+0000] {logging_mixin.py:188} INFO - [2024-11-18T08:45:09.907+0000] {dagbag.py:545} INFO - Filling up the DagBag from /home/airflow/.local/lib/python3.12/site-packages/airflow/example_dags/example_sla_dag.py
[2024-11-18T08:45:09.918+0000] {processor.py:840} INFO - DAG(s) 'example_sla_dag' retrieved from /home/airflow/.local/lib/python3.12/site-packages/airflow/example_dags/example_sla_dag.py
[2024-11-18T08:45:09.938+0000] {logging_mixin.py:188} INFO - [2024-11-18T08:45:09.938+0000] {dag.py:3096} INFO - Sync 1 DAGs
[2024-11-18T08:45:09.978+0000] {logging_mixin.py:188} INFO - [2024-11-18T08:45:09.978+0000] {dag.py:3954} INFO - Setting next_dagrun for example_sla_dag to 2024-11-18 08:42:00+00:00, run_after=2024-11-18 08:44:00+00:00
[2024-11-18T08:45:09.998+0000] {processor.py:183} INFO - Processing /home/airflow/.local/lib/python3.12/site-packages/airflow/example_dags/example_sla_dag.py took 0.101 seconds
[2024-11-18T08:45:40.050+0000] {processor.py:161} INFO - Started process (PID=5904) to work on /home/airflow/.local/lib/python3.12/site-packages/airflow/example_dags/example_sla_dag.py
[2024-11-18T08:45:40.052+0000] {processor.py:830} INFO - Processing file /home/airflow/.local/lib/python3.12/site-packages/airflow/example_dags/example_sla_dag.py for tasks to queue
[2024-11-18T08:45:40.054+0000] {logging_mixin.py:188} INFO - [2024-11-18T08:45:40.054+0000] {dagbag.py:545} INFO - Filling up the DagBag from /home/airflow/.local/lib/python3.12/site-packages/airflow/example_dags/example_sla_dag.py
[2024-11-18T08:45:40.063+0000] {processor.py:840} INFO - DAG(s) 'example_sla_dag' retrieved from /home/airflow/.local/lib/python3.12/site-packages/airflow/example_dags/example_sla_dag.py
[2024-11-18T08:45:40.088+0000] {logging_mixin.py:188} INFO - [2024-11-18T08:45:40.088+0000] {dag.py:3096} INFO - Sync 1 DAGs
[2024-11-18T08:45:40.114+0000] {logging_mixin.py:188} INFO - [2024-11-18T08:45:40.114+0000] {dag.py:3954} INFO - Setting next_dagrun for example_sla_dag to 2024-11-18 08:42:00+00:00, run_after=2024-11-18 08:44:00+00:00
[2024-11-18T08:45:40.139+0000] {processor.py:183} INFO - Processing /home/airflow/.local/lib/python3.12/site-packages/airflow/example_dags/example_sla_dag.py took 0.094 seconds
[2024-11-18T08:46:10.263+0000] {processor.py:161} INFO - Started process (PID=6164) to work on /home/airflow/.local/lib/python3.12/site-packages/airflow/example_dags/example_sla_dag.py
[2024-11-18T08:46:10.265+0000] {processor.py:830} INFO - Processing file /home/airflow/.local/lib/python3.12/site-packages/airflow/example_dags/example_sla_dag.py for tasks to queue
[2024-11-18T08:46:10.268+0000] {logging_mixin.py:188} INFO - [2024-11-18T08:46:10.267+0000] {dagbag.py:545} INFO - Filling up the DagBag from /home/airflow/.local/lib/python3.12/site-packages/airflow/example_dags/example_sla_dag.py
[2024-11-18T08:46:10.278+0000] {processor.py:840} INFO - DAG(s) 'example_sla_dag' retrieved from /home/airflow/.local/lib/python3.12/site-packages/airflow/example_dags/example_sla_dag.py
[2024-11-18T08:46:10.299+0000] {logging_mixin.py:188} INFO - [2024-11-18T08:46:10.298+0000] {dag.py:3096} INFO - Sync 1 DAGs
[2024-11-18T08:46:10.320+0000] {logging_mixin.py:188} INFO - [2024-11-18T08:46:10.320+0000] {dag.py:3954} INFO - Setting next_dagrun for example_sla_dag to 2024-11-18 08:44:00+00:00, run_after=2024-11-18 08:46:00+00:00
[2024-11-18T08:46:10.339+0000] {processor.py:183} INFO - Processing /home/airflow/.local/lib/python3.12/site-packages/airflow/example_dags/example_sla_dag.py took 0.082 seconds
[2024-11-18T08:46:40.633+0000] {processor.py:161} INFO - Started process (PID=6426) to work on /home/airflow/.local/lib/python3.12/site-packages/airflow/example_dags/example_sla_dag.py
[2024-11-18T08:46:40.634+0000] {processor.py:830} INFO - Processing file /home/airflow/.local/lib/python3.12/site-packages/airflow/example_dags/example_sla_dag.py for tasks to queue
[2024-11-18T08:46:40.636+0000] {logging_mixin.py:188} INFO - [2024-11-18T08:46:40.636+0000] {dagbag.py:545} INFO - Filling up the DagBag from /home/airflow/.local/lib/python3.12/site-packages/airflow/example_dags/example_sla_dag.py
[2024-11-18T08:46:40.644+0000] {processor.py:840} INFO - DAG(s) 'example_sla_dag' retrieved from /home/airflow/.local/lib/python3.12/site-packages/airflow/example_dags/example_sla_dag.py
[2024-11-18T08:46:40.665+0000] {logging_mixin.py:188} INFO - [2024-11-18T08:46:40.664+0000] {dag.py:3096} INFO - Sync 1 DAGs
[2024-11-18T08:46:40.692+0000] {logging_mixin.py:188} INFO - [2024-11-18T08:46:40.691+0000] {dag.py:3954} INFO - Setting next_dagrun for example_sla_dag to 2024-11-18 08:44:00+00:00, run_after=2024-11-18 08:46:00+00:00
[2024-11-18T08:46:40.722+0000] {processor.py:183} INFO - Processing /home/airflow/.local/lib/python3.12/site-packages/airflow/example_dags/example_sla_dag.py took 0.096 seconds
[2024-11-18T08:47:10.921+0000] {processor.py:161} INFO - Started process (PID=6688) to work on /home/airflow/.local/lib/python3.12/site-packages/airflow/example_dags/example_sla_dag.py
[2024-11-18T08:47:10.922+0000] {processor.py:830} INFO - Processing file /home/airflow/.local/lib/python3.12/site-packages/airflow/example_dags/example_sla_dag.py for tasks to queue
[2024-11-18T08:47:10.924+0000] {logging_mixin.py:188} INFO - [2024-11-18T08:47:10.924+0000] {dagbag.py:545} INFO - Filling up the DagBag from /home/airflow/.local/lib/python3.12/site-packages/airflow/example_dags/example_sla_dag.py
[2024-11-18T08:47:10.932+0000] {processor.py:840} INFO - DAG(s) 'example_sla_dag' retrieved from /home/airflow/.local/lib/python3.12/site-packages/airflow/example_dags/example_sla_dag.py
[2024-11-18T08:47:10.948+0000] {logging_mixin.py:188} INFO - [2024-11-18T08:47:10.948+0000] {dag.py:3096} INFO - Sync 1 DAGs
[2024-11-18T08:47:10.969+0000] {logging_mixin.py:188} INFO - [2024-11-18T08:47:10.969+0000] {dag.py:3954} INFO - Setting next_dagrun for example_sla_dag to 2024-11-18 08:44:00+00:00, run_after=2024-11-18 08:46:00+00:00
[2024-11-18T08:47:10.998+0000] {processor.py:183} INFO - Processing /home/airflow/.local/lib/python3.12/site-packages/airflow/example_dags/example_sla_dag.py took 0.082 seconds
[2024-11-18T08:47:41.231+0000] {processor.py:161} INFO - Started process (PID=6952) to work on /home/airflow/.local/lib/python3.12/site-packages/airflow/example_dags/example_sla_dag.py
[2024-11-18T08:47:41.232+0000] {processor.py:830} INFO - Processing file /home/airflow/.local/lib/python3.12/site-packages/airflow/example_dags/example_sla_dag.py for tasks to queue
[2024-11-18T08:47:41.235+0000] {logging_mixin.py:188} INFO - [2024-11-18T08:47:41.234+0000] {dagbag.py:545} INFO - Filling up the DagBag from /home/airflow/.local/lib/python3.12/site-packages/airflow/example_dags/example_sla_dag.py
[2024-11-18T08:47:41.242+0000] {processor.py:840} INFO - DAG(s) 'example_sla_dag' retrieved from /home/airflow/.local/lib/python3.12/site-packages/airflow/example_dags/example_sla_dag.py
[2024-11-18T08:47:41.261+0000] {logging_mixin.py:188} INFO - [2024-11-18T08:47:41.261+0000] {dag.py:3096} INFO - Sync 1 DAGs
[2024-11-18T08:47:41.282+0000] {logging_mixin.py:188} INFO - [2024-11-18T08:47:41.282+0000] {dag.py:3954} INFO - Setting next_dagrun for example_sla_dag to 2024-11-18 08:44:00+00:00, run_after=2024-11-18 08:46:00+00:00
[2024-11-18T08:47:41.311+0000] {processor.py:183} INFO - Processing /home/airflow/.local/lib/python3.12/site-packages/airflow/example_dags/example_sla_dag.py took 0.085 seconds
[2024-11-18T08:48:11.616+0000] {processor.py:161} INFO - Started process (PID=7214) to work on /home/airflow/.local/lib/python3.12/site-packages/airflow/example_dags/example_sla_dag.py
[2024-11-18T08:48:11.617+0000] {processor.py:830} INFO - Processing file /home/airflow/.local/lib/python3.12/site-packages/airflow/example_dags/example_sla_dag.py for tasks to queue
[2024-11-18T08:48:11.619+0000] {logging_mixin.py:188} INFO - [2024-11-18T08:48:11.618+0000] {dagbag.py:545} INFO - Filling up the DagBag from /home/airflow/.local/lib/python3.12/site-packages/airflow/example_dags/example_sla_dag.py
[2024-11-18T08:48:11.626+0000] {processor.py:840} INFO - DAG(s) 'example_sla_dag' retrieved from /home/airflow/.local/lib/python3.12/site-packages/airflow/example_dags/example_sla_dag.py
[2024-11-18T08:48:11.643+0000] {logging_mixin.py:188} INFO - [2024-11-18T08:48:11.642+0000] {dag.py:3096} INFO - Sync 1 DAGs
[2024-11-18T08:48:11.663+0000] {logging_mixin.py:188} INFO - [2024-11-18T08:48:11.662+0000] {dag.py:3954} INFO - Setting next_dagrun for example_sla_dag to 2024-11-18 08:46:00+00:00, run_after=2024-11-18 08:48:00+00:00
[2024-11-18T08:48:11.692+0000] {processor.py:183} INFO - Processing /home/airflow/.local/lib/python3.12/site-packages/airflow/example_dags/example_sla_dag.py took 0.081 seconds
[2024-11-18T08:48:42.225+0000] {processor.py:161} INFO - Started process (PID=7476) to work on /home/airflow/.local/lib/python3.12/site-packages/airflow/example_dags/example_sla_dag.py
[2024-11-18T08:48:42.226+0000] {processor.py:830} INFO - Processing file /home/airflow/.local/lib/python3.12/site-packages/airflow/example_dags/example_sla_dag.py for tasks to queue
[2024-11-18T08:48:42.228+0000] {logging_mixin.py:188} INFO - [2024-11-18T08:48:42.228+0000] {dagbag.py:545} INFO - Filling up the DagBag from /home/airflow/.local/lib/python3.12/site-packages/airflow/example_dags/example_sla_dag.py
[2024-11-18T08:48:42.235+0000] {processor.py:840} INFO - DAG(s) 'example_sla_dag' retrieved from /home/airflow/.local/lib/python3.12/site-packages/airflow/example_dags/example_sla_dag.py
[2024-11-18T08:48:42.259+0000] {logging_mixin.py:188} INFO - [2024-11-18T08:48:42.258+0000] {dag.py:3096} INFO - Sync 1 DAGs
[2024-11-18T08:48:42.283+0000] {logging_mixin.py:188} INFO - [2024-11-18T08:48:42.283+0000] {dag.py:3954} INFO - Setting next_dagrun for example_sla_dag to 2024-11-18 08:46:00+00:00, run_after=2024-11-18 08:48:00+00:00
[2024-11-18T08:48:42.314+0000] {processor.py:183} INFO - Processing /home/airflow/.local/lib/python3.12/site-packages/airflow/example_dags/example_sla_dag.py took 0.094 seconds
[2024-11-18T08:49:12.498+0000] {processor.py:161} INFO - Started process (PID=7736) to work on /home/airflow/.local/lib/python3.12/site-packages/airflow/example_dags/example_sla_dag.py
[2024-11-18T08:49:12.499+0000] {processor.py:830} INFO - Processing file /home/airflow/.local/lib/python3.12/site-packages/airflow/example_dags/example_sla_dag.py for tasks to queue
[2024-11-18T08:49:12.501+0000] {logging_mixin.py:188} INFO - [2024-11-18T08:49:12.501+0000] {dagbag.py:545} INFO - Filling up the DagBag from /home/airflow/.local/lib/python3.12/site-packages/airflow/example_dags/example_sla_dag.py
[2024-11-18T08:49:12.509+0000] {processor.py:840} INFO - DAG(s) 'example_sla_dag' retrieved from /home/airflow/.local/lib/python3.12/site-packages/airflow/example_dags/example_sla_dag.py
[2024-11-18T08:49:12.528+0000] {logging_mixin.py:188} INFO - [2024-11-18T08:49:12.528+0000] {dag.py:3096} INFO - Sync 1 DAGs
[2024-11-18T08:49:12.548+0000] {logging_mixin.py:188} INFO - [2024-11-18T08:49:12.548+0000] {dag.py:3954} INFO - Setting next_dagrun for example_sla_dag to 2024-11-18 08:46:00+00:00, run_after=2024-11-18 08:48:00+00:00
[2024-11-18T08:49:12.577+0000] {processor.py:183} INFO - Processing /home/airflow/.local/lib/python3.12/site-packages/airflow/example_dags/example_sla_dag.py took 0.084 seconds
[2024-11-18T08:49:42.703+0000] {processor.py:161} INFO - Started process (PID=7998) to work on /home/airflow/.local/lib/python3.12/site-packages/airflow/example_dags/example_sla_dag.py
[2024-11-18T08:49:42.704+0000] {processor.py:830} INFO - Processing file /home/airflow/.local/lib/python3.12/site-packages/airflow/example_dags/example_sla_dag.py for tasks to queue
[2024-11-18T08:49:42.706+0000] {logging_mixin.py:188} INFO - [2024-11-18T08:49:42.706+0000] {dagbag.py:545} INFO - Filling up the DagBag from /home/airflow/.local/lib/python3.12/site-packages/airflow/example_dags/example_sla_dag.py
[2024-11-18T08:49:42.717+0000] {processor.py:840} INFO - DAG(s) 'example_sla_dag' retrieved from /home/airflow/.local/lib/python3.12/site-packages/airflow/example_dags/example_sla_dag.py
[2024-11-18T08:49:42.740+0000] {logging_mixin.py:188} INFO - [2024-11-18T08:49:42.740+0000] {dag.py:3096} INFO - Sync 1 DAGs
[2024-11-18T08:49:42.763+0000] {logging_mixin.py:188} INFO - [2024-11-18T08:49:42.763+0000] {dag.py:3954} INFO - Setting next_dagrun for example_sla_dag to 2024-11-18 08:46:00+00:00, run_after=2024-11-18 08:48:00+00:00
[2024-11-18T08:49:42.788+0000] {processor.py:183} INFO - Processing /home/airflow/.local/lib/python3.12/site-packages/airflow/example_dags/example_sla_dag.py took 0.091 seconds
[2024-11-18T08:50:12.939+0000] {processor.py:161} INFO - Started process (PID=8257) to work on /home/airflow/.local/lib/python3.12/site-packages/airflow/example_dags/example_sla_dag.py
[2024-11-18T08:50:12.940+0000] {processor.py:830} INFO - Processing file /home/airflow/.local/lib/python3.12/site-packages/airflow/example_dags/example_sla_dag.py for tasks to queue
[2024-11-18T08:50:12.942+0000] {logging_mixin.py:188} INFO - [2024-11-18T08:50:12.941+0000] {dagbag.py:545} INFO - Filling up the DagBag from /home/airflow/.local/lib/python3.12/site-packages/airflow/example_dags/example_sla_dag.py
[2024-11-18T08:50:12.948+0000] {processor.py:840} INFO - DAG(s) 'example_sla_dag' retrieved from /home/airflow/.local/lib/python3.12/site-packages/airflow/example_dags/example_sla_dag.py
[2024-11-18T08:50:12.966+0000] {logging_mixin.py:188} INFO - [2024-11-18T08:50:12.966+0000] {dag.py:3096} INFO - Sync 1 DAGs
[2024-11-18T08:50:12.986+0000] {logging_mixin.py:188} INFO - [2024-11-18T08:50:12.986+0000] {dag.py:3954} INFO - Setting next_dagrun for example_sla_dag to 2024-11-18 08:48:00+00:00, run_after=2024-11-18 08:50:00+00:00
[2024-11-18T08:50:13.014+0000] {processor.py:183} INFO - Processing /home/airflow/.local/lib/python3.12/site-packages/airflow/example_dags/example_sla_dag.py took 0.081 seconds
[2024-11-18T08:50:43.266+0000] {processor.py:161} INFO - Started process (PID=8517) to work on /home/airflow/.local/lib/python3.12/site-packages/airflow/example_dags/example_sla_dag.py
[2024-11-18T08:50:43.267+0000] {processor.py:830} INFO - Processing file /home/airflow/.local/lib/python3.12/site-packages/airflow/example_dags/example_sla_dag.py for tasks to queue
[2024-11-18T08:50:43.269+0000] {logging_mixin.py:188} INFO - [2024-11-18T08:50:43.269+0000] {dagbag.py:545} INFO - Filling up the DagBag from /home/airflow/.local/lib/python3.12/site-packages/airflow/example_dags/example_sla_dag.py
[2024-11-18T08:50:43.277+0000] {processor.py:840} INFO - DAG(s) 'example_sla_dag' retrieved from /home/airflow/.local/lib/python3.12/site-packages/airflow/example_dags/example_sla_dag.py
[2024-11-18T08:50:43.306+0000] {logging_mixin.py:188} INFO - [2024-11-18T08:50:43.298+0000] {dag.py:3096} INFO - Sync 1 DAGs
[2024-11-18T08:50:43.350+0000] {logging_mixin.py:188} INFO - [2024-11-18T08:50:43.349+0000] {dag.py:3954} INFO - Setting next_dagrun for example_sla_dag to 2024-11-18 08:48:00+00:00, run_after=2024-11-18 08:50:00+00:00
[2024-11-18T08:50:43.380+0000] {processor.py:183} INFO - Processing /home/airflow/.local/lib/python3.12/site-packages/airflow/example_dags/example_sla_dag.py took 0.121 seconds
[2024-11-18T08:51:13.720+0000] {processor.py:161} INFO - Started process (PID=8780) to work on /home/airflow/.local/lib/python3.12/site-packages/airflow/example_dags/example_sla_dag.py
[2024-11-18T08:51:13.721+0000] {processor.py:830} INFO - Processing file /home/airflow/.local/lib/python3.12/site-packages/airflow/example_dags/example_sla_dag.py for tasks to queue
[2024-11-18T08:51:13.723+0000] {logging_mixin.py:188} INFO - [2024-11-18T08:51:13.723+0000] {dagbag.py:545} INFO - Filling up the DagBag from /home/airflow/.local/lib/python3.12/site-packages/airflow/example_dags/example_sla_dag.py
[2024-11-18T08:51:13.734+0000] {processor.py:840} INFO - DAG(s) 'example_sla_dag' retrieved from /home/airflow/.local/lib/python3.12/site-packages/airflow/example_dags/example_sla_dag.py
[2024-11-18T08:51:13.752+0000] {logging_mixin.py:188} INFO - [2024-11-18T08:51:13.752+0000] {dag.py:3096} INFO - Sync 1 DAGs
[2024-11-18T08:51:13.777+0000] {logging_mixin.py:188} INFO - [2024-11-18T08:51:13.777+0000] {dag.py:3954} INFO - Setting next_dagrun for example_sla_dag to 2024-11-18 08:48:00+00:00, run_after=2024-11-18 08:50:00+00:00
[2024-11-18T08:51:13.807+0000] {processor.py:183} INFO - Processing /home/airflow/.local/lib/python3.12/site-packages/airflow/example_dags/example_sla_dag.py took 0.092 seconds
[2024-11-18T08:51:43.984+0000] {processor.py:161} INFO - Started process (PID=9042) to work on /home/airflow/.local/lib/python3.12/site-packages/airflow/example_dags/example_sla_dag.py
[2024-11-18T08:51:43.985+0000] {processor.py:830} INFO - Processing file /home/airflow/.local/lib/python3.12/site-packages/airflow/example_dags/example_sla_dag.py for tasks to queue
[2024-11-18T08:51:43.987+0000] {logging_mixin.py:188} INFO - [2024-11-18T08:51:43.986+0000] {dagbag.py:545} INFO - Filling up the DagBag from /home/airflow/.local/lib/python3.12/site-packages/airflow/example_dags/example_sla_dag.py
[2024-11-18T08:51:43.994+0000] {processor.py:840} INFO - DAG(s) 'example_sla_dag' retrieved from /home/airflow/.local/lib/python3.12/site-packages/airflow/example_dags/example_sla_dag.py
[2024-11-18T08:51:44.013+0000] {logging_mixin.py:188} INFO - [2024-11-18T08:51:44.013+0000] {dag.py:3096} INFO - Sync 1 DAGs
[2024-11-18T08:51:44.035+0000] {logging_mixin.py:188} INFO - [2024-11-18T08:51:44.035+0000] {dag.py:3954} INFO - Setting next_dagrun for example_sla_dag to 2024-11-18 08:48:00+00:00, run_after=2024-11-18 08:50:00+00:00
[2024-11-18T08:51:44.065+0000] {processor.py:183} INFO - Processing /home/airflow/.local/lib/python3.12/site-packages/airflow/example_dags/example_sla_dag.py took 0.088 seconds
[2024-11-18T08:52:14.695+0000] {processor.py:161} INFO - Started process (PID=9306) to work on /home/airflow/.local/lib/python3.12/site-packages/airflow/example_dags/example_sla_dag.py
[2024-11-18T08:52:14.696+0000] {processor.py:830} INFO - Processing file /home/airflow/.local/lib/python3.12/site-packages/airflow/example_dags/example_sla_dag.py for tasks to queue
[2024-11-18T08:52:14.698+0000] {logging_mixin.py:188} INFO - [2024-11-18T08:52:14.698+0000] {dagbag.py:545} INFO - Filling up the DagBag from /home/airflow/.local/lib/python3.12/site-packages/airflow/example_dags/example_sla_dag.py
[2024-11-18T08:52:14.709+0000] {processor.py:840} INFO - DAG(s) 'example_sla_dag' retrieved from /home/airflow/.local/lib/python3.12/site-packages/airflow/example_dags/example_sla_dag.py
[2024-11-18T08:52:14.731+0000] {logging_mixin.py:188} INFO - [2024-11-18T08:52:14.730+0000] {dag.py:3096} INFO - Sync 1 DAGs
[2024-11-18T08:52:14.758+0000] {logging_mixin.py:188} INFO - [2024-11-18T08:52:14.758+0000] {dag.py:3954} INFO - Setting next_dagrun for example_sla_dag to 2024-11-18 08:50:00+00:00, run_after=2024-11-18 08:52:00+00:00
[2024-11-18T08:52:14.789+0000] {processor.py:183} INFO - Processing /home/airflow/.local/lib/python3.12/site-packages/airflow/example_dags/example_sla_dag.py took 0.099 seconds
[2024-11-18T08:52:46.078+0000] {processor.py:161} INFO - Started process (PID=9572) to work on /home/airflow/.local/lib/python3.12/site-packages/airflow/example_dags/example_sla_dag.py
[2024-11-18T08:52:46.079+0000] {processor.py:830} INFO - Processing file /home/airflow/.local/lib/python3.12/site-packages/airflow/example_dags/example_sla_dag.py for tasks to queue
[2024-11-18T08:52:46.081+0000] {logging_mixin.py:188} INFO - [2024-11-18T08:52:46.081+0000] {dagbag.py:545} INFO - Filling up the DagBag from /home/airflow/.local/lib/python3.12/site-packages/airflow/example_dags/example_sla_dag.py
[2024-11-18T08:52:46.089+0000] {processor.py:840} INFO - DAG(s) 'example_sla_dag' retrieved from /home/airflow/.local/lib/python3.12/site-packages/airflow/example_dags/example_sla_dag.py
[2024-11-18T08:52:46.107+0000] {logging_mixin.py:188} INFO - [2024-11-18T08:52:46.107+0000] {dag.py:3096} INFO - Sync 1 DAGs
[2024-11-18T08:52:46.128+0000] {logging_mixin.py:188} INFO - [2024-11-18T08:52:46.128+0000] {dag.py:3954} INFO - Setting next_dagrun for example_sla_dag to 2024-11-18 08:50:00+00:00, run_after=2024-11-18 08:52:00+00:00
[2024-11-18T08:52:46.148+0000] {processor.py:183} INFO - Processing /home/airflow/.local/lib/python3.12/site-packages/airflow/example_dags/example_sla_dag.py took 0.074 seconds
