[2024-11-18T08:34:53.897+0000] {processor.py:161} INFO - Started process (PID=211) to work on /home/airflow/.local/lib/python3.12/site-packages/airflow/example_dags/example_task_group.py
[2024-11-18T08:34:53.900+0000] {processor.py:830} INFO - Processing file /home/airflow/.local/lib/python3.12/site-packages/airflow/example_dags/example_task_group.py for tasks to queue
[2024-11-18T08:34:53.904+0000] {logging_mixin.py:188} INFO - [2024-11-18T08:34:53.903+0000] {dagbag.py:545} INFO - Filling up the DagBag from /home/airflow/.local/lib/python3.12/site-packages/airflow/example_dags/example_task_group.py
[2024-11-18T08:34:53.924+0000] {processor.py:840} INFO - DAG(s) 'example_task_group' retrieved from /home/airflow/.local/lib/python3.12/site-packages/airflow/example_dags/example_task_group.py
[2024-11-18T08:34:54.198+0000] {logging_mixin.py:188} INFO - [2024-11-18T08:34:54.196+0000] {override.py:1829} INFO - Created Permission View: can delete on DAG:example_task_group
[2024-11-18T08:34:54.224+0000] {logging_mixin.py:188} INFO - [2024-11-18T08:34:54.224+0000] {override.py:1829} INFO - Created Permission View: can edit on DAG:example_task_group
[2024-11-18T08:34:54.244+0000] {logging_mixin.py:188} INFO - [2024-11-18T08:34:54.243+0000] {override.py:1829} INFO - Created Permission View: can read on DAG:example_task_group
[2024-11-18T08:34:54.245+0000] {logging_mixin.py:188} INFO - [2024-11-18T08:34:54.245+0000] {dag.py:3096} INFO - Sync 1 DAGs
[2024-11-18T08:34:54.270+0000] {logging_mixin.py:188} INFO - [2024-11-18T08:34:54.270+0000] {dag.py:3118} INFO - Creating ORM DAG for example_task_group
[2024-11-18T08:34:54.291+0000] {logging_mixin.py:188} INFO - [2024-11-18T08:34:54.290+0000] {dag.py:3954} INFO - Setting next_dagrun for example_task_group to 2024-11-17 00:00:00+00:00, run_after=2024-11-18 00:00:00+00:00
[2024-11-18T08:34:54.326+0000] {processor.py:183} INFO - Processing /home/airflow/.local/lib/python3.12/site-packages/airflow/example_dags/example_task_group.py took 0.441 seconds
[2024-11-18T08:35:24.869+0000] {processor.py:161} INFO - Started process (PID=472) to work on /home/airflow/.local/lib/python3.12/site-packages/airflow/example_dags/example_task_group.py
[2024-11-18T08:35:24.870+0000] {processor.py:830} INFO - Processing file /home/airflow/.local/lib/python3.12/site-packages/airflow/example_dags/example_task_group.py for tasks to queue
[2024-11-18T08:35:24.872+0000] {logging_mixin.py:188} INFO - [2024-11-18T08:35:24.872+0000] {dagbag.py:545} INFO - Filling up the DagBag from /home/airflow/.local/lib/python3.12/site-packages/airflow/example_dags/example_task_group.py
[2024-11-18T08:35:24.881+0000] {processor.py:840} INFO - DAG(s) 'example_task_group' retrieved from /home/airflow/.local/lib/python3.12/site-packages/airflow/example_dags/example_task_group.py
[2024-11-18T08:35:24.908+0000] {logging_mixin.py:188} INFO - [2024-11-18T08:35:24.908+0000] {dag.py:3096} INFO - Sync 1 DAGs
[2024-11-18T08:35:24.938+0000] {logging_mixin.py:188} INFO - [2024-11-18T08:35:24.937+0000] {dag.py:3954} INFO - Setting next_dagrun for example_task_group to 2024-11-17 00:00:00+00:00, run_after=2024-11-18 00:00:00+00:00
[2024-11-18T08:35:24.970+0000] {processor.py:183} INFO - Processing /home/airflow/.local/lib/python3.12/site-packages/airflow/example_dags/example_task_group.py took 0.107 seconds
[2024-11-18T08:35:55.309+0000] {processor.py:161} INFO - Started process (PID=734) to work on /home/airflow/.local/lib/python3.12/site-packages/airflow/example_dags/example_task_group.py
[2024-11-18T08:35:55.311+0000] {processor.py:830} INFO - Processing file /home/airflow/.local/lib/python3.12/site-packages/airflow/example_dags/example_task_group.py for tasks to queue
[2024-11-18T08:35:55.313+0000] {logging_mixin.py:188} INFO - [2024-11-18T08:35:55.312+0000] {dagbag.py:545} INFO - Filling up the DagBag from /home/airflow/.local/lib/python3.12/site-packages/airflow/example_dags/example_task_group.py
[2024-11-18T08:35:55.323+0000] {processor.py:840} INFO - DAG(s) 'example_task_group' retrieved from /home/airflow/.local/lib/python3.12/site-packages/airflow/example_dags/example_task_group.py
[2024-11-18T08:35:55.351+0000] {logging_mixin.py:188} INFO - [2024-11-18T08:35:55.350+0000] {dag.py:3096} INFO - Sync 1 DAGs
[2024-11-18T08:35:55.372+0000] {logging_mixin.py:188} INFO - [2024-11-18T08:35:55.372+0000] {dag.py:3954} INFO - Setting next_dagrun for example_task_group to 2024-11-17 00:00:00+00:00, run_after=2024-11-18 00:00:00+00:00
[2024-11-18T08:35:55.393+0000] {processor.py:183} INFO - Processing /home/airflow/.local/lib/python3.12/site-packages/airflow/example_dags/example_task_group.py took 0.089 seconds
[2024-11-18T08:36:25.768+0000] {processor.py:161} INFO - Started process (PID=996) to work on /home/airflow/.local/lib/python3.12/site-packages/airflow/example_dags/example_task_group.py
[2024-11-18T08:36:25.769+0000] {processor.py:830} INFO - Processing file /home/airflow/.local/lib/python3.12/site-packages/airflow/example_dags/example_task_group.py for tasks to queue
[2024-11-18T08:36:25.771+0000] {logging_mixin.py:188} INFO - [2024-11-18T08:36:25.771+0000] {dagbag.py:545} INFO - Filling up the DagBag from /home/airflow/.local/lib/python3.12/site-packages/airflow/example_dags/example_task_group.py
[2024-11-18T08:36:25.778+0000] {processor.py:840} INFO - DAG(s) 'example_task_group' retrieved from /home/airflow/.local/lib/python3.12/site-packages/airflow/example_dags/example_task_group.py
[2024-11-18T08:36:25.804+0000] {logging_mixin.py:188} INFO - [2024-11-18T08:36:25.803+0000] {dag.py:3096} INFO - Sync 1 DAGs
[2024-11-18T08:36:25.826+0000] {logging_mixin.py:188} INFO - [2024-11-18T08:36:25.825+0000] {dag.py:3954} INFO - Setting next_dagrun for example_task_group to 2024-11-17 00:00:00+00:00, run_after=2024-11-18 00:00:00+00:00
[2024-11-18T08:36:25.853+0000] {processor.py:183} INFO - Processing /home/airflow/.local/lib/python3.12/site-packages/airflow/example_dags/example_task_group.py took 0.091 seconds
[2024-11-18T08:36:55.920+0000] {processor.py:161} INFO - Started process (PID=1258) to work on /home/airflow/.local/lib/python3.12/site-packages/airflow/example_dags/example_task_group.py
[2024-11-18T08:36:55.921+0000] {processor.py:830} INFO - Processing file /home/airflow/.local/lib/python3.12/site-packages/airflow/example_dags/example_task_group.py for tasks to queue
[2024-11-18T08:36:55.922+0000] {logging_mixin.py:188} INFO - [2024-11-18T08:36:55.922+0000] {dagbag.py:545} INFO - Filling up the DagBag from /home/airflow/.local/lib/python3.12/site-packages/airflow/example_dags/example_task_group.py
[2024-11-18T08:36:55.928+0000] {processor.py:840} INFO - DAG(s) 'example_task_group' retrieved from /home/airflow/.local/lib/python3.12/site-packages/airflow/example_dags/example_task_group.py
[2024-11-18T08:36:55.948+0000] {logging_mixin.py:188} INFO - [2024-11-18T08:36:55.948+0000] {dag.py:3096} INFO - Sync 1 DAGs
[2024-11-18T08:36:55.965+0000] {logging_mixin.py:188} INFO - [2024-11-18T08:36:55.965+0000] {dag.py:3954} INFO - Setting next_dagrun for example_task_group to 2024-11-17 00:00:00+00:00, run_after=2024-11-18 00:00:00+00:00
[2024-11-18T08:36:55.996+0000] {processor.py:183} INFO - Processing /home/airflow/.local/lib/python3.12/site-packages/airflow/example_dags/example_task_group.py took 0.083 seconds
[2024-11-18T08:37:26.302+0000] {processor.py:161} INFO - Started process (PID=1520) to work on /home/airflow/.local/lib/python3.12/site-packages/airflow/example_dags/example_task_group.py
[2024-11-18T08:37:26.303+0000] {processor.py:830} INFO - Processing file /home/airflow/.local/lib/python3.12/site-packages/airflow/example_dags/example_task_group.py for tasks to queue
[2024-11-18T08:37:26.305+0000] {logging_mixin.py:188} INFO - [2024-11-18T08:37:26.305+0000] {dagbag.py:545} INFO - Filling up the DagBag from /home/airflow/.local/lib/python3.12/site-packages/airflow/example_dags/example_task_group.py
[2024-11-18T08:37:26.312+0000] {processor.py:840} INFO - DAG(s) 'example_task_group' retrieved from /home/airflow/.local/lib/python3.12/site-packages/airflow/example_dags/example_task_group.py
[2024-11-18T08:37:26.333+0000] {logging_mixin.py:188} INFO - [2024-11-18T08:37:26.333+0000] {dag.py:3096} INFO - Sync 1 DAGs
[2024-11-18T08:37:26.353+0000] {logging_mixin.py:188} INFO - [2024-11-18T08:37:26.353+0000] {dag.py:3954} INFO - Setting next_dagrun for example_task_group to 2024-11-17 00:00:00+00:00, run_after=2024-11-18 00:00:00+00:00
[2024-11-18T08:37:26.372+0000] {processor.py:183} INFO - Processing /home/airflow/.local/lib/python3.12/site-packages/airflow/example_dags/example_task_group.py took 0.076 seconds
[2024-11-18T08:37:56.429+0000] {processor.py:161} INFO - Started process (PID=1782) to work on /home/airflow/.local/lib/python3.12/site-packages/airflow/example_dags/example_task_group.py
[2024-11-18T08:37:56.430+0000] {processor.py:830} INFO - Processing file /home/airflow/.local/lib/python3.12/site-packages/airflow/example_dags/example_task_group.py for tasks to queue
[2024-11-18T08:37:56.432+0000] {logging_mixin.py:188} INFO - [2024-11-18T08:37:56.432+0000] {dagbag.py:545} INFO - Filling up the DagBag from /home/airflow/.local/lib/python3.12/site-packages/airflow/example_dags/example_task_group.py
[2024-11-18T08:37:56.438+0000] {processor.py:840} INFO - DAG(s) 'example_task_group' retrieved from /home/airflow/.local/lib/python3.12/site-packages/airflow/example_dags/example_task_group.py
[2024-11-18T08:37:56.460+0000] {logging_mixin.py:188} INFO - [2024-11-18T08:37:56.460+0000] {dag.py:3096} INFO - Sync 1 DAGs
[2024-11-18T08:37:56.481+0000] {logging_mixin.py:188} INFO - [2024-11-18T08:37:56.480+0000] {dag.py:3954} INFO - Setting next_dagrun for example_task_group to 2024-11-17 00:00:00+00:00, run_after=2024-11-18 00:00:00+00:00
[2024-11-18T08:37:56.517+0000] {processor.py:183} INFO - Processing /home/airflow/.local/lib/python3.12/site-packages/airflow/example_dags/example_task_group.py took 0.093 seconds
[2024-11-18T08:38:27.068+0000] {processor.py:161} INFO - Started process (PID=2045) to work on /home/airflow/.local/lib/python3.12/site-packages/airflow/example_dags/example_task_group.py
[2024-11-18T08:38:27.070+0000] {processor.py:830} INFO - Processing file /home/airflow/.local/lib/python3.12/site-packages/airflow/example_dags/example_task_group.py for tasks to queue
[2024-11-18T08:38:27.072+0000] {logging_mixin.py:188} INFO - [2024-11-18T08:38:27.071+0000] {dagbag.py:545} INFO - Filling up the DagBag from /home/airflow/.local/lib/python3.12/site-packages/airflow/example_dags/example_task_group.py
[2024-11-18T08:38:27.078+0000] {processor.py:840} INFO - DAG(s) 'example_task_group' retrieved from /home/airflow/.local/lib/python3.12/site-packages/airflow/example_dags/example_task_group.py
[2024-11-18T08:38:27.098+0000] {logging_mixin.py:188} INFO - [2024-11-18T08:38:27.098+0000] {dag.py:3096} INFO - Sync 1 DAGs
[2024-11-18T08:38:27.116+0000] {logging_mixin.py:188} INFO - [2024-11-18T08:38:27.116+0000] {dag.py:3954} INFO - Setting next_dagrun for example_task_group to 2024-11-17 00:00:00+00:00, run_after=2024-11-18 00:00:00+00:00
[2024-11-18T08:38:27.146+0000] {processor.py:183} INFO - Processing /home/airflow/.local/lib/python3.12/site-packages/airflow/example_dags/example_task_group.py took 0.082 seconds
[2024-11-18T08:38:57.499+0000] {processor.py:161} INFO - Started process (PID=2306) to work on /home/airflow/.local/lib/python3.12/site-packages/airflow/example_dags/example_task_group.py
[2024-11-18T08:38:57.500+0000] {processor.py:830} INFO - Processing file /home/airflow/.local/lib/python3.12/site-packages/airflow/example_dags/example_task_group.py for tasks to queue
[2024-11-18T08:38:57.502+0000] {logging_mixin.py:188} INFO - [2024-11-18T08:38:57.502+0000] {dagbag.py:545} INFO - Filling up the DagBag from /home/airflow/.local/lib/python3.12/site-packages/airflow/example_dags/example_task_group.py
[2024-11-18T08:38:57.508+0000] {processor.py:840} INFO - DAG(s) 'example_task_group' retrieved from /home/airflow/.local/lib/python3.12/site-packages/airflow/example_dags/example_task_group.py
[2024-11-18T08:38:57.528+0000] {logging_mixin.py:188} INFO - [2024-11-18T08:38:57.528+0000] {dag.py:3096} INFO - Sync 1 DAGs
[2024-11-18T08:38:57.547+0000] {logging_mixin.py:188} INFO - [2024-11-18T08:38:57.547+0000] {dag.py:3954} INFO - Setting next_dagrun for example_task_group to 2024-11-17 00:00:00+00:00, run_after=2024-11-18 00:00:00+00:00
[2024-11-18T08:38:57.576+0000] {processor.py:183} INFO - Processing /home/airflow/.local/lib/python3.12/site-packages/airflow/example_dags/example_task_group.py took 0.083 seconds
[2024-11-18T08:39:27.699+0000] {processor.py:161} INFO - Started process (PID=2568) to work on /home/airflow/.local/lib/python3.12/site-packages/airflow/example_dags/example_task_group.py
[2024-11-18T08:39:27.700+0000] {processor.py:830} INFO - Processing file /home/airflow/.local/lib/python3.12/site-packages/airflow/example_dags/example_task_group.py for tasks to queue
[2024-11-18T08:39:27.702+0000] {logging_mixin.py:188} INFO - [2024-11-18T08:39:27.702+0000] {dagbag.py:545} INFO - Filling up the DagBag from /home/airflow/.local/lib/python3.12/site-packages/airflow/example_dags/example_task_group.py
[2024-11-18T08:39:27.708+0000] {processor.py:840} INFO - DAG(s) 'example_task_group' retrieved from /home/airflow/.local/lib/python3.12/site-packages/airflow/example_dags/example_task_group.py
[2024-11-18T08:39:27.729+0000] {logging_mixin.py:188} INFO - [2024-11-18T08:39:27.729+0000] {dag.py:3096} INFO - Sync 1 DAGs
[2024-11-18T08:39:27.749+0000] {logging_mixin.py:188} INFO - [2024-11-18T08:39:27.749+0000] {dag.py:3954} INFO - Setting next_dagrun for example_task_group to 2024-11-17 00:00:00+00:00, run_after=2024-11-18 00:00:00+00:00
[2024-11-18T08:39:27.780+0000] {processor.py:183} INFO - Processing /home/airflow/.local/lib/python3.12/site-packages/airflow/example_dags/example_task_group.py took 0.087 seconds
[2024-11-18T08:39:58.139+0000] {processor.py:161} INFO - Started process (PID=2832) to work on /home/airflow/.local/lib/python3.12/site-packages/airflow/example_dags/example_task_group.py
[2024-11-18T08:39:58.140+0000] {processor.py:830} INFO - Processing file /home/airflow/.local/lib/python3.12/site-packages/airflow/example_dags/example_task_group.py for tasks to queue
[2024-11-18T08:39:58.142+0000] {logging_mixin.py:188} INFO - [2024-11-18T08:39:58.141+0000] {dagbag.py:545} INFO - Filling up the DagBag from /home/airflow/.local/lib/python3.12/site-packages/airflow/example_dags/example_task_group.py
[2024-11-18T08:39:58.148+0000] {processor.py:840} INFO - DAG(s) 'example_task_group' retrieved from /home/airflow/.local/lib/python3.12/site-packages/airflow/example_dags/example_task_group.py
[2024-11-18T08:39:58.167+0000] {logging_mixin.py:188} INFO - [2024-11-18T08:39:58.167+0000] {dag.py:3096} INFO - Sync 1 DAGs
[2024-11-18T08:39:58.187+0000] {logging_mixin.py:188} INFO - [2024-11-18T08:39:58.187+0000] {dag.py:3954} INFO - Setting next_dagrun for example_task_group to 2024-11-17 00:00:00+00:00, run_after=2024-11-18 00:00:00+00:00
[2024-11-18T08:39:58.217+0000] {processor.py:183} INFO - Processing /home/airflow/.local/lib/python3.12/site-packages/airflow/example_dags/example_task_group.py took 0.083 seconds
[2024-11-18T08:40:28.559+0000] {processor.py:161} INFO - Started process (PID=3092) to work on /home/airflow/.local/lib/python3.12/site-packages/airflow/example_dags/example_task_group.py
[2024-11-18T08:40:28.562+0000] {processor.py:830} INFO - Processing file /home/airflow/.local/lib/python3.12/site-packages/airflow/example_dags/example_task_group.py for tasks to queue
[2024-11-18T08:40:28.565+0000] {logging_mixin.py:188} INFO - [2024-11-18T08:40:28.564+0000] {dagbag.py:545} INFO - Filling up the DagBag from /home/airflow/.local/lib/python3.12/site-packages/airflow/example_dags/example_task_group.py
[2024-11-18T08:40:28.574+0000] {processor.py:840} INFO - DAG(s) 'example_task_group' retrieved from /home/airflow/.local/lib/python3.12/site-packages/airflow/example_dags/example_task_group.py
[2024-11-18T08:40:28.601+0000] {logging_mixin.py:188} INFO - [2024-11-18T08:40:28.601+0000] {dag.py:3096} INFO - Sync 1 DAGs
[2024-11-18T08:40:28.623+0000] {logging_mixin.py:188} INFO - [2024-11-18T08:40:28.623+0000] {dag.py:3954} INFO - Setting next_dagrun for example_task_group to 2024-11-17 00:00:00+00:00, run_after=2024-11-18 00:00:00+00:00
[2024-11-18T08:40:28.652+0000] {processor.py:183} INFO - Processing /home/airflow/.local/lib/python3.12/site-packages/airflow/example_dags/example_task_group.py took 0.100 seconds
[2024-11-18T08:40:58.707+0000] {processor.py:161} INFO - Started process (PID=3354) to work on /home/airflow/.local/lib/python3.12/site-packages/airflow/example_dags/example_task_group.py
[2024-11-18T08:40:58.708+0000] {processor.py:830} INFO - Processing file /home/airflow/.local/lib/python3.12/site-packages/airflow/example_dags/example_task_group.py for tasks to queue
[2024-11-18T08:40:58.710+0000] {logging_mixin.py:188} INFO - [2024-11-18T08:40:58.710+0000] {dagbag.py:545} INFO - Filling up the DagBag from /home/airflow/.local/lib/python3.12/site-packages/airflow/example_dags/example_task_group.py
[2024-11-18T08:40:58.717+0000] {processor.py:840} INFO - DAG(s) 'example_task_group' retrieved from /home/airflow/.local/lib/python3.12/site-packages/airflow/example_dags/example_task_group.py
[2024-11-18T08:40:58.736+0000] {logging_mixin.py:188} INFO - [2024-11-18T08:40:58.736+0000] {dag.py:3096} INFO - Sync 1 DAGs
[2024-11-18T08:40:58.755+0000] {logging_mixin.py:188} INFO - [2024-11-18T08:40:58.755+0000] {dag.py:3954} INFO - Setting next_dagrun for example_task_group to 2024-11-17 00:00:00+00:00, run_after=2024-11-18 00:00:00+00:00
[2024-11-18T08:40:58.784+0000] {processor.py:183} INFO - Processing /home/airflow/.local/lib/python3.12/site-packages/airflow/example_dags/example_task_group.py took 0.083 seconds
[2024-11-18T08:41:29.377+0000] {processor.py:161} INFO - Started process (PID=3616) to work on /home/airflow/.local/lib/python3.12/site-packages/airflow/example_dags/example_task_group.py
[2024-11-18T08:41:29.382+0000] {processor.py:830} INFO - Processing file /home/airflow/.local/lib/python3.12/site-packages/airflow/example_dags/example_task_group.py for tasks to queue
[2024-11-18T08:41:29.388+0000] {logging_mixin.py:188} INFO - [2024-11-18T08:41:29.387+0000] {dagbag.py:545} INFO - Filling up the DagBag from /home/airflow/.local/lib/python3.12/site-packages/airflow/example_dags/example_task_group.py
[2024-11-18T08:41:29.413+0000] {processor.py:840} INFO - DAG(s) 'example_task_group' retrieved from /home/airflow/.local/lib/python3.12/site-packages/airflow/example_dags/example_task_group.py
[2024-11-18T08:41:29.485+0000] {logging_mixin.py:188} INFO - [2024-11-18T08:41:29.485+0000] {dag.py:3096} INFO - Sync 1 DAGs
[2024-11-18T08:41:29.553+0000] {logging_mixin.py:188} INFO - [2024-11-18T08:41:29.552+0000] {dag.py:3954} INFO - Setting next_dagrun for example_task_group to 2024-11-17 00:00:00+00:00, run_after=2024-11-18 00:00:00+00:00
[2024-11-18T08:41:29.613+0000] {processor.py:183} INFO - Processing /home/airflow/.local/lib/python3.12/site-packages/airflow/example_dags/example_task_group.py took 0.252 seconds
[2024-11-18T08:41:59.748+0000] {processor.py:161} INFO - Started process (PID=3878) to work on /home/airflow/.local/lib/python3.12/site-packages/airflow/example_dags/example_task_group.py
[2024-11-18T08:41:59.749+0000] {processor.py:830} INFO - Processing file /home/airflow/.local/lib/python3.12/site-packages/airflow/example_dags/example_task_group.py for tasks to queue
[2024-11-18T08:41:59.752+0000] {logging_mixin.py:188} INFO - [2024-11-18T08:41:59.751+0000] {dagbag.py:545} INFO - Filling up the DagBag from /home/airflow/.local/lib/python3.12/site-packages/airflow/example_dags/example_task_group.py
[2024-11-18T08:41:59.760+0000] {processor.py:840} INFO - DAG(s) 'example_task_group' retrieved from /home/airflow/.local/lib/python3.12/site-packages/airflow/example_dags/example_task_group.py
[2024-11-18T08:41:59.786+0000] {logging_mixin.py:188} INFO - [2024-11-18T08:41:59.786+0000] {dag.py:3096} INFO - Sync 1 DAGs
[2024-11-18T08:41:59.812+0000] {logging_mixin.py:188} INFO - [2024-11-18T08:41:59.812+0000] {dag.py:3954} INFO - Setting next_dagrun for example_task_group to 2024-11-17 00:00:00+00:00, run_after=2024-11-18 00:00:00+00:00
[2024-11-18T08:41:59.837+0000] {processor.py:183} INFO - Processing /home/airflow/.local/lib/python3.12/site-packages/airflow/example_dags/example_task_group.py took 0.094 seconds
[2024-11-18T08:42:30.273+0000] {processor.py:161} INFO - Started process (PID=4140) to work on /home/airflow/.local/lib/python3.12/site-packages/airflow/example_dags/example_task_group.py
[2024-11-18T08:42:30.284+0000] {processor.py:830} INFO - Processing file /home/airflow/.local/lib/python3.12/site-packages/airflow/example_dags/example_task_group.py for tasks to queue
[2024-11-18T08:42:30.288+0000] {logging_mixin.py:188} INFO - [2024-11-18T08:42:30.288+0000] {dagbag.py:545} INFO - Filling up the DagBag from /home/airflow/.local/lib/python3.12/site-packages/airflow/example_dags/example_task_group.py
[2024-11-18T08:42:30.313+0000] {processor.py:840} INFO - DAG(s) 'example_task_group' retrieved from /home/airflow/.local/lib/python3.12/site-packages/airflow/example_dags/example_task_group.py
[2024-11-18T08:42:30.410+0000] {logging_mixin.py:188} INFO - [2024-11-18T08:42:30.409+0000] {dag.py:3096} INFO - Sync 1 DAGs
[2024-11-18T08:42:30.524+0000] {logging_mixin.py:188} INFO - [2024-11-18T08:42:30.524+0000] {dag.py:3954} INFO - Setting next_dagrun for example_task_group to 2024-11-17 00:00:00+00:00, run_after=2024-11-18 00:00:00+00:00
[2024-11-18T08:42:30.633+0000] {processor.py:183} INFO - Processing /home/airflow/.local/lib/python3.12/site-packages/airflow/example_dags/example_task_group.py took 0.375 seconds
[2024-11-18T08:43:00.763+0000] {processor.py:161} INFO - Started process (PID=4404) to work on /home/airflow/.local/lib/python3.12/site-packages/airflow/example_dags/example_task_group.py
[2024-11-18T08:43:00.765+0000] {processor.py:830} INFO - Processing file /home/airflow/.local/lib/python3.12/site-packages/airflow/example_dags/example_task_group.py for tasks to queue
[2024-11-18T08:43:00.770+0000] {logging_mixin.py:188} INFO - [2024-11-18T08:43:00.769+0000] {dagbag.py:545} INFO - Filling up the DagBag from /home/airflow/.local/lib/python3.12/site-packages/airflow/example_dags/example_task_group.py
[2024-11-18T08:43:00.786+0000] {processor.py:840} INFO - DAG(s) 'example_task_group' retrieved from /home/airflow/.local/lib/python3.12/site-packages/airflow/example_dags/example_task_group.py
[2024-11-18T08:43:00.850+0000] {logging_mixin.py:188} INFO - [2024-11-18T08:43:00.850+0000] {dag.py:3096} INFO - Sync 1 DAGs
[2024-11-18T08:43:00.929+0000] {logging_mixin.py:188} INFO - [2024-11-18T08:43:00.928+0000] {dag.py:3954} INFO - Setting next_dagrun for example_task_group to 2024-11-17 00:00:00+00:00, run_after=2024-11-18 00:00:00+00:00
[2024-11-18T08:43:01.007+0000] {processor.py:183} INFO - Processing /home/airflow/.local/lib/python3.12/site-packages/airflow/example_dags/example_task_group.py took 0.260 seconds
[2024-11-18T08:43:31.553+0000] {processor.py:161} INFO - Started process (PID=4664) to work on /home/airflow/.local/lib/python3.12/site-packages/airflow/example_dags/example_task_group.py
[2024-11-18T08:43:31.555+0000] {processor.py:830} INFO - Processing file /home/airflow/.local/lib/python3.12/site-packages/airflow/example_dags/example_task_group.py for tasks to queue
[2024-11-18T08:43:31.557+0000] {logging_mixin.py:188} INFO - [2024-11-18T08:43:31.557+0000] {dagbag.py:545} INFO - Filling up the DagBag from /home/airflow/.local/lib/python3.12/site-packages/airflow/example_dags/example_task_group.py
[2024-11-18T08:43:31.564+0000] {processor.py:840} INFO - DAG(s) 'example_task_group' retrieved from /home/airflow/.local/lib/python3.12/site-packages/airflow/example_dags/example_task_group.py
[2024-11-18T08:43:31.587+0000] {logging_mixin.py:188} INFO - [2024-11-18T08:43:31.587+0000] {dag.py:3096} INFO - Sync 1 DAGs
[2024-11-18T08:43:31.608+0000] {logging_mixin.py:188} INFO - [2024-11-18T08:43:31.608+0000] {dag.py:3954} INFO - Setting next_dagrun for example_task_group to 2024-11-17 00:00:00+00:00, run_after=2024-11-18 00:00:00+00:00
[2024-11-18T08:43:31.639+0000] {processor.py:183} INFO - Processing /home/airflow/.local/lib/python3.12/site-packages/airflow/example_dags/example_task_group.py took 0.092 seconds
[2024-11-18T08:44:01.819+0000] {processor.py:161} INFO - Started process (PID=4926) to work on /home/airflow/.local/lib/python3.12/site-packages/airflow/example_dags/example_task_group.py
[2024-11-18T08:44:01.820+0000] {processor.py:830} INFO - Processing file /home/airflow/.local/lib/python3.12/site-packages/airflow/example_dags/example_task_group.py for tasks to queue
[2024-11-18T08:44:01.821+0000] {logging_mixin.py:188} INFO - [2024-11-18T08:44:01.821+0000] {dagbag.py:545} INFO - Filling up the DagBag from /home/airflow/.local/lib/python3.12/site-packages/airflow/example_dags/example_task_group.py
[2024-11-18T08:44:01.828+0000] {processor.py:840} INFO - DAG(s) 'example_task_group' retrieved from /home/airflow/.local/lib/python3.12/site-packages/airflow/example_dags/example_task_group.py
[2024-11-18T08:44:01.848+0000] {logging_mixin.py:188} INFO - [2024-11-18T08:44:01.848+0000] {dag.py:3096} INFO - Sync 1 DAGs
[2024-11-18T08:44:01.867+0000] {logging_mixin.py:188} INFO - [2024-11-18T08:44:01.866+0000] {dag.py:3954} INFO - Setting next_dagrun for example_task_group to 2024-11-17 00:00:00+00:00, run_after=2024-11-18 00:00:00+00:00
[2024-11-18T08:44:01.893+0000] {processor.py:183} INFO - Processing /home/airflow/.local/lib/python3.12/site-packages/airflow/example_dags/example_task_group.py took 0.079 seconds
[2024-11-18T08:44:31.982+0000] {processor.py:161} INFO - Started process (PID=5188) to work on /home/airflow/.local/lib/python3.12/site-packages/airflow/example_dags/example_task_group.py
[2024-11-18T08:44:31.983+0000] {processor.py:830} INFO - Processing file /home/airflow/.local/lib/python3.12/site-packages/airflow/example_dags/example_task_group.py for tasks to queue
[2024-11-18T08:44:31.985+0000] {logging_mixin.py:188} INFO - [2024-11-18T08:44:31.985+0000] {dagbag.py:545} INFO - Filling up the DagBag from /home/airflow/.local/lib/python3.12/site-packages/airflow/example_dags/example_task_group.py
[2024-11-18T08:44:31.992+0000] {processor.py:840} INFO - DAG(s) 'example_task_group' retrieved from /home/airflow/.local/lib/python3.12/site-packages/airflow/example_dags/example_task_group.py
[2024-11-18T08:44:32.013+0000] {logging_mixin.py:188} INFO - [2024-11-18T08:44:32.012+0000] {dag.py:3096} INFO - Sync 1 DAGs
[2024-11-18T08:44:32.031+0000] {logging_mixin.py:188} INFO - [2024-11-18T08:44:32.031+0000] {dag.py:3954} INFO - Setting next_dagrun for example_task_group to 2024-11-17 00:00:00+00:00, run_after=2024-11-18 00:00:00+00:00
[2024-11-18T08:44:32.061+0000] {processor.py:183} INFO - Processing /home/airflow/.local/lib/python3.12/site-packages/airflow/example_dags/example_task_group.py took 0.085 seconds
[2024-11-18T08:45:02.382+0000] {processor.py:161} INFO - Started process (PID=5450) to work on /home/airflow/.local/lib/python3.12/site-packages/airflow/example_dags/example_task_group.py
[2024-11-18T08:45:02.383+0000] {processor.py:830} INFO - Processing file /home/airflow/.local/lib/python3.12/site-packages/airflow/example_dags/example_task_group.py for tasks to queue
[2024-11-18T08:45:02.385+0000] {logging_mixin.py:188} INFO - [2024-11-18T08:45:02.384+0000] {dagbag.py:545} INFO - Filling up the DagBag from /home/airflow/.local/lib/python3.12/site-packages/airflow/example_dags/example_task_group.py
[2024-11-18T08:45:02.392+0000] {processor.py:840} INFO - DAG(s) 'example_task_group' retrieved from /home/airflow/.local/lib/python3.12/site-packages/airflow/example_dags/example_task_group.py
[2024-11-18T08:45:02.416+0000] {logging_mixin.py:188} INFO - [2024-11-18T08:45:02.415+0000] {dag.py:3096} INFO - Sync 1 DAGs
[2024-11-18T08:45:02.440+0000] {logging_mixin.py:188} INFO - [2024-11-18T08:45:02.440+0000] {dag.py:3954} INFO - Setting next_dagrun for example_task_group to 2024-11-17 00:00:00+00:00, run_after=2024-11-18 00:00:00+00:00
[2024-11-18T08:45:02.472+0000] {processor.py:183} INFO - Processing /home/airflow/.local/lib/python3.12/site-packages/airflow/example_dags/example_task_group.py took 0.097 seconds
[2024-11-18T08:45:32.658+0000] {processor.py:161} INFO - Started process (PID=5712) to work on /home/airflow/.local/lib/python3.12/site-packages/airflow/example_dags/example_task_group.py
[2024-11-18T08:45:32.660+0000] {processor.py:830} INFO - Processing file /home/airflow/.local/lib/python3.12/site-packages/airflow/example_dags/example_task_group.py for tasks to queue
[2024-11-18T08:45:32.662+0000] {logging_mixin.py:188} INFO - [2024-11-18T08:45:32.661+0000] {dagbag.py:545} INFO - Filling up the DagBag from /home/airflow/.local/lib/python3.12/site-packages/airflow/example_dags/example_task_group.py
[2024-11-18T08:45:32.675+0000] {processor.py:840} INFO - DAG(s) 'example_task_group' retrieved from /home/airflow/.local/lib/python3.12/site-packages/airflow/example_dags/example_task_group.py
[2024-11-18T08:45:32.699+0000] {logging_mixin.py:188} INFO - [2024-11-18T08:45:32.699+0000] {dag.py:3096} INFO - Sync 1 DAGs
[2024-11-18T08:45:32.719+0000] {logging_mixin.py:188} INFO - [2024-11-18T08:45:32.719+0000] {dag.py:3954} INFO - Setting next_dagrun for example_task_group to 2024-11-17 00:00:00+00:00, run_after=2024-11-18 00:00:00+00:00
[2024-11-18T08:45:32.749+0000] {processor.py:183} INFO - Processing /home/airflow/.local/lib/python3.12/site-packages/airflow/example_dags/example_task_group.py took 0.096 seconds
[2024-11-18T08:46:02.830+0000] {processor.py:161} INFO - Started process (PID=5974) to work on /home/airflow/.local/lib/python3.12/site-packages/airflow/example_dags/example_task_group.py
[2024-11-18T08:46:02.831+0000] {processor.py:830} INFO - Processing file /home/airflow/.local/lib/python3.12/site-packages/airflow/example_dags/example_task_group.py for tasks to queue
[2024-11-18T08:46:02.833+0000] {logging_mixin.py:188} INFO - [2024-11-18T08:46:02.832+0000] {dagbag.py:545} INFO - Filling up the DagBag from /home/airflow/.local/lib/python3.12/site-packages/airflow/example_dags/example_task_group.py
[2024-11-18T08:46:02.839+0000] {processor.py:840} INFO - DAG(s) 'example_task_group' retrieved from /home/airflow/.local/lib/python3.12/site-packages/airflow/example_dags/example_task_group.py
[2024-11-18T08:46:02.860+0000] {logging_mixin.py:188} INFO - [2024-11-18T08:46:02.859+0000] {dag.py:3096} INFO - Sync 1 DAGs
[2024-11-18T08:46:02.878+0000] {logging_mixin.py:188} INFO - [2024-11-18T08:46:02.878+0000] {dag.py:3954} INFO - Setting next_dagrun for example_task_group to 2024-11-17 00:00:00+00:00, run_after=2024-11-18 00:00:00+00:00
[2024-11-18T08:46:02.908+0000] {processor.py:183} INFO - Processing /home/airflow/.local/lib/python3.12/site-packages/airflow/example_dags/example_task_group.py took 0.084 seconds
[2024-11-18T08:46:33.015+0000] {processor.py:161} INFO - Started process (PID=6236) to work on /home/airflow/.local/lib/python3.12/site-packages/airflow/example_dags/example_task_group.py
[2024-11-18T08:46:33.015+0000] {processor.py:830} INFO - Processing file /home/airflow/.local/lib/python3.12/site-packages/airflow/example_dags/example_task_group.py for tasks to queue
[2024-11-18T08:46:33.017+0000] {logging_mixin.py:188} INFO - [2024-11-18T08:46:33.017+0000] {dagbag.py:545} INFO - Filling up the DagBag from /home/airflow/.local/lib/python3.12/site-packages/airflow/example_dags/example_task_group.py
[2024-11-18T08:46:33.023+0000] {processor.py:840} INFO - DAG(s) 'example_task_group' retrieved from /home/airflow/.local/lib/python3.12/site-packages/airflow/example_dags/example_task_group.py
[2024-11-18T08:46:33.044+0000] {logging_mixin.py:188} INFO - [2024-11-18T08:46:33.044+0000] {dag.py:3096} INFO - Sync 1 DAGs
[2024-11-18T08:46:33.063+0000] {logging_mixin.py:188} INFO - [2024-11-18T08:46:33.063+0000] {dag.py:3954} INFO - Setting next_dagrun for example_task_group to 2024-11-17 00:00:00+00:00, run_after=2024-11-18 00:00:00+00:00
[2024-11-18T08:46:33.093+0000] {processor.py:183} INFO - Processing /home/airflow/.local/lib/python3.12/site-packages/airflow/example_dags/example_task_group.py took 0.083 seconds
[2024-11-18T08:47:03.348+0000] {processor.py:161} INFO - Started process (PID=6498) to work on /home/airflow/.local/lib/python3.12/site-packages/airflow/example_dags/example_task_group.py
[2024-11-18T08:47:03.349+0000] {processor.py:830} INFO - Processing file /home/airflow/.local/lib/python3.12/site-packages/airflow/example_dags/example_task_group.py for tasks to queue
[2024-11-18T08:47:03.351+0000] {logging_mixin.py:188} INFO - [2024-11-18T08:47:03.351+0000] {dagbag.py:545} INFO - Filling up the DagBag from /home/airflow/.local/lib/python3.12/site-packages/airflow/example_dags/example_task_group.py
[2024-11-18T08:47:03.357+0000] {processor.py:840} INFO - DAG(s) 'example_task_group' retrieved from /home/airflow/.local/lib/python3.12/site-packages/airflow/example_dags/example_task_group.py
[2024-11-18T08:47:03.387+0000] {logging_mixin.py:188} INFO - [2024-11-18T08:47:03.387+0000] {dag.py:3096} INFO - Sync 1 DAGs
[2024-11-18T08:47:03.412+0000] {logging_mixin.py:188} INFO - [2024-11-18T08:47:03.412+0000] {dag.py:3954} INFO - Setting next_dagrun for example_task_group to 2024-11-17 00:00:00+00:00, run_after=2024-11-18 00:00:00+00:00
[2024-11-18T08:47:03.437+0000] {processor.py:183} INFO - Processing /home/airflow/.local/lib/python3.12/site-packages/airflow/example_dags/example_task_group.py took 0.094 seconds
[2024-11-18T08:47:33.624+0000] {processor.py:161} INFO - Started process (PID=6760) to work on /home/airflow/.local/lib/python3.12/site-packages/airflow/example_dags/example_task_group.py
[2024-11-18T08:47:33.625+0000] {processor.py:830} INFO - Processing file /home/airflow/.local/lib/python3.12/site-packages/airflow/example_dags/example_task_group.py for tasks to queue
[2024-11-18T08:47:33.627+0000] {logging_mixin.py:188} INFO - [2024-11-18T08:47:33.626+0000] {dagbag.py:545} INFO - Filling up the DagBag from /home/airflow/.local/lib/python3.12/site-packages/airflow/example_dags/example_task_group.py
[2024-11-18T08:47:33.633+0000] {processor.py:840} INFO - DAG(s) 'example_task_group' retrieved from /home/airflow/.local/lib/python3.12/site-packages/airflow/example_dags/example_task_group.py
[2024-11-18T08:47:33.654+0000] {logging_mixin.py:188} INFO - [2024-11-18T08:47:33.654+0000] {dag.py:3096} INFO - Sync 1 DAGs
[2024-11-18T08:47:33.674+0000] {logging_mixin.py:188} INFO - [2024-11-18T08:47:33.674+0000] {dag.py:3954} INFO - Setting next_dagrun for example_task_group to 2024-11-17 00:00:00+00:00, run_after=2024-11-18 00:00:00+00:00
[2024-11-18T08:47:33.706+0000] {processor.py:183} INFO - Processing /home/airflow/.local/lib/python3.12/site-packages/airflow/example_dags/example_task_group.py took 0.087 seconds
[2024-11-18T08:48:04.081+0000] {processor.py:161} INFO - Started process (PID=7022) to work on /home/airflow/.local/lib/python3.12/site-packages/airflow/example_dags/example_task_group.py
[2024-11-18T08:48:04.082+0000] {processor.py:830} INFO - Processing file /home/airflow/.local/lib/python3.12/site-packages/airflow/example_dags/example_task_group.py for tasks to queue
[2024-11-18T08:48:04.084+0000] {logging_mixin.py:188} INFO - [2024-11-18T08:48:04.083+0000] {dagbag.py:545} INFO - Filling up the DagBag from /home/airflow/.local/lib/python3.12/site-packages/airflow/example_dags/example_task_group.py
[2024-11-18T08:48:04.090+0000] {processor.py:840} INFO - DAG(s) 'example_task_group' retrieved from /home/airflow/.local/lib/python3.12/site-packages/airflow/example_dags/example_task_group.py
[2024-11-18T08:48:04.117+0000] {logging_mixin.py:188} INFO - [2024-11-18T08:48:04.116+0000] {dag.py:3096} INFO - Sync 1 DAGs
[2024-11-18T08:48:04.142+0000] {logging_mixin.py:188} INFO - [2024-11-18T08:48:04.142+0000] {dag.py:3954} INFO - Setting next_dagrun for example_task_group to 2024-11-17 00:00:00+00:00, run_after=2024-11-18 00:00:00+00:00
[2024-11-18T08:48:04.174+0000] {processor.py:183} INFO - Processing /home/airflow/.local/lib/python3.12/site-packages/airflow/example_dags/example_task_group.py took 0.098 seconds
[2024-11-18T08:48:34.394+0000] {processor.py:161} INFO - Started process (PID=7284) to work on /home/airflow/.local/lib/python3.12/site-packages/airflow/example_dags/example_task_group.py
[2024-11-18T08:48:34.395+0000] {processor.py:830} INFO - Processing file /home/airflow/.local/lib/python3.12/site-packages/airflow/example_dags/example_task_group.py for tasks to queue
[2024-11-18T08:48:34.397+0000] {logging_mixin.py:188} INFO - [2024-11-18T08:48:34.397+0000] {dagbag.py:545} INFO - Filling up the DagBag from /home/airflow/.local/lib/python3.12/site-packages/airflow/example_dags/example_task_group.py
[2024-11-18T08:48:34.403+0000] {processor.py:840} INFO - DAG(s) 'example_task_group' retrieved from /home/airflow/.local/lib/python3.12/site-packages/airflow/example_dags/example_task_group.py
[2024-11-18T08:48:34.428+0000] {logging_mixin.py:188} INFO - [2024-11-18T08:48:34.427+0000] {dag.py:3096} INFO - Sync 1 DAGs
[2024-11-18T08:48:34.454+0000] {logging_mixin.py:188} INFO - [2024-11-18T08:48:34.454+0000] {dag.py:3954} INFO - Setting next_dagrun for example_task_group to 2024-11-17 00:00:00+00:00, run_after=2024-11-18 00:00:00+00:00
[2024-11-18T08:48:34.491+0000] {processor.py:183} INFO - Processing /home/airflow/.local/lib/python3.12/site-packages/airflow/example_dags/example_task_group.py took 0.102 seconds
[2024-11-18T08:49:04.950+0000] {processor.py:161} INFO - Started process (PID=7546) to work on /home/airflow/.local/lib/python3.12/site-packages/airflow/example_dags/example_task_group.py
[2024-11-18T08:49:04.951+0000] {processor.py:830} INFO - Processing file /home/airflow/.local/lib/python3.12/site-packages/airflow/example_dags/example_task_group.py for tasks to queue
[2024-11-18T08:49:04.953+0000] {logging_mixin.py:188} INFO - [2024-11-18T08:49:04.953+0000] {dagbag.py:545} INFO - Filling up the DagBag from /home/airflow/.local/lib/python3.12/site-packages/airflow/example_dags/example_task_group.py
[2024-11-18T08:49:04.961+0000] {processor.py:840} INFO - DAG(s) 'example_task_group' retrieved from /home/airflow/.local/lib/python3.12/site-packages/airflow/example_dags/example_task_group.py
[2024-11-18T08:49:04.985+0000] {logging_mixin.py:188} INFO - [2024-11-18T08:49:04.985+0000] {dag.py:3096} INFO - Sync 1 DAGs
[2024-11-18T08:49:05.004+0000] {logging_mixin.py:188} INFO - [2024-11-18T08:49:05.004+0000] {dag.py:3954} INFO - Setting next_dagrun for example_task_group to 2024-11-17 00:00:00+00:00, run_after=2024-11-18 00:00:00+00:00
[2024-11-18T08:49:05.035+0000] {processor.py:183} INFO - Processing /home/airflow/.local/lib/python3.12/site-packages/airflow/example_dags/example_task_group.py took 0.091 seconds
[2024-11-18T08:49:35.187+0000] {processor.py:161} INFO - Started process (PID=7808) to work on /home/airflow/.local/lib/python3.12/site-packages/airflow/example_dags/example_task_group.py
[2024-11-18T08:49:35.188+0000] {processor.py:830} INFO - Processing file /home/airflow/.local/lib/python3.12/site-packages/airflow/example_dags/example_task_group.py for tasks to queue
[2024-11-18T08:49:35.189+0000] {logging_mixin.py:188} INFO - [2024-11-18T08:49:35.189+0000] {dagbag.py:545} INFO - Filling up the DagBag from /home/airflow/.local/lib/python3.12/site-packages/airflow/example_dags/example_task_group.py
[2024-11-18T08:49:35.195+0000] {processor.py:840} INFO - DAG(s) 'example_task_group' retrieved from /home/airflow/.local/lib/python3.12/site-packages/airflow/example_dags/example_task_group.py
[2024-11-18T08:49:35.216+0000] {logging_mixin.py:188} INFO - [2024-11-18T08:49:35.216+0000] {dag.py:3096} INFO - Sync 1 DAGs
[2024-11-18T08:49:35.237+0000] {logging_mixin.py:188} INFO - [2024-11-18T08:49:35.237+0000] {dag.py:3954} INFO - Setting next_dagrun for example_task_group to 2024-11-17 00:00:00+00:00, run_after=2024-11-18 00:00:00+00:00
[2024-11-18T08:49:35.257+0000] {processor.py:183} INFO - Processing /home/airflow/.local/lib/python3.12/site-packages/airflow/example_dags/example_task_group.py took 0.076 seconds
[2024-11-18T08:50:05.503+0000] {processor.py:161} INFO - Started process (PID=8070) to work on /home/airflow/.local/lib/python3.12/site-packages/airflow/example_dags/example_task_group.py
[2024-11-18T08:50:05.504+0000] {processor.py:830} INFO - Processing file /home/airflow/.local/lib/python3.12/site-packages/airflow/example_dags/example_task_group.py for tasks to queue
[2024-11-18T08:50:05.506+0000] {logging_mixin.py:188} INFO - [2024-11-18T08:50:05.506+0000] {dagbag.py:545} INFO - Filling up the DagBag from /home/airflow/.local/lib/python3.12/site-packages/airflow/example_dags/example_task_group.py
[2024-11-18T08:50:05.512+0000] {processor.py:840} INFO - DAG(s) 'example_task_group' retrieved from /home/airflow/.local/lib/python3.12/site-packages/airflow/example_dags/example_task_group.py
[2024-11-18T08:50:05.536+0000] {logging_mixin.py:188} INFO - [2024-11-18T08:50:05.536+0000] {dag.py:3096} INFO - Sync 1 DAGs
[2024-11-18T08:50:05.555+0000] {logging_mixin.py:188} INFO - [2024-11-18T08:50:05.555+0000] {dag.py:3954} INFO - Setting next_dagrun for example_task_group to 2024-11-17 00:00:00+00:00, run_after=2024-11-18 00:00:00+00:00
[2024-11-18T08:50:05.575+0000] {processor.py:183} INFO - Processing /home/airflow/.local/lib/python3.12/site-packages/airflow/example_dags/example_task_group.py took 0.077 seconds
[2024-11-18T08:50:35.788+0000] {processor.py:161} INFO - Started process (PID=8332) to work on /home/airflow/.local/lib/python3.12/site-packages/airflow/example_dags/example_task_group.py
[2024-11-18T08:50:35.789+0000] {processor.py:830} INFO - Processing file /home/airflow/.local/lib/python3.12/site-packages/airflow/example_dags/example_task_group.py for tasks to queue
[2024-11-18T08:50:35.800+0000] {logging_mixin.py:188} INFO - [2024-11-18T08:50:35.800+0000] {dagbag.py:545} INFO - Filling up the DagBag from /home/airflow/.local/lib/python3.12/site-packages/airflow/example_dags/example_task_group.py
[2024-11-18T08:50:35.817+0000] {processor.py:840} INFO - DAG(s) 'example_task_group' retrieved from /home/airflow/.local/lib/python3.12/site-packages/airflow/example_dags/example_task_group.py
[2024-11-18T08:50:35.846+0000] {logging_mixin.py:188} INFO - [2024-11-18T08:50:35.846+0000] {dag.py:3096} INFO - Sync 1 DAGs
[2024-11-18T08:50:35.867+0000] {logging_mixin.py:188} INFO - [2024-11-18T08:50:35.866+0000] {dag.py:3954} INFO - Setting next_dagrun for example_task_group to 2024-11-17 00:00:00+00:00, run_after=2024-11-18 00:00:00+00:00
[2024-11-18T08:50:35.886+0000] {processor.py:183} INFO - Processing /home/airflow/.local/lib/python3.12/site-packages/airflow/example_dags/example_task_group.py took 0.110 seconds
[2024-11-18T08:51:06.205+0000] {processor.py:161} INFO - Started process (PID=8595) to work on /home/airflow/.local/lib/python3.12/site-packages/airflow/example_dags/example_task_group.py
[2024-11-18T08:51:06.206+0000] {processor.py:830} INFO - Processing file /home/airflow/.local/lib/python3.12/site-packages/airflow/example_dags/example_task_group.py for tasks to queue
[2024-11-18T08:51:06.208+0000] {logging_mixin.py:188} INFO - [2024-11-18T08:51:06.207+0000] {dagbag.py:545} INFO - Filling up the DagBag from /home/airflow/.local/lib/python3.12/site-packages/airflow/example_dags/example_task_group.py
[2024-11-18T08:51:06.215+0000] {processor.py:840} INFO - DAG(s) 'example_task_group' retrieved from /home/airflow/.local/lib/python3.12/site-packages/airflow/example_dags/example_task_group.py
[2024-11-18T08:51:06.255+0000] {logging_mixin.py:188} INFO - [2024-11-18T08:51:06.255+0000] {dag.py:3096} INFO - Sync 1 DAGs
[2024-11-18T08:51:06.282+0000] {logging_mixin.py:188} INFO - [2024-11-18T08:51:06.282+0000] {dag.py:3954} INFO - Setting next_dagrun for example_task_group to 2024-11-17 00:00:00+00:00, run_after=2024-11-18 00:00:00+00:00
[2024-11-18T08:51:06.317+0000] {processor.py:183} INFO - Processing /home/airflow/.local/lib/python3.12/site-packages/airflow/example_dags/example_task_group.py took 0.118 seconds
[2024-11-18T08:51:36.703+0000] {processor.py:161} INFO - Started process (PID=8857) to work on /home/airflow/.local/lib/python3.12/site-packages/airflow/example_dags/example_task_group.py
[2024-11-18T08:51:36.704+0000] {processor.py:830} INFO - Processing file /home/airflow/.local/lib/python3.12/site-packages/airflow/example_dags/example_task_group.py for tasks to queue
[2024-11-18T08:51:36.706+0000] {logging_mixin.py:188} INFO - [2024-11-18T08:51:36.705+0000] {dagbag.py:545} INFO - Filling up the DagBag from /home/airflow/.local/lib/python3.12/site-packages/airflow/example_dags/example_task_group.py
[2024-11-18T08:51:36.712+0000] {processor.py:840} INFO - DAG(s) 'example_task_group' retrieved from /home/airflow/.local/lib/python3.12/site-packages/airflow/example_dags/example_task_group.py
[2024-11-18T08:51:36.733+0000] {logging_mixin.py:188} INFO - [2024-11-18T08:51:36.733+0000] {dag.py:3096} INFO - Sync 1 DAGs
[2024-11-18T08:51:36.754+0000] {logging_mixin.py:188} INFO - [2024-11-18T08:51:36.754+0000] {dag.py:3954} INFO - Setting next_dagrun for example_task_group to 2024-11-17 00:00:00+00:00, run_after=2024-11-18 00:00:00+00:00
[2024-11-18T08:51:36.784+0000] {processor.py:183} INFO - Processing /home/airflow/.local/lib/python3.12/site-packages/airflow/example_dags/example_task_group.py took 0.086 seconds
[2024-11-18T08:52:07.121+0000] {processor.py:161} INFO - Started process (PID=9119) to work on /home/airflow/.local/lib/python3.12/site-packages/airflow/example_dags/example_task_group.py
[2024-11-18T08:52:07.122+0000] {processor.py:830} INFO - Processing file /home/airflow/.local/lib/python3.12/site-packages/airflow/example_dags/example_task_group.py for tasks to queue
[2024-11-18T08:52:07.124+0000] {logging_mixin.py:188} INFO - [2024-11-18T08:52:07.124+0000] {dagbag.py:545} INFO - Filling up the DagBag from /home/airflow/.local/lib/python3.12/site-packages/airflow/example_dags/example_task_group.py
[2024-11-18T08:52:07.132+0000] {processor.py:840} INFO - DAG(s) 'example_task_group' retrieved from /home/airflow/.local/lib/python3.12/site-packages/airflow/example_dags/example_task_group.py
[2024-11-18T08:52:07.155+0000] {logging_mixin.py:188} INFO - [2024-11-18T08:52:07.155+0000] {dag.py:3096} INFO - Sync 1 DAGs
[2024-11-18T08:52:07.176+0000] {logging_mixin.py:188} INFO - [2024-11-18T08:52:07.176+0000] {dag.py:3954} INFO - Setting next_dagrun for example_task_group to 2024-11-17 00:00:00+00:00, run_after=2024-11-18 00:00:00+00:00
[2024-11-18T08:52:07.208+0000] {processor.py:183} INFO - Processing /home/airflow/.local/lib/python3.12/site-packages/airflow/example_dags/example_task_group.py took 0.092 seconds
[2024-11-18T08:52:37.769+0000] {processor.py:161} INFO - Started process (PID=9381) to work on /home/airflow/.local/lib/python3.12/site-packages/airflow/example_dags/example_task_group.py
[2024-11-18T08:52:37.770+0000] {processor.py:830} INFO - Processing file /home/airflow/.local/lib/python3.12/site-packages/airflow/example_dags/example_task_group.py for tasks to queue
[2024-11-18T08:52:37.771+0000] {logging_mixin.py:188} INFO - [2024-11-18T08:52:37.771+0000] {dagbag.py:545} INFO - Filling up the DagBag from /home/airflow/.local/lib/python3.12/site-packages/airflow/example_dags/example_task_group.py
[2024-11-18T08:52:37.777+0000] {processor.py:840} INFO - DAG(s) 'example_task_group' retrieved from /home/airflow/.local/lib/python3.12/site-packages/airflow/example_dags/example_task_group.py
[2024-11-18T08:52:37.802+0000] {logging_mixin.py:188} INFO - [2024-11-18T08:52:37.801+0000] {dag.py:3096} INFO - Sync 1 DAGs
[2024-11-18T08:52:37.823+0000] {logging_mixin.py:188} INFO - [2024-11-18T08:52:37.823+0000] {dag.py:3954} INFO - Setting next_dagrun for example_task_group to 2024-11-17 00:00:00+00:00, run_after=2024-11-18 00:00:00+00:00
[2024-11-18T08:52:37.844+0000] {processor.py:183} INFO - Processing /home/airflow/.local/lib/python3.12/site-packages/airflow/example_dags/example_task_group.py took 0.080 seconds
[2024-11-18T08:53:08.148+0000] {processor.py:161} INFO - Started process (PID=9643) to work on /home/airflow/.local/lib/python3.12/site-packages/airflow/example_dags/example_task_group.py
[2024-11-18T08:53:08.149+0000] {processor.py:830} INFO - Processing file /home/airflow/.local/lib/python3.12/site-packages/airflow/example_dags/example_task_group.py for tasks to queue
[2024-11-18T08:53:08.151+0000] {logging_mixin.py:188} INFO - [2024-11-18T08:53:08.151+0000] {dagbag.py:545} INFO - Filling up the DagBag from /home/airflow/.local/lib/python3.12/site-packages/airflow/example_dags/example_task_group.py
[2024-11-18T08:53:08.158+0000] {processor.py:840} INFO - DAG(s) 'example_task_group' retrieved from /home/airflow/.local/lib/python3.12/site-packages/airflow/example_dags/example_task_group.py
[2024-11-18T08:53:08.180+0000] {logging_mixin.py:188} INFO - [2024-11-18T08:53:08.180+0000] {dag.py:3096} INFO - Sync 1 DAGs
[2024-11-18T08:53:08.199+0000] {logging_mixin.py:188} INFO - [2024-11-18T08:53:08.199+0000] {dag.py:3954} INFO - Setting next_dagrun for example_task_group to 2024-11-17 00:00:00+00:00, run_after=2024-11-18 00:00:00+00:00
[2024-11-18T08:53:08.221+0000] {processor.py:183} INFO - Processing /home/airflow/.local/lib/python3.12/site-packages/airflow/example_dags/example_task_group.py took 0.078 seconds
