[2024-11-18T08:34:59.454+0000] {processor.py:161} INFO - Started process (PID=395) to work on /home/airflow/.local/lib/python3.12/site-packages/airflow/example_dags/tutorial.py
[2024-11-18T08:34:59.456+0000] {processor.py:830} INFO - Processing file /home/airflow/.local/lib/python3.12/site-packages/airflow/example_dags/tutorial.py for tasks to queue
[2024-11-18T08:34:59.459+0000] {logging_mixin.py:188} INFO - [2024-11-18T08:34:59.458+0000] {dagbag.py:545} INFO - Filling up the DagBag from /home/airflow/.local/lib/python3.12/site-packages/airflow/example_dags/tutorial.py
[2024-11-18T08:34:59.474+0000] {processor.py:840} INFO - DAG(s) 'tutorial' retrieved from /home/airflow/.local/lib/python3.12/site-packages/airflow/example_dags/tutorial.py
[2024-11-18T08:34:59.495+0000] {logging_mixin.py:188} INFO - [2024-11-18T08:34:59.495+0000] {dag.py:3096} INFO - Sync 1 DAGs
[2024-11-18T08:34:59.521+0000] {logging_mixin.py:188} INFO - [2024-11-18T08:34:59.521+0000] {dag.py:3118} INFO - Creating ORM DAG for tutorial
[2024-11-18T08:34:59.545+0000] {logging_mixin.py:188} INFO - [2024-11-18T08:34:59.545+0000] {dag.py:3954} INFO - Setting next_dagrun for tutorial to 2024-11-17 00:00:00+00:00, run_after=2024-11-18 00:00:00+00:00
[2024-11-18T08:34:59.606+0000] {processor.py:183} INFO - Processing /home/airflow/.local/lib/python3.12/site-packages/airflow/example_dags/tutorial.py took 0.161 seconds
[2024-11-18T08:35:30.079+0000] {processor.py:161} INFO - Started process (PID=657) to work on /home/airflow/.local/lib/python3.12/site-packages/airflow/example_dags/tutorial.py
[2024-11-18T08:35:30.081+0000] {processor.py:830} INFO - Processing file /home/airflow/.local/lib/python3.12/site-packages/airflow/example_dags/tutorial.py for tasks to queue
[2024-11-18T08:35:30.084+0000] {logging_mixin.py:188} INFO - [2024-11-18T08:35:30.083+0000] {dagbag.py:545} INFO - Filling up the DagBag from /home/airflow/.local/lib/python3.12/site-packages/airflow/example_dags/tutorial.py
[2024-11-18T08:35:30.090+0000] {processor.py:840} INFO - DAG(s) 'tutorial' retrieved from /home/airflow/.local/lib/python3.12/site-packages/airflow/example_dags/tutorial.py
[2024-11-18T08:35:30.186+0000] {logging_mixin.py:188} INFO - [2024-11-18T08:35:30.186+0000] {dag.py:3096} INFO - Sync 1 DAGs
[2024-11-18T08:35:30.208+0000] {logging_mixin.py:188} INFO - [2024-11-18T08:35:30.208+0000] {dag.py:3954} INFO - Setting next_dagrun for tutorial to 2024-11-17 00:00:00+00:00, run_after=2024-11-18 00:00:00+00:00
[2024-11-18T08:35:30.250+0000] {processor.py:183} INFO - Processing /home/airflow/.local/lib/python3.12/site-packages/airflow/example_dags/tutorial.py took 0.178 seconds
[2024-11-18T08:36:00.735+0000] {processor.py:161} INFO - Started process (PID=919) to work on /home/airflow/.local/lib/python3.12/site-packages/airflow/example_dags/tutorial.py
[2024-11-18T08:36:00.736+0000] {processor.py:830} INFO - Processing file /home/airflow/.local/lib/python3.12/site-packages/airflow/example_dags/tutorial.py for tasks to queue
[2024-11-18T08:36:00.738+0000] {logging_mixin.py:188} INFO - [2024-11-18T08:36:00.737+0000] {dagbag.py:545} INFO - Filling up the DagBag from /home/airflow/.local/lib/python3.12/site-packages/airflow/example_dags/tutorial.py
[2024-11-18T08:36:00.743+0000] {processor.py:840} INFO - DAG(s) 'tutorial' retrieved from /home/airflow/.local/lib/python3.12/site-packages/airflow/example_dags/tutorial.py
[2024-11-18T08:36:00.765+0000] {logging_mixin.py:188} INFO - [2024-11-18T08:36:00.764+0000] {dag.py:3096} INFO - Sync 1 DAGs
[2024-11-18T08:36:00.788+0000] {logging_mixin.py:188} INFO - [2024-11-18T08:36:00.787+0000] {dag.py:3954} INFO - Setting next_dagrun for tutorial to 2024-11-17 00:00:00+00:00, run_after=2024-11-18 00:00:00+00:00
[2024-11-18T08:36:00.819+0000] {processor.py:183} INFO - Processing /home/airflow/.local/lib/python3.12/site-packages/airflow/example_dags/tutorial.py took 0.089 seconds
[2024-11-18T08:36:31.380+0000] {processor.py:161} INFO - Started process (PID=1181) to work on /home/airflow/.local/lib/python3.12/site-packages/airflow/example_dags/tutorial.py
[2024-11-18T08:36:31.381+0000] {processor.py:830} INFO - Processing file /home/airflow/.local/lib/python3.12/site-packages/airflow/example_dags/tutorial.py for tasks to queue
[2024-11-18T08:36:31.383+0000] {logging_mixin.py:188} INFO - [2024-11-18T08:36:31.383+0000] {dagbag.py:545} INFO - Filling up the DagBag from /home/airflow/.local/lib/python3.12/site-packages/airflow/example_dags/tutorial.py
[2024-11-18T08:36:31.391+0000] {processor.py:840} INFO - DAG(s) 'tutorial' retrieved from /home/airflow/.local/lib/python3.12/site-packages/airflow/example_dags/tutorial.py
[2024-11-18T08:36:31.419+0000] {logging_mixin.py:188} INFO - [2024-11-18T08:36:31.419+0000] {dag.py:3096} INFO - Sync 1 DAGs
[2024-11-18T08:36:31.445+0000] {logging_mixin.py:188} INFO - [2024-11-18T08:36:31.444+0000] {dag.py:3954} INFO - Setting next_dagrun for tutorial to 2024-11-17 00:00:00+00:00, run_after=2024-11-18 00:00:00+00:00
[2024-11-18T08:36:31.488+0000] {processor.py:183} INFO - Processing /home/airflow/.local/lib/python3.12/site-packages/airflow/example_dags/tutorial.py took 0.113 seconds
[2024-11-18T08:37:02.412+0000] {processor.py:161} INFO - Started process (PID=1443) to work on /home/airflow/.local/lib/python3.12/site-packages/airflow/example_dags/tutorial.py
[2024-11-18T08:37:02.413+0000] {processor.py:830} INFO - Processing file /home/airflow/.local/lib/python3.12/site-packages/airflow/example_dags/tutorial.py for tasks to queue
[2024-11-18T08:37:02.416+0000] {logging_mixin.py:188} INFO - [2024-11-18T08:37:02.416+0000] {dagbag.py:545} INFO - Filling up the DagBag from /home/airflow/.local/lib/python3.12/site-packages/airflow/example_dags/tutorial.py
[2024-11-18T08:37:02.425+0000] {processor.py:840} INFO - DAG(s) 'tutorial' retrieved from /home/airflow/.local/lib/python3.12/site-packages/airflow/example_dags/tutorial.py
[2024-11-18T08:37:02.455+0000] {logging_mixin.py:188} INFO - [2024-11-18T08:37:02.454+0000] {dag.py:3096} INFO - Sync 1 DAGs
[2024-11-18T08:37:02.492+0000] {logging_mixin.py:188} INFO - [2024-11-18T08:37:02.492+0000] {dag.py:3954} INFO - Setting next_dagrun for tutorial to 2024-11-17 00:00:00+00:00, run_after=2024-11-18 00:00:00+00:00
[2024-11-18T08:37:02.522+0000] {processor.py:183} INFO - Processing /home/airflow/.local/lib/python3.12/site-packages/airflow/example_dags/tutorial.py took 0.117 seconds
[2024-11-18T08:37:32.941+0000] {processor.py:161} INFO - Started process (PID=1705) to work on /home/airflow/.local/lib/python3.12/site-packages/airflow/example_dags/tutorial.py
[2024-11-18T08:37:32.941+0000] {processor.py:830} INFO - Processing file /home/airflow/.local/lib/python3.12/site-packages/airflow/example_dags/tutorial.py for tasks to queue
[2024-11-18T08:37:32.943+0000] {logging_mixin.py:188} INFO - [2024-11-18T08:37:32.943+0000] {dagbag.py:545} INFO - Filling up the DagBag from /home/airflow/.local/lib/python3.12/site-packages/airflow/example_dags/tutorial.py
[2024-11-18T08:37:32.949+0000] {processor.py:840} INFO - DAG(s) 'tutorial' retrieved from /home/airflow/.local/lib/python3.12/site-packages/airflow/example_dags/tutorial.py
[2024-11-18T08:37:32.974+0000] {logging_mixin.py:188} INFO - [2024-11-18T08:37:32.974+0000] {dag.py:3096} INFO - Sync 1 DAGs
[2024-11-18T08:37:32.997+0000] {logging_mixin.py:188} INFO - [2024-11-18T08:37:32.997+0000] {dag.py:3954} INFO - Setting next_dagrun for tutorial to 2024-11-17 00:00:00+00:00, run_after=2024-11-18 00:00:00+00:00
[2024-11-18T08:37:33.028+0000] {processor.py:183} INFO - Processing /home/airflow/.local/lib/python3.12/site-packages/airflow/example_dags/tutorial.py took 0.093 seconds
[2024-11-18T08:38:03.081+0000] {processor.py:161} INFO - Started process (PID=1964) to work on /home/airflow/.local/lib/python3.12/site-packages/airflow/example_dags/tutorial.py
[2024-11-18T08:38:03.082+0000] {processor.py:830} INFO - Processing file /home/airflow/.local/lib/python3.12/site-packages/airflow/example_dags/tutorial.py for tasks to queue
[2024-11-18T08:38:03.084+0000] {logging_mixin.py:188} INFO - [2024-11-18T08:38:03.084+0000] {dagbag.py:545} INFO - Filling up the DagBag from /home/airflow/.local/lib/python3.12/site-packages/airflow/example_dags/tutorial.py
[2024-11-18T08:38:03.089+0000] {processor.py:840} INFO - DAG(s) 'tutorial' retrieved from /home/airflow/.local/lib/python3.12/site-packages/airflow/example_dags/tutorial.py
[2024-11-18T08:38:03.110+0000] {logging_mixin.py:188} INFO - [2024-11-18T08:38:03.110+0000] {dag.py:3096} INFO - Sync 1 DAGs
[2024-11-18T08:38:03.138+0000] {logging_mixin.py:188} INFO - [2024-11-18T08:38:03.138+0000] {dag.py:3954} INFO - Setting next_dagrun for tutorial to 2024-11-17 00:00:00+00:00, run_after=2024-11-18 00:00:00+00:00
[2024-11-18T08:38:03.163+0000] {processor.py:183} INFO - Processing /home/airflow/.local/lib/python3.12/site-packages/airflow/example_dags/tutorial.py took 0.086 seconds
[2024-11-18T08:38:33.452+0000] {processor.py:161} INFO - Started process (PID=2229) to work on /home/airflow/.local/lib/python3.12/site-packages/airflow/example_dags/tutorial.py
[2024-11-18T08:38:33.453+0000] {processor.py:830} INFO - Processing file /home/airflow/.local/lib/python3.12/site-packages/airflow/example_dags/tutorial.py for tasks to queue
[2024-11-18T08:38:33.455+0000] {logging_mixin.py:188} INFO - [2024-11-18T08:38:33.455+0000] {dagbag.py:545} INFO - Filling up the DagBag from /home/airflow/.local/lib/python3.12/site-packages/airflow/example_dags/tutorial.py
[2024-11-18T08:38:33.460+0000] {processor.py:840} INFO - DAG(s) 'tutorial' retrieved from /home/airflow/.local/lib/python3.12/site-packages/airflow/example_dags/tutorial.py
[2024-11-18T08:38:33.480+0000] {logging_mixin.py:188} INFO - [2024-11-18T08:38:33.480+0000] {dag.py:3096} INFO - Sync 1 DAGs
[2024-11-18T08:38:33.499+0000] {logging_mixin.py:188} INFO - [2024-11-18T08:38:33.499+0000] {dag.py:3954} INFO - Setting next_dagrun for tutorial to 2024-11-17 00:00:00+00:00, run_after=2024-11-18 00:00:00+00:00
[2024-11-18T08:38:33.527+0000] {processor.py:183} INFO - Processing /home/airflow/.local/lib/python3.12/site-packages/airflow/example_dags/tutorial.py took 0.080 seconds
[2024-11-18T08:39:03.765+0000] {processor.py:161} INFO - Started process (PID=2493) to work on /home/airflow/.local/lib/python3.12/site-packages/airflow/example_dags/tutorial.py
[2024-11-18T08:39:03.766+0000] {processor.py:830} INFO - Processing file /home/airflow/.local/lib/python3.12/site-packages/airflow/example_dags/tutorial.py for tasks to queue
[2024-11-18T08:39:03.768+0000] {logging_mixin.py:188} INFO - [2024-11-18T08:39:03.767+0000] {dagbag.py:545} INFO - Filling up the DagBag from /home/airflow/.local/lib/python3.12/site-packages/airflow/example_dags/tutorial.py
[2024-11-18T08:39:03.772+0000] {processor.py:840} INFO - DAG(s) 'tutorial' retrieved from /home/airflow/.local/lib/python3.12/site-packages/airflow/example_dags/tutorial.py
[2024-11-18T08:39:03.791+0000] {logging_mixin.py:188} INFO - [2024-11-18T08:39:03.790+0000] {dag.py:3096} INFO - Sync 1 DAGs
[2024-11-18T08:39:03.809+0000] {logging_mixin.py:188} INFO - [2024-11-18T08:39:03.808+0000] {dag.py:3954} INFO - Setting next_dagrun for tutorial to 2024-11-17 00:00:00+00:00, run_after=2024-11-18 00:00:00+00:00
[2024-11-18T08:39:03.837+0000] {processor.py:183} INFO - Processing /home/airflow/.local/lib/python3.12/site-packages/airflow/example_dags/tutorial.py took 0.077 seconds
[2024-11-18T08:39:34.159+0000] {processor.py:161} INFO - Started process (PID=2755) to work on /home/airflow/.local/lib/python3.12/site-packages/airflow/example_dags/tutorial.py
[2024-11-18T08:39:34.160+0000] {processor.py:830} INFO - Processing file /home/airflow/.local/lib/python3.12/site-packages/airflow/example_dags/tutorial.py for tasks to queue
[2024-11-18T08:39:34.163+0000] {logging_mixin.py:188} INFO - [2024-11-18T08:39:34.162+0000] {dagbag.py:545} INFO - Filling up the DagBag from /home/airflow/.local/lib/python3.12/site-packages/airflow/example_dags/tutorial.py
[2024-11-18T08:39:34.170+0000] {processor.py:840} INFO - DAG(s) 'tutorial' retrieved from /home/airflow/.local/lib/python3.12/site-packages/airflow/example_dags/tutorial.py
[2024-11-18T08:39:34.193+0000] {logging_mixin.py:188} INFO - [2024-11-18T08:39:34.193+0000] {dag.py:3096} INFO - Sync 1 DAGs
[2024-11-18T08:39:34.215+0000] {logging_mixin.py:188} INFO - [2024-11-18T08:39:34.214+0000] {dag.py:3954} INFO - Setting next_dagrun for tutorial to 2024-11-17 00:00:00+00:00, run_after=2024-11-18 00:00:00+00:00
[2024-11-18T08:39:34.242+0000] {processor.py:183} INFO - Processing /home/airflow/.local/lib/python3.12/site-packages/airflow/example_dags/tutorial.py took 0.089 seconds
[2024-11-18T08:40:04.456+0000] {processor.py:161} INFO - Started process (PID=3015) to work on /home/airflow/.local/lib/python3.12/site-packages/airflow/example_dags/tutorial.py
[2024-11-18T08:40:04.457+0000] {processor.py:830} INFO - Processing file /home/airflow/.local/lib/python3.12/site-packages/airflow/example_dags/tutorial.py for tasks to queue
[2024-11-18T08:40:04.459+0000] {logging_mixin.py:188} INFO - [2024-11-18T08:40:04.458+0000] {dagbag.py:545} INFO - Filling up the DagBag from /home/airflow/.local/lib/python3.12/site-packages/airflow/example_dags/tutorial.py
[2024-11-18T08:40:04.463+0000] {processor.py:840} INFO - DAG(s) 'tutorial' retrieved from /home/airflow/.local/lib/python3.12/site-packages/airflow/example_dags/tutorial.py
[2024-11-18T08:40:04.483+0000] {logging_mixin.py:188} INFO - [2024-11-18T08:40:04.483+0000] {dag.py:3096} INFO - Sync 1 DAGs
[2024-11-18T08:40:04.503+0000] {logging_mixin.py:188} INFO - [2024-11-18T08:40:04.503+0000] {dag.py:3954} INFO - Setting next_dagrun for tutorial to 2024-11-17 00:00:00+00:00, run_after=2024-11-18 00:00:00+00:00
[2024-11-18T08:40:04.533+0000] {processor.py:183} INFO - Processing /home/airflow/.local/lib/python3.12/site-packages/airflow/example_dags/tutorial.py took 0.082 seconds
[2024-11-18T08:40:34.808+0000] {processor.py:161} INFO - Started process (PID=3279) to work on /home/airflow/.local/lib/python3.12/site-packages/airflow/example_dags/tutorial.py
[2024-11-18T08:40:34.809+0000] {processor.py:830} INFO - Processing file /home/airflow/.local/lib/python3.12/site-packages/airflow/example_dags/tutorial.py for tasks to queue
[2024-11-18T08:40:34.811+0000] {logging_mixin.py:188} INFO - [2024-11-18T08:40:34.811+0000] {dagbag.py:545} INFO - Filling up the DagBag from /home/airflow/.local/lib/python3.12/site-packages/airflow/example_dags/tutorial.py
[2024-11-18T08:40:34.816+0000] {processor.py:840} INFO - DAG(s) 'tutorial' retrieved from /home/airflow/.local/lib/python3.12/site-packages/airflow/example_dags/tutorial.py
[2024-11-18T08:40:34.834+0000] {logging_mixin.py:188} INFO - [2024-11-18T08:40:34.834+0000] {dag.py:3096} INFO - Sync 1 DAGs
[2024-11-18T08:40:34.852+0000] {logging_mixin.py:188} INFO - [2024-11-18T08:40:34.852+0000] {dag.py:3954} INFO - Setting next_dagrun for tutorial to 2024-11-17 00:00:00+00:00, run_after=2024-11-18 00:00:00+00:00
[2024-11-18T08:40:34.881+0000] {processor.py:183} INFO - Processing /home/airflow/.local/lib/python3.12/site-packages/airflow/example_dags/tutorial.py took 0.078 seconds
[2024-11-18T08:41:05.267+0000] {processor.py:161} INFO - Started process (PID=3539) to work on /home/airflow/.local/lib/python3.12/site-packages/airflow/example_dags/tutorial.py
[2024-11-18T08:41:05.268+0000] {processor.py:830} INFO - Processing file /home/airflow/.local/lib/python3.12/site-packages/airflow/example_dags/tutorial.py for tasks to queue
[2024-11-18T08:41:05.270+0000] {logging_mixin.py:188} INFO - [2024-11-18T08:41:05.269+0000] {dagbag.py:545} INFO - Filling up the DagBag from /home/airflow/.local/lib/python3.12/site-packages/airflow/example_dags/tutorial.py
[2024-11-18T08:41:05.275+0000] {processor.py:840} INFO - DAG(s) 'tutorial' retrieved from /home/airflow/.local/lib/python3.12/site-packages/airflow/example_dags/tutorial.py
[2024-11-18T08:41:05.296+0000] {logging_mixin.py:188} INFO - [2024-11-18T08:41:05.295+0000] {dag.py:3096} INFO - Sync 1 DAGs
[2024-11-18T08:41:05.322+0000] {logging_mixin.py:188} INFO - [2024-11-18T08:41:05.322+0000] {dag.py:3954} INFO - Setting next_dagrun for tutorial to 2024-11-17 00:00:00+00:00, run_after=2024-11-18 00:00:00+00:00
[2024-11-18T08:41:05.356+0000] {processor.py:183} INFO - Processing /home/airflow/.local/lib/python3.12/site-packages/airflow/example_dags/tutorial.py took 0.094 seconds
[2024-11-18T08:41:35.768+0000] {processor.py:161} INFO - Started process (PID=3801) to work on /home/airflow/.local/lib/python3.12/site-packages/airflow/example_dags/tutorial.py
[2024-11-18T08:41:35.771+0000] {processor.py:830} INFO - Processing file /home/airflow/.local/lib/python3.12/site-packages/airflow/example_dags/tutorial.py for tasks to queue
[2024-11-18T08:41:35.774+0000] {logging_mixin.py:188} INFO - [2024-11-18T08:41:35.774+0000] {dagbag.py:545} INFO - Filling up the DagBag from /home/airflow/.local/lib/python3.12/site-packages/airflow/example_dags/tutorial.py
[2024-11-18T08:41:35.789+0000] {processor.py:840} INFO - DAG(s) 'tutorial' retrieved from /home/airflow/.local/lib/python3.12/site-packages/airflow/example_dags/tutorial.py
[2024-11-18T08:41:35.815+0000] {logging_mixin.py:188} INFO - [2024-11-18T08:41:35.814+0000] {dag.py:3096} INFO - Sync 1 DAGs
[2024-11-18T08:41:35.839+0000] {logging_mixin.py:188} INFO - [2024-11-18T08:41:35.839+0000] {dag.py:3954} INFO - Setting next_dagrun for tutorial to 2024-11-17 00:00:00+00:00, run_after=2024-11-18 00:00:00+00:00
[2024-11-18T08:41:35.859+0000] {processor.py:183} INFO - Processing /home/airflow/.local/lib/python3.12/site-packages/airflow/example_dags/tutorial.py took 0.108 seconds
[2024-11-18T08:42:06.364+0000] {processor.py:161} INFO - Started process (PID=4063) to work on /home/airflow/.local/lib/python3.12/site-packages/airflow/example_dags/tutorial.py
[2024-11-18T08:42:06.365+0000] {processor.py:830} INFO - Processing file /home/airflow/.local/lib/python3.12/site-packages/airflow/example_dags/tutorial.py for tasks to queue
[2024-11-18T08:42:06.367+0000] {logging_mixin.py:188} INFO - [2024-11-18T08:42:06.366+0000] {dagbag.py:545} INFO - Filling up the DagBag from /home/airflow/.local/lib/python3.12/site-packages/airflow/example_dags/tutorial.py
[2024-11-18T08:42:06.372+0000] {processor.py:840} INFO - DAG(s) 'tutorial' retrieved from /home/airflow/.local/lib/python3.12/site-packages/airflow/example_dags/tutorial.py
[2024-11-18T08:42:06.393+0000] {logging_mixin.py:188} INFO - [2024-11-18T08:42:06.393+0000] {dag.py:3096} INFO - Sync 1 DAGs
[2024-11-18T08:42:06.423+0000] {logging_mixin.py:188} INFO - [2024-11-18T08:42:06.423+0000] {dag.py:3954} INFO - Setting next_dagrun for tutorial to 2024-11-17 00:00:00+00:00, run_after=2024-11-18 00:00:00+00:00
[2024-11-18T08:42:06.455+0000] {processor.py:183} INFO - Processing /home/airflow/.local/lib/python3.12/site-packages/airflow/example_dags/tutorial.py took 0.096 seconds
[2024-11-18T08:42:37.417+0000] {processor.py:161} INFO - Started process (PID=4325) to work on /home/airflow/.local/lib/python3.12/site-packages/airflow/example_dags/tutorial.py
[2024-11-18T08:42:37.418+0000] {processor.py:830} INFO - Processing file /home/airflow/.local/lib/python3.12/site-packages/airflow/example_dags/tutorial.py for tasks to queue
[2024-11-18T08:42:37.423+0000] {logging_mixin.py:188} INFO - [2024-11-18T08:42:37.422+0000] {dagbag.py:545} INFO - Filling up the DagBag from /home/airflow/.local/lib/python3.12/site-packages/airflow/example_dags/tutorial.py
[2024-11-18T08:42:37.434+0000] {processor.py:840} INFO - DAG(s) 'tutorial' retrieved from /home/airflow/.local/lib/python3.12/site-packages/airflow/example_dags/tutorial.py
[2024-11-18T08:42:37.473+0000] {logging_mixin.py:188} INFO - [2024-11-18T08:42:37.473+0000] {dag.py:3096} INFO - Sync 1 DAGs
[2024-11-18T08:42:37.538+0000] {logging_mixin.py:188} INFO - [2024-11-18T08:42:37.537+0000] {dag.py:3954} INFO - Setting next_dagrun for tutorial to 2024-11-17 00:00:00+00:00, run_after=2024-11-18 00:00:00+00:00
[2024-11-18T08:42:37.575+0000] {processor.py:183} INFO - Processing /home/airflow/.local/lib/python3.12/site-packages/airflow/example_dags/tutorial.py took 0.170 seconds
[2024-11-18T08:43:08.236+0000] {processor.py:161} INFO - Started process (PID=4587) to work on /home/airflow/.local/lib/python3.12/site-packages/airflow/example_dags/tutorial.py
[2024-11-18T08:43:08.238+0000] {processor.py:830} INFO - Processing file /home/airflow/.local/lib/python3.12/site-packages/airflow/example_dags/tutorial.py for tasks to queue
[2024-11-18T08:43:08.241+0000] {logging_mixin.py:188} INFO - [2024-11-18T08:43:08.241+0000] {dagbag.py:545} INFO - Filling up the DagBag from /home/airflow/.local/lib/python3.12/site-packages/airflow/example_dags/tutorial.py
[2024-11-18T08:43:08.251+0000] {processor.py:840} INFO - DAG(s) 'tutorial' retrieved from /home/airflow/.local/lib/python3.12/site-packages/airflow/example_dags/tutorial.py
[2024-11-18T08:43:08.292+0000] {logging_mixin.py:188} INFO - [2024-11-18T08:43:08.291+0000] {dag.py:3096} INFO - Sync 1 DAGs
[2024-11-18T08:43:08.345+0000] {logging_mixin.py:188} INFO - [2024-11-18T08:43:08.344+0000] {dag.py:3954} INFO - Setting next_dagrun for tutorial to 2024-11-17 00:00:00+00:00, run_after=2024-11-18 00:00:00+00:00
[2024-11-18T08:43:08.380+0000] {processor.py:183} INFO - Processing /home/airflow/.local/lib/python3.12/site-packages/airflow/example_dags/tutorial.py took 0.155 seconds
[2024-11-18T08:43:38.989+0000] {processor.py:161} INFO - Started process (PID=4849) to work on /home/airflow/.local/lib/python3.12/site-packages/airflow/example_dags/tutorial.py
[2024-11-18T08:43:38.990+0000] {processor.py:830} INFO - Processing file /home/airflow/.local/lib/python3.12/site-packages/airflow/example_dags/tutorial.py for tasks to queue
[2024-11-18T08:43:38.991+0000] {logging_mixin.py:188} INFO - [2024-11-18T08:43:38.991+0000] {dagbag.py:545} INFO - Filling up the DagBag from /home/airflow/.local/lib/python3.12/site-packages/airflow/example_dags/tutorial.py
[2024-11-18T08:43:38.996+0000] {processor.py:840} INFO - DAG(s) 'tutorial' retrieved from /home/airflow/.local/lib/python3.12/site-packages/airflow/example_dags/tutorial.py
[2024-11-18T08:43:39.016+0000] {logging_mixin.py:188} INFO - [2024-11-18T08:43:39.016+0000] {dag.py:3096} INFO - Sync 1 DAGs
[2024-11-18T08:43:39.035+0000] {logging_mixin.py:188} INFO - [2024-11-18T08:43:39.035+0000] {dag.py:3954} INFO - Setting next_dagrun for tutorial to 2024-11-17 00:00:00+00:00, run_after=2024-11-18 00:00:00+00:00
[2024-11-18T08:43:39.065+0000] {processor.py:183} INFO - Processing /home/airflow/.local/lib/python3.12/site-packages/airflow/example_dags/tutorial.py took 0.081 seconds
[2024-11-18T08:44:09.239+0000] {processor.py:161} INFO - Started process (PID=5111) to work on /home/airflow/.local/lib/python3.12/site-packages/airflow/example_dags/tutorial.py
[2024-11-18T08:44:09.240+0000] {processor.py:830} INFO - Processing file /home/airflow/.local/lib/python3.12/site-packages/airflow/example_dags/tutorial.py for tasks to queue
[2024-11-18T08:44:09.242+0000] {logging_mixin.py:188} INFO - [2024-11-18T08:44:09.242+0000] {dagbag.py:545} INFO - Filling up the DagBag from /home/airflow/.local/lib/python3.12/site-packages/airflow/example_dags/tutorial.py
[2024-11-18T08:44:09.247+0000] {processor.py:840} INFO - DAG(s) 'tutorial' retrieved from /home/airflow/.local/lib/python3.12/site-packages/airflow/example_dags/tutorial.py
[2024-11-18T08:44:09.266+0000] {logging_mixin.py:188} INFO - [2024-11-18T08:44:09.266+0000] {dag.py:3096} INFO - Sync 1 DAGs
[2024-11-18T08:44:09.285+0000] {logging_mixin.py:188} INFO - [2024-11-18T08:44:09.285+0000] {dag.py:3954} INFO - Setting next_dagrun for tutorial to 2024-11-17 00:00:00+00:00, run_after=2024-11-18 00:00:00+00:00
[2024-11-18T08:44:09.304+0000] {processor.py:183} INFO - Processing /home/airflow/.local/lib/python3.12/site-packages/airflow/example_dags/tutorial.py took 0.071 seconds
[2024-11-18T08:44:39.503+0000] {processor.py:161} INFO - Started process (PID=5373) to work on /home/airflow/.local/lib/python3.12/site-packages/airflow/example_dags/tutorial.py
[2024-11-18T08:44:39.504+0000] {processor.py:830} INFO - Processing file /home/airflow/.local/lib/python3.12/site-packages/airflow/example_dags/tutorial.py for tasks to queue
[2024-11-18T08:44:39.505+0000] {logging_mixin.py:188} INFO - [2024-11-18T08:44:39.505+0000] {dagbag.py:545} INFO - Filling up the DagBag from /home/airflow/.local/lib/python3.12/site-packages/airflow/example_dags/tutorial.py
[2024-11-18T08:44:39.510+0000] {processor.py:840} INFO - DAG(s) 'tutorial' retrieved from /home/airflow/.local/lib/python3.12/site-packages/airflow/example_dags/tutorial.py
[2024-11-18T08:44:39.529+0000] {logging_mixin.py:188} INFO - [2024-11-18T08:44:39.529+0000] {dag.py:3096} INFO - Sync 1 DAGs
[2024-11-18T08:44:39.549+0000] {logging_mixin.py:188} INFO - [2024-11-18T08:44:39.548+0000] {dag.py:3954} INFO - Setting next_dagrun for tutorial to 2024-11-17 00:00:00+00:00, run_after=2024-11-18 00:00:00+00:00
[2024-11-18T08:44:39.580+0000] {processor.py:183} INFO - Processing /home/airflow/.local/lib/python3.12/site-packages/airflow/example_dags/tutorial.py took 0.082 seconds
[2024-11-18T08:45:09.786+0000] {processor.py:161} INFO - Started process (PID=5635) to work on /home/airflow/.local/lib/python3.12/site-packages/airflow/example_dags/tutorial.py
[2024-11-18T08:45:09.787+0000] {processor.py:830} INFO - Processing file /home/airflow/.local/lib/python3.12/site-packages/airflow/example_dags/tutorial.py for tasks to queue
[2024-11-18T08:45:09.789+0000] {logging_mixin.py:188} INFO - [2024-11-18T08:45:09.789+0000] {dagbag.py:545} INFO - Filling up the DagBag from /home/airflow/.local/lib/python3.12/site-packages/airflow/example_dags/tutorial.py
[2024-11-18T08:45:09.796+0000] {processor.py:840} INFO - DAG(s) 'tutorial' retrieved from /home/airflow/.local/lib/python3.12/site-packages/airflow/example_dags/tutorial.py
[2024-11-18T08:45:09.822+0000] {logging_mixin.py:188} INFO - [2024-11-18T08:45:09.821+0000] {dag.py:3096} INFO - Sync 1 DAGs
[2024-11-18T08:45:09.848+0000] {logging_mixin.py:188} INFO - [2024-11-18T08:45:09.847+0000] {dag.py:3954} INFO - Setting next_dagrun for tutorial to 2024-11-17 00:00:00+00:00, run_after=2024-11-18 00:00:00+00:00
[2024-11-18T08:45:09.868+0000] {processor.py:183} INFO - Processing /home/airflow/.local/lib/python3.12/site-packages/airflow/example_dags/tutorial.py took 0.091 seconds
[2024-11-18T08:45:39.933+0000] {processor.py:161} INFO - Started process (PID=5897) to work on /home/airflow/.local/lib/python3.12/site-packages/airflow/example_dags/tutorial.py
[2024-11-18T08:45:39.934+0000] {processor.py:830} INFO - Processing file /home/airflow/.local/lib/python3.12/site-packages/airflow/example_dags/tutorial.py for tasks to queue
[2024-11-18T08:45:39.935+0000] {logging_mixin.py:188} INFO - [2024-11-18T08:45:39.935+0000] {dagbag.py:545} INFO - Filling up the DagBag from /home/airflow/.local/lib/python3.12/site-packages/airflow/example_dags/tutorial.py
[2024-11-18T08:45:39.940+0000] {processor.py:840} INFO - DAG(s) 'tutorial' retrieved from /home/airflow/.local/lib/python3.12/site-packages/airflow/example_dags/tutorial.py
[2024-11-18T08:45:39.959+0000] {logging_mixin.py:188} INFO - [2024-11-18T08:45:39.959+0000] {dag.py:3096} INFO - Sync 1 DAGs
[2024-11-18T08:45:39.980+0000] {logging_mixin.py:188} INFO - [2024-11-18T08:45:39.980+0000] {dag.py:3954} INFO - Setting next_dagrun for tutorial to 2024-11-17 00:00:00+00:00, run_after=2024-11-18 00:00:00+00:00
[2024-11-18T08:45:40.011+0000] {processor.py:183} INFO - Processing /home/airflow/.local/lib/python3.12/site-packages/airflow/example_dags/tutorial.py took 0.083 seconds
[2024-11-18T08:46:10.157+0000] {processor.py:161} INFO - Started process (PID=6159) to work on /home/airflow/.local/lib/python3.12/site-packages/airflow/example_dags/tutorial.py
[2024-11-18T08:46:10.158+0000] {processor.py:830} INFO - Processing file /home/airflow/.local/lib/python3.12/site-packages/airflow/example_dags/tutorial.py for tasks to queue
[2024-11-18T08:46:10.159+0000] {logging_mixin.py:188} INFO - [2024-11-18T08:46:10.159+0000] {dagbag.py:545} INFO - Filling up the DagBag from /home/airflow/.local/lib/python3.12/site-packages/airflow/example_dags/tutorial.py
[2024-11-18T08:46:10.164+0000] {processor.py:840} INFO - DAG(s) 'tutorial' retrieved from /home/airflow/.local/lib/python3.12/site-packages/airflow/example_dags/tutorial.py
[2024-11-18T08:46:10.183+0000] {logging_mixin.py:188} INFO - [2024-11-18T08:46:10.183+0000] {dag.py:3096} INFO - Sync 1 DAGs
[2024-11-18T08:46:10.202+0000] {logging_mixin.py:188} INFO - [2024-11-18T08:46:10.202+0000] {dag.py:3954} INFO - Setting next_dagrun for tutorial to 2024-11-17 00:00:00+00:00, run_after=2024-11-18 00:00:00+00:00
[2024-11-18T08:46:10.226+0000] {processor.py:183} INFO - Processing /home/airflow/.local/lib/python3.12/site-packages/airflow/example_dags/tutorial.py took 0.074 seconds
[2024-11-18T08:46:40.502+0000] {processor.py:161} INFO - Started process (PID=6421) to work on /home/airflow/.local/lib/python3.12/site-packages/airflow/example_dags/tutorial.py
[2024-11-18T08:46:40.503+0000] {processor.py:830} INFO - Processing file /home/airflow/.local/lib/python3.12/site-packages/airflow/example_dags/tutorial.py for tasks to queue
[2024-11-18T08:46:40.505+0000] {logging_mixin.py:188} INFO - [2024-11-18T08:46:40.504+0000] {dagbag.py:545} INFO - Filling up the DagBag from /home/airflow/.local/lib/python3.12/site-packages/airflow/example_dags/tutorial.py
[2024-11-18T08:46:40.510+0000] {processor.py:840} INFO - DAG(s) 'tutorial' retrieved from /home/airflow/.local/lib/python3.12/site-packages/airflow/example_dags/tutorial.py
[2024-11-18T08:46:40.533+0000] {logging_mixin.py:188} INFO - [2024-11-18T08:46:40.533+0000] {dag.py:3096} INFO - Sync 1 DAGs
[2024-11-18T08:46:40.558+0000] {logging_mixin.py:188} INFO - [2024-11-18T08:46:40.558+0000] {dag.py:3954} INFO - Setting next_dagrun for tutorial to 2024-11-17 00:00:00+00:00, run_after=2024-11-18 00:00:00+00:00
[2024-11-18T08:46:40.593+0000] {processor.py:183} INFO - Processing /home/airflow/.local/lib/python3.12/site-packages/airflow/example_dags/tutorial.py took 0.096 seconds
[2024-11-18T08:47:10.808+0000] {processor.py:161} INFO - Started process (PID=6683) to work on /home/airflow/.local/lib/python3.12/site-packages/airflow/example_dags/tutorial.py
[2024-11-18T08:47:10.809+0000] {processor.py:830} INFO - Processing file /home/airflow/.local/lib/python3.12/site-packages/airflow/example_dags/tutorial.py for tasks to queue
[2024-11-18T08:47:10.810+0000] {logging_mixin.py:188} INFO - [2024-11-18T08:47:10.810+0000] {dagbag.py:545} INFO - Filling up the DagBag from /home/airflow/.local/lib/python3.12/site-packages/airflow/example_dags/tutorial.py
[2024-11-18T08:47:10.818+0000] {processor.py:840} INFO - DAG(s) 'tutorial' retrieved from /home/airflow/.local/lib/python3.12/site-packages/airflow/example_dags/tutorial.py
[2024-11-18T08:47:10.838+0000] {logging_mixin.py:188} INFO - [2024-11-18T08:47:10.837+0000] {dag.py:3096} INFO - Sync 1 DAGs
[2024-11-18T08:47:10.856+0000] {logging_mixin.py:188} INFO - [2024-11-18T08:47:10.856+0000] {dag.py:3954} INFO - Setting next_dagrun for tutorial to 2024-11-17 00:00:00+00:00, run_after=2024-11-18 00:00:00+00:00
[2024-11-18T08:47:10.887+0000] {processor.py:183} INFO - Processing /home/airflow/.local/lib/python3.12/site-packages/airflow/example_dags/tutorial.py took 0.084 seconds
[2024-11-18T08:47:41.114+0000] {processor.py:161} INFO - Started process (PID=6945) to work on /home/airflow/.local/lib/python3.12/site-packages/airflow/example_dags/tutorial.py
[2024-11-18T08:47:41.115+0000] {processor.py:830} INFO - Processing file /home/airflow/.local/lib/python3.12/site-packages/airflow/example_dags/tutorial.py for tasks to queue
[2024-11-18T08:47:41.117+0000] {logging_mixin.py:188} INFO - [2024-11-18T08:47:41.117+0000] {dagbag.py:545} INFO - Filling up the DagBag from /home/airflow/.local/lib/python3.12/site-packages/airflow/example_dags/tutorial.py
[2024-11-18T08:47:41.122+0000] {processor.py:840} INFO - DAG(s) 'tutorial' retrieved from /home/airflow/.local/lib/python3.12/site-packages/airflow/example_dags/tutorial.py
[2024-11-18T08:47:41.147+0000] {logging_mixin.py:188} INFO - [2024-11-18T08:47:41.146+0000] {dag.py:3096} INFO - Sync 1 DAGs
[2024-11-18T08:47:41.169+0000] {logging_mixin.py:188} INFO - [2024-11-18T08:47:41.169+0000] {dag.py:3954} INFO - Setting next_dagrun for tutorial to 2024-11-17 00:00:00+00:00, run_after=2024-11-18 00:00:00+00:00
[2024-11-18T08:47:41.192+0000] {processor.py:183} INFO - Processing /home/airflow/.local/lib/python3.12/site-packages/airflow/example_dags/tutorial.py took 0.083 seconds
[2024-11-18T08:48:11.486+0000] {processor.py:161} INFO - Started process (PID=7207) to work on /home/airflow/.local/lib/python3.12/site-packages/airflow/example_dags/tutorial.py
[2024-11-18T08:48:11.488+0000] {processor.py:830} INFO - Processing file /home/airflow/.local/lib/python3.12/site-packages/airflow/example_dags/tutorial.py for tasks to queue
[2024-11-18T08:48:11.490+0000] {logging_mixin.py:188} INFO - [2024-11-18T08:48:11.490+0000] {dagbag.py:545} INFO - Filling up the DagBag from /home/airflow/.local/lib/python3.12/site-packages/airflow/example_dags/tutorial.py
[2024-11-18T08:48:11.495+0000] {processor.py:840} INFO - DAG(s) 'tutorial' retrieved from /home/airflow/.local/lib/python3.12/site-packages/airflow/example_dags/tutorial.py
[2024-11-18T08:48:11.518+0000] {logging_mixin.py:188} INFO - [2024-11-18T08:48:11.517+0000] {dag.py:3096} INFO - Sync 1 DAGs
[2024-11-18T08:48:11.553+0000] {logging_mixin.py:188} INFO - [2024-11-18T08:48:11.552+0000] {dag.py:3954} INFO - Setting next_dagrun for tutorial to 2024-11-17 00:00:00+00:00, run_after=2024-11-18 00:00:00+00:00
[2024-11-18T08:48:11.581+0000] {processor.py:183} INFO - Processing /home/airflow/.local/lib/python3.12/site-packages/airflow/example_dags/tutorial.py took 0.101 seconds
[2024-11-18T08:48:42.098+0000] {processor.py:161} INFO - Started process (PID=7469) to work on /home/airflow/.local/lib/python3.12/site-packages/airflow/example_dags/tutorial.py
[2024-11-18T08:48:42.099+0000] {processor.py:830} INFO - Processing file /home/airflow/.local/lib/python3.12/site-packages/airflow/example_dags/tutorial.py for tasks to queue
[2024-11-18T08:48:42.101+0000] {logging_mixin.py:188} INFO - [2024-11-18T08:48:42.101+0000] {dagbag.py:545} INFO - Filling up the DagBag from /home/airflow/.local/lib/python3.12/site-packages/airflow/example_dags/tutorial.py
[2024-11-18T08:48:42.107+0000] {processor.py:840} INFO - DAG(s) 'tutorial' retrieved from /home/airflow/.local/lib/python3.12/site-packages/airflow/example_dags/tutorial.py
[2024-11-18T08:48:42.127+0000] {logging_mixin.py:188} INFO - [2024-11-18T08:48:42.127+0000] {dag.py:3096} INFO - Sync 1 DAGs
[2024-11-18T08:48:42.149+0000] {logging_mixin.py:188} INFO - [2024-11-18T08:48:42.148+0000] {dag.py:3954} INFO - Setting next_dagrun for tutorial to 2024-11-17 00:00:00+00:00, run_after=2024-11-18 00:00:00+00:00
[2024-11-18T08:48:42.182+0000] {processor.py:183} INFO - Processing /home/airflow/.local/lib/python3.12/site-packages/airflow/example_dags/tutorial.py took 0.089 seconds
[2024-11-18T08:49:12.385+0000] {processor.py:161} INFO - Started process (PID=7731) to work on /home/airflow/.local/lib/python3.12/site-packages/airflow/example_dags/tutorial.py
[2024-11-18T08:49:12.386+0000] {processor.py:830} INFO - Processing file /home/airflow/.local/lib/python3.12/site-packages/airflow/example_dags/tutorial.py for tasks to queue
[2024-11-18T08:49:12.388+0000] {logging_mixin.py:188} INFO - [2024-11-18T08:49:12.388+0000] {dagbag.py:545} INFO - Filling up the DagBag from /home/airflow/.local/lib/python3.12/site-packages/airflow/example_dags/tutorial.py
[2024-11-18T08:49:12.393+0000] {processor.py:840} INFO - DAG(s) 'tutorial' retrieved from /home/airflow/.local/lib/python3.12/site-packages/airflow/example_dags/tutorial.py
[2024-11-18T08:49:12.412+0000] {logging_mixin.py:188} INFO - [2024-11-18T08:49:12.412+0000] {dag.py:3096} INFO - Sync 1 DAGs
[2024-11-18T08:49:12.432+0000] {logging_mixin.py:188} INFO - [2024-11-18T08:49:12.432+0000] {dag.py:3954} INFO - Setting next_dagrun for tutorial to 2024-11-17 00:00:00+00:00, run_after=2024-11-18 00:00:00+00:00
[2024-11-18T08:49:12.461+0000] {processor.py:183} INFO - Processing /home/airflow/.local/lib/python3.12/site-packages/airflow/example_dags/tutorial.py took 0.081 seconds
[2024-11-18T08:49:42.556+0000] {processor.py:161} INFO - Started process (PID=7988) to work on /home/airflow/.local/lib/python3.12/site-packages/airflow/example_dags/tutorial.py
[2024-11-18T08:49:42.557+0000] {processor.py:830} INFO - Processing file /home/airflow/.local/lib/python3.12/site-packages/airflow/example_dags/tutorial.py for tasks to queue
[2024-11-18T08:49:42.559+0000] {logging_mixin.py:188} INFO - [2024-11-18T08:49:42.559+0000] {dagbag.py:545} INFO - Filling up the DagBag from /home/airflow/.local/lib/python3.12/site-packages/airflow/example_dags/tutorial.py
[2024-11-18T08:49:42.566+0000] {processor.py:840} INFO - DAG(s) 'tutorial' retrieved from /home/airflow/.local/lib/python3.12/site-packages/airflow/example_dags/tutorial.py
[2024-11-18T08:49:42.593+0000] {logging_mixin.py:188} INFO - [2024-11-18T08:49:42.592+0000] {dag.py:3096} INFO - Sync 1 DAGs
[2024-11-18T08:49:42.617+0000] {logging_mixin.py:188} INFO - [2024-11-18T08:49:42.617+0000] {dag.py:3954} INFO - Setting next_dagrun for tutorial to 2024-11-17 00:00:00+00:00, run_after=2024-11-18 00:00:00+00:00
[2024-11-18T08:49:42.640+0000] {processor.py:183} INFO - Processing /home/airflow/.local/lib/python3.12/site-packages/airflow/example_dags/tutorial.py took 0.093 seconds
[2024-11-18T08:50:12.694+0000] {processor.py:161} INFO - Started process (PID=8247) to work on /home/airflow/.local/lib/python3.12/site-packages/airflow/example_dags/tutorial.py
[2024-11-18T08:50:12.695+0000] {processor.py:830} INFO - Processing file /home/airflow/.local/lib/python3.12/site-packages/airflow/example_dags/tutorial.py for tasks to queue
[2024-11-18T08:50:12.697+0000] {logging_mixin.py:188} INFO - [2024-11-18T08:50:12.697+0000] {dagbag.py:545} INFO - Filling up the DagBag from /home/airflow/.local/lib/python3.12/site-packages/airflow/example_dags/tutorial.py
[2024-11-18T08:50:12.702+0000] {processor.py:840} INFO - DAG(s) 'tutorial' retrieved from /home/airflow/.local/lib/python3.12/site-packages/airflow/example_dags/tutorial.py
[2024-11-18T08:50:12.719+0000] {logging_mixin.py:188} INFO - [2024-11-18T08:50:12.719+0000] {dag.py:3096} INFO - Sync 1 DAGs
[2024-11-18T08:50:12.737+0000] {logging_mixin.py:188} INFO - [2024-11-18T08:50:12.736+0000] {dag.py:3954} INFO - Setting next_dagrun for tutorial to 2024-11-17 00:00:00+00:00, run_after=2024-11-18 00:00:00+00:00
[2024-11-18T08:50:12.761+0000] {processor.py:183} INFO - Processing /home/airflow/.local/lib/python3.12/site-packages/airflow/example_dags/tutorial.py took 0.072 seconds
[2024-11-18T08:50:43.249+0000] {processor.py:161} INFO - Started process (PID=8513) to work on /home/airflow/.local/lib/python3.12/site-packages/airflow/example_dags/tutorial.py
[2024-11-18T08:50:43.250+0000] {processor.py:830} INFO - Processing file /home/airflow/.local/lib/python3.12/site-packages/airflow/example_dags/tutorial.py for tasks to queue
[2024-11-18T08:50:43.253+0000] {logging_mixin.py:188} INFO - [2024-11-18T08:50:43.252+0000] {dagbag.py:545} INFO - Filling up the DagBag from /home/airflow/.local/lib/python3.12/site-packages/airflow/example_dags/tutorial.py
[2024-11-18T08:50:43.258+0000] {processor.py:840} INFO - DAG(s) 'tutorial' retrieved from /home/airflow/.local/lib/python3.12/site-packages/airflow/example_dags/tutorial.py
[2024-11-18T08:50:43.279+0000] {logging_mixin.py:188} INFO - [2024-11-18T08:50:43.278+0000] {dag.py:3096} INFO - Sync 1 DAGs
[2024-11-18T08:50:43.310+0000] {logging_mixin.py:188} INFO - [2024-11-18T08:50:43.309+0000] {dag.py:3954} INFO - Setting next_dagrun for tutorial to 2024-11-17 00:00:00+00:00, run_after=2024-11-18 00:00:00+00:00
[2024-11-18T08:50:43.358+0000] {processor.py:183} INFO - Processing /home/airflow/.local/lib/python3.12/site-packages/airflow/example_dags/tutorial.py took 0.116 seconds
[2024-11-18T08:51:13.720+0000] {processor.py:161} INFO - Started process (PID=8777) to work on /home/airflow/.local/lib/python3.12/site-packages/airflow/example_dags/tutorial.py
[2024-11-18T08:51:13.721+0000] {processor.py:830} INFO - Processing file /home/airflow/.local/lib/python3.12/site-packages/airflow/example_dags/tutorial.py for tasks to queue
[2024-11-18T08:51:13.723+0000] {logging_mixin.py:188} INFO - [2024-11-18T08:51:13.723+0000] {dagbag.py:545} INFO - Filling up the DagBag from /home/airflow/.local/lib/python3.12/site-packages/airflow/example_dags/tutorial.py
[2024-11-18T08:51:13.731+0000] {processor.py:840} INFO - DAG(s) 'tutorial' retrieved from /home/airflow/.local/lib/python3.12/site-packages/airflow/example_dags/tutorial.py
[2024-11-18T08:51:13.751+0000] {logging_mixin.py:188} INFO - [2024-11-18T08:51:13.751+0000] {dag.py:3096} INFO - Sync 1 DAGs
[2024-11-18T08:51:13.773+0000] {logging_mixin.py:188} INFO - [2024-11-18T08:51:13.772+0000] {dag.py:3954} INFO - Setting next_dagrun for tutorial to 2024-11-17 00:00:00+00:00, run_after=2024-11-18 00:00:00+00:00
[2024-11-18T08:51:13.806+0000] {processor.py:183} INFO - Processing /home/airflow/.local/lib/python3.12/site-packages/airflow/example_dags/tutorial.py took 0.092 seconds
[2024-11-18T08:51:43.874+0000] {processor.py:161} INFO - Started process (PID=9037) to work on /home/airflow/.local/lib/python3.12/site-packages/airflow/example_dags/tutorial.py
[2024-11-18T08:51:43.875+0000] {processor.py:830} INFO - Processing file /home/airflow/.local/lib/python3.12/site-packages/airflow/example_dags/tutorial.py for tasks to queue
[2024-11-18T08:51:43.877+0000] {logging_mixin.py:188} INFO - [2024-11-18T08:51:43.876+0000] {dagbag.py:545} INFO - Filling up the DagBag from /home/airflow/.local/lib/python3.12/site-packages/airflow/example_dags/tutorial.py
[2024-11-18T08:51:43.882+0000] {processor.py:840} INFO - DAG(s) 'tutorial' retrieved from /home/airflow/.local/lib/python3.12/site-packages/airflow/example_dags/tutorial.py
[2024-11-18T08:51:43.901+0000] {logging_mixin.py:188} INFO - [2024-11-18T08:51:43.901+0000] {dag.py:3096} INFO - Sync 1 DAGs
[2024-11-18T08:51:43.920+0000] {logging_mixin.py:188} INFO - [2024-11-18T08:51:43.920+0000] {dag.py:3954} INFO - Setting next_dagrun for tutorial to 2024-11-17 00:00:00+00:00, run_after=2024-11-18 00:00:00+00:00
[2024-11-18T08:51:43.949+0000] {processor.py:183} INFO - Processing /home/airflow/.local/lib/python3.12/site-packages/airflow/example_dags/tutorial.py took 0.080 seconds
[2024-11-18T08:52:14.569+0000] {processor.py:161} INFO - Started process (PID=9301) to work on /home/airflow/.local/lib/python3.12/site-packages/airflow/example_dags/tutorial.py
[2024-11-18T08:52:14.570+0000] {processor.py:830} INFO - Processing file /home/airflow/.local/lib/python3.12/site-packages/airflow/example_dags/tutorial.py for tasks to queue
[2024-11-18T08:52:14.572+0000] {logging_mixin.py:188} INFO - [2024-11-18T08:52:14.572+0000] {dagbag.py:545} INFO - Filling up the DagBag from /home/airflow/.local/lib/python3.12/site-packages/airflow/example_dags/tutorial.py
[2024-11-18T08:52:14.577+0000] {processor.py:840} INFO - DAG(s) 'tutorial' retrieved from /home/airflow/.local/lib/python3.12/site-packages/airflow/example_dags/tutorial.py
[2024-11-18T08:52:14.596+0000] {logging_mixin.py:188} INFO - [2024-11-18T08:52:14.596+0000] {dag.py:3096} INFO - Sync 1 DAGs
[2024-11-18T08:52:14.616+0000] {logging_mixin.py:188} INFO - [2024-11-18T08:52:14.616+0000] {dag.py:3954} INFO - Setting next_dagrun for tutorial to 2024-11-17 00:00:00+00:00, run_after=2024-11-18 00:00:00+00:00
[2024-11-18T08:52:14.647+0000] {processor.py:183} INFO - Processing /home/airflow/.local/lib/python3.12/site-packages/airflow/example_dags/tutorial.py took 0.083 seconds
[2024-11-18T08:52:46.061+0000] {processor.py:161} INFO - Started process (PID=9567) to work on /home/airflow/.local/lib/python3.12/site-packages/airflow/example_dags/tutorial.py
[2024-11-18T08:52:46.062+0000] {processor.py:830} INFO - Processing file /home/airflow/.local/lib/python3.12/site-packages/airflow/example_dags/tutorial.py for tasks to queue
[2024-11-18T08:52:46.064+0000] {logging_mixin.py:188} INFO - [2024-11-18T08:52:46.064+0000] {dagbag.py:545} INFO - Filling up the DagBag from /home/airflow/.local/lib/python3.12/site-packages/airflow/example_dags/tutorial.py
[2024-11-18T08:52:46.069+0000] {processor.py:840} INFO - DAG(s) 'tutorial' retrieved from /home/airflow/.local/lib/python3.12/site-packages/airflow/example_dags/tutorial.py
[2024-11-18T08:52:46.088+0000] {logging_mixin.py:188} INFO - [2024-11-18T08:52:46.088+0000] {dag.py:3096} INFO - Sync 1 DAGs
[2024-11-18T08:52:46.108+0000] {logging_mixin.py:188} INFO - [2024-11-18T08:52:46.108+0000] {dag.py:3954} INFO - Setting next_dagrun for tutorial to 2024-11-17 00:00:00+00:00, run_after=2024-11-18 00:00:00+00:00
[2024-11-18T08:52:46.137+0000] {processor.py:183} INFO - Processing /home/airflow/.local/lib/python3.12/site-packages/airflow/example_dags/tutorial.py took 0.081 seconds
