[2024-11-27T04:03:31.309+0000] {local_task_job_runner.py:120} INFO - ::group::Pre task execution logs
[2024-11-27T04:03:31.344+0000] {taskinstance.py:2076} INFO - Dependencies all met for dep_context=non-requeueable deps ti=<TaskInstance: amazon_recommendation_pipeline.extract_data manual__2024-11-27T04:03:29.936937+00:00 [queued]>
[2024-11-27T04:03:31.351+0000] {taskinstance.py:2076} INFO - Dependencies all met for dep_context=requeueable deps ti=<TaskInstance: amazon_recommendation_pipeline.extract_data manual__2024-11-27T04:03:29.936937+00:00 [queued]>
[2024-11-27T04:03:31.351+0000] {taskinstance.py:2306} INFO - Starting attempt 1 of 4
[2024-11-27T04:03:31.363+0000] {taskinstance.py:2330} INFO - Executing <Task(PythonOperator): extract_data> on 2024-11-27 04:03:29.936937+00:00
[2024-11-27T04:03:31.371+0000] {standard_task_runner.py:90} INFO - Running: ['***', 'tasks', 'run', 'amazon_recommendation_pipeline', 'extract_data', 'manual__2024-11-27T04:03:29.936937+00:00', '--job-id', '81', '--raw', '--subdir', 'DAGS_FOLDER/amazon_recommendation_dag.py', '--cfg-path', '/tmp/tmpuzqg_umu']
[2024-11-27T04:03:31.372+0000] {standard_task_runner.py:91} INFO - Job 81: Subtask extract_data
[2024-11-27T04:03:31.374+0000] {logging_mixin.py:188} WARNING - /home/***/.local/lib/python3.12/site-packages/***/task/task_runner/standard_task_runner.py:61 DeprecationWarning: This process (pid=2410) is multi-threaded, use of fork() may lead to deadlocks in the child.
[2024-11-27T04:03:31.375+0000] {standard_task_runner.py:63} INFO - Started process 2414 to run task
[2024-11-27T04:03:31.412+0000] {task_command.py:426} INFO - Running <TaskInstance: amazon_recommendation_pipeline.extract_data manual__2024-11-27T04:03:29.936937+00:00 [running]> on host bece637e0b85
[2024-11-27T04:03:31.481+0000] {taskinstance.py:2648} INFO - Exporting env vars: AIRFLOW_CTX_DAG_OWNER='***' AIRFLOW_CTX_DAG_ID='amazon_recommendation_pipeline' AIRFLOW_CTX_TASK_ID='extract_data' AIRFLOW_CTX_EXECUTION_DATE='2024-11-27T04:03:29.936937+00:00' AIRFLOW_CTX_TRY_NUMBER='1' AIRFLOW_CTX_DAG_RUN_ID='manual__2024-11-27T04:03:29.936937+00:00'
[2024-11-27T04:03:31.483+0000] {taskinstance.py:430} INFO - ::endgroup::
[2024-11-27T04:03:31.484+0000] {scraper_task.py:45} INFO - Attempt 1: Fetching URL https://www.amazon.com/s?k=laptops
[2024-11-27T04:03:34.712+0000] {scraper_task.py:89} INFO - Scraped 29 products. Data saved to /opt/***/dags/tasks/raw_data_20241127_040334.json.
[2024-11-27T04:03:34.713+0000] {python.py:237} INFO - Done. Returned value was: /opt/***/dags/tasks/raw_data_20241127_040334.json
[2024-11-27T04:03:34.714+0000] {taskinstance.py:441} INFO - ::group::Post task execution logs
[2024-11-27T04:03:34.731+0000] {taskinstance.py:1206} INFO - Marking task as SUCCESS. dag_id=amazon_recommendation_pipeline, task_id=extract_data, run_id=manual__2024-11-27T04:03:29.936937+00:00, execution_date=20241127T040329, start_date=20241127T040331, end_date=20241127T040334
[2024-11-27T04:03:34.759+0000] {local_task_job_runner.py:240} INFO - Task exited with return code 0
[2024-11-27T04:03:34.778+0000] {taskinstance.py:3503} INFO - 1 downstream tasks scheduled from follow-on schedule check
[2024-11-27T04:03:34.780+0000] {local_task_job_runner.py:222} INFO - ::endgroup::
